{"target": -359.9030313054742, "params": {"a_c_1": 0.0, "a_c_2": 10.0, "a_mm_0": -40.0, "a_mm_1": 20.0, "a_mm_2": -40.0, "a_mm_3": 20.0, "a_mm_4": 20.0, "a_mp_0": 20.0, "a_mp_1": 20.0, "a_mp_2": 20.0, "a_mp_3": 20.0, "a_mp_4": 20.0, "a_pm_0": -40.0, "a_pm_1": 20.0, "a_pm_2": 20.0, "a_pm_3": -30.445500698566462, "a_pm_4": 20.0, "a_pp_1": 20.0, "a_pp_2": 20.0, "a_pp_3": 20.0, "a_pp_4": -4.545286044545741}, "datetime": {"datetime": "2024-07-11 00:32:37", "elapsed": 28690.647475, "delta": 692.511284}}
{"target": -10431.250136579845, "params": {"a_c_1": 20.0, "a_c_2": 0.0, "a_mm_0": 20.0, "a_mm_1": 20.0, "a_mm_2": 20.0, "a_mm_3": 20.0, "a_mm_4": 20.0, "a_mp_0": 20.0, "a_mp_1": 20.0, "a_mp_2": 20.0, "a_mp_3": 20.0, "a_mp_4": -40.0, "a_pm_0": 20.0, "a_pm_1": 20.0, "a_pm_2": 20.0, "a_pm_3": 20.0, "a_pm_4": 20.0, "a_pp_1": 20.0, "a_pp_2": 20.0, "a_pp_3": -40.0, "a_pp_4": 20.0}, "datetime": {"datetime": "2024-07-11 00:43:36", "elapsed": 29350.199896, "delta": 659.552421}}
{"target": -1574.5694034539542, "params": {"a_c_1": 0.0, "a_c_2": 10.0, "a_mm_0": -40.0, "a_mm_1": -40.0, "a_mm_2": 20.0, "a_mm_3": 20.0, "a_mm_4": 20.0, "a_mp_0": 20.0, "a_mp_1": 20.0, "a_mp_2": 8.626524930276133, "a_mp_3": -40.0, "a_mp_4": 20.0, "a_pm_0": 20.0, "a_pm_1": 20.0, "a_pm_2": 20.0, "a_pm_3": -1.7861125230534518, "a_pm_4": 20.0, "a_pp_1": 20.0, "a_pp_2": 20.0, "a_pp_3": 20.0, "a_pp_4": -4.482847024814974}, "datetime": {"datetime": "2024-07-11 00:47:48", "elapsed": 29601.730856, "delta": 251.53096}}
{"target": -521.1977227327891, "params": {"a_c_1": 0.0, "a_c_2": 10.0, "a_mm_0": -40.0, "a_mm_1": 20.0, "a_mm_2": 20.0, "a_mm_3": 20.0, "a_mm_4": 20.0, "a_mp_0": 20.0, "a_mp_1": 20.0, "a_mp_2": 20.0, "a_mp_3": 20.0, "a_mp_4": 20.0, "a_pm_0": 20.0, "a_pm_1": 20.0, "a_pm_2": 20.0, "a_pm_3": -40.0, "a_pm_4": 20.0, "a_pp_1": -40.0, "a_pp_2": 20.0, "a_pp_3": 20.0, "a_pp_4": 20.0}, "datetime": {"datetime": "2024-07-11 00:58:46", "elapsed": 30260.163353, "delta": 658.432497}}
{"target": -742.6963984873578, "params": {"a_c_1": 0.0, "a_c_2": 10.0, "a_mm_0": -40.0, "a_mm_1": -40.0, "a_mm_2": 20.0, "a_mm_3": 20.0, "a_mm_4": 20.0, "a_mp_0": 20.0, "a_mp_1": 20.0, "a_mp_2": 20.0, "a_mp_3": -30.45362670213638, "a_mp_4": 20.0, "a_pm_0": 20.0, "a_pm_1": 12.816909548281055, "a_pm_2": -40.0, "a_pm_3": -1.4006277980711366, "a_pm_4": 20.0, "a_pp_1": 20.0, "a_pp_2": 20.0, "a_pp_3": 20.0, "a_pp_4": 20.0}, "datetime": {"datetime": "2024-07-10 16:39:14", "elapsed": 0.0, "delta": 0.0}}
{"target": -329.32389671256846, "params": {"a_c_1": 20.0, "a_c_2": 0.0, "a_mm_0": 20.0, "a_mm_1": -40.0, "a_mm_2": 20.0, "a_mm_3": 20.0, "a_mm_4": 17.04564884059488, "a_mp_0": 20.0, "a_mp_1": 20.0, "a_mp_2": -38.64568640384944, "a_mp_3": -40.0, "a_mp_4": -11.988472774976119, "a_pm_0": 20.0, "a_pm_1": 20.0, "a_pm_2": 10.843728945016753, "a_pm_3": 20.0, "a_pm_4": 20.0, "a_pp_1": 20.0, "a_pp_2": 20.0, "a_pp_3": 20.0, "a_pp_4": 20.0}, "datetime": {"datetime": "2024-07-10 16:51:19", "elapsed": 725.557372, "delta": 725.557372}}
{"target": -505.9550902744425, "params": {"a_c_1": 0.0, "a_c_2": 0.0, "a_mm_0": -40.0, "a_mm_1": 20.0, "a_mm_2": 20.0, "a_mm_3": 20.0, "a_mm_4": 20.0, "a_mp_0": -40.0, "a_mp_1": 20.0, "a_mp_2": 20.0, "a_mp_3": 20.0, "a_mp_4": 20.0, "a_pm_0": -40.0, "a_pm_1": 20.0, "a_pm_2": 20.0, "a_pm_3": 20.0, "a_pm_4": 20.0, "a_pp_1": 20.0, "a_pp_2": -40.0, "a_pp_3": -5.093400003684623, "a_pp_4": 20.0}, "datetime": {"datetime": "2024-07-10 17:03:59", "elapsed": 1484.941478, "delta": 759.384106}}
{"target": -1354.8536154059575, "params": {"a_c_1": 20.0, "a_c_2": 10.0, "a_mm_0": -40.0, "a_mm_1": 20.0, "a_mm_2": -40.0, "a_mm_3": 20.0, "a_mm_4": 20.0, "a_mp_0": -40.0, "a_mp_1": 20.0, "a_mp_2": 20.0, "a_mp_3": 20.0, "a_mp_4": 20.0, "a_pm_0": -40.0, "a_pm_1": 20.0, "a_pm_2": 20.0, "a_pm_3": -2.743568990029716, "a_pm_4": -31.618518021442135, "a_pp_1": 20.0, "a_pp_2": 20.0, "a_pp_3": 20.0, "a_pp_4": 20.0}, "datetime": {"datetime": "2024-07-10 17:14:26", "elapsed": 2112.055562, "delta": 627.114084}}
{"target": -313.5241966177961, "params": {"a_c_1": 0.0, "a_c_2": 0.0, "a_mm_0": -40.0, "a_mm_1": 20.0, "a_mm_2": 20.0, "a_mm_3": 20.0, "a_mm_4": 20.0, "a_mp_0": 20.0, "a_mp_1": 20.0, "a_mp_2": 20.0, "a_mp_3": -20.440380435469095, "a_mp_4": 20.0, "a_pm_0": 20.0, "a_pm_1": 20.0, "a_pm_2": 20.0, "a_pm_3": -8.524825658590677, "a_pm_4": 20.0, "a_pp_1": 20.0, "a_pp_2": -40.0, "a_pp_3": 20.0, "a_pp_4": 20.0}, "datetime": {"datetime": "2024-07-10 17:29:40", "elapsed": 3026.773944, "delta": 914.718382}}
{"target": -1048.6496981989453, "params": {"a_c_1": 20.0, "a_c_2": 0.0, "a_mm_0": 20.0, "a_mm_1": 20.0, "a_mm_2": -40.0, "a_mm_3": 20.0, "a_mm_4": 20.0, "a_mp_0": -40.0, "a_mp_1": 20.0, "a_mp_2": 20.0, "a_mp_3": 20.0, "a_mp_4": -26.303427718666107, "a_pm_0": -40.0, "a_pm_1": 20.0, "a_pm_2": -3.0657923175404242, "a_pm_3": 16.961466522831433, "a_pm_4": 20.0, "a_pp_1": -40.0, "a_pp_2": 20.0, "a_pp_3": 20.0, "a_pp_4": 20.0}, "datetime": {"datetime": "2024-07-10 17:39:15", "elapsed": 3600.946272, "delta": 574.172328}}
{"target": -432.55899665593796, "params": {"a_c_1": 20.0, "a_c_2": 0.0, "a_mm_0": 20.0, "a_mm_1": -40.0, "a_mm_2": 20.0, "a_mm_3": 20.0, "a_mm_4": 2.883605792883558, "a_mp_0": -40.0, "a_mp_1": -40.0, "a_mp_2": -40.0, "a_mp_3": 20.0, "a_mp_4": 20.0, "a_pm_0": 20.0, "a_pm_1": 20.0, "a_pm_2": 20.0, "a_pm_3": 20.0, "a_pm_4": 13.13310768504229, "a_pp_1": 20.0, "a_pp_2": 20.0, "a_pp_3": 20.0, "a_pp_4": 20.0}, "datetime": {"datetime": "2024-07-10 17:53:38", "elapsed": 4464.34225, "delta": 863.395978}}
{"target": -10182.502648106793, "params": {"a_c_1": 0.0, "a_c_2": 0.0, "a_mm_0": -40.0, "a_mm_1": 20.0, "a_mm_2": 20.0, "a_mm_3": 20.0, "a_mm_4": 20.0, "a_mp_0": -40.0, "a_mp_1": 20.0, "a_mp_2": 20.0, "a_mp_3": 20.0, "a_mp_4": 20.0, "a_pm_0": 20.0, "a_pm_1": 20.0, "a_pm_2": -40.0, "a_pm_3": 5.913741321387378, "a_pm_4": 20.0, "a_pp_1": 20.0, "a_pp_2": -37.94654658512561, "a_pp_3": 20.0, "a_pp_4": 20.0}, "datetime": {"datetime": "2024-07-10 18:01:46", "elapsed": 4952.597095, "delta": 488.254845}}
{"target": -7557.035616962162, "params": {"a_c_1": 20.0, "a_c_2": 10.0, "a_mm_0": 20.0, "a_mm_1": 20.0, "a_mm_2": 20.0, "a_mm_3": -40.0, "a_mm_4": 20.0, "a_mp_0": 20.0, "a_mp_1": 20.0, "a_mp_2": 20.0, "a_mp_3": -40.0, "a_mp_4": 20.0, "a_pm_0": 20.0, "a_pm_1": 20.0, "a_pm_2": -29.706476036929445, "a_pm_3": 20.0, "a_pm_4": -5.306831707809369, "a_pp_1": 20.0, "a_pp_2": 20.0, "a_pp_3": 20.0, "a_pp_4": 20.0}, "datetime": {"datetime": "2024-07-10 18:05:05", "elapsed": 5151.657003, "delta": 199.059908}}
{"target": -595.6430588116111, "params": {"a_c_1": 20.0, "a_c_2": 10.0, "a_mm_0": 20.0, "a_mm_1": -40.0, "a_mm_2": -40.0, "a_mm_3": 20.0, "a_mm_4": 20.0, "a_mp_0": 20.0, "a_mp_1": 20.0, "a_mp_2": 20.0, "a_mp_3": 20.0, "a_mp_4": -6.388757193857462, "a_pm_0": 20.0, "a_pm_1": 20.0, "a_pm_2": -40.0, "a_pm_3": -3.414017972927405, "a_pm_4": 20.0, "a_pp_1": 20.0, "a_pp_2": 20.0, "a_pp_3": 20.0, "a_pp_4": 20.0}, "datetime": {"datetime": "2024-07-10 18:19:48", "elapsed": 6034.343162, "delta": 882.686159}}
{"target": -2196.124328063113, "params": {"a_c_1": 20.0, "a_c_2": 0.0, "a_mm_0": 20.0, "a_mm_1": -40.0, "a_mm_2": 20.0, "a_mm_3": 20.0, "a_mm_4": 20.0, "a_mp_0": -40.0, "a_mp_1": -26.143097589288622, "a_mp_2": 20.0, "a_mp_3": 20.0, "a_mp_4": 20.0, "a_pm_0": 20.0, "a_pm_1": 20.0, "a_pm_2": 20.0, "a_pm_3": 6.560138049426052, "a_pm_4": 20.0, "a_pp_1": 20.0, "a_pp_2": -38.23888334605923, "a_pp_3": 20.0, "a_pp_4": 20.0}, "datetime": {"datetime": "2024-07-10 18:31:52", "elapsed": 6758.18325, "delta": 723.840088}}
{"target": -200.92270417025455, "params": {"a_c_1": 0.0, "a_c_2": 10.0, "a_mm_0": -40.0, "a_mm_1": 20.0, "a_mm_2": 20.0, "a_mm_3": -33.73369851587513, "a_mm_4": 20.0, "a_mp_0": 20.0, "a_mp_1": 20.0, "a_mp_2": 20.0, "a_mp_3": -1.311020701407389, "a_mp_4": 14.314419877606632, "a_pm_0": 20.0, "a_pm_1": -40.0, "a_pm_2": -40.0, "a_pm_3": 20.0, "a_pm_4": 20.0, "a_pp_1": 20.0, "a_pp_2": 20.0, "a_pp_3": 20.0, "a_pp_4": 20.0}, "datetime": {"datetime": "2024-07-10 18:46:33", "elapsed": 7639.525666, "delta": 881.342416}}
{"target": -1969.4956118440607, "params": {"a_c_1": 20.0, "a_c_2": 0.0, "a_mm_0": -40.0, "a_mm_1": 20.0, "a_mm_2": -40.0, "a_mm_3": 20.0, "a_mm_4": 20.0, "a_mp_0": 20.0, "a_mp_1": 20.0, "a_mp_2": 20.0, "a_mp_3": 20.0, "a_mp_4": -21.920792560743372, "a_pm_0": -40.0, "a_pm_1": 3.377192604781121, "a_pm_2": -40.0, "a_pm_3": 20.0, "a_pm_4": 20.0, "a_pp_1": 20.0, "a_pp_2": 20.0, "a_pp_3": 20.0, "a_pp_4": 20.0}, "datetime": {"datetime": "2024-07-10 18:57:00", "elapsed": 8266.402984, "delta": 626.877318}}
{"target": -2680.0159031810367, "params": {"a_c_1": 20.0, "a_c_2": 0.0, "a_mm_0": 20.0, "a_mm_1": 20.0, "a_mm_2": 20.0, "a_mm_3": 20.0, "a_mm_4": 20.0, "a_mp_0": -40.0, "a_mp_1": -20.063319196180373, "a_mp_2": 20.0, "a_mp_3": 20.0, "a_mp_4": 3.333414803876616, "a_pm_0": -40.0, "a_pm_1": 20.0, "a_pm_2": 20.0, "a_pm_3": 20.0, "a_pm_4": -8.197191607597869, "a_pp_1": 20.0, "a_pp_2": -5.735567137764034, "a_pp_3": -26.746801123123284, "a_pp_4": 20.0}, "datetime": {"datetime": "2024-07-10 19:06:40", "elapsed": 8846.813073, "delta": 580.410089}}
{"target": -1582.64048007749, "params": {"a_c_1": 0.0, "a_c_2": 10.0, "a_mm_0": 20.0, "a_mm_1": -40.0, "a_mm_2": 20.0, "a_mm_3": 20.0, "a_mm_4": 20.0, "a_mp_0": 20.0, "a_mp_1": 20.0, "a_mp_2": 20.0, "a_mp_3": -40.0, "a_mp_4": -25.93390850184475, "a_pm_0": 20.0, "a_pm_1": 0.3963935252574196, "a_pm_2": -18.672315204563827, "a_pm_3": 20.0, "a_pm_4": 20.0, "a_pp_1": -40.0, "a_pp_2": 20.0, "a_pp_3": 20.0, "a_pp_4": 20.0}, "datetime": {"datetime": "2024-07-10 19:21:29", "elapsed": 9735.101184, "delta": 888.288111}}
{"target": -3496.662340729556, "params": {"a_c_1": 20.0, "a_c_2": 10.0, "a_mm_0": 20.0, "a_mm_1": 20.0, "a_mm_2": 20.0, "a_mm_3": -7.922885307004904, "a_mm_4": -10.972029679588386, "a_mp_0": 20.0, "a_mp_1": 20.0, "a_mp_2": -40.0, "a_mp_3": -28.524157533500677, "a_mp_4": -14.983666570420182, "a_pm_0": 20.0, "a_pm_1": -40.0, "a_pm_2": 19.567042991911887, "a_pm_3": 10.10668708628289, "a_pm_4": 20.0, "a_pp_1": 20.0, "a_pp_2": 20.0, "a_pp_3": 20.0, "a_pp_4": 20.0}, "datetime": {"datetime": "2024-07-10 19:26:10", "elapsed": 10016.78116, "delta": 281.679976}}
{"target": -2326.9747845491393, "params": {"a_c_1": 20.0, "a_c_2": 0.0, "a_mm_0": -40.0, "a_mm_1": -40.0, "a_mm_2": 20.0, "a_mm_3": 20.0, "a_mm_4": 20.0, "a_mp_0": -40.0, "a_mp_1": -40.0, "a_mp_2": 20.0, "a_mp_3": 20.0, "a_mp_4": 20.0, "a_pm_0": -40.0, "a_pm_1": -40.0, "a_pm_2": 20.0, "a_pm_3": 18.060752127202605, "a_pm_4": 20.0, "a_pp_1": 20.0, "a_pp_2": 20.0, "a_pp_3": 20.0, "a_pp_4": 11.818087978979774}, "datetime": {"datetime": "2024-07-10 19:46:11", "elapsed": 11217.250157, "delta": 1200.468997}}
{"target": -381.37110502038576, "params": {"a_c_1": 20.0, "a_c_2": 10.0, "a_mm_0": -40.0, "a_mm_1": 20.0, "a_mm_2": -40.0, "a_mm_3": 20.0, "a_mm_4": 20.0, "a_mp_0": 20.0, "a_mp_1": 20.0, "a_mp_2": 20.0, "a_mp_3": 20.0, "a_mp_4": 20.0, "a_pm_0": 20.0, "a_pm_1": 20.0, "a_pm_2": -40.0, "a_pm_3": -30.031671426152055, "a_pm_4": 20.0, "a_pp_1": 20.0, "a_pp_2": 20.0, "a_pp_3": 20.0, "a_pp_4": 20.0}, "datetime": {"datetime": "2024-07-10 20:01:08", "elapsed": 12114.332926, "delta": 897.082769}}
{"target": -888.5933966409773, "params": {"a_c_1": 20.0, "a_c_2": 0.0, "a_mm_0": -40.0, "a_mm_1": 20.0, "a_mm_2": 20.0, "a_mm_3": -40.0, "a_mm_4": 20.0, "a_mp_0": 20.0, "a_mp_1": 20.0, "a_mp_2": -40.0, "a_mp_3": 20.0, "a_mp_4": 20.0, "a_pm_0": 20.0, "a_pm_1": 20.0, "a_pm_2": 20.0, "a_pm_3": 20.0, "a_pm_4": 20.0, "a_pp_1": 20.0, "a_pp_2": 20.0, "a_pp_3": 20.0, "a_pp_4": 13.77427149844092}, "datetime": {"datetime": "2024-07-10 20:11:03", "elapsed": 12708.947932, "delta": 594.615006}}
{"target": -371.5869603825736, "params": {"a_c_1": 20.0, "a_c_2": 0.0, "a_mm_0": 20.0, "a_mm_1": -40.0, "a_mm_2": 20.0, "a_mm_3": 20.0, "a_mm_4": 20.0, "a_mp_0": -40.0, "a_mp_1": 20.0, "a_mp_2": 20.0, "a_mp_3": 20.0, "a_mp_4": 20.0, "a_pm_0": -40.0, "a_pm_1": 0.46381893317930656, "a_pm_2": 20.0, "a_pm_3": -2.5107874320998538, "a_pm_4": 20.0, "a_pp_1": -40.0, "a_pp_2": 20.0, "a_pp_3": 20.0, "a_pp_4": 20.0}, "datetime": {"datetime": "2024-07-10 20:30:41", "elapsed": 13887.813314, "delta": 1178.865382}}
{"target": -6877.5229830504395, "params": {"a_c_1": 0.0, "a_c_2": 0.0, "a_mm_0": -40.0, "a_mm_1": 20.0, "a_mm_2": 20.0, "a_mm_3": 20.0, "a_mm_4": 20.0, "a_mp_0": 20.0, "a_mp_1": 20.0, "a_mp_2": 20.0, "a_mp_3": 6.460455197957461, "a_mp_4": -40.0, "a_pm_0": -40.0, "a_pm_1": 20.0, "a_pm_2": 20.0, "a_pm_3": 20.0, "a_pm_4": 20.0, "a_pp_1": 20.0, "a_pp_2": -11.69516199964151, "a_pp_3": -34.578479815275784, "a_pp_4": 20.0}, "datetime": {"datetime": "2024-07-10 20:41:04", "elapsed": 14510.642994, "delta": 622.82968}}
{"target": -822.6571728132523, "params": {"a_c_1": 0.0, "a_c_2": 0.0, "a_mm_0": -40.0, "a_mm_1": -40.0, "a_mm_2": 20.0, "a_mm_3": 20.0, "a_mm_4": 20.0, "a_mp_0": 20.0, "a_mp_1": 20.0, "a_mp_2": 20.0, "a_mp_3": 20.0, "a_mp_4": 20.0, "a_pm_0": 20.0, "a_pm_1": 20.0, "a_pm_2": 20.0, "a_pm_3": -40.0, "a_pm_4": 20.0, "a_pp_1": 20.0, "a_pp_2": 20.0, "a_pp_3": 20.0, "a_pp_4": 20.0}, "datetime": {"datetime": "2024-07-10 20:53:13", "elapsed": 15239.633071, "delta": 728.990077}}
{"target": -3492.9489363210887, "params": {"a_c_1": 0.0, "a_c_2": 10.0, "a_mm_0": -40.0, "a_mm_1": 20.0, "a_mm_2": 20.0, "a_mm_3": 20.0, "a_mm_4": 20.0, "a_mp_0": 20.0, "a_mp_1": 20.0, "a_mp_2": -40.0, "a_mp_3": -38.72966177633178, "a_mp_4": 20.0, "a_pm_0": 20.0, "a_pm_1": 20.0, "a_pm_2": 20.0, "a_pm_3": -15.116641771509999, "a_pm_4": 20.0, "a_pp_1": 20.0, "a_pp_2": 20.0, "a_pp_3": 20.0, "a_pp_4": -11.201646239144305}, "datetime": {"datetime": "2024-07-10 21:01:17", "elapsed": 15723.256343, "delta": 483.623272}}
{"target": -634.1762736651913, "params": {"a_c_1": 0.0, "a_c_2": 0.0, "a_mm_0": -40.0, "a_mm_1": 20.0, "a_mm_2": 20.0, "a_mm_3": 20.0, "a_mm_4": -9.032720075415888, "a_mp_0": -40.0, "a_mp_1": 20.0, "a_mp_2": 20.0, "a_mp_3": 20.0, "a_mp_4": 20.0, "a_pm_0": -40.0, "a_pm_1": 20.0, "a_pm_2": 20.0, "a_pm_3": -40.0, "a_pm_4": 20.0, "a_pp_1": 20.0, "a_pp_2": 20.0, "a_pp_3": 20.0, "a_pp_4": 20.0}, "datetime": {"datetime": "2024-07-10 21:17:23", "elapsed": 16688.864788, "delta": 965.608445}}
{"target": -2622.15689595139, "params": {"a_c_1": 20.0, "a_c_2": 10.0, "a_mm_0": -40.0, "a_mm_1": 20.0, "a_mm_2": -16.9629950815187, "a_mm_3": -36.291632441767646, "a_mm_4": 20.0, "a_mp_0": 20.0, "a_mp_1": 20.0, "a_mp_2": 20.0, "a_mp_3": 9.117470849845295, "a_mp_4": 20.0, "a_pm_0": 20.0, "a_pm_1": 20.0, "a_pm_2": 20.0, "a_pm_3": 10.725835962983798, "a_pm_4": -38.008744713400866, "a_pp_1": 20.0, "a_pp_2": 20.0, "a_pp_3": 20.0, "a_pp_4": 20.0}, "datetime": {"datetime": "2024-07-10 21:22:33", "elapsed": 16999.283659, "delta": 310.418871}}
{"target": -552.0119369963176, "params": {"a_c_1": 20.0, "a_c_2": 10.0, "a_mm_0": -40.0, "a_mm_1": -40.0, "a_mm_2": 20.0, "a_mm_3": 20.0, "a_mm_4": 20.0, "a_mp_0": 20.0, "a_mp_1": -40.0, "a_mp_2": 20.0, "a_mp_3": 20.0, "a_mp_4": 20.0, "a_pm_0": 20.0, "a_pm_1": 20.0, "a_pm_2": 20.0, "a_pm_3": 20.0, "a_pm_4": -29.003332574123313, "a_pp_1": 20.0, "a_pp_2": 20.0, "a_pp_3": 20.0, "a_pp_4": 20.0}, "datetime": {"datetime": "2024-07-10 21:30:26", "elapsed": 17472.294896, "delta": 473.011237}}
{"target": -268.8133202223553, "params": {"a_c_1": 20.0, "a_c_2": 10.0, "a_mm_0": -40.0, "a_mm_1": 20.0, "a_mm_2": 20.0, "a_mm_3": 20.0, "a_mm_4": 20.0, "a_mp_0": 20.0, "a_mp_1": 20.0, "a_mp_2": 20.0, "a_mp_3": 20.0, "a_mp_4": 20.0, "a_pm_0": -40.0, "a_pm_1": 20.0, "a_pm_2": 20.0, "a_pm_3": 6.608997453187371, "a_pm_4": 20.0, "a_pp_1": 20.0, "a_pp_2": 20.0, "a_pp_3": 20.0, "a_pp_4": -17.596793297534557}, "datetime": {"datetime": "2024-07-10 21:43:12", "elapsed": 18238.746944, "delta": 766.452048}}
{"target": -18102.27159739674, "params": {"a_c_1": 0.0, "a_c_2": 0.0, "a_mm_0": 20.0, "a_mm_1": 20.0, "a_mm_2": 20.0, "a_mm_3": 20.0, "a_mm_4": 20.0, "a_mp_0": 20.0, "a_mp_1": 20.0, "a_mp_2": -40.0, "a_mp_3": 20.0, "a_mp_4": -34.513009853750425, "a_pm_0": 20.0, "a_pm_1": 20.0, "a_pm_2": 20.0, "a_pm_3": 20.0, "a_pm_4": 20.0, "a_pp_1": 20.0, "a_pp_2": 20.0, "a_pp_3": -40.0, "a_pp_4": 20.0}, "datetime": {"datetime": "2024-07-10 21:53:59", "elapsed": 18885.087901, "delta": 646.340957}}
{"target": -479.57741895661536, "params": {"a_c_1": 20.0, "a_c_2": 0.0, "a_mm_0": 20.0, "a_mm_1": -40.0, "a_mm_2": 20.0, "a_mm_3": -39.663506278020996, "a_mm_4": 20.0, "a_mp_0": 20.0, "a_mp_1": 20.0, "a_mp_2": 20.0, "a_mp_3": 20.0, "a_mp_4": 20.0, "a_pm_0": 20.0, "a_pm_1": 20.0, "a_pm_2": -23.942613804064667, "a_pm_3": -9.295282056634521, "a_pm_4": 20.0, "a_pp_1": 20.0, "a_pp_2": 20.0, "a_pp_3": 20.0, "a_pp_4": 20.0}, "datetime": {"datetime": "2024-07-10 22:08:36", "elapsed": 19762.191772, "delta": 877.103871}}
{"target": -1106.1813683850678, "params": {"a_c_1": 20.0, "a_c_2": 0.0, "a_mm_0": 20.0, "a_mm_1": -40.0, "a_mm_2": 20.0, "a_mm_3": 20.0, "a_mm_4": 20.0, "a_mp_0": 20.0, "a_mp_1": -40.0, "a_mp_2": 20.0, "a_mp_3": 20.0, "a_mp_4": 20.0, "a_pm_0": -40.0, "a_pm_1": 20.0, "a_pm_2": 20.0, "a_pm_3": -2.322951533607622, "a_pm_4": -6.955281731808387, "a_pp_1": 20.0, "a_pp_2": 20.0, "a_pp_3": 20.0, "a_pp_4": 0.9403247834206659}, "datetime": {"datetime": "2024-07-10 22:20:34", "elapsed": 20479.991473, "delta": 717.799701}}
{"target": -1242.063768071168, "params": {"a_c_1": 20.0, "a_c_2": 10.0, "a_mm_0": 20.0, "a_mm_1": -40.0, "a_mm_2": 20.0, "a_mm_3": 20.0, "a_mm_4": -17.704460815907456, "a_mp_0": 20.0, "a_mp_1": -25.43428951383665, "a_mp_2": -4.029023142181067, "a_mp_3": -29.000381513117684, "a_mp_4": 20.0, "a_pm_0": 20.0, "a_pm_1": 20.0, "a_pm_2": 20.0, "a_pm_3": -6.4693928670971275, "a_pm_4": -5.5797053151943246, "a_pp_1": 20.0, "a_pp_2": 20.0, "a_pp_3": 20.0, "a_pp_4": 20.0}, "datetime": {"datetime": "2024-07-10 22:27:34", "elapsed": 20900.418414, "delta": 420.426941}}
{"target": -681.6324611327082, "params": {"a_c_1": 20.0, "a_c_2": 0.0, "a_mm_0": -40.0, "a_mm_1": 20.0, "a_mm_2": 20.0, "a_mm_3": 20.0, "a_mm_4": 20.0, "a_mp_0": 20.0, "a_mp_1": -40.0, "a_mp_2": 20.0, "a_mp_3": 20.0, "a_mp_4": 20.0, "a_pm_0": 20.0, "a_pm_1": 20.0, "a_pm_2": 20.0, "a_pm_3": -40.0, "a_pm_4": 20.0, "a_pp_1": 20.0, "a_pp_2": 20.0, "a_pp_3": 20.0, "a_pp_4": 14.300783739745295}, "datetime": {"datetime": "2024-07-10 22:40:39", "elapsed": 21685.785546, "delta": 785.367132}}
{"target": -1542.0169377648567, "params": {"a_c_1": 0.0, "a_c_2": 0.0, "a_mm_0": -40.0, "a_mm_1": 20.0, "a_mm_2": 20.0, "a_mm_3": 20.0, "a_mm_4": -9.323556311677125, "a_mp_0": 20.0, "a_mp_1": 20.0, "a_mp_2": -40.0, "a_mp_3": 20.0, "a_mp_4": 1.8239399900983428, "a_pm_0": -40.0, "a_pm_1": -40.0, "a_pm_2": 20.0, "a_pm_3": -13.809358306475131, "a_pm_4": 20.0, "a_pp_1": 20.0, "a_pp_2": 20.0, "a_pp_3": 20.0, "a_pp_4": 20.0}, "datetime": {"datetime": "2024-07-10 22:50:03", "elapsed": 22249.41512, "delta": 563.629574}}
{"target": -87.26957778452045, "params": {"a_c_1": 20.0, "a_c_2": 0.0, "a_mm_0": 20.0, "a_mm_1": 20.0, "a_mm_2": 20.0, "a_mm_3": 20.0, "a_mm_4": 20.0, "a_mp_0": -40.0, "a_mp_1": 20.0, "a_mp_2": -40.0, "a_mp_3": 20.0, "a_mp_4": 20.0, "a_pm_0": -40.0, "a_pm_1": 20.0, "a_pm_2": 20.0, "a_pm_3": 20.0, "a_pm_4": 20.0, "a_pp_1": 20.0, "a_pp_2": 20.0, "a_pp_3": 20.0, "a_pp_4": 20.0}, "datetime": {"datetime": "2024-07-10 23:05:16", "elapsed": 23162.51328, "delta": 913.09816}}
{"target": -396.7254920917205, "params": {"a_c_1": 20.0, "a_c_2": 0.0, "a_mm_0": 20.0, "a_mm_1": 20.0, "a_mm_2": 20.0, "a_mm_3": 20.0, "a_mm_4": 20.0, "a_mp_0": -40.0, "a_mp_1": -40.0, "a_mp_2": -40.0, "a_mp_3": 20.0, "a_mp_4": 20.0, "a_pm_0": -40.0, "a_pm_1": 20.0, "a_pm_2": 20.0, "a_pm_3": -35.4781771655349, "a_pm_4": 20.0, "a_pp_1": 20.0, "a_pp_2": 20.0, "a_pp_3": 20.0, "a_pp_4": 20.0}, "datetime": {"datetime": "2024-07-10 23:18:08", "elapsed": 23934.540437, "delta": 772.027157}}
{"target": -896.4056681789689, "params": {"a_c_1": 20.0, "a_c_2": 0.0, "a_mm_0": 20.0, "a_mm_1": 20.0, "a_mm_2": -40.0, "a_mm_3": 20.0, "a_mm_4": 20.0, "a_mp_0": -40.0, "a_mp_1": 20.0, "a_mp_2": 20.0, "a_mp_3": 20.0, "a_mp_4": 20.0, "a_pm_0": -40.0, "a_pm_1": 20.0, "a_pm_2": 20.0, "a_pm_3": -40.0, "a_pm_4": 20.0, "a_pp_1": 20.0, "a_pp_2": 20.0, "a_pp_3": 20.0, "a_pp_4": 20.0}, "datetime": {"datetime": "2024-07-10 23:28:33", "elapsed": 24559.497207, "delta": 624.95677}}
{"target": -360.76979850356605, "params": {"a_c_1": 20.0, "a_c_2": 10.0, "a_mm_0": 20.0, "a_mm_1": -40.0, "a_mm_2": -40.0, "a_mm_3": 20.0, "a_mm_4": 20.0, "a_mp_0": -40.0, "a_mp_1": -31.433445162557227, "a_mp_2": 20.0, "a_mp_3": 20.0, "a_mp_4": 20.0, "a_pm_0": -40.0, "a_pm_1": 20.0, "a_pm_2": 20.0, "a_pm_3": 12.172077510488336, "a_pm_4": -0.0705950028960319, "a_pp_1": 20.0, "a_pp_2": 20.0, "a_pp_3": 20.0, "a_pp_4": 20.0}, "datetime": {"datetime": "2024-07-10 23:45:37", "elapsed": 25582.998862, "delta": 1023.501655}}
{"target": -225.32516628068805, "params": {"a_c_1": 20.0, "a_c_2": 0.0, "a_mm_0": -40.0, "a_mm_1": 20.0, "a_mm_2": 20.0, "a_mm_3": 20.0, "a_mm_4": 20.0, "a_mp_0": -40.0, "a_mp_1": -40.0, "a_mp_2": -40.0, "a_mp_3": 20.0, "a_mp_4": 20.0, "a_pm_0": -40.0, "a_pm_1": 20.0, "a_pm_2": 20.0, "a_pm_3": 20.0, "a_pm_4": 20.0, "a_pp_1": 20.0, "a_pp_2": 20.0, "a_pp_3": 20.0, "a_pp_4": -7.326776566016052}, "datetime": {"datetime": "2024-07-11 00:09:47", "elapsed": 27033.489486, "delta": 1450.490624}}
{"target": -886.1492160178789, "params": {"a_c_1": 20.0, "a_c_2": 0.0, "a_mm_0": -40.0, "a_mm_1": 20.0, "a_mm_2": 20.0, "a_mm_3": 20.0, "a_mm_4": -28.698503345794414, "a_mp_0": 20.0, "a_mp_1": 20.0, "a_mp_2": 20.0, "a_mp_3": 20.0, "a_mp_4": 20.0, "a_pm_0": 20.0, "a_pm_1": 20.0, "a_pm_2": -40.0, "a_pm_3": -11.74272818996544, "a_pm_4": 20.0, "a_pp_1": 20.0, "a_pp_2": 20.0, "a_pp_3": 20.0, "a_pp_4": 20.0}, "datetime": {"datetime": "2024-07-11 00:18:45", "elapsed": 27571.008945, "delta": 537.519459}}
