{"target": -3509.036167048905, "params": {"a_c_1": 0.0, "a_c_2": 10.0, "a_mm_0": 20.0, "a_mm_1": 20.0, "a_mm_2": 20.0, "a_mm_3": 20.0, "a_mp_0": -40.0, "a_mp_1": -24.76658051944962, "a_mp_2": 20.0, "a_mp_3": 20.0, "a_pm_0": 20.0, "a_pm_1": 20.0, "a_pm_2": 20.0, "a_pm_3": -18.57644106797651, "a_pp_1": 3.8229346556860926, "a_pp_2": 20.0, "a_pp_3": 20.0}, "datetime": {"datetime": "2024-07-13 09:39:57", "elapsed": 0.0, "delta": 0.0}}
{"target": -3658.6180127686002, "params": {"a_c_1": 0.0, "a_c_2": 10.0, "a_mm_0": 20.0, "a_mm_1": -6.918577437522826, "a_mm_2": 20.0, "a_mm_3": 20.0, "a_mp_0": 20.0, "a_mp_1": -11.45822361696554, "a_mp_2": -8.117035978446546, "a_mp_3": 20.0, "a_pm_0": -40.0, "a_pm_1": 20.0, "a_pm_2": -33.860988069127636, "a_pm_3": 20.0, "a_pp_1": -13.584525162486253, "a_pp_2": 20.0, "a_pp_3": 20.0}, "datetime": {"datetime": "2024-07-13 09:52:23", "elapsed": 746.272053, "delta": 746.272053}}
{"target": -2612.2693936386263, "params": {"a_c_1": 20.0, "a_c_2": 10.0, "a_mm_0": -40.0, "a_mm_1": 20.0, "a_mm_2": -5.166242542475014, "a_mm_3": -13.261131545180168, "a_mp_0": 20.0, "a_mp_1": 20.0, "a_mp_2": 20.0, "a_mp_3": 20.0, "a_pm_0": 20.0, "a_pm_1": -40.0, "a_pm_2": 20.0, "a_pm_3": 20.0, "a_pp_1": 20.0, "a_pp_2": 20.0, "a_pp_3": 20.0}, "datetime": {"datetime": "2024-07-13 09:54:15", "elapsed": 858.588504, "delta": 112.316451}}
{"target": -2700.9836323028867, "params": {"a_c_1": 20.0, "a_c_2": 0.0, "a_mm_0": 20.0, "a_mm_1": -40.0, "a_mm_2": 20.0, "a_mm_3": 20.0, "a_mp_0": -40.0, "a_mp_1": 20.0, "a_mp_2": 20.0, "a_mp_3": 20.0, "a_pm_0": -40.0, "a_pm_1": 20.0, "a_pm_2": -20.520403486614914, "a_pm_3": 20.0, "a_pp_1": 20.0, "a_pp_2": 20.0, "a_pp_3": 20.0}, "datetime": {"datetime": "2024-07-13 09:59:20", "elapsed": 1163.626333, "delta": 305.037829}}
{"target": -1394.1367793374395, "params": {"a_c_1": 20.0, "a_c_2": 10.0, "a_mm_0": -40.0, "a_mm_1": -16.37580658994947, "a_mm_2": 20.0, "a_mm_3": 1.9457737362622574, "a_mp_0": -40.0, "a_mp_1": 20.0, "a_mp_2": 20.0, "a_mp_3": 4.925821187245234, "a_pm_0": 20.0, "a_pm_1": 20.0, "a_pm_2": 8.043302345864856, "a_pm_3": 20.0, "a_pp_1": 20.0, "a_pp_2": 1.779304305839706, "a_pp_3": 20.0}, "datetime": {"datetime": "2024-07-13 10:04:05", "elapsed": 1447.952822, "delta": 284.326489}}
{"target": -5765.699594666015, "params": {"a_c_1": 0.0, "a_c_2": 0.0, "a_mm_0": 20.0, "a_mm_1": 20.0, "a_mm_2": 0.43601924165361267, "a_mm_3": -16.632753130663488, "a_mp_0": 20.0, "a_mp_1": -40.0, "a_mp_2": 20.0, "a_mp_3": 20.0, "a_pm_0": 20.0, "a_pm_1": 20.0, "a_pm_2": 20.0, "a_pm_3": 20.0, "a_pp_1": 20.0, "a_pp_2": 20.0, "a_pp_3": 20.0}, "datetime": {"datetime": "2024-07-13 10:09:06", "elapsed": 1749.605506, "delta": 301.652684}}
{"target": -3148.5168126795033, "params": {"a_c_1": 0.0, "a_c_2": 10.0, "a_mm_0": 20.0, "a_mm_1": -40.0, "a_mm_2": -7.4170048751963105, "a_mm_3": 20.0, "a_mp_0": -40.0, "a_mp_1": 20.0, "a_mp_2": -19.662430226523007, "a_mp_3": 20.0, "a_pm_0": 20.0, "a_pm_1": 20.0, "a_pm_2": -6.572946473776472, "a_pm_3": 20.0, "a_pp_1": -15.999866804117177, "a_pp_2": 20.0, "a_pp_3": 20.0}, "datetime": {"datetime": "2024-07-13 10:14:24", "elapsed": 2067.400502, "delta": 317.794996}}
