{"target": -5778.939520324459, "params": {"a_c_1": 0.0, "a_c_2": 10.0, "a_mm_0": -14.502676659931685, "a_mm_1": -0.9381735864282126, "a_mm_2": 20.0, "a_mm_3": -1.316047759559181, "a_mp_0": 20.0, "a_mp_1": -11.722364532642505, "a_mp_2": -4.954734619966835, "a_mp_3": 20.0, "a_pm_0": -40.0, "a_pm_1": 20.0, "a_pm_2": -29.069311402288456, "a_pm_3": 20.0, "a_pp_1": -40.0, "a_pp_2": 20.0, "a_pp_3": 20.0}, "datetime": {"datetime": "2024-07-13 09:39:05", "elapsed": 0.0, "delta": 0.0}}
{"target": -5386.677398085573, "params": {"a_c_1": 20.0, "a_c_2": 0.0, "a_mm_0": 20.0, "a_mm_1": -18.813468560217093, "a_mm_2": -10.607027057044592, "a_mm_3": 20.0, "a_mp_0": -40.0, "a_mp_1": 20.0, "a_mp_2": 20.0, "a_mp_3": 20.0, "a_pm_0": -13.664916294746128, "a_pm_1": 20.0, "a_pm_2": -21.758455358754965, "a_pm_3": 20.0, "a_pp_1": -14.70807636950742, "a_pp_2": 20.0, "a_pp_3": 20.0}, "datetime": {"datetime": "2024-07-13 09:43:32", "elapsed": 266.996927, "delta": 266.996927}}
{"target": -3318.53384962182, "params": {"a_c_1": 20.0, "a_c_2": 10.0, "a_mm_0": 20.0, "a_mm_1": 20.0, "a_mm_2": -4.663469964759677, "a_mm_3": -0.28647288783240754, "a_mp_0": -2.506706294618711, "a_mp_1": -1.940343668993451, "a_mp_2": -11.973446269102539, "a_mp_3": 5.414728169201658, "a_pm_0": -40.0, "a_pm_1": -16.94425938651735, "a_pm_2": 20.0, "a_pm_3": -2.0933348019783287, "a_pp_1": -13.06842698045094, "a_pp_2": 9.41235123949973, "a_pp_3": 6.473434207833465}, "datetime": {"datetime": "2024-07-13 09:46:20", "elapsed": 434.412697, "delta": 167.41577}}
{"target": -1138.3216969981283, "params": {"a_c_1": 20.0, "a_c_2": 10.0, "a_mm_0": 20.0, "a_mm_1": -19.725652049327955, "a_mm_2": 20.0, "a_mm_3": 3.8908618086794684, "a_mp_0": -12.353934047490092, "a_mp_1": -1.8032234620902934, "a_mp_2": -2.4798200097306866, "a_mp_3": -0.6073288376307232, "a_pm_0": -7.743165789769819, "a_pm_1": -3.8495203837063445, "a_pm_2": 3.1536285969539195, "a_pm_3": -0.49613132699729934, "a_pp_1": -17.278848594814733, "a_pp_2": 9.950380139981386, "a_pp_3": -0.836703546487953}, "datetime": {"datetime": "2024-07-13 09:50:18", "elapsed": 672.945627, "delta": 238.53293}}
{"target": -2148.139245159618, "params": {"a_c_1": 10.455079520035355, "a_c_2": 0.0, "a_mm_0": -16.743969597732068, "a_mm_1": 20.0, "a_mm_2": -1.4126517331912485, "a_mm_3": -0.28602188416118957, "a_mp_0": 20.0, "a_mp_1": 2.544316470083634, "a_mp_2": -13.321336841946499, "a_mp_3": -1.8157178944529393, "a_pm_0": -18.260135876932743, "a_pm_1": -12.534998082085638, "a_pm_2": 20.0, "a_pm_3": -2.3150935737120424, "a_pp_1": 0.2580818147909054, "a_pp_2": 6.070499469800107, "a_pp_3": 8.56157286390244}, "datetime": {"datetime": "2024-07-13 09:58:40", "elapsed": 1174.883555, "delta": 501.937928}}
{"target": -478.811032625669, "params": {"a_c_1": 20.0, "a_c_2": 0.0, "a_mm_0": -7.985979549706607, "a_mm_1": 20.0, "a_mm_2": -10.237075931039245, "a_mm_3": 20.0, "a_mp_0": 20.0, "a_mp_1": -8.365013930004013, "a_mp_2": 20.0, "a_mp_3": 20.0, "a_pm_0": -40.0, "a_pm_1": 20.0, "a_pm_2": 20.0, "a_pm_3": 20.0, "a_pp_1": 20.0, "a_pp_2": 20.0, "a_pp_3": 4.5283112013343745}, "datetime": {"datetime": "2024-07-13 10:03:14", "elapsed": 1448.546987, "delta": 273.663432}}
{"target": -7094.328385776922, "params": {"a_c_1": 0.0, "a_c_2": 10.0, "a_mm_0": 20.0, "a_mm_1": -33.58832563790245, "a_mm_2": -15.153079684031194, "a_mm_3": 20.0, "a_mp_0": -40.0, "a_mp_1": 20.0, "a_mp_2": 20.0, "a_mp_3": -5.270756896213713, "a_pm_0": -40.0, "a_pm_1": -20.143493124693858, "a_pm_2": -11.265595012318224, "a_pm_3": -12.817854520637962, "a_pp_1": 20.0, "a_pp_2": 20.0, "a_pp_3": 20.0}, "datetime": {"datetime": "2024-07-13 10:07:12", "elapsed": 1686.747168, "delta": 238.200181}}
{"target": -9443.802419593767, "params": {"a_c_1": 20.0, "a_c_2": 10.0, "a_mm_0": -40.0, "a_mm_1": 20.0, "a_mm_2": -31.067219346104565, "a_mm_3": 20.0, "a_mp_0": -40.0, "a_mp_1": 20.0, "a_mp_2": -29.502982211431423, "a_mp_3": 20.0, "a_pm_0": 20.0, "a_pm_1": 20.0, "a_pm_2": 20.0, "a_pm_3": 20.0, "a_pp_1": -40.0, "a_pp_2": 20.0, "a_pp_3": 20.0}, "datetime": {"datetime": "2024-07-13 10:12:08", "elapsed": 1983.131963, "delta": 296.384795}}
{"target": -4990.310686022183, "params": {"a_c_1": 0.0, "a_c_2": 10.0, "a_mm_0": -40.0, "a_mm_1": 20.0, "a_mm_2": -15.979796075075834, "a_mm_3": -3.6975178048679314, "a_mp_0": -40.0, "a_mp_1": 20.0, "a_mp_2": -7.018195500256101, "a_mp_3": 20.0, "a_pm_0": -15.003387140855866, "a_pm_1": -40.0, "a_pm_2": 20.0, "a_pm_3": 20.0, "a_pp_1": 20.0, "a_pp_2": 20.0, "a_pp_3": 20.0}, "datetime": {"datetime": "2024-07-13 10:15:26", "elapsed": 2180.398615, "delta": 197.266652}}
