{"target": -27252.722330629498, "params": {"a_c_1": 4.053010116074313, "a_c_2": 9.956570373048324, "a_mm_0": 3.4366074139902025, "a_mm_1": -32.21979111824101, "a_mm_2": -8.307608039012472, "a_mm_3": -21.624747220832255, "a_mm_4": 12.91464879175303, "a_mp_0": -30.342731823264508, "a_mp_1": -1.3663839546407885, "a_mp_2": 17.45490092919416, "a_mp_3": 14.529726368344981, "a_mp_4": 14.029494517922878, "a_pm_0": -0.1846683029000573, "a_pm_1": -21.817226314356965, "a_pm_2": -35.5058086583269, "a_pm_3": -29.68861948297327, "a_pm_4": 13.615609575714359, "a_pp_1": 2.4745632372522337, "a_pp_2": -33.73846652627356, "a_pp_3": 18.322008663586665, "a_pp_4": -9.406451992483738}, "datetime": {"datetime": "2024-07-10 13:11:07", "elapsed": 9656.148607, "delta": 280.949848}}
{"target": -48706.22521702545, "params": {"a_c_1": 3.4360999005377746, "a_c_2": 4.796042342278124, "a_mm_0": -16.049066961548245, "a_mm_1": -27.16720243273365, "a_mm_2": -2.023781113385269, "a_mm_3": -8.434367970311694, "a_mm_4": -23.552950707739278, "a_mp_0": 8.166335504894427, "a_mp_1": -7.671457093222358, "a_mp_2": -19.63386742435741, "a_mp_3": -30.53120279991802, "a_mp_4": -10.032554029200615, "a_pm_0": -30.762196576328353, "a_pm_1": 14.934507840386132, "a_pm_2": -10.30472734571832, "a_pm_3": 14.763848616451646, "a_pm_4": -20.807443721333204, "a_pp_1": -12.384700803059427, "a_pp_2": -8.718068018887998, "a_pp_3": 13.900637882588939, "a_pp_4": -32.38309262032138}, "datetime": {"datetime": "2024-07-10 13:14:53", "elapsed": 9882.652211, "delta": 226.503604}}
{"target": -46315.97792706426, "params": {"a_c_1": 7.972490317698455, "a_c_2": 0.8437011790397686, "a_mm_0": 14.860229760758244, "a_mm_1": 8.993352287880583, "a_mm_2": -15.966226675947894, "a_mm_3": 0.13038412192248927, "a_mm_4": -7.417675548386029, "a_mp_0": -3.292939906010446, "a_mp_1": 11.131002577487706, "a_mp_2": 19.188717247435136, "a_mp_3": -35.146612692847725, "a_mp_4": -5.926602483290935, "a_pm_0": 14.195298290286622, "a_pm_1": -16.20877231607698, "a_pm_2": -24.7224093861645, "a_pm_3": -32.129098202313564, "a_pm_4": -2.486771683742802, "a_pp_1": -27.33875743204717, "a_pp_2": -17.299799391948596, "a_pp_3": -15.925073216048272, "a_pp_4": -2.5331601781900943}, "datetime": {"datetime": "2024-07-10 13:17:39", "elapsed": 10048.290408, "delta": 165.638197}}
{"target": -134259.28835502823, "params": {"a_c_1": 19.105302512262703, "a_c_2": 9.88572361790297, "a_mm_0": -22.063952982252115, "a_mm_1": -24.129064231803806, "a_mm_2": 3.2154769898721725, "a_mm_3": 1.3759695689648623, "a_mm_4": -23.71864365927276, "a_mp_0": 16.758628672336656, "a_mp_1": 8.08251136428639, "a_mp_2": -28.082436142031995, "a_mp_3": -10.206947458839629, "a_mp_4": -34.46226591541728, "a_pm_0": -8.502977325691326, "a_pm_1": -5.835313409179776, "a_pm_2": -29.119868870861012, "a_pm_3": -35.52532545516749, "a_pm_4": -29.19520452477063, "a_pp_1": -10.731705033428032, "a_pp_2": -36.64399355633407, "a_pp_3": -29.557820213647112, "a_pp_4": -28.353402338872897}, "datetime": {"datetime": "2024-07-10 13:20:26", "elapsed": 10215.290124, "delta": 166.999716}}
{"target": -18220.12584951141, "params": {"a_c_1": 8.582076996073377, "a_c_2": 5.362155419839355, "a_mm_0": -17.949027498544606, "a_mm_1": -1.2763653452205332, "a_mm_2": 15.923036031397537, "a_mm_3": -26.02463772636008, "a_mm_4": 19.40121694650192, "a_mp_0": -19.979693821249647, "a_mp_1": -4.089719693034226, "a_mp_2": -18.46479198087444, "a_mp_3": 0.8234890282374963, "a_mp_4": 11.191988723704384, "a_pm_0": 7.570551686204794, "a_pm_1": -2.689444346276481, "a_pm_2": -6.0652590096938965, "a_pm_3": -30.839742273952858, "a_pm_4": 8.806210942893038, "a_pp_1": 19.007718796361118, "a_pp_2": -1.985490977371235, "a_pp_3": -5.1137482546924105, "a_pp_4": -31.084522123545767}, "datetime": {"datetime": "2024-07-10 13:24:04", "elapsed": 10433.111353, "delta": 217.821229}}
{"target": -50772.427422239, "params": {"a_c_1": 5.533468327009194, "a_c_2": 3.6052270006517615, "a_mm_0": -28.497397676099798, "a_mm_1": 19.42362371003727, "a_mm_2": 15.396141762031405, "a_mm_3": -17.675477866467595, "a_mm_4": -31.290662170147023, "a_mp_0": -16.265590511574242, "a_mp_1": -30.141731659420916, "a_mp_2": -7.706860292407107, "a_mp_3": -29.298742902441113, "a_mp_4": -37.05733918813545, "a_pm_0": -3.139646754040612, "a_pm_1": -17.1396708936115, "a_pm_2": 1.0084935512363273, "a_pm_3": -8.64980652267548, "a_pm_4": -2.3421355946383784, "a_pp_1": -20.890449285547646, "a_pp_2": -5.066338947817258, "a_pp_3": -10.325620468190344, "a_pp_4": -4.340979499487034}, "datetime": {"datetime": "2024-07-10 13:27:50", "elapsed": 10658.919161, "delta": 225.807808}}
{"target": -53798.67603987236, "params": {"a_c_1": 0.15367364088368918, "a_c_2": 9.648979116352258, "a_mm_0": -25.89354737083223, "a_mm_1": -35.39886266906011, "a_mm_2": -22.310652922124078, "a_mm_3": 1.5760788268837231, "a_mm_4": 15.964008323423606, "a_mp_0": 10.64905646714471, "a_mp_1": -20.398382515460895, "a_mp_2": 9.930255294974728, "a_mp_3": -36.73624978691766, "a_mp_4": -34.43017217573898, "a_pm_0": -28.81914819181771, "a_pm_1": 7.265980736829071, "a_pm_2": 3.4546289449018985, "a_pm_3": -32.13172963680196, "a_pm_4": 2.487718398236325, "a_pp_1": 5.7066908602093775, "a_pp_2": -28.548372862775956, "a_pp_3": 0.24183043664161374, "a_pp_4": -15.663965972619689}, "datetime": {"datetime": "2024-07-10 13:30:55", "elapsed": 10843.947114, "delta": 185.027953}}
{"target": -47930.09869303385, "params": {"a_c_1": 1.4681596342495906, "a_c_2": 5.17454510279021, "a_mm_0": -10.445967953448147, "a_mm_1": 12.914521852178154, "a_mm_2": -6.388496538340178, "a_mm_3": 10.414923913742967, "a_mm_4": -12.804603971455233, "a_mp_0": 2.9323744914853975, "a_mp_1": 18.191839944794417, "a_mp_2": -38.73306749903191, "a_mp_3": -12.921610832551906, "a_mp_4": -14.208743433703766, "a_pm_0": 6.804199488678812, "a_pm_1": -38.8876900707494, "a_pm_2": -5.208828586571315, "a_pm_3": -23.270541004150157, "a_pm_4": -11.405288651700154, "a_pp_1": 3.0352654426835386, "a_pp_2": -2.2062375613673666, "a_pp_3": -25.228215459343943, "a_pp_4": -27.675639235940153}, "datetime": {"datetime": "2024-07-10 13:34:57", "elapsed": 11086.717323, "delta": 242.770209}}
{"target": -73370.6409504115, "params": {"a_c_1": 17.01312805624243, "a_c_2": 5.075354593210375, "a_mm_0": 18.773597235308017, "a_mm_1": -0.18875697670310387, "a_mm_2": -26.45970391176275, "a_mm_3": -29.838329948355543, "a_mm_4": -20.54425481720778, "a_mp_0": 5.821103249039119, "a_mp_1": -12.384492883479947, "a_mp_2": -5.924278978300691, "a_mp_3": -4.287650304167151, "a_mp_4": -29.526177166975984, "a_pm_0": -19.409848125968544, "a_pm_1": -22.329779039012855, "a_pm_2": 16.176851633293033, "a_pm_3": -39.54671342338541, "a_pm_4": 17.37072783310593, "a_pp_1": -31.529076980035367, "a_pp_2": -7.352060207649224, "a_pp_3": -24.246587425853463, "a_pp_4": -21.735002241055852}, "datetime": {"datetime": "2024-07-10 13:38:30", "elapsed": 11298.928664, "delta": 212.211341}}
{"target": -71843.21222910918, "params": {"a_c_1": 15.253296584163516, "a_c_2": 6.910556395190345, "a_mm_0": 5.923766416154891, "a_mm_1": -28.657193127536093, "a_mm_2": -27.834346712842763, "a_mm_3": 5.46283867390693, "a_mm_4": -32.722880956237745, "a_mp_0": 14.43201767017137, "a_mp_1": 15.423672113293627, "a_mp_2": -9.69132586021843, "a_mp_3": 2.1976492232239764, "a_mp_4": -19.93073970929754, "a_pm_0": -1.7936643653288655, "a_pm_1": -38.49875079855943, "a_pm_2": -26.843150116448264, "a_pm_3": -12.777492082528013, "a_pm_4": -10.58689664753425, "a_pp_1": 19.14392245319685, "a_pp_2": 19.934085926292745, "a_pp_3": -32.614159233102555, "a_pp_4": -23.43068783943944}, "datetime": {"datetime": "2024-07-10 13:42:29", "elapsed": 11538.261302, "delta": 239.332638}}
{"target": -62151.61289751256, "params": {"a_c_1": 1.6517166958782714, "a_c_2": 3.414169186629845, "a_mm_0": 16.93507996168816, "a_mm_1": -5.813043561985438, "a_mm_2": -37.60278872944337, "a_mm_3": -8.762136170327576, "a_mm_4": 15.985838554626362, "a_mp_0": 18.36762904918556, "a_mp_1": 14.711505440086981, "a_mp_2": 5.555765350789379, "a_mp_3": -24.906163106363813, "a_mp_4": 14.033338230910779, "a_pm_0": -22.16975236612915, "a_pm_1": 12.657731713781061, "a_pm_2": -37.51611968557871, "a_pm_3": -36.61533074143285, "a_pm_4": 8.189539207833974, "a_pp_1": -33.597482328423744, "a_pp_2": -13.647568460482383, "a_pp_3": -19.410667813015777, "a_pp_4": -23.32554856860258}, "datetime": {"datetime": "2024-07-10 13:44:53", "elapsed": 11682.904133, "delta": 144.642831}}
{"target": -35108.819876310234, "params": {"a_c_1": 7.241025101501901, "a_c_2": 4.856617978432008, "a_mm_0": 10.185900935165087, "a_mm_1": -2.968977264574626, "a_mm_2": 14.44209596911191, "a_mm_3": 10.202572638589338, "a_mm_4": -31.232135089726157, "a_mp_0": -14.6341411003406, "a_mp_1": -8.019212581875749, "a_mp_2": -24.65453368007631, "a_mp_3": -6.022825953030008, "a_mp_4": 18.453251852831478, "a_pm_0": -26.486774748891538, "a_pm_1": 7.073766764964084, "a_pm_2": 19.6969269143275, "a_pm_3": -24.756598113166042, "a_pm_4": 11.363689635072618, "a_pp_1": -29.565876759752882, "a_pp_2": 15.32046494632528, "a_pp_3": -21.74717048220805, "a_pp_4": -23.31938062351401}, "datetime": {"datetime": "2024-07-10 13:49:03", "elapsed": 11932.801375, "delta": 249.897242}}
{"target": -89288.79776290232, "params": {"a_c_1": 11.01595805149151, "a_c_2": 7.081478226181048, "a_mm_0": -22.54571566522334, "a_mm_1": -9.35034368814022, "a_mm_2": 13.57681726085928, "a_mm_3": 13.777585336006283, "a_mm_4": -32.46488137216983, "a_mp_0": -27.565427311708795, "a_mp_1": -36.911967801950205, "a_mp_2": -13.551409380961811, "a_mp_3": -38.207427347285986, "a_mp_4": -12.590006536317336, "a_pm_0": -1.051357143114359, "a_pm_1": -23.290763041121483, "a_pm_2": 0.5752941188078751, "a_pm_3": -4.548230955018951, "a_pm_4": -38.56108705737008, "a_pp_1": -6.468754720547082, "a_pp_2": -24.444853185552077, "a_pp_3": -15.09392817939582, "a_pp_4": -22.988495093720875}, "datetime": {"datetime": "2024-07-10 10:30:05", "elapsed": 0.0, "delta": 0.0}}
{"target": -51257.957395630954, "params": {"a_c_1": 13.862758366259927, "a_c_2": 4.404537176707395, "a_mm_0": -30.587935691502203, "a_mm_1": -7.321058918089314, "a_mm_2": 6.818885870682024, "a_mm_3": -21.618188057429215, "a_mm_4": -26.682526964069115, "a_mp_0": -16.721724546661076, "a_mp_1": 16.18301899162583, "a_mp_2": 18.559725348376027, "a_mp_3": 0.3430205547688203, "a_mp_4": 14.170046512303884, "a_pm_0": 10.745052277590759, "a_pm_1": -17.32035752026665, "a_pm_2": -34.46697946769655, "a_pm_3": -0.7953458485878286, "a_pm_4": -6.529554256692947, "a_pp_1": -18.306114216245312, "a_pp_2": -26.496729709610086, "a_pp_3": -15.608805017425084, "a_pp_4": -11.863585078049855}, "datetime": {"datetime": "2024-07-10 10:32:56", "elapsed": 170.708429, "delta": 170.708429}}
{"target": -43927.41623227975, "params": {"a_c_1": 5.384711565021226, "a_c_2": 2.917927742254326, "a_mm_0": -12.538816040621324, "a_mm_1": 11.632034776815587, "a_mm_2": -4.824825731930716, "a_mm_3": -22.990728254067413, "a_mm_4": -23.321349602583922, "a_mp_0": -12.722675468683192, "a_mp_1": -27.67537932370075, "a_mp_2": -27.917277337415612, "a_mp_3": -9.157896410953484, "a_mp_4": -34.766237873151724, "a_pm_0": -10.984868058904809, "a_pm_1": -18.269427256729998, "a_pm_2": 2.461197308940264, "a_pm_3": 4.804773386120274, "a_pm_4": 1.4655753113458587, "a_pp_1": 1.3508248252948505, "a_pp_2": -17.583992551064302, "a_pp_3": 0.08808828411605418, "a_pp_4": -19.609080162590928}, "datetime": {"datetime": "2024-07-10 10:36:34", "elapsed": 388.958082, "delta": 218.249653}}
{"target": -80846.78832309987, "params": {"a_c_1": 11.4558773973775, "a_c_2": 3.258071580648745, "a_mm_0": -13.291297044188077, "a_mm_1": -36.30826415020364, "a_mm_2": -25.439474668939713, "a_mm_3": 18.29615637041406, "a_mm_4": -26.16494773869556, "a_mp_0": 1.4886506568398161, "a_mp_1": -0.9713885071756252, "a_mp_2": 3.4363483662489287, "a_mp_3": -11.494683361934122, "a_mp_4": -4.200173523888232, "a_pm_0": -35.98183456403042, "a_pm_1": -35.646271730665994, "a_pm_2": -28.0614384221753, "a_pm_3": -30.888340179487535, "a_pm_4": -33.99373932511332, "a_pp_1": -32.24236812346875, "a_pp_2": -6.8033360915407926, "a_pp_3": -28.731110504567305, "a_pp_4": 17.126074581872494}, "datetime": {"datetime": "2024-07-10 10:39:16", "elapsed": 550.562576, "delta": 161.604494}}
{"target": -8240.381443357615, "params": {"a_c_1": 13.632235576148533, "a_c_2": 5.4101967335977115, "a_mm_0": 2.4308360484738643, "a_mm_1": -24.166799742849197, "a_mm_2": 15.603541055223666, "a_mm_3": 10.351583467998239, "a_mm_4": 3.5791699056822353, "a_mp_0": -11.185602634875398, "a_mp_1": 10.526191152598805, "a_mp_2": 4.685139405461555, "a_mp_3": -0.3804456160232519, "a_mp_4": 14.838516020356266, "a_pm_0": -1.9800661727455164, "a_pm_1": -18.043564908843436, "a_pm_2": -6.829325610973264, "a_pm_3": -28.21716539799179, "a_pm_4": -28.47566221638381, "a_pp_1": 3.5401774359692553, "a_pp_2": 7.096202205867868, "a_pp_3": 18.325901821025944, "a_pp_4": 11.058285022490104}, "datetime": {"datetime": "2024-07-10 10:42:54", "elapsed": 769.018252, "delta": 218.455676}}
{"target": -42416.46456336513, "params": {"a_c_1": 10.871886531916456, "a_c_2": 0.8979086952306481, "a_mm_0": -10.667605323033232, "a_mm_1": 15.676180853727537, "a_mm_2": 7.257091970208577, "a_mm_3": -10.894346436754713, "a_mm_4": -12.68323831114682, "a_mp_0": -26.920853895438785, "a_mp_1": -29.367197151890586, "a_mp_2": -35.58257984683854, "a_mp_3": 13.54359125522555, "a_mp_4": -1.589402986056463, "a_pm_0": -31.400060951720718, "a_pm_1": -15.152384817027563, "a_pm_2": -37.053464536127585, "a_pm_3": -27.437599028658184, "a_pm_4": 3.8424874477423003, "a_pp_1": -0.9326337735040369, "a_pp_2": -11.261302157381337, "a_pp_3": -23.513169670261643, "a_pp_4": -0.8666124960289139}, "datetime": {"datetime": "2024-07-10 10:46:02", "elapsed": 956.693864, "delta": 187.675612}}
{"target": -40590.94560347405, "params": {"a_c_1": 19.128990226347607, "a_c_2": 4.355205561751928, "a_mm_0": -35.79204969473979, "a_mm_1": -36.53611073062195, "a_mm_2": -35.02773887214656, "a_mm_3": 17.58243123519327, "a_mm_4": -7.554349828810366, "a_mp_0": 10.247745960183344, "a_mp_1": -29.79798734577192, "a_mp_2": -24.37929563626509, "a_mp_3": 1.5186507123705653, "a_mp_4": 13.734219688519012, "a_pm_0": -19.558690932390427, "a_pm_1": -36.119608120583, "a_pm_2": 11.84718016463863, "a_pm_3": -22.547653250231438, "a_pm_4": 4.4649443839737515, "a_pp_1": -30.517980717910362, "a_pp_2": 1.6978061084525535, "a_pp_3": 10.485177141868888, "a_pp_4": 3.6291247248025584}, "datetime": {"datetime": "2024-07-10 10:49:12", "elapsed": 1146.174088, "delta": 189.480224}}
{"target": -56178.123953441165, "params": {"a_c_1": 7.182150497269828, "a_c_2": 7.266897514901979, "a_mm_0": -31.63197254905238, "a_mm_1": -21.170853086006677, "a_mm_2": -14.82503459902333, "a_mm_3": 12.632722336659029, "a_mm_4": -30.77558748573142, "a_mp_0": 12.807487414958935, "a_mp_1": 7.937859153248233, "a_mp_2": 18.297457824678844, "a_mp_3": -17.937821001792376, "a_mp_4": -27.703613865533256, "a_pm_0": -25.565780779924058, "a_pm_1": 9.671768085285251, "a_pm_2": 17.91368891563492, "a_pm_3": 1.928599902825411, "a_pm_4": -11.050177493570207, "a_pp_1": -22.77701411913203, "a_pp_2": 10.021273060589579, "a_pp_3": 12.330770503965553, "a_pp_4": -34.4721044919645}, "datetime": {"datetime": "2024-07-10 10:53:30", "elapsed": 1404.311695, "delta": 258.137607}}
{"target": -42538.60437112695, "params": {"a_c_1": 4.318989420395534, "a_c_2": 8.317610904578665, "a_mm_0": 10.898233824769761, "a_mm_1": -21.12082007416016, "a_mm_2": -23.242324189188622, "a_mm_3": -14.1510986788924, "a_mm_4": -7.633209984119993, "a_mp_0": -34.265991099603184, "a_mp_1": 10.21472832281691, "a_mp_2": -7.91590777892074, "a_mp_3": 6.498068902455415, "a_mp_4": -26.14982406542039, "a_pm_0": 17.91760106638194, "a_pm_1": 5.061638439102758, "a_pm_2": -19.414368136482313, "a_pm_3": 16.911658817597285, "a_pm_4": 2.0307067379763666, "a_pp_1": 10.433665129174216, "a_pp_2": -37.27016164864787, "a_pp_3": -36.66150753689871, "a_pp_4": 4.564236412977728}, "datetime": {"datetime": "2024-07-10 10:56:57", "elapsed": 1612.046209, "delta": 207.734514}}
{"target": -77199.89882038366, "params": {"a_c_1": 6.093728658967841, "a_c_2": 5.167843658432453, "a_mm_0": -30.62425457972359, "a_mm_1": 18.677144579419085, "a_mm_2": -9.83493713953483, "a_mm_3": 9.740064708483523, "a_mm_4": -35.55773222320022, "a_mp_0": -11.26507286692971, "a_mp_1": -36.263231175653445, "a_mp_2": 13.054485865264233, "a_mp_3": -13.251389277222472, "a_mp_4": -35.887004904289796, "a_pm_0": -35.41022306104257, "a_pm_1": -7.672440519809797, "a_pm_2": -35.466015729686156, "a_pm_3": -28.973660919253433, "a_pm_4": -13.818574950009161, "a_pp_1": -10.133030138892554, "a_pp_2": -5.001285085494558, "a_pp_3": -2.7692391157055596, "a_pp_4": -17.63131002143989}, "datetime": {"datetime": "2024-07-10 11:00:30", "elapsed": 1824.820032, "delta": 212.773823}}
{"target": -89139.38231272894, "params": {"a_c_1": 12.374731659611598, "a_c_2": 1.5724465838513624, "a_mm_0": -23.469491473978383, "a_mm_1": 7.92309623577863, "a_mm_2": -30.81464195640903, "a_mm_3": -26.600621626855794, "a_mm_4": -25.421309218362694, "a_mp_0": -11.229561710615986, "a_mp_1": -39.955268677486124, "a_mp_2": -38.18131836865201, "a_mp_3": -12.307110901131672, "a_mp_4": -30.248758908008845, "a_pm_0": 0.7701082263971131, "a_pm_1": 7.712275230598308, "a_pm_2": -5.310198475737387, "a_pm_3": 1.6858986303923444, "a_pm_4": -16.54251905596728, "a_pp_1": -37.2222278204231, "a_pp_2": -13.634708042221039, "a_pp_3": -17.681181267433615, "a_pp_4": -4.179805467980195}, "datetime": {"datetime": "2024-07-10 11:03:47", "elapsed": 2021.863947, "delta": 197.043915}}
{"target": -63537.09347980406, "params": {"a_c_1": 2.684363393980662, "a_c_2": 2.277128967218359, "a_mm_0": 8.886944991636788, "a_mm_1": -24.140468401587214, "a_mm_2": -15.380787705570206, "a_mm_3": 16.158330589746896, "a_mm_4": -23.466852218748727, "a_mp_0": -31.282602468786166, "a_mp_1": 2.1212077598871417, "a_mp_2": -5.976006973523525, "a_mp_3": -3.30436986720418, "a_mp_4": -37.47814894038558, "a_pm_0": -14.963986314566394, "a_pm_1": -39.74401394997044, "a_pm_2": -25.20787186834663, "a_pm_3": 2.3633710150403786, "a_pm_4": -36.30755704475801, "a_pp_1": -22.31839008380321, "a_pp_2": 19.28676516873069, "a_pp_3": 18.273333813618528, "a_pp_4": -11.089216679217703}, "datetime": {"datetime": "2024-07-10 11:07:45", "elapsed": 2260.072487, "delta": 238.20854}}
{"target": -55880.948480376814, "params": {"a_c_1": 14.713867730564917, "a_c_2": 6.326557741861389, "a_mm_0": -12.058415713375798, "a_mm_1": 11.423985958479179, "a_mm_2": -29.64890487002926, "a_mm_3": 9.705915334646633, "a_mm_4": -37.47582859250092, "a_mp_0": 12.01722150876791, "a_mp_1": 0.5597952480948649, "a_mp_2": -13.245153405347885, "a_mp_3": 0.29421485805661973, "a_mp_4": -12.377889766645488, "a_pm_0": 6.8001933427151116, "a_pm_1": -33.19335496815296, "a_pm_2": -9.510554269083677, "a_pm_3": 12.289372396632373, "a_pm_4": 15.651756548721352, "a_pp_1": -26.77982010710124, "a_pp_2": -24.884181846722868, "a_pp_3": 14.240748296539323, "a_pp_4": -19.26895967709229}, "datetime": {"datetime": "2024-07-10 11:11:22", "elapsed": 2477.146918, "delta": 217.074431}}
{"target": -25112.595465424718, "params": {"a_c_1": 1.137451480974312, "a_c_2": 7.148866721120328, "a_mm_0": -15.134868450798528, "a_mm_1": 4.119451249708646, "a_mm_2": -11.374501993397839, "a_mm_3": -9.966066733814085, "a_mm_4": -14.946285375484631, "a_mp_0": -22.57090623789091, "a_mp_1": 14.042652043241056, "a_mp_2": 0.12725467910643573, "a_mp_3": 7.329940600578027, "a_mp_4": 13.744371865587041, "a_pm_0": -24.988663456638395, "a_pm_1": 15.189236838345344, "a_pm_2": 11.756305235513487, "a_pm_3": -9.634884272500816, "a_pm_4": -5.925869551358161, "a_pp_1": -33.10406571779329, "a_pp_2": 5.726950433466115, "a_pp_3": -29.60649956894058, "a_pp_4": -7.969837539645425}, "datetime": {"datetime": "2024-07-10 11:14:59", "elapsed": 2693.577359, "delta": 216.430441}}
{"target": -38791.453078546954, "params": {"a_c_1": 2.528746104574384, "a_c_2": 0.7291709358215726, "a_mm_0": -3.4583533743661263, "a_mm_1": -10.5278122230592, "a_mm_2": 0.4885960843563595, "a_mm_3": 7.4512509832570615, "a_mm_4": 18.961249558733975, "a_mp_0": -34.95515913539912, "a_mp_1": -2.127273253985173, "a_mp_2": -5.381506277113125, "a_mp_3": -0.9614693924978184, "a_mp_4": -7.409232711137221, "a_pm_0": -6.557956748187898, "a_pm_1": 12.113278018429313, "a_pm_2": -12.879303017705482, "a_pm_3": -7.9014652821783145, "a_pm_4": 1.4578222259159048, "a_pp_1": -34.63030051629347, "a_pp_2": -14.084480866761414, "a_pp_3": -33.871946757730704, "a_pp_4": -31.731406425338}, "datetime": {"datetime": "2024-07-10 11:17:53", "elapsed": 2867.819674, "delta": 174.242315}}
{"target": -24992.700912416898, "params": {"a_c_1": 0.04251116931818011, "a_c_2": 2.097064361616212, "a_mm_0": -27.001764253705947, "a_mm_1": -9.025331125933427, "a_mm_2": -5.787505690585412, "a_mm_3": 9.437670830194833, "a_mm_4": -10.797328670610572, "a_mp_0": 13.487275935307501, "a_mp_1": -16.296352613490054, "a_mp_2": 4.676686825066547, "a_mp_3": -6.834564254957058, "a_mp_4": -2.570494853660435, "a_pm_0": -23.776480187001244, "a_pm_1": 16.25570047638734, "a_pm_2": 6.17928292147387, "a_pm_3": -31.264298255805603, "a_pm_4": -7.7539378033255915, "a_pp_1": 19.74717833333513, "a_pp_2": -37.0566200496921, "a_pp_3": -21.830809724943194, "a_pp_4": 4.4488022811299786}, "datetime": {"datetime": "2024-07-10 11:20:52", "elapsed": 3046.666915, "delta": 178.847241}}
