{"target": -2235.973029821652, "params": {"a_c_1": 20.0, "a_c_2": 10.0, "a_mm_0": -40.0, "a_mm_1": 20.0, "a_mm_2": -3.0836054573928635, "a_mm_3": 20.0, "a_mm_4": 20.0, "a_mp_0": -40.0, "a_mp_1": -40.0, "a_mp_2": 20.0, "a_mp_3": 20.0, "a_mp_4": 20.0, "a_pm_0": -40.0, "a_pm_1": 20.0, "a_pm_2": 20.0, "a_pm_3": 20.0, "a_pm_4": -2.761648145342146, "a_pp_1": 20.0, "a_pp_2": 20.0, "a_pp_3": 20.0, "a_pp_4": -16.239447874292782}, "datetime": {"datetime": "2024-07-10 20:29:29", "elapsed": 13656.11739, "delta": 440.574147}}
{"target": -921.407838089256, "params": {"a_c_1": 20.0, "a_c_2": 10.0, "a_mm_0": -40.0, "a_mm_1": 20.0, "a_mm_2": 20.0, "a_mm_3": 20.0, "a_mm_4": -24.086002434813366, "a_mp_0": 20.0, "a_mp_1": 20.0, "a_mp_2": 20.0, "a_mp_3": 20.0, "a_mp_4": 20.0, "a_pm_0": 20.0, "a_pm_1": 20.0, "a_pm_2": 20.0, "a_pm_3": -40.0, "a_pm_4": 20.0, "a_pp_1": 20.0, "a_pp_2": 12.192684953155146, "a_pp_3": 20.0, "a_pp_4": 20.0}, "datetime": {"datetime": "2024-07-10 20:45:47", "elapsed": 14634.129077, "delta": 978.011687}}
{"target": -3511.7805364205856, "params": {"a_c_1": 20.0, "a_c_2": 0.0, "a_mm_0": 20.0, "a_mm_1": 20.0, "a_mm_2": -40.0, "a_mm_3": 20.0, "a_mm_4": 20.0, "a_mp_0": 20.0, "a_mp_1": 20.0, "a_mp_2": 20.0, "a_mp_3": 20.0, "a_mp_4": -40.0, "a_pm_0": -40.0, "a_pm_1": 20.0, "a_pm_2": -40.0, "a_pm_3": 20.0, "a_pm_4": 20.0, "a_pp_1": 20.0, "a_pp_2": 20.0, "a_pp_3": 20.0, "a_pp_4": 20.0}, "datetime": {"datetime": "2024-07-10 20:53:53", "elapsed": 15120.446454, "delta": 486.317377}}
{"target": -1673.0185236224347, "params": {"a_c_1": 0.0, "a_c_2": 10.0, "a_mm_0": -40.0, "a_mm_1": 20.0, "a_mm_2": 20.0, "a_mm_3": 20.0, "a_mm_4": -24.532658154756135, "a_mp_0": -40.0, "a_mp_1": 20.0, "a_mp_2": 20.0, "a_mp_3": 20.0, "a_mp_4": 20.0, "a_pm_0": 20.0, "a_pm_1": 20.0, "a_pm_2": -40.0, "a_pm_3": -4.782835639436685, "a_pm_4": 20.0, "a_pp_1": -40.0, "a_pp_2": 20.0, "a_pp_3": 20.0, "a_pp_4": 20.0}, "datetime": {"datetime": "2024-07-10 21:03:32", "elapsed": 15699.01911, "delta": 578.572656}}
{"target": -1183.5774964712093, "params": {"a_c_1": 20.0, "a_c_2": 10.0, "a_mm_0": 20.0, "a_mm_1": -40.0, "a_mm_2": 20.0, "a_mm_3": 20.0, "a_mm_4": -18.165895526522913, "a_mp_0": 20.0, "a_mp_1": -26.945742526327784, "a_mp_2": -4.712108980248129, "a_mp_3": -27.529023249293683, "a_mp_4": 20.0, "a_pm_0": 20.0, "a_pm_1": 20.0, "a_pm_2": 20.0, "a_pm_3": -8.158007815888284, "a_pm_4": -5.346807819380166, "a_pp_1": 20.0, "a_pp_2": 20.0, "a_pp_3": 20.0, "a_pp_4": 20.0}, "datetime": {"datetime": "2024-07-10 21:19:43", "elapsed": 16670.682929, "delta": 971.663819}}
{"target": -532.0255373825138, "params": {"a_c_1": 0.0, "a_c_2": 10.0, "a_mm_0": -40.0, "a_mm_1": 20.0, "a_mm_2": 20.0, "a_mm_3": 20.0, "a_mm_4": -3.64957971592229, "a_mp_0": -40.0, "a_mp_1": 20.0, "a_mp_2": 20.0, "a_mp_3": 20.0, "a_mp_4": 20.0, "a_pm_0": -40.0, "a_pm_1": 20.0, "a_pm_2": 20.0, "a_pm_3": -40.0, "a_pm_4": 20.0, "a_pp_1": 20.0, "a_pp_2": 20.0, "a_pp_3": 20.0, "a_pp_4": 20.0}, "datetime": {"datetime": "2024-07-10 21:39:15", "elapsed": 17841.941827, "delta": 1171.258898}}
{"target": -3532.0918273479247, "params": {"a_c_1": 0.0, "a_c_2": 0.0, "a_mm_0": -40.0, "a_mm_1": 20.0, "a_mm_2": 20.0, "a_mm_3": 20.0, "a_mm_4": -1.9355604534750601, "a_mp_0": -40.0, "a_mp_1": 20.0, "a_mp_2": -40.0, "a_mp_3": 20.0, "a_mp_4": 1.1233917306708123, "a_pm_0": 20.0, "a_pm_1": -24.120587826056706, "a_pm_2": -40.0, "a_pm_3": 20.0, "a_pm_4": 20.0, "a_pp_1": 20.0, "a_pp_2": 20.0, "a_pp_3": 20.0, "a_pp_4": 20.0}, "datetime": {"datetime": "2024-07-10 21:54:09", "elapsed": 18735.890192, "delta": 893.948365}}
{"target": -1853.2894123427202, "params": {"a_c_1": 20.0, "a_c_2": 10.0, "a_mm_0": 20.0, "a_mm_1": 20.0, "a_mm_2": -40.0, "a_mm_3": 20.0, "a_mm_4": 20.0, "a_mp_0": 20.0, "a_mp_1": 20.0, "a_mp_2": 20.0, "a_mp_3": 20.0, "a_mp_4": -40.0, "a_pm_0": 20.0, "a_pm_1": 20.0, "a_pm_2": 20.0, "a_pm_3": 20.0, "a_pm_4": 20.0, "a_pp_1": 20.0, "a_pp_2": 20.0, "a_pp_3": 20.0, "a_pp_4": 20.0}, "datetime": {"datetime": "2024-07-10 22:03:48", "elapsed": 19315.597839, "delta": 579.707647}}
{"target": -9285.749221063968, "params": {"a_c_1": 0.0, "a_c_2": 0.0, "a_mm_0": 20.0, "a_mm_1": 20.0, "a_mm_2": 20.0, "a_mm_3": 20.0, "a_mm_4": 20.0, "a_mp_0": 20.0, "a_mp_1": 20.0, "a_mp_2": 20.0, "a_mp_3": 8.684707890950893, "a_mp_4": -40.0, "a_pm_0": -40.0, "a_pm_1": 20.0, "a_pm_2": 20.0, "a_pm_3": 20.0, "a_pm_4": 20.0, "a_pp_1": 20.0, "a_pp_2": -1.1613457445415507, "a_pp_3": -40.0, "a_pp_4": 20.0}, "datetime": {"datetime": "2024-07-10 22:18:00", "elapsed": 20167.081336, "delta": 851.483497}}
{"target": -1193.4177348540964, "params": {"a_c_1": 20.0, "a_c_2": 10.0, "a_mm_0": -40.0, "a_mm_1": 20.0, "a_mm_2": -40.0, "a_mm_3": 20.0, "a_mm_4": 20.0, "a_mp_0": -40.0, "a_mp_1": 20.0, "a_mp_2": -40.0, "a_mp_3": 20.0, "a_mp_4": 20.0, "a_pm_0": 20.0, "a_pm_1": 20.0, "a_pm_2": 20.0, "a_pm_3": -7.632143395957849, "a_pm_4": 20.0, "a_pp_1": 20.0, "a_pp_2": 20.0, "a_pp_3": 20.0, "a_pp_4": 4.5915900104559535}, "datetime": {"datetime": "2024-07-10 22:32:20", "elapsed": 21027.749303, "delta": 860.667967}}
{"target": -149.11496583584946, "params": {"a_c_1": 0.0, "a_c_2": 10.0, "a_mm_0": -40.0, "a_mm_1": -40.0, "a_mm_2": 20.0, "a_mm_3": 20.0, "a_mm_4": 20.0, "a_mp_0": 20.0, "a_mp_1": 20.0, "a_mp_2": 20.0, "a_mp_3": 20.0, "a_mp_4": 20.0, "a_pm_0": -40.0, "a_pm_1": 20.0, "a_pm_2": 20.0, "a_pm_3": -25.187945347117303, "a_pm_4": 20.0, "a_pp_1": 20.0, "a_pp_2": -3.4093276170997635, "a_pp_3": 20.0, "a_pp_4": 20.0}, "datetime": {"datetime": "2024-07-10 22:55:03", "elapsed": 22390.650337, "delta": 1362.901034}}
{"target": -2324.2351744267517, "params": {"a_c_1": 20.0, "a_c_2": 0.0, "a_mm_0": 20.0, "a_mm_1": 20.0, "a_mm_2": 20.0, "a_mm_3": 20.0, "a_mm_4": 20.0, "a_mp_0": -40.0, "a_mp_1": -40.0, "a_mp_2": 20.0, "a_mp_3": 20.0, "a_mp_4": 20.0, "a_pm_0": 20.0, "a_pm_1": 20.0, "a_pm_2": 20.0, "a_pm_3": 20.0, "a_pm_4": -1.373394181806333, "a_pp_1": 20.0, "a_pp_2": -17.535983169174262, "a_pp_3": -31.06307247682211, "a_pp_4": 20.0}, "datetime": {"datetime": "2024-07-10 23:09:42", "elapsed": 23269.063676, "delta": 878.413339}}
{"target": -541.8129261012967, "params": {"a_c_1": 20.0, "a_c_2": 0.0, "a_mm_0": 20.0, "a_mm_1": 20.0, "a_mm_2": 20.0, "a_mm_3": 20.0, "a_mm_4": 20.0, "a_mp_0": -40.0, "a_mp_1": -40.0, "a_mp_2": -40.0, "a_mp_3": 20.0, "a_mp_4": 20.0, "a_pm_0": -40.0, "a_pm_1": 20.0, "a_pm_2": 20.0, "a_pm_3": 20.0, "a_pm_4": -17.256070329590106, "a_pp_1": 20.0, "a_pp_2": 20.0, "a_pp_3": 20.0, "a_pp_4": 20.0}, "datetime": {"datetime": "2024-07-10 23:32:16", "elapsed": 24623.651467, "delta": 1354.587791}}
{"target": -1040.7584225913965, "params": {"a_c_1": 20.0, "a_c_2": 0.0, "a_mm_0": -40.0, "a_mm_1": -40.0, "a_mm_2": 20.0, "a_mm_3": 20.0, "a_mm_4": 20.0, "a_mp_0": 20.0, "a_mp_1": -40.0, "a_mp_2": 20.0, "a_mp_3": 20.0, "a_mp_4": 20.0, "a_pm_0": -40.0, "a_pm_1": -40.0, "a_pm_2": 20.0, "a_pm_3": 20.0, "a_pm_4": 20.0, "a_pp_1": 20.0, "a_pp_2": 20.0, "a_pp_3": 20.0, "a_pp_4": 20.0}, "datetime": {"datetime": "2024-07-10 23:55:01", "elapsed": 25988.247876, "delta": 1364.596409}}
{"target": -38.81277179777634, "params": {"a_c_1": 0.0, "a_c_2": 0.0, "a_mm_0": -40.0, "a_mm_1": 20.0, "a_mm_2": 20.0, "a_mm_3": 20.0, "a_mm_4": 20.0, "a_mp_0": 20.0, "a_mp_1": 20.0, "a_mp_2": 20.0, "a_mp_3": 20.0, "a_mp_4": 20.0, "a_pm_0": 20.0, "a_pm_1": 20.0, "a_pm_2": 20.0, "a_pm_3": 20.0, "a_pm_4": 20.0, "a_pp_1": 20.0, "a_pp_2": 20.0, "a_pp_3": 20.0, "a_pp_4": -11.967633048219012}, "datetime": {"datetime": "2024-07-11 00:18:19", "elapsed": 27386.302094, "delta": 1398.054218}}
{"target": -311.0404297171118, "params": {"a_c_1": 20.0, "a_c_2": 0.0, "a_mm_0": 20.0, "a_mm_1": -40.0, "a_mm_2": 20.0, "a_mm_3": 20.0, "a_mm_4": 20.0, "a_mp_0": 20.0, "a_mp_1": 20.0, "a_mp_2": 20.0, "a_mp_3": 20.0, "a_mp_4": 20.0, "a_pm_0": 20.0, "a_pm_1": 20.0, "a_pm_2": -40.0, "a_pm_3": -36.44187133568425, "a_pm_4": 20.0, "a_pp_1": 20.0, "a_pp_2": 20.0, "a_pp_3": 20.0, "a_pp_4": 20.0}, "datetime": {"datetime": "2024-07-11 00:39:09", "elapsed": 28635.942374, "delta": 1249.64028}}
{"target": -7241.217618625883, "params": {"a_c_1": 0.0, "a_c_2": 0.0, "a_mm_0": -40.0, "a_mm_1": 20.0, "a_mm_2": -40.0, "a_mm_3": 20.0, "a_mm_4": 20.0, "a_mp_0": -40.0, "a_mp_1": 20.0, "a_mp_2": 20.0, "a_mp_3": 20.0, "a_mp_4": -19.186001569713095, "a_pm_0": -40.0, "a_pm_1": 20.0, "a_pm_2": -40.0, "a_pm_3": 20.0, "a_pm_4": 20.0, "a_pp_1": 20.0, "a_pp_2": 20.0, "a_pp_3": -16.60121511385421, "a_pp_4": 20.0}, "datetime": {"datetime": "2024-07-11 00:52:50", "elapsed": 29457.806187, "delta": 821.863813}}
{"target": -517.0483225472591, "params": {"a_c_1": 20.0, "a_c_2": 10.0, "a_mm_0": -40.0, "a_mm_1": 20.0, "a_mm_2": 20.0, "a_mm_3": 20.0, "a_mm_4": 20.0, "a_mp_0": -40.0, "a_mp_1": -40.0, "a_mp_2": 20.0, "a_mp_3": 20.0, "a_mp_4": 20.0, "a_pm_0": 20.0, "a_pm_1": -40.0, "a_pm_2": 20.0, "a_pm_3": 20.0, "a_pm_4": 20.0, "a_pp_1": 20.0, "a_pp_2": 20.0, "a_pp_3": 5.718468086154814, "a_pp_4": 20.0}, "datetime": {"datetime": "2024-07-11 01:17:44", "elapsed": 30951.844691, "delta": 1494.038504}}
{"target": -2293.3148941421996, "params": {"a_c_1": 20.0, "a_c_2": 10.0, "a_mm_0": -40.0, "a_mm_1": 20.0, "a_mm_2": -29.10070684040701, "a_mm_3": -35.82767561960019, "a_mm_4": 20.0, "a_mp_0": 20.0, "a_mp_1": 20.0, "a_mp_2": 20.0, "a_mp_3": 20.0, "a_mp_4": 20.0, "a_pm_0": 20.0, "a_pm_1": 20.0, "a_pm_2": 20.0, "a_pm_3": 12.362303577227339, "a_pm_4": -37.065739826553695, "a_pp_1": 20.0, "a_pp_2": 20.0, "a_pp_3": 20.0, "a_pp_4": 20.0}, "datetime": {"datetime": "2024-07-11 01:27:04", "elapsed": 31511.807421, "delta": 559.96273}}
{"target": -3041.4929320822675, "params": {"a_c_1": 0.0, "a_c_2": 10.0, "a_mm_0": -40.0, "a_mm_1": 20.0, "a_mm_2": 20.0, "a_mm_3": 20.0, "a_mm_4": 20.0, "a_mp_0": 20.0, "a_mp_1": 20.0, "a_mp_2": 20.0, "a_mp_3": 20.0, "a_mp_4": -21.122334126916368, "a_pm_0": 20.0, "a_pm_1": 20.0, "a_pm_2": 20.0, "a_pm_3": 10.663423532638724, "a_pm_4": 20.0, "a_pp_1": 20.0, "a_pp_2": -17.548434275564706, "a_pp_3": -35.77716079324562, "a_pp_4": 20.0}, "datetime": {"datetime": "2024-07-11 01:46:36", "elapsed": 32683.487848, "delta": 1171.680427}}
{"target": -1179.5474371297387, "params": {"a_c_1": 0.0, "a_c_2": 0.0, "a_mm_0": -40.0, "a_mm_1": 20.0, "a_mm_2": -11.533007987061861, "a_mm_3": 20.0, "a_mm_4": 20.0, "a_mp_0": 20.0, "a_mp_1": 20.0, "a_mp_2": 20.0, "a_mp_3": 20.0, "a_mp_4": -31.030955390467046, "a_pm_0": 20.0, "a_pm_1": -40.0, "a_pm_2": 20.0, "a_pm_3": 20.0, "a_pm_4": 20.0, "a_pp_1": -40.0, "a_pp_2": 20.0, "a_pp_3": 20.0, "a_pp_4": 20.0}, "datetime": {"datetime": "2024-07-11 02:02:13", "elapsed": 33620.08859, "delta": 936.600742}}
{"target": -2708.276491194176, "params": {"a_c_1": 0.0, "a_c_2": 0.0, "a_mm_0": -40.0, "a_mm_1": 20.0, "a_mm_2": 20.0, "a_mm_3": 20.0, "a_mm_4": 20.0, "a_mp_0": 20.0, "a_mp_1": -33.92971132624106, "a_mp_2": 20.0, "a_mp_3": 20.0, "a_mp_4": 20.0, "a_pm_0": -40.0, "a_pm_1": 20.0, "a_pm_2": 20.0, "a_pm_3": -27.40365529573806, "a_pm_4": -32.333276582183736, "a_pp_1": 20.0, "a_pp_2": 20.0, "a_pp_3": 20.0, "a_pp_4": 20.0}, "datetime": {"datetime": "2024-07-11 02:10:41", "elapsed": 34128.056003, "delta": 507.967413}}
{"target": -1202.6735145021232, "params": {"a_c_1": 0.0, "a_c_2": 10.0, "a_mm_0": -40.0, "a_mm_1": 20.0, "a_mm_2": 20.0, "a_mm_3": 20.0, "a_mm_4": 6.34928249626399, "a_mp_0": -40.0, "a_mp_1": -40.0, "a_mp_2": -40.0, "a_mp_3": 20.0, "a_mp_4": 20.0, "a_pm_0": -40.0, "a_pm_1": -40.0, "a_pm_2": 20.0, "a_pm_3": -5.570608902610082, "a_pm_4": 20.0, "a_pp_1": 20.0, "a_pp_2": 20.0, "a_pp_3": 20.0, "a_pp_4": 20.0}, "datetime": {"datetime": "2024-07-11 02:41:50", "elapsed": 35997.069152, "delta": 1869.013149}}
{"target": -750.7852202810872, "params": {"a_c_1": 0.0, "a_c_2": 10.0, "a_mm_0": -40.0, "a_mm_1": 20.0, "a_mm_2": 20.0, "a_mm_3": -40.0, "a_mm_4": 20.0, "a_mp_0": 20.0, "a_mp_1": 20.0, "a_mp_2": 20.0, "a_mp_3": 20.0, "a_mp_4": 20.0, "a_pm_0": 20.0, "a_pm_1": -40.0, "a_pm_2": 20.0, "a_pm_3": 12.56736341940228, "a_pm_4": 20.0, "a_pp_1": 20.0, "a_pp_2": 20.0, "a_pp_3": 20.0, "a_pp_4": 20.0}, "datetime": {"datetime": "2024-07-11 02:58:28", "elapsed": 36995.211269, "delta": 998.142117}}
{"target": -1126.7766679364079, "params": {"a_c_1": 20.0, "a_c_2": 0.0, "a_mm_0": 20.0, "a_mm_1": -40.0, "a_mm_2": -40.0, "a_mm_3": 20.0, "a_mm_4": 20.0, "a_mp_0": -40.0, "a_mp_1": 20.0, "a_mp_2": 20.0, "a_mp_3": 20.0, "a_mp_4": 20.0, "a_pm_0": -40.0, "a_pm_1": 20.0, "a_pm_2": -35.203715696286615, "a_pm_3": -25.497922600921697, "a_pm_4": 20.0, "a_pp_1": 20.0, "a_pp_2": 20.0, "a_pp_3": 20.0, "a_pp_4": 20.0}, "datetime": {"datetime": "2024-07-11 03:13:40", "elapsed": 37907.811756, "delta": 912.600487}}
{"target": -336.81854058760575, "params": {"a_c_1": 20.0, "a_c_2": 10.0, "a_mm_0": 20.0, "a_mm_1": -40.0, "a_mm_2": 20.0, "a_mm_3": 20.0, "a_mm_4": 16.814255433120927, "a_mp_0": 20.0, "a_mp_1": 20.0, "a_mp_2": -33.73514255934583, "a_mp_3": -40.0, "a_mp_4": -10.586120036353208, "a_pm_0": 20.0, "a_pm_1": 20.0, "a_pm_2": 1.6058181023040172, "a_pm_3": 20.0, "a_pm_4": 20.0, "a_pp_1": 20.0, "a_pp_2": 20.0, "a_pp_3": 20.0, "a_pp_4": 20.0}, "datetime": {"datetime": "2024-07-10 16:37:36", "elapsed": 0.0, "delta": 0.0}}
{"target": -1307.5057839117326, "params": {"a_c_1": 20.0, "a_c_2": 10.0, "a_mm_0": 20.0, "a_mm_1": 20.0, "a_mm_2": 20.0, "a_mm_3": -15.275077916788524, "a_mm_4": -15.037244649163057, "a_mp_0": 20.0, "a_mp_1": 20.0, "a_mp_2": -20.73965518085644, "a_mp_3": -12.89278515293146, "a_mp_4": -14.151448596266162, "a_pm_0": -7.4299157109284195, "a_pm_1": -28.893709923596443, "a_pm_2": -3.485717380421839, "a_pm_3": 9.482614178624718, "a_pm_4": 20.0, "a_pp_1": 20.0, "a_pp_2": 20.0, "a_pp_3": 20.0, "a_pp_4": 20.0}, "datetime": {"datetime": "2024-07-10 16:44:03", "elapsed": 386.463817, "delta": 386.463817}}
{"target": -340.5451496261221, "params": {"a_c_1": 20.0, "a_c_2": 7.24, "a_mm_0": 20.0, "a_mm_1": -6.260724941991665, "a_mm_2": -14.822886255653897, "a_mm_3": -11.288499789596825, "a_mm_4": 13.517326765182293, "a_mp_0": 20.0, "a_mp_1": 20.0, "a_mp_2": 14.621851170430844, "a_mp_3": -8.881130259804422, "a_mp_4": -10.153042792016333, "a_pm_0": -40.0, "a_pm_1": 5.695307031010211, "a_pm_2": 0.624959278731616, "a_pm_3": 5.639922615018769, "a_pm_4": -6.81525423635212, "a_pp_1": 20.0, "a_pp_2": 20.0, "a_pp_3": 20.0, "a_pp_4": 20.0}, "datetime": {"datetime": "2024-07-10 16:52:16", "elapsed": 880.275396, "delta": 493.811579}}
{"target": -938.7096486768306, "params": {"a_c_1": 20.0, "a_c_2": 10.0, "a_mm_0": 20.0, "a_mm_1": -3.029564316508262, "a_mm_2": 13.61539727517206, "a_mm_3": 17.41486272618342, "a_mm_4": -14.695411241638023, "a_mp_0": 20.0, "a_mp_1": 20.0, "a_mp_2": 11.47860616142753, "a_mp_3": -5.671806345302794, "a_mp_4": -6.954318148616469, "a_pm_0": -40.0, "a_pm_1": -21.975906532675115, "a_pm_2": 3.913500606054379, "a_pm_3": -22.02745664294407, "a_pm_4": 20.0, "a_pp_1": 2.2465802580989553, "a_pp_2": 17.592887844253532, "a_pp_3": 20.0, "a_pp_4": 20.0}, "datetime": {"datetime": "2024-07-10 16:59:45", "elapsed": 1328.911681, "delta": 448.636285}}
{"target": -216.74785008665825, "params": {"a_c_1": 20.0, "a_c_2": 10.0, "a_mm_0": 20.0, "a_mm_1": -0.44463581612154, "a_mm_2": -9.135229549488706, "a_mm_3": -5.547827286440777, "a_mm_4": -12.18761230769844, "a_mp_0": 2.1200704725769093, "a_mp_1": 20.0, "a_mp_2": -11.152757903396335, "a_mp_3": -3.10434721370149, "a_mp_4": 16.076499283862553, "a_pm_0": -37.78370689802967, "a_pm_1": -19.516243104791975, "a_pm_2": 6.544333667912589, "a_pm_3": -19.568134042236263, "a_pm_4": -1.0074830498974023, "a_pp_1": 20.0, "a_pp_2": 15.040373811110875, "a_pp_3": 20.0, "a_pp_4": 20.0}, "datetime": {"datetime": "2024-07-10 17:12:49", "elapsed": 2113.065164, "delta": 784.153483}}
{"target": -769.4308631641081, "params": {"a_c_1": 20.0, "a_c_2": 8.58688, "a_mm_0": 5.131827731946281, "a_mm_1": 1.6233069841878383, "a_mm_2": 9.06527191023991, "a_mm_3": -3.5066992853186267, "a_mm_4": -10.181373160546773, "a_mp_0": 20.0, "a_mp_1": 19.078643697664226, "a_mp_2": 6.952333348462758, "a_mp_3": -1.0503799084204468, "a_mp_4": -2.348154662120665, "a_pm_0": -19.282348460177477, "a_pm_1": -17.548512362485464, "a_pm_2": 8.649000117399158, "a_pm_3": -10.124151412266306, "a_pm_4": 1.0575022608420532, "a_pp_1": 20.0, "a_pp_2": -3.337727227516263, "a_pp_3": 11.521279999999999, "a_pp_4": 20.0}, "datetime": {"datetime": "2024-07-10 17:21:10", "elapsed": 2613.527555, "delta": 500.462391}}
{"target": -186.13520990720446, "params": {"a_c_1": 20.0, "a_c_2": 8.869504, "a_mm_0": 20.0, "a_mm_1": 16.51249514641536, "a_mm_2": -5.495129257542985, "a_mm_3": 11.18942232276086, "a_mm_4": -8.57638184282544, "a_mp_0": 5.866624833696849, "a_mp_1": 4.15651771648802, "a_mp_2": 5.34299190385306, "a_mp_3": 0.5927939358043872, "a_mp_4": -0.7104076446999352, "a_pm_0": -34.083435210459236, "a_pm_1": -3.380851017878573, "a_pm_2": 10.332733276988414, "a_pm_3": -16.02670949721702, "a_pm_4": 2.709490509433617, "a_pp_1": 20.0, "a_pp_2": 11.364753603385449, "a_pp_3": 13.217023999999999, "a_pp_4": 13.217023999999999}, "datetime": {"datetime": "2024-07-10 17:28:08", "elapsed": 3031.59849, "delta": 418.070935}}
{"target": -7.907272787325881, "params": {"a_c_1": 20.0, "a_c_2": 9.0956032, "a_mm_0": 18.817837741337033, "a_mm_1": 4.601144616633342, "a_mm_2": -4.200871375962283, "a_mm_3": 9.883100402042684, "a_mm_4": 2.9795556447681633, "a_mp_0": 17.85559878928066, "a_mp_1": 5.482928914814794, "a_mp_2": -6.24426649733676, "a_mp_3": 12.423645614223197, "a_mp_4": 0.5997899692366486, "a_pm_0": -22.242565810233828, "a_pm_1": -14.714980093564087, "a_pm_2": 11.679719804659817, "a_pm_3": -4.694150953155439, "a_pm_4": 4.031081108306868, "a_pp_1": 20.0, "a_pp_2": 10.057866418416408, "a_pp_3": 14.5736192, "a_pp_4": 14.5736192}, "datetime": {"datetime": "2024-07-10 17:46:23", "elapsed": 4126.827246, "delta": 1095.228756}}
{"target": -10.3955814251813, "params": {"a_c_1": 20.0, "a_c_2": 9.86434048, "a_mm_0": 14.278088079685467, "a_mm_1": 0.10130108316013509, "a_mm_2": -8.601348173336667, "a_mm_3": 5.441605871600883, "a_mm_4": -1.3860207394338642, "a_mp_0": 13.326430850504552, "a_mp_1": 0.9731308405037629, "a_mp_2": -1.8668577679983835, "a_mp_3": 7.954212757931646, "a_mp_4": -3.854881918147739, "a_pm_0": -17.769348481259783, "a_pm_1": -18.99676218882306, "a_pm_2": 16.259473998742592, "a_pm_3": -8.975339736467593, "a_pm_4": 8.524489144475922, "a_pp_1": 15.474981892043164, "a_pp_2": 14.501282847311147, "a_pp_3": 9.961195519999999, "a_pp_4": 9.961195519999999}, "datetime": {"datetime": "2024-07-10 17:59:11", "elapsed": 4895.066847, "delta": 768.239601}}
{"target": -15.395712275814171, "params": {"a_c_1": 20.0, "a_c_2": 8.480613375999999, "a_mm_0": 20.0, "a_mm_1": 8.201019443411909, "a_mm_2": -7.721252813861792, "a_mm_3": 13.436296026396125, "a_mm_4": 6.472016752129786, "a_mp_0": 14.232264438259774, "a_mp_1": 9.090767374263619, "a_mp_2": -2.7423395138660585, "a_mp_3": 8.848099329189957, "a_mp_4": 4.163527479144159, "a_pm_0": -25.82113967341306, "a_pm_1": -18.140405769771263, "a_pm_2": 8.015916449393597, "a_pm_3": -1.2691999265057161, "a_pm_4": 7.625807537242112, "a_pp_1": 16.37998551363453, "a_pp_2": 6.503133275300616, "a_pp_3": 10.883680255999998, "a_pp_4": 10.883680255999998}, "datetime": {"datetime": "2024-07-10 18:16:21", "elapsed": 5924.910484, "delta": 1029.843637}}
{"target": -5.659911126391549, "params": {"a_c_1": 20.0, "a_c_2": 9.5875950592, "a_mm_0": 15.91239795788003, "a_mm_1": 1.7212447552104893, "a_mm_2": -1.3845662256426756, "a_mm_3": 12.725656901525436, "a_mm_4": 0.18558675887886533, "a_mp_0": 14.95693130846395, "a_mp_1": 8.369199682373853, "a_mp_2": -9.045808084113322, "a_mp_3": 15.284082642249789, "a_mp_4": -2.2512000386893596, "a_pm_0": -25.105424900777216, "a_pm_1": -11.974639552598344, "a_pm_2": 8.74867712044684, "a_pm_3": -7.434111774475217, "a_pm_4": 6.906862251455063, "a_pp_1": 17.103988410907625, "a_pp_2": 7.214079903923775, "a_pp_3": 17.5255703552, "a_pp_4": 11.621668044799998}, "datetime": {"datetime": "2024-07-10 18:33:59", "elapsed": 6983.001458, "delta": 1058.090974}}
{"target": -7.393353273805213, "params": {"a_c_1": 19.25911814144, "a_c_2": 9.16940197888, "a_mm_0": 13.442774141941577, "a_mm_1": 4.169159637419915, "a_mm_2": 1.0092931521289903, "a_mm_3": 10.309483876965096, "a_mm_4": 2.5604603118847686, "a_mp_0": 12.493063949769748, "a_mp_1": 10.822529834799054, "a_mp_2": -11.4271184328734, "a_mp_3": 12.852711168427184, "a_mp_4": -4.674541545426466, "a_pm_0": -27.538855127739094, "a_pm_1": -14.303929012419225, "a_pm_2": 6.257290838865812, "a_pm_3": -9.763078472597028, "a_pm_4": 4.462448279779098, "a_pp_1": 19.565598261636143, "a_pp_2": 9.631298441242514, "a_pp_3": 15.01641187328, "a_pp_4": 14.13082652672}, "datetime": {"datetime": "2024-07-10 18:51:20", "elapsed": 8023.659489, "delta": 1040.658031}}
{"target": -6.908318182671503, "params": {"a_c_1": 20.0, "a_c_2": 9.253040594944, "a_mm_0": 17.88809701063079, "a_mm_1": -0.23708715055705087, "a_mm_2": -3.2996537278600084, "a_mm_3": 10.792718481877165, "a_mm_4": 2.085485601283588, "a_mp_0": 12.985837421508588, "a_mp_1": 6.406535560433692, "a_mp_2": -7.14075980510526, "a_mp_3": 13.338985463191706, "a_mp_4": -4.189873244079045, "a_pm_0": -27.05216908234672, "a_pm_1": -10.11120798474164, "a_pm_2": 6.755568095182017, "a_pm_3": -9.297285132972666, "a_pm_4": 4.95133107411429, "a_pp_1": 19.07327629149044, "a_pp_2": 5.280305074068784, "a_pp_3": 19.532897140736, "a_pp_4": 9.614341259263997}, "datetime": {"datetime": "2024-07-10 19:09:10", "elapsed": 9094.296357, "delta": 1070.636868}}
