{"target": -61154.68910742023, "params": {"a_c_1": 16.548982729246895, "a_c_2": 8.239152626753683, "a_mm_0": 0.9511086719605615, "a_mm_1": -36.83256832503108, "a_mm_2": -0.7175766866179103, "a_mm_3": -13.206352048160149, "a_mm_4": -21.37353989831265, "a_mp_0": -8.867133688235494, "a_mp_1": -0.12578852829454235, "a_mp_2": -16.593738070567635, "a_mp_3": -15.46940940887793, "a_mp_4": -27.07554804121057, "a_pm_0": -30.011354638058712, "a_pm_1": -2.634576967021026, "a_pm_2": 18.483480821852496, "a_pm_3": -34.11402822397007, "a_pm_4": -0.5834869986086559, "a_pp_1": -4.018345650708191, "a_pp_2": 4.8587933989258545, "a_pp_3": -20.851568347563703, "a_pp_4": -24.30259212833846}, "datetime": {"datetime": "2024-07-10 12:56:21", "elapsed": 8775.220574, "delta": 202.541688}}
{"target": -18947.024725032847, "params": {"a_c_1": 5.742338331862788, "a_c_2": 8.378155785725417, "a_mm_0": 10.929461992291067, "a_mm_1": 8.76594648082952, "a_mm_2": -23.28366557481508, "a_mm_3": -17.32955776669585, "a_mm_4": -22.5848783180087, "a_mp_0": 1.1821591555948672, "a_mp_1": -25.893307611149986, "a_mp_2": 4.582134571247543, "a_mp_3": 7.576696995125914, "a_mp_4": -7.998700377518205, "a_pm_0": -29.52942086755478, "a_pm_1": -24.248478146574964, "a_pm_2": -5.967256134708357, "a_pm_3": 4.108792255308103, "a_pm_4": -27.949795992740576, "a_pp_1": -1.1073758945028942, "a_pp_2": 14.515983145672621, "a_pp_3": 3.933596284233701, "a_pp_4": 13.305015476791205}, "datetime": {"datetime": "2024-07-10 13:00:28", "elapsed": 9023.008382, "delta": 247.787808}}
{"target": -56316.79850060861, "params": {"a_c_1": 19.175514657133036, "a_c_2": 2.7448243750476475, "a_mm_0": -27.51759130553216, "a_mm_1": 14.037070387016968, "a_mm_2": -16.628837914992733, "a_mm_3": -33.52523930999819, "a_mm_4": -2.590918137061486, "a_mp_0": -11.287972380944574, "a_mp_1": -28.477872041805643, "a_mp_2": 14.97078354381641, "a_mp_3": -11.211156091555228, "a_mp_4": 19.47061614356943, "a_pm_0": -23.12181479825878, "a_pm_1": -36.42215118040571, "a_pm_2": 14.45855981909554, "a_pm_3": -22.225436621409692, "a_pm_4": 15.428218784011086, "a_pp_1": -10.92312686098522, "a_pp_2": 1.600565152320229, "a_pp_3": -33.02581136694158, "a_pp_4": -24.123632744475245}, "datetime": {"datetime": "2024-07-10 13:03:35", "elapsed": 9209.700076, "delta": 186.691694}}
{"target": -38550.44901433165, "params": {"a_c_1": 13.577658115264583, "a_c_2": 9.522767462374677, "a_mm_0": 9.200140272825244, "a_mm_1": 14.27153925587438, "a_mm_2": 6.481475550995285, "a_mm_3": 18.321339129444453, "a_mm_4": -25.715859324762583, "a_mp_0": -32.657403632169554, "a_mp_1": -25.56878406863129, "a_mp_2": -5.195087081490179, "a_mp_3": -17.75810983431078, "a_mp_4": -37.890076555907704, "a_pm_0": -32.51837441316159, "a_pm_1": -23.12886251009322, "a_pm_2": -19.87465257836601, "a_pm_3": -20.946740661774093, "a_pm_4": -6.069362200318253, "a_pp_1": -0.6739587790598804, "a_pp_2": 10.688877344896909, "a_pp_3": -17.20609928427261, "a_pp_4": 16.279702128224137}, "datetime": {"datetime": "2024-07-10 13:08:04", "elapsed": 9479.113722, "delta": 269.413646}}
{"target": -27509.064173687995, "params": {"a_c_1": 7.621340601409361, "a_c_2": 4.233452555815385, "a_mm_0": -15.144301456613785, "a_mm_1": 5.879699066684999, "a_mm_2": 4.267454802704229, "a_mm_3": -14.659270944495486, "a_mm_4": -19.441604828695493, "a_mp_0": -35.052364013929456, "a_mp_1": -24.771773550348815, "a_mp_2": -35.46845469600447, "a_mp_3": -20.04426769408495, "a_mp_4": -28.63651715791177, "a_pm_0": -1.2516092938606604, "a_pm_1": 4.776063429177746, "a_pm_2": -10.689247871215109, "a_pm_3": -11.047712093392416, "a_pm_4": -19.326438451134177, "a_pp_1": 17.547806107679, "a_pp_2": 19.602005547080168, "a_pp_3": -1.4615096816532613, "a_pp_4": 10.772589146363607}, "datetime": {"datetime": "2024-07-10 13:11:23", "elapsed": 9677.623867, "delta": 198.510145}}
{"target": -15900.161739419362, "params": {"a_c_1": 7.512998126286865, "a_c_2": 5.878350049656104, "a_mm_0": -17.83868617920889, "a_mm_1": 16.94212153495944, "a_mm_2": -3.535194321972213, "a_mm_3": 13.646720863347909, "a_mm_4": -2.919183094870128, "a_mp_0": -34.91382835782013, "a_mp_1": -21.501394052579997, "a_mp_2": -4.413247732398595, "a_mp_3": 14.936470357674338, "a_mp_4": -0.5950680982165224, "a_pm_0": -18.74064457955702, "a_pm_1": -0.5280931538554938, "a_pm_2": -2.0438828827320634, "a_pm_3": 18.3234714753548, "a_pm_4": -3.5603862556852235, "a_pp_1": -39.51556448847303, "a_pp_2": 19.225889794575743, "a_pp_3": -31.25655907087098, "a_pp_4": -18.33679461505509}, "datetime": {"datetime": "2024-07-10 13:15:46", "elapsed": 9940.922141, "delta": 263.298274}}
{"target": -41426.52810535269, "params": {"a_c_1": 19.293074950603263, "a_c_2": 6.723533806335898, "a_mm_0": 0.9440487595146294, "a_mm_1": -13.964209343372712, "a_mm_2": -15.95811752440365, "a_mm_3": -21.80826955960166, "a_mm_4": 5.674911315779937, "a_mp_0": -18.150279010554048, "a_mp_1": -32.55666029812086, "a_mp_2": -27.812072825862685, "a_mp_3": -31.365617778470472, "a_mp_4": 13.859740383014106, "a_pm_0": -23.924444628596994, "a_pm_1": -26.12825367597666, "a_pm_2": -0.6953511720115202, "a_pm_3": -21.953308658731277, "a_pm_4": 8.229871648766917, "a_pp_1": 1.2117329878506666, "a_pp_2": -4.631891562370086, "a_pp_3": -11.415500442673057, "a_pp_4": -17.412025531136614}, "datetime": {"datetime": "2024-07-10 13:18:49", "elapsed": 10123.632704, "delta": 182.710563}}
{"target": -34640.7987723007, "params": {"a_c_1": 8.819511491481842, "a_c_2": 7.070023905051275, "a_mm_0": -36.45903494869189, "a_mm_1": -26.10970596277022, "a_mm_2": 1.9756808760023787, "a_mm_3": 2.5309750222537843, "a_mm_4": -5.664735379464041, "a_mp_0": -24.31029417973219, "a_mp_1": -26.471018038447745, "a_mp_2": -7.993629941054493, "a_mp_3": -24.180102829751938, "a_mp_4": 4.366898570987516, "a_pm_0": 6.061707664699696, "a_pm_1": 3.1620448935208287, "a_pm_2": -2.252085426817267, "a_pm_3": 13.601886282209797, "a_pm_4": -6.843019220519594, "a_pp_1": -23.076919444942128, "a_pp_2": -25.734124327082647, "a_pp_3": -33.99463634368722, "a_pp_4": -2.9347883573083777}, "datetime": {"datetime": "2024-07-10 13:21:36", "elapsed": 10290.624643, "delta": 166.991939}}
{"target": -30248.35827031386, "params": {"a_c_1": 15.303984079852464, "a_c_2": 6.102615053919932, "a_mm_0": -32.055584207594066, "a_mm_1": 2.0692260571802805, "a_mm_2": 4.34941490792383, "a_mm_3": -17.86615939777092, "a_mm_4": -7.16046132752588, "a_mp_0": -35.374000288013434, "a_mp_1": -4.08513671172539, "a_mp_2": -38.88130436719788, "a_mp_3": -19.111392259593934, "a_mp_4": 8.54042187347028, "a_pm_0": -2.2733559471618747, "a_pm_1": -17.50660065717443, "a_pm_2": 14.828084432647621, "a_pm_3": -2.370412066404235, "a_pm_4": 15.78050789643914, "a_pp_1": -10.642440869629361, "a_pp_2": -0.7450247882599044, "a_pp_3": -1.4331484057317283, "a_pp_4": -36.891946565000175}, "datetime": {"datetime": "2024-07-10 13:25:16", "elapsed": 10510.249029, "delta": 219.624386}}
{"target": -2230.988652651779, "params": {"a_c_1": 2.7942639385322754, "a_c_2": 1.2423019561183268, "a_mm_0": -27.507614355221364, "a_mm_1": 19.245346298112835, "a_mm_2": 0.3063466177647953, "a_mm_3": 3.2620154019036036, "a_mm_4": 15.277355291545916, "a_mp_0": -29.096128352070647, "a_mp_1": 5.19753841833915, "a_mp_2": -8.596367867986881, "a_mp_3": -17.250839780536545, "a_mp_4": 4.759546210189022, "a_pm_0": 7.9324388713246705, "a_pm_1": -4.258253588853812, "a_pm_2": 1.180213455502276, "a_pm_3": 11.084794580943637, "a_pm_4": -18.309025899886898, "a_pp_1": 10.149409201101108, "a_pp_2": -11.363343865643575, "a_pp_3": 14.878333265792016, "a_pp_4": 3.0553488963278994}, "datetime": {"datetime": "2024-07-10 13:30:14", "elapsed": 10808.694844, "delta": 298.445815}}
{"target": -48911.00520583705, "params": {"a_c_1": 12.29603693536205, "a_c_2": 9.796457172651023, "a_mm_0": -9.339854800020493, "a_mm_1": -27.11042162026022, "a_mm_2": -8.340958361995586, "a_mm_3": -17.573783605520603, "a_mm_4": 18.15995437286343, "a_mp_0": -29.312470492368504, "a_mp_1": -2.622852556733079, "a_mp_2": -6.432392185508014, "a_mp_3": -32.58643460831157, "a_mp_4": 1.7921755121342926, "a_pm_0": -5.2133158727189866, "a_pm_1": -13.906416270079689, "a_pm_2": 17.170638491745486, "a_pm_3": -33.45937805853512, "a_pm_4": -2.149603479002991, "a_pp_1": -22.50306478170139, "a_pp_2": -10.177028327696835, "a_pp_3": -17.929307328592515, "a_pp_4": 1.1747545686373968}, "datetime": {"datetime": "2024-07-10 13:34:26", "elapsed": 11061.080595, "delta": 252.385751}}
{"target": -61882.60422591596, "params": {"a_c_1": 17.824943261488496, "a_c_2": 0.7889864658635204, "a_mm_0": -11.272648030306907, "a_mm_1": 4.0867156254024835, "a_mm_2": -22.6626875859778, "a_mm_3": -19.829869174684756, "a_mm_4": 16.6717118283795, "a_mp_0": -33.37117007299824, "a_mp_1": -4.78388600122706, "a_mp_2": 2.0592399460069544, "a_mp_3": -0.22339299750710495, "a_mp_4": -36.045977370274315, "a_pm_0": 17.519457142450634, "a_pm_1": -38.6159279990046, "a_pm_2": -38.0754224429542, "a_pm_3": -6.666096472615216, "a_pm_4": -35.48445969020537, "a_pp_1": -20.737724818764445, "a_pp_2": 7.5370687516249575, "a_pp_3": -6.408672970511098, "a_pp_4": -5.163054073203675}, "datetime": {"datetime": "2024-07-10 13:37:45", "elapsed": 11259.953726, "delta": 198.873131}}
{"target": -32785.5655045568, "params": {"a_c_1": 18.344982681363344, "a_c_2": 1.0471419827203066, "a_mm_0": 19.306929991673854, "a_mm_1": -1.5043051256477895, "a_mm_2": 1.2651624224621187, "a_mm_3": -39.042682034866786, "a_mm_4": 12.269729719801127, "a_mp_0": -16.34518685646163, "a_mp_1": -16.11896048988783, "a_mp_2": -1.8246180806208159, "a_mp_3": -16.156107215051158, "a_mp_4": 16.40807548318073, "a_pm_0": 15.000829902982524, "a_pm_1": -17.621484878278842, "a_pm_2": -26.436766828280902, "a_pm_3": -15.6021387198562, "a_pm_4": 19.567668655221972, "a_pp_1": -21.70623504976341, "a_pp_2": -10.251036794999273, "a_pp_3": -28.09014450787933, "a_pp_4": -11.030844900043547}, "datetime": {"datetime": "2024-07-10 13:40:34", "elapsed": 11428.312969, "delta": 168.359243}}
{"target": -84525.48328380994, "params": {"a_c_1": 19.0507097520991, "a_c_2": 4.016830220125977, "a_mm_0": -39.22947450810517, "a_mm_1": -2.978702602676158, "a_mm_2": 7.06587401570917, "a_mm_3": -19.230322340006158, "a_mm_4": -33.84129230433079, "a_mp_0": -18.326375629140436, "a_mp_1": 7.285294172754185, "a_mp_2": -11.828143005124986, "a_mp_3": -38.79133251679973, "a_mp_4": 1.9163252719482529, "a_pm_0": -24.06280316784425, "a_pm_1": -7.0468960658972435, "a_pm_2": -14.454918127360013, "a_pm_3": -28.219201150224634, "a_pm_4": -16.309369511706297, "a_pp_1": -23.954268691344318, "a_pp_2": -7.698266639296314, "a_pp_3": -31.01472543073125, "a_pp_4": 19.85897743440968}, "datetime": {"datetime": "2024-07-10 13:44:06", "elapsed": 11640.50457, "delta": 212.191601}}
{"target": -53043.41892769065, "params": {"a_c_1": 16.57928502920315, "a_c_2": 7.284947896325972, "a_mm_0": -24.945358141319815, "a_mm_1": 17.192250148099248, "a_mm_2": 18.40603983984127, "a_mm_3": -32.94502238065553, "a_mm_4": -24.87950168789631, "a_mp_0": -32.03486598398417, "a_mp_1": -22.35757230839053, "a_mp_2": 7.479350957811484, "a_mp_3": 19.042801799844156, "a_mp_4": -8.11996672988585, "a_pm_0": -14.703990947638442, "a_pm_1": 4.586361444007629, "a_pm_2": 11.759868938719023, "a_pm_3": -9.333343808556798, "a_pm_4": -10.601377258653997, "a_pp_1": -15.716733230106527, "a_pp_2": -13.58801780730668, "a_pp_3": -13.723628269390662, "a_pp_4": -33.05532536823019}, "datetime": {"datetime": "2024-07-10 13:47:22", "elapsed": 11836.231561, "delta": 195.726991}}
{"target": -64326.543417100846, "params": {"a_c_1": 19.340596780273533, "a_c_2": 5.4723224917572235, "a_mm_0": 18.361061597893062, "a_mm_1": 2.8889596204618826, "a_mm_2": 1.8637294758362515, "a_mm_3": -27.03463026517742, "a_mm_4": 18.576467286574506, "a_mp_0": -39.62618468772461, "a_mp_1": -24.82105825699336, "a_mp_2": -13.912508055733252, "a_mp_3": 6.7629753076251475, "a_mp_4": -28.138895523984814, "a_pm_0": 11.779594135953332, "a_pm_1": 19.004040630518766, "a_pm_2": -30.169465515718077, "a_pm_3": -4.1599633640284495, "a_pm_4": -39.4608341399467, "a_pp_1": -16.805723041382237, "a_pp_2": -37.350396524110025, "a_pp_3": 17.399178062854155, "a_pp_4": -13.831201187212141}, "datetime": {"datetime": "2024-07-10 10:32:48", "elapsed": 0.0, "delta": 0.0}}
{"target": -51169.11542039474, "params": {"a_c_1": 18.979546135631256, "a_c_2": 7.86305985935061, "a_mm_0": 11.977357914901908, "a_mm_1": -29.61007471024311, "a_mm_2": -35.50308477921358, "a_mm_3": -3.955436717333839, "a_mm_4": -29.92166897689577, "a_mp_0": 4.002810050634196, "a_mp_1": -15.493368390879116, "a_mp_2": -8.32547059492478, "a_mp_3": 16.254295037056522, "a_mp_4": -8.698232653302519, "a_pm_0": -33.50839702676616, "a_pm_1": -30.506595568912033, "a_pm_2": -7.287840897807229, "a_pm_3": -8.535755195891596, "a_pm_4": -1.7433853524403844, "a_pp_1": -15.910273384583625, "a_pp_2": -1.01169345883946, "a_pp_3": -16.18599982589604, "a_pp_4": -2.5650331871066143}, "datetime": {"datetime": "2024-07-10 10:36:51", "elapsed": 243.684487, "delta": 243.684487}}
{"target": -22958.070881568186, "params": {"a_c_1": 15.348099341802477, "a_c_2": 1.7897391004113083, "a_mm_0": -17.465453884747458, "a_mm_1": -9.848016440383937, "a_mm_2": 1.2000247949807488, "a_mm_3": -24.77922108031701, "a_mm_4": -6.71554822344649, "a_mp_0": -2.5041493561541373, "a_mp_1": 13.730069963368763, "a_mp_2": -18.228784694012415, "a_mp_3": -1.7465756188758021, "a_mp_4": -28.513215872862197, "a_pm_0": -10.132353122961657, "a_pm_1": -29.053275725727588, "a_pm_2": 15.102982348385765, "a_pm_3": -14.090675719526342, "a_pm_4": 9.811286125900779, "a_pp_1": -14.993421719298247, "a_pp_2": 14.280055324602017, "a_pp_3": -15.710486961345637, "a_pp_4": -20.129529814532635}, "datetime": {"datetime": "2024-07-10 10:40:32", "elapsed": 464.614168, "delta": 220.929681}}
{"target": -67856.92183571632, "params": {"a_c_1": 11.442775405454972, "a_c_2": 8.454436490941132, "a_mm_0": 11.660858705184317, "a_mm_1": -4.2587129758999325, "a_mm_2": -34.92030333877538, "a_mm_3": -4.164003560849508, "a_mm_4": -25.272777485013872, "a_mp_0": 3.9556069153980644, "a_mp_1": 13.679077539004325, "a_mp_2": -9.115961745211294, "a_mp_3": -3.7861893783876184, "a_mp_4": -36.09593125703156, "a_pm_0": -7.595516221431623, "a_pm_1": -32.24879297977374, "a_pm_2": -3.126229218980079, "a_pm_3": -18.180979177309727, "a_pm_4": 6.065482059844747, "a_pp_1": -37.08795181482685, "a_pp_2": -33.41091291292936, "a_pp_3": 1.0413929074176593, "a_pp_4": -9.120778174980611}, "datetime": {"datetime": "2024-07-10 10:44:28", "elapsed": 700.4333, "delta": 235.819132}}
{"target": -28576.880225122237, "params": {"a_c_1": 11.432827432294983, "a_c_2": 8.437069939906554, "a_mm_0": -10.735741651019545, "a_mm_1": 8.608665327568694, "a_mm_2": -9.385382242303596, "a_mm_3": 15.603241594415074, "a_mm_4": 0.0156662923775599, "a_mp_0": -31.07638963395658, "a_mp_1": -18.12680948045465, "a_mp_2": 11.946494956645957, "a_mp_3": -18.98288734866906, "a_mp_4": -28.65845443263071, "a_pm_0": -11.642721450053617, "a_pm_1": -16.433129510672202, "a_pm_2": -2.8642044013543853, "a_pm_3": -13.794022483629206, "a_pm_4": -24.34467056233027, "a_pp_1": -15.25166730023459, "a_pp_2": -14.857957926861978, "a_pp_3": 14.145311352568456, "a_pp_4": 18.77697572242912}, "datetime": {"datetime": "2024-07-10 10:47:21", "elapsed": 872.8933, "delta": 172.46}}
{"target": -50061.55806964714, "params": {"a_c_1": 12.471376788138278, "a_c_2": 0.8318412257086116, "a_mm_0": 3.9799230557596985, "a_mm_1": 0.7211241487390438, "a_mm_2": 9.561372021513172, "a_mm_3": -19.15291979733666, "a_mm_4": -36.467194350512614, "a_mp_0": -3.2906910126824727, "a_mp_1": -32.55912290120368, "a_mp_2": 5.571771749799886, "a_mp_3": 7.665399054598531, "a_mp_4": -15.482392795006124, "a_pm_0": 16.627850352982733, "a_pm_1": -29.57321237468345, "a_pm_2": 16.555150983618816, "a_pm_3": -12.07061951094786, "a_pm_4": 5.779618476521968, "a_pp_1": 5.169211728824777, "a_pp_2": 18.872595147875643, "a_pp_3": 18.396679647735837, "a_pp_4": -37.5945325215299}, "datetime": {"datetime": "2024-07-10 10:51:16", "elapsed": 1107.939644, "delta": 235.046344}}
{"target": -50751.77621772552, "params": {"a_c_1": 0.3194255506312138, "a_c_2": 5.432903150235341, "a_mm_0": -37.96734292609545, "a_mm_1": -0.5509218498836503, "a_mm_2": -7.905843900132844, "a_mm_3": -0.0064962339843930295, "a_mm_4": -13.519557737639797, "a_mp_0": -23.65171247657583, "a_mp_1": 16.980136396870634, "a_mp_2": 3.6961664115948167, "a_mp_3": -39.620563764071036, "a_mp_4": -34.04033410634953, "a_pm_0": -2.098465292501224, "a_pm_1": -22.71779038013751, "a_pm_2": -15.542699362500542, "a_pm_3": 6.891867433862586, "a_pm_4": -18.75126770923808, "a_pp_1": 15.548515836755541, "a_pp_2": 3.227127285476982, "a_pp_3": -6.884413556117522, "a_pp_4": -29.14210983849386}, "datetime": {"datetime": "2024-07-10 10:54:37", "elapsed": 1309.416645, "delta": 201.477001}}
{"target": -8409.990182118034, "params": {"a_c_1": 8.191827793352989, "a_c_2": 7.628817898433234, "a_mm_0": 19.44780911102343, "a_mm_1": -35.5808575527624, "a_mm_2": -31.914843579893365, "a_mm_3": 4.402683800115554, "a_mm_4": 10.026882195283477, "a_mp_0": -34.673628556587836, "a_mp_1": 9.765076983260343, "a_mp_2": 7.203938866105069, "a_mp_3": 1.293276392247563, "a_mp_4": -19.604415011070696, "a_pm_0": -13.327560127941975, "a_pm_1": -18.019831644907942, "a_pm_2": 10.427963883330932, "a_pm_3": -20.30067178714551, "a_pm_4": -20.645501424804657, "a_pp_1": 16.11745143402125, "a_pp_2": 15.199240861873868, "a_pp_3": 18.12044752263091, "a_pp_4": 8.452937192876043}, "datetime": {"datetime": "2024-07-10 10:59:07", "elapsed": 1578.962073, "delta": 269.545428}}
{"target": -23735.528705627366, "params": {"a_c_1": 1.7383123528553046, "a_c_2": 0.9091055162091022, "a_mm_0": -6.575075484087755, "a_mm_1": 11.371026255669058, "a_mm_2": 13.051871838516092, "a_mm_3": -1.7890796280039467, "a_mm_4": 17.34827563903493, "a_mp_0": -30.886863926038167, "a_mp_1": -26.705144201166817, "a_mp_2": -20.05028998075021, "a_mp_3": -24.59170474710657, "a_mp_4": -21.267698063196885, "a_pm_0": -32.89326901998491, "a_pm_1": -17.47959139981986, "a_pm_2": -38.21356019603565, "a_pm_3": -7.733100029467202, "a_pm_4": 16.7496976805266, "a_pp_1": -13.292488416383915, "a_pp_2": -2.5508053401805455, "a_pp_3": -3.291259083896257, "a_pp_4": 16.002750084862413}, "datetime": {"datetime": "2024-07-10 11:02:35", "elapsed": 1787.068344, "delta": 208.106271}}
{"target": -51978.94068688164, "params": {"a_c_1": 14.690381060172985, "a_c_2": 8.248209282060245, "a_mm_0": -19.849035405852597, "a_mm_1": 14.447878785684871, "a_mm_2": -28.88744594960123, "a_mm_3": -15.521063866362951, "a_mm_4": 4.247118404880574, "a_mp_0": -19.992617094172335, "a_mp_1": 13.168053881247964, "a_mp_2": 11.639351728152874, "a_mp_3": -30.092912776006763, "a_mp_4": -26.155243496333433, "a_pm_0": -36.85390727881584, "a_pm_1": 11.523250909357103, "a_pm_2": -19.646505506552867, "a_pm_3": -16.405196298006665, "a_pm_4": -23.778071065701866, "a_pp_1": -32.60632667623529, "a_pp_2": -12.583645494276084, "a_pp_3": -25.9169768150295, "a_pp_4": -6.210805904204456}, "datetime": {"datetime": "2024-07-10 11:05:45", "elapsed": 1977.096776, "delta": 190.028432}}
{"target": -24148.78527158881, "params": {"a_c_1": 4.0553009547891765, "a_c_2": 5.113872821357487, "a_mm_0": 16.899553036573153, "a_mm_1": -17.689977618228397, "a_mm_2": 17.25314535996081, "a_mm_3": -36.56764502466119, "a_mm_4": -7.071692903075061, "a_mp_0": -4.0121505286480215, "a_mp_1": 17.705199064751582, "a_mp_2": 15.511107873705363, "a_mp_3": -9.345632228916685, "a_mp_4": 5.569168409916848, "a_pm_0": 18.554316896450928, "a_pm_1": 4.190015837796132, "a_pm_2": 17.237358437256958, "a_pm_3": 16.33363875915596, "a_pm_4": -11.093970316004139, "a_pp_1": -0.406346147186909, "a_pp_2": -29.209022024926107, "a_pp_3": -13.778591655071725, "a_pp_4": 11.967451330423614}, "datetime": {"datetime": "2024-07-10 11:08:52", "elapsed": 2164.758804, "delta": 187.662028}}
{"target": -81825.92994499729, "params": {"a_c_1": 11.544641405048742, "a_c_2": 2.7945360419060683, "a_mm_0": -32.63264483403904, "a_mm_1": -26.08868789089872, "a_mm_2": -32.50044611279657, "a_mm_3": -25.973174186338014, "a_mm_4": -16.985199397580672, "a_mp_0": -37.42608814698558, "a_mp_1": 10.322641812348351, "a_mp_2": -15.771384297567945, "a_mp_3": -5.957862130221173, "a_mp_4": -1.8319591141514024, "a_pm_0": -32.02947961203463, "a_pm_1": -35.037543291228616, "a_pm_2": -30.608067236094808, "a_pm_3": 19.17348339980316, "a_pm_4": -33.729085481003835, "a_pp_1": -14.640644712063736, "a_pp_2": 12.503740828040783, "a_pp_3": -4.943460837472742, "a_pp_4": -38.94797971769266}, "datetime": {"datetime": "2024-07-10 11:12:27", "elapsed": 2378.92403, "delta": 214.165226}}
{"target": -88385.02266378785, "params": {"a_c_1": 17.774051620728237, "a_c_2": 3.841476632154256, "a_mm_0": -29.93618753476482, "a_mm_1": -19.769210160630628, "a_mm_2": -4.351112087538098, "a_mm_3": -37.73528919783017, "a_mm_4": -1.4014887211298444, "a_mp_0": -3.3936159808886828, "a_mp_1": -26.2723646729786, "a_mp_2": -14.438934386479353, "a_mp_3": -28.389102192126813, "a_mp_4": -38.72020962990674, "a_pm_0": -4.964807563200722, "a_pm_1": -13.278577328358544, "a_pm_2": 10.5233988825212, "a_pm_3": -28.056660762174765, "a_pm_4": -13.564057170315344, "a_pp_1": 0.047271951686312264, "a_pp_2": -35.89992219897625, "a_pp_3": -18.679802267012313, "a_pp_4": 1.1621781886559504}, "datetime": {"datetime": "2024-07-10 11:16:58", "elapsed": 2649.862211, "delta": 270.938181}}
