{"target": -618.9238054099576, "params": {"a_c_1": 20.0, "a_c_2": 0.0, "a_mm_0": 20.0, "a_mm_1": -40.0, "a_mm_2": 20.0, "a_mm_3": 20.0, "a_mm_4": 20.0, "a_mp_0": -40.0, "a_mp_1": 20.0, "a_mp_2": 20.0, "a_mp_3": 20.0, "a_mp_4": 20.0, "a_pm_0": -40.0, "a_pm_1": 20.0, "a_pm_2": 20.0, "a_pm_3": -9.689980102370074, "a_pm_4": 20.0, "a_pp_1": 20.0, "a_pp_2": -17.819257125010232, "a_pp_3": 20.0, "a_pp_4": 20.0}, "datetime": {"datetime": "2024-07-10 21:21:33", "elapsed": 17113.115562, "delta": 717.245232}}
{"target": -4356.9672093196905, "params": {"a_c_1": 20.0, "a_c_2": 10.0, "a_mm_0": 20.0, "a_mm_1": 20.0, "a_mm_2": -40.0, "a_mm_3": -9.518791892363495, "a_mm_4": 20.0, "a_mp_0": 20.0, "a_mp_1": 20.0, "a_mp_2": 20.0, "a_mp_3": -8.773268089602743, "a_mp_4": -22.057882102703644, "a_pm_0": -18.318065777426725, "a_pm_1": 20.0, "a_pm_2": -36.98617959468227, "a_pm_3": 20.0, "a_pm_4": -9.212272709861141, "a_pp_1": 20.0, "a_pp_2": 20.0, "a_pp_3": 20.0, "a_pp_4": 20.0}, "datetime": {"datetime": "2024-07-10 21:26:37", "elapsed": 17417.069067, "delta": 303.953505}}
{"target": -454.56583170603466, "params": {"a_c_1": 20.0, "a_c_2": 0.0, "a_mm_0": 20.0, "a_mm_1": 20.0, "a_mm_2": 20.0, "a_mm_3": -40.0, "a_mm_4": 20.0, "a_mp_0": 20.0, "a_mp_1": 20.0, "a_mp_2": 20.0, "a_mp_3": 20.0, "a_mp_4": 20.0, "a_pm_0": 20.0, "a_pm_1": 20.0, "a_pm_2": 20.0, "a_pm_3": -15.184227779358116, "a_pm_4": 20.0, "a_pp_1": 20.0, "a_pp_2": -30.46861478893778, "a_pp_3": 20.0, "a_pp_4": 20.0}, "datetime": {"datetime": "2024-07-10 21:39:01", "elapsed": 18161.116581, "delta": 744.047514}}
{"target": -682.888324495355, "params": {"a_c_1": 20.0, "a_c_2": 0.0, "a_mm_0": 20.0, "a_mm_1": 20.0, "a_mm_2": -40.0, "a_mm_3": 20.0, "a_mm_4": 20.0, "a_mp_0": -40.0, "a_mp_1": 20.0, "a_mp_2": 20.0, "a_mp_3": 20.0, "a_mp_4": 20.0, "a_pm_0": 20.0, "a_pm_1": 20.0, "a_pm_2": 20.0, "a_pm_3": -40.0, "a_pm_4": 20.0, "a_pp_1": 20.0, "a_pp_2": 20.0, "a_pp_3": 20.0, "a_pp_4": 20.0}, "datetime": {"datetime": "2024-07-10 21:49:35", "elapsed": 18795.491803, "delta": 634.375222}}
{"target": -19377.39966347247, "params": {"a_c_1": 0.0, "a_c_2": 0.0, "a_mm_0": 20.0, "a_mm_1": 20.0, "a_mm_2": 20.0, "a_mm_3": 20.0, "a_mm_4": 20.0, "a_mp_0": -40.0, "a_mp_1": 20.0, "a_mp_2": -40.0, "a_mp_3": 20.0, "a_mp_4": -36.00431091863122, "a_pm_0": 20.0, "a_pm_1": 20.0, "a_pm_2": 20.0, "a_pm_3": 20.0, "a_pm_4": 20.0, "a_pp_1": 20.0, "a_pp_2": 20.0, "a_pp_3": -40.0, "a_pp_4": 20.0}, "datetime": {"datetime": "2024-07-10 22:00:29", "elapsed": 19449.783468, "delta": 654.291665}}
{"target": -3427.096302833311, "params": {"a_c_1": 20.0, "a_c_2": 0.0, "a_mm_0": 20.0, "a_mm_1": 20.0, "a_mm_2": -2.6510257692152437, "a_mm_3": 20.0, "a_mm_4": -32.249564896783035, "a_mp_0": -40.0, "a_mp_1": 20.0, "a_mp_2": 20.0, "a_mp_3": 20.0, "a_mp_4": 20.0, "a_pm_0": -40.0, "a_pm_1": 20.0, "a_pm_2": 20.0, "a_pm_3": -40.0, "a_pm_4": -14.716761793321869, "a_pp_1": 20.0, "a_pp_2": 20.0, "a_pp_3": 20.0, "a_pp_4": 20.0}, "datetime": {"datetime": "2024-07-10 22:06:05", "elapsed": 19785.318916, "delta": 335.535448}}
{"target": -877.081082349632, "params": {"a_c_1": 0.0, "a_c_2": 0.0, "a_mm_0": -40.0, "a_mm_1": 20.0, "a_mm_2": 20.0, "a_mm_3": 20.0, "a_mm_4": 20.0, "a_mp_0": 20.0, "a_mp_1": 20.0, "a_mp_2": 20.0, "a_mp_3": 20.0, "a_mp_4": 20.0, "a_pm_0": -40.0, "a_pm_1": 20.0, "a_pm_2": 20.0, "a_pm_3": -40.0, "a_pm_4": 20.0, "a_pp_1": 20.0, "a_pp_2": 20.0, "a_pp_3": 20.0, "a_pp_4": 20.0}, "datetime": {"datetime": "2024-07-10 22:17:00", "elapsed": 20440.019598, "delta": 654.700682}}
{"target": -5536.149542220968, "params": {"a_c_1": 20.0, "a_c_2": 10.0, "a_mm_0": 20.0, "a_mm_1": 20.0, "a_mm_2": 20.0, "a_mm_3": 20.0, "a_mm_4": -31.59236612121955, "a_mp_0": 20.0, "a_mp_1": 20.0, "a_mp_2": -40.0, "a_mp_3": 20.0, "a_mp_4": 20.0, "a_pm_0": 20.0, "a_pm_1": 20.0, "a_pm_2": 20.0, "a_pm_3": -40.0, "a_pm_4": 20.0, "a_pp_1": 20.0, "a_pp_2": 20.0, "a_pp_3": 20.0, "a_pp_4": 20.0}, "datetime": {"datetime": "2024-07-10 22:22:33", "elapsed": 20773.922648, "delta": 333.90305}}
{"target": -334.1799140147914, "params": {"a_c_1": 20.0, "a_c_2": 0.0, "a_mm_0": -40.0, "a_mm_1": 20.0, "a_mm_2": 20.0, "a_mm_3": 20.0, "a_mm_4": 20.0, "a_mp_0": -40.0, "a_mp_1": -40.0, "a_mp_2": 20.0, "a_mp_3": 20.0, "a_mp_4": 20.0, "a_pm_0": -40.0, "a_pm_1": 20.0, "a_pm_2": 20.0, "a_pm_3": 19.76621878747548, "a_pm_4": 20.0, "a_pp_1": 20.0, "a_pp_2": 13.06278444847349, "a_pp_3": 20.0, "a_pp_4": -18.345234320252477}, "datetime": {"datetime": "2024-07-10 22:37:27", "elapsed": 21667.327693, "delta": 893.405045}}
{"target": -2199.0859629719653, "params": {"a_c_1": 0.0, "a_c_2": 0.0, "a_mm_0": 20.0, "a_mm_1": -40.0, "a_mm_2": 20.0, "a_mm_3": 20.0, "a_mm_4": 20.0, "a_mp_0": 20.0, "a_mp_1": 20.0, "a_mp_2": 20.0, "a_mp_3": -38.60474131312244, "a_mp_4": -30.46765825206788, "a_pm_0": 20.0, "a_pm_1": -18.78235373640984, "a_pm_2": 16.421146365969612, "a_pm_3": 20.0, "a_pm_4": 20.0, "a_pp_1": -40.0, "a_pp_2": 20.0, "a_pp_3": 20.0, "a_pp_4": 20.0}, "datetime": {"datetime": "2024-07-10 22:54:26", "elapsed": 22685.958301, "delta": 1018.630608}}
{"target": -302.9672318551122, "params": {"a_c_1": 20.0, "a_c_2": 10.0, "a_mm_0": -40.0, "a_mm_1": -40.0, "a_mm_2": 20.0, "a_mm_3": 20.0, "a_mm_4": 20.0, "a_mp_0": 20.0, "a_mp_1": -40.0, "a_mp_2": 20.0, "a_mp_3": 20.0, "a_mp_4": 20.0, "a_pm_0": 20.0, "a_pm_1": 20.0, "a_pm_2": 20.0, "a_pm_3": -25.181797247559075, "a_pm_4": 6.69740176452617, "a_pp_1": 20.0, "a_pp_2": 20.0, "a_pp_3": 20.0, "a_pp_4": 3.9652173455118844}, "datetime": {"datetime": "2024-07-10 23:12:02", "elapsed": 23741.954755, "delta": 1055.996454}}
{"target": -348.5925791880422, "params": {"a_c_1": 20.0, "a_c_2": 0.0, "a_mm_0": 20.0, "a_mm_1": 20.0, "a_mm_2": 20.0, "a_mm_3": -40.0, "a_mm_4": 20.0, "a_mp_0": 20.0, "a_mp_1": 20.0, "a_mp_2": -40.0, "a_mp_3": 20.0, "a_mp_4": 20.0, "a_pm_0": 20.0, "a_pm_1": 20.0, "a_pm_2": 20.0, "a_pm_3": 20.0, "a_pm_4": 20.0, "a_pp_1": 20.0, "a_pp_2": 20.0, "a_pp_3": 20.0, "a_pp_4": 20.0}, "datetime": {"datetime": "2024-07-10 23:21:59", "elapsed": 24339.867978, "delta": 597.913223}}
{"target": -982.7599115996236, "params": {"a_c_1": 20.0, "a_c_2": 10.0, "a_mm_0": -40.0, "a_mm_1": 20.0, "a_mm_2": 20.0, "a_mm_3": 20.0, "a_mm_4": -25.891402769062637, "a_mp_0": 20.0, "a_mp_1": 20.0, "a_mp_2": 20.0, "a_mp_3": 20.0, "a_mp_4": 20.0, "a_pm_0": 20.0, "a_pm_1": 20.0, "a_pm_2": 20.0, "a_pm_3": -40.0, "a_pm_4": 20.0, "a_pp_1": 20.0, "a_pp_2": 6.626634062598896, "a_pp_3": 20.0, "a_pp_4": 20.0}, "datetime": {"datetime": "2024-07-10 23:29:46", "elapsed": 24805.977586, "delta": 466.109608}}
{"target": -791.8506151265619, "params": {"a_c_1": 20.0, "a_c_2": 0.0, "a_mm_0": -40.0, "a_mm_1": 20.0, "a_mm_2": 20.0, "a_mm_3": 20.0, "a_mm_4": 20.0, "a_mp_0": -40.0, "a_mp_1": 20.0, "a_mp_2": 20.0, "a_mp_3": 20.0, "a_mp_4": 20.0, "a_pm_0": 20.0, "a_pm_1": 20.0, "a_pm_2": 20.0, "a_pm_3": 20.0, "a_pm_4": 20.0, "a_pp_1": 20.0, "a_pp_2": 20.0, "a_pp_3": 20.0, "a_pp_4": 20.0}, "datetime": {"datetime": "2024-07-10 23:41:49", "elapsed": 25529.700179, "delta": 723.722593}}
{"target": -2279.687396881968, "params": {"a_c_1": 0.0, "a_c_2": 0.0, "a_mm_0": -40.0, "a_mm_1": 20.0, "a_mm_2": 20.0, "a_mm_3": -40.0, "a_mm_4": 20.0, "a_mp_0": 20.0, "a_mp_1": 20.0, "a_mp_2": 20.0, "a_mp_3": 20.0, "a_mp_4": 20.0, "a_pm_0": 20.0, "a_pm_1": 20.0, "a_pm_2": -40.0, "a_pm_3": 20.0, "a_pm_4": 20.0, "a_pp_1": 20.0, "a_pp_2": 20.0, "a_pp_3": 20.0, "a_pp_4": 1.9742721672082135}, "datetime": {"datetime": "2024-07-10 23:53:02", "elapsed": 26202.088725, "delta": 672.388546}}
{"target": -92.72809940265884, "params": {"a_c_1": 0.0, "a_c_2": 10.0, "a_mm_0": -40.0, "a_mm_1": -40.0, "a_mm_2": 20.0, "a_mm_3": 20.0, "a_mm_4": 20.0, "a_mp_0": 20.0, "a_mp_1": 20.0, "a_mp_2": 20.0, "a_mp_3": 20.0, "a_mp_4": 20.0, "a_pm_0": -40.0, "a_pm_1": 20.0, "a_pm_2": 20.0, "a_pm_3": 20.0, "a_pm_4": 20.0, "a_pp_1": 20.0, "a_pp_2": 20.0, "a_pp_3": 20.0, "a_pp_4": 20.0}, "datetime": {"datetime": "2024-07-11 00:10:46", "elapsed": 27266.717321, "delta": 1064.628596}}
{"target": -1204.2636969842456, "params": {"a_c_1": 0.0, "a_c_2": 0.0, "a_mm_0": -40.0, "a_mm_1": -40.0, "a_mm_2": 20.0, "a_mm_3": 20.0, "a_mm_4": 20.0, "a_mp_0": 20.0, "a_mp_1": 20.0, "a_mp_2": 20.0, "a_mp_3": -3.227507127523693, "a_mp_4": -26.15778094713721, "a_pm_0": 20.0, "a_pm_1": -10.571631090168191, "a_pm_2": -40.0, "a_pm_3": 16.983422550170847, "a_pm_4": 20.0, "a_pp_1": 20.0, "a_pp_2": 20.0, "a_pp_3": 20.0, "a_pp_4": 20.0}, "datetime": {"datetime": "2024-07-11 00:20:10", "elapsed": 27830.056283, "delta": 563.338962}}
{"target": -6105.91022144432, "params": {"a_c_1": 20.0, "a_c_2": 0.0, "a_mm_0": 20.0, "a_mm_1": 20.0, "a_mm_2": 20.0, "a_mm_3": -40.0, "a_mm_4": 20.0, "a_mp_0": -6.683922641187761, "a_mp_1": -40.0, "a_mp_2": -40.0, "a_mp_3": 20.0, "a_mp_4": 20.0, "a_pm_0": -40.0, "a_pm_1": 20.0, "a_pm_2": 20.0, "a_pm_3": 17.022238077435325, "a_pm_4": -28.470577817480663, "a_pp_1": 20.0, "a_pp_2": 20.0, "a_pp_3": 20.0, "a_pp_4": 20.0}, "datetime": {"datetime": "2024-07-11 00:26:27", "elapsed": 28207.322917, "delta": 377.266634}}
{"target": -862.6417006978372, "params": {"a_c_1": 20.0, "a_c_2": 0.0, "a_mm_0": 20.0, "a_mm_1": 20.0, "a_mm_2": -40.0, "a_mm_3": 20.0, "a_mm_4": 20.0, "a_mp_0": -40.0, "a_mp_1": 20.0, "a_mp_2": -40.0, "a_mp_3": 20.0, "a_mp_4": 20.0, "a_pm_0": 20.0, "a_pm_1": 20.0, "a_pm_2": 20.0, "a_pm_3": 20.0, "a_pm_4": -1.6585801807153502, "a_pp_1": 20.0, "a_pp_2": 20.0, "a_pp_3": 20.0, "a_pp_4": 20.0}, "datetime": {"datetime": "2024-07-11 00:36:54", "elapsed": 28834.039772, "delta": 626.716855}}
{"target": -1693.949243641789, "params": {"a_c_1": 20.0, "a_c_2": 10.0, "a_mm_0": -40.0, "a_mm_1": 20.0, "a_mm_2": 20.0, "a_mm_3": 20.0, "a_mm_4": -13.102121076008261, "a_mp_0": -40.0, "a_mp_1": 20.0, "a_mp_2": 20.0, "a_mp_3": 20.0, "a_mp_4": 20.0, "a_pm_0": -40.0, "a_pm_1": 20.0, "a_pm_2": 20.0, "a_pm_3": 20.0, "a_pm_4": -34.65148385454389, "a_pp_1": 20.0, "a_pp_2": 20.0, "a_pp_3": 20.0, "a_pp_4": 20.0}, "datetime": {"datetime": "2024-07-11 00:41:56", "elapsed": 29136.873222, "delta": 302.83345}}
{"target": -1071.0016189045407, "params": {"a_c_1": 20.0, "a_c_2": 0.0, "a_mm_0": 20.0, "a_mm_1": -40.0, "a_mm_2": 20.0, "a_mm_3": 20.0, "a_mm_4": -10.349634933738507, "a_mp_0": 20.0, "a_mp_1": -40.0, "a_mp_2": -8.125051843119898, "a_mp_3": -24.485662601127448, "a_mp_4": 20.0, "a_pm_0": 20.0, "a_pm_1": 20.0, "a_pm_2": 20.0, "a_pm_3": 6.460743886335575, "a_pm_4": -11.288914679850379, "a_pp_1": 20.0, "a_pp_2": 20.0, "a_pp_3": 20.0, "a_pp_4": 20.0}, "datetime": {"datetime": "2024-07-11 00:52:37", "elapsed": 29777.565255, "delta": 640.692033}}
{"target": -1644.7671945281859, "params": {"a_c_1": 0.0, "a_c_2": 0.0, "a_mm_0": -40.0, "a_mm_1": 20.0, "a_mm_2": 20.0, "a_mm_3": 20.0, "a_mm_4": -13.819249729273354, "a_mp_0": 20.0, "a_mp_1": 20.0, "a_mp_2": -40.0, "a_mp_3": -0.5248001580243682, "a_mp_4": -7.127072526730626, "a_pm_0": -40.0, "a_pm_1": -40.0, "a_pm_2": 20.0, "a_pm_3": -2.419015434638542, "a_pm_4": 20.0, "a_pp_1": 20.0, "a_pp_2": 20.0, "a_pp_3": 20.0, "a_pp_4": 20.0}, "datetime": {"datetime": "2024-07-11 01:00:03", "elapsed": 30223.905871, "delta": 446.340616}}
{"target": -1110.170423928525, "params": {"a_c_1": 20.0, "a_c_2": 10.0, "a_mm_0": 20.0, "a_mm_1": 20.0, "a_mm_2": -40.0, "a_mm_3": 20.0, "a_mm_4": 20.0, "a_mp_0": 20.0, "a_mp_1": 20.0, "a_mp_2": 20.0, "a_mp_3": 20.0, "a_mp_4": -22.626813806058337, "a_pm_0": 20.0, "a_pm_1": 20.0, "a_pm_2": 20.0, "a_pm_3": 17.02880183344247, "a_pm_4": 20.0, "a_pp_1": 20.0, "a_pp_2": 20.0, "a_pp_3": 20.0, "a_pp_4": -6.116734706188205}, "datetime": {"datetime": "2024-07-11 01:05:49", "elapsed": 30569.202354, "delta": 345.296483}}
{"target": -351.514616773117, "params": {"a_c_1": 20.0, "a_c_2": 10.0, "a_mm_0": 20.0, "a_mm_1": -40.0, "a_mm_2": -40.0, "a_mm_3": 20.0, "a_mm_4": 20.0, "a_mp_0": -40.0, "a_mp_1": 20.0, "a_mp_2": 20.0, "a_mp_3": 20.0, "a_mp_4": 3.348123794252305, "a_pm_0": -40.0, "a_pm_1": -40.0, "a_pm_2": 20.0, "a_pm_3": 18.1391137045559, "a_pm_4": 20.0, "a_pp_1": 20.0, "a_pp_2": 20.0, "a_pp_3": 20.0, "a_pp_4": 20.0}, "datetime": {"datetime": "2024-07-11 01:20:19", "elapsed": 31439.752796, "delta": 870.550442}}
{"target": -1435.9297157460492, "params": {"a_c_1": 0.0, "a_c_2": 10.0, "a_mm_0": -40.0, "a_mm_1": 20.0, "a_mm_2": 20.0, "a_mm_3": 20.0, "a_mm_4": 20.0, "a_mp_0": -40.0, "a_mp_1": -40.0, "a_mp_2": -40.0, "a_mp_3": 20.0, "a_mp_4": 20.0, "a_pm_0": 20.0, "a_pm_1": 20.0, "a_pm_2": 20.0, "a_pm_3": 20.0, "a_pm_4": 20.0, "a_pp_1": 20.0, "a_pp_2": -12.15014653983497, "a_pp_3": 20.0, "a_pp_4": 7.63215136947911}, "datetime": {"datetime": "2024-07-11 01:31:20", "elapsed": 32100.62132, "delta": 660.868524}}
{"target": -131.64560482428757, "params": {"a_c_1": 20.0, "a_c_2": 10.0, "a_mm_0": 20.0, "a_mm_1": 20.0, "a_mm_2": 20.0, "a_mm_3": 20.0, "a_mm_4": 20.0, "a_mp_0": -40.0, "a_mp_1": 20.0, "a_mp_2": -40.0, "a_mp_3": 20.0, "a_mp_4": 20.0, "a_pm_0": -40.0, "a_pm_1": 20.0, "a_pm_2": 20.0, "a_pm_3": 20.0, "a_pm_4": 20.0, "a_pp_1": 20.0, "a_pp_2": 20.0, "a_pp_3": 20.0, "a_pp_4": -15.110646975657897}, "datetime": {"datetime": "2024-07-11 01:44:26", "elapsed": 32886.13281, "delta": 785.51149}}
{"target": -3885.703100209941, "params": {"a_c_1": 20.0, "a_c_2": 10.0, "a_mm_0": 20.0, "a_mm_1": 20.0, "a_mm_2": 20.0, "a_mm_3": 20.0, "a_mm_4": 20.0, "a_mp_0": 20.0, "a_mp_1": -24.558983395824267, "a_mp_2": -40.0, "a_mp_3": -40.0, "a_mp_4": 20.0, "a_pm_0": -40.0, "a_pm_1": 20.0, "a_pm_2": 20.0, "a_pm_3": 20.0, "a_pm_4": 20.0, "a_pp_1": 20.0, "a_pp_2": 20.0, "a_pp_3": 20.0, "a_pp_4": -26.551087721304956}, "datetime": {"datetime": "2024-07-11 01:57:19", "elapsed": 33659.002849, "delta": 772.870039}}
{"target": -2956.1484519216524, "params": {"a_c_1": 20.0, "a_c_2": 0.0, "a_mm_0": 20.0, "a_mm_1": 20.0, "a_mm_2": 20.0, "a_mm_3": 20.0, "a_mm_4": 20.0, "a_mp_0": 20.0, "a_mp_1": -40.0, "a_mp_2": -40.0, "a_mp_3": 20.0, "a_mp_4": 20.0, "a_pm_0": 20.0, "a_pm_1": 20.0, "a_pm_2": 20.0, "a_pm_3": 20.0, "a_pm_4": 20.0, "a_pp_1": 20.0, "a_pp_2": -25.830627280031056, "a_pp_3": 20.0, "a_pp_4": 20.0}, "datetime": {"datetime": "2024-07-11 02:06:49", "elapsed": 34229.368512, "delta": 570.365663}}
{"target": -393.39886163151516, "params": {"a_c_1": 19.607453050939334, "a_c_2": 0.0, "a_mm_0": 20.0, "a_mm_1": -40.0, "a_mm_2": 20.0, "a_mm_3": 20.0, "a_mm_4": 18.505036606046907, "a_mp_0": 20.0, "a_mp_1": 20.0, "a_mp_2": -31.21099787673409, "a_mp_3": -40.0, "a_mp_4": -11.675295413894391, "a_pm_0": 20.0, "a_pm_1": 20.0, "a_pm_2": 0.3995235873012252, "a_pm_3": 20.0, "a_pm_4": 20.0, "a_pp_1": 20.0, "a_pp_2": 20.0, "a_pp_3": 20.0, "a_pp_4": 20.0}, "datetime": {"datetime": "2024-07-10 16:41:53", "elapsed": 0.0, "delta": 0.0}}
{"target": -444.3518625116803, "params": {"a_c_1": 20.0, "a_c_2": 0.0, "a_mm_0": 20.0, "a_mm_1": -40.0, "a_mm_2": 20.0, "a_mm_3": 20.0, "a_mm_4": 2.594459269145659, "a_mp_0": -40.0, "a_mp_1": -40.0, "a_mp_2": -40.0, "a_mp_3": 20.0, "a_mp_4": 20.0, "a_pm_0": 20.0, "a_pm_1": 20.0, "a_pm_2": 20.0, "a_pm_3": 20.0, "a_pm_4": 12.140119176681601, "a_pp_1": 20.0, "a_pp_2": 20.0, "a_pp_3": 20.0, "a_pp_4": 20.0}, "datetime": {"datetime": "2024-07-10 17:08:07", "elapsed": 1573.980759, "delta": 1573.980759}}
{"target": -520.3965050492477, "params": {"a_c_1": 0.0, "a_c_2": 0.0, "a_mm_0": -40.0, "a_mm_1": 20.0, "a_mm_2": 20.0, "a_mm_3": 20.0, "a_mm_4": 20.0, "a_mp_0": -40.0, "a_mp_1": 20.0, "a_mp_2": 20.0, "a_mp_3": 20.0, "a_mp_4": 20.0, "a_pm_0": -40.0, "a_pm_1": 20.0, "a_pm_2": 20.0, "a_pm_3": 20.0, "a_pm_4": 20.0, "a_pp_1": 20.0, "a_pp_2": -40.0, "a_pp_3": -5.150586714634264, "a_pp_4": 20.0}, "datetime": {"datetime": "2024-07-10 17:26:17", "elapsed": 2664.010065, "delta": 1090.029306}}
{"target": -767.6352019624477, "params": {"a_c_1": 20.0, "a_c_2": 0.0, "a_mm_0": 20.0, "a_mm_1": 20.0, "a_mm_2": -40.0, "a_mm_3": 20.0, "a_mm_4": 20.0, "a_mp_0": -40.0, "a_mp_1": 20.0, "a_mp_2": 20.0, "a_mp_3": 20.0, "a_mp_4": -22.088012010346336, "a_pm_0": -40.0, "a_pm_1": 20.0, "a_pm_2": 3.5324236720151454, "a_pm_3": 14.435187389897978, "a_pm_4": 17.381711195230427, "a_pp_1": -40.0, "a_pp_2": 20.0, "a_pp_3": 20.0, "a_pp_4": 20.0}, "datetime": {"datetime": "2024-07-10 17:39:44", "elapsed": 3471.155465, "delta": 807.1454}}
{"target": -356.57769106918744, "params": {"a_c_1": 0.0, "a_c_2": 0.0, "a_mm_0": -40.0, "a_mm_1": 20.0, "a_mm_2": 20.0, "a_mm_3": 20.0, "a_mm_4": 20.0, "a_mp_0": 20.0, "a_mp_1": 20.0, "a_mp_2": 20.0, "a_mp_3": -24.42846019818607, "a_mp_4": 20.0, "a_pm_0": 20.0, "a_pm_1": 20.0, "a_pm_2": 20.0, "a_pm_3": -7.616577359799355, "a_pm_4": 20.0, "a_pp_1": 20.0, "a_pp_2": -40.0, "a_pp_3": 20.0, "a_pp_4": 20.0}, "datetime": {"datetime": "2024-07-10 18:01:22", "elapsed": 4769.372728, "delta": 1298.217263}}
{"target": -517.0761245028337, "params": {"a_c_1": 0.0, "a_c_2": 10.0, "a_mm_0": -40.0, "a_mm_1": -40.0, "a_mm_2": 20.0, "a_mm_3": 20.0, "a_mm_4": 20.0, "a_mp_0": 20.0, "a_mp_1": 20.0, "a_mp_2": 20.0, "a_mp_3": -22.485655598816244, "a_mp_4": 20.0, "a_pm_0": 20.0, "a_pm_1": 5.177670038615217, "a_pm_2": -40.0, "a_pm_3": -4.214588151644605, "a_pm_4": 20.0, "a_pp_1": 20.0, "a_pp_2": 20.0, "a_pp_3": 20.0, "a_pp_4": 20.0}, "datetime": {"datetime": "2024-07-10 18:17:27", "elapsed": 5734.741408, "delta": 965.36868}}
{"target": -1386.6413021152662, "params": {"a_c_1": 0.0, "a_c_2": 10.0, "a_mm_0": 20.0, "a_mm_1": -40.0, "a_mm_2": 20.0, "a_mm_3": 20.0, "a_mm_4": 20.0, "a_mp_0": 20.0, "a_mp_1": 20.0, "a_mp_2": 20.0, "a_mp_3": -40.0, "a_mp_4": -25.431169519813494, "a_pm_0": 20.0, "a_pm_1": -1.9256062409006636, "a_pm_2": -15.550355948851433, "a_pm_3": 20.0, "a_pm_4": 20.0, "a_pp_1": -40.0, "a_pp_2": 20.0, "a_pp_3": 20.0, "a_pp_4": 20.0}, "datetime": {"datetime": "2024-07-10 18:32:46", "elapsed": 6653.243784, "delta": 918.502376}}
{"target": -2609.2796639993985, "params": {"a_c_1": 20.0, "a_c_2": 10.0, "a_mm_0": -40.0, "a_mm_1": 20.0, "a_mm_2": -40.0, "a_mm_3": 15.267025661548724, "a_mm_4": 20.0, "a_mp_0": -40.0, "a_mp_1": 20.0, "a_mp_2": 20.0, "a_mp_3": 20.0, "a_mp_4": 20.0, "a_pm_0": -40.0, "a_pm_1": 20.0, "a_pm_2": 20.0, "a_pm_3": -2.7581757242007283, "a_pm_4": -36.44114579545813, "a_pp_1": 20.0, "a_pp_2": 20.0, "a_pp_3": 20.0, "a_pp_4": 20.0}, "datetime": {"datetime": "2024-07-10 18:40:43", "elapsed": 7130.703805, "delta": 477.460021}}
{"target": -8025.971731126934, "params": {"a_c_1": 20.0, "a_c_2": 0.0, "a_mm_0": -40.0, "a_mm_1": 20.0, "a_mm_2": 20.0, "a_mm_3": 20.0, "a_mm_4": 20.0, "a_mp_0": -40.0, "a_mp_1": 20.0, "a_mp_2": 20.0, "a_mp_3": 20.0, "a_mp_4": 20.0, "a_pm_0": 20.0, "a_pm_1": 20.0, "a_pm_2": -40.0, "a_pm_3": 13.586263085525816, "a_pm_4": 20.0, "a_pp_1": 20.0, "a_pp_2": -35.80117923491665, "a_pp_3": 20.0, "a_pp_4": 20.0}, "datetime": {"datetime": "2024-07-10 18:52:38", "elapsed": 7845.032476, "delta": 714.328671}}
{"target": -1653.5120191718636, "params": {"a_c_1": 0.0, "a_c_2": 10.0, "a_mm_0": -40.0, "a_mm_1": 20.0, "a_mm_2": 20.0, "a_mm_3": 20.0, "a_mm_4": 20.0, "a_mp_0": 20.0, "a_mp_1": 20.0, "a_mp_2": -40.0, "a_mp_3": -30.371642545606583, "a_mp_4": 20.0, "a_pm_0": 20.0, "a_pm_1": 20.0, "a_pm_2": 20.0, "a_pm_3": -13.25029662038487, "a_pm_4": 20.0, "a_pp_1": 20.0, "a_pp_2": 20.0, "a_pp_3": 20.0, "a_pp_4": -9.574743011043948}, "datetime": {"datetime": "2024-07-10 19:04:45", "elapsed": 8572.611126, "delta": 727.57865}}
{"target": -1438.1433999530693, "params": {"a_c_1": 20.0, "a_c_2": 0.0, "a_mm_0": 20.0, "a_mm_1": -40.0, "a_mm_2": 20.0, "a_mm_3": 20.0, "a_mm_4": 20.0, "a_mp_0": -40.0, "a_mp_1": -17.39421963032677, "a_mp_2": 20.0, "a_mp_3": 20.0, "a_mp_4": 20.0, "a_pm_0": -40.0, "a_pm_1": 20.0, "a_pm_2": 20.0, "a_pm_3": 11.66659615963124, "a_pm_4": 14.481328089625396, "a_pp_1": 20.0, "a_pp_2": -20.15083509297288, "a_pp_3": 20.0, "a_pp_4": 20.0}, "datetime": {"datetime": "2024-07-10 19:21:29", "elapsed": 9576.471139, "delta": 1003.860013}}
{"target": -3757.700678246272, "params": {"a_c_1": 20.0, "a_c_2": 0.0, "a_mm_0": -40.0, "a_mm_1": 20.0, "a_mm_2": 20.0, "a_mm_3": -40.0, "a_mm_4": 20.0, "a_mp_0": 20.0, "a_mp_1": 20.0, "a_mp_2": 20.0, "a_mp_3": -24.658415056864207, "a_mp_4": 20.0, "a_pm_0": 20.0, "a_pm_1": 20.0, "a_pm_2": -27.611420284984458, "a_pm_3": 20.0, "a_pm_4": -6.199866714935225, "a_pp_1": 20.0, "a_pp_2": 20.0, "a_pp_3": 20.0, "a_pp_4": 20.0}, "datetime": {"datetime": "2024-07-10 19:33:24", "elapsed": 10291.337651, "delta": 714.866512}}
{"target": -2012.4525114031776, "params": {"a_c_1": 0.0, "a_c_2": 0.0, "a_mm_0": -40.0, "a_mm_1": -40.0, "a_mm_2": 20.0, "a_mm_3": 20.0, "a_mm_4": 20.0, "a_mp_0": -40.0, "a_mp_1": -32.79123298341424, "a_mp_2": 20.0, "a_mp_3": 20.0, "a_mp_4": 20.0, "a_pm_0": 20.0, "a_pm_1": 20.0, "a_pm_2": 20.0, "a_pm_3": -10.732720704348901, "a_pm_4": 20.0, "a_pp_1": 20.0, "a_pp_2": -36.30875251106467, "a_pp_3": 20.0, "a_pp_4": 20.0}, "datetime": {"datetime": "2024-07-10 19:48:37", "elapsed": 11204.750116, "delta": 913.412465}}
{"target": -770.8578772823321, "params": {"a_c_1": 20.0, "a_c_2": 10.0, "a_mm_0": -40.0, "a_mm_1": -40.0, "a_mm_2": 20.0, "a_mm_3": 20.0, "a_mm_4": 20.0, "a_mp_0": 20.0, "a_mp_1": -40.0, "a_mp_2": 20.0, "a_mp_3": -0.16194549900041638, "a_mp_4": 20.0, "a_pm_0": 20.0, "a_pm_1": 20.0, "a_pm_2": 20.0, "a_pm_3": 20.0, "a_pm_4": -31.44311725910986, "a_pp_1": 20.0, "a_pp_2": 20.0, "a_pp_3": 20.0, "a_pp_4": 20.0}, "datetime": {"datetime": "2024-07-10 20:01:44", "elapsed": 11990.936635, "delta": 786.186519}}
{"target": -354.4827636780051, "params": {"a_c_1": 20.0, "a_c_2": 10.0, "a_mm_0": -40.0, "a_mm_1": 20.0, "a_mm_2": -40.0, "a_mm_3": 20.0, "a_mm_4": 20.0, "a_mp_0": 20.0, "a_mp_1": 20.0, "a_mp_2": 20.0, "a_mp_3": 20.0, "a_mp_4": 20.0, "a_pm_0": 20.0, "a_pm_1": 20.0, "a_pm_2": -40.0, "a_pm_3": -17.805620917917654, "a_pm_4": 20.0, "a_pp_1": 20.0, "a_pp_2": 20.0, "a_pp_3": 20.0, "a_pp_4": 20.0}, "datetime": {"datetime": "2024-07-10 20:22:08", "elapsed": 13215.543243, "delta": 1224.606608}}
