{"target": -2030.1688021177602, "params": {"a_c_1": 20.0, "a_c_2": 10.0, "a_mm_0": -40.0, "a_mm_1": -40.0, "a_mm_2": 7.944214771074779, "a_mm_3": 20.0, "a_mm_4": 20.0, "a_mp_0": -40.0, "a_mp_1": -32.641504473624096, "a_mp_2": 20.0, "a_mp_3": 20.0, "a_mp_4": 20.0, "a_pm_0": -40.0, "a_pm_1": 20.0, "a_pm_2": 20.0, "a_pm_3": -24.35214248992563, "a_pm_4": -5.280837414750869, "a_pp_1": 20.0, "a_pp_2": 20.0, "a_pp_3": 20.0, "a_pp_4": -11.420169529384399}, "datetime": {"datetime": "2024-07-11 00:24:28", "elapsed": 27914.819437, "delta": 343.810492}}
{"target": -1037.4378055571142, "params": {"a_c_1": 20.0, "a_c_2": 0.0, "a_mm_0": -40.0, "a_mm_1": 20.0, "a_mm_2": 20.0, "a_mm_3": 20.0, "a_mm_4": -14.663873314670516, "a_mp_0": -40.0, "a_mp_1": 20.0, "a_mp_2": -40.0, "a_mp_3": 20.0, "a_mp_4": 20.0, "a_pm_0": 20.0, "a_pm_1": 20.0, "a_pm_2": 20.0, "a_pm_3": -27.589410514187605, "a_pm_4": 20.0, "a_pp_1": 20.0, "a_pp_2": 20.0, "a_pp_3": 20.0, "a_pp_4": 20.0}, "datetime": {"datetime": "2024-07-11 00:34:42", "elapsed": 28528.150463, "delta": 613.331026}}
{"target": -1217.552889639898, "params": {"a_c_1": 20.0, "a_c_2": 0.0, "a_mm_0": 20.0, "a_mm_1": 20.0, "a_mm_2": 20.0, "a_mm_3": 20.0, "a_mm_4": 20.0, "a_mp_0": 20.0, "a_mp_1": 20.0, "a_mp_2": 20.0, "a_mp_3": -40.0, "a_mp_4": 20.0, "a_pm_0": -40.0, "a_pm_1": 20.0, "a_pm_2": 20.0, "a_pm_3": 20.0, "a_pm_4": 0.842669774632103, "a_pp_1": 20.0, "a_pp_2": -40.0, "a_pp_3": 20.0, "a_pp_4": 20.0}, "datetime": {"datetime": "2024-07-11 00:46:45", "elapsed": 29251.476968, "delta": 723.326505}}
{"target": -1388.3024629277647, "params": {"a_c_1": 20.0, "a_c_2": 0.0, "a_mm_0": 20.0, "a_mm_1": 20.0, "a_mm_2": 20.0, "a_mm_3": 20.0, "a_mm_4": -10.456321814948522, "a_mp_0": 20.0, "a_mp_1": 20.0, "a_mp_2": 20.0, "a_mp_3": 20.0, "a_mp_4": 20.0, "a_pm_0": 20.0, "a_pm_1": 20.0, "a_pm_2": 20.0, "a_pm_3": -40.0, "a_pm_4": 20.0, "a_pp_1": 20.0, "a_pp_2": -33.259631417674974, "a_pp_3": 20.0, "a_pp_4": 20.0}, "datetime": {"datetime": "2024-07-11 00:55:45", "elapsed": 29790.842531, "delta": 539.365563}}
{"target": -313.2489042174497, "params": {"a_c_1": 20.0, "a_c_2": 0.0, "a_mm_0": 20.0, "a_mm_1": 20.0, "a_mm_2": 20.0, "a_mm_3": 20.0, "a_mm_4": 20.0, "a_mp_0": -40.0, "a_mp_1": 20.0, "a_mp_2": 20.0, "a_mp_3": 20.0, "a_mp_4": 20.0, "a_pm_0": -40.0, "a_pm_1": 20.0, "a_pm_2": 20.0, "a_pm_3": -21.39450405877806, "a_pm_4": 20.0, "a_pp_1": 20.0, "a_pp_2": -40.0, "a_pp_3": 20.0, "a_pp_4": 20.0}, "datetime": {"datetime": "2024-07-11 01:07:37", "elapsed": 30503.680476, "delta": 712.837945}}
{"target": -643.2287487014145, "params": {"a_c_1": 20.0, "a_c_2": 0.0, "a_mm_0": 20.0, "a_mm_1": 20.0, "a_mm_2": 20.0, "a_mm_3": 20.0, "a_mm_4": 20.0, "a_mp_0": 20.0, "a_mp_1": 20.0, "a_mp_2": 20.0, "a_mp_3": 20.0, "a_mp_4": 20.0, "a_pm_0": 20.0, "a_pm_1": 20.0, "a_pm_2": 20.0, "a_pm_3": 20.0, "a_pm_4": 20.0, "a_pp_1": 20.0, "a_pp_2": -39.99999999999999, "a_pp_3": 20.0, "a_pp_4": 20.0}, "datetime": {"datetime": "2024-07-11 01:19:05", "elapsed": 31190.999685, "delta": 687.319209}}
{"target": -4240.48193438834, "params": {"a_c_1": 0.0, "a_c_2": 0.0, "a_mm_0": -40.0, "a_mm_1": 20.0, "a_mm_2": 20.0, "a_mm_3": 20.0, "a_mm_4": -2.4870619958559756, "a_mp_0": 20.0, "a_mp_1": -3.8786184996506026, "a_mp_2": 20.0, "a_mp_3": 20.0, "a_mp_4": 20.0, "a_pm_0": -40.0, "a_pm_1": 20.0, "a_pm_2": 20.0, "a_pm_3": -31.771075518664173, "a_pm_4": -36.8930212778184, "a_pp_1": 20.0, "a_pp_2": 20.0, "a_pp_3": 20.0, "a_pp_4": 20.0}, "datetime": {"datetime": "2024-07-11 01:24:51", "elapsed": 31537.302942, "delta": 346.303257}}
{"target": -440.1577504131668, "params": {"a_c_1": 20.0, "a_c_2": 0.0, "a_mm_0": 20.0, "a_mm_1": 20.0, "a_mm_2": 20.0, "a_mm_3": 20.0, "a_mm_4": 20.0, "a_mp_0": 20.0, "a_mp_1": 20.0, "a_mp_2": 20.0, "a_mp_3": 20.0, "a_mp_4": 20.0, "a_pm_0": -40.0, "a_pm_1": 20.0, "a_pm_2": -40.0, "a_pm_3": -37.96572809271033, "a_pm_4": 20.0, "a_pp_1": 20.0, "a_pp_2": 20.0, "a_pp_3": 20.0, "a_pp_4": 20.0}, "datetime": {"datetime": "2024-07-11 01:37:38", "elapsed": 32304.200767, "delta": 766.897825}}
{"target": -759.1787367459553, "params": {"a_c_1": 20.0, "a_c_2": 0.0, "a_mm_0": -40.0, "a_mm_1": 20.0, "a_mm_2": 20.0, "a_mm_3": -40.0, "a_mm_4": 20.0, "a_mp_0": -40.0, "a_mp_1": 20.0, "a_mp_2": 20.0, "a_mp_3": 20.0, "a_mp_4": 20.0, "a_pm_0": -40.0, "a_pm_1": 20.0, "a_pm_2": 20.0, "a_pm_3": 20.0, "a_pm_4": -22.037522674319483, "a_pp_1": 20.0, "a_pp_2": 20.0, "a_pp_3": 20.0, "a_pp_4": 20.0}, "datetime": {"datetime": "2024-07-11 01:48:06", "elapsed": 32932.020746, "delta": 627.819979}}
{"target": -332.8385973573356, "params": {"a_c_1": 19.402298641981826, "a_c_2": 10.0, "a_mm_0": 20.0, "a_mm_1": -40.0, "a_mm_2": 20.0, "a_mm_3": 20.0, "a_mm_4": 16.907702024617283, "a_mp_0": 20.0, "a_mp_1": 20.0, "a_mp_2": -33.9001120406798, "a_mp_3": -40.0, "a_mp_4": -10.675936411711604, "a_pm_0": 20.0, "a_pm_1": 20.0, "a_pm_2": 1.514775552351531, "a_pm_3": 20.0, "a_pm_4": 20.0, "a_pp_1": 20.0, "a_pp_2": 20.0, "a_pp_3": 20.0, "a_pp_4": 20.0}, "datetime": {"datetime": "2024-07-10 16:36:00", "elapsed": 0.0, "delta": 0.0}}
{"target": -516.9277646210253, "params": {"a_c_1": 0.0, "a_c_2": 0.0, "a_mm_0": -40.0, "a_mm_1": 20.0, "a_mm_2": 20.0, "a_mm_3": 20.0, "a_mm_4": 20.0, "a_mp_0": -40.0, "a_mp_1": 20.0, "a_mp_2": 20.0, "a_mp_3": 20.0, "a_mp_4": 20.0, "a_pm_0": -40.0, "a_pm_1": 20.0, "a_pm_2": 20.0, "a_pm_3": 20.0, "a_pm_4": 20.0, "a_pp_1": 20.0, "a_pp_2": -40.0, "a_pp_3": -5.1783288161415415, "a_pp_4": 20.0}, "datetime": {"datetime": "2024-07-10 16:48:32", "elapsed": 751.256748, "delta": 751.256748}}
{"target": -1366.3379996224633, "params": {"a_c_1": 20.0, "a_c_2": 10.0, "a_mm_0": -40.0, "a_mm_1": 20.0, "a_mm_2": -40.0, "a_mm_3": 20.0, "a_mm_4": 20.0, "a_mp_0": -40.0, "a_mp_1": 20.0, "a_mp_2": 20.0, "a_mp_3": 20.0, "a_mp_4": 20.0, "a_pm_0": -40.0, "a_pm_1": 20.0, "a_pm_2": 20.0, "a_pm_3": -2.6001186530013265, "a_pm_4": -31.684982026793506, "a_pp_1": 20.0, "a_pp_2": 20.0, "a_pp_3": 20.0, "a_pp_4": 20.0}, "datetime": {"datetime": "2024-07-10 16:56:49", "elapsed": 1248.244283, "delta": 496.987535}}
{"target": -423.88674713530713, "params": {"a_c_1": 20.0, "a_c_2": 0.0, "a_mm_0": 20.0, "a_mm_1": -40.0, "a_mm_2": 20.0, "a_mm_3": 20.0, "a_mm_4": 3.3064692297051046, "a_mp_0": -40.0, "a_mp_1": -40.0, "a_mp_2": -40.0, "a_mp_3": 20.0, "a_mp_4": 20.0, "a_pm_0": 20.0, "a_pm_1": 20.0, "a_pm_2": 20.0, "a_pm_3": 20.0, "a_pm_4": 12.855352250190878, "a_pp_1": 20.0, "a_pp_2": 20.0, "a_pp_3": 20.0, "a_pp_4": 20.0}, "datetime": {"datetime": "2024-07-10 17:10:23", "elapsed": 2062.604211, "delta": 814.359928}}
{"target": -358.83436099907533, "params": {"a_c_1": 0.0, "a_c_2": 10.0, "a_mm_0": -40.0, "a_mm_1": 20.0, "a_mm_2": 20.0, "a_mm_3": 20.0, "a_mm_4": 20.0, "a_mp_0": 20.0, "a_mp_1": 20.0, "a_mp_2": 20.0, "a_mp_3": -28.36063330055018, "a_mp_4": 20.0, "a_pm_0": 20.0, "a_pm_1": 20.0, "a_pm_2": 20.0, "a_pm_3": -7.073602955148859, "a_pm_4": 20.0, "a_pp_1": 20.0, "a_pp_2": -40.0, "a_pp_3": 20.0, "a_pp_4": 20.0}, "datetime": {"datetime": "2024-07-10 17:24:26", "elapsed": 2905.10569, "delta": 842.501479}}
{"target": -269.58526533375664, "params": {"a_c_1": 0.0, "a_c_2": 0.0, "a_mm_0": -40.0, "a_mm_1": 20.0, "a_mm_2": 20.0, "a_mm_3": 20.0, "a_mm_4": -1.8113171562608374, "a_mp_0": 20.0, "a_mp_1": 20.0, "a_mp_2": 20.0, "a_mp_3": 20.0, "a_mp_4": 20.0, "a_pm_0": 20.0, "a_pm_1": 20.0, "a_pm_2": -40.0, "a_pm_3": -20.014964282550977, "a_pm_4": 20.0, "a_pp_1": 20.0, "a_pp_2": 9.812238014524818, "a_pp_3": 20.0, "a_pp_4": 20.0}, "datetime": {"datetime": "2024-07-10 17:41:46", "elapsed": 3946.024657, "delta": 1040.918967}}
{"target": -2680.096327939852, "params": {"a_c_1": 20.0, "a_c_2": 10.0, "a_mm_0": 20.0, "a_mm_1": 20.0, "a_mm_2": -40.0, "a_mm_3": 20.0, "a_mm_4": 20.0, "a_mp_0": 20.0, "a_mp_1": 20.0, "a_mp_2": 20.0, "a_mp_3": 20.0, "a_mp_4": -37.060389476719116, "a_pm_0": -40.0, "a_pm_1": 20.0, "a_pm_2": -40.0, "a_pm_3": 20.0, "a_pm_4": 20.0, "a_pp_1": 20.0, "a_pp_2": 20.0, "a_pp_3": 20.0, "a_pp_4": 20.0}, "datetime": {"datetime": "2024-07-10 17:47:54", "elapsed": 4313.292304, "delta": 367.267647}}
{"target": -2377.398429661718, "params": {"a_c_1": 20.0, "a_c_2": 0.0, "a_mm_0": -40.0, "a_mm_1": -40.0, "a_mm_2": 20.0, "a_mm_3": 20.0, "a_mm_4": 20.0, "a_mp_0": -40.0, "a_mp_1": -27.927687660679233, "a_mp_2": 20.0, "a_mp_3": 20.0, "a_mp_4": 20.0, "a_pm_0": 20.0, "a_pm_1": 20.0, "a_pm_2": 20.0, "a_pm_3": 5.9799450795586235, "a_pm_4": 20.0, "a_pp_1": 20.0, "a_pp_2": -40.0, "a_pp_3": 20.0, "a_pp_4": 20.0}, "datetime": {"datetime": "2024-07-10 17:59:51", "elapsed": 5030.85972, "delta": 717.567416}}
{"target": -6995.797258295854, "params": {"a_c_1": 20.0, "a_c_2": 10.0, "a_mm_0": 20.0, "a_mm_1": 20.0, "a_mm_2": 20.0, "a_mm_3": -40.0, "a_mm_4": 20.0, "a_mp_0": 20.0, "a_mp_1": 20.0, "a_mp_2": 20.0, "a_mp_3": -40.0, "a_mp_4": 20.0, "a_pm_0": 20.0, "a_pm_1": 20.0, "a_pm_2": -40.0, "a_pm_3": 20.0, "a_pm_4": -1.0465994281863173, "a_pp_1": 20.0, "a_pp_2": 20.0, "a_pp_3": 20.0, "a_pp_4": 20.0}, "datetime": {"datetime": "2024-07-10 18:03:50", "elapsed": 5269.507505, "delta": 238.647785}}
{"target": -1664.4665550820373, "params": {"a_c_1": 0.0, "a_c_2": 10.0, "a_mm_0": -40.0, "a_mm_1": -40.0, "a_mm_2": 20.0, "a_mm_3": 20.0, "a_mm_4": 20.0, "a_mp_0": 20.0, "a_mp_1": 20.0, "a_mp_2": 20.0, "a_mp_3": -40.0, "a_mp_4": 9.74669145365414, "a_pm_0": 20.0, "a_pm_1": -0.22833760402836667, "a_pm_2": -40.0, "a_pm_3": 17.37290696283076, "a_pm_4": 20.0, "a_pp_1": -34.230885106741795, "a_pp_2": 20.0, "a_pp_3": 20.0, "a_pp_4": 20.0}, "datetime": {"datetime": "2024-07-10 18:14:06", "elapsed": 5885.418608, "delta": 615.911103}}
{"target": -762.4399326853468, "params": {"a_c_1": 20.0, "a_c_2": 0.0, "a_mm_0": 20.0, "a_mm_1": 20.0, "a_mm_2": -40.0, "a_mm_3": 20.0, "a_mm_4": 20.0, "a_mp_0": -40.0, "a_mp_1": 20.0, "a_mp_2": 20.0, "a_mp_3": 20.0, "a_mp_4": -23.612274269386308, "a_pm_0": -40.0, "a_pm_1": 20.0, "a_pm_2": 7.165371938622573, "a_pm_3": 13.005345635602033, "a_pm_4": 20.0, "a_pp_1": -40.0, "a_pp_2": 20.0, "a_pp_3": 20.0, "a_pp_4": 20.0}, "datetime": {"datetime": "2024-07-10 18:22:22", "elapsed": 6381.410338, "delta": 495.99173}}
{"target": -7793.982436681127, "params": {"a_c_1": 0.0, "a_c_2": 10.0, "a_mm_0": -40.0, "a_mm_1": 20.0, "a_mm_2": 20.0, "a_mm_3": 20.0, "a_mm_4": 20.0, "a_mp_0": -40.0, "a_mp_1": 20.0, "a_mp_2": 20.0, "a_mp_3": -13.371994704018348, "a_mp_4": 20.0, "a_pm_0": 20.0, "a_pm_1": 20.0, "a_pm_2": -40.0, "a_pm_3": 20.0, "a_pm_4": 20.0, "a_pp_1": 20.0, "a_pp_2": -40.0, "a_pp_3": 20.0, "a_pp_4": 20.0}, "datetime": {"datetime": "2024-07-10 18:31:08", "elapsed": 6907.523155, "delta": 526.112817}}
{"target": -2120.3859955595153, "params": {"a_c_1": 20.0, "a_c_2": 0.0, "a_mm_0": 20.0, "a_mm_1": 20.0, "a_mm_2": 20.0, "a_mm_3": 20.0, "a_mm_4": 20.0, "a_mp_0": -40.0, "a_mp_1": -20.912175472348423, "a_mp_2": 20.0, "a_mp_3": 20.0, "a_mp_4": 4.021270515802492, "a_pm_0": -40.0, "a_pm_1": 20.0, "a_pm_2": 20.0, "a_pm_3": 20.0, "a_pm_4": -8.220720273849775, "a_pp_1": 20.0, "a_pp_2": -7.236783582735399, "a_pp_3": -24.783223564297217, "a_pp_4": 20.0}, "datetime": {"datetime": "2024-07-10 18:38:44", "elapsed": 7363.642936, "delta": 456.119781}}
{"target": -706.5713074476545, "params": {"a_c_1": 0.0, "a_c_2": 0.0, "a_mm_0": -40.0, "a_mm_1": -40.0, "a_mm_2": 20.0, "a_mm_3": 20.0, "a_mm_4": 20.0, "a_mp_0": 20.0, "a_mp_1": 20.0, "a_mp_2": 20.0, "a_mp_3": -2.2972166753772445, "a_mp_4": 20.0, "a_pm_0": 20.0, "a_pm_1": 20.0, "a_pm_2": 20.0, "a_pm_3": -40.0, "a_pm_4": 20.0, "a_pp_1": 20.0, "a_pp_2": 20.0, "a_pp_3": 20.0, "a_pp_4": 20.0}, "datetime": {"datetime": "2024-07-10 18:50:39", "elapsed": 8078.223626, "delta": 714.58069}}
{"target": -1082.0264660005264, "params": {"a_c_1": 20.0, "a_c_2": 10.0, "a_mm_0": 20.0, "a_mm_1": -40.0, "a_mm_2": 20.0, "a_mm_3": 20.0, "a_mm_4": -13.90123598613352, "a_mp_0": 20.0, "a_mp_1": -34.428250004260356, "a_mp_2": -1.0571368101983816, "a_mp_3": -26.389629404042, "a_mp_4": 20.0, "a_pm_0": 20.0, "a_pm_1": 20.0, "a_pm_2": 20.0, "a_pm_3": -1.7065476450327113, "a_pm_4": -10.179211561256228, "a_pp_1": 20.0, "a_pp_2": 20.0, "a_pp_3": 20.0, "a_pp_4": 20.0}, "datetime": {"datetime": "2024-07-10 19:00:14", "elapsed": 8653.958388, "delta": 575.734762}}
{"target": -1437.995706483181, "params": {"a_c_1": 20.0, "a_c_2": 0.0, "a_mm_0": 20.0, "a_mm_1": -40.0, "a_mm_2": -40.0, "a_mm_3": 20.0, "a_mm_4": 20.0, "a_mp_0": -40.0, "a_mp_1": 20.0, "a_mp_2": 20.0, "a_mp_3": 20.0, "a_mp_4": 20.0, "a_pm_0": -40.0, "a_pm_1": 20.0, "a_pm_2": -40.0, "a_pm_3": -15.447371753500844, "a_pm_4": 20.0, "a_pp_1": 20.0, "a_pp_2": 20.0, "a_pp_3": 20.0, "a_pp_4": 20.0}, "datetime": {"datetime": "2024-07-10 19:10:25", "elapsed": 9264.870633, "delta": 610.912245}}
{"target": -1591.479637509694, "params": {"a_c_1": 20.0, "a_c_2": 0.0, "a_mm_0": -40.0, "a_mm_1": 20.0, "a_mm_2": 1.5968533588003784, "a_mm_3": -40.0, "a_mm_4": 20.0, "a_mp_0": 20.0, "a_mp_1": 20.0, "a_mp_2": 20.0, "a_mp_3": 9.483076499996443, "a_mp_4": 20.0, "a_pm_0": 20.0, "a_pm_1": 20.0, "a_pm_2": 20.0, "a_pm_3": 20.0, "a_pm_4": -29.877547125566103, "a_pp_1": 20.0, "a_pp_2": 20.0, "a_pp_3": 20.0, "a_pp_4": 20.0}, "datetime": {"datetime": "2024-07-10 19:23:44", "elapsed": 10063.720069, "delta": 798.849436}}
{"target": -1943.0731814242627, "params": {"a_c_1": 0.0, "a_c_2": 10.0, "a_mm_0": -40.0, "a_mm_1": 20.0, "a_mm_2": 20.0, "a_mm_3": 20.0, "a_mm_4": 20.0, "a_mp_0": 20.0, "a_mp_1": 20.0, "a_mp_2": -40.0, "a_mp_3": -34.680290529496794, "a_mp_4": 20.0, "a_pm_0": 20.0, "a_pm_1": 20.0, "a_pm_2": 20.0, "a_pm_3": -10.451268996753491, "a_pm_4": 20.0, "a_pp_1": 20.0, "a_pp_2": 20.0, "a_pp_3": 20.0, "a_pp_4": -10.733059213710344}, "datetime": {"datetime": "2024-07-10 19:36:08", "elapsed": 10807.355679, "delta": 743.63561}}
{"target": -7240.613096927844, "params": {"a_c_1": 0.0, "a_c_2": 0.0, "a_mm_0": -40.0, "a_mm_1": 20.0, "a_mm_2": 20.0, "a_mm_3": 20.0, "a_mm_4": 20.0, "a_mp_0": 20.0, "a_mp_1": 20.0, "a_mp_2": 20.0, "a_mp_3": 20.0, "a_mp_4": -37.60684489029788, "a_pm_0": 20.0, "a_pm_1": 20.0, "a_pm_2": 20.0, "a_pm_3": 20.0, "a_pm_4": 20.0, "a_pp_1": 20.0, "a_pp_2": -9.675973310261604, "a_pp_3": -40.0, "a_pp_4": 20.0}, "datetime": {"datetime": "2024-07-10 19:45:51", "elapsed": 11390.10857, "delta": 582.752891}}
{"target": -3323.3037248424057, "params": {"a_c_1": 20.0, "a_c_2": 0.0, "a_mm_0": -40.0, "a_mm_1": -40.0, "a_mm_2": 0.8439087897625334, "a_mm_3": 20.0, "a_mm_4": 20.0, "a_mp_0": -40.0, "a_mp_1": -40.0, "a_mp_2": 20.0, "a_mp_3": 20.0, "a_mp_4": 20.0, "a_pm_0": -40.0, "a_pm_1": 20.0, "a_pm_2": 20.0, "a_pm_3": 2.100563305126112, "a_pm_4": -17.257603645328537, "a_pp_1": 20.0, "a_pp_2": 20.0, "a_pp_3": 20.0, "a_pp_4": -5.640156617215922}, "datetime": {"datetime": "2024-07-10 19:52:34", "elapsed": 11793.5012, "delta": 403.39263}}
{"target": -260.83225784240585, "params": {"a_c_1": 20.0, "a_c_2": 0.0, "a_mm_0": 20.0, "a_mm_1": -40.0, "a_mm_2": -32.21599658679927, "a_mm_3": 20.0, "a_mm_4": 20.0, "a_mp_0": 20.0, "a_mp_1": 20.0, "a_mp_2": 20.0, "a_mp_3": 19.987654124370504, "a_mp_4": -3.5416232844660804, "a_pm_0": 20.0, "a_pm_1": 20.0, "a_pm_2": -40.0, "a_pm_3": -8.965204352763879, "a_pm_4": 20.0, "a_pp_1": 20.0, "a_pp_2": 20.0, "a_pp_3": 20.0, "a_pp_4": 20.0}, "datetime": {"datetime": "2024-07-10 20:08:58", "elapsed": 12777.394248, "delta": 983.893048}}
{"target": -643.2287487014145, "params": {"a_c_1": 20.0, "a_c_2": 0.0, "a_mm_0": 20.0, "a_mm_1": 20.0, "a_mm_2": 20.0, "a_mm_3": 20.0, "a_mm_4": 20.0, "a_mp_0": 20.0, "a_mp_1": 20.0, "a_mp_2": 20.0, "a_mp_3": 20.0, "a_mp_4": 20.0, "a_pm_0": 20.0, "a_pm_1": 20.0, "a_pm_2": 20.0, "a_pm_3": 20.0, "a_pm_4": 20.0, "a_pp_1": 20.0, "a_pp_2": -40.0, "a_pp_3": 20.0, "a_pp_4": 20.0}, "datetime": {"datetime": "2024-07-10 20:20:34", "elapsed": 13473.517804, "delta": 696.123556}}
{"target": -159.89639904980115, "params": {"a_c_1": 20.0, "a_c_2": 10.0, "a_mm_0": -40.0, "a_mm_1": 20.0, "a_mm_2": -40.0, "a_mm_3": 20.0, "a_mm_4": 20.0, "a_mp_0": 20.0, "a_mp_1": 20.0, "a_mp_2": 20.0, "a_mp_3": 20.0, "a_mp_4": 20.0, "a_pm_0": 20.0, "a_pm_1": 20.0, "a_pm_2": -13.594576389289097, "a_pm_3": -7.3294671149467705, "a_pm_4": 20.0, "a_pp_1": 20.0, "a_pp_2": 20.0, "a_pp_3": 20.0, "a_pp_4": 2.381878831320797}, "datetime": {"datetime": "2024-07-10 20:32:04", "elapsed": 14163.510923, "delta": 689.993119}}
{"target": -910.9794779384264, "params": {"a_c_1": 20.0, "a_c_2": 0.0, "a_mm_0": -40.0, "a_mm_1": 20.0, "a_mm_2": 20.0, "a_mm_3": 20.0, "a_mm_4": -13.209219690678118, "a_mp_0": -40.0, "a_mp_1": 20.0, "a_mp_2": 20.0, "a_mp_3": 20.0, "a_mp_4": 20.0, "a_pm_0": 20.0, "a_pm_1": 20.0, "a_pm_2": 20.0, "a_pm_3": -40.0, "a_pm_4": 20.0, "a_pp_1": 20.0, "a_pp_2": 0.39319943387044876, "a_pp_3": 20.0, "a_pp_4": 20.0}, "datetime": {"datetime": "2024-07-10 20:46:18", "elapsed": 15017.121665, "delta": 853.610742}}
{"target": -433.05866614539764, "params": {"a_c_1": 0.0, "a_c_2": 10.0, "a_mm_0": -40.0, "a_mm_1": -40.0, "a_mm_2": 20.0, "a_mm_3": 20.0, "a_mm_4": 20.0, "a_mp_0": -40.0, "a_mp_1": 20.0, "a_mp_2": 20.0, "a_mp_3": 20.0, "a_mp_4": 20.0, "a_pm_0": -40.0, "a_pm_1": 20.0, "a_pm_2": 20.0, "a_pm_3": -34.666581430304916, "a_pm_4": 20.0, "a_pp_1": 20.0, "a_pp_2": -15.815074393374422, "a_pp_3": 20.0, "a_pp_4": 20.0}, "datetime": {"datetime": "2024-07-10 20:58:23", "elapsed": 15742.961129, "delta": 725.839464}}
{"target": -143.6429352906441, "params": {"a_c_1": 0.0, "a_c_2": 10.0, "a_mm_0": -40.0, "a_mm_1": -40.0, "a_mm_2": 20.0, "a_mm_3": 20.0, "a_mm_4": 20.0, "a_mp_0": 20.0, "a_mp_1": 20.0, "a_mp_2": -40.0, "a_mp_3": 20.0, "a_mp_4": 20.0, "a_pm_0": 20.0, "a_pm_1": 20.0, "a_pm_2": 20.0, "a_pm_3": 20.0, "a_pm_4": 20.0, "a_pp_1": 20.0, "a_pp_2": 20.0, "a_pp_3": 20.0, "a_pp_4": 20.0}, "datetime": {"datetime": "2024-07-10 21:19:35", "elapsed": 17014.506084, "delta": 1271.544955}}
{"target": -876.7982274824267, "params": {"a_c_1": 0.0, "a_c_2": 10.0, "a_mm_0": -40.0, "a_mm_1": 20.0, "a_mm_2": 20.0, "a_mm_3": 20.0, "a_mm_4": 20.0, "a_mp_0": -40.0, "a_mp_1": -40.0, "a_mp_2": -40.0, "a_mp_3": 20.0, "a_mp_4": 20.0, "a_pm_0": 20.0, "a_pm_1": 20.0, "a_pm_2": 20.0, "a_pm_3": 20.0, "a_pm_4": 20.0, "a_pp_1": 20.0, "a_pp_2": -8.231931386056809, "a_pp_3": 20.0, "a_pp_4": 7.98915843537241}, "datetime": {"datetime": "2024-07-10 21:34:29", "elapsed": 17908.40907, "delta": 893.902986}}
{"target": -1063.6813440665119, "params": {"a_c_1": 0.0, "a_c_2": 10.0, "a_mm_0": 20.0, "a_mm_1": -40.0, "a_mm_2": 20.0, "a_mm_3": 20.0, "a_mm_4": 20.0, "a_mp_0": 20.0, "a_mp_1": 20.0, "a_mp_2": 20.0, "a_mp_3": -25.131329549232277, "a_mp_4": 20.0, "a_pm_0": 20.0, "a_pm_1": 20.0, "a_pm_2": -25.94451246241002, "a_pm_3": -12.356929456479394, "a_pm_4": 20.0, "a_pp_1": 20.0, "a_pp_2": -16.377941489380405, "a_pp_3": 20.0, "a_pp_4": 20.0}, "datetime": {"datetime": "2024-07-10 21:46:03", "elapsed": 18602.799115, "delta": 694.390045}}
{"target": -2682.475244787179, "params": {"a_c_1": 20.0, "a_c_2": 10.0, "a_mm_0": 20.0, "a_mm_1": 20.0, "a_mm_2": -40.0, "a_mm_3": 20.0, "a_mm_4": -15.954934759522137, "a_mp_0": -40.0, "a_mp_1": 20.0, "a_mp_2": 20.0, "a_mp_3": 20.0, "a_mp_4": 20.0, "a_pm_0": -40.0, "a_pm_1": 20.0, "a_pm_2": 20.0, "a_pm_3": -40.0, "a_pm_4": -14.392322569110151, "a_pp_1": 20.0, "a_pp_2": 20.0, "a_pp_3": 20.0, "a_pp_4": 20.0}, "datetime": {"datetime": "2024-07-10 21:56:16", "elapsed": 19215.169464, "delta": 612.370349}}
{"target": -925.7876466136445, "params": {"a_c_1": 20.0, "a_c_2": 0.0, "a_mm_0": 20.0, "a_mm_1": 20.0, "a_mm_2": -40.0, "a_mm_3": 20.0, "a_mm_4": 20.0, "a_mp_0": -40.0, "a_mp_1": 20.0, "a_mp_2": -40.0, "a_mp_3": 20.0, "a_mp_4": -7.062662260987086, "a_pm_0": 20.0, "a_pm_1": 20.0, "a_pm_2": 20.0, "a_pm_3": 20.0, "a_pm_4": 20.0, "a_pp_1": 20.0, "a_pp_2": 20.0, "a_pp_3": 20.0, "a_pp_4": 20.0}, "datetime": {"datetime": "2024-07-10 22:06:27", "elapsed": 19826.344694, "delta": 611.17523}}
{"target": -619.4300679487563, "params": {"a_c_1": 0.0, "a_c_2": 0.0, "a_mm_0": -40.0, "a_mm_1": 20.0, "a_mm_2": 20.0, "a_mm_3": -40.0, "a_mm_4": 20.0, "a_mp_0": 20.0, "a_mp_1": 20.0, "a_mp_2": -40.0, "a_mp_3": 20.0, "a_mp_4": 20.0, "a_pm_0": 20.0, "a_pm_1": 20.0, "a_pm_2": 20.0, "a_pm_3": 20.0, "a_pm_4": 20.0, "a_pp_1": 20.0, "a_pp_2": 20.0, "a_pp_3": 20.0, "a_pp_4": 20.0}, "datetime": {"datetime": "2024-07-10 22:15:54", "elapsed": 20393.35908, "delta": 567.014386}}
{"target": -74.17009572060056, "params": {"a_c_1": 20.0, "a_c_2": 10.0, "a_mm_0": 20.0, "a_mm_1": 20.0, "a_mm_2": 20.0, "a_mm_3": 20.0, "a_mm_4": 20.0, "a_mp_0": -40.0, "a_mp_1": -40.0, "a_mp_2": -40.0, "a_mp_3": 20.0, "a_mp_4": 20.0, "a_pm_0": -40.0, "a_pm_1": 20.0, "a_pm_2": 20.0, "a_pm_3": 20.0, "a_pm_4": 20.0, "a_pp_1": 20.0, "a_pp_2": 20.0, "a_pp_3": 20.0, "a_pp_4": 0.11745618161907331}, "datetime": {"datetime": "2024-07-10 22:31:01", "elapsed": 21300.22384, "delta": 906.86476}}
{"target": -3488.8524805463253, "params": {"a_c_1": 20.0, "a_c_2": 0.0, "a_mm_0": 20.0, "a_mm_1": 20.0, "a_mm_2": 20.0, "a_mm_3": -18.828698561285027, "a_mm_4": -1.6432817791078318, "a_mp_0": 20.0, "a_mp_1": 20.0, "a_mp_2": -40.0, "a_mp_3": -22.70046289755789, "a_mp_4": -18.111167484442227, "a_pm_0": 20.0, "a_pm_1": -40.0, "a_pm_2": 20.0, "a_pm_3": 20.0, "a_pm_4": 20.0, "a_pp_1": 20.0, "a_pp_2": 20.0, "a_pp_3": 20.0, "a_pp_4": 20.0}, "datetime": {"datetime": "2024-07-10 22:37:10", "elapsed": 21669.36786, "delta": 369.14402}}
{"target": -878.3560349740271, "params": {"a_c_1": 20.0, "a_c_2": 10.0, "a_mm_0": 20.0, "a_mm_1": 20.0, "a_mm_2": 20.0, "a_mm_3": 20.0, "a_mm_4": 20.0, "a_mp_0": 20.0, "a_mp_1": 20.0, "a_mp_2": -40.0, "a_mp_3": 20.0, "a_mp_4": 20.0, "a_pm_0": 20.0, "a_pm_1": 20.0, "a_pm_2": 20.0, "a_pm_3": 20.0, "a_pm_4": 20.0, "a_pp_1": 20.0, "a_pp_2": 20.0, "a_pp_3": 20.0, "a_pp_4": -18.471929640418463}, "datetime": {"datetime": "2024-07-10 22:50:59", "elapsed": 22498.383729, "delta": 829.015869}}
