{"target": -51588.64172488712, "params": {"a_c_1": 0.8335291832134484, "a_c_2": 7.205572446969963, "a_mm_0": -23.0699706912926, "a_mm_1": -26.107173532304436, "a_mm_2": -2.6599396855950985, "a_mm_3": 11.221697453802335, "a_mm_4": -38.158265162501934, "a_mp_0": -8.650097480456044, "a_mp_1": -13.423331486950804, "a_mp_2": 19.02895169581408, "a_mp_3": -18.45885638083233, "a_mp_4": -33.981187580987736, "a_pm_0": 18.46222654063537, "a_pm_1": -12.36985928015471, "a_pm_2": -11.009112808025357, "a_pm_3": -8.379906676671872, "a_pm_4": -24.779762357945614, "a_pp_1": -1.0675445230234146, "a_pp_2": 3.106585486998952, "a_pp_3": -3.5903869430561883, "a_pp_4": -4.723484991588933}, "datetime": {"datetime": "2024-07-10 12:56:54", "elapsed": 8646.295566, "delta": 244.604107}}
{"target": -38279.41909868357, "params": {"a_c_1": 8.425792870784527, "a_c_2": 6.516749074970111, "a_mm_0": -35.737872298486195, "a_mm_1": -18.099321329293428, "a_mm_2": -38.74156530639436, "a_mm_3": -5.554014843837528, "a_mm_4": 16.555094217378254, "a_mp_0": 15.910493032776444, "a_mp_1": 2.806866882264046, "a_mp_2": -8.151891868595506, "a_mp_3": 6.76070847921288, "a_mp_4": -25.992656290389064, "a_pm_0": -22.621118121054387, "a_pm_1": -19.4803476619294, "a_pm_2": -13.10245210627546, "a_pm_3": 12.983491521810507, "a_pm_4": 7.854734104212909, "a_pp_1": -9.12149272912864, "a_pp_2": -8.87861736921883, "a_pp_3": -29.363008765430735, "a_pp_4": -17.81562057995663}, "datetime": {"datetime": "2024-07-10 13:00:33", "elapsed": 8865.330261, "delta": 219.034695}}
{"target": -22627.667409428515, "params": {"a_c_1": 13.714571803397337, "a_c_2": 8.825263069871212, "a_mm_0": -3.5544324080268197, "a_mm_1": 2.7204428810798333, "a_mm_2": 7.50326647660016, "a_mm_3": -0.03981525732450564, "a_mm_4": 9.992754512261143, "a_mp_0": 0.9451868998777115, "a_mp_1": 12.218417992140147, "a_mp_2": 12.531369693658029, "a_mp_3": 15.08280988767467, "a_mp_4": 5.054367669468874, "a_pm_0": -39.366722129885396, "a_pm_1": -6.781477674053868, "a_pm_2": -34.323921367659075, "a_pm_3": 11.615967024303238, "a_pm_4": -11.990017782542406, "a_pp_1": -39.19533869972735, "a_pp_2": -18.74260433502593, "a_pp_3": 8.725637281334528, "a_pp_4": 8.401636118467422}, "datetime": {"datetime": "2024-07-10 13:04:23", "elapsed": 9095.437957, "delta": 230.107696}}
{"target": -27252.38471917004, "params": {"a_c_1": 18.506966596461737, "a_c_2": 6.256394852980099, "a_mm_0": 3.0924055640762163, "a_mm_1": -34.074854366353975, "a_mm_2": -21.71808066404697, "a_mm_3": -33.353310591655074, "a_mm_4": -4.142504134434816, "a_mp_0": -12.88783057128553, "a_mp_1": -28.35103259471481, "a_mp_2": 2.131058403729547, "a_mp_3": 9.871697020607087, "a_mp_4": -29.99823075234354, "a_pm_0": 11.652283481233937, "a_pm_1": -22.344404289364032, "a_pm_2": 9.084931741079657, "a_pm_3": -2.499861702169156, "a_pm_4": -9.021069419793307, "a_pp_1": -13.587727937403514, "a_pp_2": 12.276735637997902, "a_pp_3": -4.560017827762209, "a_pp_4": 7.666412892129756}, "datetime": {"datetime": "2024-07-10 13:08:05", "elapsed": 9317.763023, "delta": 222.325066}}
{"target": -134634.526126697, "params": {"a_c_1": 19.27258557144566, "a_c_2": 1.7488638835574044, "a_mm_0": -24.853473777696905, "a_mm_1": -1.7607551324161648, "a_mm_2": -29.11690168061651, "a_mm_3": -31.094012122992552, "a_mm_4": 16.712511909461938, "a_mp_0": 13.431802335962516, "a_mp_1": 12.84560985459806, "a_mp_2": -24.72205226645582, "a_mp_3": -8.477956320445248, "a_mp_4": -10.742823386036463, "a_pm_0": -37.819035219636575, "a_pm_1": -37.9566914261992, "a_pm_2": -30.59829123938936, "a_pm_3": -15.985282117872398, "a_pm_4": -29.734053446047994, "a_pp_1": -37.316870552957944, "a_pp_2": -14.638608389123448, "a_pp_3": 6.1973956570431525, "a_pp_4": -38.06650789271902}, "datetime": {"datetime": "2024-07-10 13:11:34", "elapsed": 9526.309765, "delta": 208.546742}}
{"target": -28399.978093908678, "params": {"a_c_1": 12.206549058171463, "a_c_2": 3.4549822390220184, "a_mm_0": 18.324831886681288, "a_mm_1": 4.401206250614713, "a_mm_2": 13.19085846859575, "a_mm_3": 6.7935689200674645, "a_mm_4": -1.5679023529254081, "a_mp_0": -36.16589215561173, "a_mp_1": -14.479642682649924, "a_mp_2": -36.408367823077654, "a_mp_3": 16.601081943239052, "a_mp_4": -3.48457387366458, "a_pm_0": -29.114638447778944, "a_pm_1": -24.486513833386557, "a_pm_2": -19.45573715300088, "a_pm_3": -1.3682345950430346, "a_pm_4": -22.970867939721604, "a_pp_1": 16.6370109872789, "a_pp_2": -23.289334270074143, "a_pp_3": 11.806281941150672, "a_pp_4": -7.1914307481336905}, "datetime": {"datetime": "2024-07-10 13:14:57", "elapsed": 9729.186346, "delta": 202.876581}}
{"target": -23740.52776644404, "params": {"a_c_1": 2.34574293838939, "a_c_2": 3.4922087717710424, "a_mm_0": -21.61850867141407, "a_mm_1": 19.489417948532328, "a_mm_2": -14.871486748433448, "a_mm_3": -2.073066924220008, "a_mm_4": -19.102380778945157, "a_mp_0": 10.575165460739363, "a_mp_1": -10.617539844697077, "a_mp_2": -8.800010912258244, "a_mp_3": 12.151901259760919, "a_mp_4": -27.091327158552165, "a_pm_0": -14.84009517011285, "a_pm_1": 0.9536105184230053, "a_pm_2": -2.8908456711313093, "a_pm_3": 0.5553835982800592, "a_pm_4": 17.819155283988962, "a_pp_1": -24.39727384801339, "a_pp_2": -22.801860057411204, "a_pp_3": 10.688934932509731, "a_pp_4": -11.696972158595212}, "datetime": {"datetime": "2024-07-10 13:18:43", "elapsed": 9955.120184, "delta": 225.933838}}
{"target": -59836.537210721515, "params": {"a_c_1": 0.12308566005186927, "a_c_2": 8.959477652886735, "a_mm_0": 13.324812569862367, "a_mm_1": -16.974521198486094, "a_mm_2": -16.75500482815005, "a_mm_3": 17.930905751060365, "a_mm_4": -19.872730742720492, "a_mp_0": -32.593194174696094, "a_mp_1": 0.4716664723313002, "a_mp_2": -24.32070788164708, "a_mp_3": -29.772851761388754, "a_mp_4": 0.7242905023451129, "a_pm_0": -35.47139483115182, "a_pm_1": 19.50823967712882, "a_pm_2": -25.98380520590182, "a_pm_3": -18.133251283801936, "a_pm_4": 16.12828151557693, "a_pp_1": -2.752808756695188, "a_pp_2": -39.42357147875315, "a_pp_3": 15.463269852304101, "a_pp_4": -20.289254984288004}, "datetime": {"datetime": "2024-07-10 13:21:26", "elapsed": 10118.625161, "delta": 163.504977}}
{"target": -9863.538620854455, "params": {"a_c_1": 2.806743420390343, "a_c_2": 2.5536704159826353, "a_mm_0": -6.393220786056531, "a_mm_1": 5.6868653191842355, "a_mm_2": -7.451094248217025, "a_mm_3": -10.96220985054845, "a_mm_4": 5.348899233719408, "a_mp_0": 15.861982487353828, "a_mp_1": -10.597993725928884, "a_mp_2": -34.231188105505304, "a_mp_3": -31.63478531823996, "a_mp_4": 15.98428103614821, "a_pm_0": 16.27516549335111, "a_pm_1": 3.873372361225549, "a_pm_2": -3.5223017465907773, "a_pm_3": 12.526883553504675, "a_pm_4": 7.159667501102298, "a_pp_1": 3.479729869357186, "a_pp_2": -7.037987641175349, "a_pp_3": 3.421009669477769, "a_pp_4": -18.622148782738652}, "datetime": {"datetime": "2024-07-10 13:24:23", "elapsed": 10294.993422, "delta": 176.368261}}
{"target": -104148.68618422502, "params": {"a_c_1": 17.128980278982503, "a_c_2": 8.035208822193566, "a_mm_0": -7.1791940021879554, "a_mm_1": -36.31113991326806, "a_mm_2": -15.694979696616286, "a_mm_3": -11.782964681224001, "a_mm_4": -29.492507004447983, "a_mp_0": -4.264975190413878, "a_mp_1": -37.95608123070867, "a_mp_2": -22.755256184584766, "a_mp_3": -31.030785573912556, "a_mp_4": -6.91523279981471, "a_pm_0": -31.85806291963536, "a_pm_1": -29.072942529800226, "a_pm_2": 17.306043343958336, "a_pm_3": -24.430407043073032, "a_pm_4": -8.68964604575655, "a_pp_1": -26.009544093167122, "a_pp_2": -38.530732801039804, "a_pp_3": 2.9727067318472535, "a_pp_4": -18.07304419930773}, "datetime": {"datetime": "2024-07-10 13:27:01", "elapsed": 10452.922871, "delta": 157.929449}}
{"target": -6942.963310768162, "params": {"a_c_1": 9.432756489584278, "a_c_2": 0.1462907650513745, "a_mm_0": -28.880062427495478, "a_mm_1": -6.65208133071792, "a_mm_2": 0.6255743752976031, "a_mm_3": -1.3282628444613778, "a_mm_4": 16.85308201666721, "a_mp_0": -18.261760387350556, "a_mp_1": 11.722815931639985, "a_mp_2": 5.052744141350196, "a_mp_3": 1.8857120113863175, "a_mp_4": 10.626506363270636, "a_pm_0": 13.462150299222138, "a_pm_1": 1.8245099426098363, "a_pm_2": -36.25512514104006, "a_pm_3": -28.611157131696476, "a_pm_4": -6.1988927425021885, "a_pp_1": -6.698974041730629, "a_pp_2": 18.162454208995484, "a_pp_3": -6.057157640196792, "a_pp_4": 8.631662781001225}, "datetime": {"datetime": "2024-07-10 13:30:54", "elapsed": 10685.975502, "delta": 233.052631}}
{"target": -30623.82309825793, "params": {"a_c_1": 12.622817585840071, "a_c_2": 0.908609623548291, "a_mm_0": -18.462680855089197, "a_mm_1": -11.531266226288771, "a_mm_2": -31.158772125889634, "a_mm_3": -12.046250250859735, "a_mm_4": -4.74152605941029, "a_mp_0": 7.8389030204065335, "a_mp_1": -0.4968829323753212, "a_mp_2": 11.038562603006142, "a_mp_3": 11.594303602041428, "a_mp_4": -36.13420517314373, "a_pm_0": 15.631820231168199, "a_pm_1": -14.320741706701895, "a_pm_2": -2.372241100387619, "a_pm_3": -22.948973946397942, "a_pm_4": -22.44258002584556, "a_pp_1": -10.422505342577985, "a_pp_2": 16.649992047670793, "a_pp_3": -13.99128563784306, "a_pp_4": 17.723010491860613}, "datetime": {"datetime": "2024-07-10 13:34:38", "elapsed": 10910.762324, "delta": 224.786822}}
{"target": -37748.77022117454, "params": {"a_c_1": 18.777703917189243, "a_c_2": 7.809243049057061, "a_mm_0": -14.849046916592464, "a_mm_1": -16.710756407386274, "a_mm_2": 6.79724524026539, "a_mm_3": -15.829517693209699, "a_mm_4": -35.89892086954438, "a_mp_0": 12.07053527921525, "a_mp_1": -21.463866373966333, "a_mp_2": 0.15758373675501502, "a_mp_3": 6.2570910548920935, "a_mp_4": 1.6330395707323504, "a_pm_0": 18.215847648592536, "a_pm_1": -9.44200475209512, "a_pm_2": 16.16846871411476, "a_pm_3": -37.2314355552127, "a_pm_4": -12.56676300028046, "a_pp_1": -7.761844691001166, "a_pp_2": -4.550967373175929, "a_pp_3": -26.416137866730583, "a_pp_4": 8.601214547924478}, "datetime": {"datetime": "2024-07-10 13:37:53", "elapsed": 11105.561756, "delta": 194.799432}}
{"target": -18252.866667154525, "params": {"a_c_1": 17.91071619383341, "a_c_2": 9.479594213363706, "a_mm_0": -17.944816217295955, "a_mm_1": 19.58568766064461, "a_mm_2": -16.94963592259257, "a_mm_3": -24.639354460113992, "a_mm_4": 2.6477369138510554, "a_mp_0": -38.141684555232075, "a_mp_1": -27.935657741230337, "a_mp_2": -32.09544619604986, "a_mp_3": -20.704180698900363, "a_mp_4": 13.662000126879668, "a_pm_0": -32.02183260793208, "a_pm_1": 18.477585965850928, "a_pm_2": 5.359375903210207, "a_pm_3": 9.324887359371566, "a_pm_4": -11.556626710689425, "a_pp_1": 16.116458401427906, "a_pp_2": -3.758828959385724, "a_pp_3": 14.171984722778618, "a_pp_4": -20.236868053673827}, "datetime": {"datetime": "2024-07-10 13:40:11", "elapsed": 11243.746506, "delta": 138.18475}}
{"target": -55394.20495683271, "params": {"a_c_1": 19.204799591480977, "a_c_2": 9.798979887955282, "a_mm_0": -15.756710908140882, "a_mm_1": -30.219918208191274, "a_mm_2": 18.455298600145277, "a_mm_3": -25.536449404726227, "a_mm_4": 7.983540754216968, "a_mp_0": 16.517124558240674, "a_mp_1": -38.57344509437843, "a_mp_2": 3.5796773187693347, "a_mp_3": -36.20085640378583, "a_mp_4": -8.572338311978854, "a_pm_0": 11.343246865818124, "a_pm_1": -35.15411606530204, "a_pm_2": -27.282180563016027, "a_pm_3": 7.0683861752279356, "a_pm_4": 2.223603356714733, "a_pp_1": 5.666061975259964, "a_pp_2": -9.053212589281955, "a_pp_3": -23.580372042597592, "a_pp_4": -19.499772897255696}, "datetime": {"datetime": "2024-07-10 13:42:27", "elapsed": 11379.023462, "delta": 135.276956}}
{"target": -84609.18005171648, "params": {"a_c_1": 14.357305369862946, "a_c_2": 9.881273079657008, "a_mm_0": -21.450833599448785, "a_mm_1": -26.075180956927056, "a_mm_2": -20.68156812455186, "a_mm_3": -35.63244810119431, "a_mm_4": -29.468747600356544, "a_mp_0": 9.531680938163092, "a_mp_1": -33.26196727199777, "a_mp_2": -30.57331291148904, "a_mp_3": 10.390605296956728, "a_mp_4": -25.658304396774525, "a_pm_0": 16.6920099336319, "a_pm_1": -22.213892603439135, "a_pm_2": -29.092342877345793, "a_pm_3": -15.755942480740497, "a_pm_4": -39.595674680000116, "a_pp_1": -14.620172152176266, "a_pp_2": -7.220389540743746, "a_pp_3": 18.656686565787133, "a_pp_4": 3.1718098519427684}, "datetime": {"datetime": "2024-07-10 13:45:54", "elapsed": 11586.008199, "delta": 206.984737}}
{"target": -60298.61630065535, "params": {"a_c_1": 7.7167789693705995, "a_c_2": 3.7105788633540504, "a_mm_0": -15.021153953520631, "a_mm_1": -26.14214001300862, "a_mm_2": -29.715059427849916, "a_mm_3": -29.37892878776708, "a_mm_4": 7.398110346304058, "a_mp_0": 19.56961746591505, "a_mp_1": -9.298701610463496, "a_mp_2": -22.947532102622915, "a_mp_3": -4.491799483316328, "a_mp_4": -30.08328891391662, "a_pm_0": -6.100426797584937, "a_pm_1": -21.00483841555228, "a_pm_2": 5.848835373429409, "a_pm_3": 18.300959302457585, "a_pm_4": 19.02567074986238, "a_pp_1": -36.183649052739554, "a_pp_2": -27.969628152103812, "a_pp_3": -25.35260365887848, "a_pp_4": 17.702975727187827}, "datetime": {"datetime": "2024-07-10 13:49:38", "elapsed": 11810.078965, "delta": 224.070766}}
{"target": -29807.15911530373, "params": {"a_c_1": 4.43986342179479, "a_c_2": 8.707323061773764, "a_mm_0": -27.596850679634414, "a_mm_1": 15.116654476275293, "a_mm_2": -10.69532867231025, "a_mm_3": -3.2953682258412584, "a_mm_4": 5.954471388818931, "a_mp_0": -8.894920727623404, "a_mp_1": -22.19196990542668, "a_mp_2": -28.736726280324902, "a_mp_3": -35.15552387410751, "a_mp_4": 4.3064177719382, "a_pm_0": -13.521446626242813, "a_pm_1": -30.501407937240927, "a_pm_2": 12.796221872076728, "a_pm_3": -23.55481228046652, "a_pm_4": -15.14589885513692, "a_pp_1": -22.235204035981123, "a_pp_2": -2.272725467230998, "a_pp_3": -5.209731388627297, "a_pp_4": -4.004248202500747}, "datetime": {"datetime": "2024-07-10 11:29:46", "elapsed": 0.0, "delta": 0.0}}
{"target": -67794.30055071758, "params": {"a_c_1": 5.316382350710144, "a_c_2": 2.846858806413638, "a_mm_0": -24.784707653572752, "a_mm_1": -20.346163138675955, "a_mm_2": -31.350141960794772, "a_mm_3": -30.063228327923945, "a_mm_4": 17.835831744076515, "a_mp_0": 17.613602917141627, "a_mp_1": -28.695120664243888, "a_mp_2": -38.54160630223078, "a_mp_3": -27.72666721720296, "a_mp_4": 1.9906168475934507, "a_pm_0": 6.770875133331785, "a_pm_1": -38.624014453655114, "a_pm_2": -5.340228512214637, "a_pm_3": -39.90146963703728, "a_pm_4": -9.071643285676391, "a_pp_1": -1.6122894321485717, "a_pp_2": 19.137464168251327, "a_pp_3": -24.454144215333656, "a_pp_4": 8.149813115772211}, "datetime": {"datetime": "2024-07-10 11:33:25", "elapsed": 219.743592, "delta": 219.743592}}
{"target": -15219.51249867156, "params": {"a_c_1": 17.409661740029662, "a_c_2": 9.227496139456699, "a_mm_0": -39.867147248053385, "a_mm_1": -11.830697694545364, "a_mm_2": 18.888124256360626, "a_mm_3": -16.06331176582897, "a_mm_4": 8.82394865521509, "a_mp_0": -7.212610121651338, "a_mp_1": 6.251245228413474, "a_mp_2": -10.904135500692519, "a_mp_3": -38.25330617963694, "a_mp_4": -34.80845869586769, "a_pm_0": -33.3127712573186, "a_pm_1": -24.92529329856714, "a_pm_2": 17.894917551581898, "a_pm_3": -2.094036835735274, "a_pm_4": 8.999612156921714, "a_pp_1": -6.035080234434616, "a_pp_2": -1.8786276650864124, "a_pp_3": 8.714143470824638, "a_pp_4": 15.600956914632455}, "datetime": {"datetime": "2024-07-10 11:39:43", "elapsed": 597.678794, "delta": 377.935202}}
{"target": -48336.2680665325, "params": {"a_c_1": 18.25253527407566, "a_c_2": 8.248107204385255, "a_mm_0": -34.34783606936064, "a_mm_1": -18.337094892171454, "a_mm_2": -37.869458094380185, "a_mm_3": -7.218499087551585, "a_mm_4": 7.768563251360256, "a_mp_0": -36.931431813919176, "a_mp_1": -28.679935852413525, "a_mp_2": -18.07133392527011, "a_mp_3": -25.3425479825255, "a_mp_4": 7.705248375261917, "a_pm_0": -18.87430385401789, "a_pm_1": -1.6673390763780773, "a_pm_2": -10.395096886194416, "a_pm_3": -4.990015376796606, "a_pm_4": 16.357961117891094, "a_pp_1": 16.612404920952777, "a_pp_2": -33.298454368985716, "a_pp_3": 10.613297966613423, "a_pp_4": -19.238310894642858}, "datetime": {"datetime": "2024-07-10 11:42:25", "elapsed": 759.610209, "delta": 161.931415}}
{"target": -52648.4823355737, "params": {"a_c_1": 2.016545457252903, "a_c_2": 3.8340906606711522, "a_mm_0": -9.378712159645126, "a_mm_1": 17.666184917907792, "a_mm_2": -17.709243080319563, "a_mm_3": -39.25783530397854, "a_mm_4": 11.582413219291489, "a_mp_0": -33.33335502757809, "a_mp_1": -11.299657360792903, "a_mp_2": 10.998801943171614, "a_mp_3": -9.115721979959254, "a_mp_4": -13.203530324661205, "a_pm_0": 8.02858524503418, "a_pm_1": -38.77651729311096, "a_pm_2": -5.642881071532045, "a_pm_3": -15.316983053237408, "a_pm_4": 19.10820786174827, "a_pp_1": 8.084091824664206, "a_pp_2": -36.762273871291185, "a_pp_3": -28.57133359266984, "a_pp_4": -12.854869250981473}, "datetime": {"datetime": "2024-07-10 11:46:07", "elapsed": 981.284056, "delta": 221.673847}}
{"target": -13778.566244329162, "params": {"a_c_1": 14.058841542359563, "a_c_2": 3.3204814953567743, "a_mm_0": -18.401008289721542, "a_mm_1": 15.288233957550617, "a_mm_2": 17.217830343640827, "a_mm_3": -15.538856279371384, "a_mm_4": 13.914269293083393, "a_mp_0": -20.184804882429624, "a_mp_1": -35.03568585520074, "a_mp_2": -8.396946072484518, "a_mp_3": -0.3493365424968786, "a_mp_4": 13.579057661317904, "a_pm_0": 17.909452820860437, "a_pm_1": 6.195960613478881, "a_pm_2": 5.545947097359559, "a_pm_3": 2.602942841266305, "a_pm_4": 2.0931699548823417, "a_pp_1": 6.039882867067007, "a_pp_2": 18.460968733138635, "a_pp_3": -17.577128956241843, "a_pp_4": -35.0167334176933}, "datetime": {"datetime": "2024-07-10 11:54:12", "elapsed": 1465.978084, "delta": 484.694028}}
{"target": -65543.63265203565, "params": {"a_c_1": 4.792808792244498, "a_c_2": 2.2148276004299516, "a_mm_0": -18.184012191753638, "a_mm_1": 8.618853926741103, "a_mm_2": -36.39422980801901, "a_mm_3": -13.015386526206637, "a_mm_4": 8.790231649000695, "a_mp_0": -24.145697527561072, "a_mp_1": -36.19594108159788, "a_mp_2": -25.47353966464391, "a_mp_3": -34.89577229498706, "a_mp_4": 8.46664612084112, "a_pm_0": -29.78499546171507, "a_pm_1": -28.279322466253678, "a_pm_2": 8.878520693471621, "a_pm_3": 8.617131750949738, "a_pm_4": -4.637567305975445, "a_pp_1": 14.88406040704772, "a_pp_2": -36.41070179472192, "a_pp_3": 17.899798416219937, "a_pp_4": -5.741486988651651}, "datetime": {"datetime": "2024-07-10 11:57:39", "elapsed": 1673.635053, "delta": 207.656969}}
{"target": -42730.79906080166, "params": {"a_c_1": 6.050362250007886, "a_c_2": 8.257058264983506, "a_mm_0": -0.43496317880072155, "a_mm_1": 19.190086484203754, "a_mm_2": -33.55062798549406, "a_mm_3": -5.144888341996278, "a_mm_4": -11.630310696562791, "a_mp_0": -0.8637528407379662, "a_mp_1": -25.48845675415425, "a_mp_2": -38.132196194895634, "a_mp_3": -7.3460588352288525, "a_mp_4": -18.1173892724569, "a_pm_0": 13.539996517910645, "a_pm_1": -12.439264314481346, "a_pm_2": -14.88075399778603, "a_pm_3": -2.025667552541968, "a_pm_4": -8.36927002320627, "a_pp_1": 17.672668410446917, "a_pp_2": 7.340606873374625, "a_pp_3": -10.198269452644329, "a_pp_4": -27.331539946345732}, "datetime": {"datetime": "2024-07-10 12:01:35", "elapsed": 1909.004057, "delta": 235.369004}}
{"target": -33840.82581331907, "params": {"a_c_1": 12.079682821925672, "a_c_2": 7.485758105548178, "a_mm_0": 5.351829875636852, "a_mm_1": 19.610240475960033, "a_mm_2": -26.89013311959407, "a_mm_3": -14.461759987900798, "a_mm_4": -14.56902383168664, "a_mp_0": -20.88121373906012, "a_mp_1": -18.080018863935816, "a_mp_2": -11.323521393726615, "a_mp_3": -7.474575455379494, "a_mp_4": -24.086185202392123, "a_pm_0": -31.938176328858482, "a_pm_1": -21.886834136036207, "a_pm_2": -31.81119437072349, "a_pm_3": -20.93798779884462, "a_pm_4": 0.7509608522654645, "a_pp_1": -3.919530646276705, "a_pp_2": 19.83352799377532, "a_pp_3": -6.3451246113908795, "a_pp_4": -7.076428174409145}, "datetime": {"datetime": "2024-07-10 12:08:24", "elapsed": 2318.218999, "delta": 409.214942}}
{"target": -68947.1157609848, "params": {"a_c_1": 12.846990803104443, "a_c_2": 7.2678937063357605, "a_mm_0": -3.0511876288902826, "a_mm_1": -4.689996101615733, "a_mm_2": -3.699741190587858, "a_mm_3": -18.71287235812232, "a_mm_4": 6.64291967771085, "a_mp_0": -3.723801146002998, "a_mp_1": -21.446153711591368, "a_mp_2": -25.262140087350357, "a_mp_3": -35.724040954301934, "a_mp_4": -19.136249939972046, "a_pm_0": -39.22911556117579, "a_pm_1": -30.06149040170221, "a_pm_2": -36.37801405493334, "a_pm_3": -23.310643966773014, "a_pm_4": -19.100080339659335, "a_pp_1": -4.526661316620611, "a_pp_2": 6.5007878021665135, "a_pp_3": -2.5147319702568183, "a_pp_4": -30.419144000659973}, "datetime": {"datetime": "2024-07-10 12:13:10", "elapsed": 2604.147957, "delta": 285.928958}}
{"target": -68552.13620023888, "params": {"a_c_1": 17.875253064645737, "a_c_2": 7.305912660067021, "a_mm_0": -10.133918844147928, "a_mm_1": -1.3815868365403503, "a_mm_2": -9.431494341554647, "a_mm_3": -29.907510518883207, "a_mm_4": -1.5121136477300965, "a_mp_0": 19.290065777769613, "a_mp_1": 6.219761787055489, "a_mp_2": -29.111127452832633, "a_mp_3": -32.813858754491015, "a_mp_4": 15.820510579264564, "a_pm_0": 14.605845977737502, "a_pm_1": 4.951079576625929, "a_pm_2": 5.631892425004487, "a_pm_3": -31.42745212724016, "a_pm_4": 8.716651493445461, "a_pp_1": -28.4632422534715, "a_pp_2": -30.715293427519732, "a_pp_3": -15.575262608711821, "a_pp_4": -39.97702633795174}, "datetime": {"datetime": "2024-07-10 12:18:22", "elapsed": 2916.181925, "delta": 312.033968}}
