{"target": -63855.56159502232, "params": {"a_c_1": 0.7872289530522969, "a_c_2": 7.466710909922583, "a_mm_0": -5.594723200974336, "a_mm_1": 3.9023405337239936, "a_mm_2": -6.950044247402005, "a_mm_3": 16.364208698069525, "a_mm_4": -19.21589782598377, "a_mp_0": -5.531832403826321, "a_mp_1": -36.95320125986343, "a_mp_2": -6.79402995073859, "a_mp_3": -14.836423381123772, "a_mp_4": 18.989707267412086, "a_pm_0": 16.736439130222678, "a_pm_1": -31.70323510851398, "a_pm_2": -37.50306150814227, "a_pm_3": -32.75949597586557, "a_pm_4": -28.435181936810785, "a_pp_1": 3.5700796586331407, "a_pp_2": -7.361322787676585, "a_pp_3": -7.904479927883109, "a_pp_4": -12.127781232247784}, "datetime": {"datetime": "2024-07-10 11:23:51", "elapsed": 3225.877669, "delta": 179.210754}}
{"target": -55084.0588703189, "params": {"a_c_1": 0.13388436763032585, "a_c_2": 3.9247191354446667, "a_mm_0": 19.936306475581617, "a_mm_1": 9.217472324716837, "a_mm_2": -5.628357343617672, "a_mm_3": -28.21222235828326, "a_mm_4": 15.22816547056123, "a_mp_0": -14.551165155732196, "a_mp_1": -2.840363615231034, "a_mp_2": -27.813540595529485, "a_mp_3": -20.316055371873297, "a_mp_4": -19.302792223924257, "a_pm_0": -16.31488777588235, "a_pm_1": -38.66608680656871, "a_pm_2": -0.3791768682880985, "a_pm_3": -29.800598920130547, "a_pm_4": -3.801984204803105, "a_pp_1": -2.8251792079115887, "a_pp_2": 1.8742847859406169, "a_pp_3": -22.484128837219835, "a_pp_4": -22.478080806139232}, "datetime": {"datetime": "2024-07-10 11:27:02", "elapsed": 3416.885302, "delta": 191.007633}}
{"target": -69685.04128024838, "params": {"a_c_1": 15.110589538056722, "a_c_2": 3.8822419526843435, "a_mm_0": -30.852204342515478, "a_mm_1": 14.31589407681286, "a_mm_2": -39.2150314028691, "a_mm_3": 13.189064459346937, "a_mm_4": -22.46459344287484, "a_mp_0": -17.090497593276442, "a_mp_1": 18.704309143763346, "a_mp_2": -13.799455513590267, "a_mp_3": 2.9529187245119815, "a_mp_4": -15.257033984066734, "a_pm_0": 14.812148730158547, "a_pm_1": 3.1694299526202556, "a_pm_2": -11.158492693876731, "a_pm_3": -34.94670106095279, "a_pm_4": -18.181967930277402, "a_pp_1": -10.5635978591644, "a_pp_2": -22.968148992916973, "a_pp_3": -7.921569434821102, "a_pp_4": -27.420935909100525}, "datetime": {"datetime": "2024-07-10 11:29:27", "elapsed": 3561.606065, "delta": 144.720763}}
{"target": -40991.829187993004, "params": {"a_c_1": 9.886591510835824, "a_c_2": 5.280051951571091, "a_mm_0": 0.40157843624696454, "a_mm_1": 4.721950704919685, "a_mm_2": 3.7984245215343435, "a_mm_3": -14.553045982687077, "a_mm_4": -12.642860133586304, "a_mp_0": 12.410426088187528, "a_mp_1": -18.23272464576159, "a_mp_2": 4.281969857458122, "a_mp_3": 19.64403390140062, "a_mp_4": 15.48850301221772, "a_pm_0": -7.045787932454324, "a_pm_1": -21.693316787521837, "a_pm_2": -2.6612418489489897, "a_pm_3": 1.0581000938728948, "a_pm_4": -8.382264705022365, "a_pp_1": -19.511402150599327, "a_pp_2": -12.674405719636312, "a_pp_3": -35.09255541908917, "a_pp_4": -22.523067700064374}, "datetime": {"datetime": "2024-07-10 11:32:16", "elapsed": 3730.346221, "delta": 168.740156}}
{"target": -39293.796836333095, "params": {"a_c_1": 2.8979350997045517, "a_c_2": 6.664807308214844, "a_mm_0": 17.55404849229975, "a_mm_1": -30.56591901606319, "a_mm_2": -38.302355688902374, "a_mm_3": 4.481430152976657, "a_mm_4": -18.75013061393801, "a_mp_0": -9.642023401940726, "a_mp_1": -36.33711548928752, "a_mp_2": -29.33410319571312, "a_mp_3": 1.730377516448911, "a_mp_4": -3.687362822967657, "a_pm_0": 11.204673345133976, "a_pm_1": 17.775392812296133, "a_pm_2": -18.42309405368563, "a_pm_3": -2.785089600350233, "a_pm_4": -13.139355267204596, "a_pp_1": -9.664182238023962, "a_pp_2": -16.509894484617366, "a_pp_3": 18.64365361691752, "a_pp_4": -2.5817309524947305}, "datetime": {"datetime": "2024-07-10 11:35:50", "elapsed": 3944.693485, "delta": 214.347264}}
{"target": -58577.45531049432, "params": {"a_c_1": 2.8377085498532217, "a_c_2": 6.97728441436669, "a_mm_0": 17.9453754400756, "a_mm_1": 13.690963199181603, "a_mm_2": -6.519754997931031, "a_mm_3": -39.117112975083955, "a_mm_4": 8.33277990608822, "a_mp_0": 15.911680400068413, "a_mp_1": 4.035738922498673, "a_mp_2": -14.262812362497435, "a_mp_3": -17.14953349682894, "a_mp_4": 4.676285819302869, "a_pm_0": -33.52893417100822, "a_pm_1": 7.081750836554001, "a_pm_2": -10.07168689720006, "a_pm_3": -35.79285921238812, "a_pm_4": 9.38271284772091, "a_pp_1": -16.49755136079499, "a_pp_2": -33.594103859190355, "a_pp_3": -29.57209334751248, "a_pp_4": 11.565956947368761}, "datetime": {"datetime": "2024-07-10 11:38:52", "elapsed": 4127.162465, "delta": 182.46898}}
{"target": -47230.90135402111, "params": {"a_c_1": 3.454835989927063, "a_c_2": 7.842504655176946, "a_mm_0": 8.246966019002436, "a_mm_1": -34.80891126174998, "a_mm_2": -13.876805321458832, "a_mm_3": 7.229538404599616, "a_mm_4": -10.59634712759772, "a_mp_0": 11.960949123746488, "a_mp_1": -17.216724998459977, "a_mp_2": -2.3011348707346073, "a_mp_3": -27.188784100693372, "a_mp_4": 10.53538304683228, "a_pm_0": 10.361437184004878, "a_pm_1": -6.049939926544411, "a_pm_2": -20.614693202929047, "a_pm_3": -19.14590854518047, "a_pm_4": -4.319035477733728, "a_pp_1": -32.295455401878115, "a_pp_2": -9.37162962492927, "a_pp_3": -22.274423741252054, "a_pp_4": -19.505298743478782}, "datetime": {"datetime": "2024-07-10 11:41:58", "elapsed": 4312.658532, "delta": 185.496067}}
{"target": -53967.99880729345, "params": {"a_c_1": 6.436781004440302, "a_c_2": 8.345371836146807, "a_mm_0": -29.469963257343924, "a_mm_1": -25.813145907119072, "a_mm_2": -30.131504688933152, "a_mm_3": -39.093953605760554, "a_mm_4": -14.463716208782095, "a_mp_0": 10.636849526396048, "a_mp_1": 14.164955444222059, "a_mp_2": -10.758060286277473, "a_mp_3": -14.717418480293112, "a_mp_4": 12.090033860047214, "a_pm_0": -8.290313368529759, "a_pm_1": -7.079969505577623, "a_pm_2": -1.0412849163909499, "a_pm_3": -35.22323615833274, "a_pm_4": 10.310334608899602, "a_pp_1": -33.655417485373334, "a_pp_2": -8.060707207714398, "a_pp_3": 15.560572545009066, "a_pp_4": -7.077591221639381}, "datetime": {"datetime": "2024-07-10 11:44:44", "elapsed": 4478.318156, "delta": 165.659624}}
{"target": -58944.611799674814, "params": {"a_c_1": 6.844156872701392, "a_c_2": 7.266308676645732, "a_mm_0": 14.060873019226506, "a_mm_1": -3.025878039288557, "a_mm_2": -36.64683143649002, "a_mm_3": 12.728515905245509, "a_mm_4": -38.921352918174904, "a_mp_0": 0.6943542235491478, "a_mp_1": 14.002761385892299, "a_mp_2": -30.55326617009969, "a_mp_3": -8.310092211995773, "a_mp_4": 2.3032753848559437, "a_pm_0": -29.46930221516758, "a_pm_1": -25.2881449269085, "a_pm_2": -36.0058006629248, "a_pm_3": -30.459849489613696, "a_pm_4": -32.9102758331295, "a_pp_1": -22.561454054955597, "a_pp_2": 5.034405132738797, "a_pp_3": 1.6210682658801474, "a_pp_4": 5.756145300307203}, "datetime": {"datetime": "2024-07-10 11:47:57", "elapsed": 4671.362908, "delta": 193.044752}}
{"target": -12268.873914646203, "params": {"a_c_1": 13.193278869063805, "a_c_2": 7.942341975082615, "a_mm_0": -31.062621287194244, "a_mm_1": -6.741184373166597, "a_mm_2": -38.712414824404284, "a_mm_3": -10.500166165804576, "a_mm_4": 10.6050108265812, "a_mp_0": -11.662772603390373, "a_mp_1": -22.26484139793711, "a_mp_2": -23.520699929954297, "a_mp_3": -16.387513307518713, "a_mp_4": 14.82938000799593, "a_pm_0": 18.45776384104593, "a_pm_1": 4.902982666950173, "a_pm_2": 19.25060439410329, "a_pm_3": 5.734303965755274, "a_pm_4": -22.945589115571558, "a_pp_1": -13.895077500789512, "a_pp_2": 3.3889496042650364, "a_pp_3": 2.5604011083152542, "a_pp_4": 0.6875029924076514}, "datetime": {"datetime": "2024-07-10 11:51:11", "elapsed": 4865.427192, "delta": 194.064284}}
{"target": -21088.510943353245, "params": {"a_c_1": 9.757762057137274, "a_c_2": 1.431321285951599, "a_mm_0": 17.578314357250882, "a_mm_1": -26.792605488211432, "a_mm_2": 18.76306069082743, "a_mm_3": -32.3545750941556, "a_mm_4": 18.820138047059594, "a_mp_0": -17.433031971447257, "a_mp_1": 8.656196653842699, "a_mp_2": -39.562472642058516, "a_mp_3": -13.299952453896957, "a_mp_4": -25.063493637411387, "a_pm_0": 1.6715121286921573, "a_pm_1": -0.21839506008220155, "a_pm_2": -12.284904995986643, "a_pm_3": 2.3981517649901107, "a_pm_4": 18.695696842631186, "a_pp_1": -34.40514525532343, "a_pp_2": -6.239436564927715, "a_pp_3": 0.5576629979003798, "a_pp_4": -2.006885188111589}, "datetime": {"datetime": "2024-07-10 11:54:07", "elapsed": 5041.724348, "delta": 176.297156}}
{"target": -104581.12001942721, "params": {"a_c_1": 5.245046140205396, "a_c_2": 8.749537946472838, "a_mm_0": -25.268130494555525, "a_mm_1": 10.697692747426345, "a_mm_2": -11.756283063885157, "a_mm_3": -31.414448779327188, "a_mm_4": 9.447776289557957, "a_mp_0": -35.30906193420782, "a_mp_1": 7.699377736805218, "a_mp_2": -3.999266940519199, "a_mp_3": 12.59957006301341, "a_mp_4": 8.192271024110546, "a_pm_0": -15.881754920757679, "a_pm_1": -31.888470811208954, "a_pm_2": -24.028510192231316, "a_pm_3": -39.92064794466004, "a_pm_4": -0.7958051190444593, "a_pp_1": -34.86925592317037, "a_pp_2": -29.24268538159373, "a_pp_3": -25.301408345046283, "a_pp_4": -15.633851056173153}, "datetime": {"datetime": "2024-07-10 11:56:39", "elapsed": 5193.638024, "delta": 151.913676}}
{"target": -43786.319107504874, "params": {"a_c_1": 13.735998959181215, "a_c_2": 4.444675644663958, "a_mm_0": -9.773766048383557, "a_mm_1": -34.407532163405754, "a_mm_2": -19.70935593380129, "a_mm_3": -27.59988731444171, "a_mm_4": 4.348252915011386, "a_mp_0": -38.940843119614016, "a_mp_1": -2.992243496989701, "a_mp_2": 1.873215540178471, "a_mp_3": -9.721418972701002, "a_mp_4": -37.33134996071309, "a_pm_0": -24.934447770046674, "a_pm_1": -25.73046267956682, "a_pm_2": -23.93396904939458, "a_pm_3": -24.208604413029, "a_pm_4": 18.362929199213234, "a_pp_1": 7.469675115020017, "a_pp_2": 13.454643897150774, "a_pp_3": 2.8101737007550796, "a_pp_4": -19.200295698352463}, "datetime": {"datetime": "2024-07-10 11:59:33", "elapsed": 5368.048313, "delta": 174.410289}}
{"target": -27207.61001162717, "params": {"a_c_1": 18.837068447228603, "a_c_2": 4.8445514954682185, "a_mm_0": -28.873903609306318, "a_mm_1": 3.7699531771637567, "a_mm_2": -24.44169430563047, "a_mm_3": 9.367124740591706, "a_mm_4": 4.428734931900927, "a_mp_0": -22.587981044521186, "a_mp_1": -12.421428678597373, "a_mp_2": 2.9058393024574016, "a_mp_3": 0.08092787082555475, "a_mp_4": -8.405292148559159, "a_pm_0": -27.151424657204345, "a_pm_1": -20.536420131495312, "a_pm_2": 1.6875850691883514, "a_pm_3": -12.581015038850687, "a_pm_4": 3.071609081623045, "a_pp_1": 1.0469612001518982, "a_pp_2": -18.660899779389535, "a_pp_3": -34.05411057072732, "a_pp_4": 0.8471821049713952}, "datetime": {"datetime": "2024-07-10 12:03:03", "elapsed": 5577.429295, "delta": 209.380982}}
{"target": -73911.82823050692, "params": {"a_c_1": 7.111666940099828, "a_c_2": 5.64964805706607, "a_mm_0": -32.50028940770011, "a_mm_1": -31.238725563983202, "a_mm_2": -14.56965786846217, "a_mm_3": 0.1627301135810626, "a_mm_4": -32.952119213587565, "a_mp_0": 6.466831048272589, "a_mp_1": 11.08184473175794, "a_mp_2": 0.35737277791230326, "a_mp_3": 4.97654175385474, "a_mp_4": -25.69118325771238, "a_pm_0": -33.98397942126569, "a_pm_1": -20.252220491137958, "a_pm_2": -32.467492955710334, "a_pm_3": -15.010606259669736, "a_pm_4": 5.667461036580441, "a_pp_1": -23.134175789171184, "a_pp_2": 11.350668787642597, "a_pp_3": -12.820919366440453, "a_pp_4": -30.285686864495673}, "datetime": {"datetime": "2024-07-10 12:07:46", "elapsed": 5860.263391, "delta": 282.834096}}
{"target": -37522.38247071768, "params": {"a_c_1": 12.845600336657782, "a_c_2": 4.385240894847968, "a_mm_0": -20.18622886290447, "a_mm_1": -9.016884215412958, "a_mm_2": 19.464345913964735, "a_mm_3": 5.112985616605556, "a_mm_4": -22.386523318836474, "a_mp_0": 15.646388712460876, "a_mp_1": -28.950055709905612, "a_mp_2": -15.511475898936997, "a_mp_3": -17.644332506151137, "a_mp_4": 19.14180168319578, "a_pm_0": -39.728897909040064, "a_pm_1": -1.0440644438588507, "a_pm_2": -9.480323693182989, "a_pm_3": -30.64393446536532, "a_pm_4": -1.4993116976039431, "a_pp_1": 8.471490610336481, "a_pp_2": 6.018899141349472, "a_pp_3": -35.34247510595358, "a_pp_4": 7.705965944306563}, "datetime": {"datetime": "2024-07-10 12:11:19", "elapsed": 6074.034175, "delta": 213.770784}}
{"target": -71155.16747598445, "params": {"a_c_1": 6.9181459579091475, "a_c_2": 8.525967635785667, "a_mm_0": -6.2742823700164365, "a_mm_1": -35.204055704335374, "a_mm_2": 4.68503714417573, "a_mm_3": -6.184337047690718, "a_mm_4": -12.914356904812571, "a_mp_0": -1.6924943357284405, "a_mp_1": -13.377516126621803, "a_mp_2": -37.784481852201075, "a_mp_3": 14.762268944628957, "a_mp_4": -22.731677932203244, "a_pm_0": -23.23935642424037, "a_pm_1": -37.016550223980815, "a_pm_2": 3.0437180604112513, "a_pm_3": 14.567247979135871, "a_pm_4": -12.222744661396533, "a_pp_1": 8.847453559507358, "a_pp_2": -20.27108744754799, "a_pp_3": -16.915886035707736, "a_pp_4": -22.496572338308955}, "datetime": {"datetime": "2024-07-10 12:14:33", "elapsed": 6267.591297, "delta": 193.557122}}
{"target": -86769.9423379598, "params": {"a_c_1": 5.898770454727716, "a_c_2": 5.612891391385356, "a_mm_0": -20.44350609007926, "a_mm_1": -36.05223360812817, "a_mm_2": 1.4160925944379201, "a_mm_3": -21.481738585390197, "a_mm_4": -16.462887826822914, "a_mp_0": -28.822408529716387, "a_mp_1": -37.03811599488056, "a_mp_2": -0.7430183936508215, "a_mp_3": -14.607276185932289, "a_mp_4": 15.943424217332755, "a_pm_0": -38.86453952629264, "a_pm_1": 9.49375573832009, "a_pm_2": -38.887648973903275, "a_pm_3": -29.621967603607974, "a_pm_4": -39.169835056871094, "a_pp_1": -9.436955885590692, "a_pp_2": -18.777721454071003, "a_pp_3": -20.89908449499888, "a_pp_4": 18.46348411458265}, "datetime": {"datetime": "2024-07-10 12:17:01", "elapsed": 6416.164209, "delta": 148.572912}}
{"target": -45254.250016861326, "params": {"a_c_1": 11.560951368513905, "a_c_2": 9.263432508150476, "a_mm_0": 13.337575486754872, "a_mm_1": -19.625972626837555, "a_mm_2": -0.7872551833070389, "a_mm_3": -28.29677486441974, "a_mm_4": -18.07010787978596, "a_mp_0": 1.0871577817557068, "a_mp_1": -5.870735542961505, "a_mp_2": -34.90289540589545, "a_mp_3": -35.31164266804561, "a_mp_4": 6.260116826952988, "a_pm_0": 2.0636920356744994, "a_pm_1": -1.0854522351998241, "a_pm_2": -26.75077663299799, "a_pm_3": 7.02910057094023, "a_pm_4": -5.383541842278994, "a_pp_1": -31.173223333206767, "a_pp_2": -30.02961804139089, "a_pp_3": -2.7518682500843994, "a_pp_4": 18.696396594061497}, "datetime": {"datetime": "2024-07-10 12:19:50", "elapsed": 6584.661716, "delta": 168.497507}}
{"target": -34022.131191778295, "params": {"a_c_1": 11.7214308637144, "a_c_2": 2.9516715510035176, "a_mm_0": 2.9661714532583687, "a_mm_1": -27.807167543327882, "a_mm_2": -1.51786029075015, "a_mm_3": -15.16574948030555, "a_mm_4": -38.151863000368735, "a_mp_0": -9.016051626721179, "a_mp_1": -9.549362060652477, "a_mp_2": 14.715420625544205, "a_mp_3": 2.652121143561395, "a_mp_4": -21.770098142969935, "a_pm_0": -1.2908533837766498, "a_pm_1": -24.999889354776098, "a_pm_2": -0.7509884513563421, "a_pm_3": -3.9135155911883928, "a_pm_4": -3.1308478048796076, "a_pp_1": -30.332438505394116, "a_pp_2": 2.6410605558990383, "a_pp_3": -7.736589219089048, "a_pp_4": 4.538295698778526}, "datetime": {"datetime": "2024-07-10 12:23:32", "elapsed": 6806.336451, "delta": 221.674735}}
{"target": -21017.54911248768, "params": {"a_c_1": 0.8934107471542574, "a_c_2": 7.330136921003618, "a_mm_0": 17.01570227489448, "a_mm_1": -4.860942262839842, "a_mm_2": -31.591065716176495, "a_mm_3": 15.426399070488614, "a_mm_4": -6.658024462170303, "a_mp_0": -23.35502465617238, "a_mp_1": -2.6715733669369968, "a_mp_2": 11.53358223974508, "a_mp_3": -33.50207295018784, "a_mp_4": -6.420224842450921, "a_pm_0": -2.0357971749802743, "a_pm_1": 15.567057951061209, "a_pm_2": -37.7087270408679, "a_pm_3": -9.554077066824018, "a_pm_4": 3.9574528205720227, "a_pp_1": -0.41844320274544344, "a_pp_2": 11.685248276270748, "a_pp_3": -0.6138222899912193, "a_pp_4": -2.102233741962479}, "datetime": {"datetime": "2024-07-10 12:26:55", "elapsed": 7009.35273, "delta": 203.016279}}
{"target": -60692.93770684526, "params": {"a_c_1": 12.198060334634835, "a_c_2": 1.6468765549315234, "a_mm_0": 11.280827706754145, "a_mm_1": -9.04855169660214, "a_mm_2": -38.71893416216216, "a_mm_3": 9.227929495123114, "a_mm_4": 1.312487251913808, "a_mp_0": -0.5556372965030718, "a_mp_1": -36.89424890933599, "a_mp_2": 2.326817217334664, "a_mp_3": -19.719153112175707, "a_mp_4": 8.86855176332584, "a_pm_0": -30.63667819647229, "a_pm_1": -19.873976899917665, "a_pm_2": -33.81365718813313, "a_pm_3": -38.898633492048376, "a_pm_4": -20.586022630223766, "a_pp_1": 1.9627701387787724, "a_pp_2": -14.813240279150804, "a_pp_3": -22.123412575563577, "a_pp_4": 16.17515500803156}, "datetime": {"datetime": "2024-07-10 12:28:59", "elapsed": 7133.290317, "delta": 123.937587}}
{"target": -29503.76724000756, "params": {"a_c_1": 14.534010493404521, "a_c_2": 9.716256349189393, "a_mm_0": -21.82324316940161, "a_mm_1": -28.35852985684443, "a_mm_2": 18.10139767162704, "a_mm_3": -35.23298216239306, "a_mm_4": 7.129547538925131, "a_mp_0": 16.836975458112995, "a_mp_1": 3.0841108046844212, "a_mp_2": -5.5334123858727935, "a_mp_3": -17.862791501055955, "a_mp_4": -22.268494357703176, "a_pm_0": -35.97423691918391, "a_pm_1": -17.26754837807367, "a_pm_2": -9.824594481185123, "a_pm_3": -25.071644978137677, "a_pm_4": 18.176982280604634, "a_pp_1": 19.912796450708605, "a_pp_2": -22.631134393891056, "a_pp_3": -3.984876629017492, "a_pp_4": 12.967162028300109}, "datetime": {"datetime": "2024-07-10 12:33:02", "elapsed": 7376.679708, "delta": 243.389391}}
{"target": -29863.36540283833, "params": {"a_c_1": 11.674193511389351, "a_c_2": 3.518651082223, "a_mm_0": 10.752200830104798, "a_mm_1": -8.27635327236846, "a_mm_2": -2.8436728121561217, "a_mm_3": 5.416451153418606, "a_mm_4": -22.703216704837462, "a_mp_0": 1.171556064193048, "a_mp_1": -24.008133954584466, "a_mp_2": -0.8524792220313699, "a_mp_3": -24.603474529843922, "a_mp_4": 7.774438870787769, "a_pm_0": -19.160639688704943, "a_pm_1": 17.625524495416386, "a_pm_2": -29.597133797105787, "a_pm_3": 2.8596287715287048, "a_pm_4": 11.298452416980531, "a_pp_1": 12.275429752910519, "a_pp_2": -8.798488380055097, "a_pp_3": -7.03833314312368, "a_pp_4": -22.34734578834816}, "datetime": {"datetime": "2024-07-10 12:36:35", "elapsed": 7589.913492, "delta": 213.233784}}
{"target": -57722.445254235194, "params": {"a_c_1": 17.132570392345134, "a_c_2": 7.6228216745454125, "a_mm_0": -9.198134770873903, "a_mm_1": -9.821058302025286, "a_mm_2": 15.167574609806486, "a_mm_3": -6.346627451150113, "a_mm_4": -34.36918710121911, "a_mp_0": -33.50954181358827, "a_mp_1": 5.996990877334795, "a_mp_2": -8.450125932813048, "a_mp_3": -6.618323888210426, "a_mp_4": -14.024698299290662, "a_pm_0": -38.638097046967424, "a_pm_1": 8.194229793846738, "a_pm_2": -17.107497590885433, "a_pm_3": -12.148379341651466, "a_pm_4": -13.557405439264748, "a_pp_1": -31.977754946252258, "a_pp_2": 17.79301316037982, "a_pp_3": 17.564819177805987, "a_pp_4": -39.41350821018138}, "datetime": {"datetime": "2024-07-10 12:42:11", "elapsed": 7925.619914, "delta": 335.706422}}
{"target": -30186.125691429468, "params": {"a_c_1": 1.0913361477386418, "a_c_2": 3.8617672112586163, "a_mm_0": 18.90691861251822, "a_mm_1": -11.092140855097654, "a_mm_2": 15.359762167443229, "a_mm_3": -19.498175755912982, "a_mm_4": -10.280036191188849, "a_mp_0": 9.728523899935922, "a_mp_1": -0.48289229974967895, "a_mp_2": -21.606813725086646, "a_mp_3": -12.601199729211729, "a_mp_4": -2.553319012738612, "a_pm_0": -15.946915726424848, "a_pm_1": -28.105095394676198, "a_pm_2": -26.514754985786542, "a_pm_3": 4.435588657673804, "a_pm_4": -27.37338056396171, "a_pp_1": -28.870878240022314, "a_pp_2": -22.764921413474873, "a_pp_3": 19.342905870646483, "a_pp_4": 19.486273940533515}, "datetime": {"datetime": "2024-07-10 12:46:04", "elapsed": 8159.158093, "delta": 233.538179}}
{"target": -4290.260612493283, "params": {"a_c_1": 9.596404197724699, "a_c_2": 2.1801139085878063, "a_mm_0": -13.395682154132459, "a_mm_1": 12.975960977824073, "a_mm_2": -5.220599321967761, "a_mm_3": 14.035616356746488, "a_mm_4": 12.82000114109799, "a_mp_0": 8.849990529056868, "a_mp_1": 13.036127847108972, "a_mp_2": -9.226863222397927, "a_mp_3": -29.871307172654873, "a_mp_4": 6.768890834426109, "a_pm_0": 19.54187881543828, "a_pm_1": -0.26248757310972337, "a_pm_2": -25.17133575245895, "a_pm_3": 15.687452070773595, "a_pm_4": 15.42298314841645, "a_pp_1": 15.445313208500629, "a_pp_2": -0.22104455180644322, "a_pp_3": 16.29889252365752, "a_pp_4": -26.033916378681855}, "datetime": {"datetime": "2024-07-10 12:50:17", "elapsed": 8411.754713, "delta": 252.59662}}
{"target": -57196.77005780001, "params": {"a_c_1": 11.499855526240733, "a_c_2": 9.934016157544084, "a_mm_0": 19.692525502414433, "a_mm_1": 8.059675337006546, "a_mm_2": -4.781341162385488, "a_mm_3": -2.3395426234019254, "a_mm_4": -16.460673948076593, "a_mp_0": -26.63697637764789, "a_mp_1": 13.790264459522817, "a_mp_2": -4.895169330842656, "a_mp_3": -18.469687095356978, "a_mp_4": -20.361837787352755, "a_pm_0": -29.652770718586368, "a_pm_1": -28.897157257977238, "a_pm_2": 0.05873761403147171, "a_pm_3": -22.81928857189753, "a_pm_4": -20.9882031828229, "a_pp_1": 10.705331844499995, "a_pp_2": -34.38526537076067, "a_pp_3": 16.94816191890925, "a_pp_4": -15.09900858260523}, "datetime": {"datetime": "2024-07-10 12:52:58", "elapsed": 8572.678886, "delta": 160.924173}}
