{"target": -70188.99858146392, "params": {"a_c_1": 2.3022909882909848, "a_c_2": 3.745304412609325, "a_mm_0": -10.385446256933143, "a_mm_1": 0.6737389544660317, "a_mm_2": -35.95250076830464, "a_mm_3": -30.373969830072237, "a_mm_4": -17.240598493665548, "a_mp_0": -11.843570354992373, "a_mp_1": 17.506999093792267, "a_mp_2": 13.48049692013879, "a_mp_3": -2.220440161114091, "a_mp_4": 8.482476947285264, "a_pm_0": -38.952109774456524, "a_pm_1": -15.54328350539231, "a_pm_2": 15.602985443062074, "a_pm_3": -4.824913017541846, "a_pm_4": -36.785617957750645, "a_pp_1": -2.1680243004483017, "a_pp_2": -18.4225177338133, "a_pp_3": -9.32749370835198, "a_pp_4": -24.475488624810666}, "datetime": {"datetime": "2024-07-10 13:43:19", "elapsed": 8171.815322, "delta": 175.555737}}
{"target": -28123.3004908634, "params": {"a_c_1": 2.781021020430925, "a_c_2": 3.642566208456558, "a_mm_0": -34.13507599088038, "a_mm_1": -16.814214916218656, "a_mm_2": 15.69825581918041, "a_mm_3": -6.998009018796594, "a_mm_4": -26.96726051108855, "a_mp_0": 4.352021690184195, "a_mp_1": 4.122377046671296, "a_mp_2": 7.868564844258131, "a_mp_3": 0.8666433381882115, "a_mp_4": 18.73861804707986, "a_pm_0": -29.417271291794513, "a_pm_1": -15.076575521169254, "a_pm_2": -10.243903929680734, "a_pm_3": -27.79987609432641, "a_pm_4": -17.01731818949606, "a_pp_1": 16.54092246399594, "a_pp_2": -5.05599387876525, "a_pp_3": 7.5151932593748185, "a_pp_4": -23.043120034760467}, "datetime": {"datetime": "2024-07-10 13:47:24", "elapsed": 8417.033707, "delta": 245.218385}}
{"target": -100.49224928618331, "params": {"a_c_1": 0.0, "a_c_2": 10.0, "a_mm_0": -9.199390065529885, "a_mm_1": -17.20358889624627, "a_mm_2": 8.012170189772547, "a_mm_3": 5.29886936747748, "a_mm_4": 11.498407169785356, "a_mp_0": -19.071866144921454, "a_mp_1": 4.090334735500352, "a_mp_2": -2.766198310782797, "a_mp_3": 20.0, "a_mp_4": -5.347708383970273, "a_pm_0": 20.0, "a_pm_1": 12.93046592552804, "a_pm_2": -6.12840237415316, "a_pm_3": 13.513756445263514, "a_pm_4": 20.0, "a_pp_1": -6.124293403549135, "a_pp_2": 9.890836964435776, "a_pp_3": 20.0, "a_pp_4": 20.0}, "datetime": {"datetime": "2024-07-10 14:12:01", "elapsed": 0.0, "delta": 0.0}}
{"target": -44071.88833732118, "params": {"a_c_1": 16.2048668386334, "a_c_2": 8.856466638637198, "a_mm_0": -24.393179931024505, "a_mm_1": 7.7980665041032395, "a_mm_2": -28.184749730497472, "a_mm_3": -20.823413154608065, "a_mm_4": -24.683140427170052, "a_mp_0": -13.154779058905767, "a_mp_1": -23.603557211815936, "a_mp_2": 17.196454188863363, "a_mp_3": 4.489585599674243, "a_mp_4": 6.538564799226933, "a_pm_0": -3.3950428252551177, "a_pm_1": -20.051443153422575, "a_pm_2": 12.64482255793898, "a_pm_3": -3.147065570964706, "a_pm_4": -27.14825760939231, "a_pp_1": 1.6383271562155244, "a_pp_2": -3.832159748369179, "a_pp_3": -20.10808128750125, "a_pp_4": -19.52955633280366}, "datetime": {"datetime": "2024-07-10 14:15:15", "elapsed": 193.648783, "delta": 193.648783}}
{"target": -21.020676636763916, "params": {"a_c_1": 20.0, "a_c_2": 10.0, "a_mm_0": 13.455553698641241, "a_mm_1": 9.359362632393017, "a_mm_2": 2.412365062921929, "a_mm_3": 4.109144304937383, "a_mm_4": -1.4543539795025222, "a_mp_0": 9.284682300205874, "a_mp_1": 9.456385825340666, "a_mp_2": -2.5591579123176955, "a_mp_3": 6.749201454592395, "a_mp_4": 5.029019526006632, "a_pm_0": -24.81537672834065, "a_pm_1": -8.701121291711193, "a_pm_2": 15.567541274086762, "a_pm_3": -9.0571809929676, "a_pm_4": 11.309070312560072, "a_pp_1": 13.064739494096576, "a_pp_2": 3.0625811793105946, "a_pp_3": 20.0, "a_pp_4": 20.0}, "datetime": {"datetime": "2024-07-10 14:32:34", "elapsed": 1232.464436, "delta": 1038.815653}}
{"target": -651.3233810858359, "params": {"a_c_1": 20.0, "a_c_2": 10.0, "a_mm_0": -20.474384969365268, "a_mm_1": 8.65377805294697, "a_mm_2": -25.5162611764486, "a_mm_3": -34.03524108942284, "a_mm_4": 15.54744227483736, "a_mp_0": -40.0, "a_mp_1": 5.403120304403302, "a_mp_2": 3.6958557096870903, "a_mp_3": 6.051983013332124, "a_mp_4": 20.0, "a_pm_0": 14.919318599465479, "a_pm_1": 9.729484400834373, "a_pm_2": -28.736454969264454, "a_pm_3": 17.79942855132804, "a_pm_4": -2.9704916701200337, "a_pp_1": 12.072119307549821, "a_pp_2": 20.0, "a_pp_3": 20.0, "a_pp_4": 20.0}, "datetime": {"datetime": "2024-07-10 14:44:16", "elapsed": 1934.362563, "delta": 701.898127}}
{"target": -52752.785667091826, "params": {"a_c_1": 9.014108722247231, "a_c_2": 4.9664696337414185, "a_mm_0": -34.9939810360131, "a_mm_1": -0.2336143512408242, "a_mm_2": 6.578812358527429, "a_mm_3": 4.4433406015789245, "a_mm_4": -31.046642859578817, "a_mp_0": 18.322242090117456, "a_mp_1": 3.461073303426602, "a_mp_2": -3.8975071990332992, "a_mp_3": -36.21301883602251, "a_mp_4": -11.523980989055925, "a_pm_0": -28.56297969386766, "a_pm_1": -14.065281620212563, "a_pm_2": 5.811406413676728, "a_pm_3": -25.40556219703626, "a_pm_4": -28.792642916845445, "a_pp_1": -24.101495899948997, "a_pp_2": -36.225865425096, "a_pp_3": -19.904124037790947, "a_pp_4": 18.89855853596545}, "datetime": {"datetime": "2024-07-10 14:47:46", "elapsed": 2144.799193, "delta": 210.43663}}
{"target": -638.1526156852777, "params": {"a_c_1": 16.334870317557826, "a_c_2": 10.0, "a_mm_0": -16.19061538501333, "a_mm_1": 9.047304121786022, "a_mm_2": 14.744245789867982, "a_mm_3": 0.12379966743964609, "a_mm_4": 15.617269247275766, "a_mp_0": -3.1372152237993487, "a_mp_1": -1.2738896511315723, "a_mp_2": -7.064237109883537, "a_mp_3": -12.135220671960855, "a_mp_4": -13.99218967603261, "a_pm_0": 5.355175190919735, "a_pm_1": -0.05118481456655574, "a_pm_2": -0.44685333735972765, "a_pm_3": 15.452549624282682, "a_pm_4": 20.0, "a_pp_1": -17.334712732036298, "a_pp_2": -4.66096150273317, "a_pp_3": -3.536130501529925, "a_pp_4": 6.396781654579252}, "datetime": {"datetime": "2024-07-10 15:04:22", "elapsed": 3140.785347, "delta": 995.986154}}
{"target": -68884.28181941851, "params": {"a_c_1": 6.071326866773994, "a_c_2": 1.2052626014181123, "a_mm_0": 9.130816294899141, "a_mm_1": 5.718973895800993, "a_mm_2": 2.91908120952597, "a_mm_3": -23.104026737236985, "a_mm_4": -14.585592775516773, "a_mp_0": -7.8964803073671135, "a_mp_1": -13.56903386134616, "a_mp_2": 1.1882408192173415, "a_mp_3": -35.26810715353818, "a_mp_4": -30.738172764954065, "a_pm_0": -22.941744743828366, "a_pm_1": -7.1285299938520765, "a_pm_2": -19.895208087691607, "a_pm_3": 2.8760665980670552, "a_pm_4": -31.518283426894584, "a_pp_1": -39.12304119214499, "a_pp_2": -27.58306002746891, "a_pp_3": 8.185242711071545, "a_pp_4": -11.599772619913516}, "datetime": {"datetime": "2024-07-10 15:08:33", "elapsed": 3391.581573, "delta": 250.796226}}
{"target": -78229.66166890936, "params": {"a_c_1": 6.036793054623675, "a_c_2": 4.4197316751747815, "a_mm_0": -26.510161340212335, "a_mm_1": -27.110695194448123, "a_mm_2": -33.046760356550806, "a_mm_3": -28.485668115142072, "a_mm_4": 7.412878553581926, "a_mp_0": 10.743873772345559, "a_mp_1": 16.793372296916814, "a_mp_2": 8.196983995018577, "a_mp_3": 5.743867535430915, "a_mp_4": -25.218837800265135, "a_pm_0": 15.225769102394842, "a_pm_1": -28.47684607269886, "a_pm_2": 17.671559774808884, "a_pm_3": 14.695056514537583, "a_pm_4": -34.62381851418533, "a_pp_1": -32.136366777106495, "a_pp_2": -21.248571132929722, "a_pp_3": -24.211836477394826, "a_pp_4": -8.388157061998996}, "datetime": {"datetime": "2024-07-10 15:10:41", "elapsed": 3519.15081, "delta": 127.569237}}
{"target": -595.0964342752811, "params": {"a_c_1": 0.0, "a_c_2": 0.0, "a_mm_0": -13.7467159011217, "a_mm_1": -13.179662771125143, "a_mm_2": -5.9713187513195205, "a_mm_3": -0.543974389380817, "a_mm_4": -11.407470386176715, "a_mp_0": -30.87758672926397, "a_mp_1": -8.080992664080867, "a_mp_2": -4.420638269932106, "a_mp_3": 20.0, "a_mp_4": 10.482868199824468, "a_pm_0": -8.41501679034431, "a_pm_1": -9.737837664464779, "a_pm_2": -10.174077647899036, "a_pm_3": -11.329108215768855, "a_pm_4": 3.9476362345348823, "a_pp_1": 11.50210629229188, "a_pp_2": 13.487258438294278, "a_pp_3": 20.0, "a_pp_4": 20.0}, "datetime": {"datetime": "2024-07-10 15:23:04", "elapsed": 4262.363165, "delta": 743.212355}}
{"target": -1057.3935615927462, "params": {"a_c_1": 0.0, "a_c_2": 10.0, "a_mm_0": 16.181478258656817, "a_mm_1": -17.068355344726047, "a_mm_2": -13.363041661284914, "a_mm_3": 10.730037210134533, "a_mm_4": 15.176520856226846, "a_mp_0": 6.835935589582319, "a_mp_1": -12.250424119759861, "a_mp_2": 16.825228255844895, "a_mp_3": 4.317662326279874, "a_mp_4": 20.0, "a_pm_0": 0.9831768712577852, "a_pm_1": 20.0, "a_pm_2": 9.468335820561693, "a_pm_3": -5.812064321509803, "a_pm_4": -20.98592268667226, "a_pp_1": -14.489284668952742, "a_pp_2": 4.026966941259551, "a_pp_3": 12.891867645338973, "a_pp_4": 20.0}, "datetime": {"datetime": "2024-07-10 15:30:44", "elapsed": 4722.670592, "delta": 460.307427}}
{"target": -50044.20874007785, "params": {"a_c_1": 1.3839205982753389, "a_c_2": 4.9690703471930995, "a_mm_0": 2.166552510691268, "a_mm_1": -12.83792552857588, "a_mm_2": -35.65799324702784, "a_mm_3": -16.022603772807226, "a_mm_4": 16.683396922920288, "a_mp_0": -34.95359446193525, "a_mp_1": 11.558209753973358, "a_mp_2": -38.46116494166731, "a_mp_3": -3.2346346360262217, "a_mp_4": -0.6616283360308586, "a_pm_0": -15.749138874990074, "a_pm_1": -10.952208781368661, "a_pm_2": -16.055655005533232, "a_pm_3": -27.877978603657496, "a_pm_4": -37.253811527142226, "a_pp_1": -12.151453174271033, "a_pp_2": 2.2091655819065323, "a_pp_3": 3.856769270031414, "a_pp_4": -8.803056211848293}, "datetime": {"datetime": "2024-07-10 15:33:24", "elapsed": 4882.153478, "delta": 159.482886}}
{"target": -2663.321756471455, "params": {"a_c_1": 0.0, "a_c_2": 0.0, "a_mm_0": 20.0, "a_mm_1": 4.608864338860055, "a_mm_2": 10.2819249339874, "a_mm_3": -23.095745698419066, "a_mm_4": 20.0, "a_mp_0": -40.0, "a_mp_1": 20.0, "a_mp_2": 20.0, "a_mp_3": 7.72691397216976, "a_mp_4": -14.807380040452578, "a_pm_0": 20.0, "a_pm_1": 1.4784709038781425, "a_pm_2": -37.32581249506419, "a_pm_3": 13.015587722426226, "a_pm_4": 20.0, "a_pp_1": 20.0, "a_pp_2": -11.227313758462879, "a_pp_3": 3.2630865309826476, "a_pp_4": 20.0}, "datetime": {"datetime": "2024-07-10 15:42:59", "elapsed": 5457.106639, "delta": 574.953161}}
{"target": -421.8510007532754, "params": {"a_c_1": 0.0, "a_c_2": 10.0, "a_mm_0": -40.0, "a_mm_1": -23.811870159726947, "a_mm_2": -0.22706414428414728, "a_mm_3": 13.881341100387774, "a_mm_4": 20.0, "a_mp_0": -40.0, "a_mp_1": -34.984413588192574, "a_mp_2": 19.35921914319429, "a_mp_3": 18.70968963928736, "a_mp_4": -0.612969482748179, "a_pm_0": 7.584960613358789, "a_pm_1": 17.37579723351592, "a_pm_2": -6.272248708618003, "a_pm_3": 20.0, "a_pm_4": 3.001479168176461, "a_pp_1": -1.2452664559123268, "a_pp_2": 14.12302775044085, "a_pp_3": -9.849005574108968, "a_pp_4": 4.263618464048653}, "datetime": {"datetime": "2024-07-10 15:53:22", "elapsed": 6080.821659, "delta": 623.71502}}
{"target": -537.9875538299247, "params": {"a_c_1": 0.0, "a_c_2": 10.0, "a_mm_0": 19.88608026690707, "a_mm_1": 17.459621045368277, "a_mm_2": 8.036528409002004, "a_mm_3": -12.677695674985454, "a_mm_4": 6.086015915059781, "a_mp_0": -40.0, "a_mp_1": -13.228458100991057, "a_mp_2": -19.057611614459567, "a_mp_3": 10.067956044725186, "a_mp_4": 20.0, "a_pm_0": 20.0, "a_pm_1": 12.743615020053449, "a_pm_2": -0.5581412680219144, "a_pm_3": 3.9320163046677927, "a_pm_4": 5.071944360524054, "a_pp_1": -1.3129928634828543, "a_pp_2": -11.406567416664446, "a_pp_3": 3.260704409970456, "a_pp_4": 20.0}, "datetime": {"datetime": "2024-07-10 16:04:44", "elapsed": 6762.68969, "delta": 681.868031}}
{"target": -131765.31460924275, "params": {"a_c_1": 4.061748841015362, "a_c_2": 7.298164120778029, "a_mm_0": 1.18990092066484, "a_mm_1": -23.030211343335914, "a_mm_2": -35.80095469198434, "a_mm_3": -19.086692220724434, "a_mm_4": -28.51954527598698, "a_mp_0": -10.13783170340336, "a_mp_1": 16.538491737021275, "a_mp_2": -38.91682797812964, "a_mp_3": -36.49148915565838, "a_mp_4": -36.963454615828006, "a_pm_0": -24.215135061992335, "a_pm_1": -19.875336253340755, "a_pm_2": -8.552875529513074, "a_pm_3": 10.669897498133984, "a_pm_4": -4.73923990271274, "a_pp_1": -23.76898812478157, "a_pp_2": -31.10221912438505, "a_pp_3": -6.237779734985729, "a_pp_4": -35.62355866007711}, "datetime": {"datetime": "2024-07-10 16:08:24", "elapsed": 6982.526067, "delta": 219.836377}}
{"target": -50251.02145978924, "params": {"a_c_1": 0.3945108329913838, "a_c_2": 9.526835408766964, "a_mm_0": 3.1890320052363634, "a_mm_1": 1.3640870664258173, "a_mm_2": -36.40703205529817, "a_mm_3": -36.58302326512828, "a_mm_4": 4.367225286543068, "a_mp_0": -34.363143840961634, "a_mp_1": -19.68771946830917, "a_mp_2": -11.070516930316508, "a_mp_3": -11.201688139298604, "a_mp_4": -18.57977626054503, "a_pm_0": -21.753844322493546, "a_pm_1": -3.8543135224998366, "a_pm_2": 11.00361465140655, "a_pm_3": -15.000914671574836, "a_pm_4": -11.333772556739426, "a_pp_1": -15.923493994681095, "a_pp_2": 19.47492492894289, "a_pp_3": -25.078649062507278, "a_pp_4": -23.419707136517037}, "datetime": {"datetime": "2024-07-10 16:11:22", "elapsed": 7160.969178, "delta": 178.443111}}
{"target": -15225.284566334403, "params": {"a_c_1": 1.249020106333134, "a_c_2": 9.392434280988983, "a_mm_0": -32.05143526863985, "a_mm_1": 7.824455049875404, "a_mm_2": -9.899407574280488, "a_mm_3": -0.6215222596355474, "a_mm_4": -19.986841276526576, "a_mp_0": -29.967691886509243, "a_mp_1": 9.305757647481911, "a_mp_2": -7.136647623488351, "a_mp_3": 14.074582190286328, "a_mp_4": 10.063970904445945, "a_pm_0": -34.827131704139795, "a_pm_1": 14.43664974022262, "a_pm_2": 10.197450559916504, "a_pm_3": -11.575686938747957, "a_pm_4": -8.767242355197531, "a_pp_1": -31.334757377785195, "a_pp_2": 11.22018869515756, "a_pp_3": -27.181064161204475, "a_pp_4": 5.638013797727908}, "datetime": {"datetime": "2024-07-10 16:15:21", "elapsed": 7399.670905, "delta": 238.701727}}
{"target": -20731.05083556816, "params": {"a_c_1": 1.563189378460308, "a_c_2": 1.2867625668058957, "a_mm_0": 10.168374702574475, "a_mm_1": -36.63932659780896, "a_mm_2": 12.266313597030646, "a_mm_3": 7.982113972315062, "a_mm_4": -6.579252365401828, "a_mp_0": 14.57455010719908, "a_mp_1": 5.417847660168846, "a_mp_2": -15.485469989487072, "a_mp_3": -5.436315721027839, "a_mp_4": -11.526432562899206, "a_pm_0": -29.263664955351913, "a_pm_1": -30.88842595617778, "a_pm_2": -25.43117275248766, "a_pm_3": -5.675454478570359, "a_pm_4": 15.014865072196251, "a_pp_1": 14.620813622553705, "a_pp_2": 17.591507793477028, "a_pp_3": -32.10597351102889, "a_pp_4": -14.096228686841705}, "datetime": {"datetime": "2024-07-10 16:18:54", "elapsed": 7612.666592, "delta": 212.995687}}
{"target": -22586.35713635549, "params": {"a_c_1": 11.936832474288723, "a_c_2": 4.089902724192944, "a_mm_0": 15.796578936337404, "a_mm_1": -27.563724188785912, "a_mm_2": -6.051988132836357, "a_mm_3": -24.506442734814865, "a_mm_4": -11.91831310511591, "a_mp_0": -28.886296534958724, "a_mp_1": -28.964769862140333, "a_mp_2": -25.15161225771176, "a_mp_3": -9.20508531811334, "a_mp_4": -1.2859554759160332, "a_pm_0": -0.4226284840926695, "a_pm_1": -26.323405605905755, "a_pm_2": -7.564454952744214, "a_pm_3": 11.426625640313127, "a_pm_4": -1.641583051126382, "a_pp_1": 11.309345639254595, "a_pp_2": 11.19476365381108, "a_pp_3": 3.2843954210553292, "a_pp_4": -15.273801577098915}, "datetime": {"datetime": "2024-07-10 13:58:30", "elapsed": 0.0, "delta": 0.0}}
{"target": -116.49966777801755, "params": {"a_c_1": 0.0, "a_c_2": 10.0, "a_mm_0": -6.546988010435763, "a_mm_1": -15.494670900584834, "a_mm_2": 6.561619452026288, "a_mm_3": 3.5149765392547394, "a_mm_4": 10.924379770058799, "a_mp_0": -21.195433415408253, "a_mp_1": 6.14354149273394, "a_mp_2": -2.40375050104604, "a_mp_3": 20.0, "a_mp_4": -3.0269425134900687, "a_pm_0": 20.0, "a_pm_1": 13.808733183794699, "a_pm_2": -8.223488822662588, "a_pm_3": 11.955705950062251, "a_pm_4": 20.0, "a_pp_1": -3.2027758899218384, "a_pp_2": 8.124392216188019, "a_pp_3": 20.0, "a_pp_4": 20.0}, "datetime": {"datetime": "2024-07-10 14:12:01", "elapsed": 811.609172, "delta": 811.609172}}
{"target": -16.741381248899966, "params": {"a_c_1": 20.0, "a_c_2": 10.0, "a_mm_0": 13.476955786452837, "a_mm_1": 9.895078185425351, "a_mm_2": 0.9761601503605245, "a_mm_3": 4.657812719169977, "a_mm_4": -2.1564165719401047, "a_mp_0": 12.5271659201323, "a_mp_1": 10.78857370812189, "a_mp_2": -1.094373874585728, "a_mp_3": 7.165489312703726, "a_mp_4": 5.840580424982987, "a_pm_0": -27.50517443255623, "a_pm_1": -9.677589393259414, "a_pm_2": 17.067665915345433, "a_pm_3": -9.73084363940503, "a_pm_4": 9.317443503799874, "a_pp_1": 15.34564076249892, "a_pp_2": 4.8303176785402435, "a_pp_3": 20.0, "a_pp_4": 20.0}, "datetime": {"datetime": "2024-07-10 14:32:03", "elapsed": 2012.948168, "delta": 1201.338996}}
{"target": -111243.50828903564, "params": {"a_c_1": 10.498194786014238, "a_c_2": 4.443319698685927, "a_mm_0": 2.0463250637944554, "a_mm_1": -20.451409167859776, "a_mm_2": -29.34218527968047, "a_mm_3": 17.574236093882703, "a_mm_4": -34.930782506915754, "a_mp_0": -27.033558639259947, "a_mp_1": -13.832407011283433, "a_mp_2": -4.597563270514918, "a_mp_3": 1.1080498128107905, "a_mp_4": -16.841522765935785, "a_pm_0": 14.22644882587101, "a_pm_1": -31.96935682681281, "a_pm_2": -10.145072961864347, "a_pm_3": 5.831446356984124, "a_pm_4": -4.529820268011406, "a_pp_1": -13.415197121197881, "a_pp_2": -15.617690059467847, "a_pp_3": -30.51627508163675, "a_pp_4": -33.59285346280562}, "datetime": {"datetime": "2024-07-10 14:34:51", "elapsed": 2180.729465, "delta": 167.781297}}
{"target": -961.2804040945399, "params": {"a_c_1": 20.0, "a_c_2": 10.0, "a_mm_0": -11.627492352687383, "a_mm_1": 4.799039159108929, "a_mm_2": -24.146218680591076, "a_mm_3": -30.16886797889206, "a_mm_4": 10.382317187647944, "a_mp_0": -40.0, "a_mp_1": 3.630672243130677, "a_mp_2": -2.7571735128557027, "a_mp_3": 7.602009961355033, "a_mp_4": 20.0, "a_pm_0": 9.051466003911361, "a_pm_1": 2.096290032713556, "a_pm_2": -27.6016648548273, "a_pm_3": 12.903095660681126, "a_pm_4": -2.1655443535362524, "a_pp_1": 16.657923912677465, "a_pp_2": 20.0, "a_pp_3": 20.0, "a_pp_4": 20.0}, "datetime": {"datetime": "2024-07-10 14:46:45", "elapsed": 2894.859149, "delta": 714.129684}}
{"target": -532.3828958913003, "params": {"a_c_1": 18.93074831448706, "a_c_2": 10.0, "a_mm_0": -10.939564890063005, "a_mm_1": 13.498490912056601, "a_mm_2": 17.509749222746574, "a_mm_3": 1.8727602040376543, "a_mm_4": 11.501327197118064, "a_mp_0": -3.8139450968951687, "a_mp_1": -0.04090715367058643, "a_mp_2": -5.770925607770475, "a_mp_3": -9.52273185550262, "a_mp_4": -11.573829189350848, "a_pm_0": 7.97526029763594, "a_pm_1": -2.696433609265727, "a_pm_2": 0.443011494849851, "a_pm_3": 12.585677968662356, "a_pm_4": 20.0, "a_pp_1": -18.042702051809055, "a_pp_2": -7.551367739933239, "a_pp_3": -4.188235024297602, "a_pp_4": 10.702439090093169}, "datetime": {"datetime": "2024-07-10 14:59:26", "elapsed": 3656.045334, "delta": 761.186185}}
{"target": -641.6562170861625, "params": {"a_c_1": 0.0, "a_c_2": 0.0, "a_mm_0": -23.21241088992298, "a_mm_1": -23.90070150324787, "a_mm_2": 0.3037546440602718, "a_mm_3": 8.95696306766707, "a_mm_4": -11.190659895808935, "a_mp_0": -26.062947234889418, "a_mp_1": -9.92798512005965, "a_mp_2": -1.2424423542060328, "a_mp_3": 20.0, "a_mp_4": 2.6777883566996095, "a_pm_0": -14.729582331941101, "a_pm_1": -16.388669349930687, "a_pm_2": -3.923746120581673, "a_pm_3": -12.796229560773627, "a_pm_4": 8.636789233566718, "a_pp_1": 19.85465607915157, "a_pp_2": 14.501865125286225, "a_pp_3": 20.0, "a_pp_4": 20.0}, "datetime": {"datetime": "2024-07-10 15:14:17", "elapsed": 4546.726886, "delta": 890.681552}}
{"target": -28324.493798493622, "params": {"a_c_1": 16.63774952526834, "a_c_2": 7.9497018026821396, "a_mm_0": -2.022384669494137, "a_mm_1": -5.666991703747705, "a_mm_2": -3.789558775746393, "a_mm_3": 11.533157793948497, "a_mm_4": 2.741035074347579, "a_mp_0": -6.674761244471718, "a_mp_1": -26.185747614136652, "a_mp_2": -22.204770020162556, "a_mp_3": -24.97267078780868, "a_mp_4": -39.439501277121835, "a_pm_0": -14.1670275524868, "a_pm_1": -21.195612672019138, "a_pm_2": 16.001968318160287, "a_pm_3": -30.545300914935538, "a_pm_4": 18.2250816770675, "a_pp_1": -22.704694243386378, "a_pp_2": 16.001867265520588, "a_pp_3": -5.46528029038636, "a_pp_4": 1.0286025407161148}, "datetime": {"datetime": "2024-07-10 15:18:10", "elapsed": 4780.536337, "delta": 233.809451}}
{"target": -35290.22787258376, "params": {"a_c_1": 15.788409262760531, "a_c_2": 4.08486291823118, "a_mm_0": 2.2164098722978665, "a_mm_1": -15.748118031153638, "a_mm_2": -2.6940038074893025, "a_mm_3": 2.6003657317991795, "a_mm_4": -8.987145220724685, "a_mp_0": 5.105208922804081, "a_mp_1": -13.412367253748847, "a_mp_2": 14.38960541015605, "a_mp_3": -10.74692840110573, "a_mp_4": -1.7597763921575762, "a_pm_0": 10.629127888743149, "a_pm_1": -7.053390155039438, "a_pm_2": 5.092828366657386, "a_pm_3": 11.365245008274051, "a_pm_4": -30.57442114674945, "a_pp_1": -14.177118728617792, "a_pp_2": -27.481379986944248, "a_pp_3": 4.247980026421075, "a_pp_4": -20.46930446931057}, "datetime": {"datetime": "2024-07-10 15:23:14", "elapsed": 5084.278667, "delta": 303.74233}}
{"target": -154373.1675852245, "params": {"a_c_1": 1.134116872185429, "a_c_2": 3.169193993561845, "a_mm_0": 16.78914686045237, "a_mm_1": -4.9994733343301405, "a_mm_2": -3.6151633085742674, "a_mm_3": 10.25538206031051, "a_mm_4": 5.017828072132076, "a_mp_0": 9.593188934605969, "a_mp_1": 9.762730627370452, "a_mp_2": -39.93223024516818, "a_mp_3": -20.331869311531868, "a_mp_4": -27.48251535216102, "a_pm_0": -30.40332334572316, "a_pm_1": -6.590723757094047, "a_pm_2": 10.041596207814798, "a_pm_3": -36.83426048290668, "a_pm_4": -38.05078193952631, "a_pp_1": -39.32301695857247, "a_pp_2": -39.590402006757394, "a_pp_3": -35.23638249997301, "a_pp_4": -29.538615763539237}, "datetime": {"datetime": "2024-07-10 15:26:28", "elapsed": 5278.142586, "delta": 193.863919}}
