{"target": -9908.465220384973, "params": {"a_c_1": 4.90143794088306, "a_c_2": 3.639773224660435, "a_mm_0": -5.358178072541243, "a_mm_1": -15.433864463377116, "a_mm_2": 12.606890160305277, "a_mm_3": 11.592876683594056, "a_mm_4": 10.038613561081931, "a_mp_0": -14.423729998618185, "a_mp_1": -28.59220026445711, "a_mp_2": -1.668213811384284, "a_mp_3": -14.310701113467982, "a_mp_4": -9.651575753304556, "a_pm_0": -0.9369064979344799, "a_pm_1": 16.396492072119862, "a_pm_2": 8.494983598036434, "a_pm_3": -32.60700200506447, "a_pm_4": 14.447732541180713, "a_pp_1": 0.624039962529821, "a_pp_2": -20.834488289831647, "a_pp_3": 3.7995793130749647, "a_pp_4": -11.502164849628404}, "datetime": {"datetime": "2024-07-10 11:20:46", "elapsed": 2878.625044, "delta": 228.762833}}
{"target": -64425.593073057054, "params": {"a_c_1": 11.220651276309008, "a_c_2": 5.718246936433848, "a_mm_0": -30.910645045310947, "a_mm_1": -18.281072903134262, "a_mm_2": -13.855915525360018, "a_mm_3": -36.53649404986105, "a_mm_4": 3.423950644930237, "a_mp_0": -20.391713837333764, "a_mp_1": -11.388828050131064, "a_mp_2": 16.883468319299546, "a_mp_3": 12.078099747704371, "a_mp_4": -23.614229401714177, "a_pm_0": -15.983697832706486, "a_pm_1": -5.725947766889995, "a_pm_2": -32.83108493412367, "a_pm_3": 7.771062713071494, "a_pm_4": -20.57488239505525, "a_pp_1": -33.06228076798631, "a_pp_2": 2.4319909105401365, "a_pp_3": -9.105505714910201, "a_pp_4": -38.373975942373605}, "datetime": {"datetime": "2024-07-10 11:24:14", "elapsed": 3086.295592, "delta": 207.670548}}
{"target": -62454.635450467584, "params": {"a_c_1": 11.255672262721701, "a_c_2": 7.642088444475982, "a_mm_0": -38.13743991990211, "a_mm_1": -0.5447427577154329, "a_mm_2": -24.9914853317608, "a_mm_3": -13.883421508582902, "a_mm_4": -35.66995479594463, "a_mp_0": -8.066288625098792, "a_mp_1": 16.329734519337457, "a_mp_2": -21.711057538405417, "a_mp_3": -36.187757257486865, "a_mp_4": 10.893579640040478, "a_pm_0": 16.855613916150254, "a_pm_1": -10.535754964460644, "a_pm_2": 14.510569066514627, "a_pm_3": 14.518424754129121, "a_pm_4": 4.071150799764574, "a_pp_1": 9.879639929041957, "a_pp_2": -30.279745965756938, "a_pp_3": 10.732346024956342, "a_pp_4": -15.061460550540215}, "datetime": {"datetime": "2024-07-10 11:27:19", "elapsed": 3271.709621, "delta": 185.414029}}
{"target": -43577.38035034587, "params": {"a_c_1": 5.733740727839038, "a_c_2": 5.618622697026857, "a_mm_0": 11.449594089413772, "a_mm_1": -14.009880771469955, "a_mm_2": -35.333873924449314, "a_mm_3": -22.763303185460924, "a_mm_4": -22.881344084032772, "a_mp_0": 1.8230862729017332, "a_mp_1": 17.303956260389953, "a_mp_2": -6.991154344716904, "a_mp_3": -24.78324845398327, "a_mp_4": 2.1877928031023117, "a_pm_0": -31.136379299633184, "a_pm_1": -36.3022543644029, "a_pm_2": -1.0595359561763686, "a_pm_3": -17.454860768794973, "a_pm_4": -12.951536270062853, "a_pp_1": -35.56105319342764, "a_pp_2": -11.21873082598578, "a_pp_3": -3.6313472177087363, "a_pp_4": 18.950712077006045}, "datetime": {"datetime": "2024-07-10 11:30:37", "elapsed": 3469.623683, "delta": 197.914062}}
{"target": -5106.032278589177, "params": {"a_c_1": 0.4293977846302899, "a_c_2": 5.16746763881536, "a_mm_0": -10.793973188125872, "a_mm_1": -2.4915283131859454, "a_mm_2": 11.190405987310655, "a_mm_3": -10.118025453239468, "a_mm_4": -5.645129954535562, "a_mp_0": -9.846728933021552, "a_mp_1": 7.78652203705451, "a_mp_2": 14.416106842858042, "a_mp_3": -20.640339179507873, "a_mp_4": 3.4638203562551126, "a_pm_0": -0.7146430952082596, "a_pm_1": -17.60273007097507, "a_pm_2": 8.209759961563755, "a_pm_3": 1.7032206330100337, "a_pm_4": -10.48760382640431, "a_pp_1": -5.684649382629999, "a_pp_2": 16.936365872957566, "a_pp_3": -1.5897944215833206, "a_pp_4": -1.9065325232330679}, "datetime": {"datetime": "2024-07-10 11:33:57", "elapsed": 3668.956861, "delta": 199.333178}}
{"target": -3707.8613453084936, "params": {"a_c_1": 7.612797832706497, "a_c_2": 7.8190448862118185, "a_mm_0": 12.343039052388363, "a_mm_1": -21.430541330112263, "a_mm_2": -20.415293731726567, "a_mm_3": 0.3917883512332594, "a_mm_4": -22.668704538745775, "a_mp_0": -35.097158468001986, "a_mp_1": -22.714055702708038, "a_mp_2": 1.824713446268035, "a_mp_3": -9.840070830110708, "a_mp_4": -5.196190331702972, "a_pm_0": -2.425747936184557, "a_pm_1": -7.893743657198904, "a_pm_2": 17.678227823157094, "a_pm_3": 8.639804525762507, "a_pm_4": 17.802930108105613, "a_pp_1": 1.6006694430388322, "a_pp_2": 8.10284537412528, "a_pp_3": 5.083007142623941, "a_pp_4": 16.4658508363688}, "datetime": {"datetime": "2024-07-10 11:39:54", "elapsed": 4026.202949, "delta": 357.246088}}
{"target": -66485.99480211509, "params": {"a_c_1": 6.809052495218511, "a_c_2": 3.2442158844190683, "a_mm_0": -39.28472031733821, "a_mm_1": -35.93151042499622, "a_mm_2": 17.700475165275442, "a_mm_3": -11.504375659172844, "a_mm_4": -32.70174186019487, "a_mp_0": -33.52694645828385, "a_mp_1": -8.943992596664192, "a_mp_2": -0.9099166527051992, "a_mp_3": 10.047040539530158, "a_mp_4": -5.713280626269388, "a_pm_0": -19.965846808728866, "a_pm_1": 2.0484338173837457, "a_pm_2": -28.738436893359037, "a_pm_3": -20.032503803228217, "a_pm_4": -32.74412435697982, "a_pp_1": 0.8413420567666208, "a_pp_2": -7.620900791776627, "a_pp_3": -13.631548887912274, "a_pp_4": -26.184029069063985}, "datetime": {"datetime": "2024-07-10 11:42:51", "elapsed": 4203.071831, "delta": 176.868882}}
{"target": -46231.89340377573, "params": {"a_c_1": 16.87383730527174, "a_c_2": 3.964647267663394, "a_mm_0": 14.737983391478139, "a_mm_1": -23.692394944507637, "a_mm_2": -1.7648732020652318, "a_mm_3": 4.248900122490291, "a_mm_4": -29.843586121424103, "a_mp_0": -29.075499536995594, "a_mp_1": 5.879388698020506, "a_mp_2": -34.635060644775805, "a_mp_3": -11.298968324285433, "a_mp_4": -35.03058861336839, "a_pm_0": 17.824966527858976, "a_pm_1": 10.111954679309143, "a_pm_2": -26.05754186480088, "a_pm_3": 10.605116514288603, "a_pm_4": 4.851312747881948, "a_pp_1": -33.49320106700975, "a_pp_2": -23.985862191687183, "a_pp_3": -1.489304899692108, "a_pp_4": 2.4287977203042814}, "datetime": {"datetime": "2024-07-10 11:46:32", "elapsed": 4424.104592, "delta": 221.032761}}
{"target": -34339.96928069793, "params": {"a_c_1": 6.872405414793916, "a_c_2": 1.2898378152341738, "a_mm_0": -10.307816909824112, "a_mm_1": 5.839522825324636, "a_mm_2": -8.732780015150723, "a_mm_3": -28.336065703388723, "a_mm_4": -21.739508190229053, "a_mp_0": 5.442583556626758, "a_mp_1": -12.35797161959444, "a_mp_2": 5.914603791836868, "a_mp_3": -29.43919093121204, "a_mp_4": 1.0957309248775928, "a_pm_0": 7.9748926690316395, "a_pm_1": 13.247740445847825, "a_pm_2": -22.10038024658872, "a_pm_3": 14.729320544464187, "a_pm_4": -4.858997144024656, "a_pp_1": -22.34997656017695, "a_pp_2": -38.142585558430206, "a_pp_3": -0.1197421070677791, "a_pp_4": 16.9640898539909}, "datetime": {"datetime": "2024-07-10 11:48:48", "elapsed": 4560.247506, "delta": 136.142914}}
{"target": -18715.644785783257, "params": {"a_c_1": 11.490000245089792, "a_c_2": 3.0028126569062286, "a_mm_0": -20.2142721140176, "a_mm_1": -10.559685282509228, "a_mm_2": 19.037942945772294, "a_mm_3": -14.16720929442861, "a_mm_4": -16.76764698043726, "a_mp_0": -10.327864996506328, "a_mp_1": -26.69705737677485, "a_mp_2": -22.55528078970529, "a_mp_3": 8.60493602650481, "a_mp_4": 13.572547713629675, "a_pm_0": -17.78655226102536, "a_pm_1": -11.074129177110038, "a_pm_2": 14.210462154016604, "a_pm_3": 2.8050459794277174, "a_pm_4": -12.534447821974943, "a_pp_1": 17.487127433233283, "a_pp_2": 13.127474495341978, "a_pp_3": -12.2478008623102, "a_pp_4": -28.39486153954738}, "datetime": {"datetime": "2024-07-10 11:53:52", "elapsed": 4864.425989, "delta": 304.178483}}
{"target": -29473.593738481002, "params": {"a_c_1": 16.72113796681603, "a_c_2": 8.976235874724962, "a_mm_0": 0.31738447784397295, "a_mm_1": 8.32331111166468, "a_mm_2": -38.85886716995272, "a_mm_3": -2.762590736636497, "a_mm_4": 8.421232078113455, "a_mp_0": -22.84859346459006, "a_mp_1": -30.67770141440134, "a_mp_2": 13.427470318762055, "a_mp_3": 6.940390835692867, "a_mp_4": -18.50691721514503, "a_pm_0": -5.339767639147645, "a_pm_1": -26.324950322261945, "a_pm_2": -20.12114591357716, "a_pm_3": 1.1959570641170174, "a_pm_4": 5.671133301410741, "a_pp_1": 12.777106152942714, "a_pp_2": -0.46605610593227453, "a_pp_3": 7.965578603825996, "a_pp_4": -28.626587304579555}, "datetime": {"datetime": "2024-07-10 11:56:56", "elapsed": 5047.846181, "delta": 183.420192}}
{"target": -59267.54990841261, "params": {"a_c_1": 14.381969877452976, "a_c_2": 9.808596318006192, "a_mm_0": 14.526695570630054, "a_mm_1": 7.057249155414318, "a_mm_2": 13.57994180599578, "a_mm_3": -12.695025586622176, "a_mm_4": -20.93625794976184, "a_mp_0": -1.6681312738008245, "a_mp_1": -4.870760362428477, "a_mp_2": -37.578514260100505, "a_mp_3": -23.805653282371917, "a_mp_4": -4.932958932613289, "a_pm_0": -36.10603837989315, "a_pm_1": -36.23489121840208, "a_pm_2": -17.417462718037, "a_pm_3": -32.7295715816325, "a_pm_4": -15.116935181384214, "a_pp_1": 0.4928431467801886, "a_pp_2": -11.665951501513657, "a_pp_3": -38.885746325614925, "a_pp_4": 15.71086097268794}, "datetime": {"datetime": "2024-07-10 12:00:59", "elapsed": 5291.330573, "delta": 243.484392}}
{"target": -83241.44395595192, "params": {"a_c_1": 5.018723792341246, "a_c_2": 0.07389096728895872, "a_mm_0": -13.44642067759628, "a_mm_1": 11.036267904578224, "a_mm_2": 16.01823828788971, "a_mm_3": -32.008713858902446, "a_mm_4": -35.85416195076028, "a_mp_0": 10.082153301551465, "a_mp_1": 10.65432355706956, "a_mp_2": 14.892939374956597, "a_mp_3": 7.428927437557782, "a_mp_4": 10.18259637079175, "a_pm_0": 9.064863461202393, "a_pm_1": -37.61143179250953, "a_pm_2": -29.43428918098092, "a_pm_3": -37.38508493236314, "a_pm_4": -39.94559978708266, "a_pp_1": 18.595820391550014, "a_pp_2": 19.96184237810784, "a_pp_3": -6.668183079583876, "a_pp_4": -31.12086519401479}, "datetime": {"datetime": "2024-07-10 12:04:49", "elapsed": 5521.605911, "delta": 230.275338}}
{"target": -24321.131219986353, "params": {"a_c_1": 2.7234850257114074, "a_c_2": 9.115061197895063, "a_mm_0": 15.06448069073025, "a_mm_1": -4.914259974012019, "a_mm_2": 3.3384683366214176, "a_mm_3": -4.023325236722606, "a_mm_4": 2.776778912883998, "a_mp_0": 18.69928614877181, "a_mp_1": -13.91153488344547, "a_mp_2": -35.367551667282434, "a_mp_3": -35.32543166165836, "a_mp_4": -0.7517878677856018, "a_pm_0": -36.46688953188957, "a_pm_1": -33.51933826803508, "a_pm_2": 12.983634006859276, "a_pm_3": 16.280242821752545, "a_pm_4": -33.187768445653425, "a_pp_1": -26.744268578852125, "a_pp_2": 19.44006878419887, "a_pp_3": 15.179012862759727, "a_pp_4": -2.3083943960659354}, "datetime": {"datetime": "2024-07-10 12:09:21", "elapsed": 5793.386919, "delta": 271.781008}}
{"target": -64415.69493752289, "params": {"a_c_1": 9.479281690912519, "a_c_2": 7.898524538743823, "a_mm_0": -10.733803218493424, "a_mm_1": 18.540187943497855, "a_mm_2": 6.095731584581905, "a_mm_3": -1.7769355663083104, "a_mm_4": -33.27527117952168, "a_mp_0": 3.223686532095556, "a_mp_1": -32.9519405866384, "a_mp_2": -31.221303537535235, "a_mp_3": 11.74826733865983, "a_mp_4": -5.597637717041792, "a_pm_0": -6.221281709735237, "a_pm_1": 1.9056807350583327, "a_pm_2": 10.719282528677866, "a_pm_3": 16.80617183001769, "a_pm_4": -36.12266211365153, "a_pp_1": -37.58812944767841, "a_pp_2": -35.34644986107933, "a_pp_3": 18.679770557964154, "a_pp_4": -7.95459356060006}, "datetime": {"datetime": "2024-07-10 12:12:18", "elapsed": 5970.406779, "delta": 177.01986}}
{"target": -92865.60691865851, "params": {"a_c_1": 7.511298382770155, "a_c_2": 6.0926354800644775, "a_mm_0": -32.72436785254427, "a_mm_1": -16.67261988933828, "a_mm_2": -22.235748370264943, "a_mm_3": 0.48968177072769237, "a_mm_4": -30.605639805312777, "a_mp_0": 18.38279106154711, "a_mp_1": -37.53080622131133, "a_mp_2": -33.82475323385961, "a_mp_3": -30.084337078738024, "a_mp_4": 19.389155411944046, "a_pm_0": -24.50147319051421, "a_pm_1": 1.2178116109242083, "a_pm_2": 0.684950994272647, "a_pm_3": -17.289400450380587, "a_pm_4": -22.119213945318865, "a_pp_1": 4.7184668084994925, "a_pp_2": -35.07926707426473, "a_pp_3": -38.68347758150916, "a_pp_4": -15.660226662241598}, "datetime": {"datetime": "2024-07-10 12:15:24", "elapsed": 6156.044895, "delta": 185.638116}}
{"target": -83318.71690768877, "params": {"a_c_1": 6.464375870134256, "a_c_2": 0.7073798395264685, "a_mm_0": -34.82179565043026, "a_mm_1": -9.957034777016286, "a_mm_2": 17.306081809473753, "a_mm_3": 1.978062962736729, "a_mm_4": -29.204193288454697, "a_mp_0": -18.51383206367602, "a_mp_1": 0.8643959080134422, "a_mp_2": -35.354131249215754, "a_mp_3": -28.19991303073457, "a_mp_4": -35.824281100693625, "a_pm_0": -11.743157797544946, "a_pm_1": -7.280592604659347, "a_pm_2": 11.779829436386251, "a_pm_3": -38.08651631689752, "a_pm_4": -31.711673678157187, "a_pp_1": -23.362150279670807, "a_pp_2": -15.154820090536578, "a_pp_3": -21.744025160161833, "a_pp_4": 19.4315715787314}, "datetime": {"datetime": "2024-07-10 12:18:56", "elapsed": 6368.082521, "delta": 212.037626}}
{"target": -125641.56297668691, "params": {"a_c_1": 7.080834323407704, "a_c_2": 9.077027032032674, "a_mm_0": 19.609331059149447, "a_mm_1": -22.4833122696768, "a_mm_2": -30.72559584894317, "a_mm_3": 11.173665374642646, "a_mm_4": -39.124422131562135, "a_mp_0": -32.4708038651528, "a_mp_1": -28.23724432659166, "a_mp_2": -38.61709539881545, "a_mp_3": -1.8659420904519308, "a_mp_4": -39.00978671885088, "a_pm_0": -23.594116956427612, "a_pm_1": -6.58674211076427, "a_pm_2": 0.3111482309880671, "a_pm_3": -32.6851845337907, "a_pm_4": -7.658735308856841, "a_pp_1": 2.56867752981654, "a_pp_2": -37.23185403306565, "a_pp_3": -12.207688006879511, "a_pp_4": -17.794993609047232}, "datetime": {"datetime": "2024-07-10 12:21:59", "elapsed": 6551.077415, "delta": 182.994894}}
{"target": -21751.867969638293, "params": {"a_c_1": 1.4437530324223324, "a_c_2": 5.811681878389622, "a_mm_0": -35.36466580919011, "a_mm_1": 1.0794543599902937, "a_mm_2": -9.809871063780399, "a_mm_3": 11.848570390784381, "a_mm_4": -11.30835354069746, "a_mp_0": 11.154495664013531, "a_mp_1": -18.540091841744328, "a_mp_2": -11.337446735641759, "a_mp_3": -3.8750692922705383, "a_mp_4": 1.4717389104614185, "a_pm_0": -21.67560301340253, "a_pm_1": -37.066115636273345, "a_pm_2": 1.940243753142994, "a_pm_3": 5.5472037071227405, "a_pm_4": 12.728112100681614, "a_pp_1": -3.544970401359194, "a_pp_2": 7.871932314771421, "a_pp_3": -29.071329111690225, "a_pp_4": -19.41296849874796}, "datetime": {"datetime": "2024-07-10 12:25:26", "elapsed": 6758.450622, "delta": 207.373207}}
{"target": -25595.709854549714, "params": {"a_c_1": 7.979085239016133, "a_c_2": 3.3569887293252734, "a_mm_0": -20.373906344204336, "a_mm_1": -1.4210126826871914, "a_mm_2": 10.075161090638588, "a_mm_3": -8.448961148822114, "a_mm_4": 3.7682870267646464, "a_mp_0": -4.475536474933882, "a_mp_1": 2.324682071735424, "a_mp_2": -4.0214514999983635, "a_mp_3": -31.72310011629485, "a_mp_4": 11.64661161130391, "a_pm_0": -29.912180218618133, "a_pm_1": -23.48116581766552, "a_pm_2": -7.9292436036044975, "a_pm_3": 0.6721071695732093, "a_pm_4": 15.709764965173711, "a_pp_1": -31.21723287363453, "a_pp_2": -37.077720704747, "a_pp_3": -3.214454329985479, "a_pp_4": -5.588204929699643}, "datetime": {"datetime": "2024-07-10 12:27:56", "elapsed": 6908.583704, "delta": 150.133082}}
{"target": -89818.71334616018, "params": {"a_c_1": 14.587076055463369, "a_c_2": 1.8268405752609596, "a_mm_0": 7.002855886609282, "a_mm_1": -36.15000474375918, "a_mm_2": -32.24838797042909, "a_mm_3": -29.328076831468145, "a_mm_4": -34.72547735350142, "a_mp_0": -37.40767009106263, "a_mp_1": -1.1292529983323547, "a_mp_2": 18.62947256434593, "a_mp_3": -14.805812332694721, "a_mp_4": -30.90471186338697, "a_pm_0": -22.264463786914767, "a_pm_1": -25.336089316508406, "a_pm_2": 2.9332285658180908, "a_pm_3": -2.687234948463022, "a_pm_4": -3.319835722039528, "a_pp_1": 19.079123908177714, "a_pp_2": -23.445320718505293, "a_pp_3": -2.4311934676601368, "a_pp_4": -16.23503432714658}, "datetime": {"datetime": "2024-07-10 12:31:06", "elapsed": 7098.73905, "delta": 190.155346}}
{"target": -38135.00874251293, "params": {"a_c_1": 14.74500354975893, "a_c_2": 3.61402247486184, "a_mm_0": 9.726376261089726, "a_mm_1": -23.400576939993403, "a_mm_2": 1.5367702057506563, "a_mm_3": -27.391584603328717, "a_mm_4": 5.6536487016213, "a_mp_0": -8.885504980652325, "a_mp_1": -25.78875502704577, "a_mp_2": 4.549567711436758, "a_mp_3": -33.007443141442174, "a_mp_4": 2.781913959622763, "a_pm_0": 5.91518113826961, "a_pm_1": -7.761092133467571, "a_pm_2": -8.00735394700316, "a_pm_3": 5.552767552968184, "a_pm_4": -6.028409336339969, "a_pp_1": -35.52221410725367, "a_pp_2": -35.57121504577178, "a_pp_3": 17.36104530817942, "a_pp_4": -10.403506499543802}, "datetime": {"datetime": "2024-07-10 12:34:19", "elapsed": 7291.553182, "delta": 192.814132}}
{"target": -69661.83087604944, "params": {"a_c_1": 13.28540118325064, "a_c_2": 3.6462935308209476, "a_mm_0": -18.5490808139274, "a_mm_1": 1.0994102423121177, "a_mm_2": -21.353068352825723, "a_mm_3": -33.92153774868972, "a_mm_4": -20.1626944819703, "a_mp_0": -32.89161826249076, "a_mp_1": 18.55992705781796, "a_mp_2": 10.947334217470988, "a_mp_3": -1.8012536890801698, "a_mp_4": -35.65780583843658, "a_pm_0": -13.707606291004065, "a_pm_1": 13.657454979833169, "a_pm_2": -3.044655710311126, "a_pm_3": -16.437061328526003, "a_pm_4": -17.626442023548044, "a_pp_1": -29.43554750854352, "a_pp_2": -39.81724105211602, "a_pp_3": -7.683674851189892, "a_pp_4": 0.01825726333952815}, "datetime": {"datetime": "2024-07-10 12:37:35", "elapsed": 7487.564842, "delta": 196.01166}}
{"target": -74383.21203077625, "params": {"a_c_1": 4.137965104440189, "a_c_2": 5.860836015297796, "a_mm_0": -15.515907349773595, "a_mm_1": -33.08987417283069, "a_mm_2": -8.054512670776273, "a_mm_3": 9.774945293683587, "a_mm_4": -3.8293948785834218, "a_mp_0": -16.22580077581707, "a_mp_1": -38.59414884724768, "a_mp_2": -24.645080752821343, "a_mp_3": -3.7233649300374836, "a_mp_4": 1.2064980244442154, "a_pm_0": -20.2977238300563, "a_pm_1": -27.89029826163633, "a_pm_2": 6.193110310506896, "a_pm_3": -34.5450412007539, "a_pm_4": -15.032364726844712, "a_pp_1": -3.053333629769085, "a_pp_2": -9.574557967162747, "a_pp_3": -36.71753242825249, "a_pp_4": -27.52526492683313}, "datetime": {"datetime": "2024-07-10 12:41:54", "elapsed": 7746.668923, "delta": 259.104081}}
{"target": -44679.79229037936, "params": {"a_c_1": 3.4709697483337365, "a_c_2": 5.116116991987627, "a_mm_0": -27.659371618411956, "a_mm_1": 4.970787178411122, "a_mm_2": -34.880741146607825, "a_mm_3": -16.30885909511995, "a_mm_4": 12.957157295961224, "a_mp_0": 17.089237698246073, "a_mp_1": -21.291464122110906, "a_mp_2": -27.679977086561557, "a_mp_3": -38.7656617937111, "a_mp_4": 1.951630097741564, "a_pm_0": -35.64639784245608, "a_pm_1": 19.8359042843545, "a_pm_2": -21.994707468510924, "a_pm_3": 17.76047273045623, "a_pm_4": 3.4229962125795126, "a_pp_1": -15.253871579648354, "a_pp_2": -20.70748166752192, "a_pp_3": 0.25978589569321997, "a_pp_4": 15.833685523921744}, "datetime": {"datetime": "2024-07-10 12:44:18", "elapsed": 7890.502925, "delta": 143.834002}}
{"target": -143306.971780959, "params": {"a_c_1": 5.341209259731567, "a_c_2": 6.451178105281693, "a_mm_0": -13.966368965943879, "a_mm_1": -37.684109441668866, "a_mm_2": -36.93304651798234, "a_mm_3": -37.26925321002286, "a_mm_4": -37.22614143682468, "a_mp_0": -21.579455802987056, "a_mp_1": 7.85192414486167, "a_mp_2": 16.630252421974653, "a_mp_3": -15.342609950550806, "a_mp_4": 6.517998115047078, "a_pm_0": 13.240207666163684, "a_pm_1": -24.609707692371586, "a_pm_2": -2.3505114590920755, "a_pm_3": 17.227280163153104, "a_pm_4": -5.453329819980468, "a_pp_1": 3.363773533569052, "a_pp_2": -32.903797056612916, "a_pp_3": -15.574407639795457, "a_pp_4": -18.580685194219996}, "datetime": {"datetime": "2024-07-10 12:46:15", "elapsed": 8006.919989, "delta": 116.417064}}
{"target": -16465.463739705665, "params": {"a_c_1": 15.612941285533058, "a_c_2": 1.373293531045362, "a_mm_0": 6.003378495252676, "a_mm_1": -7.097947388916985, "a_mm_2": -1.5787609864563095, "a_mm_3": 15.913977359228177, "a_mm_4": 6.017146118358923, "a_mp_0": -7.800817223118699, "a_mp_1": -23.598668352254567, "a_mp_2": -16.57841701399228, "a_mp_3": -26.06429488060879, "a_mp_4": -24.445686683972006, "a_pm_0": -1.088505806087646, "a_pm_1": -17.18781190768341, "a_pm_2": 18.300680226089284, "a_pm_3": -26.487810921217065, "a_pm_4": 2.5229726813736164, "a_pp_1": -23.777636507716775, "a_pp_2": 12.63019035801652, "a_pp_3": -9.302559626966218, "a_pp_4": 13.27335648156371}, "datetime": {"datetime": "2024-07-10 12:49:25", "elapsed": 8197.517536, "delta": 190.597547}}
{"target": -24263.07738765116, "params": {"a_c_1": 17.775964135914247, "a_c_2": 9.94112582786971, "a_mm_0": 5.853902867425695, "a_mm_1": -2.3089478236621304, "a_mm_2": -10.969765452608105, "a_mm_3": 12.529531352529965, "a_mm_4": -10.714461604411202, "a_mp_0": 16.702363541198075, "a_mp_1": 4.890522527475241, "a_mp_2": -6.224352300296246, "a_mp_3": -24.058446838403647, "a_mp_4": -20.248289880706324, "a_pm_0": -30.681615608878435, "a_pm_1": 6.080555602369174, "a_pm_2": 0.061331612516710265, "a_pm_3": 4.599089156540892, "a_pm_4": -11.962229329535866, "a_pp_1": 17.372357722823317, "a_pp_2": -30.362114243988913, "a_pp_3": -20.989345959964517, "a_pp_4": -12.698522660265418}, "datetime": {"datetime": "2024-07-10 12:52:49", "elapsed": 8401.691459, "delta": 204.173923}}
