{"target": -666.4252563439092, "params": {"a_c_1": 0.0, "a_c_2": 10.0, "a_mm_0": 18.65151214609385, "a_mm_1": -13.059467502599444, "a_mm_2": -11.612377202437974, "a_mm_3": 10.918551126539192, "a_mm_4": 8.807767079793368, "a_mp_0": -6.37095906075858, "a_mp_1": -18.585166965020854, "a_mp_2": 11.184090422286111, "a_mp_3": 11.684886976678115, "a_mp_4": 20.0, "a_pm_0": -0.9813559167474475, "a_pm_1": 20.0, "a_pm_2": 11.505903716253316, "a_pm_3": -6.519371314778407, "a_pm_4": -17.98032927174675, "a_pp_1": -17.950593648082112, "a_pp_2": 5.900501829544724, "a_pp_3": 12.140309661906175, "a_pp_4": 20.0}, "datetime": {"datetime": "2024-07-10 15:37:05", "elapsed": 5915.037544, "delta": 636.894958}}
{"target": -2109.5860085995514, "params": {"a_c_1": 0.0, "a_c_2": 0.0, "a_mm_0": -40.0, "a_mm_1": -9.572415083031578, "a_mm_2": -4.900949712318432, "a_mm_3": -4.6799651400882105, "a_mm_4": 20.0, "a_mp_0": -40.0, "a_mp_1": -18.954806803932453, "a_mp_2": 2.4170819245152555, "a_mp_3": -0.13107143405349655, "a_mp_4": 16.45186556741073, "a_pm_0": 20.0, "a_pm_1": 20.0, "a_pm_2": -18.836130269012706, "a_pm_3": 20.0, "a_pm_4": 9.098242377478137, "a_pp_1": -30.886038027533704, "a_pp_2": 11.61442152167269, "a_pp_3": 11.610603601165108, "a_pp_4": 3.0704310587110437}, "datetime": {"datetime": "2024-07-10 15:46:26", "elapsed": 6475.916335, "delta": 560.878791}}
{"target": -42809.23382290477, "params": {"a_c_1": 10.251262194638835, "a_c_2": 0.5316966791207367, "a_mm_0": -13.719571081009338, "a_mm_1": -0.1296776704102598, "a_mm_2": 5.120844710339959, "a_mm_3": -34.9719212629353, "a_mm_4": -2.713668406581945, "a_mp_0": -2.732903960878751, "a_mp_1": -32.8435918579528, "a_mp_2": -5.07197613552416, "a_mp_3": 12.308088010546797, "a_mp_4": 12.303837615383763, "a_pm_0": -1.4166462734984648, "a_pm_1": 4.13221285304045, "a_pm_2": -1.4719177300985535, "a_pm_3": -39.47215319652839, "a_pm_4": -20.339945305156565, "a_pp_1": -36.39610625975943, "a_pp_2": -30.97042513722061, "a_pp_3": -5.828657616596487, "a_pp_4": 5.926814132938389}, "datetime": {"datetime": "2024-07-10 15:50:34", "elapsed": 6724.129621, "delta": 248.213286}}
{"target": -1294.1853348475438, "params": {"a_c_1": 0.0, "a_c_2": 0.0, "a_mm_0": 20.0, "a_mm_1": 13.733969883153673, "a_mm_2": 5.466330187857922, "a_mm_3": -20.09288598211659, "a_mm_4": -2.0918814434519377, "a_mp_0": -40.0, "a_mp_1": 20.0, "a_mp_2": -1.4855476667966376, "a_mp_3": 11.192543026299806, "a_mp_4": -12.0044640141576, "a_pm_0": 20.0, "a_pm_1": -11.26937184716016, "a_pm_2": -22.600559306238292, "a_pm_3": -0.5140136739729787, "a_pm_4": 20.0, "a_pp_1": 20.0, "a_pp_2": -3.500276671528129, "a_pp_3": 3.4345320613350934, "a_pp_4": 20.0}, "datetime": {"datetime": "2024-07-10 15:57:38", "elapsed": 7148.595551, "delta": 424.46593}}
{"target": -18721.012291923056, "params": {"a_c_1": 16.899177829595406, "a_c_2": 6.335199803673702, "a_mm_0": 1.973870470967256, "a_mm_1": 12.23959542741364, "a_mm_2": -38.926358104981816, "a_mm_3": 5.614919809172072, "a_mm_4": 3.710970530940763, "a_mp_0": -9.99752497501396, "a_mp_1": -12.116503884798853, "a_mp_2": 17.25686063219961, "a_mp_3": 4.072952889400497, "a_mp_4": -9.03441069315982, "a_pm_0": -7.661901533243167, "a_pm_1": -24.09760732737366, "a_pm_2": -23.601907633752045, "a_pm_3": -3.04374845857577, "a_pm_4": -2.044732179412591, "a_pp_1": -1.6879573417779383, "a_pp_2": 0.753874555817923, "a_pp_3": 16.45424382904607, "a_pp_4": -26.01031917169121}, "datetime": {"datetime": "2024-07-10 16:01:14", "elapsed": 7363.755452, "delta": 215.159901}}
{"target": -26327.353022285904, "params": {"a_c_1": 19.257314010021187, "a_c_2": 8.204585336169208, "a_mm_0": 5.060634030990499, "a_mm_1": 12.354599698701705, "a_mm_2": 2.1721168964060027, "a_mm_3": -19.61194595946028, "a_mm_4": -26.063644452788385, "a_mp_0": -10.443751131862498, "a_mp_1": -12.207653372457422, "a_mp_2": -25.2986846387573, "a_mp_3": 18.564744720106958, "a_mp_4": -8.019435772070295, "a_pm_0": -29.709698949646715, "a_pm_1": 11.705101091564117, "a_pm_2": -39.06049019462129, "a_pm_3": -0.8022959358136035, "a_pm_4": -18.599754906589485, "a_pp_1": -25.380571566087884, "a_pp_2": 7.213131828108438, "a_pp_3": 14.603415220801303, "a_pp_4": -12.088667388228657}, "datetime": {"datetime": "2024-07-10 16:05:47", "elapsed": 7637.043777, "delta": 273.288325}}
{"target": -434.00087321118804, "params": {"a_c_1": 0.0, "a_c_2": 10.0, "a_mm_0": -6.907355445283852, "a_mm_1": -0.6587070636562724, "a_mm_2": -5.026812856279388, "a_mm_3": -6.535442069437194, "a_mm_4": 0.6232142182174419, "a_mp_0": -11.045211730477943, "a_mp_1": -5.735229710263465, "a_mp_2": -9.666862681586034, "a_mp_3": 3.1524148202615447, "a_mp_4": 5.286624994005017, "a_pm_0": -5.978643831686413, "a_pm_1": -1.4836988683142174, "a_pm_2": -6.223840434491123, "a_pm_3": -4.018617925320383, "a_pm_4": 0.11479555521075877, "a_pp_1": -7.881944450357404, "a_pp_2": 3.1020594602493397, "a_pp_3": 10.332758091500672, "a_pp_4": 7.6218182796951375}, "datetime": {"datetime": "2024-07-10 16:10:47", "elapsed": 7937.41409, "delta": 300.370313}}
{"target": -1882.9742842692124, "params": {"a_c_1": 20.0, "a_c_2": 0.0, "a_mm_0": 20.0, "a_mm_1": -40.0, "a_mm_2": -12.582976881642661, "a_mm_3": 20.0, "a_mm_4": 20.0, "a_mp_0": -40.0, "a_mp_1": 10.148471097751479, "a_mp_2": 20.0, "a_mp_3": 20.0, "a_mp_4": -40.0, "a_pm_0": 9.843474070117107, "a_pm_1": 20.0, "a_pm_2": 4.1146398561202275, "a_pm_3": 20.0, "a_pm_4": 20.0, "a_pp_1": 20.0, "a_pp_2": 16.39272977753997, "a_pp_3": 6.130562001943823, "a_pp_4": 20.0}, "datetime": {"datetime": "2024-07-10 16:17:36", "elapsed": 8346.643196, "delta": 409.229106}}
{"target": -100.49951048539228, "params": {"a_c_1": 0.0, "a_c_2": 10.0, "a_mm_0": -9.198876728194936, "a_mm_1": -17.201946257952958, "a_mm_2": 8.011456907458847, "a_mm_3": 5.299292665869817, "a_mm_4": 11.494856992757251, "a_mp_0": -19.070442752634023, "a_mp_1": 4.088823809557078, "a_mp_2": -2.767846870245254, "a_mp_3": 20.0, "a_mp_4": -5.3469056304023965, "a_pm_0": 20.0, "a_pm_1": 12.931277211795427, "a_pm_2": -6.128812507197622, "a_pm_3": 13.511257958689123, "a_pm_4": 20.0, "a_pp_1": -6.124475405742976, "a_pp_2": 9.890522089890048, "a_pp_3": 20.0, "a_pp_4": 20.0}, "datetime": {"datetime": "2024-07-10 14:12:12", "elapsed": 0.0, "delta": 0.0}}
{"target": -18.481327509370395, "params": {"a_c_1": 20.0, "a_c_2": 10.0, "a_mm_0": 14.009518046731532, "a_mm_1": 10.693806355067649, "a_mm_2": 1.9559815671436154, "a_mm_3": 3.3922300140323682, "a_mm_4": -2.6933211525832434, "a_mp_0": 9.000919974796094, "a_mp_1": 10.05634675067326, "a_mp_2": -1.0556882785037884, "a_mp_3": 9.17128052101531, "a_mp_4": 6.057926644705725, "a_pm_0": -26.69889309611787, "a_pm_1": -10.460592619473278, "a_pm_2": 15.773254531053764, "a_pm_3": -9.418820000840295, "a_pm_4": 11.17516740231549, "a_pp_1": 16.025815486355935, "a_pp_2": 4.724505557495388, "a_pp_3": 20.0, "a_pp_4": 20.0}, "datetime": {"datetime": "2024-07-10 14:33:20", "elapsed": 1268.188028, "delta": 1268.188028}}
{"target": -1018.3359243299427, "params": {"a_c_1": 20.0, "a_c_2": 10.0, "a_mm_0": -21.02053128246188, "a_mm_1": 9.740101197126936, "a_mm_2": -26.21199339739653, "a_mm_3": -36.28034977544045, "a_mm_4": 20.0, "a_mp_0": -40.0, "a_mp_1": 9.223665062593236, "a_mp_2": 0.11715852723604518, "a_mp_3": 1.1812319740810053, "a_mp_4": 20.0, "a_pm_0": 18.764791001718226, "a_pm_1": 12.213584485803029, "a_pm_2": -30.807249131139287, "a_pm_3": 20.0, "a_pm_4": 0.45688689251395026, "a_pp_1": 9.363575346982058, "a_pp_2": 20.0, "a_pp_3": 20.0, "a_pp_4": 20.0}, "datetime": {"datetime": "2024-07-10 14:43:21", "elapsed": 1869.457597, "delta": 601.269569}}
{"target": -56516.39565029375, "params": {"a_c_1": 7.24986710300918, "a_c_2": 4.491440629673905, "a_mm_0": 2.2642581310396466, "a_mm_1": 6.352397389973113, "a_mm_2": 5.590079428992247, "a_mm_3": -37.09200610316833, "a_mm_4": 2.859995573356926, "a_mp_0": 2.26213655273682, "a_mp_1": 10.491289323134957, "a_mp_2": -28.310125918734286, "a_mp_3": -5.234516205575389, "a_mp_4": 14.136495991966648, "a_pm_0": -30.432047853802995, "a_pm_1": -12.03611264276375, "a_pm_2": -31.327102604486296, "a_pm_3": -15.34403501234602, "a_pm_4": -21.43843441677573, "a_pp_1": 7.927029513429986, "a_pp_2": 2.164735229506917, "a_pp_3": -22.962029742843573, "a_pp_4": -26.871289915384395}, "datetime": {"datetime": "2024-07-10 14:46:57", "elapsed": 2084.817956, "delta": 215.360359}}
{"target": -68016.34848280901, "params": {"a_c_1": 18.197078781948512, "a_c_2": 7.533657159259393, "a_mm_0": -28.060187925893317, "a_mm_1": -24.10262298588289, "a_mm_2": 12.801576129780706, "a_mm_3": -11.915572547717819, "a_mm_4": 18.199417335693646, "a_mp_0": 17.790289864621535, "a_mp_1": -10.623863013790348, "a_mp_2": -8.686270379274902, "a_mp_3": 17.000087399799305, "a_mp_4": 17.629711889651404, "a_pm_0": -1.5963252191845143, "a_pm_1": -36.309114839850565, "a_pm_2": -32.004336904711074, "a_pm_3": -36.34047252785762, "a_pm_4": -5.268098293139772, "a_pp_1": -9.177366764912492, "a_pp_2": 2.374637017506984, "a_pp_3": -35.466954519162606, "a_pp_4": -14.265413227665348}, "datetime": {"datetime": "2024-07-10 14:50:38", "elapsed": 2306.28263, "delta": 221.464674}}
{"target": -185.50344107382207, "params": {"a_c_1": 20.0, "a_c_2": 10.0, "a_mm_0": -9.36359622028935, "a_mm_1": 10.388436478337608, "a_mm_2": 15.368993444659019, "a_mm_3": -1.7872419184282342, "a_mm_4": 6.605311053894315, "a_mp_0": -6.996834928189236, "a_mp_1": -3.200767675028963, "a_mp_2": -6.268418405109908, "a_mp_3": -8.006897193649271, "a_mp_4": -6.316151140163146, "a_pm_0": 9.042990693873525, "a_pm_1": -5.35629550523705, "a_pm_2": -2.230991674617283, "a_pm_3": 8.445650752436134, "a_pm_4": 20.0, "a_pp_1": -15.20842093192537, "a_pp_2": -6.890434260324809, "a_pp_3": -0.7727155442813322, "a_pp_4": 13.07884486168457}, "datetime": {"datetime": "2024-07-10 15:02:37", "elapsed": 3025.009315, "delta": 718.726685}}
{"target": -503.11345736609127, "params": {"a_c_1": 0.0, "a_c_2": 0.0, "a_mm_0": -20.57811523146524, "a_mm_1": -19.109892269362522, "a_mm_2": -6.370288109065163, "a_mm_3": 3.263168182947319, "a_mm_4": -9.820200225580018, "a_mp_0": -33.5349598941202, "a_mp_1": -6.979525239605454, "a_mp_2": -3.2578157364484253, "a_mp_3": 20.0, "a_mp_4": 9.275269528433093, "a_pm_0": -14.405512769066567, "a_pm_1": -10.353969822275833, "a_pm_2": -10.05321198524038, "a_pm_3": -8.715401706397651, "a_pm_4": 3.867297928367169, "a_pp_1": 20.0, "a_pp_2": 17.988823232642165, "a_pp_3": 20.0, "a_pp_4": 20.0}, "datetime": {"datetime": "2024-07-10 15:14:39", "elapsed": 3746.646989, "delta": 721.637674}}
{"target": -82097.52057408236, "params": {"a_c_1": 5.809231305808575, "a_c_2": 2.373095891965872, "a_mm_0": -2.2492528734167507, "a_mm_1": -15.833262816482954, "a_mm_2": 15.812253776292366, "a_mm_3": -15.161416780812647, "a_mm_4": -32.3787596754303, "a_mp_0": -37.244939743665576, "a_mp_1": -37.15843570383333, "a_mp_2": 4.152338728470518, "a_mp_3": -31.429771500377797, "a_mp_4": -35.6860560510343, "a_pm_0": -24.754415997856718, "a_pm_1": -29.061302345299115, "a_pm_2": -30.047456175932904, "a_pm_3": 2.078434930877542, "a_pm_4": 14.930719990607074, "a_pp_1": 17.42656454239488, "a_pp_2": -10.017413463793922, "a_pp_3": 7.5960856734294495, "a_pp_4": 0.7665023294114377}, "datetime": {"datetime": "2024-07-10 15:17:48", "elapsed": 3935.964082, "delta": 189.317093}}
{"target": -457.0559157967253, "params": {"a_c_1": 0.0, "a_c_2": 10.0, "a_mm_0": 18.53075702578371, "a_mm_1": -9.752417408428238, "a_mm_2": -13.898441515068818, "a_mm_3": 4.798576579680029, "a_mm_4": 8.201061474994729, "a_mp_0": -7.1271552133683995, "a_mp_1": -13.55149653550621, "a_mp_2": 7.51244438526166, "a_mp_3": 9.560383336273441, "a_mp_4": 20.0, "a_pm_0": -2.995926215790497, "a_pm_1": 20.0, "a_pm_2": 9.475873917150398, "a_pm_3": -6.3216729332601265, "a_pm_4": -18.57222887604192, "a_pp_1": -12.825465798904967, "a_pp_2": 6.120567991343498, "a_pp_3": 16.60330554838048, "a_pp_4": 20.0}, "datetime": {"datetime": "2024-07-10 15:25:08", "elapsed": 4376.269193, "delta": 440.305111}}
{"target": -29557.999633104813, "params": {"a_c_1": 14.41458254194302, "a_c_2": 9.190512786513876, "a_mm_0": -5.0111614621663705, "a_mm_1": 13.25871197575971, "a_mm_2": 1.0127950644969133, "a_mm_3": -11.955330727607286, "a_mm_4": -30.45036828178894, "a_mp_0": -8.561663788614688, "a_mp_1": 0.9070050064691841, "a_mp_2": 1.4112107684059936, "a_mp_3": 16.011949811542166, "a_mp_4": 1.6444605002986563, "a_pm_0": 8.307017809768766, "a_pm_1": -14.662727354682922, "a_pm_2": -2.9326353888032983, "a_pm_3": -13.39002512610643, "a_pm_4": -27.52091059013753, "a_pp_1": -3.0826351396547125, "a_pp_2": -19.01887410485933, "a_pp_3": -24.564465993506808, "a_pp_4": 5.097875159488552}, "datetime": {"datetime": "2024-07-10 15:28:53", "elapsed": 4600.937552, "delta": 224.668359}}
{"target": -41820.79384926212, "params": {"a_c_1": 19.62521703752796, "a_c_2": 7.929632651033418, "a_mm_0": 4.857437811823253, "a_mm_1": 3.3594733308762983, "a_mm_2": -25.87850202148176, "a_mm_3": 2.6176780016773336, "a_mm_4": -28.39347787342529, "a_mp_0": 1.1284754870791005, "a_mp_1": -30.417641745145026, "a_mp_2": 18.80099996939493, "a_mp_3": -0.700899639008, "a_mp_4": -33.0965278179657, "a_pm_0": 5.105400757934547, "a_pm_1": 16.67945387353791, "a_pm_2": -32.461087540600026, "a_pm_3": -0.5814538027318221, "a_pm_4": -34.64483134933696, "a_pp_1": -17.37380885600801, "a_pp_2": 18.675477079710788, "a_pp_3": 1.1108146292522179, "a_pp_4": -3.4328069204622977}, "datetime": {"datetime": "2024-07-10 15:33:02", "elapsed": 4850.014286, "delta": 249.076734}}
{"target": -67458.04870509106, "params": {"a_c_1": 10.072089178734544, "a_c_2": 4.154197040226003, "a_mm_0": -19.505142953722725, "a_mm_1": -8.341392361768637, "a_mm_2": -29.40926959570939, "a_mm_3": 3.952262174863158, "a_mm_4": 10.379274633252237, "a_mp_0": -28.198957001498137, "a_mp_1": 5.01720881167072, "a_mp_2": 2.0193793155290933, "a_mp_3": -34.48883057797555, "a_mp_4": -20.775811720041407, "a_pm_0": 12.702711138085085, "a_pm_1": -29.70245123868578, "a_pm_2": -9.97565996072045, "a_pm_3": -39.34439385935686, "a_pm_4": 10.32044090218924, "a_pp_1": -4.944629905460502, "a_pp_2": -36.212382884030646, "a_pp_3": -25.39575982938743, "a_pp_4": 0.9681619218012045}, "datetime": {"datetime": "2024-07-10 15:35:49", "elapsed": 5016.822891, "delta": 166.808605}}
{"target": -2538.252189479272, "params": {"a_c_1": 0.0, "a_c_2": 0.0, "a_mm_0": -40.0, "a_mm_1": -17.214798079559458, "a_mm_2": 1.2253248262978436, "a_mm_3": -11.320592793944627, "a_mm_4": 20.0, "a_mp_0": -40.0, "a_mp_1": -23.454561195387146, "a_mp_2": -9.776608825335261, "a_mp_3": -4.870487417751535, "a_mp_4": 12.372655020373317, "a_pm_0": 20.0, "a_pm_1": 20.0, "a_pm_2": -8.47266274910527, "a_pm_3": 20.0, "a_pm_4": 7.569373551716114, "a_pp_1": -26.629493653744973, "a_pp_2": 18.161243796922765, "a_pp_3": 16.725608555196523, "a_pp_4": 1.1918092295654277}, "datetime": {"datetime": "2024-07-10 15:44:35", "elapsed": 5543.121727, "delta": 526.298836}}
{"target": -49902.716521957605, "params": {"a_c_1": 0.8497897985264036, "a_c_2": 3.6463860167184925, "a_mm_0": 11.73027252747329, "a_mm_1": 14.424955456245918, "a_mm_2": -12.953882495883878, "a_mm_3": -24.328886751142882, "a_mm_4": -16.72940136317037, "a_mp_0": -34.09027927291425, "a_mp_1": -16.4505075761828, "a_mp_2": -24.957833684386717, "a_mp_3": -16.5946271835182, "a_mp_4": -13.14864132196243, "a_pm_0": -18.94244665600377, "a_pm_1": -8.87299901144306, "a_pm_2": -10.797222105725762, "a_pm_3": 18.000837976081044, "a_pm_4": -25.122451030256915, "a_pp_1": -12.775657607289364, "a_pp_2": -36.154831166037006, "a_pp_3": -9.976181261157606, "a_pp_4": 18.734975150772797}, "datetime": {"datetime": "2024-07-10 15:47:23", "elapsed": 5711.122283, "delta": 168.000556}}
{"target": -2480.9632492870933, "params": {"a_c_1": 0.0, "a_c_2": 10.0, "a_mm_0": -28.323483072188623, "a_mm_1": -4.861098168256627, "a_mm_2": -2.480704663531685, "a_mm_3": 8.866825243018981, "a_mm_4": 20.0, "a_mp_0": -15.703189374576159, "a_mp_1": -8.618059690197223, "a_mp_2": -9.5864890989046, "a_mp_3": 9.997625681972394, "a_mp_4": -33.29401349397503, "a_pm_0": -22.044986768384042, "a_pm_1": -7.736217686170368, "a_pm_2": 16.82828116175173, "a_pm_3": 16.92645087889553, "a_pm_4": 20.0, "a_pp_1": 2.8600963838772873, "a_pp_2": 20.0, "a_pp_3": 0.8100962642713342, "a_pp_4": -3.4006888227180747}, "datetime": {"datetime": "2024-07-10 16:00:32", "elapsed": 6500.221739, "delta": 789.099456}}
{"target": -1805.1293784528273, "params": {"a_c_1": 0.0, "a_c_2": 0.0, "a_mm_0": 20.0, "a_mm_1": 0.17738740601827044, "a_mm_2": -8.95867431142554, "a_mm_3": -26.13405273731815, "a_mm_4": 15.926838003030053, "a_mp_0": -40.0, "a_mp_1": 20.0, "a_mp_2": 20.0, "a_mp_3": 20.0, "a_mp_4": -16.942122035651153, "a_pm_0": 19.331248258959143, "a_pm_1": 2.148204062696885, "a_pm_2": -27.002296834581397, "a_pm_3": 4.1592674886383785, "a_pm_4": 16.964410346655495, "a_pp_1": 8.527640240125642, "a_pp_2": 0.31549202020472933, "a_pp_3": 3.8533276664919476, "a_pp_4": 20.0}, "datetime": {"datetime": "2024-07-10 16:10:29", "elapsed": 7097.22595, "delta": 597.004211}}
{"target": -52915.655142040145, "params": {"a_c_1": 3.965149508309598, "a_c_2": 4.626608796593137, "a_mm_0": 14.841185392370186, "a_mm_1": -39.602566769442745, "a_mm_2": -6.243523809895244, "a_mm_3": -17.557679135798764, "a_mm_4": -0.22391445784002428, "a_mp_0": -16.502100511721224, "a_mp_1": -13.08778972304506, "a_mp_2": -39.91376884150603, "a_mp_3": 8.537405555589281, "a_mp_4": 16.50318868737846, "a_pm_0": -37.23184735090287, "a_pm_1": -17.139346093309562, "a_pm_2": 3.765362231768563, "a_pm_3": -36.644187491452115, "a_pm_4": -28.57736376544855, "a_pp_1": -15.36818397806286, "a_pp_2": 5.6698752662743175, "a_pp_3": 8.755227885506471, "a_pp_4": -24.51928124681152}, "datetime": {"datetime": "2024-07-10 16:14:51", "elapsed": 7358.598027, "delta": 261.372077}}
{"target": -100.50798169980833, "params": {"a_c_1": 0.0, "a_c_2": 10.0, "a_mm_0": -9.201710707627347, "a_mm_1": -17.203827068468403, "a_mm_2": 8.011918243678506, "a_mm_3": 5.2983600986669765, "a_mm_4": 11.498686923445973, "a_mp_0": -19.071762209963346, "a_mp_1": 4.0888843484852835, "a_mp_2": -2.7686481714465843, "a_mp_3": 20.0, "a_mp_4": -5.348012892848704, "a_pm_0": 20.0, "a_pm_1": 12.932765007450035, "a_pm_2": -6.129834927781402, "a_pm_3": 13.515996524891216, "a_pm_4": 20.0, "a_pp_1": -6.12520988588057, "a_pp_2": 9.892263608947733, "a_pp_3": 20.0, "a_pp_4": 20.0}, "datetime": {"datetime": "2024-07-10 14:12:34", "elapsed": 0.0, "delta": 0.0}}
{"target": -61141.67246591363, "params": {"a_c_1": 5.647646156776556, "a_c_2": 6.6620793022562, "a_mm_0": -23.3113263586715, "a_mm_1": -8.457972537731923, "a_mm_2": 15.682356529711363, "a_mm_3": -28.226161271762557, "a_mm_4": -12.041166935489652, "a_mp_0": -7.670181068402755, "a_mp_1": -25.901457371129023, "a_mp_2": 3.2149514139405397, "a_mp_3": 15.26479858522162, "a_mp_4": -30.059863441816347, "a_pm_0": -7.705714440152022, "a_pm_1": -0.8986285575527475, "a_pm_2": -16.922146070930655, "a_pm_3": 6.503423298903009, "a_pm_4": -15.734847898050578, "a_pp_1": -6.827028442946691, "a_pp_2": -34.364995332520216, "a_pp_3": 1.6482238211832936, "a_pp_4": -23.42938787474533}, "datetime": {"datetime": "2024-07-10 14:17:03", "elapsed": 268.85357, "delta": 268.85357}}
{"target": -17.88736211501124, "params": {"a_c_1": 20.0, "a_c_2": 10.0, "a_mm_0": 13.978823886880111, "a_mm_1": 10.713756810489642, "a_mm_2": 1.9731399554179263, "a_mm_3": 3.3725078242975055, "a_mm_4": -2.70705519306599, "a_mp_0": 8.952163533905377, "a_mp_1": 9.997700278935024, "a_mp_2": -1.08096180262504, "a_mp_3": 9.169783632678635, "a_mp_4": 6.039450133798843, "a_pm_0": -26.59607481092028, "a_pm_1": -10.449573302086963, "a_pm_2": 15.738454982822216, "a_pm_3": -9.398387953282711, "a_pm_4": 11.172385284000013, "a_pp_1": 15.920662396891155, "a_pp_2": 4.660187643790753, "a_pp_3": 20.0, "a_pp_4": 20.0}, "datetime": {"datetime": "2024-07-10 14:37:14", "elapsed": 1479.750743, "delta": 1210.897173}}
{"target": -999.4491292187765, "params": {"a_c_1": 20.0, "a_c_2": 10.0, "a_mm_0": -20.990423961915344, "a_mm_1": 9.656293412477185, "a_mm_2": -26.24767570065481, "a_mm_3": -36.22701267410195, "a_mm_4": 20.0, "a_mp_0": -40.0, "a_mp_1": 9.148708615949449, "a_mp_2": 0.2529581748217673, "a_mp_3": 1.2850019391838818, "a_mp_4": 20.0, "a_pm_0": 18.69452049199576, "a_pm_1": 12.305226422099992, "a_pm_2": -30.766945199349024, "a_pm_3": 20.0, "a_pm_4": 0.3014200482332758, "a_pp_1": 9.215584174177083, "a_pp_2": 20.0, "a_pp_3": 20.0, "a_pp_4": 20.0}, "datetime": {"datetime": "2024-07-10 14:47:02", "elapsed": 2068.093544, "delta": 588.342801}}
{"target": -192.52625311261244, "params": {"a_c_1": 20.0, "a_c_2": 10.0, "a_mm_0": -9.31715880045834, "a_mm_1": 10.619314845917451, "a_mm_2": 15.385448122560131, "a_mm_3": -1.6068772586852675, "a_mm_4": 6.671678013931774, "a_mp_0": -6.8453532657362945, "a_mp_1": -3.0912715761173364, "a_mp_2": -6.466916850915808, "a_mp_3": -8.05936436148226, "a_mp_4": -6.302916428525371, "a_pm_0": 9.015656732770696, "a_pm_1": -5.2650588327657895, "a_pm_2": -2.075330820534505, "a_pm_3": 8.528702148657478, "a_pm_4": 20.0, "a_pp_1": -15.31118492184439, "a_pp_2": -6.9637738324040654, "a_pp_3": -0.8887551442910986, "a_pp_4": 13.105938403425471}, "datetime": {"datetime": "2024-07-10 14:59:44", "elapsed": 2830.198185, "delta": 762.104641}}
{"target": -502.72047096769114, "params": {"a_c_1": 0.0, "a_c_2": 0.0, "a_mm_0": -20.937668142762284, "a_mm_1": -19.245859071482272, "a_mm_2": -6.169839756695974, "a_mm_3": 3.3152328994995517, "a_mm_4": -9.827344824792892, "a_mp_0": -33.52313008275261, "a_mp_1": -6.930839913025697, "a_mp_2": -3.1856514845489325, "a_mp_3": 20.0, "a_mp_4": 9.01212146388413, "a_pm_0": -14.517484054417215, "a_pm_1": -10.622831086652832, "a_pm_2": -9.975678450346038, "a_pm_3": -8.61172526591063, "a_pm_4": 4.0929704235617645, "a_pp_1": 20.0, "a_pp_2": 17.890415358489587, "a_pp_3": 20.0, "a_pp_4": 20.0}, "datetime": {"datetime": "2024-07-10 15:11:37", "elapsed": 3542.784336, "delta": 712.586151}}
