{"target": -106.5290661962692, "params": {"a_c_1": 12.010084910823112, "a_c_2": 6.77572774868207, "a_mm_0": -17.89887117776991, "a_mm_1": -14.720132851072716, "a_mm_2": 0.292608471531266, "a_mm_3": -2.4099737350099, "a_mm_4": 11.026469566488611, "a_mp_0": -19.734636311900484, "a_mp_1": -15.50748595787799, "a_mp_2": -6.879890125963161, "a_mp_3": 14.212713083669412, "a_mp_4": 8.924889861250945, "a_pm_0": 5.7242516054143175, "a_pm_1": 4.833461522162214, "a_pm_2": -5.871626772952464, "a_pm_3": 6.5323078594159725, "a_pm_4": 13.324019072669499, "a_pp_1": 1.9266977888370072, "a_pp_2": 9.617981246499333, "a_pp_3": 18.321696536403657, "a_pp_4": 13.958120597411181}, "datetime": {"datetime": "2024-07-10 16:03:18", "elapsed": 7353.50065, "delta": 698.185123}}
{"target": -72.39243526330118, "params": {"a_c_1": 13.436191748508175, "a_c_2": 6.192500569921204, "a_mm_0": -13.725062546754469, "a_mm_1": -18.628694504426118, "a_mm_2": 4.6467846317700605, "a_mm_3": 1.4943390456128351, "a_mm_4": 7.031481879057022, "a_mp_0": -15.494519635247364, "a_mp_1": -11.673887600466797, "a_mp_2": -11.172497042727743, "a_mp_3": 18.339114085758776, "a_mp_4": 5.000675294591457, "a_pm_0": 10.204725526893585, "a_pm_1": 9.261739614595841, "a_pm_2": -1.8051241614905325, "a_pm_3": 2.3094466138124563, "a_pm_4": 17.367163856019697, "a_pp_1": -2.115269710536315, "a_pp_2": 4.72448767008182, "a_pp_3": 13.803611391474183, "a_pp_4": 18.58304311011996}, "datetime": {"datetime": "2024-07-10 16:16:06", "elapsed": 8121.611862, "delta": 768.111212}}
{"target": -528.5124072882094, "params": {"a_c_1": 0.0, "a_c_2": 0.0, "a_mm_0": 20.0, "a_mm_1": -40.0, "a_mm_2": 20.0, "a_mm_3": 20.0, "a_mm_4": 20.0, "a_mp_0": 20.0, "a_mp_1": 20.0, "a_mp_2": -32.91806824945579, "a_mp_3": -40.0, "a_mp_4": -16.085749234076758, "a_pm_0": 20.0, "a_pm_1": 20.0, "a_pm_2": -3.9284876915754436, "a_pm_3": 20.0, "a_pm_4": 20.0, "a_pp_1": 20.0, "a_pp_2": 20.0, "a_pp_3": 20.0, "a_pp_4": 20.0}, "datetime": {"datetime": "2024-07-10 16:34:26", "elapsed": 0.0, "delta": 0.0}}
{"target": -428.49673457952053, "params": {"a_c_1": 20.0, "a_c_2": 0.0, "a_mm_0": 20.0, "a_mm_1": -40.0, "a_mm_2": 20.0, "a_mm_3": 20.0, "a_mm_4": 3.0357492270159354, "a_mp_0": -40.0, "a_mp_1": -40.0, "a_mp_2": -40.0, "a_mp_3": 20.0, "a_mp_4": 20.0, "a_pm_0": 20.0, "a_pm_1": 20.0, "a_pm_2": 20.0, "a_pm_3": 20.0, "a_pm_4": 12.571020210539626, "a_pp_1": 20.0, "a_pp_2": 20.0, "a_pp_3": 20.0, "a_pp_4": 20.0}, "datetime": {"datetime": "2024-07-10 16:47:47", "elapsed": 800.622746, "delta": 800.622746}}
{"target": -303.1472691289111, "params": {"a_c_1": 20.0, "a_c_2": 10.0, "a_mm_0": 20.0, "a_mm_1": -40.0, "a_mm_2": 20.0, "a_mm_3": 20.0, "a_mm_4": 20.0, "a_mp_0": 20.0, "a_mp_1": 20.0, "a_mp_2": 20.0, "a_mp_3": -14.969077635396657, "a_mp_4": 20.0, "a_pm_0": 20.0, "a_pm_1": 20.0, "a_pm_2": -40.0, "a_pm_3": -16.51691701303594, "a_pm_4": 20.0, "a_pp_1": 20.0, "a_pp_2": 20.0, "a_pp_3": 20.0, "a_pp_4": 20.0}, "datetime": {"datetime": "2024-07-10 17:01:23", "elapsed": 1617.075375, "delta": 816.452629}}
{"target": -681.1793654356973, "params": {"a_c_1": 20.0, "a_c_2": 10.0, "a_mm_0": 20.0, "a_mm_1": 20.0, "a_mm_2": -40.0, "a_mm_3": 20.0, "a_mm_4": 20.0, "a_mp_0": -40.0, "a_mp_1": 20.0, "a_mp_2": 20.0, "a_mp_3": 20.0, "a_mp_4": -22.608956438778186, "a_pm_0": -40.0, "a_pm_1": 20.0, "a_pm_2": 0.6608410430436485, "a_pm_3": 14.214157005223049, "a_pm_4": 15.791728024017102, "a_pp_1": -40.0, "a_pp_2": 20.0, "a_pp_3": 20.0, "a_pp_4": 20.0}, "datetime": {"datetime": "2024-07-10 17:11:32", "elapsed": 2226.083554, "delta": 609.008179}}
{"target": -400.4538632927896, "params": {"a_c_1": 0.0, "a_c_2": 0.0, "a_mm_0": -40.0, "a_mm_1": 20.0, "a_mm_2": 20.0, "a_mm_3": 20.0, "a_mm_4": 20.0, "a_mp_0": -40.0, "a_mp_1": 20.0, "a_mp_2": 20.0, "a_mp_3": 20.0, "a_mp_4": 20.0, "a_pm_0": 20.0, "a_pm_1": 20.0, "a_pm_2": 20.0, "a_pm_3": 13.731719112782233, "a_pm_4": 20.0, "a_pp_1": 20.0, "a_pp_2": -40.0, "a_pp_3": 5.156213248685472, "a_pp_4": 20.0}, "datetime": {"datetime": "2024-07-10 17:25:10", "elapsed": 3044.178619, "delta": 818.095065}}
{"target": -852.1895356563356, "params": {"a_c_1": 0.0, "a_c_2": 10.0, "a_mm_0": -40.0, "a_mm_1": 20.0, "a_mm_2": 20.0, "a_mm_3": 20.0, "a_mm_4": -20.128451306972895, "a_mp_0": -40.0, "a_mp_1": 20.0, "a_mp_2": 20.0, "a_mp_3": 20.0, "a_mp_4": 20.0, "a_pm_0": 20.0, "a_pm_1": 20.0, "a_pm_2": -40.0, "a_pm_3": 1.150133551712055, "a_pm_4": 20.0, "a_pp_1": -40.0, "a_pp_2": 20.0, "a_pp_3": 20.0, "a_pp_4": 20.0}, "datetime": {"datetime": "2024-07-10 17:32:25", "elapsed": 3479.461237, "delta": 435.282618}}
{"target": -2413.4169182842006, "params": {"a_c_1": 20.0, "a_c_2": 10.0, "a_mm_0": -40.0, "a_mm_1": 20.0, "a_mm_2": -40.0, "a_mm_3": 15.210564332765873, "a_mm_4": 20.0, "a_mp_0": -40.0, "a_mp_1": 20.0, "a_mp_2": 20.0, "a_mp_3": 20.0, "a_mp_4": 20.0, "a_pm_0": -40.0, "a_pm_1": 20.0, "a_pm_2": 20.0, "a_pm_3": -1.8945255694913232, "a_pm_4": -35.816992478188155, "a_pp_1": 20.0, "a_pp_2": 20.0, "a_pp_3": 20.0, "a_pp_4": 20.0}, "datetime": {"datetime": "2024-07-10 17:39:07", "elapsed": 3881.12123, "delta": 401.659993}}
{"target": -140.57317065938827, "params": {"a_c_1": 0.0, "a_c_2": 0.0, "a_mm_0": -40.0, "a_mm_1": 20.0, "a_mm_2": 20.0, "a_mm_3": -31.226446562551693, "a_mm_4": 20.0, "a_mp_0": 20.0, "a_mp_1": 20.0, "a_mp_2": 20.0, "a_mp_3": -13.95651007713368, "a_mp_4": 20.0, "a_pm_0": 20.0, "a_pm_1": -25.589237980907818, "a_pm_2": -40.0, "a_pm_3": 20.0, "a_pm_4": 20.0, "a_pp_1": 20.0, "a_pp_2": 20.0, "a_pp_3": 20.0, "a_pp_4": 20.0}, "datetime": {"datetime": "2024-07-10 17:50:21", "elapsed": 4555.47053, "delta": 674.3493}}
{"target": -1922.5172732203657, "params": {"a_c_1": 0.0, "a_c_2": 10.0, "a_mm_0": -40.0, "a_mm_1": 20.0, "a_mm_2": 20.0, "a_mm_3": 20.0, "a_mm_4": 3.1001397567950484, "a_mp_0": 20.0, "a_mp_1": 20.0, "a_mp_2": 20.0, "a_mp_3": -31.847923174858423, "a_mp_4": 20.0, "a_pm_0": 20.0, "a_pm_1": 20.0, "a_pm_2": -2.9283507822280606, "a_pm_3": -18.42089384898563, "a_pm_4": 20.0, "a_pp_1": 20.0, "a_pp_2": -22.18690971599375, "a_pp_3": 20.0, "a_pp_4": 20.0}, "datetime": {"datetime": "2024-07-10 17:57:21", "elapsed": 4974.85631, "delta": 419.38578}}
{"target": -381.1266904834091, "params": {"a_c_1": 20.0, "a_c_2": 0.0, "a_mm_0": -40.0, "a_mm_1": 20.0, "a_mm_2": -40.0, "a_mm_3": 20.0, "a_mm_4": 20.0, "a_mp_0": 20.0, "a_mp_1": 20.0, "a_mp_2": 20.0, "a_mp_3": 20.0, "a_mp_4": 20.0, "a_pm_0": 20.0, "a_pm_1": 20.0, "a_pm_2": -40.0, "a_pm_3": -5.466898528117078, "a_pm_4": 20.0, "a_pp_1": 20.0, "a_pp_2": 20.0, "a_pp_3": 20.0, "a_pp_4": 20.0}, "datetime": {"datetime": "2024-07-10 18:10:21", "elapsed": 5754.618855, "delta": 779.762545}}
{"target": -2223.4646195053515, "params": {"a_c_1": 20.0, "a_c_2": 0.0, "a_mm_0": 20.0, "a_mm_1": -40.0, "a_mm_2": 20.0, "a_mm_3": 20.0, "a_mm_4": 20.0, "a_mp_0": -40.0, "a_mp_1": -31.87721396572495, "a_mp_2": 20.0, "a_mp_3": 20.0, "a_mp_4": 20.0, "a_pm_0": 20.0, "a_pm_1": 20.0, "a_pm_2": 20.0, "a_pm_3": 5.299136728469725, "a_pm_4": 20.0, "a_pp_1": 20.0, "a_pp_2": -37.872315755628556, "a_pp_3": 20.0, "a_pp_4": 20.0}, "datetime": {"datetime": "2024-07-10 18:23:41", "elapsed": 6554.97727, "delta": 800.358415}}
{"target": -2645.669451884676, "params": {"a_c_1": 20.0, "a_c_2": 0.0, "a_mm_0": 20.0, "a_mm_1": 20.0, "a_mm_2": -29.060991286077012, "a_mm_3": 16.69377440483307, "a_mm_4": 20.0, "a_mp_0": 20.0, "a_mp_1": 20.0, "a_mp_2": 20.0, "a_mp_3": 20.0, "a_mp_4": -40.0, "a_pm_0": 20.0, "a_pm_1": -40.0, "a_pm_2": 20.0, "a_pm_3": 20.0, "a_pm_4": 20.0, "a_pp_1": -40.0, "a_pp_2": 20.0, "a_pp_3": 20.0, "a_pp_4": 20.0}, "datetime": {"datetime": "2024-07-10 18:31:47", "elapsed": 7041.364509, "delta": 486.387239}}
{"target": -5233.543883403273, "params": {"a_c_1": 0.0, "a_c_2": 0.0, "a_mm_0": 20.0, "a_mm_1": 20.0, "a_mm_2": 20.0, "a_mm_3": 20.0, "a_mm_4": 20.0, "a_mp_0": -40.0, "a_mp_1": 20.0, "a_mp_2": 20.0, "a_mp_3": 20.0, "a_mp_4": -24.13223685698033, "a_pm_0": -40.0, "a_pm_1": 20.0, "a_pm_2": 20.0, "a_pm_3": 20.0, "a_pm_4": 20.0, "a_pp_1": 20.0, "a_pp_2": -14.079308256696224, "a_pp_3": -40.0, "a_pp_4": 20.0}, "datetime": {"datetime": "2024-07-10 18:45:00", "elapsed": 7834.214773, "delta": 792.850264}}
{"target": -3424.9457955893695, "params": {"a_c_1": 20.0, "a_c_2": 10.0, "a_mm_0": -40.0, "a_mm_1": 20.0, "a_mm_2": 20.0, "a_mm_3": 20.0, "a_mm_4": 20.0, "a_mp_0": -40.0, "a_mp_1": 20.0, "a_mp_2": 20.0, "a_mp_3": 20.0, "a_mp_4": 20.0, "a_pm_0": 20.0, "a_pm_1": 20.0, "a_pm_2": -40.0, "a_pm_3": 20.0, "a_pm_4": 20.0, "a_pp_1": 20.0, "a_pp_2": -27.899774739284638, "a_pp_3": 20.0, "a_pp_4": 20.0}, "datetime": {"datetime": "2024-07-10 18:54:03", "elapsed": 8376.655618, "delta": 542.440845}}
{"target": -3511.7805364205856, "params": {"a_c_1": 20.0, "a_c_2": 0.0, "a_mm_0": 20.0, "a_mm_1": 20.0, "a_mm_2": -40.0, "a_mm_3": 20.0, "a_mm_4": 20.0, "a_mp_0": 20.0, "a_mp_1": 20.0, "a_mp_2": 20.0, "a_mp_3": 20.0, "a_mp_4": -40.0, "a_pm_0": -40.0, "a_pm_1": 20.0, "a_pm_2": -40.0, "a_pm_3": 20.0, "a_pm_4": 20.0, "a_pp_1": 20.0, "a_pp_2": 20.0, "a_pp_3": 20.0, "a_pp_4": 20.0}, "datetime": {"datetime": "2024-07-10 18:59:45", "elapsed": 8719.518276, "delta": 342.862658}}
{"target": -4141.8940132194575, "params": {"a_c_1": 0.0, "a_c_2": 10.0, "a_mm_0": 20.0, "a_mm_1": 20.0, "a_mm_2": 20.0, "a_mm_3": 9.017120729558512, "a_mm_4": -8.319837151540893, "a_mp_0": 20.0, "a_mp_1": 20.0, "a_mp_2": -40.0, "a_mp_3": -18.214934139484825, "a_mp_4": -29.492348407906032, "a_pm_0": 2.8749325778347443, "a_pm_1": -40.0, "a_pm_2": 20.0, "a_pm_3": 8.87500741599921, "a_pm_4": 20.0, "a_pp_1": 20.0, "a_pp_2": 20.0, "a_pp_3": -2.4746744158889817, "a_pp_4": 20.0}, "datetime": {"datetime": "2024-07-10 19:04:07", "elapsed": 8981.445401, "delta": 261.927125}}
{"target": -1357.8578615379374, "params": {"a_c_1": 0.0, "a_c_2": 10.0, "a_mm_0": -40.0, "a_mm_1": 20.0, "a_mm_2": -39.31544533357032, "a_mm_3": 20.0, "a_mm_4": 20.0, "a_mp_0": -40.0, "a_mp_1": 20.0, "a_mp_2": -40.0, "a_mp_3": 20.0, "a_mp_4": 20.0, "a_pm_0": 20.0, "a_pm_1": 20.0, "a_pm_2": 20.0, "a_pm_3": -11.1962262403188, "a_pm_4": 20.0, "a_pp_1": 20.0, "a_pp_2": 20.0, "a_pp_3": 20.0, "a_pp_4": 3.9147737985524813}, "datetime": {"datetime": "2024-07-10 19:14:06", "elapsed": 9580.509401, "delta": 599.064}}
{"target": -1673.8680933442974, "params": {"a_c_1": 0.0, "a_c_2": 10.0, "a_mm_0": -40.0, "a_mm_1": -40.0, "a_mm_2": 20.0, "a_mm_3": 20.0, "a_mm_4": 20.0, "a_mp_0": 20.0, "a_mp_1": 20.0, "a_mp_2": 20.0, "a_mp_3": -40.0, "a_mp_4": -3.2628814566732314, "a_pm_0": 20.0, "a_pm_1": -7.814713500886928, "a_pm_2": -33.76657027287997, "a_pm_3": 20.0, "a_pm_4": 20.0, "a_pp_1": -40.0, "a_pp_2": 20.0, "a_pp_3": 20.0, "a_pp_4": 20.0}, "datetime": {"datetime": "2024-07-10 19:30:52", "elapsed": 10585.603976, "delta": 1005.094575}}
{"target": -1632.805539665189, "params": {"a_c_1": 20.0, "a_c_2": 10.0, "a_mm_0": 20.0, "a_mm_1": -40.0, "a_mm_2": 20.0, "a_mm_3": 20.0, "a_mm_4": -12.826897309523694, "a_mp_0": 20.0, "a_mp_1": -33.55915299997244, "a_mp_2": -9.915947045448727, "a_mp_3": -30.262147298393163, "a_mp_4": 20.0, "a_pm_0": 20.0, "a_pm_1": 20.0, "a_pm_2": 20.0, "a_pm_3": 2.9984742364260044, "a_pm_4": -10.440286080562379, "a_pp_1": 20.0, "a_pp_2": 20.0, "a_pp_3": 20.0, "a_pp_4": 20.0}, "datetime": {"datetime": "2024-07-10 19:36:54", "elapsed": 10947.732741, "delta": 362.128765}}
{"target": -315.3291515618022, "params": {"a_c_1": 0.0, "a_c_2": 0.0, "a_mm_0": -40.0, "a_mm_1": 20.0, "a_mm_2": 20.0, "a_mm_3": 20.0, "a_mm_4": 20.0, "a_mp_0": 20.0, "a_mp_1": 20.0, "a_mp_2": -40.0, "a_mp_3": -13.8017575017102, "a_mp_4": 20.0, "a_pm_0": 20.0, "a_pm_1": 20.0, "a_pm_2": 20.0, "a_pm_3": -9.594103869840113, "a_pm_4": 20.0, "a_pp_1": 20.0, "a_pp_2": 20.0, "a_pp_3": 20.0, "a_pp_4": -13.35535755026826}, "datetime": {"datetime": "2024-07-10 19:49:24", "elapsed": 11698.44475, "delta": 750.712009}}
{"target": -248.19557556046814, "params": {"a_c_1": 0.0, "a_c_2": 0.0, "a_mm_0": -40.0, "a_mm_1": 20.0, "a_mm_2": 20.0, "a_mm_3": 20.0, "a_mm_4": 20.0, "a_mp_0": -40.0, "a_mp_1": -29.979587537875936, "a_mp_2": 20.0, "a_mp_3": 20.0, "a_mp_4": 20.0, "a_pm_0": -40.0, "a_pm_1": 20.0, "a_pm_2": 20.0, "a_pm_3": 20.0, "a_pm_4": 20.0, "a_pp_1": 20.0, "a_pp_2": -19.544842250796833, "a_pp_3": -3.786726158934231, "a_pp_4": -2.1995499920069803}, "datetime": {"datetime": "2024-07-10 20:00:53", "elapsed": 12387.469151, "delta": 689.024401}}
{"target": -483.737862612315, "params": {"a_c_1": 20.0, "a_c_2": 0.0, "a_mm_0": 20.0, "a_mm_1": 20.0, "a_mm_2": 20.0, "a_mm_3": 20.0, "a_mm_4": 20.0, "a_mp_0": -40.0, "a_mp_1": -40.0, "a_mp_2": -40.0, "a_mp_3": 20.0, "a_mp_4": 20.0, "a_pm_0": -40.0, "a_pm_1": 20.0, "a_pm_2": 20.0, "a_pm_3": 20.0, "a_pm_4": -13.820658746620625, "a_pp_1": 20.0, "a_pp_2": 20.0, "a_pp_3": 20.0, "a_pp_4": 20.0}, "datetime": {"datetime": "2024-07-10 20:14:32", "elapsed": 13206.269916, "delta": 818.800765}}
{"target": -4657.3291139476, "params": {"a_c_1": 20.0, "a_c_2": 10.0, "a_mm_0": 20.0, "a_mm_1": 20.0, "a_mm_2": -40.0, "a_mm_3": 20.0, "a_mm_4": 20.0, "a_mp_0": 20.0, "a_mp_1": 20.0, "a_mp_2": 20.0, "a_mp_3": 20.0, "a_mp_4": -40.0, "a_pm_0": 20.0, "a_pm_1": 20.0, "a_pm_2": -40.0, "a_pm_3": 20.0, "a_pm_4": 20.0, "a_pp_1": -40.0, "a_pp_2": 20.0, "a_pp_3": 20.0, "a_pp_4": 20.0}, "datetime": {"datetime": "2024-07-10 20:23:55", "elapsed": 13769.054546, "delta": 562.78463}}
{"target": -795.9934647153158, "params": {"a_c_1": 20.0, "a_c_2": 0.0, "a_mm_0": 20.0, "a_mm_1": -40.0, "a_mm_2": -36.01346272677225, "a_mm_3": 20.0, "a_mm_4": 20.0, "a_mp_0": -40.0, "a_mp_1": -36.77066804579362, "a_mp_2": 20.0, "a_mp_3": 20.0, "a_mp_4": 20.0, "a_pm_0": -40.0, "a_pm_1": 20.0, "a_pm_2": 20.0, "a_pm_3": 17.643740027132807, "a_pm_4": -12.730510024394118, "a_pp_1": 20.0, "a_pp_2": 20.0, "a_pp_3": 20.0, "a_pp_4": 20.0}, "datetime": {"datetime": "2024-07-10 20:40:58", "elapsed": 14791.999392, "delta": 1022.944846}}
{"target": -1986.2727341200189, "params": {"a_c_1": 20.0, "a_c_2": 0.0, "a_mm_0": 20.0, "a_mm_1": 20.0, "a_mm_2": -40.0, "a_mm_3": 20.0, "a_mm_4": 20.0, "a_mp_0": -40.0, "a_mp_1": 20.0, "a_mp_2": -40.0, "a_mp_3": 20.0, "a_mp_4": -27.548491741471206, "a_pm_0": 20.0, "a_pm_1": 20.0, "a_pm_2": 20.0, "a_pm_3": 20.0, "a_pm_4": 20.0, "a_pp_1": 20.0, "a_pp_2": 20.0, "a_pp_3": 20.0, "a_pp_4": 20.0}, "datetime": {"datetime": "2024-07-10 20:48:23", "elapsed": 15236.696056, "delta": 444.696664}}
{"target": -896.4056681789689, "params": {"a_c_1": 20.0, "a_c_2": 0.0, "a_mm_0": 20.0, "a_mm_1": 20.0, "a_mm_2": -40.0, "a_mm_3": 20.0, "a_mm_4": 20.0, "a_mp_0": -40.0, "a_mp_1": 20.0, "a_mp_2": 20.0, "a_mp_3": 20.0, "a_mp_4": 20.0, "a_pm_0": -40.0, "a_pm_1": 20.0, "a_pm_2": 20.0, "a_pm_3": -40.0, "a_pm_4": 20.0, "a_pp_1": 20.0, "a_pp_2": 20.0, "a_pp_3": 20.0, "a_pp_4": 20.0}, "datetime": {"datetime": "2024-07-10 20:58:47", "elapsed": 15860.873556, "delta": 624.1775}}
{"target": -2475.371426676733, "params": {"a_c_1": 20.0, "a_c_2": 0.0, "a_mm_0": 20.0, "a_mm_1": 20.0, "a_mm_2": -23.253141279267066, "a_mm_3": -40.0, "a_mm_4": 20.0, "a_mp_0": -40.0, "a_mp_1": 20.0, "a_mp_2": -14.68974893324049, "a_mp_3": 20.0, "a_mp_4": 20.0, "a_pm_0": -40.0, "a_pm_1": 20.0, "a_pm_2": 20.0, "a_pm_3": 20.0, "a_pm_4": -34.424091180179666, "a_pp_1": 20.0, "a_pp_2": 20.0, "a_pp_3": 20.0, "a_pp_4": 20.0}, "datetime": {"datetime": "2024-07-10 21:07:34", "elapsed": 16387.881141, "delta": 527.007585}}
{"target": -2374.9932133460484, "params": {"a_c_1": 20.0, "a_c_2": 10.0, "a_mm_0": -40.0, "a_mm_1": 20.0, "a_mm_2": -1.732436946860482, "a_mm_3": -40.0, "a_mm_4": 20.0, "a_mp_0": 20.0, "a_mp_1": 20.0, "a_mp_2": 20.0, "a_mp_3": -6.463575895476364, "a_mp_4": 20.0, "a_pm_0": 20.0, "a_pm_1": 20.0, "a_pm_2": 20.0, "a_pm_3": 20.0, "a_pm_4": -35.88379974995246, "a_pp_1": 20.0, "a_pp_2": 20.0, "a_pp_3": 20.0, "a_pp_4": 20.0}, "datetime": {"datetime": "2024-07-10 21:13:59", "elapsed": 16773.117108, "delta": 385.235967}}
{"target": -4085.5324582633084, "params": {"a_c_1": 20.0, "a_c_2": 0.0, "a_mm_0": 20.0, "a_mm_1": 20.0, "a_mm_2": -20.807095623893364, "a_mm_3": -26.78593695784403, "a_mm_4": 20.0, "a_mp_0": 20.0, "a_mp_1": 20.0, "a_mp_2": 20.0, "a_mp_3": -27.648800474717163, "a_mp_4": -7.655245009859821, "a_pm_0": -8.11780915118023, "a_pm_1": 20.0, "a_pm_2": -23.801641531635198, "a_pm_3": 20.0, "a_pm_4": -18.612249007522205, "a_pp_1": 20.0, "a_pp_2": 20.0, "a_pp_3": 20.0, "a_pp_4": 20.0}, "datetime": {"datetime": "2024-07-10 21:21:03", "elapsed": 17197.345168, "delta": 424.22806}}
{"target": -189.73481626379862, "params": {"a_c_1": 20.0, "a_c_2": 0.0, "a_mm_0": -40.0, "a_mm_1": -40.0, "a_mm_2": 20.0, "a_mm_3": 20.0, "a_mm_4": 20.0, "a_mp_0": 20.0, "a_mp_1": 20.0, "a_mp_2": 20.0, "a_mp_3": 20.0, "a_mp_4": 20.0, "a_pm_0": -40.0, "a_pm_1": 20.0, "a_pm_2": 20.0, "a_pm_3": -33.316026201235395, "a_pm_4": 20.0, "a_pp_1": 20.0, "a_pp_2": 20.0, "a_pp_3": 20.0, "a_pp_4": 20.0}, "datetime": {"datetime": "2024-07-10 21:35:12", "elapsed": 18045.901838, "delta": 848.55667}}
{"target": -2838.5228326459824, "params": {"a_c_1": 20.0, "a_c_2": 0.0, "a_mm_0": -40.0, "a_mm_1": -40.0, "a_mm_2": 20.0, "a_mm_3": 20.0, "a_mm_4": 20.0, "a_mp_0": -40.0, "a_mp_1": -40.0, "a_mp_2": 20.0, "a_mp_3": 20.0, "a_mp_4": 20.0, "a_pm_0": -40.0, "a_pm_1": -40.0, "a_pm_2": 20.0, "a_pm_3": 2.7966811388674735, "a_pm_4": 20.0, "a_pp_1": 20.0, "a_pp_2": 20.0, "a_pp_3": 20.0, "a_pp_4": 7.577634700013058}, "datetime": {"datetime": "2024-07-10 21:54:32", "elapsed": 19206.142079, "delta": 1160.240241}}
{"target": -375.23905904445826, "params": {"a_c_1": 0.0, "a_c_2": 0.0, "a_mm_0": 20.0, "a_mm_1": -40.0, "a_mm_2": 20.0, "a_mm_3": 20.0, "a_mm_4": 20.0, "a_mp_0": -40.0, "a_mp_1": 20.0, "a_mp_2": 20.0, "a_mp_3": 20.0, "a_mp_4": 20.0, "a_pm_0": 20.0, "a_pm_1": 20.0, "a_pm_2": -26.71887497870267, "a_pm_3": -26.987615933935068, "a_pm_4": 20.0, "a_pp_1": -40.0, "a_pp_2": 20.0, "a_pp_3": 20.0, "a_pp_4": 20.0}, "datetime": {"datetime": "2024-07-10 22:11:01", "elapsed": 20195.192623, "delta": 989.050544}}
{"target": -260.6269571248636, "params": {"a_c_1": 20.0, "a_c_2": 10.0, "a_mm_0": -40.0, "a_mm_1": -40.0, "a_mm_2": 20.0, "a_mm_3": 20.0, "a_mm_4": 20.0, "a_mp_0": 20.0, "a_mp_1": -40.0, "a_mp_2": 20.0, "a_mp_3": 20.0, "a_mp_4": 20.0, "a_pm_0": 20.0, "a_pm_1": 20.0, "a_pm_2": 20.0, "a_pm_3": -8.083279344553379, "a_pm_4": -10.555937166066649, "a_pp_1": 20.0, "a_pp_2": 20.0, "a_pp_3": 20.0, "a_pp_4": 4.049727782764607}, "datetime": {"datetime": "2024-07-10 22:28:24", "elapsed": 21237.897515, "delta": 1042.704892}}
{"target": -4157.074592391027, "params": {"a_c_1": 0.0, "a_c_2": 0.0, "a_mm_0": -40.0, "a_mm_1": 20.0, "a_mm_2": 20.0, "a_mm_3": 20.0, "a_mm_4": 20.0, "a_mp_0": 20.0, "a_mp_1": 20.0, "a_mp_2": 20.0, "a_mp_3": -4.932151370046081, "a_mp_4": -30.179359745322362, "a_pm_0": -40.0, "a_pm_1": 20.0, "a_pm_2": 20.0, "a_pm_3": 17.911048730783904, "a_pm_4": 20.0, "a_pp_1": 20.0, "a_pp_2": -27.092720468697255, "a_pp_3": -16.76329568686907, "a_pp_4": 20.0}, "datetime": {"datetime": "2024-07-10 22:38:52", "elapsed": 21866.16545, "delta": 628.267935}}
{"target": -579.2801207199957, "params": {"a_c_1": 0.0, "a_c_2": 10.0, "a_mm_0": -40.0, "a_mm_1": 20.0, "a_mm_2": 20.0, "a_mm_3": 20.0, "a_mm_4": -19.1371738845682, "a_mp_0": -40.0, "a_mp_1": 20.0, "a_mp_2": 20.0, "a_mp_3": 20.0, "a_mp_4": 20.0, "a_pm_0": -40.0, "a_pm_1": 20.0, "a_pm_2": 20.0, "a_pm_3": -40.0, "a_pm_4": 20.0, "a_pp_1": 20.0, "a_pp_2": 20.0, "a_pp_3": 20.0, "a_pp_4": 20.0}, "datetime": {"datetime": "2024-07-10 22:52:21", "elapsed": 22675.580682, "delta": 809.415232}}
{"target": -330.9353626579732, "params": {"a_c_1": 20.0, "a_c_2": 0.0, "a_mm_0": 20.0, "a_mm_1": -40.0, "a_mm_2": 20.0, "a_mm_3": 20.0, "a_mm_4": 20.0, "a_mp_0": -40.0, "a_mp_1": 20.0, "a_mp_2": 20.0, "a_mp_3": -40.0, "a_mp_4": 20.0, "a_pm_0": 20.0, "a_pm_1": 20.0, "a_pm_2": 20.0, "a_pm_3": 20.0, "a_pm_4": 20.0, "a_pp_1": -40.0, "a_pp_2": 20.0, "a_pp_3": 20.0, "a_pp_4": 20.0}, "datetime": {"datetime": "2024-07-10 23:06:11", "elapsed": 23505.52671, "delta": 829.946028}}
{"target": -605.4892654665554, "params": {"a_c_1": 0.0, "a_c_2": 10.0, "a_mm_0": -40.0, "a_mm_1": -40.0, "a_mm_2": 20.0, "a_mm_3": 20.0, "a_mm_4": 20.0, "a_mp_0": -40.0, "a_mp_1": 20.0, "a_mp_2": 20.0, "a_mp_3": 20.0, "a_mp_4": 20.0, "a_pm_0": -40.0, "a_pm_1": 20.0, "a_pm_2": 20.0, "a_pm_3": 13.628043186114333, "a_pm_4": 20.0, "a_pp_1": -40.0, "a_pp_2": 20.0, "a_pp_3": 20.0, "a_pp_4": 20.0}, "datetime": {"datetime": "2024-07-10 23:31:01", "elapsed": 24995.455595, "delta": 1489.928885}}
{"target": -5114.518092605752, "params": {"a_c_1": 0.0, "a_c_2": 0.0, "a_mm_0": -40.0, "a_mm_1": 20.0, "a_mm_2": 20.0, "a_mm_3": 20.0, "a_mm_4": -12.70501671467097, "a_mp_0": -40.0, "a_mp_1": 20.0, "a_mp_2": -40.0, "a_mp_3": 20.0, "a_mp_4": -5.264578016270984, "a_pm_0": 20.0, "a_pm_1": 20.0, "a_pm_2": -40.0, "a_pm_3": 20.0, "a_pm_4": 20.0, "a_pp_1": 20.0, "a_pp_2": 20.0, "a_pp_3": 20.0, "a_pp_4": 20.0}, "datetime": {"datetime": "2024-07-10 23:38:25", "elapsed": 25439.124726, "delta": 443.669131}}
{"target": -689.0049226647265, "params": {"a_c_1": 20.0, "a_c_2": 0.0, "a_mm_0": 20.0, "a_mm_1": -40.0, "a_mm_2": 20.0, "a_mm_3": 20.0, "a_mm_4": 20.0, "a_mp_0": 20.0, "a_mp_1": -22.76086307824399, "a_mp_2": 20.0, "a_mp_3": 20.0, "a_mp_4": -8.765338901794728, "a_pm_0": -40.0, "a_pm_1": 20.0, "a_pm_2": 20.0, "a_pm_3": 20.0, "a_pm_4": 20.0, "a_pp_1": 20.0, "a_pp_2": 20.0, "a_pp_3": 20.0, "a_pp_4": -1.8118682691465775}, "datetime": {"datetime": "2024-07-10 23:59:24", "elapsed": 26698.293622, "delta": 1259.168896}}
{"target": -573.2023427450663, "params": {"a_c_1": 20.0, "a_c_2": 0.0, "a_mm_0": -40.0, "a_mm_1": 20.0, "a_mm_2": 20.0, "a_mm_3": 20.0, "a_mm_4": 20.0, "a_mp_0": -40.0, "a_mp_1": -40.0, "a_mp_2": 20.0, "a_mp_3": 20.0, "a_mp_4": 20.0, "a_pm_0": 20.0, "a_pm_1": 20.0, "a_pm_2": 20.0, "a_pm_3": -40.0, "a_pm_4": 20.0, "a_pp_1": 20.0, "a_pp_2": 20.0, "a_pp_3": 20.0, "a_pp_4": 20.0}, "datetime": {"datetime": "2024-07-11 00:21:04", "elapsed": 27998.136191, "delta": 1299.842569}}
