{"target": -25047.359762235286, "params": {"a_c_1": 6.607834927234055, "a_c_2": 8.434941260636554, "a_mm_0": -14.293451442935595, "a_mm_1": 11.881168685812057, "a_mm_2": -0.5760745226266266, "a_mm_3": -5.137860554914589, "a_mm_4": -27.95635071789454, "a_mp_0": -8.227203371296305, "a_mp_1": 13.665945105654345, "a_mp_2": -21.700361449887037, "a_mp_3": 12.256736549663202, "a_mp_4": 14.524716371503288, "a_pm_0": -20.20932623908706, "a_pm_1": 0.9844619801938492, "a_pm_2": 13.953256973958126, "a_pm_3": -35.458187094501795, "a_pm_4": 12.715271792286224, "a_pp_1": -28.549638203891163, "a_pp_2": 10.98613460107584, "a_pp_3": 0.02712732195223566, "a_pp_4": -19.33964827299677}, "datetime": {"datetime": "2024-07-10 13:32:02", "elapsed": 12870.27809, "delta": 281.691538}}
{"target": -29793.594145097602, "params": {"a_c_1": 3.02751139985598, "a_c_2": 6.353709614884534, "a_mm_0": 10.867282622884495, "a_mm_1": 9.310962485840633, "a_mm_2": -2.3056241721605346, "a_mm_3": 17.378090585313927, "a_mm_4": -4.6046123754538115, "a_mp_0": -28.13003292112484, "a_mp_1": -14.240156643010462, "a_mp_2": -19.795240077929964, "a_mp_3": 19.51670071443686, "a_mp_4": -17.185810232964116, "a_pm_0": 19.562052419889078, "a_pm_1": -8.871744955995148, "a_pm_2": -29.66321791137247, "a_pm_3": -35.52555572491121, "a_pm_4": -17.78165837356674, "a_pp_1": -32.59486841111621, "a_pp_2": -1.9288770224895018, "a_pp_3": -15.164809256235468, "a_pp_4": 19.454937951527008}, "datetime": {"datetime": "2024-07-10 13:35:44", "elapsed": 13092.512056, "delta": 222.233966}}
{"target": -38974.45515246386, "params": {"a_c_1": 18.599112473066356, "a_c_2": 1.4923603230975002, "a_mm_0": -16.30706424779197, "a_mm_1": -12.305217342256832, "a_mm_2": -6.343074692683288, "a_mm_3": 6.821811397356107, "a_mm_4": -10.768365455594576, "a_mp_0": -14.800386879385552, "a_mp_1": -24.28001771683986, "a_mp_2": 14.648368345205505, "a_mp_3": -38.66370930803175, "a_mp_4": 9.267313893137882, "a_pm_0": -28.69189602001489, "a_pm_1": 1.1454139503528324, "a_pm_2": -18.687436639621374, "a_pm_3": 18.452757673705477, "a_pm_4": -32.6336722330348, "a_pp_1": -28.745806442965627, "a_pp_2": 13.36654852786873, "a_pp_3": -4.995621123506325, "a_pp_4": -21.44521692047322}, "datetime": {"datetime": "2024-07-10 13:39:44", "elapsed": 13332.116844, "delta": 239.604788}}
{"target": -28561.21895514551, "params": {"a_c_1": 0.015287709563760465, "a_c_2": 2.2759773832225303, "a_mm_0": -31.275781949725857, "a_mm_1": -27.793970537794564, "a_mm_2": 13.779353408240276, "a_mm_3": 12.385662696178429, "a_mm_4": 2.0173662580069873, "a_mp_0": -11.770139430867456, "a_mp_1": 9.6281601399373, "a_mp_2": -10.250416174887256, "a_mp_3": -18.190679002905686, "a_mp_4": -23.463813834348475, "a_pm_0": 15.484448812302304, "a_pm_1": -16.78064594462247, "a_pm_2": -10.427147594120786, "a_pm_3": -24.733713861134675, "a_pm_4": 13.097991130283802, "a_pp_1": -17.004192591682795, "a_pp_2": -22.145517081167483, "a_pp_3": 3.055697731685264, "a_pp_4": -28.547803409661554}, "datetime": {"datetime": "2024-07-10 13:43:18", "elapsed": 13546.488578, "delta": 214.371734}}
{"target": -58283.208741633694, "params": {"a_c_1": 2.363852586940769, "a_c_2": 8.369977822135121, "a_mm_0": 4.648155282172112, "a_mm_1": -4.56876714117297, "a_mm_2": -25.42650550210776, "a_mm_3": -2.6051712887449554, "a_mm_4": -1.6986807555296224, "a_mp_0": -20.345833353260492, "a_mp_1": -35.950639415947464, "a_mp_2": 12.832315853859605, "a_mp_3": -12.402596135544496, "a_mp_4": 5.83236308398579, "a_pm_0": -24.76668274343562, "a_pm_1": -4.516769063948992, "a_pm_2": -14.272290379072135, "a_pm_3": -17.073961447051627, "a_pm_4": -32.397196969184634, "a_pp_1": -25.34400020746145, "a_pp_2": -35.239505022500865, "a_pp_3": -21.828501716945286, "a_pp_4": 4.50228801389332}, "datetime": {"datetime": "2024-07-10 13:45:25", "elapsed": 13673.609897, "delta": 127.121319}}
{"target": -62768.36983651585, "params": {"a_c_1": 12.300314499420978, "a_c_2": 6.724110989339258, "a_mm_0": -39.49701522849811, "a_mm_1": 0.7026183350791939, "a_mm_2": -9.809158567426778, "a_mm_3": -26.14549297094925, "a_mm_4": -29.506209461084666, "a_mp_0": -28.901022066950212, "a_mp_1": 10.65560030450591, "a_mp_2": 18.955387358305117, "a_mp_3": 14.824377490497895, "a_mp_4": -19.15783477763123, "a_pm_0": 6.813474781481823, "a_pm_1": -7.212724557914157, "a_pm_2": 8.986543853356267, "a_pm_3": -10.97638292866565, "a_pm_4": -4.602922102035777, "a_pp_1": 7.235806851455692, "a_pp_2": -33.98592141381206, "a_pp_3": -7.779572989567555, "a_pp_4": -18.040999199820746}, "datetime": {"datetime": "2024-07-10 13:49:29", "elapsed": 13917.930093, "delta": 244.320196}}
{"target": -88979.3456364192, "params": {"a_c_1": 8.34044009405148, "a_c_2": 7.203244934421581, "a_mm_0": -39.99313751095931, "a_mm_1": -21.860045642089613, "a_mm_2": -31.194646550973218, "a_mm_3": -34.45968431387213, "a_mm_4": -28.824387317339745, "a_mp_0": -19.266356377417136, "a_mp_1": -16.193951546159802, "a_mp_2": -7.6709959597985815, "a_mp_3": -14.848329135802313, "a_mp_4": 1.1131700238055728, "a_pm_0": -27.732865016108953, "a_pm_1": 12.687046183456722, "a_pm_2": -38.35674440812443, "a_pm_3": 0.22805061070413046, "a_pm_4": -14.961711857972382, "a_pp_1": -6.478610293254903, "a_pp_2": -31.576783684285974, "a_pp_3": -28.113910654907272, "a_pp_4": 8.0446741205322}, "datetime": {"datetime": "2024-07-10 10:01:05", "elapsed": 0.0, "delta": 0.0}}
{"target": -25565.823698170163, "params": {"a_c_1": 19.36523151438795, "a_c_2": 3.1342417815924284, "a_mm_0": 1.5393569401588465, "a_mm_1": 12.583349137762298, "a_mm_2": 13.67639981023084, "a_mm_3": -34.89734731781333, "a_mm_4": -37.65671300602706, "a_mp_0": -29.810174826125866, "a_mp_1": 12.688550205764791, "a_mp_2": -34.099189970016994, "a_mp_3": -14.73354249969687, "a_mp_4": 17.473371809030112, "a_pm_0": -8.010082901618976, "a_pm_1": 1.5126268370283995, "a_pm_2": -21.069062139636223, "a_pm_3": 1.1900556608950197, "a_pm_4": 10.077540313842377, "a_pp_1": -38.90270335934849, "a_pp_2": 5.008658896698051, "a_pp_3": 19.331665334389683, "a_pp_4": 4.889939262790364}, "datetime": {"datetime": "2024-07-10 10:06:45", "elapsed": 339.549009, "delta": 339.549009}}
{"target": -76496.45805637797, "params": {"a_c_1": 5.608879841288104, "a_c_2": 7.892793284514886, "a_mm_0": -33.80643960534148, "a_mm_1": -13.12638842944569, "a_mm_2": 14.515730185585731, "a_mm_3": -22.38315109757923, "a_mm_4": -22.733479684819077, "a_mp_0": -32.19828567290334, "a_mp_1": -38.837982527782174, "a_mp_2": 0.7301319763934586, "a_mp_3": -27.302313039996456, "a_mp_4": -24.06720043766643, "a_pm_0": -10.505610443179702, "a_pm_1": -36.79824729297518, "a_pm_2": -5.552943670479216, "a_pm_3": -31.19628550565139, "a_pm_4": -4.6416677858029445, "a_pp_1": 1.9855016012558693, "a_pp_2": -33.85993427033045, "a_pp_3": -15.156640730825902, "a_pp_4": 1.664009463664705}, "datetime": {"datetime": "2024-07-10 10:10:53", "elapsed": 588.146288, "delta": 248.597279}}
{"target": -19032.288346244743, "params": {"a_c_1": 8.283585390538054, "a_c_2": 0.4995345894608716, "a_mm_0": -7.846215645069307, "a_mm_1": -0.172321286812668, "a_mm_2": -9.106653276501486, "a_mm_3": 16.6756853594488, "a_mm_4": -4.806697569880427, "a_mp_0": 14.20411491727301, "a_mp_1": -31.751517751225748, "a_mp_2": -31.643419164954487, "a_mp_3": 8.443477322571425, "a_mp_4": -16.139389780867987, "a_pm_0": -30.078748172984035, "a_pm_1": 15.650514823762038, "a_pm_2": -19.134048415269607, "a_pm_3": 5.048726188169333, "a_pm_4": 3.5598791210270875, "a_pp_1": 12.998365472348588, "a_pp_2": -2.579667576663468, "a_pp_3": 5.056546041640232, "a_pp_4": -19.06609948132945}, "datetime": {"datetime": "2024-07-10 10:14:12", "elapsed": 787.380474, "delta": 199.234186}}
{"target": -36749.23820610634, "params": {"a_c_1": 5.3985578353005215, "a_c_2": 8.958862181960669, "a_mm_0": -14.314528607722306, "a_mm_1": 17.890402828903134, "a_mm_2": -0.19351013089311664, "a_mm_3": -2.698256787452692, "a_mm_4": -33.11524162279749, "a_mp_0": 16.969355522424273, "a_mp_1": -13.005271991203568, "a_mp_2": -5.296623136772091, "a_mp_3": -15.51179183432313, "a_mp_4": -25.77838118541834, "a_pm_0": 14.202771233735227, "a_pm_1": -5.579230799662852, "a_pm_2": -39.82778037813046, "a_pm_3": -2.9713051827565664, "a_pm_4": -20.40130589367423, "a_pp_1": -8.37651386454344, "a_pp_2": 13.15652595864647, "a_pp_3": -18.563814399850013, "a_pp_4": 14.512109055187949}, "datetime": {"datetime": "2024-07-10 10:18:59", "elapsed": 1073.551857, "delta": 286.171383}}
{"target": -91165.31524692973, "params": {"a_c_1": 12.467202315836055, "a_c_2": 0.15821242846556283, "a_mm_0": 15.766234024625675, "a_mm_1": 1.4538150510154395, "a_mm_2": 19.83937102708883, "a_mm_3": -29.659569499280288, "a_mm_4": -31.771855022267335, "a_mp_0": 15.955727782229815, "a_mp_1": 1.809089689394007, "a_mp_2": -36.03998963667625, "a_mp_3": 5.32778315614798, "a_mp_4": 5.232571307674782, "a_pm_0": 15.381472132789, "a_pm_1": 2.6914855177083084, "a_pm_2": -32.54374228167012, "a_pm_3": -38.80719196961226, "a_pm_4": -38.427340787336846, "a_pp_1": -38.30161071875232, "a_pp_2": -25.227335943817245, "a_pp_3": 11.601676920973283, "a_pp_4": -7.670136139500826}, "datetime": {"datetime": "2024-07-10 10:22:29", "elapsed": 1283.50644, "delta": 209.954583}}
{"target": -128855.74260563281, "params": {"a_c_1": 11.056439573715318, "a_c_2": 8.420308923596057, "a_mm_0": -32.54960109280533, "a_mm_1": -23.24897925933163, "a_mm_2": -4.854443712502729, "a_mm_3": 18.175744899180472, "a_mm_4": -6.3381868446574, "a_mp_0": -38.88116263762342, "a_mp_1": 8.037960360836976, "a_mp_2": -26.021543569538775, "a_mp_3": 8.426311737126746, "a_mp_4": -16.728361356149694, "a_pm_0": 11.812511273565718, "a_pm_1": 4.827298564231079, "a_pm_2": -6.625585960574867, "a_pm_3": -31.812686460358897, "a_pm_4": -36.4049386292673, "a_pp_1": -32.71939265555576, "a_pp_2": -37.3268872873143, "a_pp_3": -33.55035225363443, "a_pp_4": -26.45743968352872}, "datetime": {"datetime": "2024-07-10 10:25:28", "elapsed": 1463.034032, "delta": 179.527592}}
{"target": -51726.69706462053, "params": {"a_c_1": 8.719898042840075, "a_c_2": 0.25926231827891333, "a_mm_0": -7.02025132727745, "a_mm_1": -13.880656442903387, "a_mm_2": -14.777931874750657, "a_mm_3": -20.179910739767553, "a_mm_4": -27.72108195772945, "a_mp_0": -2.843742018960178, "a_mp_1": -22.02071957952861, "a_mp_2": -23.990363493828003, "a_mp_3": -2.731970033842309, "a_mp_4": -8.251474343377655, "a_pm_0": -31.925203279303986, "a_pm_1": -9.185312724055215, "a_pm_2": -28.933608061185083, "a_pm_3": 7.120108869000404, "a_pm_4": 11.238517558369324, "a_pp_1": -10.345789757084333, "a_pp_2": 10.793689121448082, "a_pp_3": -35.22127137945634, "a_pp_4": -9.68523459269776}, "datetime": {"datetime": "2024-07-10 10:30:11", "elapsed": 0.0, "delta": 0.0}}
{"target": -45778.10568275017, "params": {"a_c_1": 1.3057300877375622, "a_c_2": 4.281223275973894, "a_mm_0": -34.20814506036325, "a_mm_1": -32.370401697923356, "a_mm_2": -4.195281461284253, "a_mm_3": -26.439279963745847, "a_mm_4": -33.58325894140102, "a_mp_0": -26.781627575766418, "a_mp_1": -19.010422899802045, "a_mp_2": -11.932750925061985, "a_mp_3": -27.89540642410208, "a_mp_4": -1.5755964871051091, "a_pm_0": -11.015809866894902, "a_pm_1": -9.68579679888705, "a_pm_2": -16.786440932886443, "a_pm_3": 7.6182472664946275, "a_pm_4": -5.199749267331605, "a_pp_1": -30.26208408986117, "a_pp_2": 2.045140796429372, "a_pp_3": 17.873064805355313, "a_pp_4": -9.999498329786995}, "datetime": {"datetime": "2024-07-10 10:34:34", "elapsed": 263.032719, "delta": 263.032719}}
{"target": -23693.720393003226, "params": {"a_c_1": 17.7904012789229, "a_c_2": 3.416136526711097, "a_mm_0": -5.971352342337447, "a_mm_1": -14.347242202233396, "a_mm_2": -13.79516421839206, "a_mm_3": 6.593551099826016, "a_mm_4": -7.863749590140621, "a_mp_0": 17.224533616692, "a_mp_1": -7.347510391113872, "a_mp_2": -35.07430466349851, "a_mp_3": -18.019455899498777, "a_mp_4": 11.051030240270102, "a_pm_0": -15.623497417122952, "a_pm_1": -38.367858046309024, "a_pm_2": -25.1693656601588, "a_pm_3": -35.97133775578272, "a_pm_4": 19.63112068527637, "a_pp_1": 18.234818802630414, "a_pp_2": 8.015501067955206, "a_pp_3": -3.890972715671957, "a_pp_4": 5.897591627100894}, "datetime": {"datetime": "2024-07-10 10:37:09", "elapsed": 418.656009, "delta": 155.62329}}
{"target": -88910.4229696345, "params": {"a_c_1": 3.3845089316835586, "a_c_2": 2.930232318194398, "a_mm_0": -8.555987481978146, "a_mm_1": -18.602543132634466, "a_mm_2": -37.259262085276, "a_mm_3": 18.989206721432765, "a_mm_4": -13.518704838709198, "a_mp_0": -9.759973637250845, "a_mp_1": -20.58752094791807, "a_mp_2": -24.415314835171777, "a_mp_3": -16.786606880754256, "a_mp_4": 9.92101397807005, "a_pm_0": 4.204823377226774, "a_pm_1": -17.24736598350175, "a_pm_2": -39.21895979832696, "a_pm_3": 7.844296341955612, "a_pm_4": -23.83667214422193, "a_pp_1": -5.038906688257924, "a_pp_2": -38.46694348901843, "a_pp_3": -0.2678788439004549, "a_pp_4": -16.74859444760311}, "datetime": {"datetime": "2024-07-10 10:39:46", "elapsed": 575.739865, "delta": 157.083856}}
{"target": -16296.464775965185, "params": {"a_c_1": 9.941475974690253, "a_c_2": 4.149058373746872, "a_mm_0": -18.94768592190157, "a_mm_1": -6.941325680534845, "a_mm_2": 18.374641392489494, "a_mm_3": -33.23342708571571, "a_mm_4": -21.204488294217185, "a_mp_0": -37.492137411081394, "a_mp_1": 4.30398551725402, "a_mp_2": -0.5492567404573592, "a_mp_3": -27.121855216002782, "a_mp_4": -14.994793588279773, "a_pm_0": -1.3694839511083003, "a_pm_1": -0.31112039707351613, "a_pm_2": -29.77137199097376, "a_pm_3": 12.899134144912914, "a_pm_4": 6.680489588508095, "a_pp_1": -31.962747509698538, "a_pp_2": 12.13499758592473, "a_pp_3": 4.92667269661127, "a_pp_4": 7.91513924594485}, "datetime": {"datetime": "2024-07-10 10:43:52", "elapsed": 821.287736, "delta": 245.547871}}
{"target": -56222.28455928473, "params": {"a_c_1": 10.866904611678054, "a_c_2": 2.208379150614619, "a_mm_0": 15.10751879537603, "a_mm_1": -4.474925340017421, "a_mm_2": -19.225725432691213, "a_mm_3": -24.17328824319881, "a_mm_4": 14.834928629907921, "a_mp_0": -14.815872321590756, "a_mp_1": -7.5885090599721465, "a_mp_2": -3.493470531697021, "a_mp_3": 9.574989706049479, "a_mp_4": -2.5862089262721497, "a_pm_0": -29.397270304934437, "a_pm_1": -4.52455884078725, "a_pm_2": -10.644029980308453, "a_pm_3": -7.1255331945774, "a_pm_4": 1.971237187432891, "a_pp_1": -25.251330165752158, "a_pp_2": -28.80237126481119, "a_pp_3": -33.365011132230336, "a_pp_4": -23.55644484783678}, "datetime": {"datetime": "2024-07-10 10:47:02", "elapsed": 1010.971534, "delta": 189.683798}}
{"target": -40966.583924063016, "params": {"a_c_1": 0.2050007879918181, "a_c_2": 6.2935972282958215, "a_mm_0": -22.289661686815453, "a_mm_1": -28.762807317886136, "a_mm_2": -34.28271686435178, "a_mm_3": -22.974651552084723, "a_mm_4": -27.104536952158284, "a_mp_0": -22.86377596534586, "a_mp_1": -11.715408551819259, "a_mp_2": -7.030190734695516, "a_mp_3": 10.706786934482096, "a_mp_4": 19.310582047049863, "a_pm_0": -37.06791482623892, "a_pm_1": -26.072904913830165, "a_pm_2": -1.4013143651058897, "a_pm_3": -30.3120062264994, "a_pm_4": 12.208753602140092, "a_pp_1": -26.955854421698444, "a_pp_2": 4.505302333006938, "a_pp_3": -0.8187692061339362, "a_pp_4": 7.933130690277778}, "datetime": {"datetime": "2024-07-10 10:49:55", "elapsed": 1184.386044, "delta": 173.41451}}
{"target": -65179.36157983858, "params": {"a_c_1": 0.6249512453052319, "a_c_2": 2.2957402874434516, "a_mm_0": 2.2776499472275518, "a_mm_1": -34.74624945993263, "a_mm_2": -38.16463100834084, "a_mm_3": -18.571903978026356, "a_mm_4": -4.6130805116941715, "a_mp_0": -36.86663635695039, "a_mp_1": -36.06018002761735, "a_mp_2": -37.38992883641706, "a_mp_3": -16.290954491949773, "a_mp_4": 0.10562276096346324, "a_pm_0": -28.118373291029823, "a_pm_1": 12.575987102249542, "a_pm_2": -14.056654273309157, "a_pm_3": -2.82151217740212, "a_pm_4": -22.574395423900697, "a_pp_1": -3.0847255921434282, "a_pp_2": 17.219597742939357, "a_pp_3": -13.119117008554621, "a_pp_4": -27.577009704801146}, "datetime": {"datetime": "2024-07-10 10:52:41", "elapsed": 1350.754358, "delta": 166.368314}}
{"target": -71293.85438916458, "params": {"a_c_1": 8.50734583810773, "a_c_2": 4.445742647637577, "a_mm_0": -9.542950799682316, "a_mm_1": -8.456005011342526, "a_mm_2": -37.45424848704723, "a_mm_3": -30.1348548297928, "a_mm_4": -12.986369222957606, "a_mp_0": 2.4782702371352485, "a_mp_1": 6.6552744983320125, "a_mp_2": 6.626179968178683, "a_mp_3": -9.833274849446713, "a_mp_4": 17.404855598434857, "a_pm_0": -20.08757724760745, "a_pm_1": -11.112510259238007, "a_pm_2": 4.902439960462182, "a_pm_3": 11.470371106370834, "a_pm_4": -15.13239669202531, "a_pp_1": 10.921070856039407, "a_pp_2": -13.325743494957447, "a_pp_3": 2.944825057181255, "a_pp_4": -39.49309818527082}, "datetime": {"datetime": "2024-07-10 10:55:55", "elapsed": 1544.512603, "delta": 193.758245}}
{"target": -17151.21000212659, "params": {"a_c_1": 0.5040284734149791, "a_c_2": 9.404504935420885, "a_mm_0": -33.87172310612839, "a_mm_1": -0.28193257361753865, "a_mm_2": -23.004475370732752, "a_mm_3": -27.949459373473275, "a_mm_4": -16.699949073114453, "a_mp_0": 15.554095790509955, "a_mp_1": -5.783547414956857, "a_mp_2": 15.002876717472951, "a_mp_3": 2.1358544491834976, "a_mp_4": -9.927012898774784, "a_pm_0": -9.634789989241671, "a_pm_1": -26.870752820237634, "a_pm_2": -39.72018863589701, "a_pm_3": -14.929825359837054, "a_pm_4": -6.197433379657895, "a_pp_1": 12.593712105399625, "a_pp_2": 0.6550904136745643, "a_pp_3": 10.539982766208276, "a_pp_4": 15.569677215495197}, "datetime": {"datetime": "2024-07-10 10:59:42", "elapsed": 1771.625611, "delta": 227.113008}}
{"target": -26395.88830620165, "params": {"a_c_1": 18.822317472672445, "a_c_2": 8.16019151924394, "a_mm_0": -32.116323671233374, "a_mm_1": -19.20219910058416, "a_mm_2": -27.48985032846865, "a_mm_3": 12.042892229391406, "a_mm_4": 7.539813158375473, "a_mp_0": -19.059901558968434, "a_mp_1": -5.851568076661877, "a_mp_2": 8.307892415342096, "a_mp_3": 9.989674684038576, "a_mp_4": -27.65237938299568, "a_pm_0": 3.8408120315669336, "a_pm_1": 8.20484984956694, "a_pm_2": -37.41225781879824, "a_pm_3": -33.568755746105204, "a_pm_4": -13.894981008470342, "a_pp_1": -26.747126688355355, "a_pp_2": 12.83732396994084, "a_pp_3": 3.1812522634646783, "a_pp_4": 2.780437612818858}, "datetime": {"datetime": "2024-07-10 11:03:10", "elapsed": 1979.825452, "delta": 208.199841}}
{"target": -36879.95593915968, "params": {"a_c_1": 15.39719313985404, "a_c_2": 3.3074702616940477, "a_mm_0": -26.283384890014066, "a_mm_1": -2.4193624479384184, "a_mm_2": -15.131245028476648, "a_mm_3": 16.206864334051154, "a_mm_4": -1.4528548658324638, "a_mp_0": -16.78597941925791, "a_mp_1": 11.307179648251434, "a_mp_2": -17.152444977027518, "a_mp_3": -29.30141033333679, "a_mp_4": 6.8995655399648825, "a_pm_0": -11.667484755051916, "a_pm_1": -24.431175735743373, "a_pm_2": 1.5439547528738586, "a_pm_3": 18.829104739926706, "a_pm_4": -25.22478466193261, "a_pp_1": 7.414628155642717, "a_pp_2": 5.740114653443534, "a_pp_3": -32.79761246935516, "a_pp_4": 10.334155673540039}, "datetime": {"datetime": "2024-07-10 11:07:21", "elapsed": 2230.519305, "delta": 250.693853}}
{"target": -126929.06194703365, "params": {"a_c_1": 9.234778095130633, "a_c_2": 1.2578138255308757, "a_mm_0": -7.819391614235883, "a_mm_1": -22.20923495232226, "a_mm_2": -29.456548404596163, "a_mm_3": -35.24570975795202, "a_mm_4": -28.06605449023005, "a_mp_0": -14.224682856615175, "a_mp_1": -1.491294182270103, "a_mp_2": -34.75724927261221, "a_mp_3": 2.9438352662579135, "a_mp_4": -33.895311342197076, "a_pm_0": -29.464055745470688, "a_pm_1": 2.799293729444635, "a_pm_2": 13.115820464629351, "a_pm_3": 18.988301662584334, "a_pm_4": -0.8255829579271321, "a_pp_1": -11.335818819617476, "a_pp_2": -34.73274670690033, "a_pp_3": -6.462952318163396, "a_pp_4": -29.130986235481213}, "datetime": {"datetime": "2024-07-10 11:10:12", "elapsed": 2401.251384, "delta": 170.732079}}
{"target": -31350.592918921702, "params": {"a_c_1": 10.288041209424412, "a_c_2": 6.0893014893439155, "a_mm_0": 9.992749407356257, "a_mm_1": -20.57496506463121, "a_mm_2": 19.33172559918239, "a_mm_3": 19.697015598067594, "a_mm_4": 9.569049166387806, "a_mp_0": 1.6491527255110014, "a_mp_1": 4.020187885818601, "a_mp_2": 12.516128588279756, "a_mp_3": 17.090608900743938, "a_mp_4": 11.135775595853076, "a_pm_0": -1.5436816132681486, "a_pm_1": -35.590096917133806, "a_pm_2": -2.59691714224968, "a_pm_3": -18.807166492868888, "a_pm_4": -30.113282606542217, "a_pp_1": 13.589971194022603, "a_pp_2": 9.493428872400763, "a_pp_3": -8.401694568829999, "a_pp_4": -12.193044630785653}, "datetime": {"datetime": "2024-07-10 11:13:38", "elapsed": 2606.999336, "delta": 205.747952}}
{"target": -49438.988356000096, "params": {"a_c_1": 9.786025762542511, "a_c_2": 2.60720019719452, "a_mm_0": -15.841724612011156, "a_mm_1": -13.799807216378202, "a_mm_2": -39.0966319450978, "a_mm_3": 13.57435298472295, "a_mm_4": -38.2510409291493, "a_mp_0": -17.62642695929643, "a_mp_1": -34.24760111843367, "a_mp_2": -28.182140778997688, "a_mp_3": 16.54523674382859, "a_mp_4": -17.723729699926217, "a_pm_0": 3.7400481092886153, "a_pm_1": -32.43039348225871, "a_pm_2": -24.923024697567442, "a_pm_3": 12.874117827273892, "a_pm_4": 14.197769029340925, "a_pp_1": -22.74188450704672, "a_pp_2": 18.02678789073778, "a_pp_3": 0.08596013751145648, "a_pp_4": -9.819593587940407}, "datetime": {"datetime": "2024-07-10 11:17:14", "elapsed": 2823.319253, "delta": 216.319917}}
