{"target": -88059.82111856021, "params": {"a_c_1": 16.910356323276197, "a_c_2": 1.6113245334394066, "a_mm_0": 4.355044093559627, "a_mm_1": -5.025351044595183, "a_mm_2": 6.215600178287666, "a_mm_3": -4.000409995738842, "a_mm_4": 17.688049150770325, "a_mp_0": -17.213296634906964, "a_mp_1": -10.179378995496691, "a_mp_2": -19.699681061628205, "a_mp_3": 4.5650444910518715, "a_mp_4": -21.970247813593645, "a_pm_0": 7.927176474000092, "a_pm_1": -34.843013240211505, "a_pm_2": -25.860181740089644, "a_pm_3": -13.70986644363039, "a_pm_4": -32.43724881227593, "a_pp_1": -27.81808115273099, "a_pp_2": 10.49256451178811, "a_pp_3": -17.65405270501089, "a_pp_4": -26.879096232540615}, "datetime": {"datetime": "2024-07-10 12:21:48", "elapsed": 3122.237986, "delta": 206.056061}}
{"target": -22401.46119871666, "params": {"a_c_1": 16.922656449015307, "a_c_2": 5.753746650591522, "a_mm_0": -1.9770113625597716, "a_mm_1": 13.335712620566973, "a_mm_2": 2.837543538093094, "a_mm_3": -24.093239904931295, "a_mm_4": -39.417501500011085, "a_mp_0": -7.032192428260572, "a_mp_1": 2.451573517519776, "a_mp_2": 8.341676578401383, "a_mp_3": -28.56061994810247, "a_mp_4": -1.9471434385218558, "a_pm_0": 16.313176046563406, "a_pm_1": -24.508816945281303, "a_pm_2": -22.451172422153963, "a_pm_3": -14.461359277646476, "a_pm_4": -5.72928390425615, "a_pp_1": 19.403333199384228, "a_pp_2": -4.7080232377225855, "a_pp_3": 13.273963817778409, "a_pp_4": -0.6273232573561103}, "datetime": {"datetime": "2024-07-10 12:27:28", "elapsed": 3462.183921, "delta": 339.945935}}
{"target": -119422.72757040343, "params": {"a_c_1": 9.455577482200137, "a_c_2": 3.0554852972650535, "a_mm_0": -18.989225314198215, "a_mm_1": 6.6280575348338004, "a_mm_2": -29.349457160793182, "a_mm_3": -31.723878496233258, "a_mm_4": -27.2173021423329, "a_mp_0": 0.1348064085290801, "a_mp_1": -17.71570317907319, "a_mp_2": -27.609839285030162, "a_mp_3": -20.157735807519888, "a_mp_4": -35.102226255091686, "a_pm_0": -13.80786679181368, "a_pm_1": 8.672958951991724, "a_pm_2": -13.252452328558551, "a_pm_3": -13.16139076040442, "a_pm_4": -38.34829219133824, "a_pp_1": -23.261339675539226, "a_pp_2": -35.48977000680146, "a_pp_3": -37.13569737318405, "a_pp_4": 11.815134791066598}, "datetime": {"datetime": "2024-07-10 12:33:18", "elapsed": 3812.154416, "delta": 349.970495}}
{"target": -59134.070081015765, "params": {"a_c_1": 14.286351806243221, "a_c_2": 8.304377003762411, "a_mm_0": -32.02565221634827, "a_mm_1": -18.08281242729838, "a_mm_2": 14.793052538949077, "a_mm_3": -13.996726540743587, "a_mm_4": 15.53910878502073, "a_mp_0": 17.682084567887046, "a_mp_1": -39.603513520625526, "a_mp_2": -14.02416486919715, "a_mp_3": -5.013242269384676, "a_mp_4": -19.070345666614212, "a_pm_0": -17.438078925712233, "a_pm_1": -18.650705430532096, "a_pm_2": -26.13802748961927, "a_pm_3": -38.43776533441843, "a_pm_4": 3.871039992094545, "a_pp_1": 19.910946035770046, "a_pp_2": -37.69948419039852, "a_pp_3": 11.545893017183161, "a_pp_4": -7.3417041417727305}, "datetime": {"datetime": "2024-07-10 12:38:09", "elapsed": 4103.908384, "delta": 291.753968}}
{"target": -8767.008457758213, "params": {"a_c_1": 0.39039917646366495, "a_c_2": 0.6881640857365579, "a_mm_0": -8.473031135350585, "a_mm_1": -33.72638761347204, "a_mm_2": -22.24015434038455, "a_mm_3": -23.509935759291757, "a_mm_4": 18.236342453705674, "a_mp_0": -11.820010903709843, "a_mp_1": -22.889136143771502, "a_mp_2": 16.294525600529127, "a_mp_3": 18.003600130188786, "a_mp_4": 3.1639929701523286, "a_pm_0": -31.787258060747057, "a_pm_1": 13.393939126576711, "a_pm_2": -13.52438238671808, "a_pm_3": 7.16764269182368, "a_pm_4": 3.289323701118157, "a_pp_1": -0.8101553349676109, "a_pp_2": 6.018387957858593, "a_pp_3": 8.709815326362687, "a_pp_4": -12.300307558954398}, "datetime": {"datetime": "2024-07-10 12:43:17", "elapsed": 4411.674629, "delta": 307.766245}}
{"target": -37200.94014671667, "params": {"a_c_1": 9.692412159725908, "a_c_2": 0.9738624473422608, "a_mm_0": -17.748234012860948, "a_mm_1": 13.168057569677138, "a_mm_2": -26.78367843282919, "a_mm_3": 4.934907150767302, "a_mm_4": 8.397779909219999, "a_mp_0": -28.205930212338295, "a_mp_1": 5.876159011643317, "a_mp_2": -0.5592242351172985, "a_mp_3": 18.527552666248447, "a_mp_4": -16.702411020792777, "a_pm_0": 5.4049997733012844, "a_pm_1": 10.63721732936034, "a_pm_2": -17.25564143154753, "a_pm_3": -26.578715356083194, "a_pm_4": -17.905455890444944, "a_pp_1": -0.8302071743454462, "a_pp_2": -24.55675893128234, "a_pp_3": 11.509935961431161, "a_pp_4": -22.288511172505082}, "datetime": {"datetime": "2024-07-10 12:47:47", "elapsed": 4680.946686, "delta": 269.272057}}
{"target": -27033.371300862244, "params": {"a_c_1": 15.280693313224393, "a_c_2": 3.210437359855205, "a_mm_0": -9.740655152418046, "a_mm_1": 12.451023223139792, "a_mm_2": -10.87619961594821, "a_mm_3": -2.5486892528191802, "a_mm_4": -19.431517833173963, "a_mp_0": -11.88558983274493, "a_mp_1": -36.31515871039843, "a_mp_2": -8.814010692877208, "a_mp_3": -13.050751322212207, "a_mp_4": -22.061028312482456, "a_pm_0": -29.627373583982823, "a_pm_1": -19.56017674500831, "a_pm_2": -22.30896866147289, "a_pm_3": -18.247738250790245, "a_pm_4": 8.525243657598736, "a_pp_1": 13.735973608453591, "a_pp_2": 14.901999345354618, "a_pp_3": -14.706662740614323, "a_pp_4": 13.906850718918356}, "datetime": {"datetime": "2024-07-10 12:52:26", "elapsed": 4960.094998, "delta": 279.148312}}
{"target": -11282.161368125417, "params": {"a_c_1": 11.741551854436224, "a_c_2": 9.966110999167729, "a_mm_0": -32.544229622902975, "a_mm_1": 5.409893526660817, "a_mm_2": -4.703885805829643, "a_mm_3": -9.126038781449473, "a_mm_4": 5.492935675971211, "a_mp_0": 9.99690345304446, "a_mp_1": 9.865269664315832, "a_mp_2": -19.352863643188392, "a_mp_3": -17.159376560596442, "a_mp_4": -4.282892348209401, "a_pm_0": -37.427683290197905, "a_pm_1": 8.882316630068573, "a_pm_2": -4.838613927694787, "a_pm_3": -13.38971671104376, "a_pm_4": -1.7119075229353697, "a_pp_1": 17.32109465234248, "a_pp_2": 8.252669006232466, "a_pp_3": -0.6310184963180347, "a_pp_4": -27.54745953248193}, "datetime": {"datetime": "2024-07-10 13:00:00", "elapsed": 5414.74368, "delta": 454.648682}}
{"target": -53356.4056584662, "params": {"a_c_1": 19.434720362400007, "a_c_2": 3.8711374679552533, "a_mm_0": 14.314178519974192, "a_mm_1": -9.936722572007447, "a_mm_2": 0.34449694745184445, "a_mm_3": 13.244178332951925, "a_mm_4": -36.49685471301117, "a_mp_0": -22.31520130306161, "a_mp_1": -29.33838476318668, "a_mp_2": -37.20606257603817, "a_mp_3": -19.491503153763254, "a_mp_4": 14.924044090951611, "a_pm_0": -24.83702327483902, "a_pm_1": -33.21773088466519, "a_pm_2": 16.510696206308907, "a_pm_3": -10.401340569250184, "a_pm_4": -11.692538737828702, "a_pp_1": 1.2708053679802305, "a_pp_2": 9.025089659327968, "a_pp_3": -26.385561567269413, "a_pp_4": -27.858828734253507}, "datetime": {"datetime": "2024-07-10 13:06:01", "elapsed": 5775.552609, "delta": 360.808929}}
{"target": -84792.72765599898, "params": {"a_c_1": 8.489975615519175, "a_c_2": 8.475929486783617, "a_mm_0": 15.627284201265091, "a_mm_1": -28.57579820366561, "a_mm_2": 1.3675523614361182, "a_mm_3": -13.2478792053084, "a_mm_4": 12.68661678454258, "a_mp_0": -22.263333929615907, "a_mp_1": -23.78776909171833, "a_mp_2": -38.68408630547483, "a_mp_3": 12.281052829034564, "a_mp_4": -30.036413209830755, "a_pm_0": -23.28812812837871, "a_pm_1": -25.22012823373, "a_pm_2": 15.32313082204638, "a_pm_3": -35.10231041414475, "a_pm_4": -19.800493317375356, "a_pp_1": 0.8261018880090347, "a_pp_2": -30.06609063980357, "a_pp_3": -5.340489714837112, "a_pp_4": -14.520575211048307}, "datetime": {"datetime": "2024-07-10 13:12:39", "elapsed": 6172.953732, "delta": 397.401123}}
{"target": -77327.56341788036, "params": {"a_c_1": 0.26280163046703553, "a_c_2": 6.066028879772036, "a_mm_0": -19.184987069123164, "a_mm_1": -27.308386296432495, "a_mm_2": 18.50900172364406, "a_mm_3": 10.338932630488685, "a_mm_4": -13.077441465595015, "a_mp_0": -20.725057461839526, "a_mp_1": -39.15412695303881, "a_mp_2": 3.684190531146399, "a_mp_3": -24.020587010398643, "a_mp_4": -9.298602845589432, "a_pm_0": -2.4388557092742573, "a_pm_1": 5.17435962850341, "a_pm_2": -30.51122955482401, "a_pm_3": -34.521003306311215, "a_pm_4": 6.444028963539722, "a_pp_1": -36.91252410797048, "a_pp_2": -15.602960441930549, "a_pp_3": -37.83859029589552, "a_pp_4": -27.5326691685496}, "datetime": {"datetime": "2024-07-10 13:18:59", "elapsed": 6553.414755, "delta": 380.461023}}
{"target": -64813.35108640206, "params": {"a_c_1": 3.7879540326802763, "a_c_2": 8.399008217165376, "a_mm_0": 4.576503397137984, "a_mm_1": -25.319426764345067, "a_mm_2": -4.829914302808049, "a_mm_3": -10.324071259791094, "a_mm_4": -34.53029855196634, "a_mp_0": -18.530945590697097, "a_mp_1": 5.042059189297852, "a_mp_2": -32.273947884031564, "a_mp_3": -25.605959182121335, "a_mp_4": -18.614533492326466, "a_pm_0": -39.75869305553703, "a_pm_1": 6.40721107852341, "a_pm_2": -16.294490211478315, "a_pm_3": -1.6799978832109375, "a_pm_4": -8.437943247635172, "a_pp_1": 6.762073897608957, "a_pp_2": -0.4692889723711673, "a_pp_3": -16.074572600390418, "a_pp_4": -32.58030264900827}, "datetime": {"datetime": "2024-07-10 13:24:49", "elapsed": 6903.158513, "delta": 349.743758}}
{"target": -5227.9133715058715, "params": {"a_c_1": 8.480123327257354, "a_c_2": 0.05287650017404277, "a_mm_0": -35.31004549176646, "a_mm_1": 9.788504171836578, "a_mm_2": -8.993850033339154, "a_mm_3": 7.336693747401739, "a_mm_4": 4.34665434598876, "a_mp_0": -8.332038538620498, "a_mp_1": 3.637728557106257, "a_mp_2": 16.629374750670742, "a_mp_3": 16.905565473834585, "a_mp_4": -24.73411273514247, "a_pm_0": 14.503032783340359, "a_pm_1": -11.738457252175664, "a_pm_2": -27.49700116042031, "a_pm_3": -15.391137964324052, "a_pm_4": -4.964133008752491, "a_pp_1": 13.339961326520452, "a_pp_2": 14.202454053585924, "a_pp_3": -6.4134774855079115, "a_pp_4": 8.429689237533786}, "datetime": {"datetime": "2024-07-10 13:32:48", "elapsed": 7382.885412, "delta": 479.726899}}
{"target": -75726.25219263427, "params": {"a_c_1": 10.582307191925064, "a_c_2": 0.9507706410043781, "a_mm_0": -13.855680965787066, "a_mm_1": 1.9499822404021927, "a_mm_2": 5.272859138270036, "a_mm_3": 0.6712114615135931, "a_mm_4": -39.87370907791234, "a_mp_0": 0.9402483701732862, "a_mp_1": 18.8012748889009, "a_mp_2": -27.21976829599828, "a_mp_3": 2.793019376507658, "a_mp_4": -28.138652968069668, "a_pm_0": 5.989357371088708, "a_pm_1": 16.147817369552882, "a_pm_2": -27.507930023652907, "a_pm_3": 9.760437277362499, "a_pm_4": -22.044781879048806, "a_pp_1": 12.842299975538182, "a_pp_2": -38.093506751202746, "a_pp_3": 5.313842586080966, "a_pp_4": -27.078292023884504}, "datetime": {"datetime": "2024-07-10 13:38:08", "elapsed": 7702.735193, "delta": 319.849781}}
{"target": -73732.41725761072, "params": {"a_c_1": 7.3377388728408555, "a_c_2": 1.5770894776201927, "a_mm_0": 8.445861357034559, "a_mm_1": -27.936768415929677, "a_mm_2": -18.72526655972144, "a_mm_3": -18.0641343965515, "a_mm_4": -23.948625750011537, "a_mp_0": -26.564642762524677, "a_mp_1": 4.856607688707641, "a_mp_2": -5.357037064044675, "a_mp_3": 6.431778752506659, "a_mp_4": -30.58266625062624, "a_pm_0": -7.296133517288041, "a_pm_1": -35.21769207600334, "a_pm_2": -34.09531026763565, "a_pm_3": -14.08166425771672, "a_pm_4": -4.46500924834492, "a_pp_1": 2.9985436738014357, "a_pp_2": -5.902683948839162, "a_pp_3": -35.37695259434239, "a_pp_4": -17.38622473681695}, "datetime": {"datetime": "2024-07-10 13:43:21", "elapsed": 8015.303081, "delta": 312.567888}}
{"target": -60245.896528021985, "params": {"a_c_1": 14.758548573245282, "a_c_2": 9.505511854343068, "a_mm_0": 14.319596361022924, "a_mm_1": -10.504581790974875, "a_mm_2": 16.13156511956371, "a_mm_3": -24.91700330602969, "a_mm_4": -2.9849111548299163, "a_mp_0": 5.769122581750985, "a_mp_1": -39.8992738654454, "a_mp_2": -35.07279457581741, "a_mp_3": -20.729265467414056, "a_mp_4": -27.019011764023624, "a_pm_0": -29.51455056843657, "a_pm_1": -6.889574443205078, "a_pm_2": -1.6222773278349152, "a_pm_3": -10.89836518746343, "a_pm_4": 1.9735207828282384, "a_pp_1": -20.909865070309337, "a_pp_2": -18.041741054258285, "a_pp_3": -32.02023261604164, "a_pp_4": -26.983359383959606}, "datetime": {"datetime": "2024-07-10 13:48:08", "elapsed": 8302.885024, "delta": 287.581943}}
{"target": -45757.96552167703, "params": {"a_c_1": 17.857203028720033, "a_c_2": 3.3197980530117723, "a_mm_0": 9.27374738346991, "a_mm_1": -37.498202456485004, "a_mm_2": -33.54059920384192, "a_mm_3": -4.296876147625582, "a_mm_4": -8.210958268430705, "a_mp_0": -14.871554286600741, "a_mp_1": -19.875529043600245, "a_mp_2": -2.648834068234592, "a_mp_3": -13.711514433467556, "a_mp_4": 4.152926380921414, "a_pm_0": -8.917815280043875, "a_pm_1": -5.268483986430574, "a_pm_2": -1.2786942462643722, "a_pm_3": 19.413456282404987, "a_pm_4": 9.191491815310485, "a_pp_1": -15.207943911029151, "a_pp_2": 12.576059312397646, "a_pp_3": 9.425565954231281, "a_pp_4": -36.73152953065872}, "datetime": {"datetime": "2024-07-10 11:27:07", "elapsed": 0.0, "delta": 0.0}}
{"target": -18686.36789367132, "params": {"a_c_1": 14.372744731283886, "a_c_2": 8.021705624244754, "a_mm_0": 4.184398628686338, "a_mm_1": 2.547905046870035, "a_mm_2": -7.54378874184831, "a_mm_3": -32.51054953716341, "a_mm_4": 17.458837728180107, "a_mp_0": -15.80462207590481, "a_mp_1": -26.982930380586396, "a_mp_2": 3.036550787199168, "a_mp_3": 19.652446305316253, "a_mp_4": -24.6631566639499, "a_pm_0": 0.2785659163568255, "a_pm_1": -4.059645211653006, "a_pm_2": 3.0399287333307825, "a_pm_3": 16.24097207869427, "a_pm_4": -18.89141388761788, "a_pp_1": -24.781954151716242, "a_pp_2": -15.85164945779362, "a_pp_3": 4.790643031099094, "a_pp_4": 3.4442340447012967}, "datetime": {"datetime": "2024-07-10 11:31:36", "elapsed": 268.366004, "delta": 268.366004}}
{"target": -19244.66460973185, "params": {"a_c_1": 8.122155921167787, "a_c_2": 9.893798482800024, "a_mm_0": -12.970043155290043, "a_mm_1": -17.571493953978823, "a_mm_2": 2.5777163701521246, "a_mm_3": -35.05248680129749, "a_mm_4": -16.097624871323006, "a_mp_0": 6.2528579784727825, "a_mp_1": 5.88505901002803, "a_mp_2": -22.96843698653816, "a_mp_3": -28.627468577777165, "a_mp_4": -11.724942115881099, "a_pm_0": -19.911637329842588, "a_pm_1": 4.08410262281906, "a_pm_2": -28.653573067908138, "a_pm_3": -20.13375555273474, "a_pm_4": 10.653705249354132, "a_pp_1": -3.098557940657436, "a_pp_2": 13.115844784242299, "a_pp_3": 18.59318122446068, "a_pp_4": 10.214515574430955}, "datetime": {"datetime": "2024-07-10 11:36:16", "elapsed": 549.013484, "delta": 280.64748}}
{"target": -67404.14780083658, "params": {"a_c_1": 3.616492521718786, "a_c_2": 6.184105084545884, "a_mm_0": -11.43346760359935, "a_mm_1": -15.750600719636314, "a_mm_2": 4.513021252940547, "a_mm_3": 9.555997350151017, "a_mm_4": 0.9937898292584961, "a_mp_0": -31.643703670541655, "a_mp_1": 2.1695034439046736, "a_mp_2": -36.46976259015172, "a_mp_3": -28.440071514927048, "a_mp_4": 15.487625897311773, "a_pm_0": -15.6938525581605, "a_pm_1": -31.10250804394341, "a_pm_2": 0.9372278404750247, "a_pm_3": -30.190674954122894, "a_pm_4": -1.106485536009366, "a_pp_1": -24.90315140977132, "a_pp_2": -37.517469921945896, "a_pp_3": 17.523356018958424, "a_pp_4": -36.026771151194104}, "datetime": {"datetime": "2024-07-10 11:40:33", "elapsed": 805.112865, "delta": 256.099381}}
{"target": -65566.89890790284, "params": {"a_c_1": 10.258803721712768, "a_c_2": 3.4129659121992093, "a_mm_0": -0.39941088127613256, "a_mm_1": 10.665640227127355, "a_mm_2": -3.7680065975736596, "a_mm_3": -4.767178541455884, "a_mm_4": -32.97801786792149, "a_mp_0": 2.627020126566613, "a_mp_1": -27.72860452929203, "a_mp_2": -10.577932404570422, "a_mp_3": -37.803488173839355, "a_mp_4": -21.075785464673743, "a_pm_0": 11.781824425960515, "a_pm_1": -6.492002906549871, "a_pm_2": -7.197530423410861, "a_pm_3": -17.93052046395327, "a_pm_4": 9.689401105936831, "a_pp_1": -23.41897243404166, "a_pp_2": -32.460499500002555, "a_pp_3": -6.23313523043943, "a_pp_4": -23.95965967756337}, "datetime": {"datetime": "2024-07-10 11:44:05", "elapsed": 1017.060937, "delta": 211.948072}}
{"target": -75714.50520212266, "params": {"a_c_1": 15.500698566127166, "a_c_2": 1.7940634553953905, "a_mm_0": 6.995400280249733, "a_mm_1": -3.520220749942439, "a_mm_2": -37.495067430786804, "a_mm_3": -6.323492068503924, "a_mm_4": 0.08826408961652277, "a_mp_0": 16.303556399995067, "a_mp_1": 7.160351528717797, "a_mp_2": 5.025828291250242, "a_mp_3": -10.176941449926804, "a_mp_4": -37.43604990082734, "a_pm_0": 9.012049786744605, "a_pm_1": -39.18257534848966, "a_pm_2": -6.997528857093705, "a_pm_3": -5.992193720496928, "a_pm_4": -33.224899912771214, "a_pp_1": -36.233425610124144, "a_pp_2": -5.516546501978567, "a_pp_3": -10.870884052558615, "a_pp_4": -21.914674171891612}, "datetime": {"datetime": "2024-07-10 11:48:31", "elapsed": 1283.756507, "delta": 266.69557}}
{"target": -64664.69962947556, "params": {"a_c_1": 0.7959111609325698, "a_c_2": 6.338941364741131, "a_mm_0": -32.53985900796738, "a_mm_1": -39.303649335076756, "a_mm_2": -23.40000467928812, "a_mm_3": -21.907267594350326, "a_mm_4": -29.180942109799346, "a_mp_0": -35.98132221511197, "a_mp_1": 6.7540372115616165, "a_mp_2": -15.95509154630103, "a_mp_3": -25.251108921594827, "a_mp_4": -8.573668728639934, "a_pm_0": -24.700858366407097, "a_pm_1": 11.114507708265634, "a_pm_2": -10.989785314580335, "a_pm_3": -2.6110029318354933, "a_pm_4": 18.38435029275597, "a_pp_1": -18.71514822748847, "a_pp_2": -26.52126194675767, "a_pp_3": 18.722828337588247, "a_pp_4": -4.775534739951233}, "datetime": {"datetime": "2024-07-10 11:50:48", "elapsed": 1420.378988, "delta": 136.622481}}
{"target": -123678.18226262266, "params": {"a_c_1": 19.633627774750014, "a_c_2": 9.68666080315444, "a_mm_0": 2.306236143283286, "a_mm_1": -38.836851461140135, "a_mm_2": -3.2301766328740626, "a_mm_3": -25.026449857610622, "a_mm_4": -32.23385756475842, "a_mp_0": -18.024331905818364, "a_mp_1": -27.994389693146793, "a_mp_2": 5.988884820540221, "a_mp_3": 16.05086990496909, "a_mp_4": -38.415856116463665, "a_pm_0": -24.636183741538918, "a_pm_1": -24.028117288350433, "a_pm_2": -31.460337195993198, "a_pm_3": 17.089958649780016, "a_pm_4": -25.143282844602197, "a_pp_1": -18.628830109485133, "a_pp_2": -37.063654716054785, "a_pp_3": -25.712159727375706, "a_pp_4": 12.969485333762307}, "datetime": {"datetime": "2024-07-10 11:54:40", "elapsed": 1652.487115, "delta": 232.108127}}
{"target": -114845.46636968275, "params": {"a_c_1": 19.28866032214015, "a_c_2": 6.560278241145095, "a_mm_0": -22.18833359014932, "a_mm_1": -36.43984163811985, "a_mm_2": 11.866189095938658, "a_mm_3": -30.691546154754853, "a_mm_4": -23.827114599012422, "a_mp_0": -7.107720957343737, "a_mp_1": -24.86335359732759, "a_mp_2": 10.6806851380774, "a_mp_3": -9.867107047209878, "a_mp_4": -10.918636405724346, "a_pm_0": 14.315517854832493, "a_pm_1": 14.91610314455221, "a_pm_2": -25.502337771694773, "a_pm_3": -38.873986466132074, "a_pm_4": 0.217381770486341, "a_pp_1": -23.766195496809203, "a_pp_2": -39.14161290758195, "a_pp_3": -34.17217651778076, "a_pp_4": -14.869737674861657}, "datetime": {"datetime": "2024-07-10 11:57:30", "elapsed": 1822.940802, "delta": 170.453687}}
{"target": -38923.07311483557, "params": {"a_c_1": 2.4109645403509417, "a_c_2": 2.070889975480471, "a_mm_0": 4.703327947212372, "a_mm_1": -12.658720266265632, "a_mm_2": -33.18942192472468, "a_mm_3": -27.0805801016893, "a_mm_4": 15.814595250038266, "a_mp_0": -39.5263151235423, "a_mp_1": -1.4876896346147817, "a_mp_2": -1.3202483414787878, "a_mp_3": 0.8150768226079705, "a_mp_4": -5.310792134418151, "a_pm_0": 7.071692880303857, "a_pm_1": 9.310830934981468, "a_pm_2": -1.1902398795266222, "a_pm_3": -29.221622149586697, "a_pm_4": 3.5763802162918026, "a_pp_1": -22.91727473422768, "a_pp_2": 10.488593092515707, "a_pp_3": -5.789971236578737, "a_pp_4": -34.8839426879769}, "datetime": {"datetime": "2024-07-10 12:00:44", "elapsed": 2016.123635, "delta": 193.182833}}
{"target": -68832.95175030484, "params": {"a_c_1": 18.21904392708341, "a_c_2": 4.624559112041498, "a_mm_0": 16.574222075369484, "a_mm_1": -37.57046307372734, "a_mm_2": -33.55270182401813, "a_mm_3": 5.343175262420871, "a_mm_4": -37.49334494629669, "a_mp_0": -12.906210709333362, "a_mp_1": 8.965149917619648, "a_mp_2": -14.848135650934033, "a_mp_3": -28.60245265267986, "a_mp_4": 10.604635128465333, "a_pm_0": -33.565220881484976, "a_pm_1": -22.718884693897547, "a_pm_2": -26.981872695826098, "a_pm_3": -12.143966598964834, "a_pm_4": -20.8245767826603, "a_pp_1": 14.545650539228824, "a_pp_2": 7.137642665874665, "a_pp_3": 2.345041073401241, "a_pp_4": -31.60579297955524}, "datetime": {"datetime": "2024-07-10 12:05:16", "elapsed": 2288.068346, "delta": 271.944711}}
{"target": -66248.7233218364, "params": {"a_c_1": 12.236426703241456, "a_c_2": 8.51495026982272, "a_mm_0": 15.426107908608216, "a_mm_1": -0.26736477451918716, "a_mm_2": -24.461231573868428, "a_mm_3": -23.39201952653853, "a_mm_4": -1.8713204884484895, "a_mp_0": 3.464366531458765, "a_mp_1": -21.664764761668312, "a_mp_2": 0.6777552796368482, "a_mp_3": -9.610393488343917, "a_mp_4": 9.763145187949931, "a_pm_0": 0.9978835579144061, "a_pm_1": 14.606072987275354, "a_pm_2": -32.803622758575045, "a_pm_3": 10.383987978521539, "a_pm_4": 16.89619134230859, "a_pp_1": -5.582744085231695, "a_pp_2": -39.75129835734859, "a_pp_3": -37.98926295273162, "a_pp_4": -15.252039148492187}, "datetime": {"datetime": "2024-07-10 12:07:40", "elapsed": 2432.223346, "delta": 144.155}}
