{"target": -33602.596306573156, "params": {"a_c_1": 9.165544941283311, "a_c_2": 4.7765181698589085, "a_mm_0": 0.8852512682304194, "a_mm_1": 5.2934860734460045, "a_mm_2": 9.247083183694812, "a_mm_3": -19.221450790433632, "a_mm_4": -3.10299310244546, "a_mp_0": -16.427959217090503, "a_mp_1": 3.5207392150904724, "a_mp_2": -6.191641611579229, "a_mp_3": -4.313287852295332, "a_mp_4": -16.73580296117169, "a_pm_0": -1.932379842854722, "a_pm_1": 12.067548586145882, "a_pm_2": -0.8983734494044171, "a_pm_3": -32.28435881427201, "a_pm_4": -34.67570322432787, "a_pp_1": 0.6479826873405798, "a_pp_2": -18.66435422873954, "a_pp_3": -21.116419213252108, "a_pp_4": 13.4032183954155}, "datetime": {"datetime": "2024-07-10 12:11:44", "elapsed": 2676.075763, "delta": 243.852417}}
{"target": -50817.13793526916, "params": {"a_c_1": 17.278307551921074, "a_c_2": 8.056623217095042, "a_mm_0": -18.560604300257324, "a_mm_1": -1.5531246683450348, "a_mm_2": -4.070047158392292, "a_mm_3": -25.867458649202135, "a_mm_4": -4.61822424658142, "a_mp_0": 19.82039794795299, "a_mp_1": -36.85152178023075, "a_mp_2": -25.748773966797163, "a_mp_3": -20.14079398451297, "a_mp_4": 8.056051414283907, "a_pm_0": -13.379233561244167, "a_pm_1": -36.236589216737634, "a_pm_2": -20.90459297405253, "a_pm_3": 9.831157794215898, "a_pm_4": 4.306835112752822, "a_pp_1": -23.2699056966949, "a_pp_2": 3.7160091803549165, "a_pp_3": -20.818393597434913, "a_pp_4": -30.847517018298603}, "datetime": {"datetime": "2024-07-10 12:15:01", "elapsed": 2873.31601, "delta": 197.240247}}
{"target": -34703.34744977662, "params": {"a_c_1": 19.697567857124437, "a_c_2": 2.6163004740024567, "a_mm_0": -3.4823674396521795, "a_mm_1": 15.055094681871864, "a_mm_2": -1.4205785254122603, "a_mm_3": -14.393228183367711, "a_mm_4": -16.167041202237947, "a_mp_0": -37.06560427797537, "a_mp_1": -35.12520383914634, "a_mp_2": -12.959170706789244, "a_mp_3": 15.339160997732591, "a_mp_4": -25.997832817816246, "a_pm_0": 12.131554228634144, "a_pm_1": 8.373620390154258, "a_pm_2": -29.55075847106953, "a_pm_3": -21.257352169334325, "a_pm_4": -14.296164987128194, "a_pp_1": 11.556421412766149, "a_pp_2": -1.950643852561761, "a_pp_3": 9.487646895424689, "a_pp_4": -10.176874581916088}, "datetime": {"datetime": "2024-07-10 12:18:52", "elapsed": 3104.915783, "delta": 231.599773}}
{"target": -48326.77123294697, "params": {"a_c_1": 11.649214804836738, "a_c_2": 4.539122338522576, "a_mm_0": -24.503699610974948, "a_mm_1": -2.899802304446709, "a_mm_2": -5.474948743810302, "a_mm_3": 12.044797287863467, "a_mm_4": 15.474595725768424, "a_mp_0": -5.550864897045152, "a_mp_1": 1.6449538875442755, "a_mp_2": -16.468192902185287, "a_mp_3": 0.5864392063758359, "a_mp_4": 19.89272363988094, "a_pm_0": 16.422932891117675, "a_pm_1": -31.52577619931119, "a_pm_2": 16.29009916883068, "a_pm_3": -37.680545351876226, "a_pm_4": -38.48891999531818, "a_pp_1": -29.332073071150653, "a_pp_2": -21.697124684332902, "a_pp_3": 19.08483766707885, "a_pp_4": 16.607686869807665}, "datetime": {"datetime": "2024-07-10 12:22:27", "elapsed": 3319.077059, "delta": 214.161276}}
{"target": -7343.37449278566, "params": {"a_c_1": 15.279111358265434, "a_c_2": 6.23090082386836, "a_mm_0": 18.133014802382775, "a_mm_1": -5.619023868858662, "a_mm_2": -27.20682724986951, "a_mm_3": -31.992774283431626, "a_mm_4": 5.825565467832604, "a_mp_0": -8.36090172548841, "a_mp_1": 9.04367607315831, "a_mp_2": 7.631063348942732, "a_mp_3": 0.21062022545220316, "a_mp_4": 6.605490851018658, "a_pm_0": 1.2886905264991384, "a_pm_1": -14.274114253466596, "a_pm_2": 9.808699276241754, "a_pm_3": 14.95340383051186, "a_pm_4": 6.646507646135504, "a_pp_1": -34.84902054965816, "a_pp_2": 16.980768846495366, "a_pp_3": -11.372457939373398, "a_pp_4": 13.129414203199623}, "datetime": {"datetime": "2024-07-10 12:25:05", "elapsed": 3477.439413, "delta": 158.362354}}
{"target": -64057.35249278008, "params": {"a_c_1": 1.6991072767356563, "a_c_2": 9.382320761379537, "a_mm_0": -21.10858450965962, "a_mm_1": -14.736281091465287, "a_mm_2": 1.1203092975172808, "a_mm_3": -34.55114518245347, "a_mm_4": -27.51909731284765, "a_mp_0": -5.019333143487735, "a_mp_1": -16.88490328924348, "a_mp_2": -33.616029328009674, "a_mp_3": -39.39490143100912, "a_mp_4": 13.768401223076332, "a_pm_0": 0.081522931409296, "a_pm_1": -20.564095921662748, "a_pm_2": 13.164010160091117, "a_pm_3": 18.03333827309242, "a_pm_4": -35.107532000249, "a_pp_1": -24.37118186433822, "a_pp_2": -8.219706965534066, "a_pp_3": 15.238892241773954, "a_pp_4": -26.016617562659786}, "datetime": {"datetime": "2024-07-10 12:28:26", "elapsed": 3678.438786, "delta": 200.999373}}
{"target": -65929.74314744594, "params": {"a_c_1": 18.70701602308793, "a_c_2": 9.011279868302427, "a_mm_0": -19.707632979746275, "a_mm_1": -26.485870168505993, "a_mm_2": -28.9986307623564, "a_mm_3": -36.70135052282764, "a_mm_4": 17.364796964574673, "a_mp_0": -31.19128637948109, "a_mp_1": 17.46639750767727, "a_mp_2": -19.652345932313345, "a_mp_3": -36.44127768557753, "a_mp_4": 9.153880352324343, "a_pm_0": 8.204150959410548, "a_pm_1": -12.200534456094406, "a_pm_2": 6.341277641898486, "a_pm_3": 4.9291529582351, "a_pm_4": -12.958470693218217, "a_pp_1": -22.99771363064809, "a_pp_2": -31.450629843599906, "a_pp_3": 14.605028462225015, "a_pp_4": -35.25365514265072}, "datetime": {"datetime": "2024-07-10 12:32:46", "elapsed": 3939.035702, "delta": 260.596916}}
{"target": -46227.37303912513, "params": {"a_c_1": 14.51321656578904, "a_c_2": 0.7768235615038255, "a_mm_0": 0.1973260150114129, "a_mm_1": -36.382383675067885, "a_mm_2": -33.324761398004746, "a_mm_3": -11.479420183580235, "a_mm_4": -35.14252622894075, "a_mp_0": -38.08281940170395, "a_mp_1": -1.622961506380861, "a_mp_2": 13.710456352500472, "a_mp_3": -11.006043608964603, "a_mp_4": 10.259631112454173, "a_pm_0": 2.539242798633289, "a_pm_1": 15.981795774671532, "a_pm_2": 18.46134938962542, "a_pm_3": -4.710586532424337, "a_pm_4": 16.764520145355917, "a_pp_1": 2.3207108983189144, "a_pp_2": -12.119555712408982, "a_pp_3": 14.901533673308592, "a_pp_4": -5.224294336244114}, "datetime": {"datetime": "2024-07-10 12:35:33", "elapsed": 4105.767701, "delta": 166.731999}}
{"target": -44081.41883949724, "params": {"a_c_1": 4.783991300154544, "a_c_2": 3.8950096311793594, "a_mm_0": -14.67304594620109, "a_mm_1": -30.156369437476144, "a_mm_2": -38.500012182289495, "a_mm_3": -36.84331893559277, "a_mm_4": 0.7019912070713588, "a_mp_0": -24.767466579032337, "a_mp_1": -30.87670138653281, "a_mp_2": -28.14501798770044, "a_mp_3": 9.096997983685739, "a_mp_4": 13.505689435798885, "a_pm_0": -12.740843766099395, "a_pm_1": 4.450545026380581, "a_pm_2": -5.498110970558933, "a_pm_3": -10.689090933514414, "a_pm_4": -1.336026979074859, "a_pp_1": 16.898526683906702, "a_pp_2": 8.146580294257895, "a_pp_3": -15.374262439056949, "a_pp_4": -24.915402584318517}, "datetime": {"datetime": "2024-07-10 12:39:05", "elapsed": 4317.841825, "delta": 212.074124}}
{"target": -38670.416672114996, "params": {"a_c_1": 0.052475038562203036, "a_c_2": 2.9127804693718016, "a_mm_0": 18.752220279871523, "a_mm_1": -14.566903793726564, "a_mm_2": -7.594968903593134, "a_mm_3": -36.179819044886614, "a_mm_4": -31.467340324323764, "a_mp_0": 19.135694450019145, "a_mp_1": -7.856360767647402, "a_mp_2": -26.730442754029728, "a_mp_3": -1.4837564126319052, "a_mp_4": 3.610908571134239, "a_pm_0": -9.753194107211119, "a_pm_1": -20.270345629315976, "a_pm_2": 3.331919116181389, "a_pm_3": -32.18788111703159, "a_pm_4": 3.2295900460821514, "a_pp_1": -13.135214685282477, "a_pp_2": -9.006008679862052, "a_pp_3": -2.3916737945109006, "a_pp_4": 11.575621409191896}, "datetime": {"datetime": "2024-07-10 12:42:38", "elapsed": 4530.808133, "delta": 212.966308}}
{"target": -40217.38265143679, "params": {"a_c_1": 6.305540207459861, "a_c_2": 6.961155972619072, "a_mm_0": -33.00479906777127, "a_mm_1": -13.686065293921796, "a_mm_2": 3.03064345509776, "a_mm_3": 13.39533654226075, "a_mm_4": -6.570765937032718, "a_mp_0": -1.9970360848116115, "a_mp_1": -8.065556912814863, "a_mp_2": -19.25444969744985, "a_mp_3": 10.746113211818091, "a_mp_4": -5.544760318875035, "a_pm_0": -24.343058563754045, "a_pm_1": 7.826698781600555, "a_pm_2": 10.070640056283537, "a_pm_3": -12.826898106533491, "a_pm_4": 0.776849532547466, "a_pp_1": -34.403943422092006, "a_pp_2": 3.3542177839043674, "a_pp_3": -19.811554297895114, "a_pp_4": -38.64745278357109}, "datetime": {"datetime": "2024-07-10 12:46:40", "elapsed": 4772.258021, "delta": 241.449888}}
{"target": -55055.57155244072, "params": {"a_c_1": 14.102299220456159, "a_c_2": 5.482493588030689, "a_mm_0": 9.696081647279655, "a_mm_1": -33.08700394389414, "a_mm_2": 19.592435178173503, "a_mm_3": -20.048766162892594, "a_mm_4": -31.9632276727988, "a_mp_0": -37.45753382440904, "a_mp_1": -20.748736084749396, "a_mp_2": -27.40668671926484, "a_mp_3": -5.5407909048985005, "a_mp_4": 17.50322319149187, "a_pm_0": -26.99213309477049, "a_pm_1": -20.252630057332752, "a_pm_2": -24.032990267767, "a_pm_3": -23.73623377251964, "a_pm_4": 1.225615219301602, "a_pp_1": 13.593529340985896, "a_pp_2": -4.9449099391294595, "a_pp_3": -15.95938981149644, "a_pp_4": -14.454928098053365}, "datetime": {"datetime": "2024-07-10 12:50:08", "elapsed": 4980.143534, "delta": 207.885513}}
{"target": -57772.508170941685, "params": {"a_c_1": 11.05972930702407, "a_c_2": 3.0546908109644577, "a_mm_0": -24.53838676431206, "a_mm_1": 14.595122743095423, "a_mm_2": -9.309700706130883, "a_mm_3": -32.824799474580416, "a_mm_4": -5.764840596174203, "a_mp_0": -25.00213635108635, "a_mp_1": -39.67629739328795, "a_mp_2": -5.673831204890391, "a_mp_3": -18.508036306808513, "a_mp_4": 0.9969661328774251, "a_pm_0": -3.160321842289349, "a_pm_1": -29.576980058364214, "a_pm_2": -21.91840530848652, "a_pm_3": 2.9521604177949925, "a_pm_4": -14.158888020295691, "a_pp_1": -31.916636929747796, "a_pp_2": -29.562659509531635, "a_pp_3": 3.5405640657872084, "a_pp_4": -2.5328596206328626}, "datetime": {"datetime": "2024-07-10 12:53:27", "elapsed": 5179.878648, "delta": 199.735114}}
{"target": -17878.6313983981, "params": {"a_c_1": 11.108112769533369, "a_c_2": 0.5578389762681202, "a_mm_0": -16.691123915924592, "a_mm_1": -13.256000451698107, "a_mm_2": -4.939143340342262, "a_mm_3": 1.7652367365862531, "a_mm_4": 3.073133408113975, "a_mp_0": -4.480523024036529, "a_mp_1": -23.756659346643893, "a_mp_2": -15.501460263710932, "a_mp_3": 6.538277671623689, "a_mp_4": -12.065338307823602, "a_pm_0": -15.764093277367074, "a_pm_1": 11.271802525554229, "a_pm_2": 19.705799183725404, "a_pm_3": -14.789424835620316, "a_pm_4": -1.9483728775698026, "a_pp_1": 14.67772491202993, "a_pp_2": -30.73176853881688, "a_pp_3": -22.528481430012533, "a_pp_4": -1.1643986354803957}, "datetime": {"datetime": "2024-07-10 12:55:36", "elapsed": 5308.856515, "delta": 128.977867}}
{"target": -107271.08381801311, "params": {"a_c_1": 3.5674086327066568, "a_c_2": 2.801032383814098, "a_mm_0": 16.172177251689895, "a_mm_1": -21.106450922311193, "a_mm_2": -34.23647735641591, "a_mm_3": -10.040199931275652, "a_mm_4": -35.438847213046444, "a_mp_0": -24.941295243064324, "a_mp_1": 17.31031673206006, "a_mp_2": 10.491665864264085, "a_mp_3": -31.076158199224118, "a_mp_4": -25.228091710598736, "a_pm_0": -36.714422960432245, "a_pm_1": -28.00973633040133, "a_pm_2": 8.541309883777018, "a_pm_3": 14.893861731911961, "a_pm_4": -2.501736865284876, "a_pp_1": -34.872358224790936, "a_pp_2": -9.922204185723572, "a_pp_3": 0.04840919893898388, "a_pp_4": -33.60620966443699}, "datetime": {"datetime": "2024-07-10 12:58:14", "elapsed": 5466.426318, "delta": 157.569803}}
{"target": -34029.37656655222, "params": {"a_c_1": 11.644303662675464, "a_c_2": 7.556345199224902, "a_mm_0": -16.86297014589535, "a_mm_1": 9.537333164353257, "a_mm_2": -29.813667047011947, "a_mm_3": -24.16597930584652, "a_mm_4": 8.297491588800135, "a_mp_0": 1.0724971983837648, "a_mp_1": 6.919857749543091, "a_mp_2": -29.28132127205064, "a_mp_3": 17.20448826806365, "a_mp_4": -29.382819281011596, "a_pm_0": 1.8166212995593156, "a_pm_1": -21.487672721323793, "a_pm_2": -9.450464470899721, "a_pm_3": 14.86965183833096, "a_pm_4": 6.665172799069403, "a_pp_1": 4.941909973132773, "a_pp_2": -33.349618429849016, "a_pp_3": 14.793708151468493, "a_pp_4": 14.184627520539998}, "datetime": {"datetime": "2024-07-10 13:00:39", "elapsed": 5611.966581, "delta": 145.540263}}
{"target": -31458.841118185923, "params": {"a_c_1": 19.682302296035257, "a_c_2": 1.1301498044570435, "a_mm_0": -17.03184032691309, "a_mm_1": -23.502295733239563, "a_mm_2": 10.922595901745048, "a_mm_3": 13.948504771664382, "a_mm_4": -9.688428160629378, "a_mp_0": -26.723052864698616, "a_mp_1": -37.104894504000505, "a_mp_2": 12.85784120004702, "a_mp_3": 16.904854329218423, "a_mp_4": 5.2805937321429255, "a_pm_0": 9.43904373520293, "a_pm_1": -21.339894895017647, "a_pm_2": -32.26056317078668, "a_pm_3": -33.950713137677454, "a_pm_4": 0.3183431199788984, "a_pp_1": -31.48747434307976, "a_pp_2": 15.382180313812711, "a_pp_3": -25.30535982935851, "a_pp_4": 4.883925137731957}, "datetime": {"datetime": "2024-07-10 13:03:34", "elapsed": 5786.068131, "delta": 174.10155}}
{"target": -58141.63339426584, "params": {"a_c_1": 12.2208591686407, "a_c_2": 3.448837351900128, "a_mm_0": -2.126170043714673, "a_mm_1": -38.924035611899825, "a_mm_2": 5.867448357504472, "a_mm_3": -29.68164437696657, "a_mm_4": -3.2556096309043525, "a_mp_0": -32.943592607452544, "a_mp_1": -5.77623463781179, "a_mp_2": 4.019355418867015, "a_mp_3": 7.794943413198254, "a_mp_4": -31.82445850644955, "a_pm_0": -11.38949888669076, "a_pm_1": -15.337795949599368, "a_pm_2": -16.054686500330547, "a_pm_3": 9.8398950296749, "a_pm_4": -28.737111487716476, "a_pp_1": 5.6910110398119045, "a_pp_2": 4.147690558567945, "a_pp_3": -14.654024167578285, "a_pp_4": -31.77721807895004}, "datetime": {"datetime": "2024-07-10 13:06:16", "elapsed": 5948.243642, "delta": 162.175511}}
{"target": -80736.12442934, "params": {"a_c_1": 14.089634433912915, "a_c_2": 8.750482689617646, "a_mm_0": -29.44815419025823, "a_mm_1": -32.94629770919246, "a_mm_2": -27.363746203223336, "a_mm_3": -13.391320889236887, "a_mm_4": -12.37150958742355, "a_mp_0": 5.415973108085204, "a_mp_1": -30.14608413276892, "a_mp_2": 13.973619226243386, "a_mp_3": -8.698304212610353, "a_mp_4": -23.235907720919723, "a_pm_0": -38.634370781055374, "a_pm_1": -4.845052733176409, "a_pm_2": -27.886624733875752, "a_pm_3": -13.508093636811896, "a_pm_4": 17.64672132755328, "a_pp_1": -27.854974040727008, "a_pp_2": -15.175249959420444, "a_pp_3": 10.624505110378017, "a_pp_4": -38.367065696578095}, "datetime": {"datetime": "2024-07-10 13:09:16", "elapsed": 6128.674379, "delta": 180.430737}}
{"target": -75194.85727471158, "params": {"a_c_1": 13.421766497199847, "a_c_2": 4.656141704457797, "a_mm_0": -19.43143962375284, "a_mm_1": -10.001243882250268, "a_mm_2": -14.07295886396173, "a_mm_3": -6.545674125151244, "a_mm_4": -33.51380014891078, "a_mp_0": -18.698151114005096, "a_mp_1": 15.791930661717103, "a_mp_2": -9.767121419066886, "a_mp_3": -1.5114031637642569, "a_mp_4": -11.762111113704265, "a_pm_0": 18.074877690881642, "a_pm_1": -33.01627427966054, "a_pm_2": -18.965555000470545, "a_pm_3": 0.8124878625994327, "a_pm_4": 7.1257965422529, "a_pp_1": -16.137849449908384, "a_pp_2": 4.446133312118349, "a_pp_3": -17.639435013724412, "a_pp_4": -34.14403957683935}, "datetime": {"datetime": "2024-07-10 13:12:31", "elapsed": 6323.443293, "delta": 194.768914}}
{"target": -27854.93948404775, "params": {"a_c_1": 0.33943933640648627, "a_c_2": 1.41683569151683, "a_mm_0": 19.224404953969056, "a_mm_1": -28.477700026991606, "a_mm_2": -39.519854774966696, "a_mm_3": -5.8932588251299975, "a_mm_4": -11.062162646729028, "a_mp_0": -22.125378323412303, "a_mp_1": 15.836489693600896, "a_mp_2": 2.1084477851771766, "a_mp_3": -15.147105963889949, "a_mp_4": -38.57929790383521, "a_pm_0": 1.444034942238595, "a_pm_1": 0.3768858267385582, "a_pm_2": -19.747275864686227, "a_pm_3": 18.339346584339047, "a_pm_4": 15.270661757729854, "a_pp_1": -9.848106611516418, "a_pp_2": 10.794795694140241, "a_pp_3": 11.121157080828482, "a_pp_4": -17.84778731769115}, "datetime": {"datetime": "2024-07-10 13:16:40", "elapsed": 6572.525398, "delta": 249.082105}}
{"target": -47892.89962687523, "params": {"a_c_1": 19.859980106281405, "a_c_2": 3.8932539400385013, "a_mm_0": 5.640423054398887, "a_mm_1": -12.649962389272055, "a_mm_2": -33.11541599359019, "a_mm_3": -6.380987522528052, "a_mm_4": 2.4255655822283515, "a_mp_0": -3.2834332944505746, "a_mp_1": -22.068155398111895, "a_mp_2": 13.29547716446941, "a_mp_3": 7.573790366403159, "a_mp_4": -16.040883392982167, "a_pm_0": -23.482747398928673, "a_pm_1": 9.252999474445247, "a_pm_2": -23.8829227761365, "a_pm_3": -24.378868192256782, "a_pm_4": -23.917995052139364, "a_pp_1": -3.6201772163238957, "a_pp_2": -23.52096451042781, "a_pp_3": 11.499687322530882, "a_pp_4": -22.981289589999935}, "datetime": {"datetime": "2024-07-10 13:20:07", "elapsed": 6779.761916, "delta": 207.236518}}
{"target": -56070.65581673805, "params": {"a_c_1": 18.937687316984885, "a_c_2": 3.9150444174497077, "a_mm_0": 2.8842721807580816, "a_mm_1": -29.437931507502725, "a_mm_2": -29.454919270537168, "a_mm_3": -24.26926280321163, "a_mm_4": -22.928484906397284, "a_mp_0": 0.033066252361685144, "a_mp_1": 17.423998703585674, "a_mp_2": -0.3088497308702429, "a_mp_3": -2.599617314449752, "a_mp_4": 18.575882595420175, "a_pm_0": -21.308013512844997, "a_pm_1": 7.780192832945886, "a_pm_2": -2.8200114267094136, "a_pm_3": -2.5965387825497146, "a_pm_4": -16.433967554936476, "a_pp_1": 18.646372760101634, "a_pp_2": -21.03356091120766, "a_pp_3": -23.983739022138664, "a_pp_4": -2.8756055105031066}, "datetime": {"datetime": "2024-07-10 13:22:57", "elapsed": 6949.946292, "delta": 170.184376}}
{"target": -13820.416968809766, "params": {"a_c_1": 1.4967436428008885, "a_c_2": 3.971417414416887, "a_mm_0": -3.6622836195249633, "a_mm_1": -5.465895990592287, "a_mm_2": 13.498648075849701, "a_mm_3": 13.868545179926826, "a_mm_4": -36.87570936393057, "a_mp_0": 3.160073266574493, "a_mp_1": 15.5769877241029, "a_mp_2": -22.15938368870129, "a_mp_3": -33.28446083888582, "a_mp_4": 11.17702761817496, "a_pm_0": -7.991621916556639, "a_pm_1": 8.10976306398861, "a_pm_2": -13.148859642250809, "a_pm_3": 14.512378940627194, "a_pm_4": 14.429558985359812, "a_pp_1": -13.610552326279375, "a_pp_2": 10.926713505325488, "a_pp_3": 8.460840069322764, "a_pp_4": -4.2667467012282145}, "datetime": {"datetime": "2024-07-10 13:27:19", "elapsed": 7211.948228, "delta": 262.001936}}
{"target": -46299.51471060805, "params": {"a_c_1": 6.513431320210287, "a_c_2": 2.4479339745897724, "a_mm_0": 4.3058123926702905, "a_mm_1": 5.406976829590917, "a_mm_2": -38.79769888898229, "a_mm_3": 5.174323672408818, "a_mm_4": -27.64986785296588, "a_mp_0": -22.49282849639953, "a_mp_1": 7.068865632635195, "a_mp_2": -2.82276490703736, "a_mp_3": 14.49000550344784, "a_mp_4": 15.029715389577454, "a_pm_0": -30.796799526893206, "a_pm_1": -20.675526294249412, "a_pm_2": 0.8197194798838012, "a_pm_3": 4.726299132905567, "a_pm_4": -20.3275137302972, "a_pp_1": -24.017510243622336, "a_pp_2": 8.728829276394805, "a_pp_3": -39.997939480017536, "a_pp_4": 12.259486368890641}, "datetime": {"datetime": "2024-07-10 13:30:59", "elapsed": 7431.901237, "delta": 219.953009}}
{"target": -37294.361032945315, "params": {"a_c_1": 8.01834992060236, "a_c_2": 4.991468139562855, "a_mm_0": 16.204291157310557, "a_mm_1": -7.684452660175886, "a_mm_2": -11.763716401123517, "a_mm_3": 1.931709989299641, "a_mm_4": -15.499730064691647, "a_mp_0": -4.7123136089218605, "a_mp_1": 4.234644914060759, "a_mp_2": -31.918624871342534, "a_mp_3": 1.4016034246286395, "a_mp_4": -21.12860057658148, "a_pm_0": -23.546373640818633, "a_pm_1": -12.117230268289884, "a_pm_2": -28.099712021094284, "a_pm_3": 15.678330190429357, "a_pm_4": 15.32469837443464, "a_pp_1": -1.6111155461328934, "a_pp_2": -18.397638877936423, "a_pp_3": -11.094018565388211, "a_pp_4": -8.889115340605148}, "datetime": {"datetime": "2024-07-10 13:33:34", "elapsed": 7586.457222, "delta": 154.555985}}
{"target": -87311.75307060166, "params": {"a_c_1": 1.2834766542772247, "a_c_2": 1.8860122003327273, "a_mm_0": -3.214239161467475, "a_mm_1": -25.45325284658745, "a_mm_2": -34.100613728735745, "a_mm_3": 5.724440040067435, "a_mm_4": -31.559408794116848, "a_mp_0": -35.39647892281364, "a_mp_1": 15.927079011209429, "a_mp_2": -22.296268281819817, "a_mp_3": 9.353357881047984, "a_mp_4": -26.617462742646442, "a_pm_0": -0.44221402559718825, "a_pm_1": -0.5799227182548847, "a_pm_2": 11.18008285709518, "a_pm_3": -34.39964035530827, "a_pm_4": -8.049499196336516, "a_pp_1": 2.6032119636160616, "a_pp_2": -23.245709215132795, "a_pp_3": -6.1848352363773245, "a_pp_4": -32.93404157947313}, "datetime": {"datetime": "2024-07-10 13:37:34", "elapsed": 7826.731801, "delta": 240.274579}}
{"target": -89018.16755031943, "params": {"a_c_1": 8.216440497565614, "a_c_2": 6.206976165119224, "a_mm_0": -5.453320001571818, "a_mm_1": -30.340010001359843, "a_mm_2": -28.87488185642471, "a_mm_3": -14.670552960725335, "a_mm_4": -37.257243967693626, "a_mp_0": 15.97201511835064, "a_mp_1": -36.70178945087337, "a_mp_2": 7.995601114553317, "a_mp_3": 18.613747960684513, "a_mp_4": 4.6203983400048685, "a_pm_0": -24.270499033079602, "a_pm_1": 5.2278368243678415, "a_pm_2": -12.86908496071407, "a_pm_3": -20.137758653382132, "a_pm_4": 12.371060687435168, "a_pp_1": 8.383682164684558, "a_pp_2": -22.97342942780317, "a_pp_3": -23.42914874966725, "a_pp_4": -13.281620775993016}, "datetime": {"datetime": "2024-07-10 13:40:24", "elapsed": 7996.259585, "delta": 169.527784}}
