{"target": -108640.74872219189, "params": {"a_c_1": 7.5600481729711095, "a_c_2": 3.3736829429645834, "a_mm_0": 17.120642304980066, "a_mm_1": 1.6000297153533722, "a_mm_2": -7.9538979955997675, "a_mm_3": -37.39061812382335, "a_mm_4": -25.146947462647567, "a_mp_0": 16.590243360032495, "a_mp_1": -6.588390025404806, "a_mp_2": -18.548906058686075, "a_mp_3": -39.43297755172604, "a_mp_4": -24.787103966504624, "a_pm_0": -24.746398590967793, "a_pm_1": -29.758868437958434, "a_pm_2": -19.30120241936853, "a_pm_3": -27.84105691913657, "a_pm_4": -36.225907589149536, "a_pp_1": -34.12237624682449, "a_pp_2": -10.196349861153095, "a_pp_3": -35.82036457525327, "a_pp_4": 16.109213801089304}, "datetime": {"datetime": "2024-07-10 11:22:10", "elapsed": 3119.128251, "delta": 295.808998}}
{"target": -52393.433410069825, "params": {"a_c_1": 4.121952703411673, "a_c_2": 4.642123499590466, "a_mm_0": -15.119904573601787, "a_mm_1": -22.51973689402106, "a_mm_2": -20.588289110797348, "a_mm_3": -27.304144995031614, "a_mm_4": -23.183902733788074, "a_mp_0": -32.97369785820462, "a_mp_1": 1.3551124866526436, "a_mp_2": -1.3284286375325536, "a_mp_3": -21.308235799420924, "a_mp_4": 12.817937369449808, "a_pm_0": -16.817456494326347, "a_pm_1": -3.334641980867886, "a_pm_2": -8.60984042948829, "a_pm_3": -20.496591783392205, "a_pm_4": 15.787425383909763, "a_pp_1": 10.892084539778232, "a_pp_2": 10.467376881194475, "a_pp_3": 17.25731819337966, "a_pp_4": -39.85105442391421}, "datetime": {"datetime": "2024-07-10 11:26:14", "elapsed": 3363.023892, "delta": 243.895641}}
{"target": -75116.59887438564, "params": {"a_c_1": 9.84238200461254, "a_c_2": 9.379131190646037, "a_mm_0": -31.93439441061166, "a_mm_1": -25.300351695149814, "a_mm_2": -9.696284765371537, "a_mm_3": 0.7052905893129591, "a_mm_4": -20.03440254298305, "a_mp_0": -21.618119704599565, "a_mp_1": 6.547874673292938, "a_mp_2": -38.02876370629314, "a_mp_3": 7.1478717513037395, "a_mp_4": -14.287583112387445, "a_pm_0": -2.2594325698863784, "a_pm_1": 2.330181494407981, "a_pm_2": -34.091882234714944, "a_pm_3": 14.230769892493193, "a_pm_4": 9.338748117064753, "a_pp_1": -17.47711376477501, "a_pp_2": -28.31234029024845, "a_pp_3": -36.23167371664964, "a_pp_4": -21.483464431587116}, "datetime": {"datetime": "2024-07-10 11:28:45", "elapsed": 3514.303144, "delta": 151.279252}}
{"target": -101473.95695780087, "params": {"a_c_1": 14.26383921204112, "a_c_2": 8.13181716179893, "a_mm_0": -20.404701926965632, "a_mm_1": -26.78260680353074, "a_mm_2": -20.35634898120755, "a_mm_3": 17.86201017834491, "a_mm_4": -34.234557989378146, "a_mp_0": -30.26899314136366, "a_mp_1": 1.6543471371656295, "a_mp_2": -31.61419005713406, "a_mp_3": -24.00244644221232, "a_mp_4": 8.190552347484605, "a_pm_0": -21.963292968498024, "a_pm_1": -4.1790070677247115, "a_pm_2": -5.631262734078597, "a_pm_3": -24.073391705279853, "a_pm_4": -25.075942666442185, "a_pp_1": -22.619470560279026, "a_pp_2": 12.556404345441877, "a_pp_3": -38.87451119375411, "a_pp_4": -34.501815273261826}, "datetime": {"datetime": "2024-07-10 11:32:12", "elapsed": 3721.549496, "delta": 207.246352}}
{"target": -30698.48124838391, "params": {"a_c_1": 6.824199183085042, "a_c_2": 2.2030165511965096, "a_mm_0": -6.228556065056793, "a_mm_1": -7.632334325540398, "a_mm_2": -10.278279831740456, "a_mm_3": -21.95481579979875, "a_mm_4": -9.31307647970781, "a_mp_0": 7.17371100509321, "a_mp_1": 8.750334889532809, "a_mp_2": -8.029546750249207, "a_mp_3": 8.380112864631023, "a_mp_4": -37.94347122342129, "a_pm_0": -30.756032746029405, "a_pm_1": 4.891101660120555, "a_pm_2": -16.907806166663025, "a_pm_3": -20.92609058827938, "a_pm_4": -5.6794712219808545, "a_pp_1": -17.654769091817254, "a_pp_2": 14.571794599487724, "a_pp_3": -16.781726498621907, "a_pp_4": 10.174951725036479}, "datetime": {"datetime": "2024-07-10 11:36:40", "elapsed": 3989.560565, "delta": 268.011069}}
{"target": -46726.224856566645, "params": {"a_c_1": 12.035274401884422, "a_c_2": 9.120187774422991, "a_mm_0": -10.956785538719494, "a_mm_1": 17.510843995741027, "a_mm_2": -5.397420372822928, "a_mm_3": -38.335342120834746, "a_mm_4": 4.3322509530602815, "a_mp_0": 11.68404779493985, "a_mp_1": -34.08699943579295, "a_mp_2": 17.80658245067437, "a_mp_3": -6.194437833901766, "a_mp_4": 4.442114656263115, "a_pm_0": -26.559920919237868, "a_pm_1": 16.47094974124829, "a_pm_2": -1.4002924422476468, "a_pm_3": -7.400881724019634, "a_pm_4": 17.683411830540386, "a_pp_1": -6.581876040000495, "a_pp_2": -8.099896483267877, "a_pp_3": -37.31398227681851, "a_pp_4": -7.216661802142525}, "datetime": {"datetime": "2024-07-10 11:40:17", "elapsed": 4206.259492, "delta": 216.698927}}
{"target": -33889.90497013415, "params": {"a_c_1": 14.887217786568847, "a_c_2": 3.6840323003201227, "a_mm_0": 0.7595608148732467, "a_mm_1": -6.1535312869620356, "a_mm_2": -27.521499017018343, "a_mm_3": -7.191164612705471, "a_mm_4": -11.440675547244727, "a_mp_0": -19.736822757630584, "a_mp_1": -0.2418879619071248, "a_mp_2": -36.33077388440016, "a_mp_3": -17.63371446284637, "a_mp_4": -13.953439186872039, "a_pm_0": 18.43205728743044, "a_pm_1": 1.8919612742211882, "a_pm_2": -2.452682792233375, "a_pm_3": -30.643329252339136, "a_pm_4": -13.894454416560098, "a_pp_1": -17.725894066337414, "a_pp_2": 16.4238530110768, "a_pp_3": -12.830942129075389, "a_pp_4": 11.30599921534683}, "datetime": {"datetime": "2024-07-10 11:43:48", "elapsed": 4417.222974, "delta": 210.963482}}
{"target": -25748.137686729184, "params": {"a_c_1": 13.072237028260123, "a_c_2": 8.792869554171544, "a_mm_0": -39.79987331205537, "a_mm_1": 15.487294176603072, "a_mm_2": 17.077625256788572, "a_mm_3": -30.703868998398878, "a_mm_4": -36.0573594364611, "a_mp_0": -20.96299855053716, "a_mp_1": -4.866673007345284, "a_mp_2": -8.55211929730698, "a_mp_3": -13.892642875289674, "a_mp_4": 14.76062915085258, "a_pm_0": -5.801400880446991, "a_pm_1": 16.048204921656875, "a_pm_2": -5.4307387566358685, "a_pm_3": -28.88918835102804, "a_pm_4": 18.92472253320129, "a_pp_1": 19.910195624666223, "a_pp_2": -13.211913499986906, "a_pp_3": 5.745833498163208, "a_pp_4": -1.8061949089251002}, "datetime": {"datetime": "2024-07-10 11:47:19", "elapsed": 4628.890576, "delta": 211.667602}}
{"target": -41881.36755596676, "params": {"a_c_1": 3.7048794982619637, "a_c_2": 5.7920196006823605, "a_mm_0": -0.7454839221349872, "a_mm_1": -4.375577788263044, "a_mm_2": -7.511401660389971, "a_mm_3": -4.487255887852982, "a_mm_4": 2.5394703376146737, "a_mp_0": 6.258678419678667, "a_mp_1": -34.65698822213474, "a_mp_2": 14.809729424796792, "a_mp_3": -13.02249969653527, "a_mp_4": 1.797266948671684, "a_pm_0": -16.741657049996835, "a_pm_1": -36.93657107471439, "a_pm_2": -0.1815245428449117, "a_pm_3": -18.060366151068063, "a_pm_4": -6.833202392113321, "a_pp_1": -24.004609566563328, "a_pp_2": -27.76743515968564, "a_pp_3": -22.227702771248193, "a_pp_4": 10.512057955519978}, "datetime": {"datetime": "2024-07-10 11:50:12", "elapsed": 4801.064992, "delta": 172.174416}}
{"target": -50407.6770600971, "params": {"a_c_1": 18.48030383347905, "a_c_2": 9.78583587600303, "a_mm_0": -15.140143158026639, "a_mm_1": 6.3911941658126565, "a_mm_2": -29.916812764570878, "a_mm_3": 4.6553534693827245, "a_mm_4": -14.547620892031567, "a_mp_0": 10.645525350132608, "a_mp_1": -28.178784456416327, "a_mp_2": 9.134932483537327, "a_mp_3": -35.66048061318931, "a_mp_4": 10.766462705130238, "a_pm_0": -14.581063813702404, "a_pm_1": -31.555518674978984, "a_pm_2": -21.644970946194768, "a_pm_3": 2.561716009029439, "a_pm_4": -13.222901952771288, "a_pp_1": -26.004138470646918, "a_pp_2": -25.674070293012004, "a_pp_3": 1.590395180178632, "a_pp_4": -1.1338313263394753}, "datetime": {"datetime": "2024-07-10 11:53:32", "elapsed": 5001.85787, "delta": 200.792878}}
{"target": -51387.10454973428, "params": {"a_c_1": 1.278501921599895, "a_c_2": 8.125176994222677, "a_mm_0": -31.58894900995676, "a_mm_1": -25.56614533530624, "a_mm_2": -39.16577048891896, "a_mm_3": -9.624709879639973, "a_mm_4": 11.055922929728311, "a_mp_0": 15.784225048343998, "a_mp_1": -12.201413533410225, "a_mp_2": -33.83504347077431, "a_mp_3": -11.541693054715033, "a_mp_4": -22.572503736215992, "a_pm_0": -21.43616316770574, "a_pm_1": -25.422454593764087, "a_pm_2": 17.22149293479412, "a_pm_3": -16.155380243534236, "a_pm_4": -39.785593992095855, "a_pp_1": -10.284270252467358, "a_pp_2": 2.0118648288651, "a_pp_3": 8.916218974092175, "a_pp_4": 5.2032097605249845}, "datetime": {"datetime": "2024-07-10 11:57:20", "elapsed": 5229.111376, "delta": 227.253506}}
{"target": -113660.79099781184, "params": {"a_c_1": 14.04324531899517, "a_c_2": 1.9809562814943382, "a_mm_0": -18.993677354434265, "a_mm_1": -12.431676238523284, "a_mm_2": -31.782259090794604, "a_mm_3": -14.357351834922728, "a_mm_4": -33.91071060723572, "a_mp_0": -34.76466308763382, "a_mp_1": 10.17114366187618, "a_mp_2": -29.863146494923654, "a_mp_3": -11.627895274586471, "a_mp_4": -2.505256110344483, "a_pm_0": 16.338133038228236, "a_pm_1": -21.620606469858398, "a_pm_2": -29.132713101065182, "a_pm_3": 12.525280593574806, "a_pm_4": -21.78485213505648, "a_pp_1": -23.340815644750602, "a_pp_2": -30.992326218406212, "a_pp_3": -13.319090665464422, "a_pp_4": -26.111516446218936}, "datetime": {"datetime": "2024-07-10 12:00:08", "elapsed": 5397.119816, "delta": 168.00844}}
{"target": -19042.386273720254, "params": {"a_c_1": 7.177231934898634, "a_c_2": 3.3364657677519203, "a_mm_0": -2.506745813030811, "a_mm_1": -13.257868174792304, "a_mm_2": 0.6766066087435121, "a_mm_3": -21.948587859354276, "a_mm_4": -20.657092236002775, "a_mp_0": 19.896771810306106, "a_mp_1": -25.703565530847253, "a_mp_2": 5.771688727610176, "a_mp_3": 1.9752009832017876, "a_mp_4": -1.1295609308132697, "a_pm_0": -32.70630404489874, "a_pm_1": -39.665660964012055, "a_pm_2": 4.733195499887138, "a_pm_3": -35.018290066457965, "a_pm_4": -25.436852779385273, "a_pp_1": 19.35365790573647, "a_pp_2": 17.96685052316375, "a_pp_3": 15.279484989085589, "a_pp_4": -5.004131233926472}, "datetime": {"datetime": "2024-07-10 12:04:37", "elapsed": 5666.663988, "delta": 269.544172}}
{"target": -44717.345446596344, "params": {"a_c_1": 9.1246407340982, "a_c_2": 4.623376020117184, "a_mm_0": -19.615651105007576, "a_mm_1": 18.041198129903357, "a_mm_2": 8.958772914349225, "a_mm_3": 19.515514244660736, "a_mm_4": -21.947097197020653, "a_mp_0": -5.208956478611043, "a_mp_1": 0.9240716693480593, "a_mp_2": -16.982250727408513, "a_mp_3": -4.949319992561996, "a_mp_4": -28.208966901653717, "a_pm_0": -21.16790775384552, "a_pm_1": -31.903190075058678, "a_pm_2": -1.433277443680396, "a_pm_3": -19.951421211330576, "a_pm_4": -14.509825859834368, "a_pp_1": -17.16602326265251, "a_pp_2": -36.83501013616439, "a_pp_3": 13.751231047184731, "a_pp_4": 3.648480407597404}, "datetime": {"datetime": "2024-07-10 12:09:19", "elapsed": 5948.641069, "delta": 281.977081}}
{"target": -76299.22683080652, "params": {"a_c_1": 6.48066391075478, "a_c_2": 8.986993194285377, "a_mm_0": 0.5373933147789813, "a_mm_1": 19.50026763495527, "a_mm_2": -12.207222289682505, "a_mm_3": -33.42352753316709, "a_mm_4": -32.70408939799238, "a_mp_0": 4.788296427421329, "a_mp_1": -5.27513773176851, "a_mp_2": -26.991430633542585, "a_mp_3": -7.144246090166888, "a_mp_4": -8.211767276675804, "a_pm_0": 11.46658001424725, "a_pm_1": -36.81542534123541, "a_pm_2": -33.216918784630835, "a_pm_3": -13.443934245218514, "a_pm_4": -31.634974404630352, "a_pp_1": 19.324546632625868, "a_pp_2": -28.104845514854443, "a_pp_3": -2.822020632764726, "a_pp_4": -13.380580959648569}, "datetime": {"datetime": "2024-07-10 12:12:50", "elapsed": 6159.468695, "delta": 210.827626}}
{"target": -63878.3587117934, "params": {"a_c_1": 15.633487142052862, "a_c_2": 0.5262956850180167, "a_mm_0": -20.536296158993196, "a_mm_1": -11.813643035493907, "a_mm_2": -33.18196451827111, "a_mm_3": -1.5293614341794637, "a_mm_4": -7.947120599321188, "a_mp_0": 9.608516620976374, "a_mp_1": -13.46289667126419, "a_mp_2": -22.29875181447564, "a_mp_3": -21.04647131890548, "a_mp_4": -25.860998192906848, "a_pm_0": 15.979116246794618, "a_pm_1": 7.92275742817224, "a_pm_2": -19.392503331749676, "a_pm_3": -13.009967488749496, "a_pm_4": -33.933400097401, "a_pp_1": -4.6372213321879485, "a_pp_2": 3.73438850785886, "a_pp_3": -26.322832303040602, "a_pp_4": -13.47907989097671}, "datetime": {"datetime": "2024-07-10 12:17:16", "elapsed": 6425.571248, "delta": 266.102553}}
{"target": -65114.31742433037, "params": {"a_c_1": 13.496952020908115, "a_c_2": 4.426435139280303, "a_mm_0": -6.967273551110814, "a_mm_1": -28.30904461056709, "a_mm_2": 7.699890861790628, "a_mm_3": -33.423240014346085, "a_mm_4": -11.757116909450566, "a_mp_0": -22.53303289321263, "a_mp_1": -33.67660815136939, "a_mp_2": 11.332578793829306, "a_mp_3": -27.9882193724696, "a_mp_4": -11.843933025865233, "a_pm_0": -3.2344643900103947, "a_pm_1": -23.823267639058525, "a_pm_2": -11.220181728232347, "a_pm_3": -8.171868734257494, "a_pm_4": -13.310987701668921, "a_pp_1": -18.21048078521872, "a_pp_2": -24.638715013165555, "a_pp_3": 14.370402689201988, "a_pp_4": -9.43119386452097}, "datetime": {"datetime": "2024-07-10 12:20:31", "elapsed": 6619.923792, "delta": 194.352544}}
{"target": -32616.298321335904, "params": {"a_c_1": 14.026838843740046, "a_c_2": 5.340145855450224, "a_mm_0": -22.836263104697114, "a_mm_1": -11.281316325591458, "a_mm_2": 9.392833438459348, "a_mm_3": 12.559576101984128, "a_mm_4": 16.447724693750956, "a_mp_0": -27.04502843142451, "a_mp_1": -19.2870680581495, "a_mp_2": -32.86312353334041, "a_mp_3": 19.2953145034436, "a_mp_4": -2.1393151004855753, "a_pm_0": 2.2924914323330086, "a_pm_1": -14.155722684294581, "a_pm_2": -25.386955701991916, "a_pm_3": -16.76625288968502, "a_pm_4": -22.67869890015866, "a_pp_1": -8.055759154652161, "a_pp_2": 8.973255247602893, "a_pp_3": 9.907014977865849, "a_pp_4": -22.826787498966358}, "datetime": {"datetime": "2024-07-10 12:24:12", "elapsed": 6841.613134, "delta": 221.689342}}
{"target": -95564.18094439678, "params": {"a_c_1": 3.5516414791640605, "a_c_2": 7.23125890191389, "a_mm_0": -14.97840871815005, "a_mm_1": -29.082905336174953, "a_mm_2": -3.739183762249432, "a_mm_3": -33.24787190153551, "a_mm_4": -34.268943667202386, "a_mp_0": -39.27692812234864, "a_mp_1": -27.57480089838925, "a_mp_2": -11.259504742100336, "a_mp_3": -30.26142399896782, "a_mp_4": -35.87874669379686, "a_pm_0": -10.449310946076572, "a_pm_1": 14.188727080770533, "a_pm_2": -39.30994631802736, "a_pm_3": -26.315308416703278, "a_pm_4": 14.079206732389721, "a_pp_1": -1.9456734493649321, "a_pp_2": 9.828383071483096, "a_pp_3": 14.558568112774786, "a_pp_4": -26.87519171213458}, "datetime": {"datetime": "2024-07-10 12:27:18", "elapsed": 7027.528478, "delta": 185.915344}}
{"target": -43470.18604025588, "params": {"a_c_1": 14.790692504796269, "a_c_2": 2.6101642920357437, "a_mm_0": 16.305861581609193, "a_mm_1": 17.42897124017683, "a_mm_2": -30.387256100508566, "a_mm_3": 8.735244982428192, "a_mm_4": -37.17221936625788, "a_mp_0": -4.035995325690443, "a_mp_1": -11.084266405536592, "a_mp_2": -4.025247297242785, "a_mp_3": 5.595115594904314, "a_mp_4": 12.201546612247832, "a_pm_0": -9.818715343330432, "a_pm_1": -35.58034017244468, "a_pm_2": 14.825839181420406, "a_pm_3": -36.35309028972729, "a_pm_4": 7.668276589723803, "a_pp_1": -32.725672378366305, "a_pp_2": 14.157915222739142, "a_pp_3": -1.9337231993614807, "a_pp_4": -21.389503071999076}, "datetime": {"datetime": "2024-07-10 12:31:50", "elapsed": 7299.263447, "delta": 271.734969}}
{"target": -27759.47885950335, "params": {"a_c_1": 17.302889777561287, "a_c_2": 1.8039057562527472, "a_mm_0": -27.065905772957862, "a_mm_1": -20.446549014877935, "a_mm_2": -15.169896924867288, "a_mm_3": -26.879694315816508, "a_mm_4": 15.182623250470158, "a_mp_0": -13.57526493631783, "a_mp_1": 17.109556881819756, "a_mp_2": -24.80494361532675, "a_mp_3": -11.88684003551738, "a_mp_4": 8.096106853048646, "a_pm_0": 19.36011107399043, "a_pm_1": -13.015471601653644, "a_pm_2": -11.79942465031398, "a_pm_3": 16.44013747188295, "a_pm_4": -14.067820883204377, "a_pp_1": -13.573312782906562, "a_pp_2": 17.18889900656157, "a_pp_3": -10.186720142880347, "a_pp_4": -32.42604110635789}, "datetime": {"datetime": "2024-07-10 12:36:25", "elapsed": 7574.365382, "delta": 275.101935}}
{"target": -29569.211667126034, "params": {"a_c_1": 18.829129737263, "a_c_2": 5.014757912800513, "a_mm_0": -18.357622384567755, "a_mm_1": 14.041877412479458, "a_mm_2": -38.97155426930146, "a_mm_3": 16.85749806163372, "a_mm_4": -34.74961330903923, "a_mp_0": -35.47001735425876, "a_mp_1": 16.535557558487007, "a_mp_2": -11.322039335659959, "a_mp_3": -29.217657437853994, "a_mp_4": 18.93587986412812, "a_pm_0": -19.887034449687953, "a_pm_1": 16.480360756817042, "a_pm_2": -12.430528196117184, "a_pm_3": -17.924001160820488, "a_pm_4": -5.599854457733194, "a_pp_1": 14.631313472255506, "a_pp_2": 18.805170990411952, "a_pp_3": 1.7436168618373387, "a_pp_4": -17.90165415283788}, "datetime": {"datetime": "2024-07-10 12:44:21", "elapsed": 8050.532449, "delta": 476.167067}}
{"target": -49973.27928348018, "params": {"a_c_1": 17.271883613260457, "a_c_2": 9.243194361012293, "a_mm_0": -7.42462549936954, "a_mm_1": 2.6930482889317986, "a_mm_2": 12.289934175774654, "a_mm_3": 1.0688798091524419, "a_mm_4": -0.9740601981865282, "a_mp_0": -17.156969703351063, "a_mp_1": -3.9754270302898007, "a_mp_2": -25.409063833984995, "a_mp_3": -32.80716117860418, "a_mp_4": -24.48805331240724, "a_pm_0": -13.225766488007956, "a_pm_1": -19.326159907514423, "a_pm_2": 2.1186404381407584, "a_pm_3": -17.048332009833857, "a_pm_4": -9.708303694698834, "a_pp_1": -22.548653256739026, "a_pp_2": -34.65842847708929, "a_pp_3": 3.007724111580572, "a_pp_4": -26.553374312866893}, "datetime": {"datetime": "2024-07-10 12:47:36", "elapsed": 8245.667975, "delta": 195.135526}}
{"target": -38053.26241997066, "params": {"a_c_1": 9.308828290547279, "a_c_2": 5.939560642374698, "a_mm_0": 0.3573435127197939, "a_mm_1": -15.115414948372585, "a_mm_2": -23.253995281366656, "a_mm_3": 13.566691963748632, "a_mm_4": -1.343541135546566, "a_mp_0": -25.118312054848992, "a_mp_1": 6.085624026378689, "a_mp_2": -7.791458497539473, "a_mp_3": -14.813862391363564, "a_mp_4": -34.156546044403356, "a_pm_0": -26.67031136683279, "a_pm_1": -33.674532503700824, "a_pm_2": 1.8337636990761084, "a_pm_3": 4.857850253865394, "a_pm_4": -13.85519524039179, "a_pp_1": -36.742330642893236, "a_pp_2": -29.803807922854443, "a_pp_3": 16.694347504904357, "a_pp_4": 13.51493466406788}, "datetime": {"datetime": "2024-07-10 12:51:42", "elapsed": 8491.836031, "delta": 246.168056}}
{"target": -49233.757345267164, "params": {"a_c_1": 7.965202051448188, "a_c_2": 1.4143570408023864, "a_mm_0": -13.391647758804723, "a_mm_1": -13.98862125166659, "a_mm_2": -38.82767540971353, "a_mm_3": 3.139497450610982, "a_mm_4": -0.5537215743115809, "a_mp_0": -4.804930870477648, "a_mp_1": 8.416561574154677, "a_mp_2": 9.249058956850497, "a_mp_3": -27.151185860794627, "a_mp_4": -35.78453958980231, "a_pm_0": -17.873449494352784, "a_pm_1": 12.877681546911347, "a_pm_2": 6.5312739045134975, "a_pm_3": -24.677841855635826, "a_pm_4": 4.00711837586082, "a_pp_1": -6.0001916861563345, "a_pp_2": -23.410322314307827, "a_pp_3": 3.2388394124984217, "a_pp_4": -22.98720018049191}, "datetime": {"datetime": "2024-07-10 12:55:52", "elapsed": 8741.599017, "delta": 249.762986}}
{"target": -70172.47566443648, "params": {"a_c_1": 6.831393066384896, "a_c_2": 2.024244434849991, "a_mm_0": -6.528339471020573, "a_mm_1": -13.099381570663738, "a_mm_2": -2.0613448099622005, "a_mm_3": -39.36926876233065, "a_mm_4": -15.655944008864275, "a_mp_0": -37.7469146613287, "a_mp_1": -21.696818322139002, "a_mp_2": -34.8240136828526, "a_mp_3": -7.267631198356078, "a_mp_4": 15.226793636092665, "a_pm_0": 11.261281120516095, "a_pm_1": -10.524620361238494, "a_pm_2": -19.348896004016265, "a_pm_3": -39.86745760318959, "a_pm_4": -1.3233791135015949, "a_pp_1": -20.678339687813068, "a_pp_2": -16.53988226545359, "a_pp_3": -2.668885225254215, "a_pp_4": -28.92974412584858}, "datetime": {"datetime": "2024-07-10 12:59:14", "elapsed": 8943.723001, "delta": 202.123984}}
{"target": -89307.87301842943, "params": {"a_c_1": 11.222633943283057, "a_c_2": 4.497389443091906, "a_mm_0": -17.407195899801437, "a_mm_1": 10.266428813027126, "a_mm_2": 3.865722909145674, "a_mm_3": -30.511630250950248, "a_mm_4": 14.697685055192899, "a_mp_0": -39.88456345202591, "a_mp_1": -25.40905141163629, "a_mp_2": -31.77575838658985, "a_mp_3": -19.517614517404887, "a_mp_4": -31.120650876424165, "a_pm_0": -23.129592250078346, "a_pm_1": -15.972747636474253, "a_pm_2": -11.596842607100111, "a_pm_3": -23.809070870249233, "a_pm_4": -35.921310338385375, "a_pp_1": -7.566462204776464, "a_pp_2": -1.9969218589430255, "a_pp_3": -0.6431639954695854, "a_pp_4": -38.2792748569954}, "datetime": {"datetime": "2024-07-10 13:03:13", "elapsed": 9181.920576, "delta": 238.197575}}
{"target": -76009.67402917145, "params": {"a_c_1": 2.1172530183100524, "a_c_2": 6.682635046582718, "a_mm_0": -33.84579759932534, "a_mm_1": -36.00456032302823, "a_mm_2": -12.898798230785296, "a_mm_3": -18.115511543774865, "a_mm_4": 0.400574969803273, "a_mp_0": -37.581319571058735, "a_mp_1": -26.48129317681782, "a_mp_2": -22.888880770575152, "a_mp_3": -20.483913261963018, "a_mp_4": -39.523963759836626, "a_pm_0": -6.947028238896216, "a_pm_1": -39.21988253446768, "a_pm_2": -21.966193687394185, "a_pm_3": 14.589565762805961, "a_pm_4": -30.50828559171254, "a_pp_1": -1.698283745586032, "a_pp_2": -12.607605192135413, "a_pp_3": 15.496163533464873, "a_pp_4": -13.558322541743117}, "datetime": {"datetime": "2024-07-10 13:06:26", "elapsed": 9375.198759, "delta": 193.278183}}
