{"target": -614.4403446313472, "params": {"a_c_1": 20.0, "a_c_2": 10.0, "a_mm_0": -40.0, "a_mm_1": 20.0, "a_mm_2": 20.0, "a_mm_3": 5.33375172026306, "a_mp_0": 20.0, "a_mp_1": -4.619979333487993, "a_mp_2": 20.0, "a_mp_3": 20.0, "a_pm_0": -9.570968627947751, "a_pm_1": 20.0, "a_pm_2": 20.0, "a_pm_3": 13.118103109270638, "a_pp_1": 20.0, "a_pp_2": 1.9506708902158616, "a_pp_3": 5.050695215094585}, "datetime": {"datetime": "2024-07-13 09:38:06", "elapsed": 0.0, "delta": 0.0}}
{"target": -1712.6473941727038, "params": {"a_c_1": 20.0, "a_c_2": 10.0, "a_mm_0": 20.0, "a_mm_1": 20.0, "a_mm_2": -22.675764718231353, "a_mm_3": 20.0, "a_mp_0": 20.0, "a_mp_1": -8.49409950020218, "a_mp_2": 20.0, "a_mp_3": 20.0, "a_pm_0": -40.0, "a_pm_1": 20.0, "a_pm_2": 20.0, "a_pm_3": -10.264432187054867, "a_pp_1": 20.0, "a_pp_2": 20.0, "a_pp_3": 20.0}, "datetime": {"datetime": "2024-07-13 09:43:18", "elapsed": 311.852773, "delta": 311.852773}}
{"target": -5148.507519213592, "params": {"a_c_1": 0.0, "a_c_2": 10.0, "a_mm_0": 20.0, "a_mm_1": -16.667912930162302, "a_mm_2": -24.654790081452518, "a_mm_3": 20.0, "a_mp_0": 20.0, "a_mp_1": 0.556869456019765, "a_mp_2": -13.962705208648549, "a_mp_3": 20.0, "a_pm_0": -16.92865670550959, "a_pm_1": -40.0, "a_pm_2": 20.0, "a_pm_3": 20.0, "a_pp_1": 20.0, "a_pp_2": 20.0, "a_pp_3": 20.0}, "datetime": {"datetime": "2024-07-13 09:47:25", "elapsed": 558.412105, "delta": 246.559332}}
{"target": -5963.658727888752, "params": {"a_c_1": 0.0, "a_c_2": 10.0, "a_mm_0": -8.473413043178619, "a_mm_1": 20.0, "a_mm_2": 20.0, "a_mm_3": 20.0, "a_mp_0": -40.0, "a_mp_1": 20.0, "a_mp_2": 9.596790542927515, "a_mp_3": -14.933465600796168, "a_pm_0": -40.0, "a_pm_1": -40.0, "a_pm_2": -40.0, "a_pm_3": 20.0, "a_pp_1": 20.0, "a_pp_2": 20.0, "a_pp_3": 20.0}, "datetime": {"datetime": "2024-07-13 09:54:13", "elapsed": 966.629552, "delta": 408.217447}}
{"target": -4716.708880170903, "params": {"a_c_1": 20.0, "a_c_2": 10.0, "a_mm_0": 20.0, "a_mm_1": -40.0, "a_mm_2": 20.0, "a_mm_3": 20.0, "a_mp_0": -8.875495639779675, "a_mp_1": -1.3718975916325082, "a_mp_2": -5.646606279688067, "a_mp_3": 20.0, "a_pm_0": 20.0, "a_pm_1": -3.909960591072583, "a_pm_2": 20.0, "a_pm_3": 20.0, "a_pp_1": -40.0, "a_pp_2": 20.0, "a_pp_3": 1.498717041486571}, "datetime": {"datetime": "2024-07-13 09:57:59", "elapsed": 1192.154746, "delta": 225.525194}}
{"target": -4473.634570244799, "params": {"a_c_1": 14.734774154615321, "a_c_2": 10.0, "a_mm_0": -8.60499790986852, "a_mm_1": 20.0, "a_mm_2": 0.5563788573066194, "a_mm_3": 2.043538747242853, "a_mp_0": 20.0, "a_mp_1": -5.215316989519601, "a_mp_2": -16.799850736429278, "a_mp_3": -4.640782572045116, "a_pm_0": -40.0, "a_pm_1": -10.337176592431762, "a_pm_2": 20.0, "a_pm_3": -4.359265641264845, "a_pp_1": -10.559079759612933, "a_pp_2": 2.173363690743875, "a_pp_3": 7.40816773515076}, "datetime": {"datetime": "2024-07-13 10:01:23", "elapsed": 1397.11184, "delta": 204.957094}}
{"target": -3715.842488466898, "params": {"a_c_1": 0.0, "a_c_2": 10.0, "a_mm_0": 20.0, "a_mm_1": -40.0, "a_mm_2": 20.0, "a_mm_3": -6.085023665288866, "a_mp_0": 20.0, "a_mp_1": 20.0, "a_mp_2": 20.0, "a_mp_3": 20.0, "a_pm_0": 20.0, "a_pm_1": -40.0, "a_pm_2": 20.0, "a_pm_3": 20.0, "a_pp_1": 20.0, "a_pp_2": 20.0, "a_pp_3": 20.0}, "datetime": {"datetime": "2024-07-13 10:04:13", "elapsed": 1566.436705, "delta": 169.324865}}
{"target": -1345.2946188966448, "params": {"a_c_1": 20.0, "a_c_2": 10.0, "a_mm_0": -40.0, "a_mm_1": 20.0, "a_mm_2": 20.0, "a_mm_3": -2.7228915479320523, "a_mp_0": -40.0, "a_mp_1": 20.0, "a_mp_2": 20.0, "a_mp_3": -5.950640503056474, "a_pm_0": 20.0, "a_pm_1": 20.0, "a_pm_2": 20.0, "a_pm_3": 20.0, "a_pp_1": 20.0, "a_pp_2": -8.766279867172713, "a_pp_3": 20.0}, "datetime": {"datetime": "2024-07-13 10:09:59", "elapsed": 1912.823098, "delta": 346.386393}}
{"target": -5438.185061808301, "params": {"a_c_1": 0.0, "a_c_2": 10.0, "a_mm_0": 20.0, "a_mm_1": 20.0, "a_mm_2": 20.0, "a_mm_3": 20.0, "a_mp_0": 20.0, "a_mp_1": 20.0, "a_mp_2": -40.0, "a_mp_3": 20.0, "a_pm_0": 20.0, "a_pm_1": 20.0, "a_pm_2": -0.4590520497955047, "a_pm_3": 20.0, "a_pp_1": -40.0, "a_pp_2": 20.0, "a_pp_3": 20.0}, "datetime": {"datetime": "2024-07-13 10:15:48", "elapsed": 2261.970807, "delta": 349.147709}}
