{"target": -88784.54045129912, "params": {"a_c_1": 4.2738647525916225, "a_c_2": 7.672845084217665, "a_mm_0": -21.481483142160933, "a_mm_1": 3.994704063585651, "a_mm_2": 4.668389184663923, "a_mm_3": -26.716197945507936, "a_mm_4": -27.153271790761092, "a_mp_0": -28.063124594376, "a_mp_1": -31.44889973404932, "a_mp_2": -17.375044047559953, "a_mp_3": -38.40232691850271, "a_mp_4": -33.34477785794556, "a_pm_0": 0.47384142580462907, "a_pm_1": 7.986592213843174, "a_pm_2": -35.168228372296845, "a_pm_3": -26.097861370852478, "a_pm_4": -27.54246029177114, "a_pp_1": 15.040013784897837, "a_pp_2": 2.6788710881892044, "a_pp_3": -6.766923336915141, "a_pp_4": -21.728920724762787}, "datetime": {"datetime": "2024-07-10 11:53:57", "elapsed": 6985.391456, "delta": 178.952745}}
{"target": -40182.70707633433, "params": {"a_c_1": 16.69708095263597, "a_c_2": 4.3530595762952, "a_mm_0": 15.407372907126508, "a_mm_1": 2.3631082601559896, "a_mm_2": -11.318121522082997, "a_mm_3": -32.42739377503848, "a_mm_4": 18.56261302806486, "a_mp_0": -30.409980979354398, "a_mp_1": -27.843872486820246, "a_mp_2": -14.129094690377745, "a_mp_3": -15.747885653491164, "a_mp_4": -31.194911154142353, "a_pm_0": 3.759135161667402, "a_pm_1": -28.67529598736884, "a_pm_2": -1.3662613413002305, "a_pm_3": 5.258357034577919, "a_pm_4": -27.356056475000756, "a_pp_1": -3.942745113541605, "a_pp_2": 4.93570251475019, "a_pp_3": -1.7068773627799914, "a_pp_4": -4.172361823201058}, "datetime": {"datetime": "2024-07-10 11:58:35", "elapsed": 7263.984633, "delta": 278.593177}}
{"target": -88691.57930920475, "params": {"a_c_1": 5.909645713109941, "a_c_2": 7.316064712415088, "a_mm_0": 16.718506399996983, "a_mm_1": -14.466316584307183, "a_mm_2": 6.930909009884317, "a_mm_3": -36.63153762028508, "a_mm_4": 10.116296149397954, "a_mp_0": -28.464998990671138, "a_mp_1": -16.294187866601607, "a_mp_2": -21.995137244478613, "a_mp_3": -35.193781371637044, "a_mp_4": 14.27786017617457, "a_pm_0": -17.790749346775705, "a_pm_1": -8.158153691431632, "a_pm_2": -10.353024046220497, "a_pm_3": -32.070331483423715, "a_pm_4": -27.612756466634018, "a_pp_1": -35.428671458060734, "a_pp_2": -9.52469800328275, "a_pp_3": -24.307026890020772, "a_pp_4": -18.576303467032485}, "datetime": {"datetime": "2024-07-10 12:02:02", "elapsed": 7470.428606, "delta": 206.443973}}
{"target": -103220.61357370844, "params": {"a_c_1": 2.161306573944737, "a_c_2": 7.875518396525072, "a_mm_0": -33.60496739267194, "a_mm_1": 19.14252942279127, "a_mm_2": -29.37033013369496, "a_mm_3": -5.655693253921044, "a_mm_4": -37.30927992465471, "a_mp_0": 7.226977379350046, "a_mp_1": -28.62364313090221, "a_mp_2": -8.3257612955124, "a_mp_3": 4.404652589544298, "a_mp_4": -31.004110904964644, "a_pm_0": -6.934769548781695, "a_pm_1": -27.002967500273236, "a_pm_2": 5.551762959028679, "a_pm_3": 3.3749116133728236, "a_pm_4": -29.40705794337502, "a_pp_1": 11.717993460024402, "a_pp_2": -38.813494029019346, "a_pp_3": 11.614219845386913, "a_pp_4": -6.465771330343699}, "datetime": {"datetime": "2024-07-10 12:04:39", "elapsed": 7627.215254, "delta": 156.786648}}
{"target": -18261.2799889605, "params": {"a_c_1": 8.064409442116984, "a_c_2": 7.587469310223366, "a_mm_0": 3.0157401015481895, "a_mm_1": 19.239570488505592, "a_mm_2": -23.314897083221034, "a_mm_3": -39.772379655439444, "a_mm_4": 16.034156498893267, "a_mp_0": 11.473826272273627, "a_mp_1": 3.731052651155352, "a_mp_2": -8.998673024707696, "a_mp_3": 2.417374714925657, "a_mp_4": 6.831773412604562, "a_pm_0": -17.507443387788438, "a_pm_1": 6.219351519797456, "a_pm_2": 5.0374591505105215, "a_pm_3": -3.207327307344414, "a_pm_4": -15.888044561929757, "a_pp_1": 1.8384811558604568, "a_pp_2": -39.81322853048847, "a_pp_3": 6.493798803475869, "a_pp_4": 13.784996147410816}, "datetime": {"datetime": "2024-07-10 12:07:44", "elapsed": 7812.777596, "delta": 185.562342}}
{"target": -44859.95312101642, "params": {"a_c_1": 4.786314148750092, "a_c_2": 1.2076718430922972, "a_mm_0": -26.782960732376345, "a_mm_1": -21.874196122594103, "a_mm_2": 12.981710513830052, "a_mm_3": -7.410014185714331, "a_mm_4": -22.797301023614164, "a_mp_0": -31.698718612423207, "a_mp_1": -22.5913322137275, "a_mp_2": -3.167734615524843, "a_mp_3": -20.5516882061532, "a_mp_4": -12.558389098540093, "a_pm_0": -13.352973579003134, "a_pm_1": 9.688121643890724, "a_pm_2": -14.419110745826163, "a_pm_3": -19.25807072946986, "a_pm_4": 0.4982962885463138, "a_pp_1": -26.711076655988276, "a_pp_2": -11.965250564406773, "a_pp_3": -21.114058760559015, "a_pp_4": -2.3886638702299194}, "datetime": {"datetime": "2024-07-10 12:10:40", "elapsed": 7988.598756, "delta": 175.82116}}
{"target": -31342.45077572198, "params": {"a_c_1": 17.54720949389625, "a_c_2": 4.476890001456285, "a_mm_0": 7.067445127515384, "a_mm_1": -12.582057966306976, "a_mm_2": -0.6262400969721185, "a_mm_3": -32.089541498349874, "a_mm_4": -14.021109581941111, "a_mp_0": 14.558719319296202, "a_mp_1": -3.671259938143919, "a_mp_2": 6.00647523422613, "a_mp_3": -9.717963514246339, "a_mp_4": -10.11666251031955, "a_pm_0": 10.573990411570996, "a_pm_1": -35.931583939542776, "a_pm_2": -5.603663707018924, "a_pm_3": 16.565754525976956, "a_pm_4": -8.928397109660686, "a_pp_1": -28.332051428326928, "a_pp_2": 10.876363546608573, "a_pp_3": -24.90165145864883, "a_pp_4": 2.0435621889522793}, "datetime": {"datetime": "2024-07-10 12:14:24", "elapsed": 8212.990548, "delta": 224.391792}}
{"target": -29789.43603137896, "params": {"a_c_1": 10.805218807937997, "a_c_2": 9.488362882802196, "a_mm_0": -2.5397978558394456, "a_mm_1": 10.278677722863762, "a_mm_2": -39.524027428328615, "a_mm_3": 19.36040336999828, "a_mm_4": -35.33712578005681, "a_mp_0": -20.672229183113824, "a_mp_1": 16.76914372740592, "a_mp_2": -39.4636538577253, "a_mp_3": 9.363800325316134, "a_mp_4": 11.67269830200766, "a_pm_0": -13.610151147485649, "a_pm_1": -24.65528837164413, "a_pm_2": 8.161371177997914, "a_pm_3": -11.32827973406673, "a_pm_4": -31.939683480658232, "a_pp_1": 15.670939569500646, "a_pp_2": 13.758198020398908, "a_pp_3": -10.50729099898388, "a_pp_4": 11.40214979106753}, "datetime": {"datetime": "2024-07-10 12:17:59", "elapsed": 8427.706928, "delta": 214.71638}}
{"target": -56119.32424129718, "params": {"a_c_1": 8.371560515281972, "a_c_2": 6.834649001663012, "a_mm_0": -16.120561635524652, "a_mm_1": -9.655478952951377, "a_mm_2": -28.626897829964363, "a_mm_3": 17.89933544665483, "a_mm_4": -22.34705870534472, "a_mp_0": -33.79242663301592, "a_mp_1": -31.341075986257113, "a_mp_2": -39.15446234845342, "a_mp_3": 2.9567419677436675, "a_mp_4": -6.130100785547555, "a_pm_0": 7.674701071085131, "a_pm_1": -9.575204602951814, "a_pm_2": 7.509262370249232, "a_pm_3": 1.7458528563103641, "a_pm_4": 6.670908611550523, "a_pp_1": -15.611027861374822, "a_pp_2": -1.1337620087511269, "a_pp_3": -29.212342138421537, "a_pp_4": -20.690802196725762}, "datetime": {"datetime": "2024-07-10 12:22:34", "elapsed": 8702.253775, "delta": 274.546847}}
{"target": -23727.221963950837, "params": {"a_c_1": 3.45209240239585, "a_c_2": 4.086372250132624, "a_mm_0": -25.51487512206407, "a_mm_1": -15.584680352238525, "a_mm_2": 18.513340546238723, "a_mm_3": -20.780840450678124, "a_mm_4": 18.94945669849372, "a_mp_0": -1.8216324486409832, "a_mp_1": -17.494538896365338, "a_mp_2": 11.449069945015793, "a_mp_3": -2.824795637885572, "a_mp_4": -24.87801519214964, "a_pm_0": 7.571340678613254, "a_pm_1": -14.023689475950217, "a_pm_2": -18.549329960173516, "a_pm_3": -20.183383808495144, "a_pm_4": 1.8421325367883625, "a_pp_1": -23.880992565626407, "a_pp_2": 8.496680822322809, "a_pp_3": -22.28267233600913, "a_pp_4": -7.352716984878569}, "datetime": {"datetime": "2024-07-10 12:26:21", "elapsed": 8929.211425, "delta": 226.95765}}
{"target": -48225.11061503047, "params": {"a_c_1": 9.758429836104048, "a_c_2": 8.553564125953697, "a_mm_0": 13.303186063723153, "a_mm_1": -28.936933457933996, "a_mm_2": -4.879092463704936, "a_mm_3": 13.892302761028226, "a_mm_4": -13.232966857934219, "a_mp_0": 15.31209832902892, "a_mp_1": -23.260546572581745, "a_mp_2": -3.470129548372256, "a_mp_3": 0.9472225860089267, "a_mp_4": -26.307655998970954, "a_pm_0": -39.17394924653699, "a_pm_1": -14.996562257758235, "a_pm_2": 16.308913511404043, "a_pm_3": -19.418313410175607, "a_pm_4": 6.784657728955999, "a_pp_1": -29.515821230355556, "a_pp_2": -19.482829821852853, "a_pp_3": -31.324136749714196, "a_pp_4": 3.006248848782562}, "datetime": {"datetime": "2024-07-10 12:29:10", "elapsed": 9098.937129, "delta": 169.725704}}
{"target": -55282.325482511354, "params": {"a_c_1": 13.986152473936285, "a_c_2": 6.8849731794891875, "a_mm_0": -24.79623793082202, "a_mm_1": 1.541607297404532, "a_mm_2": -26.362147545043026, "a_mm_3": -14.521053044119618, "a_mm_4": -17.684672699938766, "a_mp_0": -18.681525302792668, "a_mp_1": -36.54071156552462, "a_mp_2": -2.1012023880436246, "a_mp_3": 2.438996160901972, "a_mp_4": -3.1846783298298647, "a_pm_0": -1.1012346302125238, "a_pm_1": -29.803557146964536, "a_pm_2": -31.033192063668253, "a_pm_3": -9.149497388447031, "a_pm_4": 12.519963581272343, "a_pp_1": -28.96279350716668, "a_pp_2": -12.229652877504407, "a_pp_3": -14.264059958205824, "a_pp_4": -10.162648844829022}, "datetime": {"datetime": "2024-07-10 12:31:37", "elapsed": 9245.998217, "delta": 147.061088}}
{"target": -14228.220089802182, "params": {"a_c_1": 3.2302154097202385, "a_c_2": 3.424406411348105, "a_mm_0": -24.287175753788787, "a_mm_1": 10.67161659376874, "a_mm_2": 8.019934746584106, "a_mm_3": -14.401650503911384, "a_mm_4": -3.5790723526576684, "a_mp_0": -31.2720633840268, "a_mp_1": -9.423202346946482, "a_mp_2": -22.183174852785726, "a_mp_3": 11.579057214152066, "a_mp_4": 0.29590285438339237, "a_pm_0": -1.9915592426547448, "a_pm_1": -32.51492199584925, "a_pm_2": -11.764727230066857, "a_pm_3": 19.19436677521289, "a_pm_4": 16.897950444359907, "a_pp_1": -1.2948615843733862, "a_pp_2": -30.89650773808158, "a_pp_3": -1.6523890768056972, "a_pp_4": -6.06027324736435}, "datetime": {"datetime": "2024-07-10 12:35:24", "elapsed": 9472.521685, "delta": 226.523468}}
{"target": -87896.18655520074, "params": {"a_c_1": 9.37331675322504, "a_c_2": 4.280374694682702, "a_mm_0": -4.043814660518194, "a_mm_1": 10.99819331095793, "a_mm_2": 5.06726242231624, "a_mm_3": -5.2383675821660205, "a_mm_4": 15.482250892161687, "a_mp_0": -36.115600993507066, "a_mp_1": 19.480790523908546, "a_mp_2": -36.820327439920625, "a_mp_3": -28.030267231686317, "a_mp_4": -14.634840301326342, "a_pm_0": -33.54946742888994, "a_pm_1": -2.5797753401378927, "a_pm_2": -37.12044615706796, "a_pm_3": -22.92256713958347, "a_pm_4": -36.33779913281973, "a_pp_1": 2.211159866304868, "a_pp_2": 0.10737005536891786, "a_pp_3": -17.285164404963865, "a_pp_4": -28.708344398210727}, "datetime": {"datetime": "2024-07-10 12:38:12", "elapsed": 9640.286327, "delta": 167.764642}}
{"target": -54137.88717294314, "params": {"a_c_1": 14.940096580598903, "a_c_2": 3.4037929076546725, "a_mm_0": 7.7180700443385675, "a_mm_1": -10.725943649222781, "a_mm_2": -8.459833338941237, "a_mm_3": -38.290549030505964, "a_mm_4": -1.3460788072580954, "a_mp_0": -18.960609854069958, "a_mp_1": -26.247698362476058, "a_mp_2": -13.966997427297965, "a_mp_3": -17.051952563744944, "a_mp_4": -11.812657594818386, "a_pm_0": 18.769001250788385, "a_pm_1": -18.137315777906174, "a_pm_2": 6.464608000162372, "a_pm_3": -6.8339442070064536, "a_pm_4": 13.34786534644897, "a_pp_1": -18.70282893102568, "a_pp_2": -25.268879188809553, "a_pp_3": 14.6611543794181, "a_pp_4": -37.38794417453408}, "datetime": {"datetime": "2024-07-10 12:42:09", "elapsed": 9877.685586, "delta": 237.399259}}
{"target": -67786.72278522351, "params": {"a_c_1": 19.015068561220044, "a_c_2": 5.564069156709253, "a_mm_0": -17.41820699877475, "a_mm_1": 19.703139340346667, "a_mm_2": -36.4982412311421, "a_mm_3": -8.997618413943272, "a_mm_4": -38.13417547266713, "a_mp_0": -5.729455648825997, "a_mp_1": -29.171889460293066, "a_mp_2": -2.142447979628173, "a_mp_3": 18.85542054503489, "a_mp_4": 12.494153072742854, "a_pm_0": -12.889825034747762, "a_pm_1": 2.507652203103035, "a_pm_2": 6.6481250001913565, "a_pm_3": -10.309414949046182, "a_pm_4": -8.287990589346094, "a_pp_1": -30.952936097668445, "a_pp_2": -17.836004463285626, "a_pp_3": -31.4667248156328, "a_pp_4": 3.6136252006737593}, "datetime": {"datetime": "2024-07-10 12:45:33", "elapsed": 10081.403901, "delta": 203.718315}}
{"target": -82852.18686003078, "params": {"a_c_1": 9.540259888045263, "a_c_2": 4.488788367067656, "a_mm_0": 13.15987826992108, "a_mm_1": -8.342873661306317, "a_mm_2": -15.454550084988405, "a_mm_3": -23.86647866724125, "a_mm_4": -35.679277889813804, "a_mp_0": -14.911831976481054, "a_mp_1": -38.454791055605, "a_mp_2": -22.53076356685432, "a_mp_3": -9.789429409096211, "a_mp_4": 17.955983901183338, "a_pm_0": -33.437025148384926, "a_pm_1": 0.38246325299731865, "a_pm_2": -10.004057734048, "a_pm_3": 6.625893756546979, "a_pm_4": -31.383580127547443, "a_pp_1": -35.00784181384746, "a_pp_2": -16.046883678852772, "a_pp_3": 7.817735118794005, "a_pp_4": -28.499455665406593}, "datetime": {"datetime": "2024-07-10 12:49:10", "elapsed": 10298.306084, "delta": 216.902183}}
{"target": -64758.907528523945, "params": {"a_c_1": 15.35554384294548, "a_c_2": 2.902979970618682, "a_mm_0": -26.98651074329228, "a_mm_1": -38.99706465537962, "a_mm_2": -16.080456404657276, "a_mm_3": -17.135110522392857, "a_mm_4": -0.43930382827811343, "a_mp_0": -35.74489597177677, "a_mp_1": -30.84376077746369, "a_mp_2": -39.00544702594395, "a_mp_3": -33.17221861315559, "a_mp_4": -0.8926434393945755, "a_pm_0": -15.840588869504849, "a_pm_1": -20.73842114996105, "a_pm_2": -6.525280345373652, "a_pm_3": 19.607627785990992, "a_pm_4": 10.069190841081777, "a_pp_1": 1.9773909439750312, "a_pp_2": 15.095515347923474, "a_pp_3": -37.616277599014914, "a_pp_4": -35.77999350306848}, "datetime": {"datetime": "2024-07-10 12:51:59", "elapsed": 10467.810424, "delta": 169.50434}}
{"target": -45976.691835446916, "params": {"a_c_1": 9.480125799761092, "a_c_2": 3.4916741295707734, "a_mm_0": 16.235123727706934, "a_mm_1": -10.626102331289886, "a_mm_2": -7.621053394398963, "a_mm_3": 13.715621943873245, "a_mm_4": -13.201897250578568, "a_mp_0": 12.622063356221119, "a_mp_1": -24.7850950377023, "a_mp_2": -23.571417750513486, "a_mp_3": -20.29831659474459, "a_mp_4": -7.146143771142789, "a_pm_0": -26.792279558381125, "a_pm_1": 0.2857502648763983, "a_pm_2": -31.432403031819973, "a_pm_3": -34.35398353002164, "a_pm_4": 12.211504772322655, "a_pp_1": -25.78787778658009, "a_pp_2": -16.83975933864427, "a_pp_3": -5.707474436480062, "a_pp_4": -8.4518818029118}, "datetime": {"datetime": "2024-07-10 12:55:04", "elapsed": 10652.811167, "delta": 185.000743}}
{"target": -63666.38888462508, "params": {"a_c_1": 1.5204775888421374, "a_c_2": 8.741259355980283, "a_mm_0": 17.068137105121522, "a_mm_1": 8.750438250480308, "a_mm_2": -22.971889903187545, "a_mm_3": -8.32919223292243, "a_mm_4": -19.63499655894343, "a_mp_0": -6.719961352739993, "a_mp_1": 18.46420813478015, "a_mp_2": -21.297824936861115, "a_mp_3": 0.12779635537218326, "a_mp_4": -20.44196756146085, "a_pm_0": 6.468635960904777, "a_pm_1": -20.45140200320771, "a_pm_2": 13.389640486842495, "a_pm_3": 5.10246325515601, "a_pm_4": 5.757925726706638, "a_pp_1": -11.831258286404456, "a_pp_2": -27.35412985187768, "a_pp_3": -37.511495225410066, "a_pp_4": -20.69027200178533}, "datetime": {"datetime": "2024-07-10 12:58:59", "elapsed": 10887.866319, "delta": 235.055152}}
{"target": -42242.264288316015, "params": {"a_c_1": 0.7422532898798884, "a_c_2": 6.938554113738997, "a_mm_0": 0.22100191617010267, "a_mm_1": -14.171693035301502, "a_mm_2": 6.067338659490382, "a_mm_3": -7.839490315626179, "a_mm_4": -37.608404401872846, "a_mp_0": -31.91241292235926, "a_mp_1": -28.395016059104897, "a_mp_2": -19.860171930121012, "a_mp_3": -36.861223213751394, "a_mp_4": -3.692993169978024, "a_pm_0": -9.27633834856487, "a_pm_1": -2.9523392789706335, "a_pm_2": -14.058664314139357, "a_pm_3": 10.862028094246263, "a_pm_4": -12.75645663645092, "a_pp_1": -39.075788812484745, "a_pp_2": 12.384088906825966, "a_pp_3": -0.6279071353540644, "a_pp_4": 9.380182438908257}, "datetime": {"datetime": "2024-07-10 13:02:34", "elapsed": 11102.437713, "delta": 214.571394}}
{"target": -48313.17815279382, "params": {"a_c_1": 19.035513860677035, "a_c_2": 0.509123835168872, "a_mm_0": -25.895688154539126, "a_mm_1": -36.19939339261961, "a_mm_2": -14.700526838052944, "a_mm_3": 11.829748730087118, "a_mm_4": -35.10256103709591, "a_mp_0": -11.61328282684729, "a_mp_1": -32.467413411476585, "a_mp_2": 6.3731361300270635, "a_mp_3": 10.485329407750605, "a_mp_4": -37.402543708830486, "a_pm_0": -10.813555409776313, "a_pm_1": -25.635337351734645, "a_pm_2": 17.148426901595556, "a_pm_3": 16.633557667027766, "a_pm_4": -3.1639598569179483, "a_pp_1": 18.409243839511774, "a_pp_2": -19.30831937702494, "a_pp_3": 13.871043060060906, "a_pp_4": -13.924301595489432}, "datetime": {"datetime": "2024-07-10 13:06:33", "elapsed": 11341.12739, "delta": 238.689677}}
{"target": -51391.25601193828, "params": {"a_c_1": 4.716292742950275, "a_c_2": 9.408279632013993, "a_mm_0": 1.05308305899365, "a_mm_1": -36.10530487965224, "a_mm_2": 12.22549140938397, "a_mm_3": 2.0828176780007794, "a_mm_4": -3.7043876215430984, "a_mp_0": 3.9424939507598324, "a_mp_1": -24.793657450013153, "a_mp_2": -3.970662683527337, "a_mp_3": 8.877150875699321, "a_mp_4": -36.75318038056, "a_pm_0": -32.16935971964404, "a_pm_1": 10.54674859738482, "a_pm_2": -2.899247840326872, "a_pm_3": -8.12273137113652, "a_pm_4": -25.102556260174083, "a_pp_1": -22.29528548503025, "a_pp_2": 12.36116989516772, "a_pp_3": -14.700043909017445, "a_pp_4": -36.13418466522359}, "datetime": {"datetime": "2024-07-10 13:09:39", "elapsed": 11527.383559, "delta": 186.256169}}
{"target": -19602.163180441916, "params": {"a_c_1": 17.93970139015165, "a_c_2": 2.033808328240511, "a_mm_0": 9.573652129543483, "a_mm_1": 12.906237384968435, "a_mm_2": -10.794955310899713, "a_mm_3": -4.0921184137218205, "a_mm_4": -8.363952610874982, "a_mp_0": -2.510722348870061, "a_mp_1": 11.302503280841087, "a_mp_2": -23.071633095708364, "a_mp_3": 13.025330490836055, "a_mp_4": -5.938580192851042, "a_pm_0": -33.0938175419858, "a_pm_1": -26.37993008712052, "a_pm_2": -4.241056863219171, "a_pm_3": -25.633225785719176, "a_pm_4": -32.11506036775236, "a_pp_1": -30.289137152569893, "a_pp_2": 10.692351094144342, "a_pp_3": -3.8689807664373532, "a_pp_4": 17.81402523130052}, "datetime": {"datetime": "2024-07-10 13:12:21", "elapsed": 11689.31211, "delta": 161.928551}}
{"target": -46574.91690022659, "params": {"a_c_1": 6.913584265920509, "a_c_2": 5.956250981349497, "a_mm_0": -4.0608826615948175, "a_mm_1": -3.0577427677630737, "a_mm_2": -36.44936756885666, "a_mm_3": 5.0190310744811555, "a_mm_4": 16.892569891257516, "a_mp_0": -7.919256569224672, "a_mp_1": -28.446638742695896, "a_mp_2": 5.175554898796534, "a_mp_3": -39.56086184032817, "a_mp_4": -20.30463378095315, "a_pm_0": 15.056380858663594, "a_pm_1": -4.697960026367397, "a_pm_2": 11.311417034248116, "a_pm_3": -3.7196768590487324, "a_pm_4": 9.354689151432261, "a_pp_1": 12.769011405759016, "a_pp_2": -20.74081752853281, "a_pp_3": -32.62271370686929, "a_pp_4": 3.278200651194247}, "datetime": {"datetime": "2024-07-10 13:14:58", "elapsed": 11846.487392, "delta": 157.175282}}
{"target": -92017.85736500421, "params": {"a_c_1": 8.806941736624765, "a_c_2": 1.267357091420086, "a_mm_0": -4.610581113406646, "a_mm_1": -37.835901125808405, "a_mm_2": -27.989073015340786, "a_mm_3": 7.2980713800781345, "a_mm_4": -39.274194399078524, "a_mp_0": -21.799259697485855, "a_mp_1": -38.717442334715756, "a_mp_2": 19.849099563699767, "a_mp_3": -5.078201419392293, "a_mp_4": -22.397423290836603, "a_pm_0": 15.736967713586942, "a_pm_1": -9.572834587107732, "a_pm_2": -12.718466346855585, "a_pm_3": -4.727709622228815, "a_pm_4": -24.15174134736582, "a_pp_1": -21.682702039154, "a_pp_2": -17.700725396549053, "a_pp_3": -25.333120037703345, "a_pp_4": -4.927164033002214}, "datetime": {"datetime": "2024-07-10 13:19:17", "elapsed": 12105.345865, "delta": 258.858473}}
{"target": -42867.71403419616, "params": {"a_c_1": 13.916922678646529, "a_c_2": 0.7194722016400112, "a_mm_0": 18.264999177527827, "a_mm_1": 5.184239352167296, "a_mm_2": 8.369789777204495, "a_mm_3": 5.098424244877428, "a_mm_4": -35.19634136372696, "a_mp_0": -11.098223018729378, "a_mp_1": -13.259622615900636, "a_mp_2": 0.3483590314957894, "a_mp_3": -13.075764470540683, "a_mp_4": 2.2588039030345755, "a_pm_0": 0.8987202561573753, "a_pm_1": 1.8289117251653764, "a_pm_2": -2.883955446307816, "a_pm_3": -30.941156003221252, "a_pm_4": 5.648147378345364, "a_pp_1": 6.862749331637424, "a_pp_2": 14.24617915482829, "a_pp_3": -25.973878443753645, "a_pp_4": -29.399266415659515}, "datetime": {"datetime": "2024-07-10 13:23:45", "elapsed": 12373.988565, "delta": 268.6427}}
{"target": -66134.63885140225, "params": {"a_c_1": 7.8219824621352485, "a_c_2": 3.2056465399516023, "a_mm_0": 8.92861574033757, "a_mm_1": -3.1884460198941014, "a_mm_2": 5.60010514098493, "a_mm_3": -14.34009401818215, "a_mm_4": -34.03356622506465, "a_mp_0": -33.097899276985224, "a_mp_1": -17.595572095768283, "a_mp_2": -28.36913394942957, "a_mp_3": 9.244789917376295, "a_mp_4": -4.021839494576994, "a_pm_0": 1.3307155411199005, "a_pm_1": -10.53340232174223, "a_pm_2": -34.70957912546913, "a_pm_3": -25.895341798829783, "a_pm_4": -12.30387514650268, "a_pp_1": -28.084509816764424, "a_pp_2": -38.47142585327078, "a_pp_3": 3.7638618953691605, "a_pp_4": 3.4950048331471493}, "datetime": {"datetime": "2024-07-10 13:27:20", "elapsed": 12588.586552, "delta": 214.597987}}
