{"target": -88979.3456364192, "params": {"a_c_1": 8.34044009405148, "a_c_2": 7.203244934421581, "a_mm_0": -39.99313751095931, "a_mm_1": -21.860045642089613, "a_mm_2": -31.194646550973218, "a_mm_3": -34.45968431387213, "a_mm_4": -28.824387317339745, "a_mp_0": -19.266356377417136, "a_mp_1": -16.193951546159802, "a_mp_2": -7.6709959597985815, "a_mp_3": -14.848329135802313, "a_mp_4": 1.1131700238055728, "a_pm_0": -27.732865016108953, "a_pm_1": 12.687046183456722, "a_pm_2": -38.35674440812443, "a_pm_3": 0.22805061070413046, "a_pm_4": -14.961711857972382, "a_pp_1": -6.478610293254903, "a_pp_2": -31.576783684285974, "a_pp_3": -28.113910654907272, "a_pp_4": 8.0446741205322}, "datetime": {"datetime": "2024-07-10 09:57:31", "elapsed": 0.0, "delta": 0.0}}
{"target": -25565.823698170163, "params": {"a_c_1": 19.36523151438795, "a_c_2": 3.1342417815924284, "a_mm_0": 1.5393569401588465, "a_mm_1": 12.583349137762298, "a_mm_2": 13.67639981023084, "a_mm_3": -34.89734731781333, "a_mm_4": -37.65671300602706, "a_mp_0": -29.810174826125866, "a_mp_1": 12.688550205764791, "a_mp_2": -34.099189970016994, "a_mp_3": -14.73354249969687, "a_mp_4": 17.473371809030112, "a_pm_0": -8.010082901618976, "a_pm_1": 1.5126268370283995, "a_pm_2": -21.069062139636223, "a_pm_3": 1.1900556608950197, "a_pm_4": 10.077540313842377, "a_pp_1": -38.90270335934849, "a_pp_2": 5.008658896698051, "a_pp_3": 19.331665334389683, "a_pp_4": 4.889939262790364}, "datetime": {"datetime": "2024-07-10 10:02:53", "elapsed": 321.372137, "delta": 321.372137}}
{"target": -76496.45805637797, "params": {"a_c_1": 5.608879841288104, "a_c_2": 7.892793284514886, "a_mm_0": -33.80643960534148, "a_mm_1": -13.12638842944569, "a_mm_2": 14.515730185585731, "a_mm_3": -22.38315109757923, "a_mm_4": -22.733479684819077, "a_mp_0": -32.19828567290334, "a_mp_1": -38.837982527782174, "a_mp_2": 0.7301319763934586, "a_mp_3": -27.302313039996456, "a_mp_4": -24.06720043766643, "a_pm_0": -10.505610443179702, "a_pm_1": -36.79824729297518, "a_pm_2": -5.552943670479216, "a_pm_3": -31.19628550565139, "a_pm_4": -4.6416677858029445, "a_pp_1": 1.9855016012558693, "a_pp_2": -33.85993427033045, "a_pp_3": -15.156640730825902, "a_pp_4": 1.664009463664705}, "datetime": {"datetime": "2024-07-10 10:06:54", "elapsed": 562.887596, "delta": 241.515459}}
{"target": -19032.288346244743, "params": {"a_c_1": 8.283585390538054, "a_c_2": 0.4995345894608716, "a_mm_0": -7.846215645069307, "a_mm_1": -0.172321286812668, "a_mm_2": -9.106653276501486, "a_mm_3": 16.6756853594488, "a_mm_4": -4.806697569880427, "a_mp_0": 14.20411491727301, "a_mp_1": -31.751517751225748, "a_mp_2": -31.643419164954487, "a_mp_3": 8.443477322571425, "a_mp_4": -16.139389780867987, "a_pm_0": -30.078748172984035, "a_pm_1": 15.650514823762038, "a_pm_2": -19.134048415269607, "a_pm_3": 5.048726188169333, "a_pm_4": 3.5598791210270875, "a_pp_1": 12.998365472348588, "a_pp_2": -2.579667576663468, "a_pp_3": 5.056546041640232, "a_pp_4": -19.06609948132945}, "datetime": {"datetime": "2024-07-10 10:09:58", "elapsed": 746.147495, "delta": 183.259899}}
{"target": -36749.23820610634, "params": {"a_c_1": 5.3985578353005215, "a_c_2": 8.958862181960669, "a_mm_0": -14.314528607722306, "a_mm_1": 17.890402828903134, "a_mm_2": -0.19351013089311664, "a_mm_3": -2.698256787452692, "a_mm_4": -33.11524162279749, "a_mp_0": 16.969355522424273, "a_mp_1": -13.005271991203568, "a_mp_2": -5.296623136772091, "a_mp_3": -15.51179183432313, "a_mp_4": -25.77838118541834, "a_pm_0": 14.202771233735227, "a_pm_1": -5.579230799662852, "a_pm_2": -39.82778037813046, "a_pm_3": -2.9713051827565664, "a_pm_4": -20.40130589367423, "a_pp_1": -8.37651386454344, "a_pp_2": 13.15652595864647, "a_pp_3": -18.563814399850013, "a_pp_4": 14.512109055187949}, "datetime": {"datetime": "2024-07-10 10:14:33", "elapsed": 1021.37068, "delta": 275.223185}}
{"target": -91165.31524692973, "params": {"a_c_1": 12.467202315836055, "a_c_2": 0.15821242846556283, "a_mm_0": 15.766234024625675, "a_mm_1": 1.4538150510154395, "a_mm_2": 19.83937102708883, "a_mm_3": -29.659569499280288, "a_mm_4": -31.771855022267335, "a_mp_0": 15.955727782229815, "a_mp_1": 1.809089689394007, "a_mp_2": -36.03998963667625, "a_mp_3": 5.32778315614798, "a_mp_4": 5.232571307674782, "a_pm_0": 15.381472132789, "a_pm_1": 2.6914855177083084, "a_pm_2": -32.54374228167012, "a_pm_3": -38.80719196961226, "a_pm_4": -38.427340787336846, "a_pp_1": -38.30161071875232, "a_pp_2": -25.227335943817245, "a_pp_3": 11.601676920973283, "a_pp_4": -7.670136139500826}, "datetime": {"datetime": "2024-07-10 10:17:52", "elapsed": 1220.187467, "delta": 198.816787}}
{"target": -128855.74260563281, "params": {"a_c_1": 11.056439573715318, "a_c_2": 8.420308923596057, "a_mm_0": -32.54960109280533, "a_mm_1": -23.24897925933163, "a_mm_2": -4.854443712502729, "a_mm_3": 18.175744899180472, "a_mm_4": -6.3381868446574, "a_mp_0": -38.88116263762342, "a_mp_1": 8.037960360836976, "a_mp_2": -26.021543569538775, "a_mp_3": 8.426311737126746, "a_mp_4": -16.728361356149694, "a_pm_0": 11.812511273565718, "a_pm_1": 4.827298564231079, "a_pm_2": -6.625585960574867, "a_pm_3": -31.812686460358897, "a_pm_4": -36.4049386292673, "a_pp_1": -32.71939265555576, "a_pp_2": -37.3268872873143, "a_pp_3": -33.55035225363443, "a_pp_4": -26.45743968352872}, "datetime": {"datetime": "2024-07-10 10:20:45", "elapsed": 1393.920996, "delta": 173.733529}}
{"target": -90446.39192293852, "params": {"a_c_1": 14.259779607653533, "a_c_2": 5.597169820541424, "a_mm_0": -39.24664119045305, "a_mm_1": -35.68154321863079, "a_mm_2": 18.03657980001632, "a_mm_3": -5.913972284803471, "a_mm_4": -27.802405920340572, "a_mp_0": -24.860455325780595, "a_mp_1": 4.629551244505578, "a_mp_2": -28.27423113344087, "a_mp_3": -5.118464363604531, "a_mp_4": 18.20119934529874, "a_pm_0": 10.809728089402114, "a_pm_1": -25.609134451144833, "a_pm_2": -10.373817143876202, "a_pm_3": -2.8026568971172168, "a_pm_4": 9.738853973010727, "a_pp_1": -30.592516321234946, "a_pp_2": -38.88542786935543, "a_pp_3": -35.79867137684666, "a_pp_4": -10.819293343778092}, "datetime": {"datetime": "2024-07-10 10:23:29", "elapsed": 1557.851582, "delta": 163.930586}}
{"target": -67707.71475068497, "params": {"a_c_1": 12.126589233066607, "a_c_2": 5.688514370864813, "a_mm_0": -20.958255440670357, "a_mm_1": 19.31696926474693, "a_mm_2": -5.215286845252187, "a_mm_3": -17.191529642586975, "a_mm_4": -6.943106852926192, "a_mp_0": 4.720065854390128, "a_mp_1": 0.15397360719107667, "a_mp_2": -24.104826540231436, "a_mp_3": -36.01990993429351, "a_mp_4": -17.794948125153624, "a_pm_0": -2.216949578706128, "a_pm_1": -27.389559405109623, "a_pm_2": 5.165333224328833, "a_pm_3": -36.007811118753104, "a_pm_4": -24.381094085287543, "a_pp_1": 8.285273824600722, "a_pp_2": -28.393943042600334, "a_pp_3": -1.632347147203589, "a_pp_4": -8.519781452575977}, "datetime": {"datetime": "2024-07-10 10:27:02", "elapsed": 1771.003665, "delta": 213.152083}}
{"target": -551.3363190088229, "params": {"a_c_1": 18.496159407987015, "a_c_2": 2.6329677048711098, "a_mm_0": -36.04233455895857, "a_mm_1": 4.10395779732017, "a_mm_2": 6.330681772594808, "a_mm_3": 14.468951150211439, "a_mm_4": 15.91832415181024, "a_mp_0": -39.162905621464176, "a_mp_1": -25.938274832714768, "a_mp_2": -2.9932985799005394, "a_mp_3": 16.940979241256983, "a_mp_4": 17.010567154824784, "a_pm_0": -6.600808708290614, "a_pm_1": 14.93638098597647, "a_pm_2": -1.5060274632197448, "a_pm_3": -16.599537151525226, "a_pm_4": -10.840559974185414, "a_pp_1": -3.7413710248016088, "a_pp_2": -7.027124709486245, "a_pp_3": 15.570885602387222, "a_pp_4": 15.12400613801637}, "datetime": {"datetime": "2024-07-10 10:42:25", "elapsed": 2693.178055, "delta": 922.17439}}
{"target": -49078.1427612094, "params": {"a_c_1": 7.897512258471098, "a_c_2": 9.632625284407117, "a_mm_0": -29.56265999917214, "a_mm_1": -32.42022883362176, "a_mm_2": -31.89525051719612, "a_mm_3": -9.6602700593862, "a_mm_4": -38.708511683548124, "a_mp_0": 16.878212673060858, "a_mp_1": 9.626928270243951, "a_mp_2": -39.098861155472655, "a_mp_3": -29.428224665496685, "a_mp_4": -20.07618553798978, "a_pm_0": -32.14018931134498, "a_pm_1": 8.569441527594925, "a_pm_2": -19.315800839002392, "a_pm_3": 16.40644894000203, "a_pm_4": -5.079149203175199, "a_pp_1": 12.729919064710643, "a_pp_2": 10.684066723533313, "a_pp_3": 14.323539122518952, "a_pp_4": -12.407184050991582}, "datetime": {"datetime": "2024-07-10 10:45:32", "elapsed": 2880.55189, "delta": 187.373835}}
{"target": -56416.32555131287, "params": {"a_c_1": 10.926936320407465, "a_c_2": 7.986035911520394, "a_mm_0": -22.856868895951145, "a_mm_1": -10.584788642804337, "a_mm_2": -4.0533815412472975, "a_mm_3": -39.068003466949854, "a_mm_4": -4.391115508201771, "a_mp_0": -13.979419060632502, "a_mp_1": 8.441631733090489, "a_mp_2": -21.085311814277624, "a_mp_3": 13.573322511509083, "a_mp_4": -5.328567082927869, "a_pm_0": -28.9593879023521, "a_pm_1": 7.275754029530255, "a_pm_2": -3.278129377303962, "a_pm_3": -36.76544367557482, "a_pm_4": -14.788379199932066, "a_pp_1": 0.744130193925777, "a_pp_2": 15.116106678651548, "a_pp_3": -39.975878506518555, "a_pp_4": 18.60554894186358}, "datetime": {"datetime": "2024-07-10 10:48:58", "elapsed": 3086.629496, "delta": 206.077606}}
{"target": -22296.363710631962, "params": {"a_c_1": 7.531606294915489, "a_c_2": 9.737835383583226, "a_mm_0": -3.7170339415568208, "a_mm_1": 9.730748478841576, "a_mm_2": -5.517309717513861, "a_mm_3": -2.315428101558979, "a_mm_4": -22.865423098258365, "a_mp_0": -4.7899995606350245, "a_mp_1": 5.001305822159594, "a_mp_2": 11.498830185742541, "a_mp_3": 5.304931308060809, "a_mp_4": 1.8834349068381826, "a_pm_0": 11.868765803275991, "a_pm_1": -20.639140189795214, "a_pm_2": 0.2473274472552376, "a_pm_3": -12.94756381519905, "a_pm_4": -17.07383487810897, "a_pp_1": -15.351319004668863, "a_pp_2": -15.911224991827563, "a_pp_3": -20.956963242503384, "a_pp_4": -2.6848379247819167}, "datetime": {"datetime": "2024-07-10 10:52:31", "elapsed": 3299.935792, "delta": 213.306296}}
{"target": -12566.918508580047, "params": {"a_c_1": 8.604945416425288, "a_c_2": 9.738020779272523, "a_mm_0": 0.6680534860586675, "a_mm_1": -28.085806694373346, "a_mm_2": -14.397939439118034, "a_mm_3": -19.399225613534618, "a_mm_4": 7.8583282375139945, "a_mp_0": 12.799897313805907, "a_mp_1": 14.230517349582314, "a_mp_2": -0.23681125748426268, "a_mp_3": -23.787504278214534, "a_mp_4": -24.857997909724617, "a_pm_0": 11.293876561844144, "a_pm_1": -8.3371212214752, "a_pm_2": 8.129665040275881, "a_pm_3": -5.650688968503623, "a_pm_4": 3.98855151725067, "a_pp_1": -8.85930235215665, "a_pp_2": 6.253034630113277, "a_pp_3": -5.868520557717069, "a_pp_4": -12.057407284481148}, "datetime": {"datetime": "2024-07-10 10:57:58", "elapsed": 3626.843669, "delta": 326.907877}}
{"target": -63543.164717935244, "params": {"a_c_1": 6.8537781590656355, "a_c_2": 0.6820934841670412, "a_mm_0": -17.32454924031401, "a_mm_1": -35.22243533810486, "a_mm_2": 18.969026823826702, "a_mm_3": -29.103228920154173, "a_mm_4": 8.711521863232385, "a_mp_0": 12.49769869735389, "a_mp_1": 1.3047951431565963, "a_mp_2": -5.83033523527746, "a_mp_3": -30.341713791063473, "a_mp_4": -11.987198634201622, "a_pm_0": -19.2896769306871, "a_pm_1": -26.497602531154925, "a_pm_2": -4.449287874052196, "a_pm_3": -21.263809737884984, "a_pm_4": 14.978333208101041, "a_pp_1": 14.578131497093423, "a_pp_2": -24.572902373068228, "a_pp_3": -33.34652195535825, "a_pp_4": -28.42223607885323}, "datetime": {"datetime": "2024-07-10 11:01:35", "elapsed": 3843.269226, "delta": 216.425557}}
{"target": -52137.620649586985, "params": {"a_c_1": 9.991683413577721, "a_c_2": 7.2858566797459625, "a_mm_0": -27.508333695472512, "a_mm_1": -25.117986497366154, "a_mm_2": 11.10031249618202, "a_mm_3": -15.049076903948361, "a_mm_4": -2.9988959706858296, "a_mp_0": -25.980031645644996, "a_mp_1": -33.88196443445216, "a_mp_2": -9.048578981888213, "a_mp_3": -11.37154077701306, "a_mp_4": -30.839701354410206, "a_pm_0": -2.6916260955750673, "a_pm_1": -7.359392871163713, "a_pm_2": -0.7517591817553395, "a_pm_3": -31.32726759252041, "a_pm_4": 5.09166902811463, "a_pp_1": -26.67705161200464, "a_pp_2": -8.838890538038019, "a_pp_3": 7.117761693297133, "a_pp_4": -38.66017432049163}, "datetime": {"datetime": "2024-07-10 11:05:44", "elapsed": 4092.767775, "delta": 249.498549}}
{"target": -19127.195466143043, "params": {"a_c_1": 6.48724919452373, "a_c_2": 8.72922376400111, "a_mm_0": 10.682576456124174, "a_mm_1": -7.693564444327379, "a_mm_2": 11.99649644999078, "a_mm_3": 16.988359481217593, "a_mm_4": 9.58441985776048, "a_mp_0": 11.24692663019232, "a_mp_1": -34.0753958907791, "a_mp_2": -0.9217400595405394, "a_mp_3": 2.211019289159175, "a_mp_4": -3.385551241202222, "a_pm_0": 7.976915704161684, "a_pm_1": -37.92572680770194, "a_pm_2": 6.214324073298798, "a_pm_3": 3.9037160443716203, "a_pm_4": -24.418096402098815, "a_pp_1": -24.5758420706712, "a_pp_2": -2.0618009541923357, "a_pp_3": -19.282152304535106, "a_pp_4": 7.79532068043725}, "datetime": {"datetime": "2024-07-10 11:09:42", "elapsed": 4330.472152, "delta": 237.704377}}
{"target": -41218.243904815834, "params": {"a_c_1": 8.922924640069144, "a_c_2": 7.827494147841719, "a_mm_0": 19.42830701743044, "a_mm_1": -21.985099627965997, "a_mm_2": -31.419650304514036, "a_mm_3": 14.078506180956431, "a_mm_4": -7.506437266757601, "a_mp_0": 18.484422251304935, "a_mp_1": -1.8037359998861646, "a_mp_2": 19.63478147662874, "a_mp_3": -7.235751751422903, "a_mp_4": -8.414443965668724, "a_pm_0": -31.874325815669806, "a_pm_1": -18.657689740967133, "a_pm_2": -38.426885962217604, "a_pm_3": -30.376289228821054, "a_pm_4": 4.738231562449762, "a_pp_1": -38.17601860427267, "a_pp_2": -18.00741416537534, "a_pp_3": 11.740775170282646, "a_pp_4": 1.5606630504412564}, "datetime": {"datetime": "2024-07-10 11:12:55", "elapsed": 4523.827678, "delta": 193.355526}}
{"target": -60898.88949380356, "params": {"a_c_1": 13.81884284132337, "a_c_2": 1.8863680095531088, "a_mm_0": -13.4857431550946, "a_mm_1": -5.105355559342527, "a_mm_2": 19.385102459822313, "a_mm_3": -27.76562648601269, "a_mm_4": -25.136025894258708, "a_mp_0": -24.269614973625284, "a_mp_1": 5.0103447978795685, "a_mp_2": -12.581480353858431, "a_mp_3": -36.5842336953343, "a_mp_4": -9.489025563385624, "a_pm_0": -27.282390121379443, "a_pm_1": 7.916254685612614, "a_pm_2": -22.160117109563664, "a_pm_3": -38.34363928272978, "a_pm_4": -4.394053032122741, "a_pp_1": 10.630425735871327, "a_pp_2": -17.13903255626715, "a_pp_3": 4.991498643568605, "a_pp_4": -9.33151130217231}, "datetime": {"datetime": "2024-07-10 11:16:23", "elapsed": 4731.083869, "delta": 207.256191}}
{"target": -31493.540477336315, "params": {"a_c_1": 10.819036099243773, "a_c_2": 9.594343210617524, "a_mm_0": 8.237653489918806, "a_mm_1": -38.06061600258556, "a_mm_2": 2.5632350738777063, "a_mm_3": -12.099911106189637, "a_mm_4": 16.85293648370599, "a_mp_0": -26.7140359405907, "a_mp_1": -23.975678818938054, "a_mp_2": -35.11156210736428, "a_mp_3": -14.282870280172808, "a_mp_4": -33.458874158855906, "a_pm_0": -1.972794363284926, "a_pm_1": 8.17779424242427, "a_pm_2": 1.808029767210705, "a_pm_3": 5.972682864546229, "a_pm_4": -19.452752809388812, "a_pp_1": 10.751088981660658, "a_pp_2": -14.273873500033446, "a_pp_3": 9.440592224739127, "a_pp_4": -2.4102304825423744}, "datetime": {"datetime": "2024-07-10 11:20:27", "elapsed": 4975.334915, "delta": 244.251046}}
{"target": -94714.73518239359, "params": {"a_c_1": 2.8684609734048983, "a_c_2": 0.7838689985494796, "a_mm_0": -38.90004142521956, "a_mm_1": -35.99650014163861, "a_mm_2": -12.484971177494092, "a_mm_3": -33.19948463394457, "a_mm_4": -38.332999069079804, "a_mp_0": 5.291688883428044, "a_mp_1": -16.308971172361634, "a_mp_2": 4.816309736451508, "a_mp_3": -12.855710395212906, "a_mp_4": -12.994795179954334, "a_pm_0": -11.315649596930143, "a_pm_1": -11.559764406268357, "a_pm_2": 8.189800526850178, "a_pm_3": -15.856448808535852, "a_pm_4": 14.281169620617383, "a_pp_1": -37.77633712275785, "a_pp_2": 6.432460563225121, "a_pp_3": -32.46151713173567, "a_pp_4": -2.889185985274871}, "datetime": {"datetime": "2024-07-10 11:23:38", "elapsed": 5166.222134, "delta": 190.887219}}
{"target": -20895.463957573036, "params": {"a_c_1": 0.20728522670463878, "a_c_2": 5.38627282576347, "a_mm_0": -39.818922602824216, "a_mm_1": 17.07162712941227, "a_mm_2": 14.324122022166684, "a_mm_3": 7.758016516536159, "a_mm_4": 14.916459194887246, "a_mp_0": -31.266506130496175, "a_mp_1": -30.536195807768003, "a_mp_2": -28.74209962585396, "a_mp_3": -2.6502458620047307, "a_mp_4": 14.348569760498108, "a_pm_0": 19.39731070154442, "a_pm_1": 2.667347525948955, "a_pm_2": 3.9080245485377176, "a_pm_3": 14.557592272655263, "a_pm_4": -15.947576057732746, "a_pp_1": -25.008959186497794, "a_pp_2": -29.59418975277263, "a_pp_3": -32.83257697997626, "a_pp_4": 8.756635281969722}, "datetime": {"datetime": "2024-07-10 11:28:38", "elapsed": 5466.730005, "delta": 300.507871}}
{"target": -60802.340660164606, "params": {"a_c_1": 2.935847468344863, "a_c_2": 2.642974827269007, "a_mm_0": 9.145350718011848, "a_mm_1": -21.364764892347402, "a_mm_2": 18.945046957576572, "a_mm_3": -24.001677870901887, "a_mm_4": -7.980799301727316, "a_mp_0": -21.13197932884902, "a_mp_1": 14.646369870430249, "a_mp_2": -18.006601368925935, "a_mp_3": -13.984460363610125, "a_mp_4": -9.262438463298317, "a_pm_0": 16.333188642182797, "a_pm_1": -38.143059623730956, "a_pm_2": 3.012719817901349, "a_pm_3": 13.461137257540337, "a_pm_4": -38.36276658895187, "a_pp_1": -8.676925164849358, "a_pp_2": -20.440611293798483, "a_pp_3": 11.569359251935147, "a_pp_4": -6.489006944648928}, "datetime": {"datetime": "2024-07-10 11:31:42", "elapsed": 5650.882499, "delta": 184.152494}}
{"target": -125046.54330934452, "params": {"a_c_1": 13.804557363254958, "a_c_2": 4.528534999515374, "a_mm_0": -2.301457748718569, "a_mm_1": -22.59418889875445, "a_mm_2": -39.439085322009056, "a_mm_3": -5.394643900774554, "a_mm_4": -21.31334715205223, "a_mp_0": -8.963944089932212, "a_mp_1": 14.98435118323387, "a_mp_2": -14.411512689916243, "a_mp_3": -25.156237803856875, "a_mp_4": -17.722374323256734, "a_pm_0": 15.911666998192437, "a_pm_1": 16.212102878545622, "a_pm_2": 10.659796913942792, "a_pm_3": 15.212390858339631, "a_pm_4": -26.325982602920984, "a_pp_1": -34.751067426784545, "a_pp_2": -26.361415822918673, "a_pp_3": -21.137403033156975, "a_pp_4": -29.514047418621306}, "datetime": {"datetime": "2024-07-10 11:34:52", "elapsed": 5840.369469, "delta": 189.48697}}
{"target": -16883.420755728184, "params": {"a_c_1": 12.141883239449209, "a_c_2": 4.135864150011614, "a_mm_0": 8.981090709632845, "a_mm_1": -28.892176103858162, "a_mm_2": 2.1125917853786262, "a_mm_3": -25.578662509051668, "a_mm_4": -5.546854669548416, "a_mp_0": -19.060744166752666, "a_mp_1": -36.58213603103004, "a_mp_2": -26.27117974237745, "a_mp_3": -0.15384667871239088, "a_mp_4": -10.164994398368123, "a_pm_0": -8.859040955579275, "a_pm_1": -29.51679099346465, "a_pm_2": -5.757048907224615, "a_pm_3": 19.8052055124926, "a_pm_4": 9.010106527497314, "a_pp_1": -4.337642570141334, "a_pp_2": 18.559344099854293, "a_pp_3": 14.093755080159276, "a_pp_4": -4.263523983841267}, "datetime": {"datetime": "2024-07-10 11:39:56", "elapsed": 6144.639156, "delta": 304.269687}}
{"target": -91968.1576911873, "params": {"a_c_1": 0.6485265062891421, "a_c_2": 0.9357709581748075, "a_mm_0": -36.07769709746642, "a_mm_1": -12.896011078511481, "a_mm_2": -17.473910009928534, "a_mm_3": 18.521002056217192, "a_mm_4": -29.921002408023107, "a_mp_0": 18.367255515959314, "a_mp_1": 6.048492131780783, "a_mp_2": 9.454270377469868, "a_mp_3": -2.043050993320165, "a_mp_4": 0.12396621240392136, "a_pm_0": -11.3870599887284, "a_pm_1": -39.21181858461566, "a_pm_2": -18.819634867490514, "a_pm_3": -10.475691910386494, "a_pm_4": 3.8054726654062563, "a_pp_1": -11.882299435233449, "a_pp_2": -12.555705034634098, "a_pp_3": -31.74023554326381, "a_pp_4": -39.346675971791264}, "datetime": {"datetime": "2024-07-10 11:43:54", "elapsed": 6382.353996, "delta": 237.71484}}
{"target": -67086.16806607001, "params": {"a_c_1": 15.165565209539924, "a_c_2": 3.199528380776784, "a_mm_0": 19.063007011610644, "a_mm_1": -26.78594643045064, "a_mm_2": -19.67751847109922, "a_mm_3": -8.566231860032097, "a_mm_4": 5.293487423631966, "a_mp_0": -12.168532965982262, "a_mp_1": -32.510647413299424, "a_mp_2": -21.24991729047703, "a_mp_3": -9.728849817940322, "a_mp_4": 0.4309404810120583, "a_pm_0": 6.2089973787255275, "a_pm_1": -32.17985314273874, "a_pm_2": -38.625092120657094, "a_pm_3": -8.855060667280632, "a_pm_4": 8.599322639744976, "a_pp_1": -39.24377397820742, "a_pp_2": 0.34819067922403946, "a_pp_3": 1.208493599419512, "a_pp_4": -13.045194784801744}, "datetime": {"datetime": "2024-07-10 11:47:05", "elapsed": 6573.658607, "delta": 191.304611}}
{"target": -32239.96135321792, "params": {"a_c_1": 18.295773734838686, "a_c_2": 6.443610847569929, "a_mm_0": -39.68560974091205, "a_mm_1": -10.934293269137466, "a_mm_2": 11.559068365856, "a_mm_3": 9.823974202240365, "a_mm_4": -1.0507481732513284, "a_mp_0": 0.4219054339178996, "a_mp_1": -5.2900252126479685, "a_mp_2": -23.55281348998887, "a_mp_3": -6.368200567836475, "a_mp_4": 0.30378708904521545, "a_pm_0": -18.85422218701547, "a_pm_1": 11.349702035235666, "a_pm_2": -28.297750839477562, "a_pm_3": 4.839248619915395, "a_pm_4": -22.623835228787353, "a_pp_1": 6.427957234650918, "a_pp_2": -14.335760239835427, "a_pp_3": 8.461904546732569, "a_pp_4": -18.787908239920576}, "datetime": {"datetime": "2024-07-10 11:50:58", "elapsed": 6806.438711, "delta": 232.780104}}
