{"target": -60575.28066003413, "params": {"a_c_1": 4.710686128981463, "a_c_2": 2.104945676800638, "a_mm_0": -16.525996307868468, "a_mm_1": -28.738806583942477, "a_mm_2": -5.232796093300692, "a_mm_3": -19.81165838136254, "a_mm_4": -11.494396826918901, "a_mp_0": -8.087173935050739, "a_mp_1": -13.808138935611716, "a_mp_2": 9.527781143048884, "a_mp_3": -30.958627417259216, "a_mp_4": -5.478159164196732, "a_pm_0": -37.54255902448451, "a_pm_1": 2.469964247965379, "a_pm_2": 15.913791904033275, "a_pm_3": -32.278232690295674, "a_pm_4": 0.4354569838885354, "a_pp_1": 11.632401025795154, "a_pp_2": -19.33485733090454, "a_pp_3": -12.218106569754358, "a_pp_4": -27.910838295271752}, "datetime": {"datetime": "2024-07-10 15:15:58", "elapsed": 3804.279006, "delta": 261.49467}}
{"target": -887.1186144305265, "params": {"a_c_1": 0.0, "a_c_2": 10.0, "a_mm_0": 19.0976664315391, "a_mm_1": -11.887775220435213, "a_mm_2": -17.822114301834056, "a_mm_3": 6.054495151914246, "a_mm_4": 11.049990392614166, "a_mp_0": -0.2797235506963774, "a_mp_1": -10.518085792107252, "a_mp_2": 11.127623130746283, "a_mp_3": 9.569277413835573, "a_mp_4": 20.0, "a_pm_0": -3.1377497195251296, "a_pm_1": 20.0, "a_pm_2": 9.989194608624128, "a_pm_3": -8.531859756150128, "a_pm_4": -20.846189294044997, "a_pp_1": -14.297357172377287, "a_pp_2": 7.464386608307407, "a_pp_3": 19.47401440217271, "a_pp_4": 20.0}, "datetime": {"datetime": "2024-07-10 15:21:08", "elapsed": 4113.766008, "delta": 309.487002}}
{"target": -118804.22329098269, "params": {"a_c_1": 1.045777922713298, "a_c_2": 5.784943515828128, "a_mm_0": -24.393074428399004, "a_mm_1": -18.421430490008532, "a_mm_2": -33.110232510450516, "a_mm_3": -39.43358952357975, "a_mm_4": -11.133900197061447, "a_mp_0": -28.073731751185107, "a_mp_1": -18.776986150457173, "a_mp_2": 13.432283194034696, "a_mp_3": -27.455385452630487, "a_mp_4": -31.846778989671613, "a_pm_0": 5.369633873681323, "a_pm_1": -22.094058684266045, "a_pm_2": -32.0623421193871, "a_pm_3": -14.554661276201049, "a_pm_4": -34.03786486870479, "a_pp_1": -39.61536703373293, "a_pp_2": -0.9398988289204766, "a_pp_3": -33.72624608435454, "a_pp_4": -15.32441709671133}, "datetime": {"datetime": "2024-07-10 15:24:09", "elapsed": 4294.779675, "delta": 181.013667}}
{"target": -23537.590451966982, "params": {"a_c_1": 19.14972979871409, "a_c_2": 9.345801362857209, "a_mm_0": 17.803106046520284, "a_mm_1": -19.294387826093715, "a_mm_2": -16.81797396136271, "a_mm_3": 12.81032194868147, "a_mm_4": -14.002828228869447, "a_mp_0": -26.624930077419464, "a_mp_1": 1.573876281131085, "a_mp_2": 13.356874756157033, "a_mp_3": -11.346001886299867, "a_mp_4": 8.743772004188251, "a_pm_0": -18.337424792530385, "a_pm_1": -0.9881652030315848, "a_pm_2": 2.098137280204739, "a_pm_3": -23.995383377139085, "a_pm_4": -2.2768309492091916, "a_pp_1": -33.79166196942844, "a_pp_2": -3.8189090166042305, "a_pp_3": -27.385723645822736, "a_pp_4": 4.97880603284203}, "datetime": {"datetime": "2024-07-10 15:27:49", "elapsed": 4514.938145, "delta": 220.15847}}
{"target": -54587.5920273762, "params": {"a_c_1": 5.383109564442831, "a_c_2": 9.168996728862473, "a_mm_0": -13.870977709149667, "a_mm_1": -15.231568680769247, "a_mm_2": -23.28487981706651, "a_mm_3": 0.05370161327467571, "a_mm_4": -22.0828294081204, "a_mp_0": -2.6234565847115476, "a_mp_1": -9.768937365375805, "a_mp_2": -19.39962525902922, "a_mp_3": 1.236605739087409, "a_mp_4": -4.7776854820018855, "a_pm_0": -2.8309484594349215, "a_pm_1": 11.278390011712894, "a_pm_2": 17.30005367392097, "a_pm_3": 16.731838551054977, "a_pm_4": -22.548206777132254, "a_pp_1": -23.543167683947214, "a_pp_2": -23.03048602939066, "a_pp_3": -18.441776251270877, "a_pp_4": -10.484742871245285}, "datetime": {"datetime": "2024-07-10 15:30:43", "elapsed": 4688.947973, "delta": 174.009828}}
{"target": -1122.6125295066413, "params": {"a_c_1": 0.0, "a_c_2": 0.0, "a_mm_0": -40.0, "a_mm_1": -10.878556895908693, "a_mm_2": -6.505371615649566, "a_mm_3": -1.4295933967549734, "a_mm_4": 20.0, "a_mp_0": -40.0, "a_mp_1": -16.84711700199804, "a_mp_2": 1.2528818031785358, "a_mp_3": 5.079897686115715, "a_mp_4": -8.698096125177186, "a_pm_0": 2.4386563110883994, "a_pm_1": 15.972184522093215, "a_pm_2": -7.977533535604946, "a_pm_3": 20.0, "a_pm_4": 9.398838054469682, "a_pp_1": -12.760994900835618, "a_pp_2": 14.861988992507996, "a_pp_3": 1.7219409517898496, "a_pp_4": 0.09449224777348447}, "datetime": {"datetime": "2024-07-10 15:39:25", "elapsed": 5211.588838, "delta": 522.640865}}
{"target": -34173.5258541112, "params": {"a_c_1": 12.364619569248784, "a_c_2": 7.868360052849611, "a_mm_0": -29.43395252360105, "a_mm_1": -15.890658509111159, "a_mm_2": -8.154195633438913, "a_mm_3": -16.03388025273844, "a_mm_4": 0.3852711625637397, "a_mp_0": 6.593905601357157, "a_mp_1": 16.62929120182831, "a_mp_2": 19.78602656097761, "a_mp_3": -10.250965879428811, "a_mp_4": -13.104296801697796, "a_pm_0": -7.787305228735981, "a_pm_1": 17.734560558664427, "a_pm_2": -7.33155429171309, "a_pm_3": 7.674029051882421, "a_pm_4": -21.783209468843086, "a_pp_1": -36.413787844084304, "a_pp_2": -35.77889678391019, "a_pp_3": 4.337642994910411, "a_pp_4": -0.9883841546491539}, "datetime": {"datetime": "2024-07-10 15:43:32", "elapsed": 5458.070957, "delta": 246.482119}}
{"target": -5022.094701483413, "params": {"a_c_1": 0.0, "a_c_2": 0.0, "a_mm_0": 20.0, "a_mm_1": -2.5939003663821216, "a_mm_2": 1.968977859284204, "a_mm_3": -36.53520741230671, "a_mm_4": 20.0, "a_mp_0": -24.114816173022646, "a_mp_1": 20.0, "a_mp_2": 20.0, "a_mp_3": 5.793118575284633, "a_mp_4": -23.797912415566238, "a_pm_0": 20.0, "a_pm_1": -10.231023518079237, "a_pm_2": -38.514380945046206, "a_pm_3": 12.539543025921523, "a_pm_4": 20.0, "a_pp_1": 20.0, "a_pp_2": 2.890483498050568, "a_pp_3": 18.58442363024021, "a_pp_4": 20.0}, "datetime": {"datetime": "2024-07-10 15:49:10", "elapsed": 5796.330289, "delta": 338.259332}}
{"target": -34016.68950201616, "params": {"a_c_1": 2.2985171664170467, "a_c_2": 8.701904817455112, "a_mm_0": -37.31004090581534, "a_mm_1": -38.3031392146488, "a_mm_2": -2.958002776944312, "a_mm_3": 2.244614620400043, "a_mm_4": 13.799434758850921, "a_mp_0": -35.47340913863312, "a_mp_1": -4.574286133034576, "a_mp_2": 7.175721517480966, "a_mp_3": -21.535337406206377, "a_mp_4": 9.032111805652725, "a_pm_0": -25.094769322699, "a_pm_1": -26.581079726284354, "a_pm_2": 3.9754262454860907, "a_pm_3": -21.558193903727908, "a_pm_4": 9.188001428822723, "a_pp_1": -25.52627286333849, "a_pp_2": -27.937198445535856, "a_pp_3": -16.32083578924916, "a_pp_4": -7.290179766006354}, "datetime": {"datetime": "2024-07-10 15:51:45", "elapsed": 5950.825626, "delta": 154.495337}}
{"target": -727.9932380197331, "params": {"a_c_1": 0.0, "a_c_2": 10.0, "a_mm_0": 20.0, "a_mm_1": 20.0, "a_mm_2": 5.290010535565342, "a_mm_3": -14.074390641060955, "a_mm_4": -2.960719789555565, "a_mp_0": -40.0, "a_mp_1": -4.977975641307873, "a_mp_2": -18.659158950015065, "a_mp_3": 20.0, "a_mp_4": 20.0, "a_pm_0": 20.0, "a_pm_1": 9.607685281157925, "a_pm_2": -6.863511719691824, "a_pm_3": 0.3137303894149377, "a_pm_4": 0.12239723271530453, "a_pp_1": 13.878411694339283, "a_pp_2": -6.493986592195568, "a_pp_3": 2.598789823414083, "a_pp_4": 20.0}, "datetime": {"datetime": "2024-07-10 16:05:29", "elapsed": 6775.059717, "delta": 824.234091}}
{"target": -48820.51473125448, "params": {"a_c_1": 12.334791339000743, "a_c_2": 9.484455050319891, "a_mm_0": -5.566955096820742, "a_mm_1": -34.303036668218, "a_mm_2": -13.880737447874385, "a_mm_3": 13.826000348570766, "a_mm_4": -14.2342845622305, "a_mp_0": 5.424861096177459, "a_mp_1": -27.781155409803162, "a_mp_2": -15.019091837536696, "a_mp_3": 7.662761481061153, "a_mp_4": 6.9769351969086415, "a_pm_0": -35.84613560456988, "a_pm_1": -33.20102822196045, "a_pm_2": -23.39734845613792, "a_pm_3": -18.034270210776107, "a_pm_4": -21.809648101587808, "a_pp_1": 15.550058916417235, "a_pp_2": -8.166898526566026, "a_pp_3": -1.3195204536038503, "a_pp_4": -24.527469769037456}, "datetime": {"datetime": "2024-07-10 16:08:53", "elapsed": 6979.090879, "delta": 204.031162}}
{"target": -109262.57509250774, "params": {"a_c_1": 7.086012437379605, "a_c_2": 4.01572497303979, "a_mm_0": -30.815659081369155, "a_mm_1": -5.895654264166794, "a_mm_2": -3.444098377625977, "a_mm_3": -30.55826885529502, "a_mm_4": -11.134350214532788, "a_mp_0": 0.40678665427824257, "a_mp_1": -36.41094662314847, "a_mp_2": 12.840115949642168, "a_mp_3": -35.48375418394534, "a_mp_4": -36.35545521789018, "a_pm_0": -35.40401212689124, "a_pm_1": 2.012234026259172, "a_pm_2": 4.101419333562838, "a_pm_3": -38.51163524583279, "a_pm_4": -22.50808720521453, "a_pp_1": -30.079826767556526, "a_pp_2": -31.939837709443168, "a_pp_3": -10.76537124253533, "a_pp_4": -25.560061394256344}, "datetime": {"datetime": "2024-07-10 16:12:56", "elapsed": 7222.011537, "delta": 242.920658}}
{"target": -21821.576350013445, "params": {"a_c_1": 0.7726746519904704, "a_c_2": 7.671808093015632, "a_mm_0": -22.834883261230306, "a_mm_1": -33.96808636765012, "a_mm_2": -18.663412539897163, "a_mm_3": -19.86437630088079, "a_mm_4": -11.727061055177284, "a_mp_0": -12.176657332267759, "a_mp_1": 17.959535087072112, "a_mp_2": 18.9422276893115, "a_mp_3": -29.267178286141082, "a_mp_4": 8.98007804470749, "a_pm_0": -10.732402205281485, "a_pm_1": 5.738592620643466, "a_pm_2": -5.0033596274075265, "a_pm_3": -16.963133430275274, "a_pm_4": -12.901032424528843, "a_pp_1": 8.4591925215135, "a_pp_2": -5.934383576014142, "a_pp_3": 0.7575632298121562, "a_pp_4": 18.96774578789511}, "datetime": {"datetime": "2024-07-10 14:00:55", "elapsed": 0.0, "delta": 0.0}}
{"target": -30891.251496323574, "params": {"a_c_1": 4.087183052981085, "a_c_2": 7.835290486686791, "a_mm_0": 7.538535364231819, "a_mm_1": 18.396181287656617, "a_mm_2": -29.268942112039483, "a_mm_3": -7.833140830964403, "a_mm_4": -6.376695538381782, "a_mp_0": -32.04787690185006, "a_mp_1": -4.146859094714962, "a_mp_2": -4.543886449196592, "a_mp_3": -10.631955715375977, "a_mp_4": -29.2111191329659, "a_pm_0": -35.3951941575947, "a_pm_1": -30.954897552731886, "a_pm_2": -36.50169463180765, "a_pm_3": -18.59860714256836, "a_pm_4": -2.518293578727665, "a_pp_1": 6.653413897115811, "a_pp_2": 10.338127009656006, "a_pp_3": -13.386519901672319, "a_pp_4": 10.44243046881057}, "datetime": {"datetime": "2024-07-10 14:05:42", "elapsed": 286.835738, "delta": 286.835738}}
{"target": -97.13966778228934, "params": {"a_c_1": 0.0, "a_c_2": 10.0, "a_mm_0": -9.386448860287203, "a_mm_1": -17.395058503472665, "a_mm_2": 7.95195046570552, "a_mm_3": 5.239625455302817, "a_mm_4": 11.554038674496901, "a_mp_0": -19.24607537898634, "a_mp_1": 4.162461549202677, "a_mp_2": -2.7455608137262693, "a_mp_3": 20.0, "a_mp_4": -5.31894438001207, "a_pm_0": 20.0, "a_pm_1": 13.069747071227747, "a_pm_2": -6.190581080766365, "a_pm_3": 13.589339265735981, "a_pm_4": 20.0, "a_pp_1": -6.09035198145401, "a_pp_2": 9.929622106077368, "a_pp_3": 20.0, "a_pp_4": 20.0}, "datetime": {"datetime": "2024-07-10 14:31:43", "elapsed": 1847.9554, "delta": 1561.119662}}
{"target": -17.440580408903962, "params": {"a_c_1": 20.0, "a_c_2": 10.0, "a_mm_0": 14.061380596833475, "a_mm_1": 10.741468628290479, "a_mm_2": 1.8913405117517565, "a_mm_3": 3.417568112422757, "a_mm_4": -2.6512431092355078, "a_mp_0": 9.020198719135436, "a_mp_1": 10.29368990042209, "a_mp_2": -0.8995907542080336, "a_mp_3": 9.22675860746288, "a_mp_4": 5.998590863449776, "a_pm_0": -26.705248103662697, "a_pm_1": -10.477223470037012, "a_pm_2": 15.735923471234136, "a_pm_3": -9.4751543594501, "a_pm_4": 11.324395273357759, "a_pp_1": 16.25340401067366, "a_pp_2": 4.713455014286543, "a_pp_3": 20.0, "a_pp_4": 20.0}, "datetime": {"datetime": "2024-07-10 14:56:35", "elapsed": 3339.959537, "delta": 1492.004137}}
{"target": -1057.397750064752, "params": {"a_c_1": 20.0, "a_c_2": 10.0, "a_mm_0": -20.63485368237028, "a_mm_1": 10.515293169036246, "a_mm_2": -26.04462395539386, "a_mm_3": -36.61617257620455, "a_mm_4": 20.0, "a_mp_0": -40.0, "a_mp_1": 9.298805855840934, "a_mp_2": -0.13873055105767734, "a_mp_3": 1.224684868017839, "a_mp_4": 20.0, "a_pm_0": 19.31238103270059, "a_pm_1": 11.913213739083448, "a_pm_2": -31.10743561430945, "a_pm_3": 20.0, "a_pm_4": 0.7140092280642785, "a_pp_1": 9.485999209167879, "a_pp_2": 20.0, "a_pp_3": 20.0, "a_pp_4": 20.0}, "datetime": {"datetime": "2024-07-10 15:11:08", "elapsed": 4212.573232, "delta": 872.613695}}
{"target": -32467.23900694198, "params": {"a_c_1": 1.5447024990289449, "a_c_2": 5.206419332051121, "a_mm_0": 19.47433008030299, "a_mm_1": -32.92056420185501, "a_mm_2": 6.7870556063503145, "a_mm_3": -4.914774845394234, "a_mm_4": 9.448891957413018, "a_mp_0": -21.69387701450638, "a_mp_1": 11.791201613294582, "a_mp_2": -1.9263085719652793, "a_mp_3": -36.252343112756904, "a_mp_4": -9.362525929444057, "a_pm_0": 11.916660433872877, "a_pm_1": -3.7909646725196566, "a_pm_2": -9.042947526096583, "a_pm_3": -24.54453346895217, "a_pm_4": -26.18288174512351, "a_pp_1": -39.57121569245291, "a_pp_2": 17.809430902772213, "a_pp_3": -19.467338367375035, "a_pp_4": 11.409917958590093}, "datetime": {"datetime": "2024-07-10 15:16:16", "elapsed": 4521.480328, "delta": 308.907096}}
{"target": -63654.36962852223, "params": {"a_c_1": 4.136299183751837, "a_c_2": 5.427093402758127, "a_mm_0": -25.83594401558323, "a_mm_1": 9.61057553167877, "a_mm_2": -32.71875320745191, "a_mm_3": 7.227420509094891, "a_mm_4": -10.455930291427734, "a_mp_0": -35.641880704717906, "a_mp_1": 10.239884064709358, "a_mp_2": 16.32107652206099, "a_mp_3": -6.018287192396556, "a_mp_4": -28.874921415581547, "a_pm_0": 7.128501942916813, "a_pm_1": -16.35518514266036, "a_pm_2": -37.461090269309146, "a_pm_3": -23.150890895977682, "a_pm_4": -25.52163540871748, "a_pp_1": 7.037233370656068, "a_pp_2": 18.51164125481848, "a_pp_3": -10.067217650426308, "a_pp_4": -33.9216330621156}, "datetime": {"datetime": "2024-07-10 15:21:42", "elapsed": 4847.21515, "delta": 325.734822}}
{"target": -230.59317764812891, "params": {"a_c_1": 20.0, "a_c_2": 10.0, "a_mm_0": -4.0025571428904785, "a_mm_1": 14.22968604951101, "a_mm_2": 19.105332556873737, "a_mm_3": -0.8989367333035588, "a_mm_4": 5.267051355664765, "a_mp_0": -9.039666174247836, "a_mp_1": -0.5027411307724264, "a_mp_2": -3.9695201852741904, "a_mp_3": -7.789539480804338, "a_mp_4": -5.414941711252258, "a_pm_0": 13.736713117179322, "a_pm_1": -5.0651164118388605, "a_pm_2": -4.253661612786395, "a_pm_3": 8.498408758191985, "a_pm_4": 20.0, "a_pp_1": -14.006694485546952, "a_pp_2": -10.805390464941745, "a_pp_3": -3.1761969705964685, "a_pp_4": 18.037922393173172}, "datetime": {"datetime": "2024-07-10 15:40:21", "elapsed": 5966.511506, "delta": 1119.296356}}
{"target": -612.9915039277714, "params": {"a_c_1": 0.0, "a_c_2": 0.0, "a_mm_0": -12.76450695244774, "a_mm_1": -12.100619742225856, "a_mm_2": -9.807752641114964, "a_mm_3": -1.8743359607998373, "a_mm_4": -9.501366059206054, "a_mp_0": -28.79874131977562, "a_mp_1": -8.079499324690241, "a_mp_2": -5.8871439267389665, "a_mp_3": 20.0, "a_mp_4": 12.377558750124804, "a_pm_0": -10.308267539632785, "a_pm_1": -7.164855026918682, "a_pm_2": -9.337647375877097, "a_pm_3": -9.632771333590812, "a_pm_4": 0.6168093464441916, "a_pp_1": 10.499033609206947, "a_pp_2": 15.392582337263436, "a_pp_3": 20.0, "a_pp_4": 20.0}, "datetime": {"datetime": "2024-07-10 15:59:52", "elapsed": 7137.293011, "delta": 1170.781505}}
{"target": -950.2755436218189, "params": {"a_c_1": 0.0, "a_c_2": 10.0, "a_mm_0": 20.0, "a_mm_1": -23.13499160162628, "a_mm_2": -13.14372634678281, "a_mm_3": 11.757362831407754, "a_mm_4": 20.0, "a_mp_0": 14.094103920124837, "a_mp_1": -7.011156560271433, "a_mp_2": 17.201174249475436, "a_mp_3": -3.7871371647516723, "a_mp_4": 15.576179902386919, "a_pm_0": -0.8793310749142377, "a_pm_1": 20.0, "a_pm_2": 9.619899870978289, "a_pm_3": -2.2727948877261896, "a_pm_4": -20.927501919243074, "a_pp_1": -20.54944732387104, "a_pp_2": 7.72061996750191, "a_pp_3": 18.092631206888914, "a_pp_4": 20.0}, "datetime": {"datetime": "2024-07-10 16:11:45", "elapsed": 7850.061342, "delta": 712.768331}}
{"target": -92118.95575833328, "params": {"a_c_1": 18.62757877241076, "a_c_2": 5.0402905976215875, "a_mm_0": -6.9841048203044025, "a_mm_1": -1.2044141069698853, "a_mm_2": -38.24238441810682, "a_mm_3": -36.98680134165377, "a_mm_4": 15.438527237321686, "a_mp_0": 18.661534789200566, "a_mp_1": -32.801736559845494, "a_mp_2": -6.082659780378272, "a_mp_3": -35.618033211456364, "a_mp_4": 13.001512130456064, "a_pm_0": 17.261846353990606, "a_pm_1": -28.263538592993207, "a_pm_2": -5.969558301844401, "a_pm_3": -15.545011787226656, "a_pm_4": -27.15326231862092, "a_pp_1": -8.441123663737628, "a_pp_2": -26.18352332468499, "a_pp_3": 13.471515311949261, "a_pp_4": -38.903202349389424}, "datetime": {"datetime": "2024-07-10 14:00:44", "elapsed": 0.0, "delta": 0.0}}
{"target": -79.26054853940504, "params": {"a_c_1": 11.671351437587663, "a_c_2": 5.9513193196275544, "a_mm_0": -15.540217831010644, "a_mm_1": -15.80124009254584, "a_mm_2": 3.806719772261752, "a_mm_3": 1.4796353840484744, "a_mm_4": 4.466848907786593, "a_mp_0": -18.50476034039097, "a_mp_1": -5.941361091079031, "a_mp_2": -5.17142849865473, "a_mp_3": 20.0, "a_mp_4": 0.978444781090429, "a_pm_0": 12.769150856294857, "a_pm_1": 10.698962688879194, "a_pm_2": -3.2386494694742947, "a_pm_3": 2.930439706051036, "a_pm_4": 8.401468024523858, "a_pp_1": -3.530842361377099, "a_pp_2": 12.321519055039445, "a_pp_3": 20.0, "a_pp_4": 20.0}, "datetime": {"datetime": "2024-07-10 14:16:40", "elapsed": 955.315621, "delta": 955.315621}}
{"target": -207.90993414820588, "params": {"a_c_1": 15.453837838125786, "a_c_2": 8.100312574835282, "a_mm_0": -16.056335985281727, "a_mm_1": -15.269264431277465, "a_mm_2": -0.2898036407462836, "a_mm_3": 3.7494438333731264, "a_mm_4": 2.384860313299777, "a_mp_0": -7.0790900247860264, "a_mp_1": -3.9402792271412004, "a_mp_2": -6.73086774958456, "a_mp_3": 19.567652051166387, "a_mp_4": 10.248704063044947, "a_pm_0": 13.018257351858288, "a_pm_1": 11.435106351960448, "a_pm_2": 0.4213619530045136, "a_pm_3": 10.393736672256203, "a_pm_4": 10.259382117598802, "a_pp_1": -7.197246526735462, "a_pp_2": 9.928538429197081, "a_pp_3": 19.858003402256934, "a_pp_4": 18.825806703133146}, "datetime": {"datetime": "2024-07-10 14:31:57", "elapsed": 1872.93539, "delta": 917.619769}}
{"target": -69.05492689157995, "params": {"a_c_1": 13.287341378524893, "a_c_2": 6.1329793092167115, "a_mm_0": -14.141675649371301, "a_mm_1": -18.613026580214882, "a_mm_2": 4.508769132543735, "a_mm_3": 1.6352849440105413, "a_mm_4": 6.8784519800987685, "a_mp_0": -15.975163993393696, "a_mp_1": -11.577086347643547, "a_mp_2": -11.114713690587802, "a_mp_3": 18.63888588422806, "a_mp_4": 4.915073941310389, "a_pm_0": 10.37596834739006, "a_pm_1": 9.131788543329936, "a_pm_2": -1.7141404220404386, "a_pm_3": 2.576035571142395, "a_pm_4": 17.65958089832528, "a_pp_1": -2.195996719957277, "a_pp_2": 4.88663196734373, "a_pp_3": 13.75753203502136, "a_pp_4": 18.439736576736248}, "datetime": {"datetime": "2024-07-10 14:44:54", "elapsed": 2649.087403, "delta": 776.152013}}
{"target": -96.7212775398904, "params": {"a_c_1": 11.118310646394047, "a_c_2": 6.63674521139378, "a_mm_0": -10.89868213466833, "a_mm_1": -15.311578191904598, "a_mm_2": 6.470488727561365, "a_mm_3": 5.569542009715176, "a_mm_4": 3.920082569854306, "a_mp_0": -22.34983512680786, "a_mp_1": -3.7636455633574606, "a_mp_2": -3.260483312710459, "a_mp_3": 19.441350753548683, "a_mp_4": 4.4454518376262655, "a_pm_0": 7.747689473567675, "a_pm_1": 13.417374553234941, "a_pm_2": -3.60647253766429, "a_pm_3": 5.583771134341925, "a_pm_4": 11.571125929598427, "a_pp_1": -2.19057071301963, "a_pp_2": 13.088051894210817, "a_pp_3": 12.501608620014103, "a_pp_4": 17.89414852782697}, "datetime": {"datetime": "2024-07-10 15:12:03", "elapsed": 4278.10791, "delta": 1629.020507}}
{"target": -169.30864317834846, "params": {"a_c_1": 11.342555797346703, "a_c_2": 5.0010841273484665, "a_mm_0": -13.989283722291386, "a_mm_1": -19.764941703619364, "a_mm_2": 5.43331495210286, "a_mm_3": 0.19887896899846158, "a_mm_4": 7.381365026212116, "a_mp_0": -12.384693602054671, "a_mp_1": -14.83741453243907, "a_mp_2": -8.61569016041567, "a_mp_3": 18.812508550326847, "a_mp_4": 7.944031110750622, "a_pm_0": 13.572174037162819, "a_pm_1": 10.557483831516182, "a_pm_2": -4.5686641100319925, "a_pm_3": 4.712804834262277, "a_pm_4": 15.766923514829838, "a_pp_1": -4.765682248838931, "a_pp_2": 3.074647881684056, "a_pp_3": 8.633381246423085, "a_pp_4": 17.364352841326735}, "datetime": {"datetime": "2024-07-10 15:22:40", "elapsed": 4915.290571, "delta": 637.182661}}
{"target": -80.94932883185129, "params": {"a_c_1": 11.29162814774086, "a_c_2": 7.137273745881334, "a_mm_0": -8.271057636248475, "a_mm_1": -12.530380128430249, "a_mm_2": -2.0789819002882464, "a_mm_3": 7.956001629979979, "a_mm_4": 0.3971745013646384, "a_mp_0": -10.100988495726842, "a_mp_1": -5.435836956652233, "a_mp_2": -4.497801870861801, "a_mp_3": 11.722990883355173, "a_mp_4": -1.3502634335967274, "a_pm_0": 3.1076609380529634, "a_pm_1": 2.41565257275537, "a_pm_2": 4.7819320012596, "a_pm_3": -3.6056398792850697, "a_pm_4": 10.885265545738122, "a_pp_1": -8.637706889948344, "a_pp_2": -2.506101281336898, "a_pp_3": 6.626025001611521, "a_pp_4": 11.437211609040832}, "datetime": {"datetime": "2024-07-10 15:38:09", "elapsed": 5844.145711, "delta": 928.85514}}
{"target": -82.54095881366663, "params": {"a_c_1": 14.385160806812943, "a_c_2": 6.572198403277945, "a_mm_0": -11.067916839432181, "a_mm_1": -18.731121606862658, "a_mm_2": 5.526608331615598, "a_mm_3": 0.6000568088335321, "a_mm_4": 8.003000296016761, "a_mp_0": -12.430897156267203, "a_mp_1": -12.28736369450176, "a_mp_2": -11.537425126627479, "a_mp_3": 16.431502176420075, "a_mp_4": 5.550207077455965, "a_pm_0": 9.117521831401433, "a_pm_1": 10.089688180400707, "a_pm_2": -2.3875568533455933, "a_pm_3": 0.6066459148129555, "a_pm_4": 15.507193312623087, "a_pp_1": -1.603403541747448, "a_pp_2": 3.6908950795388042, "a_pp_3": 14.095229592857141, "a_pp_4": 19.498299343216388}, "datetime": {"datetime": "2024-07-10 15:51:40", "elapsed": 6655.315527, "delta": 811.169816}}
