{"target": -4480.2469476608885, "params": {"a_c_1": 0.0, "a_c_2": 10.0, "a_mm_0": -40.0, "a_mm_1": 2.620163559973016, "a_mm_2": -5.369443834280406, "a_mm_3": 20.0, "a_mp_0": 20.0, "a_mp_1": 20.0, "a_mp_2": 2.570090074797721, "a_mp_3": -20.77720338141678, "a_pm_0": -40.0, "a_pm_1": -14.379417695224655, "a_pm_2": -6.266755151858486, "a_pm_3": 8.30692319139598, "a_pp_1": -5.46966986946933, "a_pp_2": 4.757515487746806, "a_pp_3": 20.0}, "datetime": {"datetime": "2024-07-13 09:38:35", "elapsed": 0.0, "delta": 0.0}}
{"target": -1205.8131392218359, "params": {"a_c_1": 20.0, "a_c_2": 10.0, "a_mm_0": 20.0, "a_mm_1": -4.074999999999999, "a_mm_2": 7.5884135815629, "a_mm_3": -0.3735010585213319, "a_mp_0": -13.338829141779637, "a_mp_1": -2.618470457531079, "a_mp_2": -3.8553181681204434, "a_mp_3": 4.245852433106633, "a_pm_0": -4.074999999999999, "a_pm_1": 2.3648540079250155, "a_pm_2": 1.2010754907567849, "a_pm_3": -3.519708549453579, "a_pp_1": -4.074999999999999, "a_pp_2": -0.15216105242980865, "a_pp_3": -4.074999999999999}, "datetime": {"datetime": "2024-07-13 09:42:39", "elapsed": 244.672609, "delta": 244.672609}}
{"target": -0.7420984687118948, "params": {"a_c_1": 20.0, "a_c_2": 6.188124999999999, "a_mm_0": -0.9775090228375406, "a_mm_1": 20.0, "a_mm_2": 20.0, "a_mm_3": 3.3218316465480626, "a_mp_0": -2.4454903660042167, "a_mp_1": 6.003322911938651, "a_mp_2": 20.0, "a_mp_3": 20.0, "a_pm_0": -2.87125, "a_pm_1": -2.87125, "a_pm_2": 20.0, "a_pm_3": -3.238341591691085, "a_pp_1": -2.87125, "a_pp_2": 18.284199633004885, "a_pp_3": 9.621661791929878}, "datetime": {"datetime": "2024-07-13 09:48:47", "elapsed": 612.152917, "delta": 367.480308}}
{"target": -458.7830031001726, "params": {"a_c_1": 13.196543717165403, "a_c_2": 2.948031249999999, "a_mm_0": -7.8283306399275965, "a_mm_1": 20.0, "a_mm_2": -0.36365062331337855, "a_mm_3": -0.8244080077600004, "a_mp_0": 20.0, "a_mp_1": 3.3606620488527716, "a_mp_2": -1.7276874999999983, "a_mp_3": 0.2847078482672712, "a_pm_0": -22.3118125, "a_pm_1": -16.22820541548328, "a_pm_2": 20.0, "a_pm_3": -1.1473050636146194, "a_pp_1": 3.605446874968028, "a_pp_2": 4.621259715790125, "a_pp_3": 6.988215215564761}, "datetime": {"datetime": "2024-07-13 09:53:01", "elapsed": 866.88932, "delta": 254.736403}}
{"target": -3768.559805312873, "params": {"a_c_1": 20.0, "a_c_2": 9.2662140625, "a_mm_0": -5.704754104774818, "a_mm_1": -0.6413031249999968, "a_mm_2": 20.0, "a_mm_3": 20.0, "a_mp_0": -22.43873257856271, "a_mp_1": -5.052857269203461, "a_mp_2": -0.6413031249999968, "a_mp_3": 20.0, "a_pm_0": -21.280792323278625, "a_pm_1": -21.339784374999997, "a_pm_2": 7.261657034343988, "a_pm_3": 19.390826717592354, "a_pp_1": -13.776993727455142, "a_pp_2": -2.3151898998346354, "a_pp_3": 20.0}, "datetime": {"datetime": "2024-07-13 09:59:15", "elapsed": 1239.997995, "delta": 373.108675}}
{"target": -700.9652447280114, "params": {"a_c_1": 20.0, "a_c_2": 3.2639403906249993, "a_mm_0": 9.344240323239166, "a_mm_1": 0.39076203125000575, "a_mm_2": 20.0, "a_mm_3": -4.263483213738659, "a_mp_0": -7.229325941218778, "a_mp_1": 20.0, "a_mp_2": 20.0, "a_mp_3": 20.0, "a_pm_0": -20.416357656249996, "a_pm_1": -20.416357656249996, "a_pm_2": 20.0, "a_pm_3": -7.0702666174024635, "a_pp_1": 14.673857656249996, "a_pp_2": 17.027063122135125, "a_pp_3": 20.0}, "datetime": {"datetime": "2024-07-13 10:03:13", "elapsed": 1478.112819, "delta": 238.114824}}
