{"target": -4257.961314668452, "params": {"a_c_1": 0.0, "a_c_2": 10.0, "a_mm_0": 20.0, "a_mm_1": 10.824093512034663, "a_mm_2": 20.0, "a_mm_3": 20.0, "a_mp_0": -40.0, "a_mp_1": -19.732179017093166, "a_mp_2": -10.53033695599497, "a_mp_3": 20.0, "a_pm_0": 20.0, "a_pm_1": 20.0, "a_pm_2": -27.964695180013745, "a_pm_3": 20.0, "a_pp_1": -15.676006848363883, "a_pp_2": 20.0, "a_pp_3": 0.9600303050884151}, "datetime": {"datetime": "2024-07-13 09:39:39", "elapsed": 0.0, "delta": 0.0}}
{"target": -1256.588708410282, "params": {"a_c_1": 0.0, "a_c_2": 10.0, "a_mm_0": 20.0, "a_mm_1": -40.0, "a_mm_2": 20.0, "a_mm_3": 20.0, "a_mp_0": 20.0, "a_mp_1": 20.0, "a_mp_2": -6.284222172117596, "a_mp_3": 20.0, "a_pm_0": 20.0, "a_pm_1": 20.0, "a_pm_2": 20.0, "a_pm_3": 20.0, "a_pp_1": -9.432871319468344, "a_pp_2": 20.0, "a_pp_3": 20.0}, "datetime": {"datetime": "2024-07-13 09:43:27", "elapsed": 227.623622, "delta": 227.623622}}
{"target": -1340.540928236699, "params": {"a_c_1": 0.0, "a_c_2": 10.0, "a_mm_0": 20.0, "a_mm_1": -12.210972152535605, "a_mm_2": 20.0, "a_mm_3": 20.0, "a_mp_0": 20.0, "a_mp_1": -13.928585507906776, "a_mp_2": 20.0, "a_mp_3": 20.0, "a_pm_0": 20.0, "a_pm_1": 20.0, "a_pm_2": -15.579331418275236, "a_pm_3": 20.0, "a_pp_1": -40.0, "a_pp_2": 20.0, "a_pp_3": 20.0}, "datetime": {"datetime": "2024-07-13 09:47:39", "elapsed": 479.5543, "delta": 251.930678}}
{"target": -2351.716544407822, "params": {"a_c_1": 3.673030674589136, "a_c_2": 0.0, "a_mm_0": 20.0, "a_mm_1": -13.177603076784546, "a_mm_2": 20.0, "a_mm_3": 20.0, "a_mp_0": -40.0, "a_mp_1": -2.2286924959967664, "a_mp_2": 20.0, "a_mp_3": 20.0, "a_pm_0": 20.0, "a_pm_1": 20.0, "a_pm_2": 20.0, "a_pm_3": 4.24386503756432, "a_pp_1": -18.264892127749288, "a_pp_2": 20.0, "a_pp_3": 6.378882530912268}, "datetime": {"datetime": "2024-07-13 09:58:56", "elapsed": 1156.536613, "delta": 676.982313}}
{"target": -4470.483105094722, "params": {"a_c_1": 0.0, "a_c_2": 10.0, "a_mm_0": -40.0, "a_mm_1": 2.700552728119051, "a_mm_2": -5.405564546075927, "a_mm_3": 20.0, "a_mp_0": 20.0, "a_mp_1": 20.0, "a_mp_2": 2.6848464664547294, "a_mp_3": -20.83717485573511, "a_pm_0": -40.0, "a_pm_1": -14.51525963341709, "a_pm_2": -6.263426140132003, "a_pm_3": 8.82313992876368, "a_pp_1": -5.514081375450617, "a_pp_2": 4.651923043548493, "a_pp_3": 20.0}, "datetime": {"datetime": "2024-07-13 10:01:33", "elapsed": 1314.396167, "delta": 157.859554}}
{"target": -1319.6950633738609, "params": {"a_c_1": 20.0, "a_c_2": 0.0, "a_mm_0": 20.0, "a_mm_1": -16.207771918486472, "a_mm_2": 20.0, "a_mm_3": -12.425757428754588, "a_mp_0": 20.0, "a_mp_1": 20.0, "a_mp_2": 20.0, "a_mp_3": 20.0, "a_pm_0": 20.0, "a_pm_1": 20.0, "a_pm_2": 20.0, "a_pm_3": 20.0, "a_pp_1": 20.0, "a_pp_2": 20.0, "a_pp_3": 20.0}, "datetime": {"datetime": "2024-07-13 10:05:29", "elapsed": 1549.950042, "delta": 235.553875}}
{"target": -468.5053397463051, "params": {"a_c_1": 20.0, "a_c_2": 10.0, "a_mm_0": 20.0, "a_mm_1": 20.0, "a_mm_2": 20.0, "a_mm_3": 20.0, "a_mp_0": 20.0, "a_mp_1": -7.835974438330125, "a_mp_2": 20.0, "a_mp_3": -6.769048636505496, "a_pm_0": -40.0, "a_pm_1": 20.0, "a_pm_2": 20.0, "a_pm_3": 20.0, "a_pp_1": 20.0, "a_pp_2": 20.0, "a_pp_3": 20.0}, "datetime": {"datetime": "2024-07-13 10:10:34", "elapsed": 1855.18829, "delta": 305.238248}}
{"target": -4759.128196494893, "params": {"a_c_1": 18.035009569026055, "a_c_2": 10.0, "a_mm_0": -10.06879435493296, "a_mm_1": 20.0, "a_mm_2": 1.0994654371735484, "a_mm_3": 3.0691128961899325, "a_mp_0": 20.0, "a_mp_1": -6.474684825972652, "a_mp_2": -18.3349086431001, "a_mp_3": -4.675673549514279, "a_pm_0": -40.0, "a_pm_1": -8.165544336576446, "a_pm_2": 20.0, "a_pm_3": -4.671333086102248, "a_pp_1": -11.41826973081747, "a_pp_2": 2.264957149507789, "a_pp_3": 4.945512934856804}, "datetime": {"datetime": "2024-07-13 10:13:31", "elapsed": 2031.929956, "delta": 176.741666}}
{"target": -72.94588115775305, "params": {"a_c_1": 20.0, "a_c_2": 10.0, "a_mm_0": 20.0, "a_mm_1": -12.143210538084551, "a_mm_2": 20.0, "a_mm_3": 20.0, "a_mp_0": 20.0, "a_mp_1": 20.0, "a_mp_2": 20.0, "a_mp_3": 20.0, "a_pm_0": 20.0, "a_pm_1": 20.0, "a_pm_2": -7.873127656323871, "a_pm_3": 20.0, "a_pp_1": 20.0, "a_pp_2": 1.146875574677875, "a_pp_3": 20.0}, "datetime": {"datetime": "2024-07-13 10:18:54", "elapsed": 2354.501995, "delta": 322.572039}}
