{"target": -9.093629471355808, "params": {"a_c_1": 20.0, "a_c_2": 9.3199514877952, "a_mm_0": 17.49295720008064, "a_mm_1": 0.15457923059645706, "a_mm_2": 0.1475037761311908, "a_mm_3": 14.272007637244055, "a_mm_4": -1.334332315044913, "a_mp_0": 13.380056198899661, "a_mp_1": 6.799068384821725, "a_mp_2": -10.56984670731977, "a_mp_3": 13.728004899003322, "a_mp_4": -0.7002614743776108, "a_pm_0": -26.66282024603282, "a_pm_1": -10.483894298312979, "a_pm_2": 10.3431643406587, "a_pm_3": -5.943573087677257, "a_pm_4": 8.471287193327681, "a_pp_1": 18.679418715373878, "a_pp_2": 5.667060040039782, "a_pp_3": 15.919708926771198, "a_pp_4": 13.227529473228799}, "datetime": {"datetime": "2024-07-10 19:27:54", "elapsed": 10217.787749, "delta": 1123.491392}}
{"target": -6.626864549388436, "params": {"a_c_1": 20.0, "a_c_2": 9.37348020207616, "a_mm_0": 17.176845351640516, "a_mm_1": 2.9745771749017154, "a_mm_2": -2.6102222270617688, "a_mm_3": 11.488576312950542, "a_mm_4": -1.0303485002601573, "a_mp_0": 13.69543122081252, "a_mp_1": 9.625304720415556, "a_mp_2": -7.826577185548162, "a_mp_3": 16.52894483684696, "a_mp_4": -3.491950890138759, "a_pm_0": -26.3513411769817, "a_pm_1": -10.782043349170053, "a_pm_2": 10.024266896616329, "a_pm_3": -6.241680825036849, "a_pm_4": 5.655322297956968, "a_pp_1": 15.843644167334624, "a_pp_2": 8.451695795030968, "a_pp_3": 16.24088121245696, "a_pp_4": 12.906357187543039}, "datetime": {"datetime": "2024-07-10 19:45:22", "elapsed": 11266.174412, "delta": 1048.386663}}
{"target": -5.845857628401063, "params": {"a_c_1": 20.0, "a_c_2": 9.416303173500928, "a_mm_0": 16.92395587288842, "a_mm_1": 2.72391069096347, "a_mm_2": -0.4040414245074011, "a_mm_3": 11.73599243066552, "a_mm_4": -0.7871614484323528, "a_mp_0": 15.966131378585096, "a_mp_1": 9.374083712807217, "a_mp_2": -8.070423365261194, "a_mp_3": 14.28819288657205, "a_mp_4": -1.2585993575298402, "a_pm_0": -24.10869187981363, "a_pm_1": -11.020562589855711, "a_pm_2": 7.7282052995112505, "a_pm_3": -8.38805653402591, "a_pm_4": 7.9080942142535395, "a_pp_1": 16.095713016049224, "a_pp_2": 8.20417261680953, "a_pp_3": 16.497819041005567, "a_pp_4": 10.593916730605565}, "datetime": {"datetime": "2024-07-10 20:02:50", "elapsed": 12313.772239, "delta": 1047.597827}}
{"target": -5.370192807541618, "params": {"a_c_1": 20.0, "a_c_2": 9.450561550640742, "a_mm_0": 15.103151625873318, "a_mm_1": 2.523377503812874, "a_mm_2": -2.1689860665508953, "a_mm_3": 13.51738847821337, "a_mm_4": -0.5926118069701092, "a_mp_0": 14.149571252367034, "a_mp_1": 9.173106906720543, "a_mp_2": -8.26550030903162, "a_mp_3": 14.487370837707598, "a_mp_4": -1.457119493761744, "a_pm_0": -24.308038484006346, "a_pm_1": -11.211377982404237, "a_pm_2": 7.932299663698369, "a_pm_3": -6.670955966834661, "a_pm_4": 6.105876681216282, "a_pp_1": 17.910608726794347, "a_pp_2": 8.006154074232379, "a_pp_3": 18.347771406555545, "a_pp_4": 12.443869096155543}, "datetime": {"datetime": "2024-07-10 20:21:37", "elapsed": 13440.530644, "delta": 1126.758405}}
{"target": -5.591325064109673, "params": {"a_c_1": 20.0, "a_c_2": 9.567040032916111, "a_mm_0": 15.791011008079023, "a_mm_1": 3.205190340124901, "a_mm_2": -2.835742931322882, "a_mm_3": 14.190360318398113, "a_mm_4": -1.2540805879417376, "a_mp_0": 14.835827300049413, "a_mp_1": 8.489785766025856, "a_mp_2": -8.928761917851066, "a_mp_3": 13.810165803846736, "a_mp_4": -2.132087956950217, "a_pm_0": -24.985816938261586, "a_pm_1": -11.860150317069227, "a_pm_2": 7.238378825462168, "a_pm_3": -7.319638403329133, "a_pm_4": 6.786714415919246, "a_pp_1": 17.224981458290635, "a_pp_2": 8.679417118994692, "a_pp_3": 19.046642300207758, "a_pp_4": 13.142739989807758}, "datetime": {"datetime": "2024-07-10 20:41:21", "elapsed": 14624.828674, "delta": 1184.29803}}
{"target": -5.4595446692189595, "params": {"a_c_1": 20.0, "a_c_2": 9.357378764820448, "a_mm_0": 14.552864120108755, "a_mm_1": 1.9779272347632526, "a_mm_2": -2.7023915583684848, "a_mm_3": 14.055765950361163, "a_mm_4": -0.06343678219280646, "a_mp_0": 14.698576090512937, "a_mp_1": 8.626449994164794, "a_mp_2": -7.734891021976062, "a_mp_3": 15.029134864796287, "a_mp_4": -0.9171447232109654, "a_pm_0": -24.850261247410536, "a_pm_1": -10.692360114672244, "a_pm_2": 7.377162993109408, "a_pm_3": -7.189901916030239, "a_pm_4": 6.650546868978653, "a_pp_1": 17.362106911991376, "a_pp_2": 8.54476451004223, "a_pp_3": 17.788674691633773, "a_pp_4": 13.002965811077315}, "datetime": {"datetime": "2024-07-10 21:02:00", "elapsed": 15864.348643, "delta": 1239.519969}}
{"target": -4.975813867353999, "params": {"a_c_1": 20.0, "a_c_2": 9.376015321984505, "a_mm_0": 15.54338163048497, "a_mm_1": 2.087017288573177, "a_mm_2": -1.742261673096824, "a_mm_3": 13.948090455931606, "a_mm_4": -0.16927178714826696, "a_mp_0": 13.710367381850311, "a_mp_1": 9.610432436765143, "a_mp_2": -7.841012879387173, "a_mp_3": 14.053959616036646, "a_mp_4": -1.0251396773211212, "a_pm_0": -23.874260273282992, "a_pm_1": -11.62659227658983, "a_pm_2": 8.376409000169538, "a_pm_3": -7.086112726191123, "a_pm_4": 5.6701405310063855, "a_pp_1": 17.47180727495197, "a_pp_2": 8.43704242288026, "a_pp_3": 18.795048778492962, "a_pp_4": 12.89114646809296}, "datetime": {"datetime": "2024-07-10 21:20:39", "elapsed": 16983.037424, "delta": 1118.688781}}
{"target": -5.336683017661627, "params": {"a_c_1": 20.0, "a_c_2": 9.312651027626705, "a_mm_0": 15.169186126565066, "a_mm_1": 1.7161111056194343, "a_mm_2": -1.379545938660863, "a_mm_3": 13.581993774871107, "a_mm_4": -0.5291108039968329, "a_mp_0": 14.083690671789526, "a_mp_1": 9.238705736227233, "a_mp_2": -7.4801985641893936, "a_mp_3": 13.685560077616337, "a_mp_4": -0.6579568333465917, "a_pm_0": -24.242971752397843, "a_pm_1": -11.979524426647586, "a_pm_2": 7.998916064169045, "a_pm_3": -6.733229480738131, "a_pm_4": 5.299764803327974, "a_pp_1": 17.09882604088595, "a_pp_2": 8.80329751923096, "a_pp_3": 19.175234544639768, "a_pp_4": 12.510960701946157}, "datetime": {"datetime": "2024-07-10 21:42:15", "elapsed": 18279.060262, "delta": 1296.022838}}
{"target": -5.529986058165275, "params": {"a_c_1": 20.0, "a_c_2": 9.426706757470747, "a_mm_0": 15.842738033620892, "a_mm_1": 1.7902923422101826, "a_mm_2": -2.0324342606455925, "a_mm_3": 13.655213111083206, "a_mm_4": -0.4571430006271197, "a_mp_0": 13.41170874989894, "a_mp_1": 9.90781379719547, "a_mp_2": -8.129664331545396, "a_mp_3": 13.759239985300399, "a_mp_4": -0.7313934021414976, "a_pm_0": -23.579291089991113, "a_pm_1": -11.908937996636034, "a_pm_2": 8.074414651369143, "a_pm_3": -7.3684193225535175, "a_pm_4": 5.3738399488636555, "a_pp_1": 17.173422287699154, "a_pp_2": 8.144038345799702, "a_pp_3": 18.490900165575518, "a_pp_4": 13.195295081010405}, "datetime": {"datetime": "2024-07-10 22:02:02", "elapsed": 19466.08445, "delta": 1187.024188}}
{"target": -5.067537931503541, "params": {"a_c_1": 20.0, "a_c_2": 9.335462173595513, "a_mm_0": 15.30389650797623, "a_mm_1": 2.324397245663572, "a_mm_2": -1.9743997431358387, "a_mm_3": 13.713788580052887, "a_mm_4": 0.06102518363481524, "a_mp_0": 13.471440476289214, "a_mp_1": 9.372527348420881, "a_mp_2": -8.071934041113751, "a_mp_3": 13.81818391144765, "a_mp_4": -0.7901426571774224, "a_pm_0": -24.110235619916494, "a_pm_1": -11.400715700552867, "a_pm_2": 8.618004479209853, "a_pm_3": -7.311958003281038, "a_pm_4": 5.9071809967205695, "a_pp_1": 17.233099285149716, "a_pp_2": 8.671445684544707, "a_pp_3": 19.03836766882692, "a_pp_4": 12.647827577759006}, "datetime": {"datetime": "2024-07-10 22:24:08", "elapsed": 20791.87564, "delta": 1325.79119}}
{"target": -5.173694369040323, "params": {"a_c_1": 20.0, "a_c_2": 9.343572803273311, "a_mm_0": 15.351793532477979, "a_mm_1": 2.276921254245493, "a_mm_2": -1.556551217065612, "a_mm_3": 14.135531956634582, "a_mm_4": -0.35350936377473274, "a_mp_0": 13.519225857401434, "a_mp_1": 9.420108366089734, "a_mp_2": -7.65627595000591, "a_mp_3": 13.865339052365448, "a_mp_4": -1.2131372934360802, "a_pm_0": -23.685479995976188, "a_pm_1": -11.807293537419401, "a_pm_2": 8.56968538340179, "a_pm_3": -7.266788947863056, "a_pm_4": 5.480508158435039, "a_pp_1": 17.28084088311017, "a_pp_2": 8.249519813548703, "a_pp_3": 18.6003936662258, "a_pp_4": 13.085801580360124}, "datetime": {"datetime": "2024-07-10 22:44:36", "elapsed": 22019.601259, "delta": 1227.725619}}
{"target": -5.366161181286994, "params": {"a_c_1": 20.0, "a_c_2": 9.350061307015551, "a_mm_0": 15.696652108890563, "a_mm_1": 1.9350941160353239, "a_mm_2": -1.5936933082718543, "a_mm_3": 13.798137255369225, "a_mm_4": -0.02188172584709433, "a_mp_0": 13.55745416229121, "a_mp_1": 9.458173180224815, "a_mp_2": -7.693223335882163, "a_mp_3": 14.204856066973605, "a_mp_4": -1.1755377702130885, "a_pm_0": -23.72323605143755, "a_pm_1": -11.771153285253487, "a_pm_2": 8.221787893583736, "a_pm_3": -6.941571748853577, "a_pm_4": 5.821846429063463, "a_pp_1": 17.62458038842541, "a_pp_2": 8.587060510345507, "a_pp_3": 18.950772868306693, "a_pp_4": 13.046870557906692}, "datetime": {"datetime": "2024-07-10 23:02:18", "elapsed": 23081.655317, "delta": 1062.054058}}
{"target": -4.784928237230067, "params": {"a_c_1": 19.9674156712682, "a_c_2": 9.355252110009342, "a_mm_0": 15.420765247760496, "a_mm_1": 1.9654787505428943, "a_mm_2": -1.8611163649567994, "a_mm_3": 13.828127895481702, "a_mm_4": -0.28718383618920507, "a_mp_0": 13.832697957497594, "a_mp_1": 9.732239841997405, "a_mp_2": -7.722781244583165, "a_mp_3": 13.933242455287079, "a_mp_4": -1.145458151634695, "a_pm_0": -23.995079650759347, "a_pm_1": -11.742241083520756, "a_pm_2": 8.50010588543818, "a_pm_3": -7.20174550806116, "a_pm_4": 5.791505249452047, "a_pp_1": 17.594025765730724, "a_pp_2": 8.557056892852458, "a_pp_3": 18.67046950664198, "a_pp_4": 12.766567196241976}, "datetime": {"datetime": "2024-07-10 23:22:37", "elapsed": 24301.086553, "delta": 1219.431236}}
{"target": -4.749456115001686, "params": {"a_c_1": 19.99511235069023, "a_c_2": 9.337603379830453, "a_mm_0": 15.316541322444692, "a_mm_1": 1.8621709932171542, "a_mm_2": -1.9621428530377787, "a_mm_3": 13.726159719099282, "a_mm_4": -0.18695859450440766, "a_mp_0": 13.936678946797784, "a_mp_1": 9.835776136444828, "a_mp_2": -7.622284354999758, "a_mp_3": 13.830632868649948, "a_mp_4": -1.2477288548012329, "a_pm_0": -24.09777612161425, "a_pm_1": -11.840542569412042, "a_pm_2": 8.605248237916525, "a_pm_3": -7.103457643471629, "a_pm_4": 5.89466526013086, "a_pp_1": 17.490140048568783, "a_pp_2": 8.45504459337609, "a_pp_3": 18.564577125568643, "a_pp_4": 12.872459577315313}, "datetime": {"datetime": "2024-07-10 23:41:29", "elapsed": 25432.470315, "delta": 1131.383762}}
{"target": -5.26346380748243, "params": {"a_c_1": 20.0, "a_c_2": 9.355252110009342, "a_mm_0": 15.212317397128889, "a_mm_1": 1.758863235891414, "a_mm_2": -2.063169341118758, "a_mm_3": 13.624191542716863, "a_mm_4": -0.11680092532504949, "a_mp_0": 13.832697957497594, "a_mp_1": 9.732239841997405, "a_mp_2": -7.5217874654163515, "a_mp_3": 13.728023282012817, "a_mp_4": -1.3499995579677706, "a_pm_0": -24.20047259246915, "a_pm_1": -11.938844055303328, "a_pm_2": 8.50010588543818, "a_pm_3": -7.034656138258957, "a_pm_4": 5.997825270809672, "a_pp_1": 17.417420046555424, "a_pp_2": 8.383635983742634, "a_pp_3": 18.458684744495308, "a_pp_4": 12.94658424406665}, "datetime": {"datetime": "2024-07-11 00:00:58", "elapsed": 26601.6791, "delta": 1169.208785}}
{"target": -4.8268900951331215, "params": {"a_c_1": 20.0, "a_c_2": 9.323484395687341, "a_mm_0": 15.399920462697335, "a_mm_1": 1.9448171990777463, "a_mm_2": -2.042964043502562, "a_mm_3": 13.644585177993347, "a_mm_4": -0.2430847298478942, "a_mp_0": 14.019863738237936, "a_mp_1": 9.918605172002767, "a_mp_2": -7.541886843333033, "a_mp_3": 13.912720537959654, "a_mp_4": -1.1659122922680027, "a_pm_0": -24.17993329829817, "a_pm_1": -11.91918375812507, "a_pm_2": 8.6893621198992, "a_pm_3": -7.158498847641766, "a_pm_4": 5.9771932686739095, "a_pp_1": 17.54831605017947, "a_pp_2": 8.397917705669325, "a_pp_3": 18.649291030427314, "a_pp_4": 12.931759310716382}, "datetime": {"datetime": "2024-07-11 00:20:07", "elapsed": 27751.405252, "delta": 1149.726152}}
{"target": -4.970358808610854, "params": {"a_c_1": 20.0, "a_c_2": 9.326308192515963, "a_mm_0": 15.383244634646806, "a_mm_1": 1.7960540285286806, "a_mm_2": -2.0267998054096052, "a_mm_3": 13.79141935198403, "a_mm_4": -0.14205768622961842, "a_mp_0": 14.003226779949905, "a_mp_1": 9.902039364891179, "a_mp_2": -7.6866023643331385, "a_mp_3": 13.764962733202184, "a_mp_4": -1.313182104827817, "a_pm_0": -24.032050380267112, "a_pm_1": -11.777629618441619, "a_pm_2": 8.672539343502667, "a_pm_3": -7.0594246801355185, "a_pm_4": 5.82864285329642, "a_pp_1": 17.443599247280233, "a_pp_2": 8.500746103541504, "a_pp_3": 18.49680600168171, "a_pp_4": 12.825019790594459}, "datetime": {"datetime": "2024-07-11 00:40:20", "elapsed": 28963.946164, "delta": 1212.540912}}
{"target": -4.934704789602702, "params": {"a_c_1": 20.0, "a_c_2": 9.346639529682044, "a_mm_0": 15.369903972206384, "a_mm_1": 1.9150645649679332, "a_mm_2": -1.9104172911403172, "a_mm_3": 13.778367425407081, "a_mm_4": -0.15103786788457627, "a_mp_0": 13.883440680276086, "a_mp_1": 9.888786719201908, "a_mp_2": -7.570829947533054, "a_mp_3": 13.778096760291737, "a_mp_4": -1.1953662547799655, "a_pm_0": -24.15035671469196, "a_pm_1": -11.890872930188381, "a_pm_2": 8.551415353447613, "a_pm_3": -7.138684014140517, "a_pm_4": 5.841847334663307, "a_pp_1": 17.527372689599623, "a_pp_2": 8.49160580150842, "a_pp_3": 18.510360226459095, "a_pp_4": 12.834507747938629}, "datetime": {"datetime": "2024-07-11 01:01:19", "elapsed": 30222.83842, "delta": 1258.892256}}
{"target": -4.9570481135024735, "params": {"a_c_1": 20.0, "a_c_2": 9.33037445994918, "a_mm_0": 15.27385120263534, "a_mm_1": 1.819856135816531, "a_mm_2": -1.9207624035198096, "a_mm_3": 13.684393554053043, "a_mm_4": -0.15822201320854254, "a_mp_0": 13.979269560015142, "a_mp_1": 9.878184602650492, "a_mp_2": -7.663447880973122, "a_mp_3": 13.788603981963378, "a_mp_4": -1.2896189348182467, "a_pm_0": -24.05571164715208, "a_pm_1": -11.800278280790971, "a_pm_2": 8.562181930341394, "a_pm_3": -7.131638740006739, "a_pm_4": 5.852410919756818, "a_pp_1": 17.460353935744113, "a_pp_2": 8.425795626870226, "a_pp_3": 18.60795064485628, "a_pp_4": 12.90282104081666}, "datetime": {"datetime": "2024-07-11 01:20:57", "elapsed": 31400.750004, "delta": 1177.911584}}
{"target": -4.859648742519789, "params": {"a_c_1": 20.0, "a_c_2": 9.331820243925435, "a_mm_0": 15.28238922659721, "a_mm_1": 1.8283191072966556, "a_mm_2": -1.9952472126521539, "a_mm_3": 13.69274678706229, "a_mm_4": -0.20994785954109974, "a_mp_0": 13.902606456223898, "a_mp_1": 9.801849363480297, "a_mp_2": -7.589353534221067, "a_mp_3": 13.797009759300693, "a_mp_4": -1.281240918814844, "a_pm_0": -24.064124542044514, "a_pm_1": -11.872754000308898, "a_pm_2": 8.63970128397663, "a_pm_3": -7.126002520699717, "a_pm_4": 5.928468732430093, "a_pp_1": 17.51396893882852, "a_pp_2": 8.478443766580781, "a_pp_3": 18.529878310138532, "a_pp_4": 12.848170406514235}, "datetime": {"datetime": "2024-07-11 01:39:33", "elapsed": 32517.262043, "delta": 1116.512039}}
{"target": -4.7560623728596445, "params": {"a_c_1": 20.0, "a_c_2": 9.342229888554467, "a_mm_0": 15.343862997977888, "a_mm_1": 1.889252501953553, "a_mm_2": -1.9356593653462784, "a_mm_3": 13.69942937346969, "a_mm_4": -0.16856718247505398, "a_mp_0": 13.963936939256893, "a_mp_1": 9.808634718073202, "a_mp_2": -7.595939698376806, "a_mp_3": 13.803734381170544, "a_mp_4": -1.2745385060121217, "a_pm_0": -24.124697385270036, "a_pm_1": -11.814773424694557, "a_pm_2": 8.632810674764608, "a_pm_3": -7.121493545254099, "a_pm_4": 5.867622482291473, "a_pp_1": 17.509203160776572, "a_pp_2": 8.436325254812337, "a_pp_3": 18.536818073224556, "a_pp_4": 12.891890913956175}, "datetime": {"datetime": "2024-07-11 01:59:21", "elapsed": 33705.011716, "delta": 1187.749673}}
{"target": -4.796452563052079, "params": {"a_c_1": 19.99917824095526, "a_c_2": 9.333902172851241, "a_mm_0": 15.294683981102304, "a_mm_1": 1.8405057862280352, "a_mm_2": -1.9833296431909788, "a_mm_3": 13.704775442595608, "a_mm_4": -0.20167172412789058, "a_mp_0": 13.914872552830497, "a_mp_1": 9.814063001747527, "a_mp_2": -7.601208629701396, "a_mp_3": 13.809114078666425, "a_mp_4": -1.2262811338325217, "a_pm_0": -24.119313132538878, "a_pm_1": -11.86115788518603, "a_pm_2": 8.627298187394992, "a_pm_3": -7.117886364897605, "a_pm_4": 5.916299482402369, "a_pp_1": 17.505390538335014, "a_pp_2": 8.470020064227093, "a_pp_3": 18.54236988369337, "a_pp_4": 12.856914508002623}, "datetime": {"datetime": "2024-07-11 02:17:52", "elapsed": 34815.704314, "delta": 1110.692598}}
{"target": -4.753092946637381, "params": {"a_c_1": 19.991859638478207, "a_c_2": 9.334642414247083, "a_mm_0": 15.334027195518603, "a_mm_1": 1.8795031588084494, "a_mm_2": -1.9611717501999715, "a_mm_3": 13.709052297896342, "a_mm_4": -0.1751880908056213, "a_mp_0": 13.954124061971614, "a_mp_1": 9.853146644202669, "a_mp_2": -7.605423774761069, "a_mp_3": 13.81341783666313, "a_mp_4": -1.2648870315762017, "a_pm_0": -24.115005730353953, "a_pm_1": -11.824050316792851, "a_pm_2": 8.619237844998793, "a_pm_3": -7.091914666330847, "a_pm_4": 5.911972637948067, "a_pp_1": 17.477939656755797, "a_pp_2": 8.443064216695289, "a_pp_3": 18.58234291906886, "a_pp_4": 12.884895632765465}, "datetime": {"datetime": "2024-07-11 02:37:05", "elapsed": 35969.21872, "delta": 1153.514406}}
{"target": -4.826513141546471, "params": {"a_c_1": 19.99771452045985, "a_c_2": 9.335234607363757, "a_mm_0": 15.33053002090382, "a_mm_1": 1.8760367256901904, "a_mm_2": -1.9485833073397305, "a_mm_3": 13.71247378213693, "a_mm_4": -0.1775421915453786, "a_mp_0": 13.950635038936847, "a_mp_1": 9.849672542651101, "a_mp_2": -7.608795890808806, "a_mp_3": 13.816860843060493, "a_mp_4": -1.2340023133812577, "a_pm_0": -24.11155980860601, "a_pm_1": -11.853736370512282, "a_pm_2": 8.61936020376718, "a_pm_3": -7.112692025184254, "a_pm_4": 5.908511162384626, "a_pp_1": 17.499900359370734, "a_pp_2": 8.445460292031449, "a_pp_3": 18.55036449076847, "a_pp_4": 12.882408421675434}, "datetime": {"datetime": "2024-07-11 02:56:22", "elapsed": 37125.824297, "delta": 1156.605577}}
