{"target": -6270.492005782352, "params": {"a_c_1": 20.0, "a_c_2": 10.0, "a_mm_0": 20.0, "a_mm_1": 20.0, "a_mm_2": 20.0, "a_mm_3": 20.0, "a_mp_0": -40.0, "a_mp_1": 20.0, "a_mp_2": -40.0, "a_mp_3": 20.0, "a_pm_0": -40.0, "a_pm_1": 20.0, "a_pm_2": -3.612373102342512, "a_pm_3": 20.0, "a_pp_1": -40.0, "a_pp_2": 20.0, "a_pp_3": 20.0}, "datetime": {"datetime": "2024-07-12 22:30:37", "elapsed": 1924.84713, "delta": 11.895603}}
{"target": -11144.111800501356, "params": {"a_c_1": 20.0, "a_c_2": 10.0, "a_mm_0": 20.0, "a_mm_1": -40.0, "a_mm_2": 20.0, "a_mm_3": -10.492591664554674, "a_mp_0": -40.0, "a_mp_1": -8.875910682005621, "a_mp_2": 20.0, "a_mp_3": 20.0, "a_pm_0": 20.0, "a_pm_1": 20.0, "a_pm_2": 20.0, "a_pm_3": 20.0, "a_pp_1": -40.0, "a_pp_2": 0.0055977197365479625, "a_pp_3": 20.0}, "datetime": {"datetime": "2024-07-12 22:30:38", "elapsed": 1968.066082, "delta": 14.923323}}
{"target": -10071.63797730465, "params": {"a_c_1": 20.0, "a_c_2": 10.0, "a_mm_0": -40.0, "a_mm_1": 20.0, "a_mm_2": -3.622443811576862, "a_mm_3": 20.0, "a_mp_0": 20.0, "a_mp_1": 20.0, "a_mp_2": 20.0, "a_mp_3": -19.977609244017497, "a_pm_0": 20.0, "a_pm_1": -40.0, "a_pm_2": 20.0, "a_pm_3": 20.0, "a_pp_1": 20.0, "a_pp_2": -6.469414365057299, "a_pp_3": 20.0}, "datetime": {"datetime": "2024-07-12 22:30:41", "elapsed": 2092.417115, "delta": 10.349119}}
{"target": -232843.29808984403, "params": {"a_c_1": 7.055096501661038, "a_c_2": 7.751621646652568, "a_mm_0": 5.952071294797825, "a_mm_1": -3.905532622812153, "a_mm_2": -21.854940889517632, "a_mm_3": -36.54278707015966, "a_mp_0": -16.20146259088648, "a_mp_1": 8.02707628632183, "a_mp_2": 1.458562660511845, "a_mp_3": -2.0823447775605857, "a_pm_0": 17.279103511737958, "a_pm_1": 3.2913998598977656, "a_pm_2": -29.062619867957444, "a_pm_3": -10.168531913466616, "a_pp_1": -35.69373724856271, "a_pp_2": -18.361135553771067, "a_pp_3": -15.699694501052267}, "datetime": {"datetime": "2024-07-12 22:30:41", "elapsed": 1993.51587, "delta": 9.844527}}
{"target": -4551.003486810933, "params": {"a_c_1": 0.0, "a_c_2": 10.0, "a_mm_0": -15.236529525158991, "a_mm_1": 20.0, "a_mm_2": -19.427303689981056, "a_mm_3": 20.0, "a_mp_0": 20.0, "a_mp_1": -4.149167584356204, "a_mp_2": 20.0, "a_mp_3": -7.776311467516668, "a_pm_0": -30.205251775562388, "a_pm_1": 20.0, "a_pm_2": -24.915104586047008, "a_pm_3": -4.5849508586731265, "a_pp_1": -22.379248030369602, "a_pp_2": 20.0, "a_pp_3": 20.0}, "datetime": {"datetime": "2024-07-12 22:30:45", "elapsed": 1953.17154, "delta": 11.624574}}
{"target": -111602.24393613474, "params": {"a_c_1": 7.181182669663007, "a_c_2": 5.245304452128749, "a_mm_0": -39.08916625644761, "a_mm_1": 5.701603396918635, "a_mm_2": -21.51537687201859, "a_mm_3": 14.931172275295651, "a_mp_0": 0.4823104680721926, "a_mp_1": -3.6120483602035023, "a_mp_2": -9.451308301542422, "a_mp_3": -5.983533019670389, "a_pm_0": 17.297207586022637, "a_pm_1": -13.036495360658712, "a_pm_2": 15.723507736040446, "a_pm_3": 11.738006809934852, "a_pp_1": 18.893138681940833, "a_pp_2": -31.86659283789018, "a_pp_3": -9.485050045511219}, "datetime": {"datetime": "2024-07-12 22:30:46", "elapsed": 1933.503848, "delta": 8.656718}}
{"target": -7623.216795066007, "params": {"a_c_1": 20.0, "a_c_2": 10.0, "a_mm_0": 20.0, "a_mm_1": 20.0, "a_mm_2": 20.0, "a_mm_3": 20.0, "a_mp_0": -40.0, "a_mp_1": 20.0, "a_mp_2": 20.0, "a_mp_3": 20.0, "a_pm_0": 20.0, "a_pm_1": -40.0, "a_pm_2": -39.469295097246345, "a_pm_3": -6.212640436136001, "a_pp_1": 20.0, "a_pp_2": 20.0, "a_pp_3": 20.0}, "datetime": {"datetime": "2024-07-12 22:30:51", "elapsed": 1980.332558, "delta": 12.266476}}
{"target": -3253.6986069341847, "params": {"a_c_1": 20.0, "a_c_2": 10.0, "a_mm_0": -40.0, "a_mm_1": 20.0, "a_mm_2": 20.0, "a_mm_3": -10.938948374860496, "a_mp_0": -40.0, "a_mp_1": 20.0, "a_mp_2": 20.0, "a_mp_3": 20.0, "a_pm_0": -13.175523415657025, "a_pm_1": -40.0, "a_pm_2": -19.3375454461428, "a_pm_3": 20.0, "a_pp_1": 20.0, "a_pp_2": 20.0, "a_pp_3": 20.0}, "datetime": {"datetime": "2024-07-12 22:30:52", "elapsed": 2103.568299, "delta": 11.151184}}
{"target": -18005.888751275637, "params": {"a_c_1": 20.0, "a_c_2": 10.0, "a_mm_0": 20.0, "a_mm_1": -40.0, "a_mm_2": 20.0, "a_mm_3": 20.0, "a_mp_0": -40.0, "a_mp_1": -40.0, "a_mp_2": 20.0, "a_mp_3": 20.0, "a_pm_0": 20.0, "a_pm_1": 20.0, "a_pm_2": 20.0, "a_pm_3": -28.26229425633921, "a_pp_1": -40.0, "a_pp_2": 20.0, "a_pp_3": 20.0}, "datetime": {"datetime": "2024-07-12 22:30:53", "elapsed": 2004.766941, "delta": 11.251071}}
{"target": -58632.707333547085, "params": {"a_c_1": 17.17520667080364, "a_c_2": 1.1259213263332735, "a_mm_0": -2.879427912779512, "a_mm_1": 10.976326781910693, "a_mm_2": -11.65379542858264, "a_mm_3": 8.617225293012318, "a_mp_0": 11.716317577764151, "a_mp_1": 2.637760474569248, "a_mp_2": -1.055478218635777, "a_mp_3": -11.784552898750182, "a_pm_0": 2.84334361764882, "a_pm_1": 2.315297174812464, "a_pm_2": 8.400766605016514, "a_pm_3": 8.723490603674449, "a_pp_1": -30.26936539719652, "a_pp_2": -3.255805669497583, "a_pp_3": -32.90802171895958}, "datetime": {"datetime": "2024-07-12 22:30:55", "elapsed": 1963.469684, "delta": 10.298144}}
{"target": -415823.70047119824, "params": {"a_c_1": 19.51917531971031, "a_c_2": 2.9063327787445834, "a_mm_0": 10.233706957311888, "a_mm_1": -0.7888231318799441, "a_mm_2": -28.394015432955435, "a_mm_3": -5.757508012529435, "a_mp_0": 8.432577326336315, "a_mp_1": -33.53790844035738, "a_mp_2": -28.663675168748853, "a_mp_3": -25.997565548149268, "a_pm_0": -12.345207084611754, "a_pm_1": -34.70831615564786, "a_pm_2": -30.598050346348906, "a_pm_3": -2.0520698860650057, "a_pp_1": -19.638242180916713, "a_pp_2": -7.559672217996642, "a_pp_3": -21.880315478798362}, "datetime": {"datetime": "2024-07-12 22:30:56", "elapsed": 1943.077916, "delta": 9.574068}}
{"target": -61552.92799444651, "params": {"a_c_1": 10.540096950617183, "a_c_2": 6.085562107760092, "a_mm_0": 6.251188519665746, "a_mm_1": 0.6074261540863759, "a_mm_2": -6.652579180938986, "a_mm_3": 11.657226479959178, "a_mp_0": -8.05443632283006, "a_mp_1": 4.287263171430801, "a_mp_2": -27.844400107599252, "a_mp_3": -1.9935131736184886, "a_pm_0": 18.86648957139392, "a_pm_1": -23.51823659891495, "a_pm_2": 16.87782871205078, "a_pm_3": 0.38312617690428397, "a_pp_1": -12.841786542876644, "a_pp_2": -10.758139339932974, "a_pp_3": -19.11598189677864}, "datetime": {"datetime": "2024-07-12 22:31:02", "elapsed": 2112.871216, "delta": 9.302917}}
{"target": -6894.294357382838, "params": {"a_c_1": 20.0, "a_c_2": 10.0, "a_mm_0": 20.0, "a_mm_1": 20.0, "a_mm_2": 20.0, "a_mm_3": 20.0, "a_mp_0": -40.0, "a_mp_1": -40.0, "a_mp_2": -40.0, "a_mp_3": 20.0, "a_pm_0": 20.0, "a_pm_1": -40.0, "a_pm_2": 20.0, "a_pm_3": 20.0, "a_pp_1": 20.0, "a_pp_2": 20.0, "a_pp_3": 20.0}, "datetime": {"datetime": "2024-07-12 22:31:02", "elapsed": 1991.706578, "delta": 11.37402}}
{"target": -25188.941369275613, "params": {"a_c_1": 20.0, "a_c_2": 10.0, "a_mm_0": 20.0, "a_mm_1": -25.754926925626695, "a_mm_2": 2.1813188203683884, "a_mm_3": -40.0, "a_mp_0": -40.0, "a_mp_1": -40.0, "a_mp_2": 20.0, "a_mp_3": 20.0, "a_pm_0": 20.0, "a_pm_1": 20.0, "a_pm_2": 20.0, "a_pm_3": 10.426372176665893, "a_pp_1": 20.0, "a_pp_2": 20.0, "a_pp_3": 20.0}, "datetime": {"datetime": "2024-07-12 22:31:05", "elapsed": 2016.779786, "delta": 12.012845}}
{"target": -48203.71775283331, "params": {"a_c_1": 0.8748411963937475, "a_c_2": 4.849954836875282, "a_mm_0": 10.240923170959775, "a_mm_1": 17.082188511126844, "a_mm_2": -16.8882643882927, "a_mm_3": -4.769546871298239, "a_mp_0": -37.12833982004965, "a_mp_1": -11.386941965771971, "a_mp_2": -35.85875730815216, "a_mp_3": -1.982574078573549, "a_pm_0": -35.73548410342906, "a_pm_1": 19.6140300391927, "a_pm_2": 15.802897642085917, "a_pm_3": -13.638718607980653, "a_pp_1": -3.2543207502713827, "a_pp_2": 15.39834187259963, "a_pp_3": -4.719696332610852}, "datetime": {"datetime": "2024-07-12 22:31:06", "elapsed": 1974.341583, "delta": 10.871899}}
{"target": -8205.271470426072, "params": {"a_c_1": 20.0, "a_c_2": 10.0, "a_mm_0": 20.0, "a_mm_1": 20.0, "a_mm_2": 20.0, "a_mm_3": 20.0, "a_mp_0": -40.0, "a_mp_1": 20.0, "a_mp_2": 20.0, "a_mp_3": 20.0, "a_pm_0": 20.0, "a_pm_1": -40.0, "a_pm_2": -4.352512966657836, "a_pm_3": 20.0, "a_pp_1": -40.0, "a_pp_2": 20.0, "a_pp_3": 20.0}, "datetime": {"datetime": "2024-07-12 22:31:09", "elapsed": 1955.980522, "delta": 12.902606}}
{"target": -6509.4891562359835, "params": {"a_c_1": 0.0, "a_c_2": 10.0, "a_mm_0": -8.024371681686363, "a_mm_1": 20.0, "a_mm_2": 20.0, "a_mm_3": -23.674793170934144, "a_mp_0": -40.0, "a_mp_1": 20.0, "a_mp_2": 20.0, "a_mp_3": 20.0, "a_pm_0": -25.997427843245585, "a_pm_1": 20.0, "a_pm_2": -34.62539279533941, "a_pm_3": 20.0, "a_pp_1": -40.0, "a_pp_2": 20.0, "a_pp_3": 20.0}, "datetime": {"datetime": "2024-07-12 22:31:13", "elapsed": 2124.098399, "delta": 11.227183}}
{"target": -39965.84137931501, "params": {"a_c_1": 6.862800378225358, "a_c_2": 0.8659687442661057, "a_mm_0": -10.655040932425848, "a_mm_1": 1.0939099443824318, "a_mm_2": 10.397334983329444, "a_mm_3": 6.2397404033600665, "a_mp_0": -30.366536789156427, "a_mp_1": 10.164778289730314, "a_mp_2": -10.769327226896742, "a_mp_3": 5.724541428501098, "a_pm_0": 1.3169840229919458, "a_pm_1": 11.443919220946242, "a_pm_2": -28.9022556032282, "a_pm_3": 13.442366729366725, "a_pp_1": -8.54464313863814, "a_pp_2": -3.8640172631088348, "a_pp_3": -18.48463154614811}, "datetime": {"datetime": "2024-07-12 22:31:13", "elapsed": 2002.901382, "delta": 11.194804}}
{"target": -299727.9221601169, "params": {"a_c_1": 3.7643549910284224, "a_c_2": 2.0994718352456045, "a_mm_0": -30.40560588234394, "a_mm_1": -15.105853533798921, "a_mm_2": 7.158570023116624, "a_mm_3": 1.5004251364362702, "a_mp_0": 15.69002810357567, "a_mp_1": 4.763699945070314, "a_mp_2": -37.947954339329854, "a_mp_3": -18.81091995503542, "a_pm_0": -2.0220934327869244, "a_pm_1": -15.482223167590423, "a_pm_2": 16.22516523917755, "a_pm_3": -27.57584183147574, "a_pp_1": -21.860044125713507, "a_pp_2": -35.32497741628774, "a_pp_3": -28.170644295206237}, "datetime": {"datetime": "2024-07-12 22:31:14", "elapsed": 2025.693129, "delta": 8.913343}}
{"target": -43618.455368751755, "params": {"a_c_1": 20.0, "a_c_2": 0.0, "a_mm_0": -40.0, "a_mm_1": -40.0, "a_mm_2": 20.0, "a_mm_3": -40.0, "a_mp_0": -40.0, "a_mp_1": 20.0, "a_mp_2": -38.95877548344478, "a_mp_3": 20.0, "a_pm_0": 20.0, "a_pm_1": 20.0, "a_pm_2": 20.0, "a_pm_3": 20.0, "a_pp_1": 20.0, "a_pp_2": 20.0, "a_pp_3": 20.0}, "datetime": {"datetime": "2024-07-12 22:31:17", "elapsed": 1986.064634, "delta": 11.723051}}
{"target": -105118.17572076386, "params": {"a_c_1": 6.03891074543089, "a_c_2": 4.470591226352415, "a_mm_0": -18.848390522934316, "a_mm_1": -20.20907177882927, "a_mm_2": 6.101071937780468, "a_mm_3": -3.239235778503982, "a_mp_0": -2.9772263066340656, "a_mp_1": -36.540366443852484, "a_mp_2": 14.453699672267902, "a_mp_3": -37.98720882882802, "a_pm_0": 13.142931524629361, "a_pm_1": -3.2935276422362563, "a_pm_2": -8.511744533979126, "a_pm_3": 0.9599816996480683, "a_pp_1": 11.646947294946592, "a_pp_2": -6.623167975844808, "a_pp_3": 3.8521467224613986}, "datetime": {"datetime": "2024-07-12 22:31:18", "elapsed": 1965.441761, "delta": 9.461239}}
{"target": -92335.53851038522, "params": {"a_c_1": 2.9651286493693396, "a_c_2": 7.263617720567749, "a_mm_0": -3.981612402827764, "a_mm_1": 10.691083666086833, "a_mm_2": 13.927318846833096, "a_mm_3": 4.763533680094703, "a_mp_0": -2.6073099237239887, "a_mp_1": -23.452157459375982, "a_mp_2": -16.633439437820435, "a_mp_3": -3.3891737608793377, "a_pm_0": -24.1714967152636, "a_pm_1": -9.882752897976989, "a_pm_2": -20.16011202858899, "a_pm_3": -9.277819288390845, "a_pp_1": -34.24759400403617, "a_pp_2": -6.414045098677299, "a_pp_3": -0.9652465842151017}, "datetime": {"datetime": "2024-07-12 22:31:21", "elapsed": 2131.827902, "delta": 7.729503}}
{"target": -20661.552123753096, "params": {"a_c_1": 0.0, "a_c_2": 10.0, "a_mm_0": -40.0, "a_mm_1": 20.0, "a_mm_2": -40.0, "a_mm_3": 20.0, "a_mp_0": 20.0, "a_mp_1": -17.376103313226555, "a_mp_2": 20.0, "a_mp_3": 20.0, "a_pm_0": 20.0, "a_pm_1": 20.0, "a_pm_2": -40.0, "a_pm_3": 20.0, "a_pp_1": 20.0, "a_pp_2": 20.0, "a_pp_3": 20.0}, "datetime": {"datetime": "2024-07-12 22:31:23", "elapsed": 2035.604745, "delta": 9.911616}}
{"target": -135767.5522188496, "params": {"a_c_1": 15.100281286783844, "a_c_2": 9.782033871253597, "a_mm_0": -28.993608258751106, "a_mm_1": -2.8437305152610364, "a_mm_2": -18.059341256800057, "a_mm_3": -29.724828570649105, "a_mp_0": 19.018662460974767, "a_mp_1": -15.323177225855552, "a_mp_2": -16.749725303562528, "a_mp_3": -33.616441041601185, "a_pm_0": -17.171588637928256, "a_pm_1": 18.323643537284724, "a_pm_2": -25.915829013608054, "a_pm_3": 8.21310402440546, "a_pp_1": 1.4435247310661339, "a_pp_2": -3.5373845408612823, "a_pp_3": -0.08341389044549885}, "datetime": {"datetime": "2024-07-12 22:31:24", "elapsed": 2014.198819, "delta": 11.297437}}
{"target": -218175.88858782727, "params": {"a_c_1": 4.202404631988685, "a_c_2": 2.7189272192300185, "a_mm_0": 10.24973029383252, "a_mm_1": -36.18902760779881, "a_mm_2": -39.650189173454166, "a_mm_3": -19.157293458214724, "a_mp_0": -7.131952701510734, "a_mp_1": -5.02944161615639, "a_mp_2": -20.469242044701236, "a_mp_3": -24.873740592529245, "a_pm_0": -36.20724725995301, "a_pm_1": -6.654038202052227, "a_pm_2": 19.965794446882086, "a_pm_3": 19.706113049368753, "a_pp_1": -0.06132734979231458, "a_pp_2": -8.321643407516476, "a_pp_3": -17.97417740220929}, "datetime": {"datetime": "2024-07-12 22:31:27", "elapsed": 1974.322688, "delta": 8.880927}}
{"target": -30711.467370189897, "params": {"a_c_1": 20.0, "a_c_2": 0.0, "a_mm_0": 20.0, "a_mm_1": 20.0, "a_mm_2": 20.0, "a_mm_3": -40.0, "a_mp_0": -40.0, "a_mp_1": 20.0, "a_mp_2": -40.0, "a_mp_3": 20.0, "a_pm_0": 20.0, "a_pm_1": 20.0, "a_pm_2": 20.0, "a_pm_3": 20.0, "a_pp_1": -40.0, "a_pp_2": 20.0, "a_pp_3": 20.0}, "datetime": {"datetime": "2024-07-12 22:31:30", "elapsed": 1998.149239, "delta": 12.084605}}
{"target": -2411.0467699694614, "params": {"a_c_1": 20.0, "a_c_2": 10.0, "a_mm_0": 1.7865414113162634, "a_mm_1": -40.0, "a_mm_2": 20.0, "a_mm_3": 5.91715048301057, "a_mp_0": -2.281247715595247, "a_mp_1": 20.0, "a_mp_2": -9.226781819935995, "a_mp_3": 20.0, "a_pm_0": -17.588659718996748, "a_pm_1": 20.0, "a_pm_2": -21.196953625598194, "a_pm_3": -6.153765810480254, "a_pp_1": -15.038126897805075, "a_pp_2": 20.0, "a_pp_3": 20.0}, "datetime": {"datetime": "2024-07-12 22:31:33", "elapsed": 2144.258993, "delta": 12.431091}}
{"target": -123566.07748572418, "params": {"a_c_1": 17.535980070199905, "a_c_2": 1.9238681611773123, "a_mm_0": -1.6651961685296186, "a_mm_1": 1.1432206631781057, "a_mm_2": -4.759278390509287, "a_mm_3": -22.01408844638, "a_mp_0": -5.975689644582488, "a_mp_1": -27.966358988909626, "a_mp_2": -0.9726951864854101, "a_mp_3": -5.5575813651257135, "a_pm_0": -37.00220280249287, "a_pm_1": -5.670232308663138, "a_pm_2": -24.555450143367977, "a_pm_3": 7.345885545309599, "a_pp_1": 3.1552001446582665, "a_pp_2": -16.089881634067652, "a_pp_3": 5.116109422133825}, "datetime": {"datetime": "2024-07-12 22:31:35", "elapsed": 2024.539038, "delta": 10.340219}}
{"target": -3089.6867020413624, "params": {"a_c_1": 20.0, "a_c_2": 10.0, "a_mm_0": -40.0, "a_mm_1": 20.0, "a_mm_2": -30.61218322589618, "a_mm_3": 20.0, "a_mp_0": -40.0, "a_mp_1": 20.0, "a_mp_2": 20.0, "a_mp_3": 20.0, "a_pm_0": 20.0, "a_pm_1": 20.0, "a_pm_2": 20.0, "a_pm_3": 20.0, "a_pp_1": -40.0, "a_pp_2": 20.0, "a_pp_3": 20.0}, "datetime": {"datetime": "2024-07-12 22:31:36", "elapsed": 2047.760552, "delta": 12.155807}}
{"target": -106494.45820126927, "params": {"a_c_1": 5.610125286197938, "a_c_2": 0.4813144550426274, "a_mm_0": 19.014677197820127, "a_mm_1": -7.910561708831665, "a_mm_2": -8.355444584338997, "a_mm_3": -27.364227029901706, "a_mp_0": 11.676250501361906, "a_mp_1": 12.777183297439358, "a_mp_2": -28.33528971179656, "a_mp_3": 0.05536779369813871, "a_pm_0": -1.3951195593093857, "a_pm_1": -16.08923864369921, "a_pm_2": -28.61527528148647, "a_pm_3": -10.127833365995372, "a_pp_1": 1.7750615473932498, "a_pp_2": 5.18814239590894, "a_pp_3": -8.909274855880934}, "datetime": {"datetime": "2024-07-12 22:31:37", "elapsed": 1984.511932, "delta": 10.189244}}
{"target": -130574.0949428942, "params": {"a_c_1": 14.902686634140345, "a_c_2": 8.775751873485675, "a_mm_0": -3.7094876909816747, "a_mm_1": -18.00861986732167, "a_mm_2": -34.988228352987974, "a_mm_3": 19.938154460132537, "a_mp_0": -0.7250859711105875, "a_mp_1": -26.171155449568467, "a_mp_2": 13.368314518761984, "a_mp_3": 17.125442096666923, "a_pm_0": -13.86132498689652, "a_pm_1": -21.1052072659897, "a_pm_2": -16.591946919404016, "a_pm_3": 1.0064572984323021, "a_pp_1": 2.0564347936094762, "a_pp_2": -18.30385926410277, "a_pp_3": -33.41917837903546}, "datetime": {"datetime": "2024-07-12 22:31:38", "elapsed": 2006.70295, "delta": 8.553711}}
{"target": -1143.6410714968622, "params": {"a_c_1": 20.0, "a_c_2": 10.0, "a_mm_0": -3.7541309644468996, "a_mm_1": -0.12141004383465648, "a_mm_2": 3.2249911952195425, "a_mm_3": -1.5668270637616182, "a_mp_0": -40.0, "a_mp_1": 20.0, "a_mp_2": 5.577606618870321, "a_mp_3": -6.448590378174235, "a_pm_0": -15.528551067709222, "a_pm_1": -3.1687923148121206, "a_pm_2": -0.5931070749899058, "a_pm_3": 5.413304177558613, "a_pp_1": -10.605907167641213, "a_pp_2": 7.120567471385077, "a_pp_3": 20.0}, "datetime": {"datetime": "2024-07-12 22:31:44", "elapsed": 2154.622712, "delta": 10.363719}}
{"target": -77729.4009369671, "params": {"a_c_1": 2.550645889936578, "a_c_2": 8.968655704126313, "a_mm_0": 12.18275572091867, "a_mm_1": 3.8661597657024984, "a_mm_2": 10.513477989022384, "a_mm_3": 19.348779293448608, "a_mp_0": -33.69197320822495, "a_mp_1": -7.266754693714098, "a_mp_2": -36.099620235138566, "a_mp_3": -7.6857486105256925, "a_pm_0": -9.482705596270229, "a_pm_1": -6.451573895548755, "a_pm_2": -26.577681308555686, "a_pm_3": -24.303982703107078, "a_pp_1": -4.481057979579916, "a_pp_2": 10.3068791880008, "a_pp_3": -17.300531493557035}, "datetime": {"datetime": "2024-07-12 22:31:45", "elapsed": 2034.333124, "delta": 9.794086}}
{"target": -212254.9027401537, "params": {"a_c_1": 15.211463351882703, "a_c_2": 2.237100111502307, "a_mm_0": 0.8838855582295437, "a_mm_1": -19.605870534844843, "a_mm_2": -19.44109202990167, "a_mm_3": -35.454499607507785, "a_mp_0": 5.49729806643829, "a_mp_1": 16.118265858784575, "a_mp_2": -11.785656567815746, "a_mp_3": -29.32207112318855, "a_pm_0": 10.834194249409265, "a_pm_1": -33.90045130337472, "a_pm_2": 7.675415615844322, "a_pm_3": -15.69316341146759, "a_pp_1": 9.753448075135651, "a_pp_2": -15.937828401268753, "a_pp_3": -10.407727074220507}, "datetime": {"datetime": "2024-07-12 22:31:45", "elapsed": 2057.089986, "delta": 9.329434}}
{"target": -188983.92830513528, "params": {"a_c_1": 8.15995953114612, "a_c_2": 3.149092687772903, "a_mm_0": -21.88245765516012, "a_mm_1": -22.408863358361668, "a_mm_2": 14.948172133785079, "a_mm_3": 14.289337595658466, "a_mp_0": -37.47606983837921, "a_mp_1": -9.613651195606295, "a_mp_2": 1.0933742058836273, "a_mp_3": -37.44989910076932, "a_pm_0": -0.790752174119504, "a_pm_1": 3.741452682573268, "a_pm_2": 1.2525502962395194, "a_pm_3": -25.08154232635961, "a_pp_1": 5.470426978239651, "a_pp_2": -35.87023825743922, "a_pp_3": -24.412734784353834}, "datetime": {"datetime": "2024-07-12 22:31:46", "elapsed": 1993.173564, "delta": 8.661632}}
{"target": -31939.816268546117, "params": {"a_c_1": 20.0, "a_c_2": 0.0, "a_mm_0": 20.0, "a_mm_1": 20.0, "a_mm_2": 20.0, "a_mm_3": -40.0, "a_mp_0": 20.0, "a_mp_1": 20.0, "a_mp_2": 20.0, "a_mp_3": -18.298255798990795, "a_pm_0": 20.0, "a_pm_1": 20.0, "a_pm_2": -3.0998518646624587, "a_pm_3": 20.0, "a_pp_1": -40.0, "a_pp_2": 2.393634948638687, "a_pp_3": 20.0}, "datetime": {"datetime": "2024-07-12 22:31:49", "elapsed": 2017.27828, "delta": 10.57533}}
{"target": -135648.53284362305, "params": {"a_c_1": 1.9408551516839423, "a_c_2": 7.4013245263196445, "a_mm_0": 8.85064217032577, "a_mm_1": -30.746542301853783, "a_mm_2": -4.835163081592711, "a_mm_3": 6.255315685043875, "a_mp_0": -9.305985793923316, "a_mp_1": 16.393177910635373, "a_mp_2": -26.200409344422, "a_mp_3": 19.33605609228883, "a_pm_0": -30.072122237215304, "a_pm_1": -5.493780624333567, "a_pm_2": -23.375735040924532, "a_pm_3": -27.844113622392214, "a_pp_1": 0.874093212699691, "a_pp_2": -24.597899397782868, "a_pp_3": 12.256813789498551}, "datetime": {"datetime": "2024-07-12 22:31:53", "elapsed": 2065.056994, "delta": 7.967008}}
{"target": -28738.785271125653, "params": {"a_c_1": 20.0, "a_c_2": 10.0, "a_mm_0": -40.0, "a_mm_1": -40.0, "a_mm_2": 20.0, "a_mm_3": 20.0, "a_mp_0": -40.0, "a_mp_1": -40.0, "a_mp_2": 20.0, "a_mp_3": 20.0, "a_pm_0": -40.0, "a_pm_1": -40.0, "a_pm_2": 20.0, "a_pm_3": 20.0, "a_pp_1": 20.0, "a_pp_2": 20.0, "a_pp_3": 20.0}, "datetime": {"datetime": "2024-07-12 22:31:55", "elapsed": 2002.188481, "delta": 9.014917}}
{"target": -18054.992576751003, "params": {"a_c_1": 0.0, "a_c_2": 10.0, "a_mm_0": 20.0, "a_mm_1": 20.0, "a_mm_2": -40.0, "a_mm_3": 20.0, "a_mp_0": -40.0, "a_mp_1": 20.0, "a_mp_2": 20.0, "a_mp_3": 20.0, "a_pm_0": 20.0, "a_pm_1": 20.0, "a_pm_2": 20.0, "a_pm_3": -36.215292153578766, "a_pp_1": -40.0, "a_pp_2": 20.0, "a_pp_3": 20.0}, "datetime": {"datetime": "2024-07-12 22:31:56", "elapsed": 2166.646177, "delta": 12.023465}}
{"target": -23035.060930264845, "params": {"a_c_1": 20.0, "a_c_2": 10.0, "a_mm_0": 20.0, "a_mm_1": 20.0, "a_mm_2": 20.0, "a_mm_3": 20.0, "a_mp_0": -40.0, "a_mp_1": -6.435765488584702, "a_mp_2": -22.51612054652896, "a_mp_3": 20.0, "a_pm_0": 20.0, "a_pm_1": 20.0, "a_pm_2": -40.0, "a_pm_3": -38.11900536001895, "a_pp_1": 20.0, "a_pp_2": 20.0, "a_pp_3": 20.0}, "datetime": {"datetime": "2024-07-12 22:32:00", "elapsed": 2049.917103, "delta": 15.583979}}
