{"target": -6728.846539286378, "params": {"a_c_1": 0.0, "a_c_2": 10.0, "a_mm_0": 20.0, "a_mm_1": 4.217070857285804, "a_mm_2": -11.692525157979338, "a_mm_3": 1.773344535668862, "a_mp_0": 10.314247586086603, "a_mp_1": 9.174638934962232, "a_mp_2": -2.4041650808954067, "a_mp_3": 20.0, "a_pm_0": -36.129651211799384, "a_pm_1": -38.72410723827867, "a_pm_2": 20.0, "a_pm_3": 20.0, "a_pp_1": -24.23850195257666, "a_pp_2": 20.0, "a_pp_3": 20.0}, "datetime": {"datetime": "2024-07-12 22:13:17", "elapsed": 949.456032, "delta": 10.951943}}
{"target": -231168.3473608505, "params": {"a_c_1": 5.782862926052593, "a_c_2": 6.418235631189754, "a_mm_0": -35.40635571172181, "a_mm_1": -38.85963228738819, "a_mm_2": 14.560100329084115, "a_mm_3": 17.716617736192084, "a_mp_0": 17.83341148631942, "a_mp_1": -23.235382843803855, "a_mp_2": -38.69164228204022, "a_mp_3": -32.09819056813659, "a_pm_0": -39.10687597394155, "a_pm_1": -39.82918060291079, "a_pm_2": 19.109730169902036, "a_pm_3": -26.989336491232386, "a_pp_1": 8.707446087996765, "a_pp_2": -5.028462843613795, "a_pp_3": 15.431487343233584}, "datetime": {"datetime": "2024-07-12 22:13:20", "elapsed": 908.274612, "delta": 8.179311}}
{"target": -131844.62145482496, "params": {"a_c_1": 19.722174486714017, "a_c_2": 7.950541452414516, "a_mm_0": -25.074873512075392, "a_mm_1": -28.452405861643797, "a_mm_2": 17.52755756304893, "a_mm_3": 10.938667084109632, "a_mp_0": 16.391539740964276, "a_mp_1": -25.728572810040333, "a_mp_2": 2.2270182250846133, "a_mp_3": -34.32069598013803, "a_pm_0": 16.87886267899774, "a_pm_1": -8.56983920546687, "a_pm_2": -15.93559122531061, "a_pm_3": 6.818467147239971, "a_pp_1": 15.461867956047534, "a_pp_2": 0.8241919936824402, "a_pp_3": -31.901643177553982}, "datetime": {"datetime": "2024-07-12 22:13:22", "elapsed": 889.552442, "delta": 11.088814}}
{"target": -4052.194475559339, "params": {"a_c_1": 0.0, "a_c_2": 10.0, "a_mm_0": 20.0, "a_mm_1": 20.0, "a_mm_2": -19.695461871590204, "a_mm_3": 2.182435793555498, "a_mp_0": -40.0, "a_mp_1": 1.262215712971282, "a_mp_2": 20.0, "a_mp_3": 5.750245739567263, "a_pm_0": 14.669662944012583, "a_pm_1": 20.0, "a_pm_2": 1.7496661401304956, "a_pm_3": -16.085799982686204, "a_pp_1": 19.827951070741644, "a_pp_2": 6.389996728709042, "a_pp_3": 20.0}, "datetime": {"datetime": "2024-07-12 22:13:26", "elapsed": 1056.919102, "delta": 10.772432}}
{"target": -2798.2519432422987, "params": {"a_c_1": 0.0, "a_c_2": 0.0, "a_mm_0": -20.674139487454806, "a_mm_1": -21.31705220691662, "a_mm_2": 17.636544047485533, "a_mm_3": 8.075776954567806, "a_mp_0": -3.858499530980408, "a_mp_1": -1.9814515616942738, "a_mp_2": 8.740174505450405, "a_mp_3": 20.0, "a_pm_0": -6.2561011116741865, "a_pm_1": -28.66952182259351, "a_pm_2": -8.925467308924548, "a_pm_3": 6.3385482213976365, "a_pp_1": 20.0, "a_pp_2": 20.0, "a_pp_3": 20.0}, "datetime": {"datetime": "2024-07-12 22:13:27", "elapsed": 937.02206, "delta": 10.899435}}
{"target": -30320.678575891237, "params": {"a_c_1": 0.0, "a_c_2": 10.0, "a_mm_0": 18.577598712263907, "a_mm_1": -7.088433963214332, "a_mm_2": 20.0, "a_mm_3": 20.0, "a_mp_0": -1.0521958286360056, "a_mp_1": -29.85514774499192, "a_mp_2": -19.0013257610323, "a_mp_3": 6.074769671784557, "a_pm_0": 20.0, "a_pm_1": 20.0, "a_pm_2": 9.664710239863926, "a_pm_3": 20.0, "a_pp_1": 11.17856811171583, "a_pp_2": 20.0, "a_pp_3": -22.690256445296935}, "datetime": {"datetime": "2024-07-12 22:13:28", "elapsed": 960.556027, "delta": 11.099995}}
{"target": -106936.66830288799, "params": {"a_c_1": 2.1602419976942144, "a_c_2": 1.4978646592925604, "a_mm_0": -2.952025327353333, "a_mm_1": 6.999239894960567, "a_mm_2": 5.80849105821796, "a_mm_3": -4.487559641859882, "a_mp_0": 18.18234459746649, "a_mp_1": -26.495079859554977, "a_mp_2": -12.52222145438941, "a_mp_3": -8.888320888216022, "a_pm_0": -24.739186211674557, "a_pm_1": -28.73301601053095, "a_pm_2": -18.805145781366374, "a_pm_3": 10.969921051736158, "a_pp_1": -15.384995551316017, "a_pp_2": -17.37253190393446, "a_pp_3": -1.232946099027906}, "datetime": {"datetime": "2024-07-12 22:13:29", "elapsed": 917.114182, "delta": 8.83957}}
{"target": -114855.85577912352, "params": {"a_c_1": 0.6493837380843237, "a_c_2": 9.632415208330317, "a_mm_0": 1.7419563205422293, "a_mm_1": -10.839061517799308, "a_mm_2": -22.49111723878809, "a_mm_3": -15.613633081720394, "a_mp_0": -22.343748664667633, "a_mp_1": 3.976545419409483, "a_mp_2": -21.29527285090163, "a_mp_3": -28.33082059767989, "a_pm_0": -26.9152012729636, "a_pm_1": -14.610605554288345, "a_pm_2": 15.531110923525866, "a_pm_3": -1.1940153782419713, "a_pp_1": -20.926734949336133, "a_pp_2": -17.28583621778075, "a_pp_3": 11.80868616579533}, "datetime": {"datetime": "2024-07-12 22:13:33", "elapsed": 900.696085, "delta": 11.143643}}
{"target": -172931.27163333597, "params": {"a_c_1": 19.9690325256947, "a_c_2": 9.455625016723408, "a_mm_0": -29.176859468701387, "a_mm_1": -1.9475318527784253, "a_mm_2": 10.400939225761284, "a_mm_3": 17.282295593882758, "a_mp_0": -33.138934804606514, "a_mp_1": 17.020336808392827, "a_mp_2": -18.38784198045169, "a_mp_3": 5.649782691023077, "a_pm_0": -3.306863752155081, "a_pm_1": 15.281809356258819, "a_pm_2": -16.872643806919626, "a_pm_3": -37.80841253339424, "a_pp_1": -2.5145202859922478, "a_pp_2": 17.480912969793124, "a_pp_3": -24.86918566614003}, "datetime": {"datetime": "2024-07-12 22:13:37", "elapsed": 925.436532, "delta": 8.32235}}
{"target": -7588.521834226622, "params": {"a_c_1": 0.0, "a_c_2": 10.0, "a_mm_0": -28.603626728233767, "a_mm_1": 20.0, "a_mm_2": 20.0, "a_mm_3": -14.990942526216518, "a_mp_0": -40.0, "a_mp_1": 4.032150088852259, "a_mp_2": -6.301329680403692, "a_mp_3": 20.0, "a_pm_0": -16.870588337552775, "a_pm_1": 20.0, "a_pm_2": -12.85633841293659, "a_pm_3": 10.433307930517165, "a_pp_1": 18.05955166679302, "a_pp_2": 10.977897253947665, "a_pp_3": 2.3041689380015358}, "datetime": {"datetime": "2024-07-12 22:13:37", "elapsed": 1068.51517, "delta": 11.596068}}
{"target": -7180.487731219637, "params": {"a_c_1": 0.0, "a_c_2": 0.0, "a_mm_0": -6.527814294785503, "a_mm_1": 20.0, "a_mm_2": -11.101124243734668, "a_mm_3": -8.039032288974528, "a_mp_0": -40.0, "a_mp_1": 9.482837130073834, "a_mp_2": 8.692529198542868, "a_mp_3": 15.6159107151448, "a_pm_0": -19.973626529251906, "a_pm_1": 7.402339001296158, "a_pm_2": -19.091093439662213, "a_pm_3": 11.271278307197296, "a_pp_1": 12.382409560665788, "a_pp_2": 20.0, "a_pp_3": 20.0}, "datetime": {"datetime": "2024-07-12 22:13:38", "elapsed": 947.366089, "delta": 10.344029}}
{"target": -7706.167315017588, "params": {"a_c_1": 20.0, "a_c_2": 10.0, "a_mm_0": -34.02828150056158, "a_mm_1": -6.154004845233824, "a_mm_2": 20.0, "a_mm_3": 20.0, "a_mp_0": 20.0, "a_mp_1": 1.6783699404450052, "a_mp_2": -15.605767996267758, "a_mp_3": -28.700776895604893, "a_pm_0": -1.1685416848085846, "a_pm_1": 20.0, "a_pm_2": 3.6998033091345923, "a_pm_3": 20.0, "a_pp_1": -10.139385211431673, "a_pp_2": 5.307892362049325, "a_pp_3": 20.0}, "datetime": {"datetime": "2024-07-12 22:13:40", "elapsed": 972.165825, "delta": 11.609798}}
{"target": -239025.67897868, "params": {"a_c_1": 8.237422663412747, "a_c_2": 2.939805729979441, "a_mm_0": 1.2002471821639986, "a_mm_1": -16.697039621171026, "a_mm_2": 6.193231215627556, "a_mm_3": -26.08506221575014, "a_mp_0": -5.3983163807970485, "a_mp_1": 9.845459087400272, "a_mp_2": 9.940405225464986, "a_mp_3": -35.661715289172804, "a_pm_0": -39.92172714866141, "a_pm_1": -37.760786561778374, "a_pm_2": 9.253469893701514, "a_pm_3": -5.357281457536935, "a_pp_1": -22.691506126083798, "a_pp_2": -3.67084392912394, "a_pp_3": -18.920448497344633}, "datetime": {"datetime": "2024-07-12 22:13:42", "elapsed": 909.035284, "delta": 8.339199}}
{"target": -94679.50535020219, "params": {"a_c_1": 5.863608886161586, "a_c_2": 3.9145721827233904, "a_mm_0": -2.361826235077686, "a_mm_1": -5.0175949744757276, "a_mm_2": 16.442264200247074, "a_mm_3": -4.738193034546171, "a_mp_0": -3.7198398596773004, "a_mp_1": -36.428791766938716, "a_mp_2": -25.046226054506803, "a_mp_3": -24.060038775056416, "a_pm_0": -20.80641642318804, "a_pm_1": -24.842023169861953, "a_pm_2": -1.4877547346585942, "a_pm_3": 0.10185272446712901, "a_pp_1": -16.081338599779492, "a_pp_2": 6.404534416226262, "a_pp_3": -3.436309050183368}, "datetime": {"datetime": "2024-07-12 22:13:47", "elapsed": 935.298377, "delta": 9.861845}}
{"target": -238533.12855245947, "params": {"a_c_1": 6.9167102947716135, "a_c_2": 4.616287196215869, "a_mm_0": -34.20699559089138, "a_mm_1": 13.862625050689836, "a_mm_2": 9.083552610668896, "a_mm_3": -23.620233164040968, "a_mp_0": -25.088532943361606, "a_mp_1": -9.909645800636689, "a_mp_2": 16.141628046155276, "a_mp_3": -6.708111530426919, "a_pm_0": 3.371104121436481, "a_pm_1": -23.41843993923361, "a_pm_2": -1.7636827508646746, "a_pm_3": -33.70198586584721, "a_pp_1": -34.519627707936735, "a_pp_2": -36.78237134802443, "a_pp_3": -2.6500057492950404}, "datetime": {"datetime": "2024-07-12 22:13:48", "elapsed": 957.41599, "delta": 10.049901}}
{"target": -4672.556796990227, "params": {"a_c_1": 0.0, "a_c_2": 0.0, "a_mm_0": 8.96266679278797, "a_mm_1": -22.49451790894669, "a_mm_2": 20.0, "a_mm_3": 20.0, "a_mp_0": -40.0, "a_mp_1": 4.981664253578219, "a_mp_2": 13.877508948160044, "a_mp_3": 12.998316407743037, "a_pm_0": -40.0, "a_pm_1": 20.0, "a_pm_2": -4.134603581491461, "a_pm_3": 0.7263784502161331, "a_pp_1": -21.8728867214666, "a_pp_2": 1.6304202971120612, "a_pp_3": 12.682247357570553}, "datetime": {"datetime": "2024-07-12 22:13:48", "elapsed": 1078.814978, "delta": 10.299808}}
{"target": -205767.87031158115, "params": {"a_c_1": 4.837626980173275, "a_c_2": 2.124012223919434, "a_mm_0": -34.61950922847668, "a_mm_1": -23.73142656076678, "a_mm_2": -0.09728299988663813, "a_mm_3": 6.293205452301783, "a_mp_0": -25.967891190032375, "a_mp_1": -28.695165772093016, "a_mp_2": -17.749399613427585, "a_mp_3": 14.278283399806234, "a_pm_0": -31.20781973311836, "a_pm_1": -31.940128527160148, "a_pm_2": 0.7297028599187502, "a_pm_3": -24.19701339222394, "a_pp_1": -26.60993454487274, "a_pp_2": 9.808988594759764, "a_pp_3": -28.943844325395958}, "datetime": {"datetime": "2024-07-12 22:13:49", "elapsed": 980.889468, "delta": 8.723643}}
{"target": -151147.70328198274, "params": {"a_c_1": 19.73890386653915, "a_c_2": 3.9712598281997114, "a_mm_0": -7.199653827041132, "a_mm_1": 6.854080428651088, "a_mm_2": -25.505912957586077, "a_mm_3": -5.475405380459449, "a_mp_0": -18.54191851903659, "a_mp_1": -11.101902049677513, "a_mp_2": -0.6595147923788289, "a_mp_3": -5.6494227574238, "a_pm_0": -15.114153290125888, "a_pm_1": -21.872887804397937, "a_pm_2": -19.083195610624845, "a_pm_3": -18.69935529336712, "a_pp_1": -26.77484199515783, "a_pp_2": 0.45811001125698425, "a_pp_3": -14.418161116064962}, "datetime": {"datetime": "2024-07-12 22:13:50", "elapsed": 917.841343, "delta": 8.806059}}
{"target": -29068.098204438047, "params": {"a_c_1": 20.0, "a_c_2": 10.0, "a_mm_0": -12.844443634727112, "a_mm_1": 20.0, "a_mm_2": -4.565630034777051, "a_mm_3": 20.0, "a_mp_0": 19.936132118759918, "a_mp_1": -40.0, "a_mp_2": 20.0, "a_mp_3": 20.0, "a_pm_0": -24.112897851396212, "a_pm_1": 20.0, "a_pm_2": -12.991766049526213, "a_pm_3": 20.0, "a_pp_1": 19.177247614229646, "a_pp_2": 20.0, "a_pp_3": -26.327964564283278}, "datetime": {"datetime": "2024-07-12 22:13:57", "elapsed": 945.098713, "delta": 9.800336}}
{"target": -388288.90771981084, "params": {"a_c_1": 3.2960966635147737, "a_c_2": 6.371768806440174, "a_mm_0": -5.173504854926719, "a_mm_1": 2.9514784864933645, "a_mm_2": 7.4785961079945835, "a_mm_3": -37.8635905164899, "a_mp_0": 16.87967088216965, "a_mp_1": -0.5472772226330065, "a_mp_2": -5.782263020428701, "a_mp_3": -18.16551828686943, "a_pm_0": -1.9666410930131377, "a_pm_1": -26.849536085721326, "a_pm_2": -20.373313380719026, "a_pm_3": -39.499021661209206, "a_pp_1": -29.873258508057482, "a_pp_2": -2.834578759710844, "a_pp_3": -25.30129089087486}, "datetime": {"datetime": "2024-07-12 22:13:57", "elapsed": 1088.041611, "delta": 9.226633}}
{"target": -20724.208331331127, "params": {"a_c_1": 0.0, "a_c_2": 10.0, "a_mm_0": -24.92319672624546, "a_mm_1": 20.0, "a_mm_2": 14.074611141129106, "a_mm_3": 20.0, "a_mp_0": 20.0, "a_mp_1": -23.035363849861028, "a_mp_2": 20.0, "a_mp_3": 20.0, "a_pm_0": -2.5370514391577834, "a_pm_1": 20.0, "a_pm_2": 20.0, "a_pm_3": -18.981762711952573, "a_pp_1": -25.481052876124444, "a_pp_2": -32.1254688532244, "a_pp_3": 20.0}, "datetime": {"datetime": "2024-07-12 22:13:59", "elapsed": 990.722415, "delta": 9.832947}}
{"target": -234292.4421371633, "params": {"a_c_1": 2.4747852956483407, "a_c_2": 4.537267803028103, "a_mm_0": -8.01992110338806, "a_mm_1": -23.099183047263065, "a_mm_2": -31.329141227394967, "a_mm_3": -31.903789253504485, "a_mp_0": 12.895282794388429, "a_mp_1": -18.47706311247584, "a_mp_2": -1.2473917368849925, "a_mp_3": -39.299770741709736, "a_pm_0": 6.033778660849308, "a_pm_1": -15.627336146200122, "a_pm_2": -3.7805913633132207, "a_pm_3": 19.559647837508116, "a_pp_1": -35.1122731980114, "a_pp_2": -19.016501912873103, "a_pp_3": 19.17978811615744}, "datetime": {"datetime": "2024-07-12 22:14:00", "elapsed": 927.081474, "delta": 9.240131}}
{"target": -120892.72964090896, "params": {"a_c_1": 7.477924632122779, "a_c_2": 7.111981768026063, "a_mm_0": -14.165711171169661, "a_mm_1": -9.717807951949382, "a_mm_2": 12.758577302190119, "a_mm_3": -14.38150958467179, "a_mp_0": -16.661064823617927, "a_mp_1": 4.18282929145699, "a_mp_2": -37.86700776673471, "a_mp_3": 1.7326325455507074, "a_pm_0": 6.060054367955388, "a_pm_1": -33.87190144683726, "a_pm_2": -38.34913156423876, "a_pm_3": -8.478208392389732, "a_pp_1": -23.199142907100146, "a_pp_2": 18.402619819151617, "a_pp_3": 4.318803607619742}, "datetime": {"datetime": "2024-07-12 22:14:00", "elapsed": 969.740237, "delta": 12.324247}}
{"target": -565515.241122778, "params": {"a_c_1": 13.168797227477524, "a_c_2": 0.5144804688239102, "a_mm_0": -36.40320562989454, "a_mm_1": -28.933622318033017, "a_mm_2": -18.63841611189634, "a_mm_3": -36.52989058222323, "a_mp_0": -37.73767251830541, "a_mp_1": -30.436851729740113, "a_mp_2": -35.62020480453748, "a_mp_3": -13.414152156603887, "a_pm_0": -0.8632428249356181, "a_pm_1": -36.897646030312416, "a_pm_2": -8.918336216810324, "a_pm_3": -4.053354773435295, "a_pp_1": -14.936300425637445, "a_pp_2": -16.350453751888562, "a_pp_3": -10.32240136481888}, "datetime": {"datetime": "2024-07-12 22:14:06", "elapsed": 998.272319, "delta": 7.549904}}
{"target": -26079.41336659221, "params": {"a_c_1": 20.0, "a_c_2": 10.0, "a_mm_0": 20.0, "a_mm_1": -15.852970279821605, "a_mm_2": 12.947317615657296, "a_mm_3": -40.0, "a_mp_0": -29.99704746046966, "a_mp_1": -9.184881853861034, "a_mp_2": 17.130106844418577, "a_mp_3": 20.0, "a_pm_0": 20.0, "a_pm_1": -15.564636832639032, "a_pm_2": 7.668570027529034, "a_pm_3": 20.0, "a_pp_1": 3.2656009762435296, "a_pp_2": 20.0, "a_pp_3": 20.0}, "datetime": {"datetime": "2024-07-12 22:14:06", "elapsed": 954.883061, "delta": 9.784348}}
{"target": -4679.977074698081, "params": {"a_c_1": 20.0, "a_c_2": 0.0, "a_mm_0": -16.208488374448958, "a_mm_1": -20.500007229997394, "a_mm_2": 20.0, "a_mm_3": 9.597991857248081, "a_mp_0": 20.0, "a_mp_1": -17.382734002489546, "a_mp_2": -7.156009786384405, "a_mp_3": 3.7688527456059266, "a_pm_0": 4.650277568785871, "a_pm_1": -14.524791111284971, "a_pm_2": 20.0, "a_pm_3": 11.83971998632009, "a_pp_1": -28.730805685623423, "a_pp_2": 20.0, "a_pp_3": 10.817086567192785}, "datetime": {"datetime": "2024-07-12 22:14:11", "elapsed": 980.689272, "delta": 10.949035}}
{"target": -1782.9101955016044, "params": {"a_c_1": 0.0, "a_c_2": 10.0, "a_mm_0": -13.540931450801102, "a_mm_1": -13.346588417047036, "a_mm_2": 10.275801936963994, "a_mm_3": 20.0, "a_mp_0": -4.806448913678877, "a_mp_1": 1.810093606379163, "a_mp_2": -17.162346572070703, "a_mp_3": -4.46529621187427, "a_pm_0": -4.314798681891211, "a_pm_1": 20.0, "a_pm_2": 20.0, "a_pm_3": 1.3782733567128436, "a_pp_1": -16.03359411755355, "a_pp_2": 14.244923986030733, "a_pp_3": 5.082968846983942}, "datetime": {"datetime": "2024-07-12 22:14:11", "elapsed": 1102.464933, "delta": 14.423322}}
{"target": -1020.946260692265, "params": {"a_c_1": 17.481380534470677, "a_c_2": 10.0, "a_mm_0": 20.0, "a_mm_1": 3.5886657079228734, "a_mm_2": -4.873942526384796, "a_mm_3": 17.60340014850255, "a_mp_0": -15.222052524629298, "a_mp_1": 16.99168664921506, "a_mp_2": -9.428566642214689, "a_mp_3": 20.0, "a_pm_0": -15.856318280681782, "a_pm_1": -6.493286919026101, "a_pm_2": 5.2400791035150105, "a_pm_3": -9.850144987591785, "a_pp_1": -7.4194255510608365, "a_pp_2": 20.0, "a_pp_3": 14.851181229042302}, "datetime": {"datetime": "2024-07-12 22:14:14", "elapsed": 941.129329, "delta": 14.047855}}
{"target": -12128.961115950535, "params": {"a_c_1": 0.0, "a_c_2": 10.0, "a_mm_0": -30.386590223382754, "a_mm_1": -22.27212014928689, "a_mm_2": 10.691794982482707, "a_mm_3": 20.0, "a_mp_0": -40.0, "a_mp_1": -33.14587149618109, "a_mp_2": 20.0, "a_mp_3": 20.0, "a_pm_0": -27.320095552307066, "a_pm_1": -11.92424539703379, "a_pm_2": 20.0, "a_pm_3": 20.0, "a_pp_1": 20.0, "a_pp_2": 10.75393601642382, "a_pp_3": 20.0}, "datetime": {"datetime": "2024-07-12 22:14:15", "elapsed": 1007.313603, "delta": 9.041284}}
{"target": -2406.6422717890136, "params": {"a_c_1": 20.0, "a_c_2": 10.0, "a_mm_0": -40.0, "a_mm_1": 20.0, "a_mm_2": -20.84398839553792, "a_mm_3": 20.0, "a_mp_0": -15.942861947666625, "a_mp_1": 3.2639309996314827, "a_mp_2": 4.638109870392857, "a_mp_3": 3.8888846722954926, "a_pm_0": -27.068985268995544, "a_pm_1": -10.539274523250649, "a_pm_2": -0.5517691195559609, "a_pm_3": 9.256911493773416, "a_pp_1": 20.0, "a_pp_2": 15.775718826996425, "a_pp_3": 20.0}, "datetime": {"datetime": "2024-07-12 22:14:17", "elapsed": 965.428002, "delta": 10.544941}}
{"target": -13941.52852626714, "params": {"a_c_1": 0.0, "a_c_2": 0.0, "a_mm_0": 20.0, "a_mm_1": -23.85501836156986, "a_mm_2": -5.165423730958306, "a_mm_3": 20.0, "a_mp_0": -40.0, "a_mp_1": 1.630246146698712, "a_mp_2": 19.642419443594495, "a_mp_3": 20.0, "a_pm_0": -9.662726822975253, "a_pm_1": 1.5439875540670323, "a_pm_2": 20.0, "a_pm_3": 16.07178148285518, "a_pp_1": -8.097129882658432, "a_pp_2": 20.0, "a_pp_3": -11.265785534385664}, "datetime": {"datetime": "2024-07-12 22:14:21", "elapsed": 991.219119, "delta": 10.529847}}
{"target": -303103.68987278297, "params": {"a_c_1": 1.4288384395775688, "a_c_2": 0.9490830472488099, "a_mm_0": -38.62015435552238, "a_mm_1": -5.636613293064364, "a_mm_2": 19.83309571734673, "a_mm_3": 0.5952524085362398, "a_mp_0": -18.381615152184246, "a_mp_1": -1.5832119219668783, "a_mp_2": -9.768063562292287, "a_mp_3": -38.435627360800765, "a_pm_0": -19.103129854367022, "a_pm_1": -27.16326157417842, "a_pm_2": 8.01363326255678, "a_pm_3": -22.790469112323585, "a_pp_1": 7.256793089793874, "a_pp_2": -34.01339706809249, "a_pp_3": -30.469920296605068}, "datetime": {"datetime": "2024-07-12 22:14:23", "elapsed": 1015.647597, "delta": 8.333994}}
{"target": -24064.711835803642, "params": {"a_c_1": 0.0, "a_c_2": 0.0, "a_mm_0": 20.0, "a_mm_1": 17.79991954486183, "a_mm_2": -23.728057128496648, "a_mm_3": 20.0, "a_mp_0": -40.0, "a_mp_1": -5.561727513342866, "a_mp_2": 20.0, "a_mp_3": -13.197193501487721, "a_pm_0": -17.2936317328485, "a_pm_1": -40.0, "a_pm_2": 5.352415764682978, "a_pm_3": 20.0, "a_pp_1": -1.59753196705377, "a_pp_2": 20.0, "a_pp_3": 20.0}, "datetime": {"datetime": "2024-07-12 22:14:24", "elapsed": 1115.066479, "delta": 12.601546}}
{"target": -5720.486560171423, "params": {"a_c_1": 0.0, "a_c_2": 10.0, "a_mm_0": 4.794850909306346, "a_mm_1": 5.4441070622138135, "a_mm_2": 20.0, "a_mm_3": 1.4446599497112802, "a_mp_0": -30.33215066823308, "a_mp_1": -34.23638739119586, "a_mp_2": -24.15655320664146, "a_mp_3": 6.244722848893951, "a_pm_0": 20.0, "a_pm_1": 20.0, "a_pm_2": 17.621612236341175, "a_pm_3": 20.0, "a_pp_1": -2.459138825990813, "a_pp_2": 20.0, "a_pp_3": 17.495785617634365}, "datetime": {"datetime": "2024-07-12 22:14:26", "elapsed": 953.527507, "delta": 12.398178}}
{"target": -8141.013468358271, "params": {"a_c_1": 20.0, "a_c_2": 10.0, "a_mm_0": 18.689610817924272, "a_mm_1": -39.68116785805489, "a_mm_2": 20.0, "a_mm_3": 20.0, "a_mp_0": -21.74498524511299, "a_mp_1": 14.11223656151019, "a_mp_2": 20.0, "a_mp_3": -10.67748141479781, "a_pm_0": 20.0, "a_pm_1": -11.601286629050328, "a_pm_2": 20.0, "a_pm_3": -11.163874873643195, "a_pp_1": -39.56137985718426, "a_pp_2": 20.0, "a_pp_3": 20.0}, "datetime": {"datetime": "2024-07-12 22:14:27", "elapsed": 975.884714, "delta": 10.456712}}
{"target": -72019.7628079738, "params": {"a_c_1": 18.995267213975946, "a_c_2": 1.452231208694923, "a_mm_0": -39.12006516026083, "a_mm_1": -1.525241299867993, "a_mm_2": 12.170188397571842, "a_mm_3": -17.552213556598858, "a_mp_0": -8.312831763602187, "a_mp_1": -3.3852152065956886, "a_mp_2": 17.42774024680248, "a_mp_3": -11.167763873045281, "a_pm_0": -3.570780667524531, "a_pm_1": 14.043479636832593, "a_pm_2": -4.808872340370407, "a_pm_3": 10.991204312821282, "a_pp_1": -6.916632834383115, "a_pp_2": 13.34934190164089, "a_pp_3": -17.907885284596}, "datetime": {"datetime": "2024-07-12 22:14:30", "elapsed": 1000.243304, "delta": 9.024185}}
{"target": -17890.680922010168, "params": {"a_c_1": 20.0, "a_c_2": 10.0, "a_mm_0": 1.7990054596389606, "a_mm_1": 20.0, "a_mm_2": 18.328435099925674, "a_mm_3": 20.0, "a_mp_0": -14.27762970145091, "a_mp_1": -40.0, "a_mp_2": 17.053904389181582, "a_mp_3": 17.070916271740003, "a_pm_0": -32.69171100959772, "a_pm_1": 9.023419466947002, "a_pm_2": 20.0, "a_pm_3": -9.093979011401977, "a_pp_1": 12.172199673855282, "a_pp_2": -18.86757936206479, "a_pp_3": 16.019153460864604}, "datetime": {"datetime": "2024-07-12 22:14:34", "elapsed": 1125.54009, "delta": 10.473611}}
