{"target": -208215.28739051372, "params": {"a_c_1": 14.790692504796269, "a_c_2": 2.6101642920357437, "a_mm_0": 16.305861581609193, "a_mm_1": 17.42897124017683, "a_mm_2": -30.387256100508566, "a_mm_3": 8.735244982428192, "a_mp_0": -37.17221936625788, "a_mp_1": -4.035995325690443, "a_mp_2": -11.084266405536592, "a_mp_3": -4.025247297242785, "a_pm_0": 5.595115594904314, "a_pm_1": 12.201546612247832, "a_pm_2": -9.818715343330432, "a_pm_3": -35.58034017244468, "a_pp_1": 14.825839181420406, "a_pp_2": -36.35309028972729, "a_pp_3": 7.668276589723803}, "datetime": {"datetime": "2024-07-12 22:03:42", "elapsed": 373.896406, "delta": 8.746893}}
{"target": -271573.94559493713, "params": {"a_c_1": 8.498600340084279, "a_c_2": 0.8364082849284105, "a_mm_0": 15.826332519504334, "a_mm_1": -28.887569243072384, "a_mm_2": 17.62309420325191, "a_mm_3": 7.044139266955639, "a_mp_0": 15.361623420901381, "a_mp_1": -2.4396042504743676, "a_mp_2": -18.893223804465585, "a_mp_3": 1.9472544926882023, "a_pm_0": -12.370849437708884, "a_pm_1": 4.0780716187813795, "a_pm_2": 17.22506105187702, "a_pm_3": -36.59544111249746, "a_pp_1": -30.066620933811382, "a_pp_2": -14.178506949171862, "a_pp_3": -38.35308910814543}, "datetime": {"datetime": "2024-07-12 22:03:45", "elapsed": 312.31995, "delta": 9.337419}}
{"target": -59163.5096091206, "params": {"a_c_1": 17.193019071384022, "a_c_2": 6.715983809063899, "a_mm_0": -1.9915592426547448, "a_mm_1": -32.51492199584925, "a_mm_2": -11.764727230066857, "a_mm_3": 19.19436677521289, "a_mp_0": 16.897950444359907, "a_mp_1": -1.2948615843733862, "a_mp_2": -30.89650773808158, "a_mp_3": -1.6523890768056972, "a_pm_0": -6.06027324736435, "a_pm_1": -11.880049740324878, "a_pm_2": -14.317751831903792, "a_pm_3": -4.043814660518194, "a_pp_1": 10.99819331095793, "a_pp_2": 5.06726242231624, "a_pp_3": -5.2383675821660205}, "datetime": {"datetime": "2024-07-12 22:03:46", "elapsed": 476.867421, "delta": 11.603305}}
{"target": -194354.4324159706, "params": {"a_c_1": 0.090367363653312, "a_c_2": 6.4926559260235255, "a_mm_0": -9.480323693182989, "a_mm_1": -30.64393446536532, "a_mm_2": -1.4993116976039431, "a_mm_3": 8.471490610336481, "a_mp_0": 6.018899141349472, "a_mp_1": -35.34247510595358, "a_mp_2": 7.705965944306563, "a_mp_3": -19.245562126272556, "a_pm_0": 11.155805814714, "a_pm_1": -6.2742823700164365, "a_pm_2": -35.204055704335374, "a_pm_3": 4.68503714417573, "a_pp_1": -6.184337047690718, "a_pp_2": -12.914356904812571, "a_pp_3": -1.6924943357284405}, "datetime": {"datetime": "2024-07-12 22:03:50", "elapsed": 359.588596, "delta": 8.688383}}
{"target": -37866.15215497971, "params": {"a_c_1": 6.108132328865823, "a_c_2": 0.48898072728777553, "a_mm_0": 1.940243753142994, "a_mm_1": 5.5472037071227405, "a_mm_2": 12.728112100681614, "a_mm_3": -3.544970401359194, "a_mp_0": 7.871932314771421, "a_mp_1": -29.071329111690225, "a_mp_2": -19.41296849874796, "a_mp_3": -16.062744282951602, "a_pm_0": -19.85806762404836, "a_pm_1": -20.373906344204336, "a_pm_2": -1.4210126826871914, "a_pm_3": 10.075161090638588, "a_pp_1": -8.448961148822114, "a_pp_2": 3.7682870267646464, "a_pp_3": -4.475536474933882}, "datetime": {"datetime": "2024-07-12 22:03:50", "elapsed": 338.985568, "delta": 8.717753}}
{"target": -104549.52272585065, "params": {"a_c_1": 2.424775873877898, "a_c_2": 9.026319203789857, "a_mm_0": -1.9337231993614807, "a_mm_1": -21.389503071999076, "a_mm_2": 11.908669332683864, "a_mm_3": -29.176565462483516, "a_mp_0": -27.065905772957862, "a_mp_1": -20.446549014877935, "a_mp_2": -15.169896924867288, "a_mp_3": -26.879694315816508, "a_pm_0": 15.182623250470158, "a_pm_1": -13.57526493631783, "a_pm_2": 17.109556881819756, "a_pm_3": -24.80494361532675, "a_pp_1": -11.88684003551738, "a_pp_2": 8.096106853048646, "a_pp_3": 19.36011107399043}, "datetime": {"datetime": "2024-07-12 22:03:52", "elapsed": 383.911352, "delta": 10.014946}}
{"target": -324626.94320911885, "params": {"a_c_1": 18.49408363072056, "a_c_2": 0.6473998344154885, "a_mm_0": 19.480790523908546, "a_mm_1": -36.820327439920625, "a_mm_2": -28.030267231686317, "a_mm_3": -14.634840301326342, "a_mp_0": -33.54946742888994, "a_mp_1": -2.5797753401378927, "a_mp_2": -37.12044615706796, "a_mp_3": -22.92256713958347, "a_pm_0": -36.33779913281973, "a_pm_1": 2.211159866304868, "a_pm_2": 0.10737005536891786, "a_pm_3": -17.285164404963865, "a_pp_1": -28.708344398210727, "a_pp_2": 4.8202897417967066, "a_pp_3": -19.577242554071965}, "datetime": {"datetime": "2024-07-12 22:03:55", "elapsed": 485.992456, "delta": 9.125035}}
{"target": -143725.86376962144, "params": {"a_c_1": 7.1920564686797235, "a_c_2": 4.231780436580066, "a_mm_0": -29.52827702398349, "a_mm_1": -37.48070597334543, "a_mm_2": -1.8942474622572476, "a_mm_3": -25.77937344421823, "a_mp_0": 2.0000244699457923, "a_mp_1": -14.991639948197303, "a_mp_2": 13.883817894852378, "a_mp_3": -22.126892389694206, "a_pm_0": -7.553375286616166, "a_pm_1": -22.900326373591746, "a_pm_2": 16.914663495336946, "a_pm_3": -23.333930249618287, "a_pp_1": 0.5743117196734175, "a_pp_2": -18.73807824829594, "a_pp_3": 1.0093832056010257}, "datetime": {"datetime": "2024-07-12 22:03:55", "elapsed": 322.568623, "delta": 10.248673}}
{"target": -310434.1955874075, "params": {"a_c_1": 8.874161291126066, "a_c_2": 0.3692530246331538, "a_mm_0": 14.762268944628957, "a_mm_1": -22.731677932203244, "a_mm_2": -23.23935642424037, "a_mm_3": -37.016550223980815, "a_mp_0": 3.0437180604112513, "a_mp_1": 14.567247979135871, "a_mp_2": -12.222744661396533, "a_mp_3": 8.847453559507358, "a_pm_0": -20.27108744754799, "a_pm_1": -16.915886035707736, "a_pm_2": -22.496572338308955, "a_pm_3": -22.303688635816854, "a_pp_1": -6.322651651687863, "a_pp_2": -20.44350609007926, "a_pp_3": -36.05223360812817}, "datetime": {"datetime": "2024-07-12 22:03:59", "elapsed": 368.91537, "delta": 9.326774}}
{"target": -261133.67290444276, "params": {"a_c_1": 14.108227357245141, "a_c_2": 5.996424750000273, "a_mm_0": -31.72310011629485, "a_mm_1": 11.64661161130391, "a_mm_2": -29.912180218618133, "a_mm_3": -23.48116581766552, "a_mp_0": -7.9292436036044975, "a_mp_1": 0.6721071695732093, "a_mp_2": 15.709764965173711, "a_mp_3": -31.21723287363453, "a_pm_0": -37.077720704747, "a_pm_1": -3.214454329985479, "a_pm_2": -5.588204929699643, "a_pm_3": 3.7612281663901044, "a_pp_1": -29.038956548434243, "a_pp_2": 7.002855886609282, "a_pp_3": -36.15000474375918}, "datetime": {"datetime": "2024-07-12 22:04:00", "elapsed": 348.178664, "delta": 9.193096}}
{"target": -207117.23157037765, "params": {"a_c_1": 8.994842799448787, "a_c_2": 4.700095891614336, "a_mm_0": 16.44013747188295, "a_mm_1": -14.067820883204377, "a_mm_2": -13.573312782906562, "a_mm_3": 17.18889900656157, "a_mp_0": -10.186720142880347, "a_mp_1": -32.42604110635789, "a_mp_2": 16.487389211789, "a_mp_3": -9.911452523196925, "a_pm_0": -18.357622384567755, "a_pm_1": 14.041877412479458, "a_pm_2": -38.97155426930146, "a_pm_3": 16.85749806163372, "a_pp_1": -34.74961330903923, "a_pp_2": -35.47001735425876, "a_pp_3": 16.535557558487007}, "datetime": {"datetime": "2024-07-12 22:04:00", "elapsed": 392.491141, "delta": 8.579789}}
{"target": -219839.10139092643, "params": {"a_c_1": 15.906023348112857, "a_c_2": 4.8790093917962025, "a_mm_0": -8.459833338941237, "a_mm_1": -38.290549030505964, "a_mm_2": -1.3460788072580954, "a_mm_3": -18.960609854069958, "a_mp_0": -26.247698362476058, "a_mp_1": -13.966997427297965, "a_mp_2": -17.051952563744944, "a_mp_3": -11.812657594818386, "a_pm_0": 18.769001250788385, "a_pm_1": -18.137315777906174, "a_pm_2": 6.464608000162372, "a_pm_3": -6.8339442070064536, "a_pp_1": 13.34786534644897, "a_pp_2": -18.70282893102568, "a_pp_3": -25.268879188809553}, "datetime": {"datetime": "2024-07-12 22:04:04", "elapsed": 494.854129, "delta": 8.861673}}
{"target": -114471.94495363957, "params": {"a_c_1": 12.397566267698764, "a_c_2": 7.729925150818438, "a_mm_0": -2.424956246192288, "a_mm_1": -12.633965926143492, "a_mm_2": -12.965679121088765, "a_mm_3": -30.61842964141654, "a_mp_0": -32.946513590720166, "a_mp_1": -30.715240917177997, "a_mp_2": 15.771998580178689, "a_mp_3": 0.22747817088248468, "a_pm_0": 14.29166064259799, "a_pm_1": -3.1183037464999828, "a_pm_2": -27.23127252835884, "a_pm_3": -39.24947928907296, "a_pp_1": -7.979279274233342, "a_pp_2": 18.379721494238254, "a_pp_3": 7.621864925448492}, "datetime": {"datetime": "2024-07-12 22:04:04", "elapsed": 331.708967, "delta": 9.140344}}
{"target": -456660.4395101764, "params": {"a_c_1": 13.805364198145973, "a_c_2": 3.086376902434967, "a_mm_0": -16.462887826822914, "a_mm_1": -28.822408529716387, "a_mm_2": -37.03811599488056, "a_mm_3": -0.7430183936508215, "a_mp_0": -14.607276185932289, "a_mp_1": 15.943424217332755, "a_mp_2": -38.86453952629264, "a_mp_3": 9.49375573832009, "a_pm_0": -38.887648973903275, "a_pm_1": -29.621967603607974, "a_pm_2": -39.169835056871094, "a_pm_3": -9.436955885590692, "a_pp_1": -18.777721454071003, "a_pp_2": -20.89908449499888, "a_pp_3": 18.46348411458265}, "datetime": {"datetime": "2024-07-12 22:04:08", "elapsed": 377.456742, "delta": 8.541372}}
{"target": -161225.6665251459, "params": {"a_c_1": 2.5838706765236363, "a_c_2": 1.778653861421976, "a_mm_0": -34.72547735350142, "a_mm_1": -37.40767009106263, "a_mm_2": -1.1292529983323547, "a_mm_3": 18.62947256434593, "a_mp_0": -14.805812332694721, "a_mp_1": -30.90471186338697, "a_mp_2": -22.264463786914767, "a_mp_3": -25.336089316508406, "a_pm_0": 2.9332285658180908, "a_pm_1": -2.687234948463022, "a_pm_2": -3.319835722039528, "a_pm_3": 19.079123908177714, "a_pp_1": -23.445320718505293, "a_pp_2": -2.4311934676601368, "a_pp_3": -16.23503432714658}, "datetime": {"datetime": "2024-07-12 22:04:08", "elapsed": 357.076371, "delta": 8.897707}}
{"target": -2963.436340041101, "params": {"a_c_1": 9.559320221446681, "a_c_2": 1.7970570936910013, "a_mm_0": 18.93587986412812, "a_mm_1": -19.887034449687953, "a_mm_2": 16.480360756817042, "a_mm_3": -12.430528196117184, "a_mp_0": -17.924001160820488, "a_mp_1": -5.599854457733194, "a_mp_2": 14.631313472255506, "a_mp_3": 18.805170990411952, "a_pm_0": 1.7436168618373387, "a_pm_1": -17.90165415283788, "a_pm_2": 11.815650839781362, "a_pm_3": 15.459166166073764, "a_pp_1": -7.42462549936954, "a_pp_2": 2.6930482889317986, "a_pp_3": 12.289934175774654}, "datetime": {"datetime": "2024-07-12 22:04:10", "elapsed": 402.495788, "delta": 10.004647}}
{"target": -235997.83826610213, "params": {"a_c_1": 1.378511665658988, "a_c_2": 3.6392270604578014, "a_mm_0": -31.996320166624376, "a_mm_1": -23.77491423107514, "a_mm_2": 0.6571670817006705, "a_mm_3": -20.461162686485803, "a_mp_0": -9.433164744205445, "a_mp_1": -22.64499320338438, "a_mp_2": -15.419054503791802, "a_mp_3": -17.33046641858402, "a_pm_0": -4.994887705789033, "a_pm_1": -35.26332776278878, "a_pm_2": 19.616655672586546, "a_pm_3": -31.855904575779284, "a_pp_1": -36.77104534937343, "a_pp_2": 14.601837784249774, "a_pp_3": -18.092269720509808}, "datetime": {"datetime": "2024-07-12 22:04:13", "elapsed": 340.288213, "delta": 8.579246}}
{"target": -33322.83137574932, "params": {"a_c_1": 18.220384793139367, "a_c_2": 0.4353426375776537, "a_mm_0": 17.045205683660136, "a_mm_1": -6.6155850597444825, "a_mm_2": -17.41820699877475, "a_mm_3": 19.703139340346667, "a_mp_0": -36.4982412311421, "a_mp_1": -8.997618413943272, "a_mp_2": -38.13417547266713, "a_mp_3": -5.729455648825997, "a_pm_0": -29.171889460293066, "a_pm_1": -2.142447979628173, "a_pm_2": 18.85542054503489, "a_pm_3": 12.494153072742854, "a_pp_1": -12.889825034747762, "a_pp_2": 2.507652203103035, "a_pp_3": 6.6481250001913565}, "datetime": {"datetime": "2024-07-12 22:04:16", "elapsed": 507.049874, "delta": 12.195745}}
{"target": -50486.78428544238, "params": {"a_c_1": 14.74500354975893, "a_c_2": 3.61402247486184, "a_mm_0": 9.726376261089726, "a_mm_1": -23.400576939993403, "a_mm_2": 1.5367702057506563, "a_mm_3": -27.391584603328717, "a_mp_0": 5.6536487016213, "a_mp_1": -8.885504980652325, "a_mp_2": -25.78875502704577, "a_mp_3": 4.549567711436758, "a_pm_0": -33.007443141442174, "a_pm_1": 2.781913959622763, "a_pm_2": 5.91518113826961, "a_pm_3": -7.761092133467571, "a_pp_1": -8.00735394700316, "a_pp_2": 5.552767552968184, "a_pp_3": -6.028409336339969}, "datetime": {"datetime": "2024-07-12 22:04:17", "elapsed": 366.043231, "delta": 8.96686}}
{"target": -149178.15774931505, "params": {"a_c_1": 11.560951368513905, "a_c_2": 9.263432508150476, "a_mm_0": 13.337575486754872, "a_mm_1": -19.625972626837555, "a_mm_2": -0.7872551833070389, "a_mm_3": -28.29677486441974, "a_mp_0": -18.07010787978596, "a_mp_1": 1.0871577817557068, "a_mp_2": -5.870735542961505, "a_mp_3": -34.90289540589545, "a_pm_0": -35.31164266804561, "a_pm_1": 6.260116826952988, "a_pm_2": 2.0636920356744994, "a_pm_3": -1.0854522351998241, "a_pp_1": -26.75077663299799, "a_pp_2": 7.02910057094023, "a_pp_3": -5.383541842278994}, "datetime": {"datetime": "2024-07-12 22:04:17", "elapsed": 387.242192, "delta": 9.78545}}
{"target": -344064.62501566764, "params": {"a_c_1": 13.689626603050813, "a_c_2": 6.504323300302245, "a_mm_0": -17.156969703351063, "a_mm_1": -3.9754270302898007, "a_mm_2": -25.409063833984995, "a_mm_3": -32.80716117860418, "a_mp_0": -24.48805331240724, "a_mp_1": -13.225766488007956, "a_mp_2": -19.326159907514423, "a_mp_3": 2.1186404381407584, "a_pm_0": -17.048332009833857, "a_pm_1": -9.708303694698834, "a_pm_2": -22.548653256739026, "a_pm_3": -34.65842847708929, "a_pp_1": 3.007724111580572, "a_pp_2": -26.553374312866893, "a_pp_3": -12.07351512835816}, "datetime": {"datetime": "2024-07-12 22:04:19", "elapsed": 410.685813, "delta": 8.190025}}
{"target": -92967.36296909471, "params": {"a_c_1": 0.08946850990185551, "a_c_2": 2.508696810371144, "a_mm_0": 8.500478539889698, "a_mm_1": 4.5691581505062615, "a_mm_2": -1.291368032280289, "a_mm_3": 9.538649123718358, "a_mp_0": -11.630478085804473, "a_mp_1": 15.134124032539084, "a_mp_2": -23.820795420948755, "a_mp_3": -10.201295585978631, "a_pm_0": 9.762791637405527, "a_pm_1": -7.369094198976072, "a_pm_2": -25.609476493463923, "a_pm_3": -19.980861703377574, "a_pp_1": 11.631838791289944, "a_pp_2": -8.260281891053118, "a_pp_3": -19.253736383022158}, "datetime": {"datetime": "2024-07-12 22:04:22", "elapsed": 349.376106, "delta": 9.087893}}
{"target": -261190.15123211537, "params": {"a_c_1": 1.492595297582111, "a_c_2": 0.7381308257047037, "a_mm_0": 17.36104530817942, "a_mm_1": -10.403506499543802, "a_mm_2": -0.1437964502480824, "a_mm_3": -18.122238815074315, "a_mp_0": -18.5490808139274, "a_mp_1": 1.0994102423121177, "a_mp_2": -21.353068352825723, "a_mp_3": -33.92153774868972, "a_pm_0": -20.1626944819703, "a_pm_1": -32.89161826249076, "a_pm_2": 18.55992705781796, "a_pm_3": 10.947334217470988, "a_pp_1": -1.8012536890801698, "a_pp_2": -35.65780583843658, "a_pp_3": -13.707606291004065}, "datetime": {"datetime": "2024-07-12 22:04:26", "elapsed": 374.463121, "delta": 8.41989}}
{"target": -344337.3821082249, "params": {"a_c_1": 9.896861683651272, "a_c_2": 5.285334901775651, "a_mm_0": -30.952936097668445, "a_mm_1": -17.836004463285626, "a_mm_2": -31.4667248156328, "a_mm_3": 3.6136252006737593, "a_mp_0": -11.379220335864208, "a_mp_1": -13.067269797594069, "a_mp_2": 13.15987826992108, "a_mp_3": -8.342873661306317, "a_pm_0": -15.454550084988405, "a_pm_1": -23.86647866724125, "a_pm_2": -35.679277889813804, "a_pm_3": -14.911831976481054, "a_pp_1": -38.454791055605, "a_pp_2": -22.53076356685432, "a_pp_3": -9.789429409096211}, "datetime": {"datetime": "2024-07-12 22:04:27", "elapsed": 518.376692, "delta": 11.326818}}
{"target": -183921.7918583616, "params": {"a_c_1": 11.879121284749395, "a_c_2": 6.726223918786633, "a_mm_0": -15.115414948372585, "a_mm_1": -23.253995281366656, "a_mm_2": 13.566691963748632, "a_mm_3": -1.343541135546566, "a_mp_0": -25.118312054848992, "a_mp_1": 6.085624026378689, "a_mp_2": -7.791458497539473, "a_mp_3": -14.813862391363564, "a_pm_0": -34.156546044403356, "a_pm_1": -26.67031136683279, "a_pm_2": -33.674532503700824, "a_pm_3": 1.8337636990761084, "a_pp_1": 4.857850253865394, "a_pp_2": -13.85519524039179, "a_pp_3": -36.742330642893236}, "datetime": {"datetime": "2024-07-12 22:04:28", "elapsed": 420.078783, "delta": 9.39297}}
{"target": -77722.77169125169, "params": {"a_c_1": 2.9422588889310775, "a_c_2": 1.6617303264348515, "a_mm_0": -2.7518682500843994, "a_mm_1": 18.696396594061497, "a_mm_2": -4.8357074088568055, "a_mm_3": -22.289970693978894, "a_mp_0": 2.9661714532583687, "a_mp_1": -27.807167543327882, "a_mp_2": -1.51786029075015, "a_mp_3": -15.16574948030555, "a_pm_0": -38.151863000368735, "a_pm_1": -9.016051626721179, "a_pm_2": -9.549362060652477, "a_pm_3": 14.715420625544205, "a_pp_1": 2.652121143561395, "a_pp_2": -21.770098142969935, "a_pp_3": -1.2908533837766498}, "datetime": {"datetime": "2024-07-12 22:04:28", "elapsed": 397.804605, "delta": 10.562413}}
{"target": -112302.8618976785, "params": {"a_c_1": 12.480413079277731, "a_c_2": 1.4801202939785696, "a_mm_0": 4.4824713626330706, "a_mm_1": -18.167383484899442, "a_mm_2": -8.996231146895383, "a_mm_3": -19.19992244574384, "a_mp_0": 11.437197050790715, "a_mp_1": -29.407922455727515, "a_mp_2": 12.147448663394158, "a_mp_3": -0.2891331031289681, "a_pm_0": -29.105591938688487, "a_pm_1": -30.60387530744336, "a_pm_2": -24.41610438457154, "a_pm_3": -13.380029190894096, "a_pp_1": 16.651301625165843, "a_pp_2": 7.076223883912682, "a_pp_3": -22.71712552096303}, "datetime": {"datetime": "2024-07-12 22:04:31", "elapsed": 358.78622, "delta": 9.410114}}
{"target": -334939.63254446804, "params": {"a_c_1": 17.885818326611055, "a_c_2": 6.159224048281478, "a_mm_0": -16.437061328526003, "a_mm_1": -17.626442023548044, "a_mm_2": -29.43554750854352, "a_mm_3": -39.81724105211602, "a_mp_0": -7.683674851189892, "a_mp_1": 0.01825726333952815, "a_mp_2": -27.586104686679434, "a_mp_3": -4.834983908213225, "a_pm_0": -15.515907349773595, "a_pm_1": -33.08987417283069, "a_pm_2": -8.054512670776273, "a_pm_3": 9.774945293683587, "a_pp_1": -3.8293948785834218, "a_pp_2": -16.22580077581707, "a_pp_3": -38.59414884724768}, "datetime": {"datetime": "2024-07-12 22:04:34", "elapsed": 382.578284, "delta": 8.115163}}
{"target": -298208.7381776258, "params": {"a_c_1": 5.000036881741301, "a_c_2": 6.541501924773943, "a_mm_0": -3.9135155911883928, "a_mm_1": -3.1308478048796076, "a_mm_2": -30.332438505394116, "a_mm_3": 2.6410605558990383, "a_mp_0": -7.736589219089048, "a_mp_1": 4.538295698778526, "a_mp_2": -37.319767758537225, "a_mp_3": 3.980821526021707, "a_pm_0": 17.01570227489448, "a_pm_1": -4.860942262839842, "a_pm_2": -31.591065716176495, "a_pm_3": 15.426399070488614, "a_pp_1": -6.658024462170303, "a_pp_2": -23.35502465617238, "a_pp_3": -2.6715733669369968}, "datetime": {"datetime": "2024-07-12 22:04:36", "elapsed": 405.29726, "delta": 7.492655}}
{"target": -296817.70082272746, "params": {"a_c_1": 19.318661300394446, "a_c_2": 1.093829141935846, "a_mm_0": 0.38246325299731865, "a_mm_1": -10.004057734048, "a_mm_2": 6.625893756546979, "a_mm_3": -31.383580127547443, "a_mp_0": -35.00784181384746, "a_mp_1": -16.046883678852772, "a_mp_2": 7.817735118794005, "a_mp_3": -28.499455665406593, "a_pm_0": 6.066631528836439, "a_pm_1": -22.58212017628791, "a_pm_2": -26.98651074329228, "a_pm_3": -38.99706465537962, "a_pp_1": -16.080456404657276, "a_pp_2": -17.135110522392857, "a_pp_3": -0.43930382827811343}, "datetime": {"datetime": "2024-07-12 22:04:37", "elapsed": 528.318705, "delta": 9.942013}}
{"target": -141032.3375883975, "params": {"a_c_1": 3.3987306923818528, "a_c_2": 9.44905791748406, "a_mm_0": 13.51493466406788, "a_mm_1": -16.104393845655437, "a_mm_2": -31.513857755185683, "a_mm_3": -13.391647758804723, "a_mp_0": -13.98862125166659, "a_mp_1": -38.82767540971353, "a_mp_2": 3.139497450610982, "a_mp_3": -0.5537215743115809, "a_pm_0": -4.804930870477648, "a_pm_1": 8.416561574154677, "a_pm_2": 9.249058956850497, "a_pm_3": -27.151185860794627, "a_pp_1": -35.78453958980231, "a_pp_2": -17.873449494352784, "a_pp_3": 12.877681546911347}, "datetime": {"datetime": "2024-07-12 22:04:37", "elapsed": 429.412887, "delta": 9.334104}}
{"target": -34707.49553353219, "params": {"a_c_1": 9.514123312195753, "a_c_2": 0.4248648746386141, "a_mm_0": 6.562163860229212, "a_mm_1": 2.8856544026324187, "a_mm_2": -1.4666683852915767, "a_mm_3": -3.8183775574984935, "a_mp_0": -35.52949814369535, "a_mp_1": -8.561222421214872, "a_mp_2": -3.9515729784308107, "a_mp_3": -2.8370517106736557, "a_pm_0": 13.85885196252417, "a_pm_1": -20.185919142370473, "a_pm_2": -25.343476604275214, "a_pm_3": -13.720360064946142, "a_pp_1": -2.9678158387921485, "a_pp_2": 11.096959401161214, "a_pp_3": 4.5968804824962035}, "datetime": {"datetime": "2024-07-12 22:04:41", "elapsed": 368.809391, "delta": 10.023171}}
{"target": -311514.84016768215, "params": {"a_c_1": 5.118306415726219, "a_c_2": 6.046105844993753, "a_mm_0": 1.2064980244442154, "a_mm_1": -20.2977238300563, "a_mm_2": -27.89029826163633, "a_mm_3": 6.193110310506896, "a_mp_0": -34.5450412007539, "a_mp_1": -15.032364726844712, "a_mp_2": -3.053333629769085, "a_mp_3": -9.574557967162747, "a_pm_0": -36.71753242825249, "a_pm_1": -27.52526492683313, "a_pm_2": -29.58709075499879, "a_pm_3": -9.30329804807424, "a_pp_1": -27.659371618411956, "a_pp_2": 4.970787178411122, "a_pp_3": -34.880741146607825}, "datetime": {"datetime": "2024-07-12 22:04:42", "elapsed": 390.292665, "delta": 7.714381}}
{"target": -277175.3031668885, "params": {"a_c_1": 17.177860746581693, "a_c_2": 1.08298784163536, "a_mm_0": -6.420224842450921, "a_mm_1": -2.0357971749802743, "a_mm_2": 15.567057951061209, "a_mm_3": -37.7087270408679, "a_mp_0": -9.554077066824018, "a_mp_1": 3.9574528205720227, "a_mp_2": -0.41844320274544344, "a_mp_3": 11.685248276270748, "a_pm_0": -0.6138222899912193, "a_pm_1": -2.102233741962479, "a_pm_2": -3.4058189960954977, "a_pm_3": -30.11874067041086, "a_pp_1": 11.280827706754145, "a_pp_2": -9.04855169660214, "a_pp_3": -38.71893416216216}, "datetime": {"datetime": "2024-07-12 22:04:44", "elapsed": 414.148471, "delta": 8.851211}}
