{"target": -51495.144717955445, "params": {"a_c_1": 0.0, "a_c_2": 10.0, "a_mm_0": -40.0, "a_mm_1": 20.0, "a_mm_2": 20.0, "a_mm_3": 4.5701754676970525, "a_mp_0": 20.0, "a_mp_1": 20.0, "a_mp_2": 20.0, "a_mp_3": 20.0, "a_pm_0": -40.0, "a_pm_1": -40.0, "a_pm_2": -40.0, "a_pm_3": 20.0, "a_pp_1": -40.0, "a_pp_2": 20.0, "a_pp_3": 20.0}, "datetime": {"datetime": "2024-07-12 22:57:40", "elapsed": 3589.817599, "delta": 9.521676}}
{"target": -277831.4296915823, "params": {"a_c_1": 16.953822475196816, "a_c_2": 5.957619082552135, "a_mm_0": -2.423823913543295, "a_mm_1": 18.225306911742344, "a_mm_2": -25.73047099088136, "a_mm_3": -38.77793822676043, "a_mp_0": -1.9870487163021693, "a_mp_1": -34.8562379425746, "a_mp_2": 13.637785230242962, "a_mp_3": -7.915334783332675, "a_pm_0": -29.520813805552137, "a_pm_1": -25.55418047546148, "a_pm_2": 4.050595351990545, "a_pm_3": 1.4868853541958984, "a_pp_1": 19.755867221473856, "a_pp_2": 10.9191962401663, "a_pp_3": -39.42370471291733}, "datetime": {"datetime": "2024-07-12 22:57:42", "elapsed": 3570.42591, "delta": 10.742152}}
{"target": -73114.08242324175, "params": {"a_c_1": 1.916813896798799, "a_c_2": 9.339701980588456, "a_mm_0": 4.803308315184921, "a_mm_1": -24.9443649160271, "a_mm_2": 6.222198220992482, "a_mm_3": -0.4501101280243702, "a_mp_0": -6.883964956594781, "a_mp_1": -23.067903144407666, "a_mp_2": 13.636738829339222, "a_mp_3": 14.805901578813419, "a_pm_0": -28.18351635676205, "a_pm_1": -0.30571793430027583, "a_pm_2": 12.342182750504342, "a_pm_3": 9.681276889077644, "a_pp_1": -16.24069072456152, "a_pp_2": -20.378994790602935, "a_pp_3": -25.51994004676957}, "datetime": {"datetime": "2024-07-12 22:57:43", "elapsed": 3550.387283, "delta": 9.809671}}
{"target": -53531.76741682326, "params": {"a_c_1": 10.721432230968075, "a_c_2": 3.3958884873459794, "a_mm_0": -24.242636929580442, "a_mm_1": -17.94761206471427, "a_mm_2": -14.663241090027, "a_mm_3": -0.3339006067614889, "a_mp_0": -24.84410076464659, "a_mp_1": 17.84082343474129, "a_mp_2": -17.657795124978787, "a_mp_3": -8.626528875702597, "a_pm_0": -15.636349168383898, "a_pm_1": 0.9927939199416542, "a_pm_2": 6.919708399724335, "a_pm_3": 9.859151166063299, "a_pp_1": -0.9574880062001796, "a_pp_2": -1.3056636924533436, "a_pp_3": -23.301617829752885}, "datetime": {"datetime": "2024-07-12 22:57:43", "elapsed": 3615.421241, "delta": 10.669002}}
{"target": -63715.402969051145, "params": {"a_c_1": 3.239302322719264, "a_c_2": 9.52363275195601, "a_mm_0": 18.006803533558212, "a_mm_1": -12.180354059701205, "a_mm_2": 15.898465834315182, "a_mm_3": 8.233501415981543, "a_mp_0": -10.082420508463475, "a_mp_1": 13.391501450139167, "a_mp_2": 9.173321389431493, "a_mp_3": -38.835641101973856, "a_pm_0": -13.637322683091618, "a_pm_1": -20.068330855663458, "a_pm_2": -14.708339671157976, "a_pm_3": -9.113940268811461, "a_pp_1": -22.380172978649266, "a_pp_2": -14.26995062613306, "a_pp_3": 7.148801701810676}, "datetime": {"datetime": "2024-07-12 22:57:49", "elapsed": 3720.146199, "delta": 12.677244}}
{"target": -415337.8795627119, "params": {"a_c_1": 3.035749377169996, "a_c_2": 0.9512505004092275, "a_mm_0": -1.6353615338142546, "a_mm_1": -39.022372782419424, "a_mm_2": -39.831740217466525, "a_mm_3": 1.171485907683575, "a_mp_0": -26.605376202812536, "a_mp_1": -21.104196690661162, "a_mp_2": -36.491982639970125, "a_mp_3": 5.993110835294679, "a_pm_0": 12.011249049553328, "a_pm_1": -0.36980285430284, "a_pm_2": -37.204083070142374, "a_pm_3": -29.44491117743751, "a_pp_1": 14.593990960625959, "a_pp_2": 14.62575817567096, "a_pp_3": -37.78907791412495}, "datetime": {"datetime": "2024-07-12 22:57:51", "elapsed": 3579.31233, "delta": 8.88642}}
{"target": -4139.131111327486, "params": {"a_c_1": 0.0, "a_c_2": 10.0, "a_mm_0": -40.0, "a_mm_1": 20.0, "a_mm_2": 20.0, "a_mm_3": 20.0, "a_mp_0": -40.0, "a_mp_1": 0.043747288860770346, "a_mp_2": -11.914697385355474, "a_mp_3": 20.0, "a_pm_0": -29.139819855327467, "a_pm_1": 20.0, "a_pm_2": -7.030841178217858, "a_pm_3": -13.796688237370608, "a_pp_1": -40.0, "a_pp_2": 20.0, "a_pp_3": 20.0}, "datetime": {"datetime": "2024-07-12 22:57:52", "elapsed": 3601.875424, "delta": 12.057825}}
{"target": -98384.98532021606, "params": {"a_c_1": 6.940834681029044, "a_c_2": 5.419181280724249, "a_mm_0": -8.604803315353585, "a_mm_1": 12.787879385706958, "a_mm_2": 16.011203845563124, "a_mm_3": -23.355276639150716, "a_mp_0": -17.557436524330402, "a_mp_1": -30.21436217834981, "a_mp_2": -11.409737254211578, "a_mp_3": 3.9405975079125213, "a_pm_0": -2.923416315488147, "a_pm_1": 11.741164093479917, "a_pm_2": -15.262088496926108, "a_pm_3": -5.459394348031346, "a_pp_1": -14.703868920523348, "a_pp_2": -35.80816431248813, "a_pp_3": 19.96434613979799}, "datetime": {"datetime": "2024-07-12 22:57:53", "elapsed": 3624.919431, "delta": 9.49819}}
{"target": -10066.444730897794, "params": {"a_c_1": 0.0, "a_c_2": 10.0, "a_mm_0": 20.0, "a_mm_1": -40.0, "a_mm_2": 20.0, "a_mm_3": -1.4473767474089334, "a_mp_0": 20.0, "a_mp_1": 20.0, "a_mp_2": -24.495058216113375, "a_mp_3": 20.0, "a_pm_0": -40.0, "a_pm_1": 20.0, "a_pm_2": -21.37197655611917, "a_pm_3": 20.0, "a_pp_1": -40.0, "a_pp_2": 20.0, "a_pp_3": 20.0}, "datetime": {"datetime": "2024-07-12 22:57:55", "elapsed": 3562.154682, "delta": 11.767399}}
{"target": -38036.1379225863, "params": {"a_c_1": 0.0, "a_c_2": 0.0, "a_mm_0": 20.0, "a_mm_1": -40.0, "a_mm_2": 20.0, "a_mm_3": 20.0, "a_mp_0": -40.0, "a_mp_1": -25.791301290859096, "a_mp_2": -33.308283242365384, "a_mp_3": 20.0, "a_pm_0": 20.0, "a_pm_1": 20.0, "a_pm_2": 20.0, "a_pm_3": 20.0, "a_pp_1": -40.0, "a_pp_2": 20.0, "a_pp_3": 20.0}, "datetime": {"datetime": "2024-07-12 22:57:59", "elapsed": 3730.145846, "delta": 9.999647}}
{"target": -9204.478040206992, "params": {"a_c_1": 14.926118638648834, "a_c_2": 2.4091410492819634, "a_mm_0": 3.2773001483761846, "a_mm_1": 14.849889575902317, "a_mm_2": 13.368235591514264, "a_mm_3": 1.268270719824642, "a_mp_0": 1.5581211552003538, "a_mp_1": -8.981145818687676, "a_mp_2": -20.52291446978024, "a_mp_3": 1.0433911198863086, "a_pm_0": 10.024370229021166, "a_pm_1": 5.399500647943327, "a_pm_2": -10.662221093149448, "a_pm_3": -9.218232131615977, "a_pp_1": 5.55896570225957, "a_pp_2": -4.1429243077409055, "a_pp_3": 7.292622983017509}, "datetime": {"datetime": "2024-07-12 22:58:02", "elapsed": 3590.187258, "delta": 10.874928}}
{"target": -10582.630631709902, "params": {"a_c_1": 0.0, "a_c_2": 10.0, "a_mm_0": -40.0, "a_mm_1": -40.0, "a_mm_2": -20.234487464480267, "a_mm_3": 20.0, "a_mp_0": -40.0, "a_mp_1": 20.0, "a_mp_2": 20.0, "a_mp_3": 20.0, "a_pm_0": 20.0, "a_pm_1": 20.0, "a_pm_2": -23.677243187238904, "a_pm_3": 20.0, "a_pp_1": 20.0, "a_pp_2": 20.0, "a_pp_3": 20.0}, "datetime": {"datetime": "2024-07-12 22:58:04", "elapsed": 3635.658379, "delta": 10.738948}}
{"target": -1220.5003103889621, "params": {"a_c_1": 20.0, "a_c_2": 10.0, "a_mm_0": -40.0, "a_mm_1": 20.0, "a_mm_2": 20.0, "a_mm_3": 20.0, "a_mp_0": 20.0, "a_mp_1": 20.0, "a_mp_2": 20.0, "a_mp_3": 20.0, "a_pm_0": 20.0, "a_pm_1": 20.0, "a_pm_2": -26.061468434889402, "a_pm_3": 20.0, "a_pp_1": 20.0, "a_pp_2": 20.0, "a_pp_3": 20.0}, "datetime": {"datetime": "2024-07-12 22:58:05", "elapsed": 3572.517149, "delta": 10.362467}}
{"target": -1548.0088941936085, "params": {"a_c_1": 20.0, "a_c_2": 10.0, "a_mm_0": 20.0, "a_mm_1": 20.0, "a_mm_2": -19.045443543597294, "a_mm_3": 20.0, "a_mp_0": 20.0, "a_mp_1": 20.0, "a_mp_2": 20.0, "a_mp_3": 20.0, "a_pm_0": 20.0, "a_pm_1": -40.0, "a_pm_2": -17.48422050531628, "a_pm_3": 20.0, "a_pp_1": 20.0, "a_pp_2": 20.0, "a_pp_3": 20.0}, "datetime": {"datetime": "2024-07-12 22:58:06", "elapsed": 3616.152854, "delta": 14.27743}}
{"target": -28283.669578581863, "params": {"a_c_1": 0.0, "a_c_2": 0.0, "a_mm_0": 20.0, "a_mm_1": -40.0, "a_mm_2": 20.0, "a_mm_3": -26.255514504318782, "a_mp_0": -40.0, "a_mp_1": 20.0, "a_mp_2": 20.0, "a_mp_3": 20.0, "a_pm_0": -3.5994254764286255, "a_pm_1": -40.0, "a_pm_2": -40.0, "a_pm_3": 20.0, "a_pp_1": 20.0, "a_pp_2": 20.0, "a_pp_3": 20.0}, "datetime": {"datetime": "2024-07-12 22:58:11", "elapsed": 3742.508665, "delta": 12.362819}}
{"target": -28111.07367286514, "params": {"a_c_1": 0.0, "a_c_2": 10.0, "a_mm_0": -40.0, "a_mm_1": 20.0, "a_mm_2": 20.0, "a_mm_3": 20.0, "a_mp_0": 20.0, "a_mp_1": -40.0, "a_mp_2": 20.0, "a_mp_3": -31.7341165641263, "a_pm_0": 20.0, "a_pm_1": -5.61242708257927, "a_pm_2": -40.0, "a_pm_3": 20.0, "a_pp_1": 20.0, "a_pp_2": 20.0, "a_pp_3": 20.0}, "datetime": {"datetime": "2024-07-12 22:58:13", "elapsed": 3601.880104, "delta": 11.692846}}
{"target": -5554.978518342238, "params": {"a_c_1": 20.0, "a_c_2": 10.0, "a_mm_0": 20.0, "a_mm_1": -2.1580863412351925, "a_mm_2": 5.553679685509579, "a_mm_3": -10.401037026711494, "a_mp_0": -40.0, "a_mp_1": 20.0, "a_mp_2": 20.0, "a_mp_3": -20.32871235598312, "a_pm_0": 20.0, "a_pm_1": 20.0, "a_pm_2": 5.514433903820882, "a_pm_3": 20.0, "a_pp_1": -40.0, "a_pp_2": 20.0, "a_pp_3": 20.0}, "datetime": {"datetime": "2024-07-12 22:58:14", "elapsed": 3646.483457, "delta": 10.825078}}
{"target": -5165.227544462754, "params": {"a_c_1": 20.0, "a_c_2": 10.0, "a_mm_0": 20.0, "a_mm_1": 20.0, "a_mm_2": 20.0, "a_mm_3": 20.0, "a_mp_0": -40.0, "a_mp_1": 20.0, "a_mp_2": 20.0, "a_mp_3": 20.0, "a_pm_0": 20.0, "a_pm_1": 20.0, "a_pm_2": -40.0, "a_pm_3": 20.0, "a_pp_1": 20.0, "a_pp_2": 20.0, "a_pp_3": 20.0}, "datetime": {"datetime": "2024-07-12 22:58:15", "elapsed": 3582.36877, "delta": 9.851621}}
{"target": -3773.6524237843755, "params": {"a_c_1": 20.0, "a_c_2": 10.0, "a_mm_0": -40.0, "a_mm_1": 20.0, "a_mm_2": 20.0, "a_mm_3": 20.0, "a_mp_0": 20.0, "a_mp_1": 20.0, "a_mp_2": 20.0, "a_mp_3": 20.0, "a_pm_0": 20.0, "a_pm_1": 20.0, "a_pm_2": 20.0, "a_pm_3": -21.369647063502544, "a_pp_1": 20.0, "a_pp_2": -6.032763820572605, "a_pp_3": 20.0}, "datetime": {"datetime": "2024-07-12 22:58:20", "elapsed": 3751.128058, "delta": 8.619393}}
{"target": -9821.775831820307, "params": {"a_c_1": 0.0, "a_c_2": 10.0, "a_mm_0": 20.0, "a_mm_1": 20.0, "a_mm_2": 20.0, "a_mm_3": 20.0, "a_mp_0": -40.0, "a_mp_1": -40.0, "a_mp_2": 20.0, "a_mp_3": 20.0, "a_pm_0": 20.0, "a_pm_1": 20.0, "a_pm_2": -40.0, "a_pm_3": -16.244405398388544, "a_pp_1": 20.0, "a_pp_2": 20.0, "a_pp_3": 20.0}, "datetime": {"datetime": "2024-07-12 22:58:20", "elapsed": 3629.83975, "delta": 13.686896}}
{"target": -5412.771970281399, "params": {"a_c_1": 20.0, "a_c_2": 10.0, "a_mm_0": 20.0, "a_mm_1": 20.0, "a_mm_2": 20.0, "a_mm_3": 20.0, "a_mp_0": 20.0, "a_mp_1": 20.0, "a_mp_2": -40.0, "a_mp_3": 20.0, "a_pm_0": 20.0, "a_pm_1": 20.0, "a_pm_2": 20.0, "a_pm_3": 20.0, "a_pp_1": 20.0, "a_pp_2": 20.0, "a_pp_3": 20.0}, "datetime": {"datetime": "2024-07-12 22:58:24", "elapsed": 3612.558022, "delta": 10.677918}}
{"target": -8227.359825738871, "params": {"a_c_1": 0.0, "a_c_2": 10.0, "a_mm_0": 20.0, "a_mm_1": -40.0, "a_mm_2": 2.6380429364710913, "a_mm_3": 20.0, "a_mp_0": 20.0, "a_mp_1": 20.0, "a_mp_2": 20.0, "a_mp_3": -19.120391357947167, "a_pm_0": 20.0, "a_pm_1": 20.0, "a_pm_2": -7.834782043924073, "a_pm_3": -16.157789197929755, "a_pp_1": -3.7205350913303015, "a_pp_2": 20.0, "a_pp_3": 20.0}, "datetime": {"datetime": "2024-07-12 22:58:25", "elapsed": 3657.27557, "delta": 10.792113}}
{"target": -1444.2423886852039, "params": {"a_c_1": 20.0, "a_c_2": 10.0, "a_mm_0": -40.0, "a_mm_1": -40.0, "a_mm_2": 20.0, "a_mm_3": 20.0, "a_mp_0": 20.0, "a_mp_1": 20.0, "a_mp_2": 20.0, "a_mp_3": 20.0, "a_pm_0": -40.0, "a_pm_1": 20.0, "a_pm_2": -12.485513964383644, "a_pm_3": 20.0, "a_pp_1": 20.0, "a_pp_2": 20.0, "a_pp_3": 20.0}, "datetime": {"datetime": "2024-07-12 22:58:27", "elapsed": 3594.115326, "delta": 11.746556}}
{"target": -3121.6181234350497, "params": {"a_c_1": 0.0, "a_c_2": 10.0, "a_mm_0": -40.0, "a_mm_1": 20.0, "a_mm_2": -2.9652291082398357, "a_mm_3": 20.0, "a_mp_0": 20.0, "a_mp_1": 20.0, "a_mp_2": 20.0, "a_mp_3": 20.0, "a_pm_0": -40.0, "a_pm_1": -40.0, "a_pm_2": -14.370239929559496, "a_pm_3": 20.0, "a_pp_1": 20.0, "a_pp_2": 3.307016915893976, "a_pp_3": 20.0}, "datetime": {"datetime": "2024-07-12 22:58:30", "elapsed": 3761.047622, "delta": 9.919564}}
{"target": -80668.36533716973, "params": {"a_c_1": 13.749151308209749, "a_c_2": 6.102486383373153, "a_mm_0": -19.379467135065656, "a_mm_1": -22.91738503050428, "a_mm_2": -9.976306792238077, "a_mm_3": -0.31456762699065166, "a_mp_0": -22.890966323876157, "a_mp_1": -10.765925809042738, "a_mp_2": -27.298394536202323, "a_mp_3": 9.151921236084341, "a_pm_0": -17.9978737218365, "a_pm_1": 9.331433252292634, "a_pm_2": 6.713829367224186, "a_pm_3": 15.541209343229276, "a_pp_1": -26.092955693892854, "a_pp_2": -25.45013552667506, "a_pp_3": 12.745837085073667}, "datetime": {"datetime": "2024-07-12 22:58:32", "elapsed": 3621.058655, "delta": 8.500633}}
{"target": -20115.762066364045, "params": {"a_c_1": 20.0, "a_c_2": 10.0, "a_mm_0": 20.0, "a_mm_1": -40.0, "a_mm_2": 20.0, "a_mm_3": -18.325448640681945, "a_mp_0": -40.0, "a_mp_1": -40.0, "a_mp_2": 20.0, "a_mp_3": 20.0, "a_pm_0": 20.0, "a_pm_1": -40.0, "a_pm_2": 10.191107466377325, "a_pm_3": -7.719719681670999, "a_pp_1": 20.0, "a_pp_2": 20.0, "a_pp_3": 20.0}, "datetime": {"datetime": "2024-07-12 22:58:33", "elapsed": 3643.060862, "delta": 13.221112}}
{"target": -5476.740095045424, "params": {"a_c_1": 20.0, "a_c_2": 10.0, "a_mm_0": -40.0, "a_mm_1": 20.0, "a_mm_2": -40.0, "a_mm_3": 20.0, "a_mp_0": 20.0, "a_mp_1": 20.0, "a_mp_2": 20.0, "a_mp_3": 20.0, "a_pm_0": 20.0, "a_pm_1": 20.0, "a_pm_2": 20.0, "a_pm_3": 20.0, "a_pp_1": 20.0, "a_pp_2": 20.0, "a_pp_3": 20.0}, "datetime": {"datetime": "2024-07-12 22:58:37", "elapsed": 3668.762809, "delta": 11.487239}}
{"target": -30694.021287648833, "params": {"a_c_1": 20.0, "a_c_2": 10.0, "a_mm_0": -40.0, "a_mm_1": -40.0, "a_mm_2": 20.0, "a_mm_3": 20.0, "a_mp_0": -40.0, "a_mp_1": 20.0, "a_mp_2": 20.0, "a_mp_3": 20.0, "a_pm_0": 20.0, "a_pm_1": 20.0, "a_pm_2": -40.0, "a_pm_3": 20.0, "a_pp_1": 20.0, "a_pp_2": 20.0, "a_pp_3": -17.48451941738804}, "datetime": {"datetime": "2024-07-12 22:58:39", "elapsed": 3606.779646, "delta": 12.66432}}
{"target": -24340.534865574144, "params": {"a_c_1": 0.0, "a_c_2": 10.0, "a_mm_0": 20.0, "a_mm_1": 20.0, "a_mm_2": -11.31877688739286, "a_mm_3": 1.7514469199374354, "a_mp_0": 20.0, "a_mp_1": -40.0, "a_mp_2": 20.0, "a_mp_3": -39.72118347722339, "a_pm_0": 20.0, "a_pm_1": 5.528104957463727, "a_pm_2": -21.287285137935978, "a_pm_3": 20.0, "a_pp_1": 20.0, "a_pp_2": 20.0, "a_pp_3": 20.0}, "datetime": {"datetime": "2024-07-12 22:58:42", "elapsed": 3773.473174, "delta": 12.425552}}
{"target": -6350.962614905749, "params": {"a_c_1": 20.0, "a_c_2": 10.0, "a_mm_0": -40.0, "a_mm_1": 20.0, "a_mm_2": -40.0, "a_mm_3": 20.0, "a_mp_0": 20.0, "a_mp_1": 20.0, "a_mp_2": 20.0, "a_mp_3": 20.0, "a_pm_0": 20.0, "a_pm_1": -40.0, "a_pm_2": 20.0, "a_pm_3": -4.403205117204546, "a_pp_1": 20.0, "a_pp_2": 20.0, "a_pp_3": 20.0}, "datetime": {"datetime": "2024-07-12 22:58:44", "elapsed": 3653.313792, "delta": 10.25293}}
{"target": -7039.773550402247, "params": {"a_c_1": 0.0, "a_c_2": 10.0, "a_mm_0": 20.0, "a_mm_1": -40.0, "a_mm_2": 20.0, "a_mm_3": 20.0, "a_mp_0": -40.0, "a_mp_1": 20.0, "a_mp_2": -40.0, "a_mp_3": 20.0, "a_pm_0": 20.0, "a_pm_1": 20.0, "a_pm_2": 20.0, "a_pm_3": 20.0, "a_pp_1": 20.0, "a_pp_2": 20.0, "a_pp_3": 20.0}, "datetime": {"datetime": "2024-07-12 22:58:45", "elapsed": 3633.383711, "delta": 12.325056}}
{"target": -201545.64334994726, "params": {"a_c_1": 1.3452003733473283, "a_c_2": 5.40861908790066, "a_mm_0": 7.873287414465288, "a_mm_1": 6.80615836623592, "a_mm_2": 2.0745419917927137, "a_mm_3": -13.83255045263332, "a_mp_0": -9.872653363324456, "a_mp_1": -27.04816917433032, "a_mp_2": -32.399256608928766, "a_mp_3": -24.77440929362608, "a_pm_0": -14.91861622040053, "a_pm_1": 17.0694795710739, "a_pm_2": -19.700497015056975, "a_pm_3": -9.856260102636686, "a_pp_1": -10.022294422809537, "a_pp_2": -14.294029187049006, "a_pp_3": -33.78644796402284}, "datetime": {"datetime": "2024-07-12 22:58:49", "elapsed": 3616.010122, "delta": 9.230476}}
{"target": -6583.770251162972, "params": {"a_c_1": 20.0, "a_c_2": 10.0, "a_mm_0": 20.0, "a_mm_1": -40.0, "a_mm_2": 20.0, "a_mm_3": 20.0, "a_mp_0": -40.0, "a_mp_1": 20.0, "a_mp_2": 20.0, "a_mp_3": -22.45977855914423, "a_pm_0": -40.0, "a_pm_1": 20.0, "a_pm_2": -3.4341214929069146, "a_pm_3": 20.0, "a_pp_1": 20.0, "a_pp_2": 20.0, "a_pp_3": 20.0}, "datetime": {"datetime": "2024-07-12 22:58:50", "elapsed": 3682.117262, "delta": 13.354453}}
{"target": -4562.680164328349, "params": {"a_c_1": 20.0, "a_c_2": 10.0, "a_mm_0": 20.0, "a_mm_1": -40.0, "a_mm_2": 20.0, "a_mm_3": 20.0, "a_mp_0": 20.0, "a_mp_1": 20.0, "a_mp_2": 20.0, "a_mp_3": 20.0, "a_pm_0": 20.0, "a_pm_1": 20.0, "a_pm_2": -5.255717158809614, "a_pm_3": 20.0, "a_pp_1": -40.0, "a_pp_2": 20.0, "a_pp_3": 20.0}, "datetime": {"datetime": "2024-07-12 22:58:56", "elapsed": 3665.616862, "delta": 12.30307}}
{"target": -15709.23082138966, "params": {"a_c_1": 0.0, "a_c_2": 10.0, "a_mm_0": 20.0, "a_mm_1": 20.0, "a_mm_2": 20.0, "a_mm_3": 20.0, "a_mp_0": -40.0, "a_mp_1": 20.0, "a_mp_2": -40.0, "a_mp_3": -35.58244043190086, "a_pm_0": 20.0, "a_pm_1": 20.0, "a_pm_2": 20.0, "a_pm_3": 20.0, "a_pp_1": 20.0, "a_pp_2": 20.0, "a_pp_3": 20.0}, "datetime": {"datetime": "2024-07-12 22:58:56", "elapsed": 3645.058117, "delta": 11.674406}}
{"target": -7553.475322236018, "params": {"a_c_1": 0.0, "a_c_2": 10.0, "a_mm_0": 20.0, "a_mm_1": 20.0, "a_mm_2": -40.0, "a_mm_3": 20.0, "a_mp_0": -40.0, "a_mp_1": -40.0, "a_mp_2": -21.66635647326236, "a_mp_3": 20.0, "a_pm_0": 20.0, "a_pm_1": 20.0, "a_pm_2": 20.0, "a_pm_3": 20.0, "a_pp_1": 20.0, "a_pp_2": 20.0, "a_pp_3": 20.0}, "datetime": {"datetime": "2024-07-12 22:58:58", "elapsed": 3789.547472, "delta": 16.074298}}
{"target": -9710.270289691995, "params": {"a_c_1": 20.0, "a_c_2": 10.0, "a_mm_0": -40.0, "a_mm_1": -31.64806054049041, "a_mm_2": 20.0, "a_mm_3": 20.0, "a_mp_0": 1.8897306095062023, "a_mp_1": 20.0, "a_mp_2": -20.522409232543225, "a_mp_3": 20.0, "a_pm_0": -40.0, "a_pm_1": 20.0, "a_pm_2": -21.04159321175736, "a_pm_3": -19.492481646693673, "a_pp_1": -9.037440396534414, "a_pp_2": 20.0, "a_pp_3": 20.0}, "datetime": {"datetime": "2024-07-12 22:59:00", "elapsed": 3627.309601, "delta": 11.299479}}
{"target": -4207.4603179424375, "params": {"a_c_1": 20.0, "a_c_2": 10.0, "a_mm_0": -14.730396983623647, "a_mm_1": -8.341150827302133, "a_mm_2": -1.1164498207576707, "a_mm_3": 20.0, "a_mp_0": -14.676434734281564, "a_mp_1": -6.460928199660387, "a_mp_2": 15.314643015037186, "a_mp_3": -11.453813884671275, "a_pm_0": 20.0, "a_pm_1": 20.0, "a_pm_2": -4.046171805075198, "a_pm_3": -6.0492983559572755, "a_pp_1": -10.795703524287259, "a_pp_2": 10.630326279134598, "a_pp_3": -4.549893420054017}, "datetime": {"datetime": "2024-07-12 22:59:01", "elapsed": 3693.095982, "delta": 10.97872}}
{"target": -36782.48169785895, "params": {"a_c_1": 0.0, "a_c_2": 10.0, "a_mm_0": -40.0, "a_mm_1": 20.0, "a_mm_2": 10.73789337257218, "a_mm_3": 20.0, "a_mp_0": 20.0, "a_mp_1": 20.0, "a_mp_2": 20.0, "a_mp_3": 20.0, "a_pm_0": 20.0, "a_pm_1": -40.0, "a_pm_2": 20.0, "a_pm_3": 20.0, "a_pp_1": 20.0, "a_pp_2": -29.551493480442616, "a_pp_3": 20.0}, "datetime": {"datetime": "2024-07-12 22:59:05", "elapsed": 3674.850265, "delta": 9.233403}}
{"target": -123592.038751588, "params": {"a_c_1": 6.060758173207621, "a_c_2": 7.400934733703469, "a_mm_0": -0.47178639993283156, "a_mm_1": -36.95865499014827, "a_mm_2": -2.17414686344015, "a_mm_3": 2.611597018981172, "a_mp_0": -0.21071819863338703, "a_mp_1": -10.078169417713351, "a_mp_2": -21.246402822110063, "a_mp_3": -25.178717760070555, "a_pm_0": -1.373002581377385, "a_pm_1": -18.385403916696333, "a_pm_2": -12.250591058431976, "a_pm_3": -18.867855483615756, "a_pp_1": 10.134208207794401, "a_pp_2": 2.3731219257446696, "a_pp_3": -11.480467731145698}, "datetime": {"datetime": "2024-07-12 22:59:06", "elapsed": 3654.207915, "delta": 9.149798}}
{"target": -2244.3075027171712, "params": {"a_c_1": 20.0, "a_c_2": 0.0, "a_mm_0": 20.0, "a_mm_1": -40.0, "a_mm_2": 20.0, "a_mm_3": 20.0, "a_mp_0": 20.0, "a_mp_1": 20.0, "a_mp_2": 20.0, "a_mp_3": 20.0, "a_pm_0": -40.0, "a_pm_1": -40.0, "a_pm_2": 20.0, "a_pm_3": 20.0, "a_pp_1": 20.0, "a_pp_2": 20.0, "a_pp_3": 20.0}, "datetime": {"datetime": "2024-07-12 22:59:09", "elapsed": 3636.562309, "delta": 9.252708}}
{"target": -15775.331961229826, "params": {"a_c_1": 0.0, "a_c_2": 10.0, "a_mm_0": -40.0, "a_mm_1": 20.0, "a_mm_2": -40.0, "a_mm_3": 20.0, "a_mp_0": 20.0, "a_mp_1": 20.0, "a_mp_2": 20.0, "a_mp_3": -31.49020372036073, "a_pm_0": -40.0, "a_pm_1": 20.0, "a_pm_2": 20.0, "a_pm_3": 20.0, "a_pp_1": 20.0, "a_pp_2": 20.0, "a_pp_3": 20.0}, "datetime": {"datetime": "2024-07-12 22:59:10", "elapsed": 3801.005808, "delta": 11.458336}}
{"target": -31295.05801662862, "params": {"a_c_1": 0.0, "a_c_2": 10.0, "a_mm_0": 20.0, "a_mm_1": 20.0, "a_mm_2": 20.0, "a_mm_3": 20.0, "a_mp_0": 20.0, "a_mp_1": -40.0, "a_mp_2": -40.0, "a_mp_3": 20.0, "a_pm_0": 20.0, "a_pm_1": 20.0, "a_pm_2": 20.0, "a_pm_3": -7.595691015284347, "a_pp_1": 20.0, "a_pp_2": -14.873277276115202, "a_pp_3": 20.0}, "datetime": {"datetime": "2024-07-12 22:59:14", "elapsed": 3705.837775, "delta": 12.741793}}
{"target": -186597.3759747427, "params": {"a_c_1": 15.621869729728061, "a_c_2": 0.7993273621363717, "a_mm_0": 0.8885881780259126, "a_mm_1": 11.74384444779983, "a_mm_2": -18.60060766548142, "a_mm_3": 16.663261015376875, "a_mp_0": -29.22980592106286, "a_mp_1": -3.0539605059202017, "a_mp_2": -18.142025605095974, "a_mp_3": -3.3498235369885663, "a_pm_0": -13.345114555956393, "a_pm_1": -16.960241029681146, "a_pm_2": -30.873644768345315, "a_pm_3": -37.653827101864564, "a_pp_1": -10.056584381175632, "a_pp_2": -17.880108773947143, "a_pp_3": 19.868567102904116}, "datetime": {"datetime": "2024-07-12 22:59:14", "elapsed": 3662.640408, "delta": 8.432493}}
