{"target": -156787.2816035321, "params": {"a_c_1": 2.2668384553518095, "a_c_2": 0.27783348848669953, "a_mm_0": 5.291688883428044, "a_mm_1": -16.308971172361634, "a_mm_2": 4.816309736451508, "a_mm_3": -12.855710395212906, "a_mp_0": -12.994795179954334, "a_mp_1": -11.315649596930143, "a_mp_2": -11.559764406268357, "a_mp_3": 8.189800526850178, "a_pm_0": -15.856448808535852, "a_pm_1": 14.281169620617383, "a_pm_2": -37.77633712275785, "a_pm_3": 6.432460563225121, "a_pp_1": -32.46151713173567, "a_pp_2": -2.889185985274871, "a_pp_3": -39.37814431988608}, "datetime": {"datetime": "2024-07-12 21:59:32", "elapsed": 223.295736, "delta": 8.174939}}
{"target": -307374.65912003134, "params": {"a_c_1": 1.1128308210337634, "a_c_2": 7.427372735496288, "a_mm_0": -21.718814023096478, "a_mm_1": -8.992938049405282, "a_mm_2": -30.62425457972359, "a_mm_3": 18.677144579419085, "a_mp_0": -9.83493713953483, "a_mp_1": 9.740064708483523, "a_mp_2": -35.55773222320022, "a_mp_3": -11.26507286692971, "a_pm_0": -36.263231175653445, "a_pm_1": 13.054485865264233, "a_pm_2": -13.251389277222472, "a_pm_3": -35.887004904289796, "a_pp_1": -35.41022306104257, "a_pp_2": -7.672440519809797, "a_pp_3": -35.466015729686156}, "datetime": {"datetime": "2024-07-12 21:59:33", "elapsed": 103.129762, "delta": 9.844759}}
{"target": -269701.5023863321, "params": {"a_c_1": 15.181982365786519, "a_c_2": 7.100490473544384, "a_mm_0": 2.0931699548823417, "a_mm_1": 6.039882867067007, "a_mm_2": 18.460968733138635, "a_mm_3": -17.577128956241843, "a_mp_0": -35.0167334176933, "a_mp_1": -25.621573623266507, "a_mp_2": -26.711034397420292, "a_mp_3": -18.184012191753638, "a_pm_0": 8.618853926741103, "a_pm_1": -36.39422980801901, "a_pm_2": -13.015386526206637, "a_pm_3": 8.790231649000695, "a_pp_1": -24.145697527561072, "a_pp_2": -36.19594108159788, "a_pp_3": -25.47353966464391}, "datetime": {"datetime": "2024-07-12 21:59:37", "elapsed": 63.987004, "delta": 10.327021}}
{"target": -202762.64252176913, "params": {"a_c_1": 11.141641505304081, "a_c_2": 8.561837709278176, "a_mm_0": 13.051871838516092, "a_mm_1": -1.7890796280039467, "a_mm_2": 17.34827563903493, "a_mm_3": -30.886863926038167, "a_mp_0": -26.705144201166817, "a_mp_1": -20.05028998075021, "a_mp_2": -24.59170474710657, "a_mp_3": -21.267698063196885, "a_pm_0": -32.89326901998491, "a_pm_1": -17.47959139981986, "a_pm_2": -38.21356019603565, "a_pm_3": -7.733100029467202, "a_pp_1": 16.7496976805266, "a_pp_2": -13.292488416383915, "a_pp_3": -2.5508053401805455}, "datetime": {"datetime": "2024-07-12 21:59:37", "elapsed": 85.380311, "delta": 7.703069}}
{"target": -186955.138957074, "params": {"a_c_1": 5.93025501589258, "a_c_2": 1.757241932567306, "a_mm_0": -35.24570975795202, "a_mm_1": -28.06605449023005, "a_mm_2": -14.224682856615175, "a_mm_3": -1.491294182270103, "a_mp_0": -34.75724927261221, "a_mp_1": 2.9438352662579135, "a_mp_2": -33.895311342197076, "a_mp_3": -29.464055745470688, "a_pm_0": 2.799293729444635, "a_pm_1": 13.115820464629351, "a_pm_2": 18.988301662584334, "a_pm_3": -0.8255829579271321, "a_pp_1": -11.335818819617476, "a_pp_2": -34.73274670690033, "a_pp_3": -6.462952318163396}, "datetime": {"datetime": "2024-07-12 21:59:38", "elapsed": 130.29546, "delta": 9.436803}}
{"target": -434134.17668252985, "params": {"a_c_1": 3.675446360248855, "a_c_2": 4.3635708416651395, "a_mm_0": -10.133030138892554, "a_mm_1": -5.001285085494558, "a_mm_2": -2.7692391157055596, "a_mm_3": -17.63131002143989, "a_mp_0": -2.875805021165206, "a_mp_1": -30.565320496891825, "a_mp_2": -23.469491473978383, "a_mp_3": 7.92309623577863, "a_pm_0": -30.81464195640903, "a_pm_1": -26.600621626855794, "a_pm_2": -25.421309218362694, "a_pm_3": -11.229561710615986, "a_pp_1": -39.955268677486124, "a_pp_2": -38.18131836865201, "a_pp_3": -12.307110901131672}, "datetime": {"datetime": "2024-07-12 21:59:41", "elapsed": 110.687656, "delta": 7.557894}}
{"target": -80430.12896946169, "params": {"a_c_1": 10.77254565152694, "a_c_2": 0.030179566195963625, "a_mm_0": 17.07162712941227, "a_mm_1": 14.324122022166684, "a_mm_2": 7.758016516536159, "a_mm_3": 14.916459194887246, "a_mp_0": -31.266506130496175, "a_mp_1": -30.536195807768003, "a_mp_2": -28.74209962585396, "a_mp_3": -2.6502458620047307, "a_pm_0": 14.348569760498108, "a_pm_1": 19.39731070154442, "a_pm_2": 2.667347525948955, "a_pm_3": 3.9080245485377176, "a_pp_1": 14.557592272655263, "a_pp_2": -15.947576057732746, "a_pp_3": -25.008959186497794}, "datetime": {"datetime": "2024-07-12 21:59:42", "elapsed": 233.127802, "delta": 9.832066}}
{"target": -203360.45443173347, "params": {"a_c_1": 1.701409235004312, "a_c_2": 8.07777435347352, "a_mm_0": -29.78499546171507, "a_mm_1": -28.279322466253678, "a_mm_2": 8.878520693471621, "a_mm_3": 8.617131750949738, "a_mp_0": -4.637567305975445, "a_mp_1": 14.88406040704772, "a_mp_2": -36.41070179472192, "a_mp_3": 17.899798416219937, "a_pm_0": -5.741486988651651, "a_pm_1": -21.84891324997634, "a_pm_2": 9.542349589901043, "a_pm_3": -0.43496317880072155, "a_pp_1": 19.190086484203754, "a_pp_2": -33.55062798549406, "a_pp_3": -5.144888341996278}, "datetime": {"datetime": "2024-07-12 21:59:45", "elapsed": 72.704502, "delta": 8.717498}}
{"target": -93489.80272117296, "params": {"a_c_1": 12.236246972034582, "a_c_2": 9.333791680810403, "a_mm_0": 4.071143180518959, "a_mm_1": 9.48925569236146, "a_mm_2": -19.849035405852597, "a_mm_3": 14.447878785684871, "a_mp_0": -28.88744594960123, "a_mp_1": -15.521063866362951, "a_mp_2": 4.247118404880574, "a_mp_3": -19.992617094172335, "a_pm_0": 13.168053881247964, "a_pm_1": 11.639351728152874, "a_pm_2": -30.092912776006763, "a_pm_3": -26.155243496333433, "a_pp_1": -36.85390727881584, "a_pp_2": 11.523250909357103, "a_pp_3": -19.646505506552867}, "datetime": {"datetime": "2024-07-12 21:59:46", "elapsed": 94.870877, "delta": 9.490566}}
{"target": -40639.067597002635, "params": {"a_c_1": 3.623004588172929, "a_c_2": 5.144020604712206, "a_mm_0": -3.4641910639365037, "a_mm_1": 9.992749407356257, "a_mm_2": -20.57496506463121, "a_mm_3": 19.33172559918239, "a_mp_0": 19.697015598067594, "a_mp_1": 9.569049166387806, "a_mp_2": 1.6491527255110014, "a_mp_3": 4.020187885818601, "a_pm_0": 12.516128588279756, "a_pm_1": 17.090608900743938, "a_pm_2": 11.135775595853076, "a_pm_3": -1.5436816132681486, "a_pp_1": -35.590096917133806, "a_pp_2": -2.59691714224968, "a_pp_3": -18.807166492868888}, "datetime": {"datetime": "2024-07-12 21:59:48", "elapsed": 140.222161, "delta": 9.926701}}
{"target": -162142.14794987295, "params": {"a_c_1": 3.2504136973303854, "a_c_2": 6.795018037732852, "a_mm_0": 7.712275230598308, "a_mm_1": -5.310198475737387, "a_mm_2": 1.6858986303923444, "a_mm_3": -16.54251905596728, "a_mp_0": -37.2222278204231, "a_mp_1": -13.634708042221039, "a_mp_2": -17.681181267433615, "a_mp_3": -4.179805467980195, "a_pm_0": -31.946909818058014, "a_pm_1": -26.337226196689844, "a_pm_2": 8.886944991636788, "a_pm_3": -24.140468401587214, "a_pp_1": -15.380787705570206, "a_pp_2": 16.158330589746896, "a_pp_3": -23.466852218748727}, "datetime": {"datetime": "2024-07-12 21:59:50", "elapsed": 119.715778, "delta": 9.028122}}
{"target": -148464.6258289851, "params": {"a_c_1": 3.4686034157424572, "a_c_2": 1.19457050333729, "a_mm_0": 8.756635281969722, "a_mm_1": -31.19245759496541, "a_mm_2": -24.14215103638596, "a_mm_3": 9.145350718011848, "a_mp_0": -21.364764892347402, "a_mp_1": 18.945046957576572, "a_mp_2": -24.001677870901887, "a_mp_3": -7.980799301727316, "a_pm_0": -21.13197932884902, "a_pm_1": 14.646369870430249, "a_pm_2": -18.006601368925935, "a_pm_3": -13.984460363610125, "a_pp_1": -9.262438463298317, "a_pp_2": 16.333188642182797, "a_pp_3": -38.143059623730956}, "datetime": {"datetime": "2024-07-12 21:59:50", "elapsed": 241.596379, "delta": 8.468577}}
{"target": -98446.57185650077, "params": {"a_c_1": 9.456563101145736, "a_c_2": 6.522707859877006, "a_mm_0": -25.48845675415425, "a_mm_1": -38.132196194895634, "a_mm_2": -7.3460588352288525, "a_mm_3": -18.1173892724569, "a_mp_0": 13.539996517910645, "a_mp_1": -12.439264314481346, "a_mp_2": -14.88075399778603, "a_mp_3": -2.025667552541968, "a_pm_0": -8.36927002320627, "a_pm_1": 17.672668410446917, "a_pm_2": 7.340606873374625, "a_pm_3": -10.198269452644329, "a_pp_1": -27.331539946345732, "a_pp_2": -3.7609515342229827, "a_pp_3": 4.9145486332890655}, "datetime": {"datetime": "2024-07-12 21:59:54", "elapsed": 81.79774, "delta": 9.093238}}
{"target": -80174.18686869944, "params": {"a_c_1": 7.864934567331112, "a_c_2": 2.7036548223830223, "a_mm_0": -32.60632667623529, "a_mm_1": -12.583645494276084, "a_mm_2": -25.9169768150295, "a_mm_3": -6.210805904204456, "a_mp_0": -27.834097135632472, "a_mp_1": -9.316763071855078, "a_mp_2": 16.899553036573153, "a_mp_3": -17.689977618228397, "a_pm_0": 17.25314535996081, "a_pm_1": -36.56764502466119, "a_pm_2": -7.071692903075061, "a_pm_3": -4.0121505286480215, "a_pp_1": 17.705199064751582, "a_pp_2": 15.511107873705363, "a_pp_3": -9.345632228916685}, "datetime": {"datetime": "2024-07-12 21:59:55", "elapsed": 103.432751, "delta": 8.561874}}
{"target": -285897.7966629199, "params": {"a_c_1": 3.2955724644859274, "a_c_2": 8.931661865670433, "a_mm_0": 9.493428872400763, "a_mm_1": -8.401694568829999, "a_mm_2": -12.193044630785653, "a_mm_3": -10.641922712372466, "a_mp_0": -24.356798816832878, "a_mp_1": -15.841724612011156, "a_mp_2": -13.799807216378202, "a_mp_3": -39.0966319450978, "a_pm_0": 13.57435298472295, "a_pm_1": -38.2510409291493, "a_pm_2": -17.62642695929643, "a_pm_3": -34.24760111843367, "a_pp_1": -28.182140778997688, "a_pp_2": 16.54523674382859, "a_pp_3": -17.723729699926217}, "datetime": {"datetime": "2024-07-12 21:59:56", "elapsed": 148.405787, "delta": 8.183626}}
{"target": -197793.18310981296, "params": {"a_c_1": 2.9057991770712777, "a_c_2": 7.020201293314523, "a_mm_0": -5.976006973523525, "a_mm_1": -3.30436986720418, "a_mm_2": -37.47814894038558, "a_mm_3": -14.963986314566394, "a_mp_0": -39.74401394997044, "a_mp_1": -25.20787186834663, "a_mp_2": 2.3633710150403786, "a_mp_3": -36.30755704475801, "a_pm_0": -22.31839008380321, "a_pm_1": 19.28676516873069, "a_pm_2": 18.273333813618528, "a_pm_3": -11.089216679217703, "a_pp_1": 4.141603191694756, "a_pp_2": -2.0406535488316635, "a_pp_3": -12.058415713375798}, "datetime": {"datetime": "2024-07-12 21:59:59", "elapsed": 129.007737, "delta": 9.291959}}
{"target": -353879.15492518886, "params": {"a_c_1": 15.189722803305617, "a_c_2": 9.759052816075155, "a_mm_0": 4.190015837796132, "a_mm_1": 17.237358437256958, "a_mm_2": 16.33363875915596, "a_mm_3": -11.093970316004139, "a_mp_0": -0.406346147186909, "a_mp_1": -29.209022024926107, "a_mp_2": -13.778591655071725, "a_mp_3": 11.967451330423614, "a_pm_0": -5.366075784853777, "a_pm_1": -23.23278374856359, "a_pm_2": -32.63264483403904, "a_pm_3": -26.08868789089872, "a_pp_1": -32.50044611279657, "a_pp_2": -25.973174186338014, "a_pp_3": -16.985199397580672}, "datetime": {"datetime": "2024-07-12 22:00:02", "elapsed": 110.662595, "delta": 7.229844}}
{"target": -78997.5276876771, "params": {"a_c_1": 14.337573272633783, "a_c_2": 8.910189542923389, "a_mm_0": -38.36276658895187, "a_mm_1": -8.676925164849358, "a_mm_2": -20.440611293798483, "a_mm_3": 11.569359251935147, "a_mp_0": -6.489006944648928, "a_mp_1": 1.413672089764873, "a_mp_2": -12.828790002907752, "a_mp_3": -2.301457748718569, "a_pm_0": -22.59418889875445, "a_pm_1": -39.439085322009056, "a_pm_2": -5.394643900774554, "a_pm_3": -21.31334715205223, "a_pp_1": -8.963944089932212, "a_pp_2": 14.98435118323387, "a_pp_3": -14.411512689916243}, "datetime": {"datetime": "2024-07-12 22:00:03", "elapsed": 253.767653, "delta": 12.171274}}
{"target": -177092.849501654, "params": {"a_c_1": 15.117276625212284, "a_c_2": 9.935040079326672, "a_mm_0": -26.89013311959407, "a_mm_1": -14.461759987900798, "a_mm_2": -14.56902383168664, "a_mm_3": -20.88121373906012, "a_mp_0": -18.080018863935816, "a_mp_1": -11.323521393726615, "a_mp_2": -7.474575455379494, "a_mp_3": -24.086185202392123, "a_pm_0": -31.938176328858482, "a_pm_1": -21.886834136036207, "a_pm_2": -31.81119437072349, "a_pm_3": -20.93798779884462, "a_pp_1": 0.7509608522654645, "a_pp_2": -3.919530646276705, "a_pp_3": 19.83352799377532}, "datetime": {"datetime": "2024-07-12 22:00:04", "elapsed": 91.270111, "delta": 9.472371}}
{"target": -43492.31244116154, "params": {"a_c_1": 14.580016036429539, "a_c_2": 1.261601086290215, "a_mm_0": -24.923024697567442, "a_mm_1": 12.874117827273892, "a_mm_2": 14.197769029340925, "a_mm_3": -22.74188450704672, "a_mp_0": 18.02678789073778, "a_mp_1": 0.08596013751145648, "a_mp_2": -9.819593587940407, "a_mp_3": -17.31985548108667, "a_pm_0": -19.7579023422125, "a_pm_1": 17.120642304980066, "a_pm_2": 1.6000297153533722, "a_pm_3": -7.9538979955997675, "a_pp_1": -37.39061812382335, "a_pp_2": -25.146947462647567, "a_pp_3": 16.590243360032495}, "datetime": {"datetime": "2024-07-12 22:00:07", "elapsed": 159.513511, "delta": 11.107724}}
{"target": -584447.3657814419, "params": {"a_c_1": 0.857970617671473, "a_c_2": 8.387106968724726, "a_mm_0": -15.771384297567945, "a_mm_1": -5.957862130221173, "a_mm_2": -1.8319591141514024, "a_mm_3": -32.02947961203463, "a_mp_0": -35.037543291228616, "a_mp_1": -30.608067236094808, "a_mp_2": 19.17348339980316, "a_mp_3": -33.729085481003835, "a_pm_0": -14.640644712063736, "a_pm_1": 12.503740828040783, "a_pm_2": -4.943460837472742, "a_pm_3": -38.94797971769266, "a_pp_1": 13.322154862184703, "a_pp_2": -16.951140207074463, "a_pp_3": -29.93618753476482}, "datetime": {"datetime": "2024-07-12 22:00:09", "elapsed": 117.440478, "delta": 6.777883}}
{"target": -65625.43707051042, "params": {"a_c_1": 17.14132865282639, "a_c_2": 1.72518252166179, "a_mm_0": 9.705915334646633, "a_mm_1": -37.47582859250092, "a_mm_2": 12.01722150876791, "a_mm_3": 0.5597952480948649, "a_mp_0": -13.245153405347885, "a_mp_1": 0.29421485805661973, "a_mp_2": -12.377889766645488, "a_mp_3": 6.8001933427151116, "a_pm_0": -33.19335496815296, "a_pm_1": -9.510554269083677, "a_pm_2": 12.289372396632373, "a_pm_3": 15.651756548721352, "a_pp_1": -26.77982010710124, "a_pp_2": -24.884181846722868, "a_pp_3": 14.240748296539323}, "datetime": {"datetime": "2024-07-12 22:00:09", "elapsed": 138.771782, "delta": 9.764045}}
{"target": -543355.4942774075, "params": {"a_c_1": 11.21829179620304, "a_c_2": 5.48726197093181, "a_mm_0": -1.4590275906866736, "a_mm_1": 3.6073622380145665, "a_mm_2": -3.0511876288902826, "a_mm_3": -4.689996101615733, "a_mp_0": -3.699741190587858, "a_mp_1": -18.71287235812232, "a_mp_2": 6.64291967771085, "a_mp_3": -3.723801146002998, "a_pm_0": -21.446153711591368, "a_pm_1": -25.262140087350357, "a_pm_2": -35.724040954301934, "a_pm_3": -19.136249939972046, "a_pp_1": -39.22911556117579, "a_pp_2": -30.06149040170221, "a_pp_3": -36.37801405493334}, "datetime": {"datetime": "2024-07-12 22:00:12", "elapsed": 98.962156, "delta": 7.692045}}
{"target": -113336.53705981757, "params": {"a_c_1": 4.947920732047708, "a_c_2": 3.7129376127905447, "a_mm_0": 15.911666998192437, "a_mm_1": 16.212102878545622, "a_mm_2": 10.659796913942792, "a_mm_3": 15.212390858339631, "a_mp_0": -26.325982602920984, "a_mp_1": -34.751067426784545, "a_mp_2": -26.361415822918673, "a_mp_3": -21.137403033156975, "a_pm_0": -29.514047418621306, "a_pm_1": -3.5743502816523716, "a_pm_2": -15.184815099930319, "a_pm_3": 8.981090709632845, "a_pp_1": -28.892176103858162, "a_pp_2": 2.1125917853786262, "a_pp_3": -25.578662509051668}, "datetime": {"datetime": "2024-07-12 22:00:15", "elapsed": 266.440722, "delta": 12.673069}}
{"target": -549110.6807654208, "params": {"a_c_1": 11.137203324865066, "a_c_2": 3.575182323552321, "a_mm_0": -39.43297755172604, "a_mm_1": -24.787103966504624, "a_mm_2": -24.746398590967793, "a_mm_3": -29.758868437958434, "a_mp_0": -19.30120241936853, "a_mp_1": -27.84105691913657, "a_mp_2": -36.225907589149536, "a_mp_3": -34.12237624682449, "a_pm_0": -10.196349861153095, "a_pm_1": -35.82036457525327, "a_pm_2": 16.109213801089304, "a_pm_3": -27.63414188976498, "a_pp_1": -12.147259002457204, "a_pp_2": -15.119904573601787, "a_pp_3": -22.51973689402106}, "datetime": {"datetime": "2024-07-12 22:00:16", "elapsed": 168.625427, "delta": 9.111916}}
{"target": -405537.98496709357, "params": {"a_c_1": 6.743596613123124, "a_c_2": 5.94148131874365, "a_mm_0": -37.73528919783017, "a_mm_1": -1.4014887211298444, "a_mm_2": -3.3936159808886828, "a_mm_3": -26.2723646729786, "a_mp_0": -14.438934386479353, "a_mp_1": -28.389102192126813, "a_mp_2": -38.72020962990674, "a_mp_3": -4.964807563200722, "a_pm_0": -13.278577328358544, "a_pm_1": 10.5233988825212, "a_pm_2": -28.056660762174765, "a_pm_3": -13.564057170315344, "a_pp_1": 0.047271951686312264, "a_pp_2": -35.89992219897625, "a_pp_3": -18.679802267012313}, "datetime": {"datetime": "2024-07-12 22:00:17", "elapsed": 125.318957, "delta": 7.878479}}
{"target": -64825.937569146954, "params": {"a_c_1": 6.910346774302569, "a_c_2": 0.568725740487156, "a_mm_0": 2.893200326721967, "a_mm_1": -15.134868450798528, "a_mm_2": 4.119451249708646, "a_mm_3": -11.374501993397839, "a_mp_0": -9.966066733814085, "a_mp_1": -14.946285375484631, "a_mp_2": -22.57090623789091, "a_mp_3": 14.042652043241056, "a_pm_0": 0.12725467910643573, "a_pm_1": 7.329940600578027, "a_pm_2": 13.744371865587041, "a_pm_3": -24.988663456638395, "a_pp_1": 15.189236838345344, "a_pp_2": 11.756305235513487, "a_pp_3": -9.634884272500816}, "datetime": {"datetime": "2024-07-12 22:00:19", "elapsed": 148.571109, "delta": 9.799327}}
{"target": -177199.2453876215, "params": {"a_c_1": 5.563118677742329, "a_c_2": 3.4833199433901108, "a_mm_0": -4.526661316620611, "a_mm_1": 6.5007878021665135, "a_mm_2": -2.5147319702568183, "a_mm_3": -30.419144000659973, "a_mp_0": 13.625759193937213, "a_mp_1": 3.8354759604021282, "a_mp_2": -10.133918844147928, "a_mp_3": -1.3815868365403503, "a_pm_0": -9.431494341554647, "a_pm_1": -29.907510518883207, "a_pm_2": -1.5121136477300965, "a_pm_3": 19.290065777769613, "a_pp_1": 6.219761787055489, "a_pp_2": -29.111127452832633, "a_pp_3": -32.813858754491015}, "datetime": {"datetime": "2024-07-12 22:00:20", "elapsed": 107.728163, "delta": 8.766007}}
{"target": -222208.84118683037, "params": {"a_c_1": 11.484381776817195, "a_c_2": 3.489875972207889, "a_mm_0": -36.58213603103004, "a_mm_1": -26.27117974237745, "a_mm_2": -0.15384667871239088, "a_mm_3": -10.164994398368123, "a_mp_0": -8.859040955579275, "a_mp_1": -29.51679099346465, "a_mp_2": -5.757048907224615, "a_mp_3": 19.8052055124926, "a_pm_0": 9.010106527497314, "a_pm_1": -4.337642570141334, "a_pm_2": 18.559344099854293, "a_pm_3": 14.093755080159276, "a_pp_1": -4.263523983841267, "a_pp_2": -38.054420481132574, "a_pp_3": -34.38537425095116}, "datetime": {"datetime": "2024-07-12 22:00:24", "elapsed": 275.501406, "delta": 9.060684}}
{"target": -90311.03432187096, "params": {"a_c_1": 6.470570296400884, "a_c_2": 2.1159758341613975, "a_mm_0": -23.183902733788074, "a_mm_1": -32.97369785820462, "a_mm_2": 1.3551124866526436, "a_mm_3": -1.3284286375325536, "a_mp_0": -21.308235799420924, "a_mp_1": 12.817937369449808, "a_mp_2": -16.817456494326347, "a_mp_3": -3.334641980867886, "a_pm_0": -8.60984042948829, "a_pm_1": -20.496591783392205, "a_pm_2": 15.787425383909763, "a_pm_3": 10.892084539778232, "a_pp_1": 10.467376881194475, "a_pp_2": 17.25731819337966, "a_pp_3": -39.85105442391421}, "datetime": {"datetime": "2024-07-12 22:00:25", "elapsed": 176.791995, "delta": 8.166568}}
{"target": -135918.66773435703, "params": {"a_c_1": 13.720726062885317, "a_c_2": 2.45071897044153, "a_mm_0": -18.161360652037388, "a_mm_1": -5.358178072541243, "a_mm_2": -15.433864463377116, "a_mm_3": 12.606890160305277, "a_mp_0": 11.592876683594056, "a_mp_1": 10.038613561081931, "a_mp_2": -14.423729998618185, "a_mp_3": -28.59220026445711, "a_pm_0": -1.668213811384284, "a_pm_1": -14.310701113467982, "a_pm_2": -9.651575753304556, "a_pm_3": -0.9369064979344799, "a_pp_1": 16.396492072119862, "a_pp_2": 8.494983598036434, "a_pp_3": -32.60700200506447}, "datetime": {"datetime": "2024-07-12 22:00:26", "elapsed": 134.094225, "delta": 8.775268}}
{"target": -124590.36529326782, "params": {"a_c_1": 11.358043482880614, "a_c_2": 1.1493223803677854, "a_mm_0": 5.726950433466115, "a_mm_1": -29.60649956894058, "a_mm_2": -7.969837539645425, "a_mm_3": -32.41376168627685, "a_mp_0": -35.624974385070566, "a_mp_1": -3.4583533743661263, "a_mp_2": -10.5278122230592, "a_mp_3": 0.4885960843563595, "a_pm_0": 7.4512509832570615, "a_pm_1": 18.961249558733975, "a_pm_2": -34.95515913539912, "a_pm_3": -2.127273253985173, "a_pp_1": -5.381506277113125, "a_pp_2": -0.9614693924978184, "a_pp_3": -7.409232711137221}, "datetime": {"datetime": "2024-07-12 22:00:27", "elapsed": 157.191772, "delta": 8.620663}}
{"target": -166081.71677704007, "params": {"a_c_1": 18.606836859754853, "a_c_2": 9.100974329622918, "a_mm_0": 4.951079576625929, "a_mm_1": 5.631892425004487, "a_mm_2": -31.42745212724016, "a_mm_3": 8.716651493445461, "a_mp_0": -28.4632422534715, "a_mp_1": -30.715293427519732, "a_mp_2": -15.575262608711821, "a_mp_3": -39.97702633795174, "a_pm_0": 10.731068969828591, "a_pm_1": -30.33205279936356, "a_pm_2": 4.355044093559627, "a_pm_3": -5.025351044595183, "a_pp_1": 6.215600178287666, "a_pp_2": -4.000409995738842, "a_pp_3": 17.688049150770325}, "datetime": {"datetime": "2024-07-12 22:00:28", "elapsed": 115.738371, "delta": 8.010208}}
{"target": -77285.41354443721, "params": {"a_c_1": 9.84238200461254, "a_c_2": 9.379131190646037, "a_mm_0": -31.93439441061166, "a_mm_1": -25.300351695149814, "a_mm_2": -9.696284765371537, "a_mm_3": 0.7052905893129591, "a_mp_0": -20.03440254298305, "a_mp_1": -21.618119704599565, "a_mp_2": 6.547874673292938, "a_mp_3": -38.02876370629314, "a_pm_0": 7.1478717513037395, "a_pm_1": -14.287583112387445, "a_pm_2": -2.2594325698863784, "a_pm_3": 2.330181494407981, "a_pp_1": -34.091882234714944, "a_pp_2": 14.230769892493193, "a_pp_3": 9.338748117064753}, "datetime": {"datetime": "2024-07-12 22:00:33", "elapsed": 185.132817, "delta": 8.340822}}
