{"target": -136864.20556343737, "params": {"a_c_1": 4.474751316926704, "a_c_2": 5.696313008904726, "a_mm_0": 2.979308469806739, "a_mm_1": -5.301006238136004, "a_mm_2": 13.860090238033472, "a_mm_3": 2.022650761215239, "a_mp_0": 18.20140023804234, "a_mp_1": -23.540305416975563, "a_mp_2": 19.089790513382837, "a_mp_3": -28.326435021869862, "a_pm_0": -28.441219490425702, "a_pm_1": -28.613181627862836, "a_pm_2": -32.91662820813015, "a_pm_3": -2.4675170973715552, "a_pp_1": -39.72831247904113, "a_pp_2": 8.454285141787686, "a_pp_3": -4.057578129859202}, "datetime": {"datetime": "2024-07-12 22:10:02", "elapsed": 753.701362, "delta": 9.663503}}
{"target": -404573.01202526246, "params": {"a_c_1": 19.682530877698337, "a_c_2": 0.09872975358918512, "a_mm_0": -24.829511075391093, "a_mm_1": -26.56901978034848, "a_mm_2": -37.14774434633437, "a_mm_3": -39.38965262429346, "a_mp_0": -10.588281265346097, "a_mp_1": -37.27107125978235, "a_mp_2": -23.30031214918588, "a_mp_3": -1.6015258534652617, "a_pm_0": -22.318477506345747, "a_pm_1": -23.820717930456915, "a_pm_2": -4.5672086653859765, "a_pm_3": -17.167955367421598, "a_pp_1": 2.1513820376840584, "a_pp_2": -10.232562925008335, "a_pp_3": -2.007444051611351}, "datetime": {"datetime": "2024-07-12 22:10:02", "elapsed": 853.17571, "delta": 10.399505}}
{"target": -213374.8193675532, "params": {"a_c_1": 2.736421891393299, "a_c_2": 7.558940019757871, "a_mm_0": 14.976725706551107, "a_mm_1": -5.86296764600764, "a_mm_2": -21.44621113277319, "a_mm_3": 18.27192853178505, "a_mp_0": -32.586984134334784, "a_mp_1": -28.542874048329583, "a_mp_2": 6.134667208748425, "a_mp_3": 8.568189682658947, "a_pm_0": -17.584144538328083, "a_pm_1": -34.30944008967216, "a_pm_2": -1.6769911972468066, "a_pm_3": -19.392029545175077, "a_pp_1": 11.14562999829593, "a_pp_2": -36.1330329593628, "a_pp_3": -7.900344038985985}, "datetime": {"datetime": "2024-07-12 22:10:02", "elapsed": 732.214135, "delta": 8.620546}}
{"target": -204670.95094801654, "params": {"a_c_1": 12.466744758967192, "a_c_2": 2.2806395820432623, "a_mm_0": -15.579011039231666, "a_mm_1": -31.85364729528298, "a_mm_2": -22.482960443722444, "a_mm_3": 13.645762772495054, "a_mp_0": -11.42410647405201, "a_mp_1": 18.237027524508463, "a_mp_2": -3.3209874897315714, "a_mp_3": 4.0169780883095, "a_pm_0": -27.542931133636813, "a_pm_1": 15.214167098637702, "a_pm_2": -30.846283858494488, "a_pm_3": 3.4801312402078253, "a_pp_1": 2.400841627262146, "a_pp_2": -35.565352152637146, "a_pp_3": -4.533326228365887}, "datetime": {"datetime": "2024-07-12 22:10:03", "elapsed": 711.86897, "delta": 8.071796}}
{"target": -162225.7744991342, "params": {"a_c_1": 6.542813510075407, "a_c_2": 5.04492487609336, "a_mm_0": -12.984292838246223, "a_mm_1": -25.555339889244756, "a_mm_2": 17.102380662708086, "a_mm_3": -1.7136062461009516, "a_mp_0": -32.496658116641235, "a_mp_1": 17.51809357021248, "a_mp_2": -37.19445834353987, "a_mp_3": 1.1290562552057821, "a_pm_0": 19.2018157933067, "a_pm_1": 1.0136227715235506, "a_pm_2": -8.86937273646338, "a_pm_3": -29.411177476672318, "a_pp_1": -5.853361538604098, "a_pp_2": 4.211344039152102, "a_pp_3": -34.06321760206282}, "datetime": {"datetime": "2024-07-12 22:10:09", "elapsed": 696.74174, "delta": 9.658275}}
{"target": -105273.36171766839, "params": {"a_c_1": 3.359915971905163, "a_c_2": 9.467972913410748, "a_mm_0": 18.385222435076905, "a_mm_1": -4.82971763231015, "a_mm_2": 1.6123358598873025, "a_mm_3": 12.793427188047374, "a_mp_0": 14.173529726220238, "a_mp_1": -32.93795451217037, "a_mp_2": -20.06728154546788, "a_mp_3": 7.507114296563614, "a_pm_0": -23.53442650491982, "a_pm_1": -14.518613060926878, "a_pm_2": 18.981801038038093, "a_pm_3": -11.53643870098579, "a_pp_1": -5.475770368200564, "a_pp_2": -26.513042241575683, "a_pp_3": -31.166617135422225}, "datetime": {"datetime": "2024-07-12 22:10:10", "elapsed": 739.965744, "delta": 7.751609}}
{"target": -156953.45312176054, "params": {"a_c_1": 6.0573417214818015, "a_c_2": 8.908615623178063, "a_mm_0": 10.56952024616136, "a_mm_1": -2.096790266741003, "a_mm_2": -35.460957608620376, "a_mm_3": 17.890191962457784, "a_mp_0": -2.881891539570262, "a_mp_1": 13.63896830581453, "a_mp_2": -30.220923373903382, "a_mp_3": -38.36974433276175, "a_pm_0": -22.047477056750203, "a_pm_1": 7.022084871590366, "a_pm_2": 9.402265868154252, "a_pm_3": 13.366721640400876, "a_pp_1": -18.846013307336392, "a_pp_2": 9.086565304979054, "a_pp_3": -30.69875199425757}, "datetime": {"datetime": "2024-07-12 22:10:10", "elapsed": 762.528443, "delta": 8.827081}}
{"target": -183531.2753179568, "params": {"a_c_1": 12.055166413801132, "a_c_2": 8.447050856215125, "a_mm_0": -6.6127594731121775, "a_mm_1": 13.974621452447522, "a_mm_2": 6.80198211826729, "a_mm_3": -37.49420553333952, "a_mp_0": 0.4211805206029666, "a_mp_1": -7.647365743996367, "a_mp_2": -9.588679956571813, "a_mp_3": 10.274287675103878, "a_pm_0": -13.990186187841058, "a_pm_1": -7.453522047723212, "a_pm_2": 13.834709360106558, "a_pm_3": -20.248502699377337, "a_pp_1": 12.135842115231995, "a_pp_2": -39.94059993034016, "a_pp_3": -27.41307622413683}, "datetime": {"datetime": "2024-07-12 22:10:11", "elapsed": 719.874022, "delta": 8.005052}}
{"target": -71816.45486254356, "params": {"a_c_1": 7.067886940032588, "a_c_2": 2.870439461555087, "a_mm_0": -32.00757317493388, "a_mm_1": 16.224823087937857, "a_mm_2": 8.290150760947675, "a_mm_3": 16.281712589381144, "a_mp_0": -28.877168521131864, "a_mp_1": 15.98934576939353, "a_mp_2": 16.145192461527984, "a_mp_3": -22.98732918378073, "a_pm_0": -23.52194509456822, "a_pm_1": -6.914105579597653, "a_pm_2": -28.88264563788686, "a_pm_3": -13.47393336239405, "a_pp_1": -28.880941243738935, "a_pp_2": 16.842555077237556, "a_pp_3": -10.370520550534863}, "datetime": {"datetime": "2024-07-12 22:10:12", "elapsed": 863.55474, "delta": 10.37903}}
{"target": -193100.64084904888, "params": {"a_c_1": 10.991455394079512, "a_c_2": 0.5064207969796819, "a_mm_0": 3.2005521182665433, "a_mm_1": -18.279423747441044, "a_mm_2": -33.52722478394368, "a_mm_3": -0.10350451307165542, "a_mp_0": -14.43972163970329, "a_mp_1": -20.84322991730017, "a_mp_2": -18.1006341694595, "a_mp_3": 5.897010903977083, "a_pm_0": -15.524959823419607, "a_pm_1": 12.845102917083018, "a_pm_2": -30.838657565502267, "a_pm_3": -16.781030441446156, "a_pp_1": 12.147169565225497, "a_pp_2": -4.16915979240617, "a_pp_3": 3.4924451368856637}, "datetime": {"datetime": "2024-07-12 22:10:20", "elapsed": 771.689496, "delta": 9.161053}}
{"target": -278776.59255976253, "params": {"a_c_1": 15.553991133956027, "a_c_2": 5.363866937737632, "a_mm_0": -9.596327351744335, "a_mm_1": 5.336180877388415, "a_mm_2": -29.920582805832623, "a_mm_3": -11.772268703340249, "a_mp_0": -22.581121744704436, "a_mp_1": 10.422718427688466, "a_mp_2": -27.95972212536575, "a_mp_3": -39.81344037111419, "a_pm_0": -2.140319030929234, "a_pm_1": -33.78637679894949, "a_pm_2": -28.382254946683716, "a_pm_3": -9.909894633005798, "a_pp_1": -18.45297391537233, "a_pp_2": -3.809003983469104, "a_pp_3": 6.57032667730202}, "datetime": {"datetime": "2024-07-12 22:10:20", "elapsed": 728.180526, "delta": 8.306504}}
{"target": -184022.1047796157, "params": {"a_c_1": 18.106852125817884, "a_c_2": 7.689344527591434, "a_mm_0": -32.03737291448199, "a_mm_1": 15.884497037664424, "a_mm_2": 13.756157905870765, "a_mm_3": -20.28867791426487, "a_mp_0": 12.80679655477757, "a_mp_1": -31.955091878112732, "a_mp_2": -25.096080333119232, "a_mp_3": 12.804892145825306, "a_pm_0": -8.398096803413296, "a_pm_1": -15.296058194641567, "a_pm_2": -21.956385374636504, "a_pm_3": -26.96032007548446, "a_pp_1": -29.35753547703545, "a_pp_2": -12.919044772295884, "a_pp_3": -9.98544240295356}, "datetime": {"datetime": "2024-07-12 22:10:20", "elapsed": 749.551865, "delta": 9.586121}}
{"target": -196916.05560871714, "params": {"a_c_1": 19.278355348479955, "a_c_2": 6.449416725122118, "a_mm_0": -10.941053618056863, "a_mm_1": 18.06171475767185, "a_mm_2": -31.40861309747423, "a_mm_3": -2.060207520010202, "a_mp_0": -0.28669792979214037, "a_mp_1": -13.969610370836442, "a_mp_2": -36.43856647966255, "a_mp_3": -10.436643930038002, "a_pm_0": -12.091963388915353, "a_pm_1": 8.404808646491816, "a_pm_2": -24.600340602821426, "a_pm_3": -16.514178220943883, "a_pp_1": -25.589667566717367, "a_pp_2": 1.186604910341842, "a_pp_3": 19.393007200226926}, "datetime": {"datetime": "2024-07-12 22:10:20", "elapsed": 871.571922, "delta": 8.017182}}
{"target": -107899.95137386193, "params": {"a_c_1": 15.978658053055321, "a_c_2": 6.134079407089055, "a_mm_0": -35.94254651017891, "a_mm_1": 7.878217113410557, "a_mm_2": -3.584103134208334, "a_mm_3": 9.112144866526116, "a_mp_0": -28.00459669892774, "a_mp_1": -20.837912352900055, "a_mp_2": 14.772953409627405, "a_mp_3": 16.240939689867375, "a_pm_0": 18.296671344731926, "a_pm_1": -38.627792012235275, "a_pm_2": -14.306189853732235, "a_pm_3": 17.648362929158267, "a_pp_1": -0.4536338156916955, "a_pp_2": -11.866831097302338, "a_pp_3": -31.36811885669452}, "datetime": {"datetime": "2024-07-12 22:10:21", "elapsed": 708.446838, "delta": 11.705098}}
{"target": -144094.2991248523, "params": {"a_c_1": 16.810269507237138, "a_c_2": 5.2509283014593136, "a_mm_0": -32.604855850035115, "a_mm_1": -20.606106058420057, "a_mm_2": -24.097826048370983, "a_mm_3": -30.680904696738637, "a_mp_0": -3.6757874980179466, "a_mp_1": -27.176070648062, "a_mp_2": 11.703862838562777, "a_mp_3": -12.69469176045876, "a_pm_0": 8.15168135013029, "a_pm_1": 10.781194047403858, "a_pm_2": -0.38681384837220634, "a_pm_3": 9.136312532612997, "a_pp_1": 7.369027131437079, "a_pp_2": -5.243613989056804, "a_pp_3": -20.364846638192137}, "datetime": {"datetime": "2024-07-12 22:10:27", "elapsed": 779.615658, "delta": 7.926162}}
{"target": -350788.13136472856, "params": {"a_c_1": 19.503090051350274, "a_c_2": 6.039292241719122, "a_mm_0": -20.680872992332798, "a_mm_1": -23.721516709658093, "a_mm_2": -12.41258613606005, "a_mm_3": 2.4508567630871383, "a_mp_0": 4.561969563311337, "a_mp_1": -23.245686906819806, "a_mp_2": -36.442860107538685, "a_mp_3": 14.974450604863414, "a_pm_0": -4.952047489101908, "a_pm_1": -31.29793611076154, "a_pm_2": -13.003329891735579, "a_pm_3": -36.971708984220825, "a_pp_1": -16.4243313094472, "a_pp_2": -14.28687890867981, "a_pp_3": -23.283458009427534}, "datetime": {"datetime": "2024-07-12 22:10:29", "elapsed": 737.667989, "delta": 9.487463}}
{"target": -206014.4473362618, "params": {"a_c_1": 1.7130674231443854, "a_c_2": 7.341111481733218, "a_mm_0": -34.581882234618206, "a_mm_1": -31.55974861830316, "a_mm_2": 13.39962728643276, "a_mm_3": -17.507747539255284, "a_mp_0": -32.21196630451064, "a_mp_1": -16.455787081937842, "a_mp_2": -29.799982291872492, "a_mp_3": -32.82529196550271, "a_pm_0": 18.968127420895385, "a_pm_1": -34.89667349557178, "a_pm_2": 4.642502812030678, "a_pm_3": -12.97926157122745, "a_pp_1": -26.204692048378377, "a_pp_2": 12.798269189992418, "a_pp_3": -8.728416527587296}, "datetime": {"datetime": "2024-07-12 22:10:30", "elapsed": 759.585914, "delta": 10.034049}}
{"target": -135104.64356775687, "params": {"a_c_1": 10.114818848015798, "a_c_2": 7.759213067293544, "a_mm_0": -5.063473415303875, "a_mm_1": -16.02049267112065, "a_mm_2": 19.991877071948444, "a_mm_3": -32.2053224458553, "a_mp_0": 12.124822202842168, "a_mp_1": -29.38515348674769, "a_mp_2": -24.03734533061767, "a_mp_3": 12.894029454524585, "a_pm_0": -22.238460372962283, "a_pm_1": -27.396416588187314, "a_pm_2": -25.93778035733388, "a_pm_3": 17.73272823570339, "a_pp_1": 16.604868184494478, "a_pp_2": 4.074898268118567, "a_pp_3": -6.82326361890577}, "datetime": {"datetime": "2024-07-12 22:10:30", "elapsed": 717.323267, "delta": 8.876429}}
{"target": -335353.3621192302, "params": {"a_c_1": 3.548590737365238, "a_c_2": 8.214467402262972, "a_mm_0": -26.140686443102002, "a_mm_1": -36.52145119763398, "a_mm_2": -31.671008917259584, "a_mm_3": 16.109186932543324, "a_mp_0": 13.312526201373686, "a_mp_1": -22.6443702710254, "a_mp_2": 16.865843966096413, "a_mp_3": 10.995832113885136, "a_pm_0": -13.920712355699589, "a_pm_1": -11.91702670801163, "a_pm_2": -2.208818704994634, "a_pm_3": -30.51808990217124, "a_pp_1": -39.113074795474425, "a_pp_2": -24.069278951656848, "a_pp_3": -39.073382083434346}, "datetime": {"datetime": "2024-07-12 22:10:30", "elapsed": 881.057088, "delta": 9.485166}}
{"target": -542642.9741439308, "params": {"a_c_1": 8.245336973524783, "a_c_2": 3.035711163680055, "a_mm_0": -10.96365533433508, "a_mm_1": -15.836544203698388, "a_mm_2": -20.04936677215995, "a_mm_3": -33.29135977660603, "a_mp_0": -15.195012855727235, "a_mp_1": -31.616673515795366, "a_mp_2": -18.166978167347967, "a_mp_3": -33.54440228651023, "a_pm_0": -17.005786126273986, "a_pm_1": -7.738471485676605, "a_pm_2": -35.52905325777077, "a_pm_3": -24.588790762890614, "a_pp_1": -14.407236027707913, "a_pp_2": -23.64167958272852, "a_pp_3": -6.2123567856923785}, "datetime": {"datetime": "2024-07-12 22:10:37", "elapsed": 788.927096, "delta": 9.311438}}
{"target": -61577.48097297512, "params": {"a_c_1": 10.440258152656687, "a_c_2": 1.3026564644579797, "a_mm_0": -38.88321942047544, "a_mm_1": 17.510287335297754, "a_mm_2": -2.5505205741317667, "a_mm_3": 8.998050973346928, "a_mp_0": -9.397296096461023, "a_mp_1": -5.9150464349718845, "a_mp_2": -33.794469079284596, "a_mp_3": -7.013748317732656, "a_pm_0": -0.8956352972429471, "a_pm_1": 12.815871473007178, "a_pm_2": -15.002936048490067, "a_pm_3": -22.328501022571224, "a_pp_1": -25.818370407877214, "a_pp_2": 10.23854516970735, "a_pp_3": 2.8009636704627425}, "datetime": {"datetime": "2024-07-12 22:10:38", "elapsed": 746.58341, "delta": 8.915421}}
{"target": -59047.13311009735, "params": {"a_c_1": 19.705507489566724, "a_c_2": 6.54003198513553, "a_mm_0": -11.015242891526533, "a_mm_1": 11.969241580262569, "a_mm_2": -3.542905347641529, "a_mm_3": -9.1721170950577, "a_mp_0": -0.5549294246233316, "a_mp_1": -24.477309401209638, "a_mp_2": -34.97141562817608, "a_mp_3": 2.840508780975277, "a_pm_0": -8.751151374287517, "a_pm_1": -12.766942970259684, "a_pm_2": 11.736353140324084, "a_pm_3": 10.42102858119388, "a_pp_1": -22.565313310550632, "a_pp_2": -13.15217588527759, "a_pp_3": 1.4858550377456154}, "datetime": {"datetime": "2024-07-12 22:10:39", "elapsed": 726.34756, "delta": 9.024293}}
{"target": -113226.89883880175, "params": {"a_c_1": 0.9398015744221744, "a_c_2": 3.8257617372794384, "a_mm_0": -3.191788487849955, "a_mm_1": -14.493073691733148, "a_mm_2": -22.08845572439521, "a_mm_3": -20.31189475471287, "a_mp_0": -21.83268033792914, "a_mp_1": -11.460654751881318, "a_mp_2": 19.847258250425213, "a_mp_3": 15.224960945698157, "a_pm_0": -7.647927973690493, "a_pm_1": 13.303770232673756, "a_pm_2": -30.288125177827535, "a_pm_3": -2.201195902938018, "a_pp_1": 8.86937010144348, "a_pp_2": -24.245626649606574, "a_pp_3": -6.394391900975066}, "datetime": {"datetime": "2024-07-12 22:10:40", "elapsed": 769.400431, "delta": 9.814517}}
{"target": -250887.13420953398, "params": {"a_c_1": 13.489976883245149, "a_c_2": 5.514688358127765, "a_mm_0": -20.70111126383334, "a_mm_1": 6.812140227185516, "a_mm_2": -31.252874127113376, "a_mm_3": -25.307161674286984, "a_mp_0": -22.461174277642975, "a_mp_1": -28.24408321006047, "a_mp_2": -34.7236789737638, "a_mp_3": 12.198570816296453, "a_pm_0": -34.708681265709394, "a_pm_1": 1.0226201492982696, "a_pm_2": -32.77594738853659, "a_pm_3": -39.35805981134955, "a_pp_1": -6.563906195505176, "a_pp_2": 14.42654331322224, "a_pp_3": 11.62740004021311}, "datetime": {"datetime": "2024-07-12 22:10:41", "elapsed": 892.611941, "delta": 11.554853}}
{"target": -295219.57228798687, "params": {"a_c_1": 16.222797396671073, "a_c_2": 7.824911556829052, "a_mm_0": -27.487008483110774, "a_mm_1": -28.080260674948136, "a_mm_2": -6.514815266210981, "a_mm_3": -17.996084438004296, "a_mp_0": -37.188848163666464, "a_mp_1": -26.101904773018433, "a_mp_2": 17.869742308788197, "a_mp_3": 18.204585620352944, "a_pm_0": -18.59349871299816, "a_pm_1": -37.49372259065949, "a_pm_2": 7.9924677361628085, "a_pm_3": -23.160423648875497, "a_pp_1": -36.890605174084314, "a_pp_2": -25.328480824416133, "a_pp_3": -30.86436488704057}, "datetime": {"datetime": "2024-07-12 22:10:44", "elapsed": 796.469311, "delta": 7.542215}}
{"target": -171638.53148479143, "params": {"a_c_1": 18.519191318044783, "a_c_2": 4.409325396347084, "a_mm_0": -5.199227184317728, "a_mm_1": -28.563458278328348, "a_mm_2": -12.551087947380239, "a_mm_3": -1.4326844916563033, "a_mp_0": -14.021241251714564, "a_mp_1": 2.043288616639167, "a_mp_2": 8.692165863457241, "a_mp_3": 6.556159828344249, "a_pm_0": 17.412789632944673, "a_pm_1": -37.64864082076375, "a_pm_2": -27.60561312674252, "a_pm_3": 2.948677428747125, "a_pp_1": -37.021730783307106, "a_pp_2": -13.665883259583204, "a_pp_3": -2.820108965822911}, "datetime": {"datetime": "2024-07-12 22:10:46", "elapsed": 754.899199, "delta": 8.315789}}
{"target": -430189.3751095216, "params": {"a_c_1": 11.13240777232962, "a_c_2": 7.382521664122102, "a_mm_0": -36.147692168560695, "a_mm_1": 4.152749743638239, "a_mm_2": -24.433617604691424, "a_mm_3": -32.319430695129235, "a_mp_0": -19.080531999500778, "a_mp_1": -0.9349168580765692, "a_mp_2": -7.034761915191858, "a_mp_3": -38.94186693743665, "a_pm_0": -17.82189801397831, "a_pm_1": -30.410537099270083, "a_pm_2": -2.0665671831293437, "a_pm_3": -25.28952977642316, "a_pp_1": -25.338744212825617, "a_pp_2": -1.6694537473853117, "a_pp_3": -17.72557016566938}, "datetime": {"datetime": "2024-07-12 22:10:47", "elapsed": 734.139078, "delta": 7.791518}}
{"target": -171639.8730875166, "params": {"a_c_1": 10.36014786294687, "a_c_2": 1.0727602786859025, "a_mm_0": 18.338933641253114, "a_mm_1": -17.796937578531875, "a_mm_2": -5.929409547404639, "a_mm_3": -38.611884275346874, "a_mp_0": -8.80956789303804, "a_mp_1": -13.405480490879903, "a_mp_2": 12.645422761579901, "a_mp_3": -35.942710556931104, "a_pm_0": 12.943959785723123, "a_pm_1": -28.444029963195085, "a_pm_2": 10.595956335331806, "a_pm_3": 5.850550092161015, "a_pp_1": -3.800740187815265, "a_pp_2": -18.51691049030925, "a_pp_3": -12.729308429389754}, "datetime": {"datetime": "2024-07-12 22:10:49", "elapsed": 778.987374, "delta": 9.586943}}
{"target": -278252.8727538539, "params": {"a_c_1": 18.198558876039115, "a_c_2": 1.9491937850612029, "a_mm_0": 4.960321593468905, "a_mm_1": -31.510719262020977, "a_mm_2": -35.41979558774172, "a_mm_3": -17.711961491840874, "a_mp_0": -3.3928173599285287, "a_mp_1": -8.119053465398125, "a_mp_2": 10.483884390643347, "a_mp_3": -13.816760973195283, "a_pm_0": -3.3004215115156796, "a_pm_1": -36.42277727635524, "a_pm_2": 4.714108790924584, "a_pm_3": 1.7124758622797458, "a_pp_1": 8.715198124407884, "a_pp_2": -33.746963868675444, "a_pp_3": -12.280882050082656}, "datetime": {"datetime": "2024-07-12 22:10:52", "elapsed": 803.941981, "delta": 7.47267}}
{"target": -8629.616089803496, "params": {"a_c_1": 6.769027682365001, "a_c_2": 0.2715882932586222, "a_mm_0": 8.05156130780199, "a_mm_1": 8.359095937379955, "a_mm_2": 12.109286978166324, "a_mm_3": 0.1787959925319882, "a_mp_0": 8.466731738904585, "a_mp_1": 13.849896938169216, "a_mp_2": -12.770202970599264, "a_mp_3": -6.530481777105372, "a_pm_0": -9.632132270305917, "a_pm_1": 1.5190342714531226, "a_pm_2": 0.9744120577924917, "a_pm_3": -8.781181848201012, "a_pp_1": 9.708088885128277, "a_pp_2": -9.653236792608013, "a_pp_3": 9.491513743113913}, "datetime": {"datetime": "2024-07-12 22:10:53", "elapsed": 903.926209, "delta": 11.314268}}
{"target": -152831.19151367154, "params": {"a_c_1": 19.331893385433773, "a_c_2": 8.737646529559326, "a_mm_0": -0.580285501711451, "a_mm_1": 0.9322861006635108, "a_mm_2": 12.78463589920807, "a_mm_3": -31.909573912651688, "a_mp_0": -3.859834803873234, "a_mp_1": -33.23757396241393, "a_mp_2": -7.696008111846901, "a_mp_3": -36.42557090210995, "a_pm_0": -2.050681627895763, "a_pm_1": 12.545306374574515, "a_pm_2": -0.8383982417985152, "a_pm_3": 4.74126189192706, "a_pp_1": -7.446315940087658, "a_pp_2": -16.773663392380747, "a_pp_3": -12.153707395029915}, "datetime": {"datetime": "2024-07-12 22:10:54", "elapsed": 763.058196, "delta": 8.158997}}
{"target": -172917.83243062912, "params": {"a_c_1": 13.992331106159197, "a_c_2": 4.2815136833687575, "a_mm_0": -14.62932826891275, "a_mm_1": -17.503127937340615, "a_mm_2": -8.384136265235892, "a_mm_3": 18.506876638892244, "a_mp_0": -17.43242701496146, "a_mp_1": -36.79307164101394, "a_mp_2": -29.945054040720667, "a_mp_3": -16.75494811265512, "a_pm_0": 11.84865795814391, "a_pm_1": -16.397263092221017, "a_pm_2": 9.521861873955842, "a_pm_3": -23.87924554716256, "a_pp_1": 3.5264058654974093, "a_pp_2": -29.538814272609997, "a_pp_3": 10.942048783804552}, "datetime": {"datetime": "2024-07-12 22:10:56", "elapsed": 743.741225, "delta": 9.602147}}
{"target": -269952.87480968237, "params": {"a_c_1": 13.411325423194032, "a_c_2": 3.763647084889854, "a_mm_0": -36.11621471620516, "a_mm_1": 2.3557025025129548, "a_mm_2": 2.630748727149026, "a_mm_3": -22.92642032672624, "a_mp_0": -27.0424768357378, "a_mp_1": 13.942035768724388, "a_mp_2": -18.99378743851315, "a_mp_3": -35.62948406992231, "a_pm_0": 11.999407271850991, "a_pm_1": -25.79926245877023, "a_pm_2": -16.424497931058745, "a_pm_3": -6.1007972819428815, "a_pp_1": -11.679422640680261, "a_pp_2": -26.8541571738893, "a_pp_3": -25.758264385092176}, "datetime": {"datetime": "2024-07-12 22:10:58", "elapsed": 788.081309, "delta": 9.093935}}
{"target": -31570.046638111176, "params": {"a_c_1": 13.084794665194172, "a_c_2": 0.08304725143595815, "a_mm_0": 11.071466078000128, "a_mm_1": 9.243080857765648, "a_mm_2": -9.221205351975478, "a_mm_3": -19.240772961607433, "a_mp_0": 3.7429412853496444, "a_mp_1": 13.3796571207494, "a_mp_2": -10.332103952969444, "a_mp_3": 13.113399070851415, "a_pm_0": -31.13395218985294, "a_pm_1": -20.151880716327643, "a_pm_2": 3.070635486144731, "a_pm_3": -18.40398325691265, "a_pp_1": -8.655348708202549, "a_pp_2": -0.7127828768906852, "a_pp_3": -4.646125115348042}, "datetime": {"datetime": "2024-07-12 22:11:02", "elapsed": 814.630853, "delta": 10.688872}}
