{"target": -361537.7077989346, "params": {"a_c_1": 5.399120192928191, "a_c_2": 8.09141926572384, "a_mm_0": 8.939671406204234, "a_mm_1": -1.7800013163136938, "a_mm_2": 8.96448373798895, "a_mm_3": -3.489826411881012, "a_mp_0": -19.691044777188008, "a_mp_1": -11.69760918031611, "a_mp_2": 2.61051633542386, "a_mp_3": -2.834894616281389, "a_pm_0": -19.595924038022986, "a_pm_1": -32.86094476170359, "a_pm_2": -34.60355610671867, "a_pm_3": -29.738535065412794, "a_pp_1": -27.694130881706464, "a_pp_2": -4.559240812219485, "a_pp_3": -31.586704165736286}, "datetime": {"datetime": "2024-07-12 22:27:27", "elapsed": 1897.626621, "delta": 8.422058}}
{"target": -87183.6412573978, "params": {"a_c_1": 10.666097342261622, "a_c_2": 0.74614379907181, "a_mm_0": -32.43624092903589, "a_mm_1": -18.477092183916866, "a_mm_2": -15.457176199954617, "a_mm_3": 1.6949767855022912, "a_mp_0": -5.800842885173822, "a_mp_1": 6.892298725845102, "a_mp_2": -19.73158564947419, "a_mp_3": 3.368280454618912, "a_pm_0": -17.421102254918328, "a_pm_1": -14.722112728501195, "a_pm_2": -0.8566190339305209, "a_pm_3": 16.53991531927847, "a_pp_1": 3.553828578513368, "a_pp_2": -2.278944921745172, "a_pp_3": -37.9715632413769}, "datetime": {"datetime": "2024-07-12 22:27:33", "elapsed": 1761.606106, "delta": 9.599664}}
{"target": -6528.915260874134, "params": {"a_c_1": 20.0, "a_c_2": 10.0, "a_mm_0": -40.0, "a_mm_1": 20.0, "a_mm_2": 20.0, "a_mm_3": 20.0, "a_mp_0": -40.0, "a_mp_1": 20.0, "a_mp_2": 20.0, "a_mp_3": 20.0, "a_pm_0": -40.0, "a_pm_1": -40.0, "a_pm_2": -40.0, "a_pm_3": 20.0, "a_pp_1": 20.0, "a_pp_2": 20.0, "a_pp_3": 20.0}, "datetime": {"datetime": "2024-07-12 22:27:34", "elapsed": 1783.342286, "delta": 11.36432}}
{"target": -4578.493866057469, "params": {"a_c_1": 20.0, "a_c_2": 10.0, "a_mm_0": -40.0, "a_mm_1": 20.0, "a_mm_2": -33.88558280150879, "a_mm_3": 20.0, "a_mp_0": 20.0, "a_mp_1": 20.0, "a_mp_2": -2.880359997978838, "a_mp_3": 20.0, "a_pm_0": -40.0, "a_pm_1": 20.0, "a_pm_2": 20.0, "a_pm_3": 20.0, "a_pp_1": -40.0, "a_pp_2": 20.0, "a_pp_3": 20.0}, "datetime": {"datetime": "2024-07-12 22:27:35", "elapsed": 1807.035943, "delta": 12.012753}}
{"target": -57495.74074510956, "params": {"a_c_1": 20.0, "a_c_2": 10.0, "a_mm_0": 20.0, "a_mm_1": -40.0, "a_mm_2": 1.89576182256086, "a_mm_3": -20.299339821648513, "a_mp_0": -40.0, "a_mp_1": -40.0, "a_mp_2": 20.0, "a_mp_3": 20.0, "a_pm_0": -40.0, "a_pm_1": 20.0, "a_pm_2": -25.422062018430488, "a_pm_3": 20.0, "a_pp_1": 20.0, "a_pp_2": 20.0, "a_pp_3": 20.0}, "datetime": {"datetime": "2024-07-12 22:27:35", "elapsed": 1742.418994, "delta": 11.359252}}
{"target": -22427.481374760355, "params": {"a_c_1": 20.0, "a_c_2": 10.0, "a_mm_0": 20.0, "a_mm_1": 20.0, "a_mm_2": -10.115708732048347, "a_mm_3": -37.84629282682631, "a_mp_0": 20.0, "a_mp_1": 20.0, "a_mp_2": 20.0, "a_mp_3": 20.0, "a_pm_0": 20.0, "a_pm_1": 20.0, "a_pm_2": -19.192010196775197, "a_pm_3": 20.0, "a_pp_1": 20.0, "a_pp_2": 13.61170832765022, "a_pp_3": 20.0}, "datetime": {"datetime": "2024-07-12 22:27:36", "elapsed": 1907.202326, "delta": 9.575705}}
{"target": -114628.06283322969, "params": {"a_c_1": 17.989687869838985, "a_c_2": 9.741192693124304, "a_mm_0": -22.09912437669692, "a_mm_1": -14.313460555146598, "a_mm_2": -10.97047274511035, "a_mm_3": -5.855425365943049, "a_mp_0": -14.76288460623617, "a_mp_1": -7.476117731038592, "a_mp_2": -19.12078202449309, "a_mp_3": -1.1177474885777983, "a_pm_0": 14.190471271284302, "a_pm_1": -3.274191136429252, "a_pm_2": -23.544398414779394, "a_pm_3": -35.79056348166616, "a_pp_1": -39.05957528593326, "a_pp_2": 13.851028384206643, "a_pp_3": 14.679219390954401}, "datetime": {"datetime": "2024-07-12 22:27:43", "elapsed": 1771.981873, "delta": 10.375767}}
{"target": -20885.54806392323, "params": {"a_c_1": 0.0, "a_c_2": 10.0, "a_mm_0": -9.507495852628098, "a_mm_1": -40.0, "a_mm_2": 20.0, "a_mm_3": 20.0, "a_mp_0": -40.0, "a_mp_1": 20.0, "a_mp_2": 20.0, "a_mp_3": -21.043630265179573, "a_pm_0": -40.0, "a_pm_1": -40.0, "a_pm_2": -9.103599292971426, "a_pm_3": 20.0, "a_pp_1": 20.0, "a_pp_2": 20.0, "a_pp_3": 20.0}, "datetime": {"datetime": "2024-07-12 22:27:44", "elapsed": 1793.461141, "delta": 10.118855}}
{"target": -320999.45798996516, "params": {"a_c_1": 9.294234789850321, "a_c_2": 1.3479057831701913, "a_mm_0": 7.785082889849569, "a_mm_1": -15.102168288327118, "a_mm_2": 13.816959095012933, "a_mm_3": -30.670641202758578, "a_mp_0": -35.22816696498441, "a_mp_1": -38.734212841934685, "a_mp_2": 14.649604846965765, "a_mp_3": -33.31288594759625, "a_pm_0": 0.014631565910669053, "a_pm_1": -19.94216708273719, "a_pm_2": -27.13575507153134, "a_pm_3": -23.212236976627917, "a_pp_1": -35.50875169820011, "a_pp_2": 12.277036293436026, "a_pp_3": -15.970478125278117}, "datetime": {"datetime": "2024-07-12 22:27:44", "elapsed": 1751.826228, "delta": 9.407234}}
{"target": -8028.28238584355, "params": {"a_c_1": 20.0, "a_c_2": 10.0, "a_mm_0": -4.8890900221533995, "a_mm_1": -3.5111238561039473, "a_mm_2": -5.970290156721896, "a_mm_3": 20.0, "a_mp_0": -12.822798038306717, "a_mp_1": -5.460727062679476, "a_mp_2": 20.0, "a_mp_3": 20.0, "a_pm_0": -20.72085354611728, "a_pm_1": -40.0, "a_pm_2": -6.577077478172439, "a_pm_3": 20.0, "a_pp_1": -0.8026994057173544, "a_pp_2": 20.0, "a_pp_3": -5.624549206559165}, "datetime": {"datetime": "2024-07-12 22:27:45", "elapsed": 1816.658963, "delta": 9.62302}}
{"target": -9183.202426423608, "params": {"a_c_1": 20.0, "a_c_2": 10.0, "a_mm_0": 8.824405891924428, "a_mm_1": 20.0, "a_mm_2": 20.0, "a_mm_3": 20.0, "a_mp_0": -40.0, "a_mp_1": 20.0, "a_mp_2": 20.0, "a_mp_3": -31.90254862513109, "a_pm_0": -40.0, "a_pm_1": 20.0, "a_pm_2": -15.303635162000948, "a_pm_3": 20.0, "a_pp_1": -40.0, "a_pp_2": 20.0, "a_pp_3": 20.0}, "datetime": {"datetime": "2024-07-12 22:27:48", "elapsed": 1918.644625, "delta": 11.442299}}
{"target": -132221.5952117044, "params": {"a_c_1": 19.972653904368435, "a_c_2": 1.0758833644000665, "a_mm_0": -9.053897546690841, "a_mm_1": 4.372341297879203, "a_mm_2": -17.668425344506264, "a_mm_3": -33.742464360949214, "a_mp_0": -25.703784247147333, "a_mp_1": -8.45554864251595, "a_mp_2": -24.37907652271159, "a_mp_3": -32.46605458210603, "a_pm_0": -15.628064868558546, "a_pm_1": -37.593937066026925, "a_pm_2": 17.783864811001116, "a_pm_3": 12.600715277921864, "a_pp_1": -23.055258339306228, "a_pp_2": 14.553283521480843, "a_pp_3": 5.229389100328703}, "datetime": {"datetime": "2024-07-12 22:27:54", "elapsed": 1826.015535, "delta": 9.356572}}
{"target": -25444.181238822588, "params": {"a_c_1": 20.0, "a_c_2": 10.0, "a_mm_0": 20.0, "a_mm_1": 20.0, "a_mm_2": 20.0, "a_mm_3": -40.0, "a_mp_0": 20.0, "a_mp_1": 20.0, "a_mp_2": 20.0, "a_mp_3": 20.0, "a_pm_0": 20.0, "a_pm_1": 20.0, "a_pm_2": -14.72477492384037, "a_pm_3": 20.0, "a_pp_1": 20.0, "a_pp_2": -20.768073430288865, "a_pp_3": 20.0}, "datetime": {"datetime": "2024-07-12 22:27:54", "elapsed": 1782.681908, "delta": 10.700035}}
{"target": -8783.411295604059, "params": {"a_c_1": 20.0, "a_c_2": 10.0, "a_mm_0": -40.0, "a_mm_1": 20.0, "a_mm_2": -18.14614934298609, "a_mm_3": 20.0, "a_mp_0": -40.0, "a_mp_1": 20.0, "a_mp_2": 20.0, "a_mp_3": 20.0, "a_pm_0": 20.0, "a_pm_1": -40.0, "a_pm_2": 20.0, "a_pm_3": 13.485170428366196, "a_pp_1": -17.05639083536203, "a_pp_2": 20.0, "a_pp_3": -13.888568736279923}, "datetime": {"datetime": "2024-07-12 22:27:56", "elapsed": 1806.167682, "delta": 12.706541}}
{"target": -6515.875944761195, "params": {"a_c_1": 20.0, "a_c_2": 10.0, "a_mm_0": 20.0, "a_mm_1": -5.148168272924811, "a_mm_2": 20.0, "a_mm_3": 20.0, "a_mp_0": -40.0, "a_mp_1": 20.0, "a_mp_2": 20.0, "a_mp_3": 20.0, "a_pm_0": -40.0, "a_pm_1": -40.0, "a_pm_2": -40.0, "a_pm_3": 20.0, "a_pp_1": 8.478667138810161, "a_pp_2": 20.0, "a_pp_3": 20.0}, "datetime": {"datetime": "2024-07-12 22:27:57", "elapsed": 1764.754854, "delta": 12.928626}}
{"target": -11382.166001631684, "params": {"a_c_1": 0.0, "a_c_2": 10.0, "a_mm_0": 20.0, "a_mm_1": 20.0, "a_mm_2": -40.0, "a_mm_3": 2.1221081335464596, "a_mp_0": 20.0, "a_mp_1": 20.0, "a_mp_2": 20.0, "a_mp_3": 20.0, "a_pm_0": 20.0, "a_pm_1": -40.0, "a_pm_2": 20.0, "a_pm_3": 20.0, "a_pp_1": 20.0, "a_pp_2": 6.19273800004598, "a_pp_3": 20.0}, "datetime": {"datetime": "2024-07-12 22:27:59", "elapsed": 1929.740753, "delta": 11.096128}}
{"target": -78705.4774600846, "params": {"a_c_1": 0.0, "a_c_2": 0.0, "a_mm_0": -40.0, "a_mm_1": 20.0, "a_mm_2": -39.8787238871629, "a_mm_3": 20.0, "a_mp_0": -0.8281056627721719, "a_mp_1": -40.0, "a_mp_2": -5.895536912274666, "a_mp_3": 20.0, "a_pm_0": 20.0, "a_pm_1": 20.0, "a_pm_2": 20.0, "a_pm_3": -40.0, "a_pp_1": 20.0, "a_pp_2": 20.0, "a_pp_3": 20.0}, "datetime": {"datetime": "2024-07-12 22:28:05", "elapsed": 1793.765376, "delta": 11.083468}}
{"target": -23879.0664545012, "params": {"a_c_1": 20.0, "a_c_2": 10.0, "a_mm_0": -40.0, "a_mm_1": 20.0, "a_mm_2": 20.0, "a_mm_3": 20.0, "a_mp_0": -40.0, "a_mp_1": -25.748148556593655, "a_mp_2": 20.0, "a_mp_3": 20.0, "a_pm_0": -40.0, "a_pm_1": -40.0, "a_pm_2": 20.0, "a_pm_3": 20.0, "a_pp_1": -40.0, "a_pp_2": 20.0, "a_pp_3": 20.0}, "datetime": {"datetime": "2024-07-12 22:28:06", "elapsed": 1815.734849, "delta": 9.567167}}
{"target": -9889.82235198259, "params": {"a_c_1": 20.0, "a_c_2": 0.0, "a_mm_0": -40.0, "a_mm_1": 20.0, "a_mm_2": -2.8220749313752482, "a_mm_3": -25.5155613853107, "a_mp_0": 20.0, "a_mp_1": -35.36221209084984, "a_mp_2": 7.448116310166095, "a_mp_3": 20.0, "a_pm_0": -29.032745615113033, "a_pm_1": 20.0, "a_pm_2": 20.0, "a_pm_3": 20.0, "a_pp_1": -40.0, "a_pp_2": 20.0, "a_pp_3": 20.0}, "datetime": {"datetime": "2024-07-12 22:28:06", "elapsed": 1838.508206, "delta": 12.492671}}
{"target": -422912.6414810269, "params": {"a_c_1": 4.54059566347738, "a_c_2": 2.9088720420008176, "a_mm_0": 16.04354709056898, "a_mm_1": -21.275901031690196, "a_mm_2": -23.242301330677158, "a_mm_3": 18.29112458015534, "a_mp_0": 9.024260632882438, "a_mp_1": 6.744932916287617, "a_mp_2": -20.2159280535279, "a_mp_3": -26.879571151429484, "a_pm_0": -25.872778777974105, "a_pm_1": -24.46481290480415, "a_pm_2": -32.19589009769172, "a_pm_3": -11.827207877792453, "a_pp_1": -30.502425219284024, "a_pp_2": -33.48462841276641, "a_pp_3": -22.18580162930669}, "datetime": {"datetime": "2024-07-12 22:28:07", "elapsed": 1774.345784, "delta": 9.59093}}
{"target": -21568.521632072512, "params": {"a_c_1": 20.0, "a_c_2": 10.0, "a_mm_0": -14.533102504971655, "a_mm_1": -40.0, "a_mm_2": 20.0, "a_mm_3": -27.517171536399097, "a_mp_0": -40.0, "a_mp_1": 20.0, "a_mp_2": 20.0, "a_mp_3": 20.0, "a_pm_0": -40.0, "a_pm_1": 20.0, "a_pm_2": -40.0, "a_pm_3": 20.0, "a_pp_1": 20.0, "a_pp_2": 20.0, "a_pp_3": 20.0}, "datetime": {"datetime": "2024-07-12 22:28:11", "elapsed": 1941.803596, "delta": 12.062843}}
{"target": -317189.1435435305, "params": {"a_c_1": 0.6547745052047316, "a_c_2": 4.857966854009228, "a_mm_0": -0.7660306100431598, "a_mm_1": 5.370851550482421, "a_mm_2": -31.93080339435597, "a_mm_3": -18.936833704920456, "a_mp_0": 0.5010857787636525, "a_mp_1": 6.201672220348421, "a_mp_2": -33.95028328175669, "a_mp_3": -17.338193640866432, "a_pm_0": -10.010031414046416, "a_pm_1": 5.075724992781531, "a_pm_2": -16.4263062450401, "a_pm_3": -22.43378227049008, "a_pp_1": -31.37039397453508, "a_pp_2": -15.56700368104433, "a_pp_3": -12.092685848688596}, "datetime": {"datetime": "2024-07-12 22:28:13", "elapsed": 1801.612915, "delta": 7.847539}}
{"target": -16998.380638934304, "params": {"a_c_1": 20.0, "a_c_2": 10.0, "a_mm_0": 20.0, "a_mm_1": 20.0, "a_mm_2": 20.0, "a_mm_3": 20.0, "a_mp_0": -40.0, "a_mp_1": -40.0, "a_mp_2": 20.0, "a_mp_3": -15.581580344016027, "a_pm_0": 20.0, "a_pm_1": 20.0, "a_pm_2": -2.6875223933718613, "a_pm_3": 20.0, "a_pp_1": -40.0, "a_pp_2": 20.0, "a_pp_3": 20.0}, "datetime": {"datetime": "2024-07-12 22:28:17", "elapsed": 1784.468741, "delta": 10.122957}}
{"target": -1294.8517472770673, "params": {"a_c_1": 20.0, "a_c_2": 10.0, "a_mm_0": 20.0, "a_mm_1": 20.0, "a_mm_2": -0.6833186586696918, "a_mm_3": 20.0, "a_mp_0": -40.0, "a_mp_1": 20.0, "a_mp_2": 20.0, "a_mp_3": 20.0, "a_pm_0": -40.0, "a_pm_1": 20.0, "a_pm_2": 20.0, "a_pm_3": 20.0, "a_pp_1": -40.0, "a_pp_2": 20.0, "a_pp_3": 20.0}, "datetime": {"datetime": "2024-07-12 22:28:19", "elapsed": 1850.989037, "delta": 12.480831}}
{"target": -47454.176611023184, "params": {"a_c_1": 20.0, "a_c_2": 10.0, "a_mm_0": 20.0, "a_mm_1": 20.0, "a_mm_2": -40.0, "a_mm_3": 4.304176972852043, "a_mp_0": 20.0, "a_mp_1": -40.0, "a_mp_2": 20.0, "a_mp_3": 20.0, "a_pm_0": 20.0, "a_pm_1": -40.0, "a_pm_2": 20.0, "a_pm_3": 5.110868767259547, "a_pp_1": 20.0, "a_pp_2": 20.0, "a_pp_3": 20.0}, "datetime": {"datetime": "2024-07-12 22:28:19", "elapsed": 1828.773976, "delta": 13.039127}}
{"target": -16821.136091569708, "params": {"a_c_1": 20.0, "a_c_2": 10.0, "a_mm_0": 20.0, "a_mm_1": 20.0, "a_mm_2": -15.990589276554093, "a_mm_3": -27.62480579921706, "a_mp_0": -40.0, "a_mp_1": 20.0, "a_mp_2": 20.0, "a_mp_3": 20.0, "a_pm_0": -36.46652912010371, "a_pm_1": -25.565938891760418, "a_pm_2": 20.0, "a_pm_3": 20.0, "a_pp_1": 20.0, "a_pp_2": -5.40240395044212, "a_pp_3": 20.0}, "datetime": {"datetime": "2024-07-12 22:28:22", "elapsed": 1953.063844, "delta": 11.260248}}
{"target": -20588.5803006818, "params": {"a_c_1": 20.0, "a_c_2": 10.0, "a_mm_0": 20.0, "a_mm_1": 20.0, "a_mm_2": 20.0, "a_mm_3": 20.0, "a_mp_0": 20.0, "a_mp_1": 20.0, "a_mp_2": 20.0, "a_mp_3": -40.0, "a_pm_0": 20.0, "a_pm_1": 20.0, "a_pm_2": -40.0, "a_pm_3": -0.19148248915084243, "a_pp_1": -40.0, "a_pp_2": 20.0, "a_pp_3": 20.0}, "datetime": {"datetime": "2024-07-12 22:28:27", "elapsed": 1815.680267, "delta": 14.067352}}
{"target": -13374.30294466499, "params": {"a_c_1": 20.0, "a_c_2": 10.0, "a_mm_0": 20.0, "a_mm_1": 20.0, "a_mm_2": 20.0, "a_mm_3": 20.0, "a_mp_0": 20.0, "a_mp_1": -40.0, "a_mp_2": -40.0, "a_mp_3": -22.427207744232273, "a_pm_0": -40.0, "a_pm_1": 20.0, "a_pm_2": 20.0, "a_pm_3": 20.0, "a_pp_1": 18.2305957810047, "a_pp_2": 20.0, "a_pp_3": 20.0}, "datetime": {"datetime": "2024-07-12 22:28:28", "elapsed": 1795.657342, "delta": 11.188601}}
{"target": -24238.457626018168, "params": {"a_c_1": 20.0, "a_c_2": 10.0, "a_mm_0": 20.0, "a_mm_1": -40.0, "a_mm_2": 20.0, "a_mm_3": 20.0, "a_mp_0": -40.0, "a_mp_1": -40.0, "a_mp_2": 20.0, "a_mp_3": 20.0, "a_pm_0": -40.0, "a_pm_1": 20.0, "a_pm_2": 20.0, "a_pm_3": 20.0, "a_pp_1": 20.0, "a_pp_2": -12.03844311336463, "a_pp_3": 20.0}, "datetime": {"datetime": "2024-07-12 22:28:30", "elapsed": 1861.703435, "delta": 10.714398}}
{"target": -332362.51700826024, "params": {"a_c_1": 19.751844302646496, "a_c_2": 0.7484404999179628, "a_mm_0": -23.139156007395172, "a_mm_1": -28.95042727479046, "a_mm_2": -13.376057482645884, "a_mm_3": -33.68861466118573, "a_mp_0": -10.89592253397478, "a_mp_1": -38.62686971397043, "a_mp_2": 7.978288078700956, "a_mp_3": -27.103995041585, "a_pm_0": -34.08275579584626, "a_pm_1": -28.504419736578228, "a_pm_2": 4.212922809565299, "a_pm_3": -14.294449132149659, "a_pp_1": 4.814774039347533, "a_pp_2": -32.233809544056605, "a_pp_3": 15.186377323403278}, "datetime": {"datetime": "2024-07-12 22:28:30", "elapsed": 1961.201587, "delta": 8.137743}}
{"target": -20442.37921772403, "params": {"a_c_1": 19.985226648770904, "a_c_2": 7.138804620703528, "a_mm_0": 13.163427167551006, "a_mm_1": 9.325811259287484, "a_mm_2": -13.015640843516568, "a_mm_3": 18.43875456703484, "a_mp_0": -13.5450359222475, "a_mp_1": -17.265599088437963, "a_mp_2": 17.377370495650425, "a_mp_3": -17.275084696316327, "a_pm_0": 18.466655097574346, "a_pm_1": 10.618117568080024, "a_pm_2": 14.895486747150883, "a_pm_3": -29.63258893628585, "a_pp_1": -25.33101813157355, "a_pp_2": 19.914182364225255, "a_pp_3": 8.178594495544239}, "datetime": {"datetime": "2024-07-12 22:28:31", "elapsed": 1840.906921, "delta": 12.132945}}
{"target": -69315.32801966184, "params": {"a_c_1": 4.086924379079924, "a_c_2": 9.872486030846096, "a_mm_0": -6.82247027509208, "a_mm_1": -10.95888881379863, "a_mm_2": -4.748111656942719, "a_mm_3": -32.68742818075313, "a_mp_0": 7.578640926635629, "a_mp_1": -8.000837563098745, "a_mp_2": -18.212042465325883, "a_mp_3": 2.9218621396802504, "a_pm_0": -25.974065276942213, "a_pm_1": -1.2173881055048383, "a_pm_2": 15.861351743278, "a_pm_3": -17.277799516731413, "a_pp_1": -12.403579521376397, "a_pp_2": 9.586655187223293, "a_pp_3": -3.6708163341123097}, "datetime": {"datetime": "2024-07-12 22:28:36", "elapsed": 1824.350564, "delta": 8.670297}}
{"target": -159538.2921358974, "params": {"a_c_1": 0.765785062153117, "a_c_2": 4.482065119893689, "a_mm_0": -3.02625083506112, "a_mm_1": -23.215414795550522, "a_mm_2": -26.848386403538928, "a_mm_3": -34.56367341460787, "a_mp_0": -36.94953708236042, "a_mp_1": 18.385750283760103, "a_mp_2": -38.874656496810886, "a_mp_3": -6.505687685761529, "a_pm_0": 18.440008989414466, "a_pm_1": -35.986982103542225, "a_pm_2": -2.2273220131048816, "a_pm_3": 6.975676745494802, "a_pp_1": -10.842427724246836, "a_pp_2": 10.108172829729789, "a_pp_3": 15.845365739432438}, "datetime": {"datetime": "2024-07-12 22:28:39", "elapsed": 1806.20711, "delta": 10.549768}}
{"target": -14647.702043843678, "params": {"a_c_1": 0.0, "a_c_2": 10.0, "a_mm_0": 20.0, "a_mm_1": -40.0, "a_mm_2": 7.292296897133498, "a_mm_3": -36.080566866017776, "a_mp_0": -40.0, "a_mp_1": 20.0, "a_mp_2": 20.0, "a_mp_3": 20.0, "a_pm_0": -40.0, "a_pm_1": 20.0, "a_pm_2": -25.99712490472686, "a_pm_3": 20.0, "a_pp_1": 20.0, "a_pp_2": 20.0, "a_pp_3": 20.0}, "datetime": {"datetime": "2024-07-12 22:28:41", "elapsed": 1872.841545, "delta": 11.13811}}
{"target": -59804.70380887607, "params": {"a_c_1": 8.569416024312115, "a_c_2": 2.187775726230343, "a_mm_0": -26.269662958711475, "a_mm_1": -3.530012428388112, "a_mm_2": -0.699692648190684, "a_mm_3": 16.836752124025857, "a_mp_0": -13.726288160314926, "a_mp_1": 8.868053386287777, "a_mp_2": 16.349091938540795, "a_mp_3": -21.298415856646013, "a_pm_0": -0.8132675231676032, "a_pm_1": -3.182810172417689, "a_pm_2": 18.228732765756803, "a_pm_3": -36.73479080426389, "a_pp_1": -19.21091351430224, "a_pp_2": -9.212640066659489, "a_pp_3": 7.597366799794777}, "datetime": {"datetime": "2024-07-12 22:28:41", "elapsed": 1850.976123, "delta": 10.069202}}
{"target": -6209.464741107709, "params": {"a_c_1": 20.0, "a_c_2": 10.0, "a_mm_0": -40.0, "a_mm_1": -30.85699998543314, "a_mm_2": 20.0, "a_mm_3": 20.0, "a_mp_0": 20.0, "a_mp_1": -40.0, "a_mp_2": 20.0, "a_mp_3": 20.0, "a_pm_0": 14.219167857980047, "a_pm_1": -20.029934984829346, "a_pm_2": 20.0, "a_pm_3": -3.571691620737906, "a_pp_1": 20.0, "a_pp_2": 20.0, "a_pp_3": 20.0}, "datetime": {"datetime": "2024-07-12 22:28:42", "elapsed": 1973.145436, "delta": 11.943849}}
{"target": -30799.98406323291, "params": {"a_c_1": 0.0, "a_c_2": 0.0, "a_mm_0": -40.0, "a_mm_1": 20.0, "a_mm_2": 20.0, "a_mm_3": 20.0, "a_mp_0": -40.0, "a_mp_1": 20.0, "a_mp_2": 20.0, "a_mp_3": 20.0, "a_pm_0": 20.0, "a_pm_1": -5.789694993570119, "a_pm_2": 20.0, "a_pm_3": 20.0, "a_pp_1": 20.0, "a_pp_2": -36.12360365215207, "a_pp_3": 20.0}, "datetime": {"datetime": "2024-07-12 22:28:47", "elapsed": 1836.040205, "delta": 11.689641}}
{"target": -182560.93994358767, "params": {"a_c_1": 12.068142359953786, "a_c_2": 6.751013823919033, "a_mm_0": 7.853445408399651, "a_mm_1": -39.60498640516988, "a_mm_2": -26.07905699876089, "a_mm_3": -10.35116221021762, "a_mp_0": 13.72743210636034, "a_mp_1": -31.57762672493864, "a_mp_2": -38.46658223711389, "a_mp_3": 2.7297507925199085, "a_pm_0": -28.38348152306357, "a_pm_1": -8.242489902951647, "a_pm_2": -6.198146093415744, "a_pm_3": 18.576910942847, "a_pp_1": -30.95134440018423, "a_pp_2": 13.128484106371083, "a_pp_3": 15.452487431232072}, "datetime": {"datetime": "2024-07-12 22:28:49", "elapsed": 1816.110382, "delta": 9.903272}}
{"target": -159853.01128444847, "params": {"a_c_1": 6.3936972324625625, "a_c_2": 3.2613108581126937, "a_mm_0": -32.87845457112594, "a_mm_1": 1.5640769656234, "a_mm_2": 9.332344714773647, "a_mm_3": 5.597234637845659, "a_mp_0": -27.692968577857094, "a_mp_1": -28.992224858771856, "a_mp_2": 19.696109538604944, "a_mp_3": 1.295665676602269, "a_pm_0": -39.92352492988048, "a_pm_1": -36.83540128178018, "a_pm_2": 0.5143236174767978, "a_pm_3": -38.7425228752882, "a_pp_1": -26.701425801158756, "a_pp_2": -4.758902774354077, "a_pp_3": -2.5859034040918587}, "datetime": {"datetime": "2024-07-12 22:28:52", "elapsed": 1861.428367, "delta": 10.452244}}
{"target": -6425.77015814772, "params": {"a_c_1": 20.0, "a_c_2": 0.0, "a_mm_0": 20.0, "a_mm_1": 20.0, "a_mm_2": -17.94852158938185, "a_mm_3": 20.0, "a_mp_0": 20.0, "a_mp_1": 20.0, "a_mp_2": 20.0, "a_mp_3": 20.0, "a_pm_0": -40.0, "a_pm_1": 4.627170305284933, "a_pm_2": -11.867033991352809, "a_pm_3": 20.0, "a_pp_1": -40.0, "a_pp_2": 20.0, "a_pp_3": 20.0}, "datetime": {"datetime": "2024-07-12 22:28:53", "elapsed": 1884.764046, "delta": 11.922501}}
{"target": -5791.939688823748, "params": {"a_c_1": 20.0, "a_c_2": 10.0, "a_mm_0": 20.0, "a_mm_1": 20.0, "a_mm_2": 20.0, "a_mm_3": -11.87318452588472, "a_mp_0": -40.0, "a_mp_1": 20.0, "a_mp_2": -27.82318812137288, "a_mp_3": 20.0, "a_pm_0": -40.0, "a_pm_1": 20.0, "a_pm_2": 20.0, "a_pm_3": 20.0, "a_pp_1": -40.0, "a_pp_2": 3.552591459788267, "a_pp_3": 20.0}, "datetime": {"datetime": "2024-07-12 22:28:57", "elapsed": 1987.898836, "delta": 14.7534}}
{"target": -39894.04681094943, "params": {"a_c_1": 0.0, "a_c_2": 0.0, "a_mm_0": 20.0, "a_mm_1": 20.0, "a_mm_2": -40.0, "a_mm_3": 20.0, "a_mp_0": 20.0, "a_mp_1": 20.0, "a_mp_2": 20.0, "a_mp_3": 20.0, "a_pm_0": 20.0, "a_pm_1": 20.0, "a_pm_2": -24.57911389018973, "a_pm_3": 20.0, "a_pp_1": 20.0, "a_pp_2": -9.089223153371027, "a_pp_3": 20.0}, "datetime": {"datetime": "2024-07-12 22:28:59", "elapsed": 1847.187678, "delta": 11.147473}}
{"target": -12357.67832210316, "params": {"a_c_1": 20.0, "a_c_2": 10.0, "a_mm_0": -40.0, "a_mm_1": -27.98121245529536, "a_mm_2": 20.0, "a_mm_3": 20.0, "a_mp_0": -40.0, "a_mp_1": -17.191183286106725, "a_mp_2": -9.470054588709804, "a_mp_3": 10.41776001878663, "a_pm_0": 20.0, "a_pm_1": 20.0, "a_pm_2": -40.0, "a_pm_3": 20.0, "a_pp_1": -8.085310422034661, "a_pp_2": 20.0, "a_pp_3": 20.0}, "datetime": {"datetime": "2024-07-12 22:29:03", "elapsed": 1830.295371, "delta": 14.184989}}
