{"target": -9869.024019111675, "params": {"a_c_1": 20.0, "a_c_2": 10.0, "a_mm_0": 20.0, "a_mm_1": 20.0, "a_mm_2": -40.0, "a_mm_3": 20.0, "a_mp_0": -40.0, "a_mp_1": 20.0, "a_mp_2": 20.0, "a_mp_3": 20.0, "a_pm_0": 20.0, "a_pm_1": 20.0, "a_pm_2": -10.33005430352516, "a_pm_3": 20.0, "a_pp_1": -40.0, "a_pp_2": 20.0, "a_pp_3": 20.0}, "datetime": {"datetime": "2024-07-12 23:07:06", "elapsed": 4113.718145, "delta": 13.419284}}
{"target": -6332.219899369003, "params": {"a_c_1": 20.0, "a_c_2": 10.0, "a_mm_0": 20.0, "a_mm_1": 20.0, "a_mm_2": 20.0, "a_mm_3": 20.0, "a_mp_0": -40.0, "a_mp_1": 20.0, "a_mp_2": 20.0, "a_mp_3": -27.160354204514658, "a_pm_0": -40.0, "a_pm_1": 20.0, "a_pm_2": 20.0, "a_pm_3": 20.0, "a_pp_1": -10.648309728571476, "a_pp_2": -25.253242931185397, "a_pp_3": 20.0}, "datetime": {"datetime": "2024-07-12 23:07:07", "elapsed": 4178.662271, "delta": 12.037241}}
{"target": -5838.899634671961, "params": {"a_c_1": 20.0, "a_c_2": 10.0, "a_mm_0": -40.0, "a_mm_1": -40.0, "a_mm_2": -40.0, "a_mm_3": 20.0, "a_mp_0": -40.0, "a_mp_1": 20.0, "a_mp_2": 20.0, "a_mp_3": 20.0, "a_pm_0": 20.0, "a_pm_1": 20.0, "a_pm_2": 20.0, "a_pm_3": 20.0, "a_pp_1": 20.0, "a_pp_2": 20.0, "a_pp_3": 20.0}, "datetime": {"datetime": "2024-07-12 23:07:11", "elapsed": 4282.062338, "delta": 11.112627}}
{"target": -14132.601112638624, "params": {"a_c_1": 20.0, "a_c_2": 10.0, "a_mm_0": 20.0, "a_mm_1": -40.0, "a_mm_2": 20.0, "a_mm_3": 20.0, "a_mp_0": 20.0, "a_mp_1": -40.0, "a_mp_2": 20.0, "a_mp_3": 20.0, "a_pm_0": 20.0, "a_pm_1": 20.0, "a_pm_2": -21.173780835379745, "a_pm_3": 20.0, "a_pp_1": 20.0, "a_pp_2": 20.0, "a_pp_3": 20.0}, "datetime": {"datetime": "2024-07-12 23:07:11", "elapsed": 4139.537829, "delta": 10.193639}}
{"target": -5113.7772161627845, "params": {"a_c_1": 20.0, "a_c_2": 10.0, "a_mm_0": 20.0, "a_mm_1": -40.0, "a_mm_2": -40.0, "a_mm_3": 20.0, "a_mp_0": -40.0, "a_mp_1": 20.0, "a_mp_2": 20.0, "a_mp_3": 20.0, "a_pm_0": 20.0, "a_pm_1": 20.0, "a_pm_2": 20.0, "a_pm_3": 20.0, "a_pp_1": 20.0, "a_pp_2": 20.0, "a_pp_3": 20.0}, "datetime": {"datetime": "2024-07-12 23:07:16", "elapsed": 4165.8646, "delta": 12.591052}}
{"target": -28866.807748533778, "params": {"a_c_1": 20.0, "a_c_2": 10.0, "a_mm_0": 20.0, "a_mm_1": 20.0, "a_mm_2": 20.0, "a_mm_3": -40.0, "a_mp_0": 20.0, "a_mp_1": -40.0, "a_mp_2": -40.0, "a_mp_3": 20.0, "a_pm_0": 20.0, "a_pm_1": 20.0, "a_pm_2": 20.0, "a_pm_3": 20.0, "a_pp_1": 20.0, "a_pp_2": 20.0, "a_pp_3": 20.0}, "datetime": {"datetime": "2024-07-12 23:07:19", "elapsed": 4126.291571, "delta": 12.573426}}
{"target": -308156.0782886052, "params": {"a_c_1": 10.804099968031428, "a_c_2": 6.336847356421153, "a_mm_0": -4.651008867912367, "a_mm_1": 5.266714147797785, "a_mm_2": 7.166705519024568, "a_mm_3": -37.208191657109246, "a_mp_0": 16.713639395334226, "a_mp_1": -22.41605710846044, "a_mp_2": 17.121602918520438, "a_mp_3": -24.363441771453363, "a_pm_0": -28.912634100092035, "a_pm_1": -23.807975262720586, "a_pm_2": -25.320900930613696, "a_pm_3": -39.59537073225219, "a_pp_1": -21.157005677586966, "a_pp_2": 5.1150771281674, "a_pp_3": -3.8433150980663413}, "datetime": {"datetime": "2024-07-12 23:07:19", "elapsed": 4290.262964, "delta": 8.200626}}
{"target": -3255.091742160421, "params": {"a_c_1": 0.0, "a_c_2": 10.0, "a_mm_0": 20.0, "a_mm_1": -12.295021760695086, "a_mm_2": 20.0, "a_mm_3": 20.0, "a_mp_0": 20.0, "a_mp_1": -40.0, "a_mp_2": 20.0, "a_mp_3": 20.0, "a_pm_0": 20.0, "a_pm_1": -10.352709575849577, "a_pm_2": 20.0, "a_pm_3": 20.0, "a_pp_1": -40.0, "a_pp_2": 20.0, "a_pp_3": 20.0}, "datetime": {"datetime": "2024-07-12 23:07:19", "elapsed": 4191.554778, "delta": 12.892507}}
{"target": -14113.954059825353, "params": {"a_c_1": 20.0, "a_c_2": 10.0, "a_mm_0": 20.0, "a_mm_1": 20.0, "a_mm_2": 20.0, "a_mm_3": 20.0, "a_mp_0": 20.0, "a_mp_1": -40.0, "a_mp_2": 20.0, "a_mp_3": -26.67819890456827, "a_pm_0": -40.0, "a_pm_1": -40.0, "a_pm_2": 20.0, "a_pm_3": 20.0, "a_pp_1": -40.0, "a_pp_2": 20.0, "a_pp_3": 20.0}, "datetime": {"datetime": "2024-07-12 23:07:22", "elapsed": 4151.028721, "delta": 11.490892}}
{"target": -30421.277282590865, "params": {"a_c_1": 0.0, "a_c_2": 10.0, "a_mm_0": 20.0, "a_mm_1": -40.0, "a_mm_2": -40.0, "a_mm_3": 20.0, "a_mp_0": 20.0, "a_mp_1": -40.0, "a_mp_2": 20.0, "a_mp_3": 20.0, "a_pm_0": 20.0, "a_pm_1": 20.0, "a_pm_2": 20.0, "a_pm_3": -14.331622239056678, "a_pp_1": 20.0, "a_pp_2": 20.0, "a_pp_3": 20.0}, "datetime": {"datetime": "2024-07-12 23:07:29", "elapsed": 4178.742188, "delta": 12.877588}}
{"target": -59643.71517316625, "params": {"a_c_1": 8.136950666583493, "a_c_2": 4.453573089005124, "a_mm_0": -21.612520694813853, "a_mm_1": -28.891379637153133, "a_mm_2": 3.4386987339489963, "a_mm_3": 8.808901350787778, "a_mp_0": -31.905237906723762, "a_mp_1": -18.85924277328182, "a_mp_2": 13.455899868242454, "a_mp_3": -0.9390255475938147, "a_pm_0": 5.684223906190148, "a_pm_1": 15.863244335381104, "a_pm_2": -26.837874312118423, "a_pm_3": -5.93582728769794, "a_pp_1": 4.543808306153423, "a_pp_2": 3.0212185433093097, "a_pp_3": -3.3155218878553967}, "datetime": {"datetime": "2024-07-12 23:07:29", "elapsed": 4201.568679, "delta": 10.013901}}
{"target": -112694.58729744419, "params": {"a_c_1": 16.93730768195475, "a_c_2": 0.9329293756076451, "a_mm_0": -22.32720130658778, "a_mm_1": 10.385964325384322, "a_mm_2": -13.194467598944666, "a_mm_3": -1.108923751857887, "a_mp_0": -28.157979108353832, "a_mp_1": -29.753459870108276, "a_mp_2": 16.04068981648102, "a_mp_3": 11.673531199134608, "a_pm_0": 12.247053578133787, "a_pm_1": -36.08161871447133, "a_pm_2": -16.107249129323556, "a_pm_3": 19.646277371170626, "a_pp_1": -0.43267652164841763, "a_pp_2": -14.897848996654393, "a_pp_3": -25.432050688778475}, "datetime": {"datetime": "2024-07-12 23:07:31", "elapsed": 4138.241323, "delta": 11.949752}}
{"target": -17768.147644390516, "params": {"a_c_1": 0.0, "a_c_2": 10.0, "a_mm_0": -40.0, "a_mm_1": 20.0, "a_mm_2": -16.344994473457177, "a_mm_3": 20.0, "a_mp_0": 20.0, "a_mp_1": -4.445929413910334, "a_mp_2": -40.0, "a_mp_3": -40.0, "a_pm_0": 20.0, "a_pm_1": 20.0, "a_pm_2": 20.0, "a_pm_3": 20.0, "a_pp_1": 20.0, "a_pp_2": 20.0, "a_pp_3": 20.0}, "datetime": {"datetime": "2024-07-12 23:07:31", "elapsed": 4302.085418, "delta": 11.822454}}
{"target": -9345.592963267454, "params": {"a_c_1": 20.0, "a_c_2": 10.0, "a_mm_0": 20.0, "a_mm_1": 20.0, "a_mm_2": -21.628737518495328, "a_mm_3": 20.0, "a_mp_0": 20.0, "a_mp_1": 20.0, "a_mp_2": -40.0, "a_mp_3": 20.0, "a_pm_0": 20.0, "a_pm_1": 20.0, "a_pm_2": 20.0, "a_pm_3": 20.0, "a_pp_1": -40.0, "a_pp_2": 20.0, "a_pp_3": 20.0}, "datetime": {"datetime": "2024-07-12 23:07:36", "elapsed": 4164.294076, "delta": 13.265355}}
{"target": -124220.71294484823, "params": {"a_c_1": 18.984558317844076, "a_c_2": 2.7753205729953043, "a_mm_0": 11.03646012205089, "a_mm_1": -4.0642400611609375, "a_mm_2": 4.075594991652871, "a_mm_3": 8.30564213942462, "a_mp_0": -39.85823823569453, "a_mp_1": 3.90651749931434, "a_mp_2": -5.241207073148274, "a_mp_3": -36.64488171925367, "a_pm_0": -38.0294342246625, "a_pm_1": 6.415043479682041, "a_pm_2": 0.9933260284171155, "a_pm_3": -16.30705528648406, "a_pp_1": 0.5085652038477733, "a_pp_2": 11.582188807895662, "a_pp_3": -12.364346517524208}, "datetime": {"datetime": "2024-07-12 23:07:38", "elapsed": 4187.454555, "delta": 8.712367}}
{"target": -1350.3985021376232, "params": {"a_c_1": 20.0, "a_c_2": 10.0, "a_mm_0": 20.0, "a_mm_1": -40.0, "a_mm_2": 20.0, "a_mm_3": 20.0, "a_mp_0": -40.0, "a_mp_1": 20.0, "a_mp_2": 20.0, "a_mp_3": 20.0, "a_pm_0": 20.0, "a_pm_1": 20.0, "a_pm_2": 20.0, "a_pm_3": 20.0, "a_pp_1": 20.0, "a_pp_2": 20.0, "a_pp_3": 20.0}, "datetime": {"datetime": "2024-07-12 23:07:40", "elapsed": 4147.009271, "delta": 8.767948}}
{"target": -24040.159110982717, "params": {"a_c_1": 20.0, "a_c_2": 10.0, "a_mm_0": -40.0, "a_mm_1": 20.0, "a_mm_2": 20.0, "a_mm_3": 20.0, "a_mp_0": -40.0, "a_mp_1": 20.0, "a_mp_2": 20.0, "a_mp_3": 20.0, "a_pm_0": 20.0, "a_pm_1": 20.0, "a_pm_2": 20.0, "a_pm_3": -40.0, "a_pp_1": -40.0, "a_pp_2": -10.556974803675141, "a_pp_3": 20.0}, "datetime": {"datetime": "2024-07-12 23:07:40", "elapsed": 4212.45902, "delta": 10.890341}}
{"target": -2066.6354337152093, "params": {"a_c_1": 0.0, "a_c_2": 10.0, "a_mm_0": 20.0, "a_mm_1": 20.0, "a_mm_2": 20.0, "a_mm_3": 20.0, "a_mp_0": -40.0, "a_mp_1": 20.0, "a_mp_2": 20.0, "a_mp_3": 20.0, "a_pm_0": -40.0, "a_pm_1": -40.0, "a_pm_2": -17.11943571617571, "a_pm_3": 20.0, "a_pp_1": 20.0, "a_pp_2": 20.0, "a_pp_3": 20.0}, "datetime": {"datetime": "2024-07-12 23:07:43", "elapsed": 4313.907782, "delta": 11.822364}}
{"target": -5272.294314813352, "params": {"a_c_1": 20.0, "a_c_2": 10.0, "a_mm_0": 20.0, "a_mm_1": -40.0, "a_mm_2": -30.15760497977063, "a_mm_3": -11.96272378291741, "a_mp_0": 20.0, "a_mp_1": 20.0, "a_mp_2": 20.0, "a_mp_3": 20.0, "a_pm_0": -40.0, "a_pm_1": 20.0, "a_pm_2": -15.54136965590547, "a_pm_3": -12.282472515773222, "a_pp_1": 20.0, "a_pp_2": 20.0, "a_pp_3": 20.0}, "datetime": {"datetime": "2024-07-12 23:07:47", "elapsed": 4176.005313, "delta": 11.711237}}
{"target": -4920.178624930887, "params": {"a_c_1": 0.0, "a_c_2": 10.0, "a_mm_0": 20.0, "a_mm_1": 20.0, "a_mm_2": -40.0, "a_mm_3": 20.0, "a_mp_0": 20.0, "a_mp_1": 20.0, "a_mp_2": 20.0, "a_mp_3": 20.0, "a_pm_0": 20.0, "a_pm_1": 20.0, "a_pm_2": 20.0, "a_pm_3": 20.0, "a_pp_1": 20.0, "a_pp_2": 20.0, "a_pp_3": 20.0}, "datetime": {"datetime": "2024-07-12 23:07:48", "elapsed": 4197.556868, "delta": 10.102313}}
{"target": -144227.500120172, "params": {"a_c_1": 13.183134861395756, "a_c_2": 6.050436634698391, "a_mm_0": -33.633721113086764, "a_mm_1": -32.57578354627063, "a_mm_2": -32.77347446798389, "a_mm_3": 10.566481202369793, "a_mp_0": 4.766167249080027, "a_mp_1": 6.68900086557813, "a_mp_2": -33.14392333850512, "a_mp_3": -38.11394983302115, "a_pm_0": 3.275250463676599, "a_pm_1": -15.474358085303006, "a_pm_2": -20.573792278016082, "a_pm_3": -24.333749490019667, "a_pp_1": 13.098920498572355, "a_pp_2": 18.590465180836638, "a_pp_3": 19.593366353623104}, "datetime": {"datetime": "2024-07-12 23:07:50", "elapsed": 4157.685959, "delta": 10.676688}}
{"target": -5564.410248672554, "params": {"a_c_1": 0.0, "a_c_2": 10.0, "a_mm_0": -40.0, "a_mm_1": 20.0, "a_mm_2": 20.0, "a_mm_3": 20.0, "a_mp_0": 20.0, "a_mp_1": -40.0, "a_mp_2": 20.0, "a_mp_3": 20.0, "a_pm_0": 20.0, "a_pm_1": 20.0, "a_pm_2": -40.0, "a_pm_3": 20.0, "a_pp_1": -40.0, "a_pp_2": 20.0, "a_pp_3": 20.0}, "datetime": {"datetime": "2024-07-12 23:07:53", "elapsed": 4225.393679, "delta": 12.934659}}
{"target": -12097.97355656222, "params": {"a_c_1": 20.0, "a_c_2": 10.0, "a_mm_0": 20.0, "a_mm_1": 20.0, "a_mm_2": 20.0, "a_mm_3": 20.0, "a_mp_0": -40.0, "a_mp_1": 20.0, "a_mp_2": 20.0, "a_mp_3": 20.0, "a_pm_0": -40.0, "a_pm_1": -40.0, "a_pm_2": 20.0, "a_pm_3": 20.0, "a_pp_1": -40.0, "a_pp_2": 20.0, "a_pp_3": 20.0}, "datetime": {"datetime": "2024-07-12 23:07:54", "elapsed": 4325.087935, "delta": 11.180153}}
{"target": -148481.939155883, "params": {"a_c_1": 17.750619681909217, "a_c_2": 0.8329323495359642, "a_mm_0": 0.3700248096285321, "a_mm_1": -12.899538369322897, "a_mm_2": -29.799467558672283, "a_mm_3": -17.616956023894485, "a_mp_0": 4.539866000619469, "a_mp_1": -2.560500978581487, "a_mp_2": 7.642179407849767, "a_mp_3": 12.133081936932143, "a_pm_0": 7.794914313013848, "a_pm_1": -20.91876159392012, "a_pm_2": -0.9136092548133377, "a_pm_3": 9.43746139162183, "a_pp_1": -20.249645394949887, "a_pp_2": -7.529235370412508, "a_pp_3": -10.760554062308742}, "datetime": {"datetime": "2024-07-12 23:07:55", "elapsed": 4183.601928, "delta": 7.596615}}
{"target": -15990.429591958087, "params": {"a_c_1": 20.0, "a_c_2": 10.0, "a_mm_0": 20.0, "a_mm_1": -40.0, "a_mm_2": -40.0, "a_mm_3": 20.0, "a_mp_0": 20.0, "a_mp_1": 20.0, "a_mp_2": 20.0, "a_mp_3": 20.0, "a_pm_0": 20.0, "a_pm_1": -40.0, "a_pm_2": 20.0, "a_pm_3": 20.0, "a_pp_1": -23.152761395257578, "a_pp_2": 20.0, "a_pp_3": 20.0}, "datetime": {"datetime": "2024-07-12 23:07:59", "elapsed": 4208.964756, "delta": 11.407888}}
{"target": -99319.05890320125, "params": {"a_c_1": 2.0931516598154887, "a_c_2": 6.092229469336353, "a_mm_0": 3.1510876684576345, "a_mm_1": -22.448469682498523, "a_mm_2": -29.051403131404186, "a_mm_3": 4.253923476583445, "a_mp_0": 12.29298671301008, "a_mp_1": -12.550790524066805, "a_mp_2": -16.12440325555725, "a_mp_3": -34.44407841052538, "a_pm_0": 19.48406528997304, "a_pm_1": 0.2557048514915863, "a_pm_2": -2.997494690414534, "a_pm_3": 3.086841776213703, "a_pp_1": -36.61100412072065, "a_pp_2": 11.15442431784551, "a_pp_3": 5.859714063270559}, "datetime": {"datetime": "2024-07-12 23:08:01", "elapsed": 4168.057632, "delta": 10.371673}}
{"target": -112333.20717739673, "params": {"a_c_1": 8.471454076102635, "a_c_2": 0.2686307393059084, "a_mm_0": 10.450448521112563, "a_mm_1": -4.066676067152514, "a_mm_2": 2.83659005805616, "a_mm_3": 17.885400815692606, "a_mp_0": -16.097441654895718, "a_mp_1": 19.58025721879006, "a_mp_2": -23.426438959611914, "a_mp_3": 11.719853566719678, "a_pm_0": -38.220160419522365, "a_pm_1": 4.965962086957205, "a_pm_2": -19.129723608304122, "a_pm_3": -5.133353772473043, "a_pp_1": 14.687618870877124, "a_pp_2": -20.322990875205022, "a_pp_3": -27.084562029137196}, "datetime": {"datetime": "2024-07-12 23:08:02", "elapsed": 4333.516818, "delta": 8.428883}}
{"target": -4444.9761885046155, "params": {"a_c_1": 20.0, "a_c_2": 10.0, "a_mm_0": 20.0, "a_mm_1": 20.0, "a_mm_2": 20.0, "a_mm_3": 20.0, "a_mp_0": 20.0, "a_mp_1": 20.0, "a_mp_2": 20.0, "a_mp_3": 20.0, "a_pm_0": 20.0, "a_pm_1": 20.0, "a_pm_2": -11.897270496596697, "a_pm_3": 20.0, "a_pp_1": -20.19805997631299, "a_pp_2": -16.061877629571814, "a_pp_3": 20.0}, "datetime": {"datetime": "2024-07-12 23:08:05", "elapsed": 4237.408269, "delta": 12.01459}}
{"target": -28489.921822029468, "params": {"a_c_1": 20.0, "a_c_2": 0.0, "a_mm_0": 20.0, "a_mm_1": 20.0, "a_mm_2": 20.0, "a_mm_3": -40.0, "a_mp_0": -40.0, "a_mp_1": 20.0, "a_mp_2": 20.0, "a_mp_3": 20.0, "a_pm_0": 20.0, "a_pm_1": 20.0, "a_pm_2": -40.0, "a_pm_3": 20.0, "a_pp_1": 20.0, "a_pp_2": 20.0, "a_pp_3": 20.0}, "datetime": {"datetime": "2024-07-12 23:08:07", "elapsed": 4195.210937, "delta": 11.609009}}
{"target": -5242.686517328336, "params": {"a_c_1": 20.0, "a_c_2": 10.0, "a_mm_0": 20.0, "a_mm_1": 20.0, "a_mm_2": -40.0, "a_mm_3": 20.0, "a_mp_0": -40.0, "a_mp_1": 20.0, "a_mp_2": 20.0, "a_mp_3": 20.0, "a_pm_0": -40.0, "a_pm_1": 20.0, "a_pm_2": 20.0, "a_pm_3": 20.0, "a_pp_1": 20.0, "a_pp_2": 20.0, "a_pp_3": 20.0}, "datetime": {"datetime": "2024-07-12 23:08:09", "elapsed": 4219.238447, "delta": 10.273691}}
{"target": -26039.290260656333, "params": {"a_c_1": 20.0, "a_c_2": 10.0, "a_mm_0": 20.0, "a_mm_1": -40.0, "a_mm_2": -33.37944042457284, "a_mm_3": 20.0, "a_mp_0": 20.0, "a_mp_1": 20.0, "a_mp_2": 20.0, "a_mp_3": 20.0, "a_pm_0": 20.0, "a_pm_1": 20.0, "a_pm_2": 1.443153783054755, "a_pm_3": -40.0, "a_pp_1": 20.0, "a_pp_2": 20.0, "a_pp_3": 20.0}, "datetime": {"datetime": "2024-07-12 23:08:13", "elapsed": 4180.068057, "delta": 12.010425}}
{"target": -10850.988391019473, "params": {"a_c_1": 0.0, "a_c_2": 10.0, "a_mm_0": -10.011536819486683, "a_mm_1": -18.217535962274393, "a_mm_2": 20.0, "a_mm_3": -15.255044000752555, "a_mp_0": -40.0, "a_mp_1": -11.351643914096806, "a_mp_2": -15.95453449787391, "a_mp_3": 20.0, "a_pm_0": -18.919977585898955, "a_pm_1": 20.0, "a_pm_2": 5.930269414401462, "a_pm_3": -10.926607435161724, "a_pp_1": -14.283660342309426, "a_pp_2": 10.967373803135754, "a_pp_3": 20.0}, "datetime": {"datetime": "2024-07-12 23:08:13", "elapsed": 4344.334362, "delta": 10.817544}}
{"target": -198073.64828001213, "params": {"a_c_1": 14.436093410388999, "a_c_2": 0.4787152898906144, "a_mm_0": -25.592489403413104, "a_mm_1": -13.976542664669104, "a_mm_2": -11.236122905386246, "a_mm_3": 4.6585117658624355, "a_mp_0": -4.136267118409535, "a_mp_1": -15.024945518348396, "a_mp_2": -9.42863983839613, "a_mp_3": -23.977355132461046, "a_pm_0": -2.6676977357841807, "a_pm_1": -11.701899417930445, "a_pm_2": -30.242513664387513, "a_pm_3": -13.732978930946967, "a_pp_1": -9.81909164192588, "a_pp_2": 18.202149441237907, "a_pp_3": -39.75316995150988}, "datetime": {"datetime": "2024-07-12 23:08:16", "elapsed": 4204.269652, "delta": 9.058715}}
{"target": -139880.87388398146, "params": {"a_c_1": 15.219641817913121, "a_c_2": 9.720911213696441, "a_mm_0": -9.903200529812885, "a_mm_1": -7.648226196115914, "a_mm_2": -9.907766433258242, "a_mm_3": 8.424099703241879, "a_mp_0": 7.483382824113534, "a_mp_1": 0.8966670667610686, "a_mp_2": -29.76737958276378, "a_mp_3": -30.56465599778589, "a_pm_0": 15.60057699044286, "a_pm_1": -11.101591335925011, "a_pm_2": -28.15815256370886, "a_pm_3": -30.95311714947302, "a_pp_1": -3.1226175535853002, "a_pp_2": 0.6914914237252177, "a_pp_3": -2.965270741048286}, "datetime": {"datetime": "2024-07-12 23:08:16", "elapsed": 4248.491206, "delta": 11.082937}}
{"target": -520.0485235131589, "params": {"a_c_1": 0.0, "a_c_2": 10.0, "a_mm_0": 20.0, "a_mm_1": 20.0, "a_mm_2": 20.0, "a_mm_3": 20.0, "a_mp_0": 20.0, "a_mp_1": 20.0, "a_mp_2": 20.0, "a_mp_3": 20.0, "a_pm_0": -40.0, "a_pm_1": 20.0, "a_pm_2": 20.0, "a_pm_3": 20.0, "a_pp_1": 20.0, "a_pp_2": 20.0, "a_pp_3": 20.0}, "datetime": {"datetime": "2024-07-12 23:08:21", "elapsed": 4188.015538, "delta": 7.947481}}
{"target": -11782.613548400197, "params": {"a_c_1": 20.0, "a_c_2": 10.0, "a_mm_0": -40.0, "a_mm_1": 20.0, "a_mm_2": 20.0, "a_mm_3": 20.0, "a_mp_0": 20.0, "a_mp_1": -40.0, "a_mp_2": -31.443508255612674, "a_mp_3": 20.0, "a_pm_0": 20.0, "a_pm_1": 20.0, "a_pm_2": 20.0, "a_pm_3": -28.472150113779385, "a_pp_1": 20.0, "a_pp_2": 20.0, "a_pp_3": 20.0}, "datetime": {"datetime": "2024-07-12 23:08:25", "elapsed": 4356.11725, "delta": 11.782888}}
{"target": -1974.8572425197694, "params": {"a_c_1": 20.0, "a_c_2": 10.0, "a_mm_0": -7.723070309351709, "a_mm_1": 20.0, "a_mm_2": -0.38519266125030976, "a_mm_3": 6.378650804942621, "a_mp_0": -12.527108214722569, "a_mp_1": -0.3956692831125298, "a_mp_2": -9.292457916662, "a_mp_3": -2.1542136389616258, "a_pm_0": 20.0, "a_pm_1": -19.520004887737425, "a_pm_2": 20.0, "a_pm_3": 3.5310851127832525, "a_pp_1": -40.0, "a_pp_2": 20.0, "a_pp_3": 20.0}, "datetime": {"datetime": "2024-07-12 23:08:26", "elapsed": 4236.214711, "delta": 16.976264}}
{"target": -7173.732583615717, "params": {"a_c_1": 20.0, "a_c_2": 10.0, "a_mm_0": 20.0, "a_mm_1": -40.0, "a_mm_2": 20.0, "a_mm_3": -23.15793010947149, "a_mp_0": -40.0, "a_mp_1": 20.0, "a_mp_2": -13.251019993783888, "a_mp_3": -5.2649544359083285, "a_pm_0": -6.783362413567438, "a_pm_1": 20.0, "a_pm_2": 20.0, "a_pm_3": 20.0, "a_pp_1": 20.0, "a_pp_2": 20.0, "a_pp_3": 20.0}, "datetime": {"datetime": "2024-07-12 23:08:29", "elapsed": 4217.175637, "delta": 12.905985}}
{"target": -21481.58664022664, "params": {"a_c_1": 0.0, "a_c_2": 0.0, "a_mm_0": -40.0, "a_mm_1": -13.820072787618809, "a_mm_2": -15.14467007002368, "a_mm_3": -20.35632196435541, "a_mp_0": -2.8716398285692266, "a_mp_1": -40.0, "a_mp_2": 20.0, "a_mp_3": 20.0, "a_pm_0": 0.7332920050899235, "a_pm_1": -8.88860115182724, "a_pm_2": 20.0, "a_pm_3": 20.0, "a_pp_1": 20.0, "a_pp_2": 20.0, "a_pp_3": 20.0}, "datetime": {"datetime": "2024-07-12 23:08:29", "elapsed": 4260.835418, "delta": 12.344212}}
{"target": -5243.305817694679, "params": {"a_c_1": 20.0, "a_c_2": 10.0, "a_mm_0": 20.0, "a_mm_1": -40.0, "a_mm_2": -40.0, "a_mm_3": 20.0, "a_mp_0": -40.0, "a_mp_1": 20.0, "a_mp_2": 20.0, "a_mp_3": 20.0, "a_pm_0": 20.0, "a_pm_1": 20.0, "a_pm_2": 6.909801774241893, "a_pm_3": 20.0, "a_pp_1": 20.0, "a_pp_2": 20.0, "a_pp_3": 20.0}, "datetime": {"datetime": "2024-07-12 23:08:34", "elapsed": 4201.437934, "delta": 13.422396}}
{"target": -149261.10324541875, "params": {"a_c_1": 16.261950256707635, "a_c_2": 2.1430498143193155, "a_mm_0": 5.309272952056986, "a_mm_1": 3.5411547258214213, "a_mm_2": -1.019707814961201, "a_mm_3": 2.2134312750753935, "a_mp_0": -32.90531931580262, "a_mp_1": -14.037988990972966, "a_mp_2": 13.019077212829174, "a_mp_3": -38.43271689508093, "a_pm_0": -17.368927744301743, "a_pm_1": 8.991456362573338, "a_pm_2": 19.811238859320746, "a_pm_3": 6.79843493107866, "a_pp_1": -16.065366914792985, "a_pp_2": -39.82509270291577, "a_pp_3": -38.541602474321536}, "datetime": {"datetime": "2024-07-12 23:08:35", "elapsed": 4366.114291, "delta": 9.997041}}
{"target": -6091.317277094191, "params": {"a_c_1": 0.0, "a_c_2": 10.0, "a_mm_0": -40.0, "a_mm_1": 20.0, "a_mm_2": -40.0, "a_mm_3": 20.0, "a_mp_0": 20.0, "a_mp_1": 20.0, "a_mp_2": 20.0, "a_mp_3": 20.0, "a_pm_0": -40.0, "a_pm_1": 20.0, "a_pm_2": 20.0, "a_pm_3": 20.0, "a_pp_1": -1.2803192528008165, "a_pp_2": 20.0, "a_pp_3": 20.0}, "datetime": {"datetime": "2024-07-12 23:08:38", "elapsed": 4247.581325, "delta": 11.366614}}
{"target": -207196.736443881, "params": {"a_c_1": 13.25941695396542, "a_c_2": 3.6850642617127507, "a_mm_0": 14.65669886380828, "a_mm_1": 4.888261437603482, "a_mm_2": 17.38683495756046, "a_mm_3": -13.755011208822488, "a_mp_0": 5.161563742105145, "a_mp_1": -10.531564024969384, "a_mp_2": -9.095422445877887, "a_mp_3": -37.479543488072345, "a_pm_0": -0.39717142418871276, "a_pm_1": -33.44028576045358, "a_pm_2": -26.08401568369419, "a_pm_3": -22.848095896741324, "a_pp_1": -34.09331216464142, "a_pp_2": 8.817803985695491, "a_pp_3": -19.99168556218023}, "datetime": {"datetime": "2024-07-12 23:08:38", "elapsed": 4226.627332, "delta": 9.451695}}
{"target": -155073.67532428057, "params": {"a_c_1": 16.75745875522225, "a_c_2": 3.4024832189141643, "a_mm_0": -10.463235870302459, "a_mm_1": -6.904875362309831, "a_mm_2": -25.84552849183695, "a_mm_3": -20.96656362150883, "a_mp_0": -30.005275517606197, "a_mp_1": 19.300593282701364, "a_mp_2": -5.8887309932102525, "a_mp_3": 1.0189493644723413, "a_pm_0": -1.7300746396097466, "a_pm_1": -34.37588196078809, "a_pm_2": -16.274639599414375, "a_pm_3": 2.7288594021029837, "a_pp_1": 1.2411490706321757, "a_pp_2": 14.106917742192735, "a_pp_3": -38.00786791138399}, "datetime": {"datetime": "2024-07-12 23:08:38", "elapsed": 4270.592374, "delta": 9.756956}}
