{"target": -383732.91913679393, "params": {"a_c_1": 11.310212599893916, "a_c_2": 6.55434020349002, "a_mm_0": 10.688877344896909, "a_mm_1": -17.20609928427261, "a_mm_2": 16.279702128224137, "a_mm_3": -17.135978195771916, "a_mp_0": -14.599284665107692, "a_mp_1": -15.144301456613785, "a_mp_2": 5.879699066684999, "a_mp_3": 4.267454802704229, "a_pm_0": -14.659270944495486, "a_pm_1": -19.441604828695493, "a_pm_2": -35.052364013929456, "a_pm_3": -24.771773550348815, "a_pp_1": -35.46845469600447, "a_pp_2": -20.04426769408495, "a_pp_3": -28.63651715791177}, "datetime": {"datetime": "2024-07-12 22:06:51", "elapsed": 540.845922, "delta": 8.47537}}
{"target": -254452.0029968289, "params": {"a_c_1": 6.411293079903205, "a_c_2": 8.154769290056262, "a_mm_0": -3.1884460198941014, "a_mm_1": 5.60010514098493, "a_mm_2": -14.34009401818215, "a_mm_3": -34.03356622506465, "a_mp_0": -33.097899276985224, "a_mp_1": -17.595572095768283, "a_mp_2": -28.36913394942957, "a_mp_3": 9.244789917376295, "a_pm_0": -4.021839494576994, "a_pm_1": 1.3307155411199005, "a_pm_2": -10.53340232174223, "a_pm_3": -34.70957912546913, "a_pp_1": -25.895341798829783, "a_pp_2": -12.30387514650268, "a_pp_3": -28.084509816764424}, "datetime": {"datetime": "2024-07-12 22:06:53", "elapsed": 664.148121, "delta": 11.663495}}
{"target": -37755.82199802782, "params": {"a_c_1": 1.509535056282727, "a_c_2": 9.918039946188136, "a_mm_0": -25.98380520590182, "a_mm_1": -18.133251283801936, "a_mm_2": 16.12828151557693, "a_mm_3": -2.752808756695188, "a_mp_0": -39.42357147875315, "a_mp_1": 15.463269852304101, "a_mp_2": -20.289254984288004, "a_mp_3": -31.579769738828972, "a_pm_0": -24.67797750410419, "a_pm_1": -6.393220786056531, "a_pm_2": 5.6868653191842355, "a_pm_3": -7.451094248217025, "a_pp_1": -10.96220985054845, "a_pp_2": 5.348899233719408, "a_pp_3": 15.861982487353828}, "datetime": {"datetime": "2024-07-12 22:06:55", "elapsed": 523.357532, "delta": 9.433078}}
{"target": -58966.47496406795, "params": {"a_c_1": 2.823641006654878, "a_c_2": 5.441323298725129, "a_mm_0": -24.246587425853463, "a_mm_1": -21.735002241055852, "a_mm_2": 5.759889752490551, "a_mm_3": 1.463338371142072, "a_mp_0": 5.923766416154891, "a_mp_1": -28.657193127536093, "a_mp_2": -27.834346712842763, "a_mp_3": 5.46283867390693, "a_pm_0": -32.722880956237745, "a_pm_1": 14.43201767017137, "a_pm_2": 15.423672113293627, "a_pm_3": -9.69132586021843, "a_pp_1": 2.1976492232239764, "a_pp_2": -19.93073970929754, "a_pp_3": -1.7936643653288655}, "datetime": {"datetime": "2024-07-12 22:06:57", "elapsed": 569.213946, "delta": 10.15414}}
{"target": -65515.84989713348, "params": {"a_c_1": 12.862470701438866, "a_c_2": 5.3436635020467556, "a_mm_0": -25.624666551928904, "a_mm_1": -24.91689114797319, "a_mm_2": -6.984649187280603, "a_mm_3": 7.309235335876245, "a_mp_0": -17.37010952982222, "a_mp_1": -6.2293241553554495, "a_mp_2": 19.35475952942177, "a_mp_3": -18.625742994968807, "a_pm_0": 7.607415481856471, "a_pm_1": -4.846256320921533, "a_pm_2": -16.71676074598237, "a_pm_3": -9.394835404429479, "a_pp_1": -35.93939753789887, "a_pp_2": -4.843726380495106, "a_pp_3": 9.952149715718903}, "datetime": {"datetime": "2024-07-12 22:06:59", "elapsed": 506.210211, "delta": 9.317791}}
{"target": -74307.79826193383, "params": {"a_c_1": 12.916130235379779, "a_c_2": 7.462677238196291, "a_mm_0": -10.689247871215109, "a_mm_1": -11.047712093392416, "a_mm_2": -19.326438451134177, "a_mm_3": 17.547806107679, "a_mp_0": 19.602005547080168, "a_mp_1": -1.4615096816532613, "a_mp_2": 10.772589146363607, "a_mp_3": -17.461005621139407, "a_pm_0": -4.729899702063371, "a_pm_1": -17.83868617920889, "a_pm_2": 16.94212153495944, "a_pm_3": -3.535194321972213, "a_pp_1": 13.646720863347909, "a_pp_2": -2.919183094870128, "a_pp_3": -34.91382835782013}, "datetime": {"datetime": "2024-07-12 22:07:00", "elapsed": 550.108261, "delta": 9.262339}}
{"target": -63359.75122819763, "params": {"a_c_1": 9.800668758023704, "a_c_2": 0.9614686490824498, "a_mm_0": -31.63478531823996, "a_mm_1": 15.98428103614821, "a_mm_2": 16.27516549335111, "a_mm_3": 3.873372361225549, "a_mp_0": -3.5223017465907773, "a_mp_1": 12.526883553504675, "a_mp_2": 7.159667501102298, "a_mp_3": 3.479729869357186, "a_pm_0": -7.037987641175349, "a_pm_1": 3.421009669477769, "a_pm_2": -18.622148782738652, "a_pm_3": 11.386940836947502, "a_pp_1": 8.211252933161397, "a_pp_2": -7.1791940021879554, "a_pp_3": -36.31113991326806}, "datetime": {"datetime": "2024-07-12 22:07:02", "elapsed": 530.991175, "delta": 7.633643}}
{"target": -110675.4965322997, "params": {"a_c_1": 0.509524715576406, "a_c_2": 7.293976982561526, "a_mm_0": 3.4950048331471493, "a_mm_1": -20.176495218297834, "a_mm_2": 10.60964756381933, "a_mm_3": -14.293451442935595, "a_mp_0": 11.881168685812057, "a_mp_1": -0.5760745226266266, "a_mp_2": -5.137860554914589, "a_mp_3": -27.95635071789454, "a_pm_0": -8.227203371296305, "a_pm_1": 13.665945105654345, "a_pm_2": -21.700361449887037, "a_pm_3": 12.256736549663202, "a_pp_1": 14.524716371503288, "a_pp_2": -20.20932623908706, "a_pp_3": 0.9844619801938492}, "datetime": {"datetime": "2024-07-12 22:07:03", "elapsed": 673.646451, "delta": 9.49833}}
{"target": -149723.4575795759, "params": {"a_c_1": 6.166201982473334, "a_c_2": 5.931125377933567, "a_mm_0": 14.936470357674338, "a_mm_1": -0.5950680982165224, "a_mm_2": -18.74064457955702, "a_mm_3": -0.5280931538554938, "a_mp_0": -2.0438828827320634, "a_mp_1": 18.3234714753548, "a_mp_2": -3.5603862556852235, "a_mp_3": -39.51556448847303, "a_pm_0": 19.225889794575743, "a_pm_1": -31.25655907087098, "a_pm_2": -18.33679461505509, "a_pm_3": 17.879224851809788, "a_pp_1": 0.3412028380153913, "a_pp_2": 0.9440487595146294, "a_pp_3": -13.964209343372712}, "datetime": {"datetime": "2024-07-12 22:07:09", "elapsed": 558.424071, "delta": 8.31581}}
{"target": -56024.35015713254, "params": {"a_c_1": 0.5004164004801903, "a_c_2": 2.1928083139252896, "a_mm_0": -12.777492082528013, "a_mm_1": -10.58689664753425, "a_mm_2": 19.14392245319685, "a_mm_3": 19.934085926292745, "a_mp_0": -32.614159233102555, "a_mp_1": -23.43068783943944, "a_mp_2": -35.04484991236519, "a_mp_3": -19.51498488022093, "a_pm_0": 16.93507996168816, "a_pm_1": -5.813043561985438, "a_pm_2": -37.60278872944337, "a_pm_3": -8.762136170327576, "a_pp_1": 15.985838554626362, "a_pp_2": 18.36762904918556, "a_pp_3": 14.711505440086981}, "datetime": {"datetime": "2024-07-12 22:07:09", "elapsed": 580.900137, "delta": 11.686191}}
{"target": -54728.492411720945, "params": {"a_c_1": 1.3723705609648107, "a_c_2": 6.470027864356599, "a_mm_0": -36.94242410699117, "a_mm_1": -33.21567086368947, "a_mm_2": -2.4194555875769055, "a_mm_3": -7.9189663793381655, "a_mp_0": -28.63497199611159, "a_mp_1": -19.349854767547214, "a_mp_2": -33.17784249425522, "a_mp_3": 1.4642907081244019, "a_pm_0": 0.817136541376712, "a_pm_1": 17.72650017004117, "a_pm_2": 1.294484248773088, "a_pm_3": 15.071943397540196, "a_pp_1": 8.164601543746208, "a_pp_2": -5.0574427643012925, "a_pp_3": -7.509947238597803}, "datetime": {"datetime": "2024-07-12 22:07:09", "elapsed": 516.425894, "delta": 10.215683}}
{"target": -445419.683648453, "params": {"a_c_1": 8.101673434461238, "a_c_2": 4.702839219796, "a_mm_0": -29.492507004447983, "a_mm_1": -4.264975190413878, "a_mm_2": -37.95608123070867, "a_mm_3": -22.755256184584766, "a_mp_0": -31.030785573912556, "a_mp_1": -6.91523279981471, "a_mp_2": -31.85806291963536, "a_mp_3": -29.072942529800226, "a_pm_0": 17.306043343958336, "a_pm_1": -24.430407043073032, "a_pm_2": -8.68964604575655, "a_pm_3": -26.009544093167122, "a_pp_1": -38.530732801039804, "a_pp_2": 2.9727067318472535, "a_pp_3": -18.07304419930773}, "datetime": {"datetime": "2024-07-12 22:07:10", "elapsed": 539.00586, "delta": 8.014685}}
{"target": -67645.28384545966, "params": {"a_c_1": 17.984418991319377, "a_c_2": 0.7569688175830336, "a_mm_0": 12.715271792286224, "a_mm_1": -28.549638203891163, "a_mm_2": 10.98613460107584, "a_mm_3": 0.02712732195223566, "a_mp_0": -19.33964827299677, "a_mp_1": -30.917465800432062, "a_mp_2": -1.8777423106927955, "a_mp_3": 10.867282622884495, "a_pm_0": 9.310962485840633, "a_pm_1": -2.3056241721605346, "a_pm_2": 17.378090585313927, "a_pm_3": -4.6046123754538115, "a_pp_1": -28.13003292112484, "a_pp_2": -14.240156643010462, "a_pp_3": -19.795240077929964}, "datetime": {"datetime": "2024-07-12 22:07:13", "elapsed": 684.162392, "delta": 10.515941}}
{"target": -486545.7367525022, "params": {"a_c_1": 1.977751718646099, "a_c_2": 1.7256034493741712, "a_mm_0": -3.7842224507706987, "a_mm_1": -17.251134881106285, "a_mm_2": -32.92270064275879, "a_mm_3": 8.556932386045098, "a_mp_0": -17.7283276659723, "a_mp_1": -35.73057361191914, "a_mp_2": -33.67852094008232, "a_mp_3": -36.458375342430124, "a_pm_0": -26.96743216447252, "a_pm_1": -6.781615266227654, "a_pm_2": -9.803693120464072, "a_pm_3": -27.98953518579082, "a_pp_1": -32.39579186965863, "a_pp_2": -11.599757002533629, "a_pp_3": -2.738946922076444}, "datetime": {"datetime": "2024-07-12 22:07:17", "elapsed": 524.864971, "delta": 8.439077}}
{"target": -206536.8684813856, "params": {"a_c_1": 8.013960825198783, "a_c_2": 3.0319550733997236, "a_mm_0": 5.674911315779937, "a_mm_1": -18.150279010554048, "a_mm_2": -32.55666029812086, "a_mm_3": -27.812072825862685, "a_mp_0": -31.365617778470472, "a_mp_1": 13.859740383014106, "a_mp_2": -23.924444628596994, "a_mp_3": -26.12825367597666, "a_pm_0": -0.6953511720115202, "a_pm_1": -21.953308658731277, "a_pm_2": 8.229871648766917, "a_pm_3": 1.2117329878506666, "a_pp_1": -4.631891562370086, "a_pp_2": -11.415500442673057, "a_pp_3": -17.412025531136614}, "datetime": {"datetime": "2024-07-12 22:07:18", "elapsed": 567.278659, "delta": 8.854588}}
{"target": -108224.64275874362, "params": {"a_c_1": 9.432756489584278, "a_c_2": 0.1462907650513745, "a_mm_0": -28.880062427495478, "a_mm_1": -6.65208133071792, "a_mm_2": 0.6255743752976031, "a_mm_3": -1.3282628444613778, "a_mp_0": 16.85308201666721, "a_mp_1": -18.261760387350556, "a_mp_2": 11.722815931639985, "a_mp_3": 5.052744141350196, "a_pm_0": 1.8857120113863175, "a_pm_1": 10.626506363270636, "a_pm_2": 13.462150299222138, "a_pm_3": 1.8245099426098363, "a_pp_1": -36.25512514104006, "a_pp_2": -28.611157131696476, "a_pp_3": -6.1988927425021885}, "datetime": {"datetime": "2024-07-12 22:07:18", "elapsed": 547.048792, "delta": 8.042932}}
{"target": -209029.03085399995, "params": {"a_c_1": 15.185255116929792, "a_c_2": 2.515639482272698, "a_mm_0": 14.033338230910779, "a_mm_1": -22.16975236612915, "a_mm_2": 12.657731713781061, "a_mm_3": -37.51611968557871, "a_mp_0": -36.61533074143285, "a_mp_1": 8.189539207833974, "a_mp_2": -33.597482328423744, "a_mp_3": -13.647568460482383, "a_pm_0": -19.410667813015777, "a_pm_1": -23.32554856860258, "a_pm_2": -18.276924695494298, "a_pm_3": -10.860292129407949, "a_pp_1": 10.185900935165087, "a_pp_2": -2.968977264574626, "a_pp_3": 14.44209596911191}, "datetime": {"datetime": "2024-07-12 22:07:18", "elapsed": 590.649551, "delta": 9.749414}}
{"target": -191504.01150818745, "params": {"a_c_1": 19.83890023814562, "a_c_2": 3.802364961172647, "a_mm_0": 19.562052419889078, "a_mm_1": -8.871744955995148, "a_mm_2": -29.66321791137247, "a_mm_3": -35.52555572491121, "a_mp_0": -17.78165837356674, "a_mp_1": -32.59486841111621, "a_mp_2": -1.9288770224895018, "a_mp_3": -15.164809256235468, "a_pm_0": 19.454937951527008, "a_pm_1": 15.797337419199074, "a_pm_2": -31.045838061414997, "a_pm_3": -16.30706424779197, "a_pp_1": -12.305217342256832, "a_pp_2": -6.343074692683288, "a_pp_3": 6.821811397356107}, "datetime": {"datetime": "2024-07-12 22:07:23", "elapsed": 694.44616, "delta": 10.283768}}
{"target": -189847.11202122128, "params": {"a_c_1": 9.78123856249515, "a_c_2": 5.080301822006882, "a_mm_0": 15.196748191534489, "a_mm_1": 10.303803057287375, "a_mm_2": 4.853489000944975, "a_mm_3": -16.222298670757766, "a_mp_0": -5.764759233797008, "a_mp_1": 3.5966376392066337, "a_mp_2": -13.762429273215126, "a_mp_3": -37.16981182272058, "a_pm_0": -0.0566120600465041, "a_pm_1": 12.176041049791117, "a_pm_2": -21.376376237518972, "a_pm_3": 7.435585678617308, "a_pp_1": 2.974768939177089, "a_pp_2": -1.371409978442287, "a_pp_3": -38.05248793751187}, "datetime": {"datetime": "2024-07-12 22:07:26", "elapsed": 533.523948, "delta": 8.658977}}
{"target": -132669.56648871177, "params": {"a_c_1": 11.10034198608979, "a_c_2": 9.693742368165914, "a_mm_0": -6.057157640196792, "a_mm_1": 8.631662781001225, "a_mm_2": -2.131547242479783, "a_mm_3": -34.54834225871026, "a_mp_0": -18.462680855089197, "a_mp_1": -11.531266226288771, "a_mp_2": -31.158772125889634, "a_mp_3": -12.046250250859735, "a_pm_0": -4.74152605941029, "a_pm_1": 7.8389030204065335, "a_pm_2": -0.4968829323753212, "a_pm_3": 11.038562603006142, "a_pp_1": 11.594303602041428, "a_pp_2": -36.13420517314373, "a_pp_3": 15.631820231168199}, "datetime": {"datetime": "2024-07-12 22:07:26", "elapsed": 554.880323, "delta": 7.831531}}
{"target": -88681.85816696432, "params": {"a_c_1": 16.73419087952978, "a_c_2": 1.4613108183789736, "a_mm_0": -14.6341411003406, "a_mm_1": -8.019212581875749, "a_mm_2": -24.65453368007631, "a_mm_3": -6.022825953030008, "a_mp_0": 18.453251852831478, "a_mp_1": -26.486774748891538, "a_mp_2": 7.073766764964084, "a_mp_3": 19.6969269143275, "a_pm_0": -24.756598113166042, "a_pm_1": 11.363689635072618, "a_pm_2": -29.565876759752882, "a_pm_3": 15.32046494632528, "a_pp_1": -21.74717048220805, "a_pp_2": -23.31938062351401, "a_pp_3": 14.284096528556319}, "datetime": {"datetime": "2024-07-12 22:07:27", "elapsed": 598.775725, "delta": 8.126174}}
{"target": -34552.645914182256, "params": {"a_c_1": 8.819511491481842, "a_c_2": 7.070023905051275, "a_mm_0": -36.45903494869189, "a_mm_1": -26.10970596277022, "a_mm_2": 1.9756808760023787, "a_mm_3": 2.5309750222537843, "a_mp_0": -5.664735379464041, "a_mp_1": -24.31029417973219, "a_mp_2": -26.471018038447745, "a_mp_3": -7.993629941054493, "a_pm_0": -24.180102829751938, "a_pm_1": 4.366898570987516, "a_pm_2": 6.061707664699696, "a_pm_3": 3.1620448935208287, "a_pp_1": -2.252085426817267, "a_pp_2": 13.601886282209797, "a_pp_3": -6.843019220519594}, "datetime": {"datetime": "2024-07-12 22:07:27", "elapsed": 576.915374, "delta": 9.636715}}
{"target": -262960.5461428988, "params": {"a_c_1": 9.743878181468475, "a_c_2": 4.199935520102408, "a_mm_0": -24.28001771683986, "a_mm_1": 14.648368345205505, "a_mm_2": -38.66370930803175, "a_mm_3": 9.267313893137882, "a_mp_0": -28.69189602001489, "a_mp_1": 1.1454139503528324, "a_mp_2": -18.687436639621374, "a_mp_3": 18.452757673705477, "a_pm_0": -32.6336722330348, "a_pm_1": -28.745806442965627, "a_pm_2": 13.36654852786873, "a_pm_3": -4.995621123506325, "a_pp_1": -21.44521692047322, "a_pp_2": -39.95413687130872, "a_pp_3": -26.344135700664815}, "datetime": {"datetime": "2024-07-12 22:07:34", "elapsed": 704.965817, "delta": 10.519657}}
{"target": -515293.9271420263, "params": {"a_c_1": 5.82333980692276, "a_c_2": 2.2209547941258503, "a_mm_0": -21.439863439465604, "a_mm_1": 0.40789504591242576, "a_mm_2": -38.70289260888777, "a_mm_3": -30.77101680857052, "a_mp_0": -33.344131528362716, "a_mp_1": -8.600489786460162, "a_mp_2": -36.922812988175565, "a_mp_3": 15.238936303541479, "a_pm_0": -11.90128532467234, "a_pm_1": -3.0871553016421203, "a_pm_2": -27.959451816012276, "a_pm_3": 1.7512664704829746, "a_pp_1": -38.5612550713455, "a_pp_2": -35.28930788904658, "a_pp_3": 14.757552936203453}, "datetime": {"datetime": "2024-07-12 22:07:35", "elapsed": 607.061157, "delta": 8.285432}}
{"target": -148902.9005894535, "params": {"a_c_1": 5.641026851685957, "a_c_2": 2.3776459454862255, "a_mm_0": -33.99463634368722, "a_mm_1": -2.9347883573083777, "a_mm_2": 5.911952239557394, "a_mm_3": -3.384309676480406, "a_mp_0": -32.055584207594066, "a_mp_1": 2.0692260571802805, "a_mp_2": 4.34941490792383, "a_mp_3": -17.86615939777092, "a_pm_0": -7.16046132752588, "a_pm_1": -35.374000288013434, "a_pm_2": -4.08513671172539, "a_pm_3": -38.88130436719788, "a_pp_1": -19.111392259593934, "a_pp_2": 8.54042187347028, "a_pp_3": -2.2733559471618747}, "datetime": {"datetime": "2024-07-12 22:07:35", "elapsed": 584.86342, "delta": 7.948046}}
{"target": -176397.63670646076, "params": {"a_c_1": 0.29044019914873154, "a_c_2": 5.086307180003656, "a_mm_0": -7.934421639361098, "a_mm_1": -33.33859648363486, "a_mm_2": 18.317201922456512, "a_mm_3": -25.746513462341095, "a_mp_0": 5.692010171305299, "a_mp_1": -15.053263476875905, "a_mp_2": -12.894886842019794, "a_mp_3": 9.186375400334072, "a_pm_0": 18.39626830748498, "a_pm_1": -37.46488310317756, "a_pm_2": 4.4834774844390495, "a_pm_3": -0.9610366919187712, "a_pp_1": -7.706076599516663, "a_pp_2": -16.94555963508638, "a_pp_3": -10.084816629563637}, "datetime": {"datetime": "2024-07-12 22:07:35", "elapsed": 542.728683, "delta": 9.204735}}
{"target": -59560.31743863497, "params": {"a_c_1": 8.559752764432702, "a_c_2": 6.2712931499353965, "a_mm_0": -22.948973946397942, "a_mm_1": -22.44258002584556, "a_mm_2": -10.422505342577985, "a_mm_3": 16.649992047670793, "a_mp_0": -13.99128563784306, "a_mp_1": 17.723010491860613, "a_mp_2": 16.33311175156772, "a_mp_3": 6.8554582943423625, "a_pm_0": -14.849046916592464, "a_pm_1": -16.710756407386274, "a_pm_2": 6.79724524026539, "a_pm_3": -15.829517693209699, "a_pp_1": -35.89892086954438, "a_pp_2": 12.07053527921525, "a_pp_3": -21.463866373966333}, "datetime": {"datetime": "2024-07-12 22:07:36", "elapsed": 564.169675, "delta": 9.289352}}
{"target": -143655.615258846, "params": {"a_c_1": 7.497799780941856, "a_c_2": 9.138014072107937, "a_mm_0": -2.370412066404235, "a_mm_1": 15.78050789643914, "a_mm_2": -10.642440869629361, "a_mm_3": -0.7450247882599044, "a_mp_0": -1.4331484057317283, "a_mp_1": -36.891946565000175, "a_mp_2": -31.617208184403175, "a_mp_3": -32.54618826329004, "a_pm_0": -27.507614355221364, "a_pm_1": 19.245346298112835, "a_pm_2": 0.3063466177647953, "a_pm_3": 3.2620154019036036, "a_pp_1": 15.277355291545916, "a_pp_2": -29.096128352070647, "a_pp_3": 5.19753841833915}, "datetime": {"datetime": "2024-07-12 22:07:43", "elapsed": 592.572928, "delta": 7.709508}}
{"target": -160895.55085145205, "params": {"a_c_1": 2.908072683424714, "a_c_2": 2.034338243700906, "a_mm_0": 13.779353408240276, "a_mm_1": 12.385662696178429, "a_mm_2": 2.0173662580069873, "a_mm_3": -11.770139430867456, "a_mp_0": 9.6281601399373, "a_mp_1": -10.250416174887256, "a_mp_2": -18.190679002905686, "a_mp_3": -23.463813834348475, "a_pm_0": 15.484448812302304, "a_pm_1": -16.78064594462247, "a_pm_2": -10.427147594120786, "a_pm_3": -24.733713861134675, "a_pp_1": 13.097991130283802, "a_pp_2": -17.004192591682795, "a_pp_3": -22.145517081167483}, "datetime": {"datetime": "2024-07-12 22:07:44", "elapsed": 714.712148, "delta": 9.746331}}
{"target": -122786.72797360485, "params": {"a_c_1": 5.449128876722867, "a_c_2": 9.330188870721503, "a_mm_0": -31.969120494025574, "a_mm_1": -30.827817051347033, "a_mm_2": 2.504451094892474, "a_mm_3": -12.079301195134462, "a_mp_0": -1.910727025216282, "a_mp_1": -3.2397291160674513, "a_mp_2": 3.110857442057302, "a_mp_3": -31.445917827318336, "a_pm_0": 2.1849745598008496, "a_pm_1": -20.198395104162042, "a_pm_2": 1.5182021970352366, "a_pm_3": -18.961901092547738, "a_pp_1": 9.510182177132805, "a_pp_2": 10.782788016077703, "a_pp_3": -1.9175647160067726}, "datetime": {"datetime": "2024-07-12 22:07:44", "elapsed": 551.180902, "delta": 8.452219}}
{"target": -264787.3368711831, "params": {"a_c_1": 4.300991559531209, "a_c_2": 4.903238293072491, "a_mm_0": -8.61316747546315, "a_mm_1": -28.877866907552438, "a_mm_2": -4.6301671712976855, "a_mm_3": -24.323218802507547, "a_mp_0": -0.6565021569857308, "a_mp_1": -24.565801816228074, "a_mp_2": -14.049878223753446, "a_mp_3": -9.954415394413424, "a_pm_0": -38.83683509620914, "a_pm_1": -33.4807992501453, "a_pm_2": -34.693481862059116, "a_pm_3": -12.977807639914499, "a_pp_1": -7.748607078175546, "a_pp_2": 18.606396124664954, "a_pp_3": -19.303279659030167}, "datetime": {"datetime": "2024-07-12 22:07:44", "elapsed": 615.992232, "delta": 8.931075}}
{"target": -13549.505104750824, "params": {"a_c_1": 13.385861245585005, "a_c_2": 7.7095151758153495, "a_mm_0": 1.6330395707323504, "a_mm_1": 18.215847648592536, "a_mm_2": -9.44200475209512, "a_mm_3": 16.16846871411476, "a_mp_0": -37.2314355552127, "a_mp_1": -12.56676300028046, "a_mp_2": -7.761844691001166, "a_mp_3": -4.550967373175929, "a_pm_0": -26.416137866730583, "a_pm_1": 8.601214547924478, "a_pm_2": 13.732148581500226, "a_pm_3": 16.877565280182232, "a_pp_1": -17.944816217295955, "a_pp_2": 19.58568766064461, "a_pp_3": -16.94963592259257}, "datetime": {"datetime": "2024-07-12 22:07:45", "elapsed": 573.66181, "delta": 9.492135}}
{"target": -39155.270142398724, "params": {"a_c_1": 10.467877377337707, "a_c_2": 3.7915267032439095, "a_mm_0": 4.759546210189022, "a_mm_1": 7.9324388713246705, "a_mm_2": -4.258253588853812, "a_mm_3": 1.180213455502276, "a_mp_0": 11.084794580943637, "a_mp_1": -18.309025899886898, "a_mp_2": 10.149409201101108, "a_mp_3": -11.363343865643575, "a_pm_0": 14.878333265792016, "a_pm_1": 3.0553488963278994, "a_pm_2": -3.1118891939138535, "a_pm_3": 18.778743035906132, "a_pp_1": -9.339854800020493, "a_pp_2": -27.11042162026022, "a_pp_3": -8.340958361995586}, "datetime": {"datetime": "2024-07-12 22:07:52", "elapsed": 602.164524, "delta": 9.591596}}
{"target": -383757.5173551607, "params": {"a_c_1": 5.339184160314618, "a_c_2": 4.0793761289099475, "a_mm_0": -18.244566488090555, "a_mm_1": -29.07834471690765, "a_mm_2": -36.01041871684803, "a_mm_3": -2.6969365685769446, "a_mp_0": -12.932051773537236, "a_mp_1": -35.97320673478674, "a_mp_2": -2.2047216746138503, "a_mp_3": -4.0849588644177715, "a_pm_0": -8.55632777661032, "a_pm_1": -33.38719708497344, "a_pm_2": -12.01025986957282, "a_pm_3": -9.674534385322723, "a_pp_1": -32.84130649270541, "a_pp_2": -24.944558729430106, "a_pp_3": 19.83438035541994}, "datetime": {"datetime": "2024-07-12 22:07:53", "elapsed": 560.010211, "delta": 8.829309}}
