{"target": -4701.939035874885, "params": {"a_c_1": 20.0, "a_c_2": 0.0, "a_mm_0": 20.0, "a_mm_1": 20.0, "a_mm_2": 20.0, "a_mm_3": -17.347443152145345, "a_mp_0": 20.0, "a_mp_1": 20.0, "a_mp_2": 20.0, "a_mp_3": 20.0, "a_pm_0": -40.0, "a_pm_1": -40.0, "a_pm_2": -13.194578047495463, "a_pm_3": 20.0, "a_pp_1": 20.0, "a_pp_2": 20.0, "a_pp_3": 20.0}, "datetime": {"datetime": "2024-07-12 23:08:46", "elapsed": 4213.626338, "delta": 12.188404}}
{"target": -17779.2546902905, "params": {"a_c_1": 20.0, "a_c_2": 10.0, "a_mm_0": 20.0, "a_mm_1": 20.0, "a_mm_2": 20.0, "a_mm_3": 20.0, "a_mp_0": -40.0, "a_mp_1": 20.0, "a_mp_2": 20.0, "a_mp_3": 20.0, "a_pm_0": 20.0, "a_pm_1": 20.0, "a_pm_2": 20.0, "a_pm_3": -34.85103975107456, "a_pp_1": 20.0, "a_pp_2": -15.38618883624774, "a_pp_3": 20.0}, "datetime": {"datetime": "2024-07-12 23:08:46", "elapsed": 4377.563684, "delta": 11.449393}}
{"target": -213054.04667207267, "params": {"a_c_1": 10.48266319438534, "a_c_2": 5.604910767261396, "a_mm_0": -24.94350283254493, "a_mm_1": 14.698303122670595, "a_mm_2": -20.119896989827545, "a_mm_3": 13.919386722412028, "a_mp_0": 1.501965873669974, "a_mp_1": 12.925952514493012, "a_mp_2": -38.410526871707184, "a_mp_3": 13.05129755091221, "a_pm_0": -26.182783853907345, "a_pm_1": 17.740866648244214, "a_pm_2": -23.950889311686975, "a_pm_3": -28.674049119057322, "a_pp_1": -22.425423838948497, "a_pp_2": 1.2831108749667806, "a_pp_3": -36.38167502631729}, "datetime": {"datetime": "2024-07-12 23:08:47", "elapsed": 4278.759959, "delta": 8.167585}}
{"target": -45586.977866545734, "params": {"a_c_1": 1.1744435846176149, "a_c_2": 5.35758422695943, "a_mm_0": -38.222958667070834, "a_mm_1": 6.401750198622729, "a_mm_2": -11.493756973587555, "a_mm_3": 4.087863810609569, "a_mp_0": -30.173871629316444, "a_mp_1": 16.799478588522987, "a_mp_2": 12.848906596834752, "a_mp_3": 1.9064437132081977, "a_pm_0": -9.957583165614917, "a_pm_1": 9.105416297272768, "a_pm_2": -26.45750851930476, "a_pm_3": -3.6392948122774413, "a_pp_1": 19.494519084420013, "a_pp_2": 1.7854625475417123, "a_pp_3": -27.592694518633856}, "datetime": {"datetime": "2024-07-12 23:08:48", "elapsed": 4236.794918, "delta": 10.167586}}
{"target": -3634.53594275954, "params": {"a_c_1": 20.0, "a_c_2": 10.0, "a_mm_0": -40.0, "a_mm_1": -40.0, "a_mm_2": -35.03989388687377, "a_mm_3": 20.0, "a_mp_0": 20.0, "a_mp_1": 20.0, "a_mp_2": 20.0, "a_mp_3": 20.0, "a_pm_0": 20.0, "a_pm_1": 20.0, "a_pm_2": 20.0, "a_pm_3": 20.0, "a_pp_1": 20.0, "a_pp_2": 20.0, "a_pp_3": 20.0}, "datetime": {"datetime": "2024-07-12 23:08:50", "elapsed": 4259.757714, "delta": 12.176389}}
{"target": -312449.9598738462, "params": {"a_c_1": 12.277864714703517, "a_c_2": 5.571031613884593, "a_mm_0": -19.812633119690947, "a_mm_1": 13.316434413326704, "a_mm_2": 17.670413055450844, "a_mm_3": -16.19592392227272, "a_mp_0": 5.3294431239473, "a_mp_1": -8.565626348910989, "a_mp_2": -28.81896919829319, "a_mp_3": -31.437343800425097, "a_pm_0": -8.959903876684322, "a_pm_1": 3.5777055441533676, "a_pm_2": -27.23889747653112, "a_pm_3": -16.894767674774997, "a_pp_1": -38.737998597684005, "a_pp_2": -26.87756737532187, "a_pp_3": -36.20710123167021}, "datetime": {"datetime": "2024-07-12 23:08:55", "elapsed": 4286.920152, "delta": 8.160193}}
{"target": -184853.68745741865, "params": {"a_c_1": 7.640804243225594, "a_c_2": 0.3042810372763949, "a_mm_0": -35.82396145121998, "a_mm_1": -33.523896772228674, "a_mm_2": -8.640159480822799, "a_mm_3": -27.241046170980297, "a_mp_0": -14.90165807653613, "a_mp_1": 2.977658711133053, "a_mp_2": 11.192435545417467, "a_mp_3": -16.925915438499516, "a_pm_0": -24.179034292193464, "a_pm_1": -1.4464401503213296, "a_pm_2": -16.346840353166975, "a_pm_3": -24.446061723048306, "a_pp_1": 12.217806538215044, "a_pp_2": -25.60169206397312, "a_pp_3": 7.774554128461709}, "datetime": {"datetime": "2024-07-12 23:08:55", "elapsed": 4386.578022, "delta": 9.014338}}
{"target": -111830.09783383225, "params": {"a_c_1": 19.245847008425073, "a_c_2": 3.8712302977157464, "a_mm_0": 16.529532753718136, "a_mm_1": -32.03084173314806, "a_mm_2": 11.86396108910602, "a_mm_3": -16.45893944417073, "a_mp_0": -15.101496199708425, "a_mp_1": -29.961336485337274, "a_mp_2": -34.248253060147796, "a_mp_3": -39.64881339773124, "a_pm_0": 12.2473019096959, "a_pm_1": 5.4153640765979745, "a_pm_2": -10.8608736147071, "a_pm_3": 17.38196244767294, "a_pp_1": 17.879949133168928, "a_pp_2": 7.36427107957001, "a_pp_3": -16.498200949903847}, "datetime": {"datetime": "2024-07-12 23:08:56", "elapsed": 4223.333243, "delta": 9.706905}}
{"target": -37221.58494669411, "params": {"a_c_1": 8.310376401945183, "a_c_2": 2.7314574718145823, "a_mm_0": 13.325213857920012, "a_mm_1": 18.82511712551917, "a_mm_2": 16.92713288590641, "a_mm_3": -12.475395699483734, "a_mp_0": -0.8272998316140843, "a_mp_1": -27.90521522318089, "a_mp_2": 0.7117630525782062, "a_mp_3": -11.439819548789472, "a_pm_0": -28.045239715792995, "a_pm_1": -36.45222276648231, "a_pm_2": -6.212278808961635, "a_pm_3": 2.1200479770238942, "a_pp_1": -11.88129890240593, "a_pp_2": -2.521216522065423, "a_pp_3": 2.2291771153064204}, "datetime": {"datetime": "2024-07-12 23:08:58", "elapsed": 4246.80391, "delta": 10.008992}}
{"target": -5487.218767189688, "params": {"a_c_1": 0.0, "a_c_2": 10.0, "a_mm_0": -40.0, "a_mm_1": 20.0, "a_mm_2": -40.0, "a_mm_3": 20.0, "a_mp_0": -40.0, "a_mp_1": -40.0, "a_mp_2": 20.0, "a_mp_3": 20.0, "a_pm_0": 20.0, "a_pm_1": 20.0, "a_pm_2": 20.0, "a_pm_3": 20.0, "a_pp_1": 20.0, "a_pp_2": 20.0, "a_pp_3": 20.0}, "datetime": {"datetime": "2024-07-12 23:09:03", "elapsed": 4272.327412, "delta": 12.569698}}
{"target": -8193.867786760075, "params": {"a_c_1": 0.0, "a_c_2": 0.0, "a_mm_0": 20.0, "a_mm_1": -5.826229718625906, "a_mm_2": 20.0, "a_mm_3": 20.0, "a_mp_0": 20.0, "a_mp_1": 20.0, "a_mp_2": 20.0, "a_mp_3": 20.0, "a_pm_0": -40.0, "a_pm_1": 20.0, "a_pm_2": -40.0, "a_pm_3": 20.0, "a_pp_1": -40.0, "a_pp_2": 20.0, "a_pp_3": 20.0}, "datetime": {"datetime": "2024-07-12 23:09:06", "elapsed": 4297.808711, "delta": 10.888559}}
{"target": -14620.951753871639, "params": {"a_c_1": 0.0, "a_c_2": 10.0, "a_mm_0": -11.942022874132267, "a_mm_1": 20.0, "a_mm_2": 5.381165950943049, "a_mm_3": 20.0, "a_mp_0": 20.0, "a_mp_1": -26.363558854127486, "a_mp_2": -13.253633149669959, "a_mp_3": -13.918980425847408, "a_pm_0": 20.0, "a_pm_1": -10.067076641282377, "a_pm_2": 20.0, "a_pm_3": 3.875855909674687, "a_pp_1": 20.0, "a_pp_2": -9.344754376174041, "a_pp_3": -1.1385091564237888}, "datetime": {"datetime": "2024-07-12 23:09:06", "elapsed": 4396.898993, "delta": 10.320971}}
{"target": -141456.58016161938, "params": {"a_c_1": 18.225442423145708, "a_c_2": 0.36716098128968366, "a_mm_0": -1.3105050890773242, "a_mm_1": 9.136894945881302, "a_mm_2": 16.35044216661369, "a_mm_3": -38.00624164796546, "a_mp_0": -25.108813109318916, "a_mp_1": 12.113870916908915, "a_mp_2": -26.702343822828933, "a_mp_3": -17.085866163858995, "a_pm_0": -5.308157142277061, "a_pm_1": 7.838355023971978, "a_pm_2": -13.156354193674602, "a_pm_3": -10.212086988520777, "a_pp_1": 9.071304354707472, "a_pp_2": 13.95967700565403, "a_pp_3": -2.2044215336607706}, "datetime": {"datetime": "2024-07-12 23:09:07", "elapsed": 4255.487981, "delta": 8.684071}}
{"target": -12049.325405836176, "params": {"a_c_1": 0.0, "a_c_2": 10.0, "a_mm_0": 20.0, "a_mm_1": -40.0, "a_mm_2": 20.0, "a_mm_3": 20.0, "a_mp_0": -40.0, "a_mp_1": 20.0, "a_mp_2": -40.0, "a_mp_3": -21.660402160861555, "a_pm_0": 20.0, "a_pm_1": 20.0, "a_pm_2": 0.22290680377013447, "a_pm_3": 20.0, "a_pp_1": 20.0, "a_pp_2": 20.0, "a_pp_3": 20.0}, "datetime": {"datetime": "2024-07-12 23:09:09", "elapsed": 4236.270831, "delta": 12.937588}}
{"target": -6838.632381501673, "params": {"a_c_1": 20.0, "a_c_2": 10.0, "a_mm_0": -40.0, "a_mm_1": 20.0, "a_mm_2": -9.640475927539999, "a_mm_3": 20.0, "a_mp_0": -40.0, "a_mp_1": 20.0, "a_mp_2": 20.0, "a_mp_3": 20.0, "a_pm_0": -40.0, "a_pm_1": 20.0, "a_pm_2": -16.782477921531047, "a_pm_3": 20.0, "a_pp_1": 20.0, "a_pp_2": 20.0, "a_pp_3": 20.0}, "datetime": {"datetime": "2024-07-12 23:09:13", "elapsed": 4282.909883, "delta": 10.582471}}
{"target": -528761.487636424, "params": {"a_c_1": 4.586104548690919, "a_c_2": 1.2812422989536987, "a_mm_0": 18.64918247961007, "a_mm_1": -15.67486152953672, "a_mm_2": 11.40214289886903, "a_mm_3": -37.62295242949099, "a_mp_0": -5.014208486585986, "a_mp_1": 15.479916804082016, "a_mp_2": -17.94243946456431, "a_mp_3": -18.80458389335798, "a_pm_0": -34.7283710752554, "a_pm_1": -0.8435947722874317, "a_pm_2": 2.763842189024615, "a_pm_3": -37.727277518841696, "a_pp_1": 9.671237290445859, "a_pp_2": -1.8976142137219014, "a_pp_3": -39.11732720268276}, "datetime": {"datetime": "2024-07-12 23:09:13", "elapsed": 4404.500708, "delta": 7.601715}}
{"target": -15459.495310928682, "params": {"a_c_1": 20.0, "a_c_2": 10.0, "a_mm_0": 20.0, "a_mm_1": 20.0, "a_mm_2": -12.06592760393732, "a_mm_3": -34.35412162678063, "a_mp_0": -40.0, "a_mp_1": 20.0, "a_mp_2": 20.0, "a_mp_3": 20.0, "a_pm_0": 20.0, "a_pm_1": -40.0, "a_pm_2": 20.0, "a_pm_3": 20.0, "a_pp_1": -6.361364864290979, "a_pp_2": 20.0, "a_pp_3": 20.0}, "datetime": {"datetime": "2024-07-12 23:09:16", "elapsed": 4307.780906, "delta": 9.972195}}
{"target": -117984.21474326274, "params": {"a_c_1": 6.439408280638155, "a_c_2": 5.0876489048286455, "a_mm_0": 2.1481653750758127, "a_mm_1": -9.250582731484329, "a_mm_2": 9.234200310894408, "a_mm_3": 17.8515077573, "a_mp_0": -25.477478829870222, "a_mp_1": -31.365808292872586, "a_mp_2": -31.319915877905764, "a_mp_3": -33.596381379526285, "a_pm_0": -6.525726522468865, "a_pm_1": 8.742786534071762, "a_pm_2": 11.166957584154474, "a_pm_3": 7.4523142441191155, "a_pp_1": 18.210573584845598, "a_pp_2": -14.709385942784419, "a_pp_3": -26.68380354389309}, "datetime": {"datetime": "2024-07-12 23:09:17", "elapsed": 4265.597398, "delta": 10.109417}}
{"target": -5170.551055757359, "params": {"a_c_1": 20.0, "a_c_2": 10.0, "a_mm_0": 20.0, "a_mm_1": -40.0, "a_mm_2": -40.0, "a_mm_3": 20.0, "a_mp_0": 20.0, "a_mp_1": 20.0, "a_mp_2": 20.0, "a_mp_3": 20.0, "a_pm_0": -40.0, "a_pm_1": 20.0, "a_pm_2": 20.0, "a_pm_3": 20.0, "a_pp_1": 20.0, "a_pp_2": 20.0, "a_pp_3": 20.0}, "datetime": {"datetime": "2024-07-12 23:09:21", "elapsed": 4248.120983, "delta": 11.850152}}
{"target": -4728.215702247534, "params": {"a_c_1": 20.0, "a_c_2": 10.0, "a_mm_0": 20.0, "a_mm_1": -40.0, "a_mm_2": -32.50012655642157, "a_mm_3": -3.7208273225367754, "a_mp_0": 20.0, "a_mp_1": 20.0, "a_mp_2": 20.0, "a_mp_3": 20.0, "a_pm_0": -40.0, "a_pm_1": 20.0, "a_pm_2": -22.854753934893, "a_pm_3": -10.292611140759682, "a_pp_1": 20.0, "a_pp_2": 20.0, "a_pp_3": 20.0}, "datetime": {"datetime": "2024-07-12 23:09:25", "elapsed": 4415.830839, "delta": 11.330131}}
{"target": -1302.0579023112793, "params": {"a_c_1": 20.0, "a_c_2": 10.0, "a_mm_0": -40.0, "a_mm_1": -40.0, "a_mm_2": 20.0, "a_mm_3": 20.0, "a_mp_0": 20.0, "a_mp_1": 20.0, "a_mp_2": 20.0, "a_mp_3": 20.0, "a_pm_0": 20.0, "a_pm_1": -19.64895214783228, "a_pm_2": 20.0, "a_pm_3": 20.0, "a_pp_1": 20.0, "a_pp_2": 20.0, "a_pp_3": 20.0}, "datetime": {"datetime": "2024-07-12 23:09:25", "elapsed": 4317.294691, "delta": 9.513785}}
{"target": -135710.48262950336, "params": {"a_c_1": 16.593209504609142, "a_c_2": 0.35343345769450085, "a_mm_0": -1.226504879040732, "a_mm_1": -36.391614674821106, "a_mm_2": 14.593046383256173, "a_mm_3": 19.458158045292578, "a_mp_0": -9.489409131619585, "a_mp_1": 13.186003136645901, "a_mp_2": -12.705154628469124, "a_mp_3": -38.10707419842227, "a_pm_0": -0.854277870506067, "a_pm_1": -31.736125165810343, "a_pm_2": 17.236055879762162, "a_pm_3": -14.09187910744349, "a_pp_1": -8.192089408571992, "a_pp_2": 12.657703518586835, "a_pp_3": -29.303685532866325}, "datetime": {"datetime": "2024-07-12 23:09:26", "elapsed": 4295.362547, "delta": 12.452664}}
{"target": -97413.92889613468, "params": {"a_c_1": 12.106741083124245, "a_c_2": 7.7775619927783, "a_mm_0": -22.367894920515315, "a_mm_1": -18.195118389145122, "a_mm_2": -4.252078717593747, "a_mm_3": 16.008420681564758, "a_mp_0": -28.66437521649858, "a_mp_1": 6.3946941965956015, "a_mp_2": -6.062016532747926, "a_mp_3": -24.43273219699356, "a_pm_0": 3.477473515126732, "a_pm_1": -30.937562111933918, "a_pm_2": 3.89250101347681, "a_pm_3": 14.283143746833495, "a_pp_1": 11.429144120105633, "a_pp_2": -36.342345533004995, "a_pp_3": -5.862377990558606}, "datetime": {"datetime": "2024-07-12 23:09:28", "elapsed": 4276.236518, "delta": 10.63912}}
{"target": -277396.3224102645, "params": {"a_c_1": 14.802681009525676, "a_c_2": 5.394282426047022, "a_mm_0": -18.51939969043042, "a_mm_1": -4.963717021893316, "a_mm_2": -39.36946061382043, "a_mm_3": -5.357948174237897, "a_mp_0": -13.600999737836126, "a_mp_1": -16.302110106632306, "a_mp_2": -25.607822270305917, "a_mp_3": -33.407499817166254, "a_pm_0": -10.641586880299155, "a_pm_1": -5.063441985569881, "a_pm_2": 17.62420769019309, "a_pm_3": 14.965675186884908, "a_pp_1": -12.07701215000003, "a_pp_2": -37.37122005567321, "a_pp_3": -13.144953013228225}, "datetime": {"datetime": "2024-07-12 23:09:29", "elapsed": 4256.814932, "delta": 8.693949}}
{"target": -114993.86279454055, "params": {"a_c_1": 10.040384576866806, "a_c_2": 0.22951173060528962, "a_mm_0": 14.410436290468141, "a_mm_1": 17.835157612483073, "a_mm_2": 11.98614291990441, "a_mm_3": -13.40955157874992, "a_mp_0": -8.428524162095648, "a_mp_1": -6.195127333595302, "a_mp_2": -22.791868962975553, "a_mp_3": -4.686451180893641, "a_pm_0": -18.888223460318677, "a_pm_1": -11.715286850585123, "a_pm_2": -0.0010397046780283858, "a_pm_3": 4.001955041249126, "a_pp_1": -28.918225940454906, "a_pp_2": -24.17749510420611, "a_pp_3": -24.991054569358532}, "datetime": {"datetime": "2024-07-12 23:09:34", "elapsed": 4424.923092, "delta": 9.092253}}
{"target": -42248.237479244795, "params": {"a_c_1": 15.737531824350528, "a_c_2": 7.778731385544604, "a_mm_0": -14.885762825451401, "a_mm_1": -12.248717922178578, "a_mm_2": 11.68293253748842, "a_mm_3": -3.432286957868719, "a_mp_0": -10.100933908739066, "a_mp_1": 14.289725506435168, "a_mp_2": -25.235798285133086, "a_mp_3": -1.6522064097880786, "a_pm_0": 7.612776764078305, "a_pm_1": -28.152557605670445, "a_pm_2": -4.343464501466272, "a_pm_3": 4.485922372672533, "a_pp_1": 15.263407504138108, "a_pp_2": 6.831889468238899, "a_pp_3": -4.049647411929293}, "datetime": {"datetime": "2024-07-12 23:09:35", "elapsed": 4327.301093, "delta": 10.006402}}
{"target": -44440.25431194667, "params": {"a_c_1": 0.0, "a_c_2": 10.0, "a_mm_0": 20.0, "a_mm_1": 20.0, "a_mm_2": -40.0, "a_mm_3": -16.057773694645313, "a_mp_0": -40.0, "a_mp_1": 20.0, "a_mp_2": 20.0, "a_mp_3": 20.0, "a_pm_0": 20.0, "a_pm_1": 20.0, "a_pm_2": -40.0, "a_pm_3": -4.65467843528972, "a_pp_1": 20.0, "a_pp_2": 20.0, "a_pp_3": 20.0}, "datetime": {"datetime": "2024-07-12 23:09:35", "elapsed": 4305.208995, "delta": 9.846448}}
{"target": -30704.338061873957, "params": {"a_c_1": 0.0, "a_c_2": 10.0, "a_mm_0": 20.0, "a_mm_1": 20.0, "a_mm_2": 20.0, "a_mm_3": -35.25818341578341, "a_mp_0": 20.0, "a_mp_1": -40.0, "a_mp_2": 20.0, "a_mp_3": 20.0, "a_pm_0": 20.0, "a_pm_1": -40.0, "a_pm_2": -24.866326544816193, "a_pm_3": 20.0, "a_pp_1": 20.0, "a_pp_2": 20.0, "a_pp_3": 20.0}, "datetime": {"datetime": "2024-07-12 23:09:41", "elapsed": 4289.768225, "delta": 13.531707}}
{"target": -72506.88248875951, "params": {"a_c_1": 5.201584050661639, "a_c_2": 1.2238175317125055, "a_mm_0": -28.465262156903144, "a_mm_1": -38.34475790366321, "a_mm_2": -9.550469441625534, "a_mm_3": -25.631965963029643, "a_mp_0": 19.313664107285938, "a_mp_1": 4.280206027154293, "a_mp_2": -21.051777507057857, "a_mp_3": -7.887752740986642, "a_pm_0": -31.983456500720795, "a_pm_1": -21.69991718586382, "a_pm_2": -7.808874819783583, "a_pm_3": 10.582885266909933, "a_pp_1": 0.9090845844063864, "a_pp_2": 10.7916290483386, "a_pp_3": 17.44993298996185}, "datetime": {"datetime": "2024-07-12 23:09:41", "elapsed": 4268.660779, "delta": 11.845847}}
{"target": -22319.521167937302, "params": {"a_c_1": 0.0, "a_c_2": 10.0, "a_mm_0": -40.0, "a_mm_1": -40.0, "a_mm_2": 20.0, "a_mm_3": 20.0, "a_mp_0": -40.0, "a_mp_1": 20.0, "a_mp_2": 20.0, "a_mp_3": 20.0, "a_pm_0": -40.0, "a_pm_1": 20.0, "a_pm_2": 20.0, "a_pm_3": 20.0, "a_pp_1": 20.0, "a_pp_2": -21.070186910803145, "a_pp_3": 20.0}, "datetime": {"datetime": "2024-07-12 23:09:42", "elapsed": 4433.377534, "delta": 8.454442}}
{"target": -121918.14837871821, "params": {"a_c_1": 7.283004364952232, "a_c_2": 8.514580264928846, "a_mm_0": -32.96169409577421, "a_mm_1": 2.592931915926343, "a_mm_2": -26.900213345311993, "a_mm_3": -9.736173008114957, "a_mp_0": 11.172321243971993, "a_mp_1": -25.315980045805567, "a_mp_2": -23.458574568166107, "a_mp_3": -9.1542438274812, "a_pm_0": -16.055796566066473, "a_pm_1": 2.4487174618522474, "a_pm_2": -18.896011478397753, "a_pm_3": 3.107966098063983, "a_pp_1": 17.497870782397598, "a_pp_2": -1.0911649949534876, "a_pp_3": 7.68592951084122}, "datetime": {"datetime": "2024-07-12 23:09:45", "elapsed": 4336.924027, "delta": 9.622934}}
{"target": -5098.425373921473, "params": {"a_c_1": 0.0, "a_c_2": 10.0, "a_mm_0": -40.0, "a_mm_1": 20.0, "a_mm_2": 20.0, "a_mm_3": 20.0, "a_mp_0": -40.0, "a_mp_1": -40.0, "a_mp_2": 20.0, "a_mp_3": 20.0, "a_pm_0": 20.0, "a_pm_1": 20.0, "a_pm_2": -40.0, "a_pm_3": 20.0, "a_pp_1": 20.0, "a_pp_2": 20.0, "a_pp_3": 20.0}, "datetime": {"datetime": "2024-07-12 23:09:48", "elapsed": 4317.647388, "delta": 12.438393}}
{"target": -18346.579576437074, "params": {"a_c_1": 0.0, "a_c_2": 10.0, "a_mm_0": -40.0, "a_mm_1": 20.0, "a_mm_2": 20.0, "a_mm_3": -35.298792822662804, "a_mp_0": -40.0, "a_mp_1": 20.0, "a_mp_2": 20.0, "a_mp_3": 20.0, "a_pm_0": 20.0, "a_pm_1": 20.0, "a_pm_2": -25.024330510091666, "a_pm_3": 20.0, "a_pp_1": -40.0, "a_pp_2": 20.0, "a_pp_3": 20.0}, "datetime": {"datetime": "2024-07-12 23:09:52", "elapsed": 4300.416552, "delta": 10.648327}}
{"target": -19889.450602439385, "params": {"a_c_1": 0.0, "a_c_2": 10.0, "a_mm_0": 20.0, "a_mm_1": -40.0, "a_mm_2": 20.0, "a_mm_3": 20.0, "a_mp_0": 20.0, "a_mp_1": -40.0, "a_mp_2": 20.0, "a_mp_3": -40.0, "a_pm_0": 20.0, "a_pm_1": 20.0, "a_pm_2": 20.0, "a_pm_3": 20.0, "a_pp_1": 20.0, "a_pp_2": 20.0, "a_pp_3": 20.0}, "datetime": {"datetime": "2024-07-12 23:09:53", "elapsed": 4280.579717, "delta": 11.918938}}
{"target": -187658.96064226868, "params": {"a_c_1": 1.7687674440515377, "a_c_2": 4.015272459276316, "a_mm_0": -19.09516239318956, "a_mm_1": 17.30101732826669, "a_mm_2": -16.795783004097704, "a_mm_3": -7.734930341101318, "a_mp_0": -26.310010136345465, "a_mp_1": -32.57363042029045, "a_mp_2": 11.20767340317719, "a_mp_3": -8.533619419267293, "a_pm_0": -38.37587122833172, "a_pm_1": 18.217104146266152, "a_pm_2": -7.598201300162387, "a_pm_3": -24.23685915354477, "a_pp_1": -28.67870222164831, "a_pp_2": -32.05626270150971, "a_pp_3": -27.280946386391708}, "datetime": {"datetime": "2024-07-12 23:09:54", "elapsed": 4444.923453, "delta": 11.545919}}
{"target": -6750.314198054668, "params": {"a_c_1": 0.0, "a_c_2": 10.0, "a_mm_0": 20.0, "a_mm_1": 20.0, "a_mm_2": 20.0, "a_mm_3": 20.0, "a_mp_0": -40.0, "a_mp_1": -40.0, "a_mp_2": -40.0, "a_mp_3": 20.0, "a_pm_0": 20.0, "a_pm_1": -12.542035673121976, "a_pm_2": 20.0, "a_pm_3": 20.0, "a_pp_1": 20.0, "a_pp_2": 20.0, "a_pp_3": 20.0}, "datetime": {"datetime": "2024-07-12 23:09:55", "elapsed": 4347.597416, "delta": 10.673389}}
{"target": -2874.0912983332328, "params": {"a_c_1": 20.0, "a_c_2": 10.0, "a_mm_0": -40.0, "a_mm_1": -40.0, "a_mm_2": 20.0, "a_mm_3": 20.0, "a_mp_0": 20.0, "a_mp_1": 20.0, "a_mp_2": 20.0, "a_mp_3": 20.0, "a_pm_0": 20.0, "a_pm_1": -40.0, "a_pm_2": 20.0, "a_pm_3": 20.0, "a_pp_1": 20.0, "a_pp_2": 20.0, "a_pp_3": 20.0}, "datetime": {"datetime": "2024-07-12 23:09:59", "elapsed": 4328.960185, "delta": 11.312797}}
{"target": -299924.9768617128, "params": {"a_c_1": 8.220106129386476, "a_c_2": 7.100146159761108, "a_mm_0": -1.1791265703038576, "a_mm_1": -1.7914332059563023, "a_mm_2": -29.390323967426614, "a_mm_3": 9.572687278919275, "a_mp_0": 3.1488895000055166, "a_mp_1": -30.94092105830876, "a_mp_2": 19.534887139927804, "a_mp_3": -26.142740133809035, "a_pm_0": -7.237741124618005, "a_pm_1": -19.895721820214455, "a_pm_2": 8.58288678982489, "a_pm_3": -25.809493056313148, "a_pp_1": -15.10005398345369, "a_pp_2": -32.28370556737967, "a_pp_3": 2.3271945137595367}, "datetime": {"datetime": "2024-07-12 23:10:02", "elapsed": 4453.183022, "delta": 8.259569}}
{"target": -10105.802324406586, "params": {"a_c_1": 20.0, "a_c_2": 10.0, "a_mm_0": -40.0, "a_mm_1": -40.0, "a_mm_2": 20.0, "a_mm_3": 20.0, "a_mp_0": 20.0, "a_mp_1": -15.475137665212987, "a_mp_2": 20.0, "a_mp_3": 20.0, "a_pm_0": -40.0, "a_pm_1": -4.7729683282278055, "a_pm_2": 20.0, "a_pm_3": 20.0, "a_pp_1": -26.177999968629216, "a_pp_2": 20.0, "a_pp_3": 20.0}, "datetime": {"datetime": "2024-07-12 23:10:04", "elapsed": 4291.02588, "delta": 10.446163}}
{"target": -3326.797788910602, "params": {"a_c_1": 0.0, "a_c_2": 10.0, "a_mm_0": 20.0, "a_mm_1": -40.0, "a_mm_2": -21.632716783981888, "a_mm_3": 20.0, "a_mp_0": -40.0, "a_mp_1": 20.0, "a_mp_2": 20.0, "a_mp_3": -7.766973616510038, "a_pm_0": 20.0, "a_pm_1": 20.0, "a_pm_2": 20.0, "a_pm_3": -15.805039559128447, "a_pp_1": 20.0, "a_pp_2": 20.0, "a_pp_3": 20.0}, "datetime": {"datetime": "2024-07-12 23:10:04", "elapsed": 4312.639694, "delta": 12.223142}}
{"target": -97624.50658190135, "params": {"a_c_1": 12.372058934525485, "a_c_2": 6.21987514860805, "a_mm_0": 2.214174437516675, "a_mm_1": -20.9705089201506, "a_mm_2": -10.80694513827985, "a_mm_3": 9.143062765443126, "a_mp_0": -31.29369185771052, "a_mp_1": 15.360439587721089, "a_mp_2": -14.020558416140233, "a_mp_3": -13.063631397862444, "a_pm_0": -14.782457894125777, "a_pm_1": 9.2180639180891, "a_pm_2": -0.9875215287589114, "a_pm_3": 17.91961054430913, "a_pp_1": 2.074459944107481, "a_pp_2": -1.7144278574429634, "a_pp_3": -38.235018673243104}, "datetime": {"datetime": "2024-07-12 23:10:06", "elapsed": 4357.652174, "delta": 10.054758}}
