{"target": -21215.01856143294, "params": {"a_c_1": 0.0, "a_c_2": 10.0, "a_mm_0": -40.0, "a_mm_1": 20.0, "a_mm_2": 20.0, "a_mm_3": 20.0, "a_mp_0": 20.0, "a_mp_1": 20.0, "a_mp_2": 3.708237990396644, "a_mp_3": -16.448242619995796, "a_pm_0": -40.0, "a_pm_1": 20.0, "a_pm_2": 20.0, "a_pm_3": 20.0, "a_pp_1": -29.21315894294057, "a_pp_2": -31.822802950292292, "a_pp_3": 20.0}, "datetime": {"datetime": "2024-07-12 22:48:27", "elapsed": 2994.359777, "delta": 9.938153}}
{"target": -5120.06325707002, "params": {"a_c_1": 20.0, "a_c_2": 10.0, "a_mm_0": 20.0, "a_mm_1": -40.0, "a_mm_2": -40.0, "a_mm_3": 20.0, "a_mp_0": 20.0, "a_mp_1": 20.0, "a_mp_2": 20.0, "a_mp_3": 20.0, "a_pm_0": 20.0, "a_pm_1": 20.0, "a_pm_2": 20.0, "a_pm_3": 20.0, "a_pp_1": 20.0, "a_pp_2": 20.0, "a_pp_3": 20.0}, "datetime": {"datetime": "2024-07-12 22:48:28", "elapsed": 3159.443584, "delta": 10.354538}}
{"target": -5833.655528307864, "params": {"a_c_1": 20.0, "a_c_2": 10.0, "a_mm_0": -40.0, "a_mm_1": 20.0, "a_mm_2": 20.0, "a_mm_3": 20.0, "a_mp_0": 20.0, "a_mp_1": 20.0, "a_mp_2": 20.0, "a_mp_3": -7.568239996543159, "a_pm_0": 20.0, "a_pm_1": 20.0, "a_pm_2": -40.0, "a_pm_3": 20.0, "a_pp_1": -40.0, "a_pp_2": 20.0, "a_pp_3": 20.0}, "datetime": {"datetime": "2024-07-12 22:48:32", "elapsed": 3064.084863, "delta": 12.734032}}
{"target": -162714.9313287006, "params": {"a_c_1": 3.982595829990263, "a_c_2": 2.7634935535005334, "a_mm_0": -29.74076065747508, "a_mm_1": 4.238783259557962, "a_mm_2": -8.064135750191895, "a_mm_3": 15.46366804359679, "a_mp_0": -18.539530150611103, "a_mp_1": -20.806238783451686, "a_mp_2": 19.976252283015285, "a_mp_3": -25.29365429611156, "a_pm_0": -12.462876800165994, "a_pm_1": -3.4720317268190612, "a_pm_2": -13.840116671521226, "a_pm_3": -5.018559842393664, "a_pp_1": -33.94068937811002, "a_pp_2": -30.501305267265547, "a_pp_3": -17.590808123236204}, "datetime": {"datetime": "2024-07-12 22:48:35", "elapsed": 3023.25637, "delta": 8.069654}}
{"target": -110617.94249492968, "params": {"a_c_1": 4.47026379559385, "a_c_2": 0.6437498066360969, "a_mm_0": -11.259729730382823, "a_mm_1": -20.61285833285568, "a_mm_2": -17.738046973571954, "a_mm_3": -3.2967939271477675, "a_mp_0": -12.222422815415669, "a_mp_1": 7.416709733768471, "a_mp_2": 8.639902062168929, "a_mp_3": -38.20146082567937, "a_pm_0": 13.385840380714676, "a_pm_1": -19.12119634440627, "a_pm_2": 4.142939140461856, "a_pm_3": -7.919878397384686, "a_pp_1": 12.964178918730937, "a_pp_2": -23.043040099789046, "a_pp_3": 16.159266978740746}, "datetime": {"datetime": "2024-07-12 22:48:35", "elapsed": 3044.503815, "delta": 8.883018}}
{"target": -18572.53598142365, "params": {"a_c_1": 20.0, "a_c_2": 10.0, "a_mm_0": -40.0, "a_mm_1": -40.0, "a_mm_2": 20.0, "a_mm_3": 20.0, "a_mp_0": 20.0, "a_mp_1": 20.0, "a_mp_2": 20.0, "a_mp_3": -3.020755000323203, "a_pm_0": 20.0, "a_pm_1": 20.0, "a_pm_2": -40.0, "a_pm_3": -5.610811611148004, "a_pp_1": -40.0, "a_pp_2": 20.0, "a_pp_3": 20.0}, "datetime": {"datetime": "2024-07-12 22:48:38", "elapsed": 3005.632935, "delta": 11.273158}}
{"target": -7255.625392543803, "params": {"a_c_1": 0.0, "a_c_2": 10.0, "a_mm_0": -40.0, "a_mm_1": 20.0, "a_mm_2": 20.0, "a_mm_3": 20.0, "a_mp_0": 20.0, "a_mp_1": -14.388103438635236, "a_mp_2": -21.740697532623553, "a_mp_3": 20.0, "a_pm_0": 20.0, "a_pm_1": 20.0, "a_pm_2": -11.466326818989574, "a_pm_3": 20.0, "a_pp_1": 20.0, "a_pp_2": 20.0, "a_pp_3": 20.0}, "datetime": {"datetime": "2024-07-12 22:48:39", "elapsed": 3170.499036, "delta": 11.055452}}
{"target": -6889.253936024648, "params": {"a_c_1": 0.0, "a_c_2": 0.0, "a_mm_0": 20.0, "a_mm_1": 20.0, "a_mm_2": -6.6308619326463045, "a_mm_3": 20.0, "a_mp_0": 20.0, "a_mp_1": 20.0, "a_mp_2": 20.0, "a_mp_3": 20.0, "a_pm_0": 20.0, "a_pm_1": 20.0, "a_pm_2": -40.0, "a_pm_3": 20.0, "a_pp_1": -5.372141480741104, "a_pp_2": 20.0, "a_pp_3": 20.0}, "datetime": {"datetime": "2024-07-12 22:48:43", "elapsed": 3074.957922, "delta": 10.873059}}
{"target": -148432.7962528692, "params": {"a_c_1": 8.29584044655765, "a_c_2": 8.865423701885732, "a_mm_0": -24.716684231314225, "a_mm_1": -18.28429228922833, "a_mm_2": -28.681904680422562, "a_mm_3": -33.178389269446456, "a_mp_0": -33.19586868750728, "a_mp_1": 12.742687122653805, "a_mp_2": -8.93294891414665, "a_mp_3": 5.669891930663347, "a_pm_0": 1.6844834345001445, "a_pm_1": -17.323537881339213, "a_pm_2": -0.30486504457579855, "a_pm_3": -3.8734527458343067, "a_pp_1": -9.255220395503201, "a_pp_2": -3.891243255687513, "a_pp_3": -11.27055726854162}, "datetime": {"datetime": "2024-07-12 22:48:45", "elapsed": 3054.269985, "delta": 9.76617}}
{"target": -39859.80580293258, "params": {"a_c_1": 18.212575387286275, "a_c_2": 5.9829878331495525, "a_mm_0": 6.322902973756236, "a_mm_1": 8.981077827706073, "a_mm_2": 15.554698197430866, "a_mm_3": -5.155303698674125, "a_mp_0": -34.64068996609947, "a_mp_1": -2.8829068068873056, "a_mp_2": -20.572487542114853, "a_mp_3": -1.794663175846992, "a_pm_0": -34.441959916262064, "a_pm_1": 16.176997604500663, "a_pm_2": 9.726364968359647, "a_pm_3": -12.880623975651737, "a_pp_1": 16.89177351233247, "a_pp_2": 7.54355606458504, "a_pp_3": -11.74407708965947}, "datetime": {"datetime": "2024-07-12 22:48:47", "elapsed": 3178.019428, "delta": 7.520392}}
{"target": -580304.0114218335, "params": {"a_c_1": 12.193963074404259, "a_c_2": 4.4373922441974, "a_mm_0": 0.8066484119788555, "a_mm_1": -11.654772518219897, "a_mm_2": 6.363850745336933, "a_mm_3": -21.790496166014275, "a_mp_0": -31.444088176553002, "a_mp_1": 19.370786236611913, "a_mp_2": -14.442207269373746, "a_mp_3": 3.692265404381196, "a_pm_0": 3.1282947295005457, "a_pm_1": -24.442955358171215, "a_pm_2": -39.5130767339765, "a_pm_3": -35.9120502246444, "a_pp_1": -36.33019633144585, "a_pp_2": -34.13980574316373, "a_pp_3": -24.853234558643656}, "datetime": {"datetime": "2024-07-12 22:48:48", "elapsed": 3015.03911, "delta": 9.406175}}
{"target": -3918.5300650303575, "params": {"a_c_1": 3.013773057223992, "a_c_2": 9.867506569202009, "a_mm_0": 19.512018339678143, "a_mm_1": 9.03055217785073, "a_mm_2": -25.597884386397368, "a_mm_3": 15.777754568404184, "a_mp_0": 13.935720013511428, "a_mp_1": -9.805285911223145, "a_mp_2": 7.544679226385298, "a_mp_3": 8.231876040927425, "a_pm_0": -16.065595777775957, "a_pm_1": 11.402918788333587, "a_pm_2": 6.715499758179334, "a_pm_3": 12.813850828243375, "a_pp_1": -11.558761022259745, "a_pp_2": -1.0613780897620515, "a_pp_3": 15.514903803133336}, "datetime": {"datetime": "2024-07-12 22:48:54", "elapsed": 3086.215568, "delta": 11.257646}}
{"target": -1369.894117201523, "params": {"a_c_1": 20.0, "a_c_2": 10.0, "a_mm_0": -40.0, "a_mm_1": -39.99999999999999, "a_mm_2": 20.0, "a_mm_3": 20.0, "a_mp_0": 20.0, "a_mp_1": 20.0, "a_mp_2": 20.0, "a_mp_3": 20.0, "a_pm_0": 20.0, "a_pm_1": 20.0, "a_pm_2": 20.0, "a_pm_3": 20.0, "a_pp_1": 20.0, "a_pp_2": 20.0, "a_pp_3": 20.0}, "datetime": {"datetime": "2024-07-12 22:48:56", "elapsed": 3044.867152, "delta": 21.610782}}
{"target": -136083.19573943797, "params": {"a_c_1": 4.219090970566796, "a_c_2": 5.316325730047813, "a_mm_0": -33.62220971056771, "a_mm_1": -26.875870463762332, "a_mm_2": -15.60210283276055, "a_mm_3": 14.04735780576629, "a_mp_0": 4.220511555194619, "a_mp_1": 17.651623312872324, "a_mp_2": 18.660416160831424, "a_mp_3": 0.0036375649853894743, "a_pm_0": -28.315659291107757, "a_pm_1": -4.406391272135878, "a_pm_2": 7.4029967196710444, "a_pm_3": -33.034114262025525, "a_pp_1": -19.387896811798342, "a_pp_2": -26.56592003442153, "a_pp_3": -15.786995324102755}, "datetime": {"datetime": "2024-07-12 22:48:57", "elapsed": 3024.386652, "delta": 9.347542}}
{"target": -21315.358439521442, "params": {"a_c_1": 0.0, "a_c_2": 10.0, "a_mm_0": 20.0, "a_mm_1": 20.0, "a_mm_2": -40.0, "a_mm_3": -22.11356382899778, "a_mp_0": 20.0, "a_mp_1": 20.0, "a_mp_2": 20.0, "a_mp_3": 20.0, "a_pm_0": 4.187570767638006, "a_pm_1": -40.0, "a_pm_2": -30.916293090758327, "a_pm_3": -16.536504248092296, "a_pp_1": 20.0, "a_pp_2": 20.0, "a_pp_3": 20.0}, "datetime": {"datetime": "2024-07-12 22:48:57", "elapsed": 3067.173361, "delta": 12.903376}}
{"target": -7840.399651804833, "params": {"a_c_1": 0.0, "a_c_2": 10.0, "a_mm_0": -40.0, "a_mm_1": 20.0, "a_mm_2": -19.953801633827403, "a_mm_3": -19.88904319081108, "a_mp_0": -40.0, "a_mp_1": -1.9787638353207846, "a_mp_2": 20.0, "a_mp_3": 20.0, "a_pm_0": -40.0, "a_pm_1": 20.0, "a_pm_2": -9.774199459745208, "a_pm_3": 20.0, "a_pp_1": 20.0, "a_pp_2": 20.0, "a_pp_3": 20.0}, "datetime": {"datetime": "2024-07-12 22:48:58", "elapsed": 3189.283472, "delta": 11.264044}}
{"target": -8889.049311022878, "params": {"a_c_1": 0.0, "a_c_2": 10.0, "a_mm_0": -40.0, "a_mm_1": -40.0, "a_mm_2": 3.229362785011932, "a_mm_3": 20.0, "a_mp_0": -40.0, "a_mp_1": 20.0, "a_mp_2": 20.0, "a_mp_3": 20.0, "a_pm_0": -40.0, "a_pm_1": 20.0, "a_pm_2": 20.0, "a_pm_3": 20.0, "a_pp_1": 20.0, "a_pp_2": 20.0, "a_pp_3": 20.0}, "datetime": {"datetime": "2024-07-12 22:49:06", "elapsed": 3054.46535, "delta": 9.598198}}
{"target": -20290.309889553027, "params": {"a_c_1": 0.0, "a_c_2": 10.0, "a_mm_0": -40.0, "a_mm_1": 20.0, "a_mm_2": 20.0, "a_mm_3": 20.0, "a_mp_0": 20.0, "a_mp_1": -17.9853617597253, "a_mp_2": -22.888418375431957, "a_mp_3": 20.0, "a_pm_0": 20.0, "a_pm_1": -40.0, "a_pm_2": -40.0, "a_pm_3": 20.0, "a_pp_1": 20.0, "a_pp_2": 20.0, "a_pp_3": 20.0}, "datetime": {"datetime": "2024-07-12 22:49:06", "elapsed": 3098.376386, "delta": 12.160818}}
{"target": -226188.65203492492, "params": {"a_c_1": 4.892280884545748, "a_c_2": 8.411010579211236, "a_mm_0": -34.94706577754507, "a_mm_1": -31.73075210902295, "a_mm_2": -14.46750197289543, "a_mm_3": -24.14266043230839, "a_mp_0": -1.6503362578523948, "a_mp_1": 13.531794196980144, "a_mp_2": -30.891356664474724, "a_mp_3": 0.8993828649746476, "a_pm_0": -37.35874312075083, "a_pm_1": -7.652581359544229, "a_pm_2": -5.638040629141187, "a_pm_3": -32.23157807753185, "a_pp_1": -20.36265593389663, "a_pp_2": -4.562128218223464, "a_pp_3": -23.700207025823946}, "datetime": {"datetime": "2024-07-12 22:49:09", "elapsed": 3199.740268, "delta": 10.456796}}
{"target": -11575.006836514634, "params": {"a_c_1": 20.0, "a_c_2": 10.0, "a_mm_0": 20.0, "a_mm_1": 20.0, "a_mm_2": 20.0, "a_mm_3": 20.0, "a_mp_0": -40.0, "a_mp_1": 20.0, "a_mp_2": 20.0, "a_mp_3": -27.889973533674183, "a_pm_0": 20.0, "a_pm_1": -40.0, "a_pm_2": -26.001250961007177, "a_pm_3": 20.0, "a_pp_1": 20.0, "a_pp_2": 20.0, "a_pp_3": 20.0}, "datetime": {"datetime": "2024-07-12 22:49:10", "elapsed": 3037.248809, "delta": 12.862157}}
{"target": -2327.1663485378244, "params": {"a_c_1": 20.0, "a_c_2": 10.0, "a_mm_0": 20.0, "a_mm_1": 20.0, "a_mm_2": -9.305734117407537, "a_mm_3": -10.356066997437669, "a_mp_0": -40.0, "a_mp_1": 20.0, "a_mp_2": -4.8493157987944375, "a_mp_3": 20.0, "a_pm_0": 20.0, "a_pm_1": -40.0, "a_pm_2": -5.011085427038221, "a_pm_3": 20.0, "a_pp_1": 20.0, "a_pp_2": 20.0, "a_pp_3": 20.0}, "datetime": {"datetime": "2024-07-12 22:49:11", "elapsed": 3080.850133, "delta": 13.676772}}
{"target": -60451.006487251885, "params": {"a_c_1": 10.903428145663776, "a_c_2": 8.77560668495126, "a_mm_0": 9.499779861919713, "a_mm_1": 16.01947854993415, "a_mm_2": 19.579705397360826, "a_mm_3": -18.729080524928456, "a_mp_0": 1.6765264702120035, "a_mp_1": -33.59923035572328, "a_mp_2": 6.845546411461541, "a_mp_3": -28.357008723280455, "a_pm_0": -17.37134809141342, "a_pm_1": -31.4356825147372, "a_pm_2": 6.794784846457986, "a_pm_3": 8.690741535139182, "a_pp_1": 6.964151381879937, "a_pp_2": 6.378874877575157, "a_pp_3": -9.169716967354024}, "datetime": {"datetime": "2024-07-12 22:49:14", "elapsed": 3062.791132, "delta": 8.325782}}
{"target": -30581.396166922877, "params": {"a_c_1": 0.0, "a_c_2": 10.0, "a_mm_0": -40.0, "a_mm_1": -40.0, "a_mm_2": 2.5315407518699304, "a_mm_3": 20.0, "a_mp_0": 20.0, "a_mp_1": 20.0, "a_mp_2": -30.511565292306148, "a_mp_3": 20.0, "a_pm_0": -40.0, "a_pm_1": 20.0, "a_pm_2": 13.388948357114431, "a_pm_3": -24.54765940386433, "a_pp_1": 20.0, "a_pp_2": 20.0, "a_pp_3": 20.0}, "datetime": {"datetime": "2024-07-12 22:49:18", "elapsed": 3110.147931, "delta": 11.771545}}
{"target": -6322.602312011853, "params": {"a_c_1": 0.0, "a_c_2": 0.0, "a_mm_0": 20.0, "a_mm_1": -40.0, "a_mm_2": 20.0, "a_mm_3": 20.0, "a_mp_0": 20.0, "a_mp_1": 20.0, "a_mp_2": 20.0, "a_mp_3": 20.0, "a_pm_0": 20.0, "a_pm_1": 20.0, "a_pm_2": -40.0, "a_pm_3": 20.0, "a_pp_1": 20.0, "a_pp_2": 20.0, "a_pp_3": 20.0}, "datetime": {"datetime": "2024-07-12 22:49:19", "elapsed": 3210.324889, "delta": 10.584621}}
{"target": -10058.019285773464, "params": {"a_c_1": 0.0, "a_c_2": 10.0, "a_mm_0": 20.0, "a_mm_1": 20.0, "a_mm_2": 20.0, "a_mm_3": 20.0, "a_mp_0": 20.0, "a_mp_1": 20.0, "a_mp_2": 20.0, "a_mp_3": -33.278642188401044, "a_pm_0": 20.0, "a_pm_1": 20.0, "a_pm_2": -18.420146691065124, "a_pm_3": 20.0, "a_pp_1": -40.0, "a_pp_2": 20.0, "a_pp_3": 20.0}, "datetime": {"datetime": "2024-07-12 22:49:22", "elapsed": 3049.516909, "delta": 12.2681}}
{"target": -293399.5643400856, "params": {"a_c_1": 2.0263099774273163, "a_c_2": 5.286179130381131, "a_mm_0": 2.147949118841808, "a_mm_1": -26.190588955018097, "a_mm_2": -25.36013967509194, "a_mm_3": -15.230603892309777, "a_mp_0": -25.94711782577231, "a_mp_1": -0.587862983852915, "a_mp_2": 3.514788005269054, "a_mp_3": -39.81036983246778, "a_pm_0": -35.86063292278422, "a_pm_1": -24.389506766910763, "a_pm_2": 15.321850988058351, "a_pm_3": -2.244806742194747, "a_pp_1": -27.54250880486736, "a_pp_2": -19.482606371934427, "a_pp_3": -31.30555859780619}, "datetime": {"datetime": "2024-07-12 22:49:24", "elapsed": 3072.11634, "delta": 9.325208}}
{"target": -36297.88799576091, "params": {"a_c_1": 18.103019784493334, "a_c_2": 7.766770254779413, "a_mm_0": -1.80423668902894, "a_mm_1": -6.574705129185162, "a_mm_2": -24.597706201890237, "a_mm_3": -2.2294852102223075, "a_mp_0": 14.91082257294812, "a_mp_1": -23.217136451991323, "a_mp_2": -20.433509180264547, "a_mp_3": -2.4280199414601995, "a_pm_0": 7.779656291261958, "a_pm_1": -34.904877224216484, "a_pm_2": 18.387775439153245, "a_pm_3": 7.873579449761806, "a_pp_1": -6.04998611576174, "a_pp_2": 13.862318283428088, "a_pp_3": 7.567535972017438}, "datetime": {"datetime": "2024-07-12 22:49:24", "elapsed": 3093.958944, "delta": 13.108811}}
{"target": -281143.033094756, "params": {"a_c_1": 1.1174597695485988, "a_c_2": 5.253339405867167, "a_mm_0": -25.95445466010304, "a_mm_1": -31.919097989064852, "a_mm_2": -11.49754577596665, "a_mm_3": -35.27251212043761, "a_mp_0": 17.307187843634175, "a_mp_1": -32.97273111121494, "a_mp_2": -24.24549183175404, "a_mp_3": -7.592336556191789, "a_pm_0": 14.7673244814697, "a_pm_1": -17.37970093153661, "a_pm_2": -6.9781117837292825, "a_pm_3": -32.91750237830277, "a_pp_1": -0.9935358130571146, "a_pp_2": 11.075058203093029, "a_pp_3": -27.497331762108885}, "datetime": {"datetime": "2024-07-12 22:49:27", "elapsed": 3119.445953, "delta": 9.298022}}
{"target": -166711.2790786717, "params": {"a_c_1": 18.827378752658845, "a_c_2": 1.0613901644912005, "a_mm_0": -1.7748972593600882, "a_mm_1": -0.2796053175457729, "a_mm_2": -12.499670358192695, "a_mm_3": -34.498049404469086, "a_mp_0": 17.33994197342561, "a_mp_1": -36.85775060519054, "a_mp_2": 10.720989425490167, "a_mp_3": -34.25715677733226, "a_pm_0": 16.700263836196207, "a_pm_1": 0.8295965996851322, "a_pm_2": -13.181980404442967, "a_pm_3": -2.3524716351828943, "a_pp_1": -14.099655039358055, "a_pp_2": -17.002637357437823, "a_pp_3": -7.041134409492798}, "datetime": {"datetime": "2024-07-12 22:49:29", "elapsed": 3219.92532, "delta": 9.600431}}
{"target": -30039.172345265266, "params": {"a_c_1": 5.802510970453296, "a_c_2": 4.701059613345898, "a_mm_0": 6.667337522499068, "a_mm_1": -2.7221697922954675, "a_mm_2": 10.408560111712212, "a_mm_3": -6.955573123037723, "a_mp_0": 9.888387443355107, "a_mp_1": -27.662272837678145, "a_mp_2": -9.436095877551054, "a_mp_3": -18.960488054828964, "a_pm_0": -21.369368347973264, "a_pm_1": -11.43017025705792, "a_pm_2": -13.270151046064083, "a_pm_3": 8.9904087579676, "a_pp_1": 8.29971871518093, "a_pp_2": 15.116088099313536, "a_pp_3": -11.629143789901672}, "datetime": {"datetime": "2024-07-12 22:49:33", "elapsed": 3081.451016, "delta": 9.334676}}
{"target": -10135.302728365294, "params": {"a_c_1": 20.0, "a_c_2": 10.0, "a_mm_0": 20.0, "a_mm_1": -12.185481267702624, "a_mm_2": 1.009720888835998, "a_mm_3": 20.0, "a_mp_0": -6.859588128256352, "a_mp_1": -2.700865630536744, "a_mp_2": -0.6987756109682038, "a_mp_3": -4.260367332248062, "a_pm_0": -40.0, "a_pm_1": -39.136022699340344, "a_pm_2": -5.853330878902667, "a_pm_3": 20.0, "a_pp_1": 14.942454546812465, "a_pp_2": 20.0, "a_pp_3": -4.020787305590425}, "datetime": {"datetime": "2024-07-12 22:49:33", "elapsed": 3060.492149, "delta": 10.97524}}
{"target": -5456.521072611012, "params": {"a_c_1": 0.0, "a_c_2": 10.0, "a_mm_0": 20.0, "a_mm_1": -40.0, "a_mm_2": 20.0, "a_mm_3": 20.0, "a_mp_0": 20.0, "a_mp_1": 20.0, "a_mp_2": 20.0, "a_mp_3": 20.0, "a_pm_0": -40.0, "a_pm_1": 20.0, "a_pm_2": -40.0, "a_pm_3": 20.0, "a_pp_1": 20.0, "a_pp_2": 20.0, "a_pp_3": 20.0}, "datetime": {"datetime": "2024-07-12 22:49:35", "elapsed": 3104.984063, "delta": 11.025119}}
{"target": -6026.457359569809, "params": {"a_c_1": 20.0, "a_c_2": 10.0, "a_mm_0": 20.0, "a_mm_1": -5.851867878388953, "a_mm_2": -40.0, "a_mm_3": 20.0, "a_mp_0": 20.0, "a_mp_1": -40.0, "a_mp_2": 20.0, "a_mp_3": 20.0, "a_pm_0": 20.0, "a_pm_1": 20.0, "a_pm_2": 20.0, "a_pm_3": 20.0, "a_pp_1": 20.0, "a_pp_2": 20.0, "a_pp_3": 20.0}, "datetime": {"datetime": "2024-07-12 22:49:37", "elapsed": 3129.477039, "delta": 10.031086}}
{"target": -4006.6019660096745, "params": {"a_c_1": 20.0, "a_c_2": 0.0, "a_mm_0": 20.0, "a_mm_1": 20.0, "a_mm_2": 2.1739967161272666, "a_mm_3": 20.0, "a_mp_0": 20.0, "a_mp_1": 20.0, "a_mp_2": 20.0, "a_mp_3": 20.0, "a_pm_0": -40.0, "a_pm_1": 20.0, "a_pm_2": -28.217464271873943, "a_pm_3": 20.0, "a_pp_1": -40.0, "a_pp_2": 20.0, "a_pp_3": 20.0}, "datetime": {"datetime": "2024-07-12 22:49:41", "elapsed": 3232.30173, "delta": 12.37641}}
{"target": -5874.702554062828, "params": {"a_c_1": 20.0, "a_c_2": 10.0, "a_mm_0": 20.0, "a_mm_1": -40.0, "a_mm_2": -19.826658346589873, "a_mm_3": 20.0, "a_mp_0": 20.0, "a_mp_1": 20.0, "a_mp_2": 20.0, "a_mp_3": 20.0, "a_pm_0": 20.0, "a_pm_1": 20.0, "a_pm_2": 20.0, "a_pm_3": -22.15568311725701, "a_pp_1": 20.0, "a_pp_2": 20.0, "a_pp_3": 20.0}, "datetime": {"datetime": "2024-07-12 22:49:43", "elapsed": 3092.026951, "delta": 10.575935}}
{"target": -32015.196458695227, "params": {"a_c_1": 20.0, "a_c_2": 10.0, "a_mm_0": 20.0, "a_mm_1": -40.0, "a_mm_2": 20.0, "a_mm_3": -40.0, "a_mp_0": 20.0, "a_mp_1": -40.0, "a_mp_2": 20.0, "a_mp_3": -12.88537650882115, "a_pm_0": 20.0, "a_pm_1": -40.0, "a_pm_2": 20.0, "a_pm_3": 20.0, "a_pp_1": 20.0, "a_pp_2": 20.0, "a_pp_3": 20.0}, "datetime": {"datetime": "2024-07-12 22:49:46", "elapsed": 3073.608873, "delta": 13.116724}}
{"target": -6357.996727882461, "params": {"a_c_1": 20.0, "a_c_2": 10.0, "a_mm_0": 20.0, "a_mm_1": 20.0, "a_mm_2": -40.0, "a_mm_3": 20.0, "a_mp_0": -40.0, "a_mp_1": 20.0, "a_mp_2": 20.0, "a_mp_3": 20.0, "a_pm_0": 20.0, "a_pm_1": 20.0, "a_pm_2": 20.0, "a_pm_3": -20.84704365628328, "a_pp_1": -40.0, "a_pp_2": 20.0, "a_pp_3": 20.0}, "datetime": {"datetime": "2024-07-12 22:49:48", "elapsed": 3117.733935, "delta": 12.749872}}
{"target": -2099.7189278007463, "params": {"a_c_1": 20.0, "a_c_2": 10.0, "a_mm_0": 20.0, "a_mm_1": 20.0, "a_mm_2": 1.9440729488597692, "a_mm_3": 20.0, "a_mp_0": 20.0, "a_mp_1": 20.0, "a_mp_2": -18.348366067268966, "a_mp_3": 20.0, "a_pm_0": 20.0, "a_pm_1": -16.387722442850755, "a_pm_2": -17.325852367209322, "a_pm_3": 20.0, "a_pp_1": 20.0, "a_pp_2": 20.0, "a_pp_3": 20.0}, "datetime": {"datetime": "2024-07-12 22:49:50", "elapsed": 3141.894649, "delta": 12.41761}}
{"target": -67968.78001428937, "params": {"a_c_1": 11.316914651738507, "a_c_2": 5.353465641866716, "a_mm_0": -16.806065543449137, "a_mm_1": -1.4696662423747995, "a_mm_2": 13.345540944487439, "a_mm_3": 9.176989712514157, "a_mp_0": -14.99991753555259, "a_mp_1": -19.49309809785178, "a_mp_2": 19.19600266888957, "a_mp_3": 10.565544146222472, "a_pm_0": 15.150210714089688, "a_pm_1": -5.511032539651609, "a_pm_2": -36.13714960875979, "a_pm_3": 14.273977965124374, "a_pp_1": -39.63923315520284, "a_pp_2": 14.814556770158354, "a_pp_3": -17.563114367277315}, "datetime": {"datetime": "2024-07-12 22:49:50", "elapsed": 3241.442851, "delta": 9.141121}}
{"target": -148938.6868502585, "params": {"a_c_1": 18.279802379690828, "a_c_2": 3.741366486137996, "a_mm_0": -0.8314244017013692, "a_mm_1": 9.772309791800957, "a_mm_2": 19.284298337379738, "a_mm_3": -18.22352107681055, "a_mp_0": -4.9736839468841865, "a_mp_1": -32.524071203709504, "a_mp_2": 4.840812081772505, "a_mp_3": 14.737428258387496, "a_pm_0": -7.431889844914139, "a_pm_1": -5.101840136868866, "a_pm_2": -16.596645150342656, "a_pm_3": -12.680929409935164, "a_pp_1": -17.883823526957926, "a_pp_2": -36.87687199086428, "a_pp_3": -7.993156688080049}, "datetime": {"datetime": "2024-07-12 22:49:53", "elapsed": 3101.230554, "delta": 9.203603}}
{"target": -366449.5828815783, "params": {"a_c_1": 9.7954486758521, "a_c_2": 9.512123003439694, "a_mm_0": -4.7466079622996205, "a_mm_1": -8.914775119306693, "a_mm_2": -21.950781928914182, "a_mm_3": -18.90205043748955, "a_mp_0": 19.719867925673654, "a_mp_1": -32.64509289781737, "a_mp_2": -5.791250487461653, "a_mp_3": -27.786512540125234, "a_pm_0": 11.12438323808614, "a_pm_1": 10.012727988649722, "a_pm_2": -38.75275670497576, "a_pm_3": -31.517973591074355, "a_pp_1": -30.424457482569117, "a_pp_2": -36.77380066294419, "a_pp_3": 14.890039790311299}, "datetime": {"datetime": "2024-07-12 22:49:57", "elapsed": 3126.546869, "delta": 8.812934}}
{"target": -5236.719262709668, "params": {"a_c_1": 20.0, "a_c_2": 10.0, "a_mm_0": -40.0, "a_mm_1": 20.0, "a_mm_2": 20.0, "a_mm_3": 20.0, "a_mp_0": -40.0, "a_mp_1": 20.0, "a_mp_2": 20.0, "a_mp_3": 20.0, "a_pm_0": 20.0, "a_pm_1": -40.0, "a_pm_2": -40.0, "a_pm_3": 20.0, "a_pp_1": 20.0, "a_pp_2": 20.0, "a_pp_3": 20.0}, "datetime": {"datetime": "2024-07-12 22:50:00", "elapsed": 3087.650627, "delta": 14.041754}}
