{"target": -1755.1870800359595, "params": {"a_c_1": 20.0, "a_c_2": 10.0, "a_mm_0": 20.0, "a_mm_1": -40.0, "a_mm_2": 20.0, "a_mm_3": 20.0, "a_mp_0": -40.0, "a_mp_1": 20.0, "a_mp_2": 20.0, "a_mp_3": 20.0, "a_pm_0": 20.0, "a_pm_1": 20.0, "a_pm_2": -23.499764100223388, "a_pm_3": 20.0, "a_pp_1": 20.0, "a_pp_2": 20.0, "a_pp_3": 20.0}, "datetime": {"datetime": "2024-07-12 23:32:38", "elapsed": 5666.518547, "delta": 12.849204}}
{"target": -9754.47664153379, "params": {"a_c_1": 0.0, "a_c_2": 0.0, "a_mm_0": -40.0, "a_mm_1": 20.0, "a_mm_2": -32.17574469229042, "a_mm_3": 20.0, "a_mp_0": 20.0, "a_mp_1": 20.0, "a_mp_2": -7.3376720167312355, "a_mp_3": 20.0, "a_pm_0": -40.0, "a_pm_1": -21.30037388442374, "a_pm_2": 20.0, "a_pm_3": 20.0, "a_pp_1": 20.0, "a_pp_2": 20.0, "a_pp_3": 20.0}, "datetime": {"datetime": "2024-07-12 23:32:40", "elapsed": 5647.810166, "delta": 12.706155}}
{"target": -30604.314744699604, "params": {"a_c_1": 20.0, "a_c_2": 10.0, "a_mm_0": 20.0, "a_mm_1": -7.625954762935984, "a_mm_2": -40.0, "a_mm_3": 20.0, "a_mp_0": 20.0, "a_mp_1": -40.0, "a_mp_2": 20.0, "a_mp_3": 20.0, "a_pm_0": -40.0, "a_pm_1": -40.0, "a_pm_2": 20.0, "a_pm_3": 20.0, "a_pp_1": 20.0, "a_pp_2": 20.0, "a_pp_3": 20.0}, "datetime": {"datetime": "2024-07-12 23:32:41", "elapsed": 5712.673648, "delta": 12.14933}}
{"target": -104463.46142923998, "params": {"a_c_1": 13.547652427637502, "a_c_2": 6.479662067614074, "a_mm_0": -22.27783738997434, "a_mm_1": 3.026748733403096, "a_mm_2": -19.501884143815733, "a_mm_3": 11.554407103915075, "a_mp_0": -25.951305269044596, "a_mp_1": 3.876965793932847, "a_mp_2": -3.3409278243295404, "a_mp_3": 2.3084007773100126, "a_pm_0": -26.933316744744012, "a_pm_1": 3.794040072606691, "a_pm_2": -6.398216665653379, "a_pm_3": -21.952060829133966, "a_pp_1": -1.0776244897136849, "a_pp_2": -26.20445697779673, "a_pp_3": -9.339888295408397}, "datetime": {"datetime": "2024-07-12 23:32:49", "elapsed": 5721.190005, "delta": 8.516357}}
{"target": -53.24434408841478, "params": {"a_c_1": 20.0, "a_c_2": 10.0, "a_mm_0": 20.0, "a_mm_1": -11.514376210798604, "a_mm_2": -2.3535690261692293, "a_mm_3": -2.2926594898986306, "a_mp_0": 0.5996224854974271, "a_mp_1": 20.0, "a_mp_2": 20.0, "a_mp_3": 20.0, "a_pm_0": -13.08511753212559, "a_pm_1": 20.0, "a_pm_2": -10.401830731321004, "a_pm_3": -3.711205109160007, "a_pp_1": 20.0, "a_pp_2": 20.0, "a_pp_3": 20.0}, "datetime": {"datetime": "2024-07-12 23:32:49", "elapsed": 5677.89098, "delta": 11.372433}}
{"target": -5317.212754904647, "params": {"a_c_1": 20.0, "a_c_2": 10.0, "a_mm_0": -40.0, "a_mm_1": 20.0, "a_mm_2": 20.0, "a_mm_3": 20.0, "a_mp_0": 20.0, "a_mp_1": 20.0, "a_mp_2": -40.0, "a_mp_3": 20.0, "a_pm_0": -40.0, "a_pm_1": 20.0, "a_pm_2": 20.0, "a_pm_3": 20.0, "a_pp_1": -15.623732599559057, "a_pp_2": 20.0, "a_pp_3": 20.0}, "datetime": {"datetime": "2024-07-12 23:32:51", "elapsed": 5701.243024, "delta": 13.650952}}
{"target": -5389.244665069767, "params": {"a_c_1": 20.0, "a_c_2": 0.0, "a_mm_0": 20.0, "a_mm_1": -40.0, "a_mm_2": 20.0, "a_mm_3": 20.0, "a_mp_0": 20.0, "a_mp_1": -40.0, "a_mp_2": 20.0, "a_mp_3": 20.0, "a_pm_0": 20.0, "a_pm_1": -17.29809806918678, "a_pm_2": 20.0, "a_pm_3": 20.0, "a_pp_1": 20.0, "a_pp_2": 20.0, "a_pp_3": 20.0}, "datetime": {"datetime": "2024-07-12 23:32:53", "elapsed": 5823.727828, "delta": 14.709508}}
{"target": -46432.99053654473, "params": {"a_c_1": 16.384181230678156, "a_c_2": 9.20822404546459, "a_mm_0": -1.1929119006725486, "a_mm_1": 5.71786580088672, "a_mm_2": -11.764396823958318, "a_mm_3": -0.36258952696505276, "a_mp_0": 4.688373519864747, "a_mp_1": 3.0913431703757652, "a_mp_2": 1.60590866759037, "a_mp_3": -9.315191808008937, "a_pm_0": 7.08650515012458, "a_pm_1": -7.709084108815091, "a_pm_2": 13.09767257877035, "a_pm_3": 14.212938047275593, "a_pp_1": -27.44341737053719, "a_pp_2": -9.665474287071074, "a_pp_3": -18.464686904309588}, "datetime": {"datetime": "2024-07-12 23:33:01", "elapsed": 5689.837566, "delta": 11.946586}}
