{"target": -198526.8269995039, "params": {"a_c_1": 4.289355616613852, "a_c_2": 9.394188709061593, "a_mm_0": 5.027212803399443, "a_mm_1": 5.065388439368363, "a_mm_2": -27.296719909090825, "a_mm_3": 9.809391569737954, "a_mp_0": -25.594290750327396, "a_mp_1": -2.102755284990387, "a_mp_2": 2.6443741939751817, "a_mp_3": 4.5430057824261, "a_pm_0": -16.58411772402514, "a_pm_1": 5.589523802965843, "a_pm_2": 14.176154127302595, "a_pm_3": -4.754798845745384, "a_pp_1": -34.575417058312084, "a_pp_2": -32.261440951463435, "a_pp_3": -33.68424840023279}, "datetime": {"datetime": "2024-07-12 22:12:07", "elapsed": 977.747738, "delta": 8.56039}}
{"target": -531959.1273761077, "params": {"a_c_1": 4.720573041140723, "a_c_2": 5.953764273157464, "a_mm_0": -20.98005587496089, "a_mm_1": -37.44502730302662, "a_mm_2": -38.70959691350755, "a_mm_3": -21.90499943536097, "a_mp_0": -12.203312335946283, "a_mp_1": -13.586152670867754, "a_mp_2": -13.546746737549551, "a_mp_3": -9.811887498156658, "a_pm_0": -32.1478389162709, "a_pm_1": -0.9696306947771021, "a_pm_2": 6.180309805546251, "a_pm_3": -13.539045201090655, "a_pp_1": -12.117594422834866, "a_pp_2": -32.5290609365055, "a_pp_3": -38.04113704936916}, "datetime": {"datetime": "2024-07-12 22:12:07", "elapsed": 857.144867, "delta": 9.024652}}
{"target": -237858.89582853377, "params": {"a_c_1": 14.843490453601973, "a_c_2": 2.7689241588981597, "a_mm_0": -12.975006768074195, "a_mm_1": -5.248362141869556, "a_mm_2": -25.20019714627764, "a_mm_3": -8.409065882213874, "a_mp_0": -12.668702653197311, "a_mp_1": 4.152025920488761, "a_mp_2": -36.48618984821778, "a_mp_3": -27.19235707964651, "a_pm_0": -36.86583730092744, "a_pm_1": -30.973630503478233, "a_pm_2": -0.396967499515533, "a_pm_3": -24.11025460078853, "a_pp_1": -14.8258739706889, "a_pp_2": 17.550079507875587, "a_pp_3": -18.596473568110564}, "datetime": {"datetime": "2024-07-12 22:12:13", "elapsed": 820.009713, "delta": 9.882829}}
{"target": -317050.4265501968, "params": {"a_c_1": 17.25305595880334, "a_c_2": 0.051328369004852714, "a_mm_0": -32.78001627942739, "a_mm_1": -20.725421966990993, "a_mm_2": 10.99448871514926, "a_mm_3": -39.7606641793763, "a_mp_0": -7.99946613317379, "a_mp_1": -39.94589102861274, "a_mp_2": -7.564123949857816, "a_mp_3": -11.241142714290781, "a_pm_0": -32.120343415058386, "a_pm_1": -4.929682554294999, "a_pm_2": -2.7918585580393085, "a_pm_3": -12.836707983723986, "a_pp_1": 7.864313590224356, "a_pp_2": -36.3968377614389, "a_pp_3": -20.39985193539475}, "datetime": {"datetime": "2024-07-12 22:12:14", "elapsed": 886.271468, "delta": 8.267824}}
{"target": -79187.7377843996, "params": {"a_c_1": 9.02774875852202, "a_c_2": 6.8741119295881346, "a_mm_0": -36.34845757238921, "a_mm_1": 15.615708803878903, "a_mm_2": 17.375854681710877, "a_mm_3": -11.392859581702144, "a_mp_0": -5.380825586957208, "a_mp_1": 5.76537015538981, "a_mp_2": -0.7980475098124487, "a_mp_3": 1.118967354350275, "a_pm_0": -16.819082508349716, "a_pm_1": -23.659379479607733, "a_pm_2": 0.3355248852327506, "a_pm_3": 19.39243110102877, "a_pp_1": -33.1293557537984, "a_pp_2": -30.615317249589694, "a_pp_3": -8.724871761996358}, "datetime": {"datetime": "2024-07-12 22:12:14", "elapsed": 842.916064, "delta": 9.319892}}
{"target": -107819.70072985493, "params": {"a_c_1": 4.919115821447115, "a_c_2": 4.312339382480253, "a_mm_0": -33.37155740602246, "a_mm_1": -18.584418462117352, "a_mm_2": -11.716231885094636, "a_mm_3": -7.730408279407676, "a_mp_0": 4.0081141748910625, "a_mp_1": -8.488213223761168, "a_mp_2": -29.439696609044365, "a_mp_3": -21.5065706365232, "a_pm_0": -13.793476841918938, "a_pm_1": -7.402130127966252, "a_pm_2": -14.708216528299712, "a_pm_3": -16.379863785017456, "a_pp_1": 14.687027043845433, "a_pp_2": 0.08533318731698358, "a_pp_3": 15.622609146473302}, "datetime": {"datetime": "2024-07-12 22:12:16", "elapsed": 866.17878, "delta": 9.033913}}
{"target": -78824.6969408521, "params": {"a_c_1": 3.4545492664576005, "a_c_2": 1.2643089028968502, "a_mm_0": 6.698053404057653, "a_mm_1": -37.63530926893334, "a_mm_2": -25.506494959548156, "a_mm_3": 12.743984081507932, "a_mp_0": 18.411131650177616, "a_mp_1": -3.6746795363771128, "a_mp_2": 18.574295873623306, "a_mp_3": -37.39290749710139, "a_pm_0": 16.914366102560457, "a_pm_1": -21.32223505262997, "a_pm_2": 7.938370421695581, "a_pm_3": 8.637746206814093, "a_pp_1": 11.599915494820692, "a_pp_2": -12.486951345849938, "a_pp_3": 15.838663529926905}, "datetime": {"datetime": "2024-07-12 22:12:18", "elapsed": 989.294175, "delta": 11.546437}}
{"target": -175164.21519363095, "params": {"a_c_1": 6.587972944799945, "a_c_2": 6.604108011341903, "a_mm_0": -26.099569020800384, "a_mm_1": 17.564621441447244, "a_mm_2": -5.445117463351657, "a_mm_3": 11.959954542350246, "a_mp_0": -0.1894823331769402, "a_mp_1": -38.28412559187392, "a_mp_2": 14.063588266547605, "a_mp_3": -38.77938525442585, "a_pm_0": 2.430479089557238, "a_pm_1": -7.525489832693125, "a_pm_2": -2.8247792674556678, "a_pm_3": 2.9318895403644873, "a_pp_1": -17.557688895669898, "a_pp_2": -34.758653342299205, "a_pp_3": -0.8453113339976568}, "datetime": {"datetime": "2024-07-12 22:12:20", "elapsed": 827.947801, "delta": 7.938088}}
{"target": -117610.80578579544, "params": {"a_c_1": 10.26886067771515, "a_c_2": 5.17762105337447, "a_mm_0": -36.72975026904673, "a_mm_1": -9.169911734537898, "a_mm_2": -29.12028065498341, "a_mm_3": -2.4293305359329977, "a_mp_0": -31.18802113002726, "a_mp_1": -14.541110106800097, "a_mp_2": 14.05789645741509, "a_mp_3": -24.795206457896647, "a_pm_0": 13.311574801189927, "a_pm_1": 0.5157985548958095, "a_pm_2": 10.070827739424871, "a_pm_3": -21.551623697760107, "a_pp_1": 18.0344971140715, "a_pp_2": -2.579748327183502, "a_pp_3": -9.491349071115977}, "datetime": {"datetime": "2024-07-12 22:12:23", "elapsed": 851.182702, "delta": 8.266638}}
{"target": -136288.2850208529, "params": {"a_c_1": 16.19171630404884, "a_c_2": 9.08523600960591, "a_mm_0": -37.657138173787565, "a_mm_1": -27.50489387917949, "a_mm_2": -8.784495845527758, "a_mm_3": -8.983414890663983, "a_mp_0": -13.422905626431323, "a_mp_1": -27.09902604966346, "a_mp_2": -3.1913771486985922, "a_mp_3": -39.571613106776745, "a_pm_0": -1.908907833113254, "a_pm_1": -22.4977120711607, "a_pm_2": 7.078687902634073, "a_pm_3": -5.9777468998739565, "a_pp_1": -18.105458516878112, "a_pp_2": 1.5148425746623246, "a_pp_3": 4.780452332774438}, "datetime": {"datetime": "2024-07-12 22:12:24", "elapsed": 896.608362, "delta": 10.336894}}
{"target": -231079.45329199464, "params": {"a_c_1": 3.448832372783921, "a_c_2": 6.702658474254951, "a_mm_0": -11.331303958297273, "a_mm_1": -20.789515980850716, "a_mm_2": -36.91186115259857, "a_mm_3": 13.314374204785224, "a_mp_0": -39.60463837805159, "a_mp_1": 9.569500215425123, "a_mp_2": -17.814810733816195, "a_mp_3": 11.196796851425233, "a_pm_0": -37.976324256129125, "a_pm_1": -37.29390851706679, "a_pm_2": -16.042837987465845, "a_pm_3": -3.165904378036771, "a_pp_1": -0.9012910518977151, "a_pp_2": -22.731329378000027, "a_pp_3": -1.6985767077131513}, "datetime": {"datetime": "2024-07-12 22:12:25", "elapsed": 874.748596, "delta": 8.569816}}
{"target": -176761.38045252784, "params": {"a_c_1": 8.280244508377212, "a_c_2": 9.554310663392222, "a_mm_0": 4.333799499284453, "a_mm_1": -16.674072378929303, "a_mm_2": 11.692676950887645, "a_mm_3": -26.582054397097565, "a_mp_0": -28.083441787343986, "a_mp_1": 1.0964021041450493, "a_mp_2": -33.48627157043175, "a_mp_3": -27.85084272191736, "a_pm_0": 17.23921909530695, "a_pm_1": 3.1878115839719925, "a_pm_2": -2.3119126182823635, "a_pm_3": 9.3778154245297, "a_pp_1": -29.29817709298117, "a_pp_2": -33.52428582719821, "a_pp_3": 14.942102135848941}, "datetime": {"datetime": "2024-07-12 22:12:29", "elapsed": 999.969714, "delta": 10.675539}}
{"target": -268894.33512133657, "params": {"a_c_1": 17.3260805516973, "a_c_2": 6.725275944690718, "a_mm_0": -14.435083929475642, "a_mm_1": -8.479178926840792, "a_mm_2": -3.2420510383391203, "a_mm_3": -8.911336304134867, "a_mp_0": -39.10433063219795, "a_mp_1": -29.790674950052093, "a_mp_2": -35.51661394374537, "a_mp_3": -22.659955710253502, "a_pm_0": -20.8513165332782, "a_pm_1": -25.702077729565147, "a_pm_2": 14.109212301117743, "a_pm_3": 4.784520958096159, "a_pp_1": -39.39542007104942, "a_pp_2": -28.244001161612488, "a_pp_3": 16.91435092642668}, "datetime": {"datetime": "2024-07-12 22:12:31", "elapsed": 838.055987, "delta": 10.108186}}
{"target": -197568.52930107797, "params": {"a_c_1": 15.677156539443546, "a_c_2": 7.047677056156084, "a_mm_0": -27.186777935319302, "a_mm_1": -8.071207389222074, "a_mm_2": -32.8505717679325, "a_mm_3": -19.931698927171652, "a_mp_0": -10.236644116241145, "a_mp_1": -17.856776016501072, "a_mp_2": -22.16879288412914, "a_mp_3": -1.721437291669531, "a_pm_0": -39.39805797635259, "a_pm_1": 12.187988849558813, "a_pm_2": -1.62180862234802, "a_pm_3": -2.2700047658369087, "a_pp_1": -9.760265808716106, "a_pp_2": -22.35036597745251, "a_pp_3": -3.437635746687789}, "datetime": {"datetime": "2024-07-12 22:12:31", "elapsed": 860.080688, "delta": 8.897986}}
{"target": -722.0592717890582, "params": {"a_c_1": 20.0, "a_c_2": 10.0, "a_mm_0": -12.385228372307429, "a_mm_1": 20.0, "a_mm_2": 19.866057979118175, "a_mm_3": 20.0, "a_mp_0": 14.622933877698737, "a_mp_1": -24.607162838022564, "a_mp_2": -2.6390941958499643, "a_mp_3": 20.0, "a_pm_0": -13.502255936984765, "a_pm_1": -6.250640174578435, "a_pm_2": 18.7794093449994, "a_pm_3": 13.561897288907371, "a_pp_1": -7.098071876114513, "a_pp_2": 16.433630359798467, "a_pp_3": 20.0}, "datetime": {"datetime": "2024-07-12 22:12:34", "elapsed": 906.014391, "delta": 9.406029}}
{"target": -146427.41379818562, "params": {"a_c_1": 8.087341923783242, "a_c_2": 1.7142387312847596, "a_mm_0": -32.39823979381673, "a_mm_1": -25.2446538324777, "a_mm_2": 13.551730522424734, "a_mm_3": -23.257961597127178, "a_mp_0": -6.789385547748296, "a_mp_1": -31.71604400769694, "a_mp_2": 19.072422849859315, "a_mp_3": 13.713829926138459, "a_pm_0": -29.906415948232414, "a_pm_1": -26.944169802676758, "a_pm_2": 12.833627927799483, "a_pm_3": -22.336441938879993, "a_pp_1": -33.970709187123816, "a_pp_2": -4.115585471945799, "a_pp_3": -31.0970470962529}, "datetime": {"datetime": "2024-07-12 22:12:34", "elapsed": 884.253735, "delta": 9.505139}}
{"target": -453.6002505667267, "params": {"a_c_1": 7.427154554866782, "a_c_2": 10.0, "a_mm_0": -5.965256550291481, "a_mm_1": -5.757833940307739, "a_mm_2": 4.183673381815081, "a_mm_3": 20.0, "a_mp_0": -21.412202256480096, "a_mp_1": -5.859684253247748, "a_mp_2": 19.66926159580974, "a_mp_3": 11.166765931975924, "a_pm_0": -6.219340154539436, "a_pm_1": 2.7984426967707714, "a_pm_2": 9.516806054976678, "a_pm_3": 17.98187456991186, "a_pp_1": -0.16459414012392345, "a_pp_2": 20.0, "a_pp_3": 18.99809550507974}, "datetime": {"datetime": "2024-07-12 22:12:37", "elapsed": 1008.21632, "delta": 8.246606}}
{"target": -70080.0874253012, "params": {"a_c_1": 10.950836973544511, "a_c_2": 5.152052825305615, "a_mm_0": -8.59324012352587, "a_mm_1": 18.24013252089871, "a_mm_2": 16.04558867041721, "a_mm_3": 0.645096886395585, "a_mp_0": -7.479196021379714, "a_mp_1": 6.824750936222159, "a_mp_2": -24.269068517241408, "a_mp_3": 3.067322661229035, "a_pm_0": -13.7263036278312, "a_pm_1": -34.292492157419694, "a_pm_2": -23.016628158023302, "a_pm_3": 4.890100120488249, "a_pp_1": -18.55024591386909, "a_pp_2": 3.4808819558344695, "a_pp_3": -6.44994392123855}, "datetime": {"datetime": "2024-07-12 22:12:42", "elapsed": 849.208351, "delta": 11.152364}}
{"target": -307125.9508434642, "params": {"a_c_1": 8.65781680148251, "a_c_2": 8.030822934166718, "a_mm_0": 5.376376445076147, "a_mm_1": -13.610907182552374, "a_mm_2": -33.27028108682885, "a_mm_3": 2.5850228026429463, "a_mp_0": -6.977418417048121, "a_mp_1": -0.11172752347211912, "a_mp_2": -29.60247911834484, "a_mp_3": 13.555266878335118, "a_pm_0": -7.623590316902899, "a_pm_1": 19.107172279199546, "a_pm_2": 5.676223498730977, "a_pm_3": -14.03003563862422, "a_pp_1": -32.7257578654875, "a_pp_2": -35.23575972870437, "a_pp_3": -28.56834858145715}, "datetime": {"datetime": "2024-07-12 22:12:42", "elapsed": 914.154605, "delta": 8.140214}}
{"target": -1469.8880347090812, "params": {"a_c_1": 20.0, "a_c_2": 10.0, "a_mm_0": -8.364978105888724, "a_mm_1": -6.14316474756852, "a_mm_2": 17.82497794197387, "a_mm_3": 20.0, "a_mp_0": -35.0049883684659, "a_mp_1": -10.573336286979856, "a_mp_2": -6.191914542513869, "a_mp_3": 20.0, "a_pm_0": 20.0, "a_pm_1": -17.73782224235928, "a_pm_2": 18.972025555095627, "a_pm_3": -5.293253182478814, "a_pp_1": 13.407759005737496, "a_pp_2": 20.0, "a_pp_3": 20.0}, "datetime": {"datetime": "2024-07-12 22:12:42", "elapsed": 870.744678, "delta": 10.66399}}
{"target": -203247.13394934742, "params": {"a_c_1": 1.4626185623722954, "a_c_2": 6.3407280466224005, "a_mm_0": 18.2993030093657, "a_mm_1": -28.668938487577087, "a_mm_2": 11.296778890829188, "a_mm_3": -2.2011419860458616, "a_mp_0": 11.820913229836044, "a_mp_1": -20.108052226186153, "a_mp_2": -19.06281538051447, "a_mp_3": -5.748817735787348, "a_pm_0": -26.610747444911027, "a_pm_1": -21.749285703834076, "a_pm_2": -32.519346651895624, "a_pm_3": 10.651248799501495, "a_pp_1": -11.597891343679581, "a_pp_2": -31.391403653488084, "a_pp_3": 14.637932163497496}, "datetime": {"datetime": "2024-07-12 22:12:44", "elapsed": 893.49605, "delta": 9.242315}}
{"target": -3327.6009814749145, "params": {"a_c_1": 20.0, "a_c_2": 10.0, "a_mm_0": 20.0, "a_mm_1": -9.987632687493038, "a_mm_2": 14.21725022549034, "a_mm_3": 20.0, "a_mp_0": -0.6869412016684813, "a_mp_1": 2.2814855888882124, "a_mp_2": -1.957572435547599, "a_mp_3": 15.1872898588852, "a_pm_0": -28.87090180652229, "a_pm_1": -21.41941387383959, "a_pm_2": 9.466093188755387, "a_pm_3": 16.876933391494433, "a_pp_1": -20.083714844683847, "a_pp_2": 17.817606650417538, "a_pp_3": -5.037377184226444}, "datetime": {"datetime": "2024-07-12 22:12:50", "elapsed": 1021.251643, "delta": 13.035323}}
{"target": -128519.1861806955, "params": {"a_c_1": 19.77214423448085, "a_c_2": 4.0095557462179645, "a_mm_0": 1.2164078274357166, "a_mm_1": -16.16941751713992, "a_mm_2": -34.70898308720824, "a_mm_3": 10.86843539749141, "a_mp_0": -39.39513165214442, "a_mp_1": 5.228076193174601, "a_mp_2": 6.028785792945861, "a_mp_3": -20.108524808288134, "a_pm_0": -26.211449406063224, "a_pm_1": -2.017624359504559, "a_pm_2": -15.335231414240894, "a_pm_3": 10.33425677753985, "a_pp_1": 4.172061064278601, "a_pp_2": -8.525319176828795, "a_pp_3": -20.0628235193011}, "datetime": {"datetime": "2024-07-12 22:12:50", "elapsed": 857.725084, "delta": 8.516733}}
{"target": -3253.720794832035, "params": {"a_c_1": 20.0, "a_c_2": 10.0, "a_mm_0": -27.582220408433425, "a_mm_1": 14.367064021240004, "a_mm_2": 11.712804582957926, "a_mm_3": 20.0, "a_mp_0": -5.980883916182701, "a_mp_1": 4.703287178948567, "a_mp_2": 20.0, "a_mp_3": -20.801568815230624, "a_pm_0": 8.187001768186395, "a_pm_1": 20.0, "a_pm_2": -8.492644984584457, "a_pm_3": 20.0, "a_pp_1": -26.439222394680424, "a_pp_2": 20.0, "a_pp_3": 20.0}, "datetime": {"datetime": "2024-07-12 22:12:53", "elapsed": 881.941645, "delta": 11.196967}}
{"target": -13480.692263061626, "params": {"a_c_1": 17.4332065613803, "a_c_2": 10.0, "a_mm_0": 4.460336620021236, "a_mm_1": -1.0685998223669422, "a_mm_2": -11.072563966036734, "a_mm_3": 15.227724547196466, "a_mp_0": -7.836819733981047, "a_mp_1": -10.446649046855708, "a_mp_2": 20.0, "a_mp_3": 20.0, "a_pm_0": 20.0, "a_pm_1": -15.972574662005051, "a_pm_2": 20.0, "a_pm_3": -33.04055908493133, "a_pp_1": -21.4183204002764, "a_pp_2": 20.0, "a_pp_3": 20.0}, "datetime": {"datetime": "2024-07-12 22:12:55", "elapsed": 926.938478, "delta": 12.783873}}
{"target": -152898.39477299928, "params": {"a_c_1": 4.351512019977024, "a_c_2": 0.4427077684993519, "a_mm_0": -10.538270464783995, "a_mm_1": -0.8871293573616015, "a_mm_2": -7.283082814931234, "a_mm_3": 0.005146711838541762, "a_mp_0": -14.791662981625983, "a_mp_1": 9.909255624960444, "a_mp_2": -3.1782600114267225, "a_mp_3": -27.84995410305045, "a_pm_0": 13.380965699749858, "a_pm_1": -35.25897196221045, "a_pm_2": -18.224065378008927, "a_pm_3": -3.253330483879857, "a_pp_1": 18.304417724475236, "a_pp_2": -18.74061922140119, "a_pp_3": -27.873324447647754}, "datetime": {"datetime": "2024-07-12 22:12:56", "elapsed": 905.646559, "delta": 12.150509}}
{"target": -478811.60740121885, "params": {"a_c_1": 5.322490586198654, "a_c_2": 4.27400724280287, "a_mm_0": 9.029563329393262, "a_mm_1": -4.757785847760559, "a_mm_2": -14.000267558729725, "a_mm_3": -27.00685031500432, "a_mp_0": -38.197298286271575, "a_mp_1": -24.54007195928858, "a_mp_2": 2.3716428711894864, "a_mp_3": -26.424559078979442, "a_pm_0": -28.815517770127233, "a_pm_1": 3.014517537286345, "a_pm_2": -22.598272520563615, "a_pm_3": -36.30724274120028, "a_pp_1": 8.07577587791927, "a_pp_2": -26.551153734455866, "a_pp_3": -31.64908095901576}, "datetime": {"datetime": "2024-07-12 22:13:01", "elapsed": 889.353478, "delta": 7.411833}}
{"target": -2046.8550919307197, "params": {"a_c_1": 17.508782384230294, "a_c_2": 4.427415478418949, "a_mm_0": -3.2568457926263292, "a_mm_1": -16.889726488782195, "a_mm_2": 5.428631718371953, "a_mm_3": 6.54737324079283, "a_mp_0": -3.260087145042853, "a_mp_1": -13.46877592386332, "a_mp_2": 10.523900654796577, "a_mp_3": 7.935741832352427, "a_pm_0": -26.123970858043137, "a_pm_1": 14.837391876075252, "a_pm_2": 10.24525216711173, "a_pm_3": 9.901962570783766, "a_pp_1": -1.220982704266227, "a_pp_2": 5.48436718610737, "a_pp_3": 5.045457347934978}, "datetime": {"datetime": "2024-07-12 22:13:01", "elapsed": 868.339536, "delta": 10.614452}}
{"target": -966.5010390007678, "params": {"a_c_1": 19.805525582999124, "a_c_2": 10.0, "a_mm_0": -18.97131196038242, "a_mm_1": 20.0, "a_mm_2": -11.30645970914438, "a_mm_3": 9.663411047080483, "a_mp_0": -10.278076063159094, "a_mp_1": -3.6273231650315525, "a_mp_2": -13.634457700803265, "a_mp_3": -5.059175042901558, "a_pm_0": 15.67026016659816, "a_pm_1": -17.956907745841832, "a_pm_2": 20.0, "a_pm_3": 11.036683551620731, "a_pp_1": 13.905559157175265, "a_pp_2": 18.878061146256954, "a_pp_3": 9.857474432537789}, "datetime": {"datetime": "2024-07-12 22:13:03", "elapsed": 1034.411669, "delta": 13.160026}}
{"target": -81817.35523557234, "params": {"a_c_1": 13.23295862912744, "a_c_2": 8.176776724464238, "a_mm_0": -21.610380407296137, "a_mm_1": -9.279606576405083, "a_mm_2": 3.1743323474914007, "a_mm_3": -6.046945321504879, "a_mp_0": 13.101559771685231, "a_mp_1": -28.559820722086865, "a_mp_2": 10.377860145908365, "a_mp_3": -35.24229338571297, "a_pm_0": -20.138760663304375, "a_pm_1": 11.977889139516805, "a_pm_2": -8.085687893257774, "a_pm_3": 15.684588433667983, "a_pp_1": -2.6508868536130734, "a_pp_2": 7.638803861450249, "a_pp_3": -25.934220880347617}, "datetime": {"datetime": "2024-07-12 22:13:06", "elapsed": 915.437497, "delta": 9.790938}}
{"target": -8528.78519133155, "params": {"a_c_1": 0.0, "a_c_2": 10.0, "a_mm_0": -13.736840196889643, "a_mm_1": -3.413222793564769, "a_mm_2": 20.0, "a_mm_3": 9.420249363222466, "a_mp_0": 20.0, "a_mp_1": 14.533189928719636, "a_mp_2": 1.066094896028282, "a_mp_3": 20.0, "a_pm_0": -40.0, "a_pm_1": 6.07486305364137, "a_pm_2": -15.121231203398704, "a_pm_3": 20.0, "a_pp_1": 20.0, "a_pp_2": -6.62071953762239, "a_pp_3": 20.0}, "datetime": {"datetime": "2024-07-12 22:13:06", "elapsed": 938.504089, "delta": 11.565611}}
{"target": -41461.28334782998, "params": {"a_c_1": 2.544467529957153, "a_c_2": 3.706776298865141, "a_mm_0": 9.032243398439356, "a_mm_1": 9.730894648346705, "a_mm_2": -8.727287421353942, "a_mm_3": -22.75518690178666, "a_mp_0": 13.346848123224127, "a_mp_1": -32.90367070658788, "a_mp_2": -36.40268347890834, "a_mp_3": 5.648960972722811, "a_pm_0": 0.6160321313311456, "a_pm_1": -0.8506116422724403, "a_pm_2": 12.349638360092015, "a_pm_3": -13.751983740941153, "a_pp_1": -3.6457804875680537, "a_pp_2": 10.377533622613925, "a_pp_3": 2.723003837467971}, "datetime": {"datetime": "2024-07-12 22:13:11", "elapsed": 878.463628, "delta": 10.124092}}
{"target": -3461.362080323178, "params": {"a_c_1": 20.0, "a_c_2": 10.0, "a_mm_0": 15.059210096380344, "a_mm_1": 20.0, "a_mm_2": 10.807699656783129, "a_mm_3": -20.70790325663395, "a_mp_0": 20.0, "a_mp_1": -3.8987463795005723, "a_mp_2": -17.11027623872605, "a_mp_3": 20.0, "a_pm_0": -40.0, "a_pm_1": -1.361599526922373, "a_pm_2": 20.0, "a_pm_3": 20.0, "a_pp_1": 20.0, "a_pp_2": 12.862123877300673, "a_pp_3": 20.0}, "datetime": {"datetime": "2024-07-12 22:13:12", "elapsed": 900.095301, "delta": 10.741823}}
{"target": -33609.67431971481, "params": {"a_c_1": 8.47971711556332, "a_c_2": 0.39537576718257367, "a_mm_0": 10.158218836537191, "a_mm_1": 18.81060133181065, "a_mm_2": 8.024984524610563, "a_mm_3": -26.17641137768414, "a_mp_0": -10.242469111944605, "a_mp_1": -21.783705255941246, "a_mp_2": -8.379398284742821, "a_mp_3": 19.848507992819176, "a_pm_0": -22.257409168498796, "a_pm_1": 1.2544755496433555, "a_pm_2": -22.012946052242974, "a_pm_3": 5.3771135468029465, "a_pp_1": -22.43899054601704, "a_pp_2": 14.923912090957879, "a_pp_3": 5.481575078397107}, "datetime": {"datetime": "2024-07-12 22:13:15", "elapsed": 1046.14667, "delta": 11.735001}}
{"target": -361.13949621393243, "params": {"a_c_1": 12.84996099688561, "a_c_2": 10.0, "a_mm_0": -11.105526767345657, "a_mm_1": 5.613587255042603, "a_mm_2": 7.95807567024421, "a_mm_3": 12.431275092262695, "a_mp_0": -4.4494653444269945, "a_mp_1": -19.470197366206357, "a_mp_2": 12.52895198560531, "a_mp_3": 20.0, "a_pm_0": -14.95236834079504, "a_pm_1": 14.574376996070729, "a_pm_2": 8.64334097539453, "a_pm_3": 11.35616825120805, "a_pp_1": -13.031886096579266, "a_pp_2": 20.0, "a_pp_3": 20.0}, "datetime": {"datetime": "2024-07-12 22:13:16", "elapsed": 926.122625, "delta": 10.685128}}
