{"target": -4324.374348471125, "params": {"a_c_1": 0.0, "a_c_2": 10.0, "a_mm_0": -40.0, "a_mm_1": -40.0, "a_mm_2": 20.0, "a_mm_3": 20.0, "a_mp_0": 20.0, "a_mp_1": -40.0, "a_mp_2": 20.0, "a_mp_3": 20.0, "a_pm_0": 20.0, "a_pm_1": 20.0, "a_pm_2": 20.0, "a_pm_3": 20.0, "a_pp_1": 20.0, "a_pp_2": 20.0, "a_pp_3": 20.0}, "datetime": {"datetime": "2024-07-12 23:02:40", "elapsed": 3912.159307, "delta": 11.409653}}
{"target": -340875.34439208405, "params": {"a_c_1": 13.932621294191694, "a_c_2": 3.15018640743971, "a_mm_0": -10.326570601677478, "a_mm_1": -28.651633188945414, "a_mm_2": -3.3437203890625895, "a_mm_3": -21.47328604746772, "a_mp_0": 11.230405034593836, "a_mp_1": -13.690668983588047, "a_mp_2": -39.427970200926524, "a_mp_3": 18.384999280431195, "a_pm_0": 0.9085712284842415, "a_pm_1": -35.980964041306294, "a_pm_2": -11.548478230341498, "a_pm_3": -2.178339451292274, "a_pp_1": -39.77070155580506, "a_pp_2": 4.944891183979323, "a_pp_3": -39.76579415948688}, "datetime": {"datetime": "2024-07-12 23:02:43", "elapsed": 3892.456616, "delta": 9.669412}}
{"target": -7897.8825945940025, "params": {"a_c_1": 0.0, "a_c_2": 0.0, "a_mm_0": -40.0, "a_mm_1": 20.0, "a_mm_2": -40.0, "a_mm_3": 20.0, "a_mp_0": -40.0, "a_mp_1": -40.0, "a_mp_2": 20.0, "a_mp_3": 20.0, "a_pm_0": 20.0, "a_pm_1": 20.0, "a_pm_2": 20.0, "a_pm_3": 20.0, "a_pp_1": 20.0, "a_pp_2": 20.0, "a_pp_3": 20.0}, "datetime": {"datetime": "2024-07-12 23:02:46", "elapsed": 4017.254551, "delta": 11.405765}}
{"target": -19423.141115598206, "params": {"a_c_1": 0.0, "a_c_2": 10.0, "a_mm_0": 20.0, "a_mm_1": 20.0, "a_mm_2": -29.52306563910684, "a_mm_3": -16.641865530904017, "a_mp_0": 20.0, "a_mp_1": 20.0, "a_mp_2": 20.0, "a_mp_3": 20.0, "a_pm_0": 20.0, "a_pm_1": 20.0, "a_pm_2": -2.4615781629460827, "a_pm_3": -17.376100041884378, "a_pp_1": -40.0, "a_pp_2": 20.0, "a_pp_3": 20.0}, "datetime": {"datetime": "2024-07-12 23:02:46", "elapsed": 3874.926344, "delta": 11.576492}}
{"target": -142229.85785497856, "params": {"a_c_1": 3.7230330891419072, "a_c_2": 4.015745447901901, "a_mm_0": 12.95917233452785, "a_mm_1": 16.68490386563297, "a_mm_2": -1.1167079435912939, "a_mm_3": -11.571307279945493, "a_mp_0": -30.826579965478608, "a_mp_1": -8.283969873548557, "a_mp_2": 2.588418921346374, "a_mp_3": -36.06885159585912, "a_pm_0": 12.297394778861403, "a_pm_1": -23.418651447716673, "a_pm_2": 16.314814182710627, "a_pm_3": 4.741252087444657, "a_pp_1": -8.901927852367521, "a_pp_2": -36.77909314055537, "a_pp_3": -14.254797912587147}, "datetime": {"datetime": "2024-07-12 23:02:47", "elapsed": 3853.962864, "delta": 8.402473}}
{"target": -334269.74092202133, "params": {"a_c_1": 11.644374420944807, "a_c_2": 2.8570062106088603, "a_mm_0": -32.042861444002604, "a_mm_1": -13.624117769123579, "a_mm_2": -31.618814938688224, "a_mm_3": -10.695496186952994, "a_mp_0": -33.75605443639457, "a_mp_1": -19.003268482423806, "a_mp_2": -1.880092539450601, "a_mp_3": 10.452950179385859, "a_pm_0": 12.201928497195205, "a_pm_1": -18.166794868634685, "a_pm_2": 7.325429105000971, "a_pm_3": 1.6656016005647274, "a_pp_1": -18.44950591804129, "a_pp_2": -29.655817999669647, "a_pp_3": -31.80022191184805}, "datetime": {"datetime": "2024-07-12 23:02:47", "elapsed": 3919.502484, "delta": 7.343177}}
{"target": -203857.65321612472, "params": {"a_c_1": 0.586271735444206, "a_c_2": 1.8713542667672578, "a_mm_0": -34.330127760948585, "a_mm_1": 16.3041487005975, "a_mm_2": -6.322724040653625, "a_mm_3": 7.487515755431083, "a_mp_0": -10.9542551159237, "a_mp_1": -12.889883098976199, "a_mp_2": 0.41054949186450074, "a_mp_3": -5.758196211793454, "a_pm_0": 3.6821165674407723, "a_pm_1": -33.19693882109261, "a_pm_2": -22.746233441848535, "a_pm_3": -38.6956248821773, "a_pp_1": 9.71324383549235, "a_pp_2": 13.240075103798326, "a_pp_3": -30.975226517121495}, "datetime": {"datetime": "2024-07-12 23:02:52", "elapsed": 3902.217607, "delta": 9.760991}}
{"target": -304241.54860409617, "params": {"a_c_1": 6.826771263367197, "a_c_2": 4.838096493780015, "a_mm_0": 17.192485195058886, "a_mm_1": -11.670148474534138, "a_mm_2": -35.45743613156442, "a_mm_3": -18.903779703341524, "a_mp_0": -23.191521476746097, "a_mp_1": -28.80825539518071, "a_mp_2": -20.6280056450584, "a_mp_3": 12.648421382582264, "a_pm_0": -31.610895054081638, "a_pm_1": 16.86733401077327, "a_pm_2": -36.1897897016959, "a_pm_3": 4.301630458958755, "a_pp_1": -19.309681677035645, "a_pp_2": -17.669616360334693, "a_pp_3": -4.330253328628601}, "datetime": {"datetime": "2024-07-12 23:02:55", "elapsed": 3883.603693, "delta": 8.677349}}
{"target": -7360.511982945696, "params": {"a_c_1": 20.0, "a_c_2": 0.0, "a_mm_0": 20.0, "a_mm_1": -11.100353619467928, "a_mm_2": 7.593407579199817, "a_mm_3": 20.0, "a_mp_0": -1.7243477335774287, "a_mp_1": 6.939260605581271, "a_mp_2": 1.479028187434018, "a_mp_3": -11.024739614700534, "a_pm_0": -25.242425405402095, "a_pm_1": 2.2861736072210292, "a_pm_2": 20.0, "a_pm_3": -4.648918223473228, "a_pp_1": -40.0, "a_pp_2": -0.9019303982230994, "a_pp_3": 20.0}, "datetime": {"datetime": "2024-07-12 23:02:57", "elapsed": 4028.457484, "delta": 11.202933}}
{"target": -29181.039346993435, "params": {"a_c_1": 16.61373888023316, "a_c_2": 1.2096704057381602, "a_mm_0": -7.978471190374016, "a_mm_1": -6.670291747060077, "a_mm_2": -1.3449082585323495, "a_mm_3": -2.246375639438341, "a_mp_0": -10.38957932740703, "a_mp_1": -10.759307738847301, "a_mp_2": 11.745512652068243, "a_mp_3": 4.692608152236396, "a_pm_0": 13.9650338470978, "a_pm_1": -1.0042624419139088, "a_pm_2": -9.066020859174586, "a_pm_3": -16.619144468924347, "a_pp_1": -26.459523307476367, "a_pp_2": -7.685507284417724, "a_pp_3": 12.122955654964812}, "datetime": {"datetime": "2024-07-12 23:02:57", "elapsed": 3864.815951, "delta": 10.853087}}
{"target": -7003.823109030689, "params": {"a_c_1": 0.0, "a_c_2": 10.0, "a_mm_0": 20.0, "a_mm_1": -40.0, "a_mm_2": 20.0, "a_mm_3": 20.0, "a_mp_0": -40.0, "a_mp_1": -40.0, "a_mp_2": -40.0, "a_mp_3": 20.0, "a_pm_0": 20.0, "a_pm_1": 20.0, "a_pm_2": 20.0, "a_pm_3": 20.0, "a_pp_1": 20.0, "a_pp_2": 20.0, "a_pp_3": 20.0}, "datetime": {"datetime": "2024-07-12 23:02:58", "elapsed": 3929.823274, "delta": 10.32079}}
{"target": -6062.285843201231, "params": {"a_c_1": 20.0, "a_c_2": 10.0, "a_mm_0": -40.0, "a_mm_1": 20.0, "a_mm_2": 20.0, "a_mm_3": 20.0, "a_mp_0": 20.0, "a_mp_1": -40.0, "a_mp_2": -28.73917384756644, "a_mp_3": 20.0, "a_pm_0": 20.0, "a_pm_1": 20.0, "a_pm_2": 20.0, "a_pm_3": 20.0, "a_pp_1": 20.0, "a_pp_2": -5.952069778047286, "a_pp_3": 20.0}, "datetime": {"datetime": "2024-07-12 23:03:04", "elapsed": 3913.512919, "delta": 11.295312}}
{"target": -251159.076855922, "params": {"a_c_1": 6.764329347908793, "a_c_2": 2.509844414947012, "a_mm_0": -10.226083795637091, "a_mm_1": 18.298881726588064, "a_mm_2": -33.37638610632931, "a_mm_3": -17.190776537911606, "a_mp_0": -36.7081977979571, "a_mp_1": 12.690324625913199, "a_mp_2": -34.67417701594512, "a_mp_3": -25.079585027889593, "a_pm_0": -10.298434158450306, "a_pm_1": -36.57382307690781, "a_pm_2": -19.272976936282497, "a_pm_3": -10.914506158471767, "a_pp_1": -32.8361607877217, "a_pp_2": 6.132738046778158, "a_pp_3": 9.641957436696003}, "datetime": {"datetime": "2024-07-12 23:03:07", "elapsed": 3874.930058, "delta": 10.114107}}
{"target": -24133.376093851362, "params": {"a_c_1": 20.0, "a_c_2": 10.0, "a_mm_0": 20.0, "a_mm_1": -40.0, "a_mm_2": 20.0, "a_mm_3": 20.0, "a_mp_0": -40.0, "a_mp_1": -12.942233380485483, "a_mp_2": -38.727472005715676, "a_mp_3": -40.0, "a_pm_0": 20.0, "a_pm_1": 20.0, "a_pm_2": 20.0, "a_pm_3": 20.0, "a_pp_1": 20.0, "a_pp_2": 20.0, "a_pp_3": 20.0}, "datetime": {"datetime": "2024-07-12 23:03:08", "elapsed": 3896.564961, "delta": 12.961268}}
{"target": -1908.436076739137, "params": {"a_c_1": 20.0, "a_c_2": 10.0, "a_mm_0": -40.0, "a_mm_1": -6.432601552359544, "a_mm_2": -14.226173815391636, "a_mm_3": 20.0, "a_mp_0": 20.0, "a_mp_1": -40.0, "a_mp_2": -17.746011649199676, "a_mp_3": 20.0, "a_pm_0": 20.0, "a_pm_1": 20.0, "a_pm_2": 20.0, "a_pm_3": 20.0, "a_pp_1": 20.0, "a_pp_2": 20.0, "a_pp_3": 20.0}, "datetime": {"datetime": "2024-07-12 23:03:14", "elapsed": 3945.710899, "delta": 15.887625}}
{"target": -3729.45324168741, "params": {"a_c_1": 0.0, "a_c_2": 10.0, "a_mm_0": -16.323572111491924, "a_mm_1": 20.0, "a_mm_2": 11.553093606340912, "a_mm_3": -7.352337186441281, "a_mp_0": -13.0245296557097, "a_mp_1": -17.158968186169123, "a_mp_2": 20.0, "a_mp_3": -8.525156450438743, "a_pm_0": 20.0, "a_pm_1": 20.0, "a_pm_2": -15.92842437757493, "a_pm_3": 20.0, "a_pp_1": -40.0, "a_pp_2": 20.0, "a_pp_3": 20.0}, "datetime": {"datetime": "2024-07-12 23:03:14", "elapsed": 4044.873975, "delta": 16.416491}}
{"target": -621345.378632773, "params": {"a_c_1": 8.548141347068619, "a_c_2": 1.6578360671177106, "a_mm_0": 13.485326225053512, "a_mm_1": 17.717999697369443, "a_mm_2": 15.970786022460409, "a_mm_3": -30.684026979306275, "a_mp_0": -34.50309043519448, "a_mp_1": -24.402748201905776, "a_mp_2": 14.264668170539174, "a_mp_3": -38.620718864526985, "a_pm_0": -32.71568229166422, "a_pm_1": 11.604956891548035, "a_pm_2": -0.25544699150037786, "a_pm_3": -31.561959348246845, "a_pp_1": -22.3054082396865, "a_pp_2": -20.996122480024532, "a_pp_3": -38.21129973355268}, "datetime": {"datetime": "2024-07-12 23:03:16", "elapsed": 3883.109636, "delta": 8.179578}}
{"target": -12988.81959340284, "params": {"a_c_1": 0.0, "a_c_2": 10.0, "a_mm_0": 20.0, "a_mm_1": -40.0, "a_mm_2": -24.922745490698038, "a_mm_3": 20.0, "a_mp_0": -40.0, "a_mp_1": -40.0, "a_mp_2": 20.0, "a_mp_3": 20.0, "a_pm_0": -40.0, "a_pm_1": 20.0, "a_pm_2": 20.0, "a_pm_3": 20.0, "a_pp_1": 20.0, "a_pp_2": 20.0, "a_pp_3": 20.0}, "datetime": {"datetime": "2024-07-12 23:03:16", "elapsed": 3925.976535, "delta": 12.463616}}
{"target": -25865.480409279815, "params": {"a_c_1": 20.0, "a_c_2": 10.0, "a_mm_0": 20.0, "a_mm_1": -40.0, "a_mm_2": 20.0, "a_mm_3": 20.0, "a_mp_0": 20.0, "a_mp_1": 20.0, "a_mp_2": -36.44993035127892, "a_mp_3": 20.0, "a_pm_0": 20.0, "a_pm_1": -40.0, "a_pm_2": 20.0, "a_pm_3": 20.0, "a_pp_1": -40.0, "a_pp_2": 20.0, "a_pp_3": 20.0}, "datetime": {"datetime": "2024-07-12 23:03:19", "elapsed": 3907.750797, "delta": 11.185836}}
{"target": -4064.303307754421, "params": {"a_c_1": 20.0, "a_c_2": 10.0, "a_mm_0": 20.0, "a_mm_1": -40.0, "a_mm_2": 20.0, "a_mm_3": 20.0, "a_mp_0": 20.0, "a_mp_1": -40.0, "a_mp_2": 20.0, "a_mp_3": 20.0, "a_pm_0": 20.0, "a_pm_1": -40.0, "a_pm_2": 20.0, "a_pm_3": 20.0, "a_pp_1": 20.0, "a_pp_2": 20.0, "a_pp_3": 20.0}, "datetime": {"datetime": "2024-07-12 23:03:25", "elapsed": 3957.028729, "delta": 11.31783}}
{"target": -8020.22907660918, "params": {"a_c_1": 20.0, "a_c_2": 10.0, "a_mm_0": -40.0, "a_mm_1": 20.0, "a_mm_2": 20.0, "a_mm_3": 20.0, "a_mp_0": -40.0, "a_mp_1": -40.0, "a_mp_2": 20.0, "a_mp_3": 20.0, "a_pm_0": 20.0, "a_pm_1": 20.0, "a_pm_2": 20.0, "a_pm_3": 20.0, "a_pp_1": -40.0, "a_pp_2": 20.0, "a_pp_3": 20.0}, "datetime": {"datetime": "2024-07-12 23:03:25", "elapsed": 3935.193698, "delta": 9.217163}}
{"target": -15349.971671967638, "params": {"a_c_1": 0.0, "a_c_2": 10.0, "a_mm_0": 20.0, "a_mm_1": 20.0, "a_mm_2": 20.0, "a_mm_3": 20.0, "a_mp_0": -40.0, "a_mp_1": -40.0, "a_mp_2": 20.0, "a_mp_3": 20.0, "a_pm_0": -40.0, "a_pm_1": -40.0, "a_pm_2": 20.0, "a_pm_3": 20.0, "a_pp_1": 20.0, "a_pp_2": -18.446624699804495, "a_pp_3": 20.0}, "datetime": {"datetime": "2024-07-12 23:03:26", "elapsed": 3893.93731, "delta": 10.827674}}
{"target": -2386.254352562875, "params": {"a_c_1": 20.0, "a_c_2": 10.0, "a_mm_0": 20.0, "a_mm_1": 20.0, "a_mm_2": 20.0, "a_mm_3": 20.0, "a_mp_0": 20.0, "a_mp_1": -40.0, "a_mp_2": 20.0, "a_mp_3": 20.0, "a_pm_0": -40.0, "a_pm_1": 20.0, "a_pm_2": 20.0, "a_pm_3": 20.0, "a_pp_1": -40.0, "a_pp_2": 20.0, "a_pp_3": 20.0}, "datetime": {"datetime": "2024-07-12 23:03:27", "elapsed": 4057.772545, "delta": 12.89857}}
{"target": -4977.184012752549, "params": {"a_c_1": 20.0, "a_c_2": 10.0, "a_mm_0": 20.0, "a_mm_1": 20.0, "a_mm_2": -40.0, "a_mm_3": 20.0, "a_mp_0": 20.0, "a_mp_1": 20.0, "a_mp_2": 20.0, "a_mp_3": 20.0, "a_pm_0": -40.0, "a_pm_1": 20.0, "a_pm_2": -7.729292323348452, "a_pm_3": 20.0, "a_pp_1": 20.0, "a_pp_2": 20.0, "a_pp_3": 20.0}, "datetime": {"datetime": "2024-07-12 23:03:29", "elapsed": 3917.605885, "delta": 9.855088}}
{"target": -224372.57194024452, "params": {"a_c_1": 16.96060585230586, "a_c_2": 4.508354959289295, "a_mm_0": -26.97971637273574, "a_mm_1": 6.458316683875523, "a_mm_2": -16.67991902802396, "a_mm_3": 17.194247575600897, "a_mp_0": -22.650964824353377, "a_mp_1": 16.0428394207296, "a_mp_2": -10.003786786156699, "a_mp_3": 9.113322016781567, "a_pm_0": -21.36271084597447, "a_pm_1": -0.41183047735158596, "a_pm_2": -38.30502464757588, "a_pm_3": 16.11669491201559, "a_pp_1": -6.570094521391056, "a_pp_2": -32.07030536141164, "a_pp_3": -19.76527938514556}, "datetime": {"datetime": "2024-07-12 23:03:34", "elapsed": 3943.821808, "delta": 8.62811}}
{"target": -22950.693490942103, "params": {"a_c_1": 20.0, "a_c_2": 10.0, "a_mm_0": 20.0, "a_mm_1": 20.0, "a_mm_2": 20.0, "a_mm_3": 20.0, "a_mp_0": 20.0, "a_mp_1": 20.0, "a_mp_2": -40.0, "a_mp_3": -16.21206683379235, "a_pm_0": 20.0, "a_pm_1": 20.0, "a_pm_2": 20.0, "a_pm_3": 20.0, "a_pp_1": 20.0, "a_pp_2": -0.5136966158694715, "a_pp_3": 20.0}, "datetime": {"datetime": "2024-07-12 23:03:37", "elapsed": 3904.642512, "delta": 10.705202}}
{"target": -12214.88656917435, "params": {"a_c_1": 20.0, "a_c_2": 10.0, "a_mm_0": -16.936680567775607, "a_mm_1": -9.564119417806507, "a_mm_2": -27.458272046437397, "a_mm_3": -20.47073866139449, "a_mp_0": -8.43403557646558, "a_mp_1": 20.0, "a_mp_2": 20.0, "a_mp_3": 20.0, "a_pm_0": -40.0, "a_pm_1": -8.950610174657868, "a_pm_2": -7.547874370726252, "a_pm_3": 20.0, "a_pp_1": -12.246923448324507, "a_pp_2": 20.0, "a_pp_3": 20.0}, "datetime": {"datetime": "2024-07-12 23:03:38", "elapsed": 3969.689488, "delta": 12.660759}}
{"target": -161869.16665308655, "params": {"a_c_1": 1.3988184070272713, "a_c_2": 0.5691396140646021, "a_mm_0": -34.5495989970328, "a_mm_1": -22.66371807556358, "a_mm_2": -20.956155568208295, "a_mm_3": -14.745729947138738, "a_mp_0": -30.175512093918307, "a_mp_1": -8.851443748456958, "a_mp_2": -25.199961319513477, "a_mp_3": 3.2346717441248813, "a_pm_0": 18.241383163704235, "a_pm_1": 15.483584632555491, "a_pm_2": -22.152190717092147, "a_pm_3": 15.27922739024892, "a_pp_1": -38.43093747051798, "a_pp_2": -2.6214293468302614, "a_pp_3": 9.375933233404702}, "datetime": {"datetime": "2024-07-12 23:03:38", "elapsed": 4069.181171, "delta": 11.408626}}
{"target": -5715.226012803883, "params": {"a_c_1": 20.0, "a_c_2": 0.0, "a_mm_0": -40.0, "a_mm_1": 20.0, "a_mm_2": -34.331001344432366, "a_mm_3": 20.0, "a_mp_0": 20.0, "a_mp_1": 20.0, "a_mp_2": 20.0, "a_mp_3": 20.0, "a_pm_0": 20.0, "a_pm_1": 20.0, "a_pm_2": 20.0, "a_pm_3": 20.0, "a_pp_1": -40.0, "a_pp_2": 20.0, "a_pp_3": 20.0}, "datetime": {"datetime": "2024-07-12 23:03:40", "elapsed": 3928.809635, "delta": 11.20375}}
{"target": -254475.5522425844, "params": {"a_c_1": 7.707904526360794, "a_c_2": 3.175381757874356, "a_mm_0": -35.76430153660587, "a_mm_1": -31.2325013921793, "a_mm_2": -34.38618723632992, "a_mm_3": -8.044706497939302, "a_mp_0": -15.466616794581995, "a_mp_1": -18.843434683999412, "a_mp_2": 2.6791368158226376, "a_mp_3": -6.303918790382582, "a_pm_0": -12.753047414769387, "a_pm_1": -18.512335876055342, "a_pm_2": -4.3772551903462045, "a_pm_3": 6.1801527198481025, "a_pp_1": -14.522234194107988, "a_pp_2": -16.26705916982449, "a_pp_3": -17.54741670750491}, "datetime": {"datetime": "2024-07-12 23:03:42", "elapsed": 3951.665776, "delta": 7.843968}}
{"target": -27747.47334794492, "params": {"a_c_1": 5.6918573483026, "a_c_2": 2.7850298228670125, "a_mm_0": -0.008564443300031144, "a_mm_1": -32.883372990820234, "a_mm_2": -23.542569788204787, "a_mm_3": 13.634252543614444, "a_mp_0": 1.31512149821625, "a_mp_1": -12.327080997652502, "a_mp_2": 8.166988179537107, "a_mp_3": 5.9346758575623255, "a_pm_0": -17.677215098574138, "a_pm_1": 4.859343333548779, "a_pm_2": 12.153239006732399, "a_pm_3": -1.7767821122633194, "a_pp_1": 5.8614122288343395, "a_pp_2": -0.585174513635792, "a_pp_3": -2.7359217422220894}, "datetime": {"datetime": "2024-07-12 23:03:48", "elapsed": 4078.729563, "delta": 9.548392}}
{"target": -103097.68256708999, "params": {"a_c_1": 3.67066419177539, "a_c_2": 3.230109704644546, "a_mm_0": -0.6799445912897042, "a_mm_1": -5.427310386855815, "a_mm_2": -17.84908953050514, "a_mm_3": 7.218313728332838, "a_mp_0": -12.658761982729182, "a_mp_1": 0.42278501519656686, "a_mp_2": 0.491350951168684, "a_mp_3": -32.325421432454874, "a_pm_0": -28.910402575049073, "a_pm_1": -1.6510076428254692, "a_pm_2": -3.982251164644154, "a_pm_3": -35.17546428543487, "a_pp_1": 1.5653771251693058, "a_pp_2": -2.349571254552359, "a_pp_3": 4.943017806653273}, "datetime": {"datetime": "2024-07-12 23:03:49", "elapsed": 3937.67594, "delta": 8.866305}}
{"target": -10802.788188764283, "params": {"a_c_1": 0.0, "a_c_2": 10.0, "a_mm_0": -40.0, "a_mm_1": 20.0, "a_mm_2": 20.0, "a_mm_3": 20.0, "a_mp_0": -40.0, "a_mp_1": -40.0, "a_mp_2": 20.0, "a_mp_3": 20.0, "a_pm_0": 20.0, "a_pm_1": -40.0, "a_pm_2": -40.0, "a_pm_3": 20.0, "a_pp_1": 20.0, "a_pp_2": 20.0, "a_pp_3": 20.0}, "datetime": {"datetime": "2024-07-12 23:03:49", "elapsed": 3981.315503, "delta": 11.626015}}
{"target": -11007.017167961527, "params": {"a_c_1": 20.0, "a_c_2": 10.0, "a_mm_0": 20.0, "a_mm_1": -40.0, "a_mm_2": 20.0, "a_mm_3": 20.0, "a_mp_0": 20.0, "a_mp_1": -40.0, "a_mp_2": 20.0, "a_mp_3": 20.0, "a_pm_0": -40.0, "a_pm_1": 20.0, "a_pm_2": 20.0, "a_pm_3": 20.0, "a_pp_1": -40.0, "a_pp_2": 20.0, "a_pp_3": 20.0}, "datetime": {"datetime": "2024-07-12 23:03:50", "elapsed": 3917.385934, "delta": 12.743422}}
{"target": -5463.718499678721, "params": {"a_c_1": 0.0, "a_c_2": 10.0, "a_mm_0": 20.0, "a_mm_1": 20.0, "a_mm_2": 20.0, "a_mm_3": 20.0, "a_mp_0": 20.0, "a_mp_1": 20.0, "a_mp_2": 20.0, "a_mp_3": 20.0, "a_pm_0": 20.0, "a_pm_1": 20.0, "a_pm_2": -40.0, "a_pm_3": 20.0, "a_pp_1": -4.0294461000142805, "a_pp_2": 20.0, "a_pp_3": 20.0}, "datetime": {"datetime": "2024-07-12 23:03:53", "elapsed": 3962.573505, "delta": 10.907729}}
{"target": -101585.56579231557, "params": {"a_c_1": 5.678851315896953, "a_c_2": 0.6389305332556516, "a_mm_0": -29.519681522207456, "a_mm_1": -39.062885434939936, "a_mm_2": -12.698563736217789, "a_mm_3": -22.48362472721356, "a_mp_0": -3.5075796832939545, "a_mp_1": 12.92113710472885, "a_mp_2": -15.660320654779785, "a_mp_3": -6.511523680643144, "a_pm_0": -39.356019844914194, "a_pm_1": 15.648312217805298, "a_pm_2": 10.300417905666578, "a_pm_3": -19.71235222460161, "a_pp_1": -23.925372427555132, "a_pp_2": 4.138288481918451, "a_pp_3": 7.704522567524236}, "datetime": {"datetime": "2024-07-12 23:03:58", "elapsed": 4088.847645, "delta": 10.118082}}
{"target": -359297.29107265605, "params": {"a_c_1": 6.711526688795555, "a_c_2": 3.702826407512385, "a_mm_0": 19.59165659861035, "a_mm_1": -18.242115389957167, "a_mm_2": 5.398174381024333, "a_mm_3": -24.521694312117617, "a_mp_0": -18.590515563056094, "a_mp_1": -14.424047428032665, "a_mp_2": -36.96672246785949, "a_mp_3": -20.166650087256567, "a_pm_0": -32.44590624824583, "a_pm_1": -19.101302299979178, "a_pm_2": -33.893104136346686, "a_pm_3": -3.040925955425813, "a_pp_1": -25.666289463434907, "a_pp_2": -0.6864390251192418, "a_pp_3": -28.910430854738703}, "datetime": {"datetime": "2024-07-12 23:03:58", "elapsed": 3990.020464, "delta": 8.704961}}
{"target": -81535.13811422684, "params": {"a_c_1": 7.601702802273458, "a_c_2": 2.8054815769583605, "a_mm_0": -12.008746746149207, "a_mm_1": -14.916073574415911, "a_mm_2": 1.2386212355707613, "a_mm_3": 2.7081144883270483, "a_mp_0": -11.913228185601337, "a_mp_1": -21.854497455533114, "a_mp_2": 11.21053557479604, "a_mp_3": -5.052799089282672, "a_pm_0": -4.102739114153756, "a_pm_1": -9.54598009118929, "a_pm_2": -5.720352590468657, "a_pm_3": -6.108464671175163, "a_pp_1": -23.700684307620012, "a_pp_2": -18.913713749799427, "a_pp_3": -12.214370313281616}, "datetime": {"datetime": "2024-07-12 23:04:00", "elapsed": 3927.286876, "delta": 9.900942}}
{"target": -21910.529328303066, "params": {"a_c_1": 0.0, "a_c_2": 10.0, "a_mm_0": 20.0, "a_mm_1": 20.0, "a_mm_2": 20.0, "a_mm_3": 20.0, "a_mp_0": -40.0, "a_mp_1": 20.0, "a_mp_2": 20.0, "a_mp_3": -40.0, "a_pm_0": 20.0, "a_pm_1": 20.0, "a_pm_2": -35.37841624075523, "a_pm_3": 20.0, "a_pp_1": 20.0, "a_pp_2": 20.0, "a_pp_3": 20.0}, "datetime": {"datetime": "2024-07-12 23:04:00", "elapsed": 3948.769795, "delta": 11.093855}}
{"target": -83265.4017138094, "params": {"a_c_1": 3.9873687603405794, "a_c_2": 8.407397709494546, "a_mm_0": 2.2042102231435763, "a_mm_1": -24.985332866697373, "a_mm_2": -29.640305978146156, "a_mm_3": 15.292346301683793, "a_mp_0": -18.83981668913673, "a_mp_1": 16.169349046299622, "a_mp_2": 9.658762955289191, "a_mp_3": -24.994534229557246, "a_pm_0": -3.3339218039642873, "a_pm_1": -19.38297129427736, "a_pm_2": 5.884144918763731, "a_pm_3": 3.556739235697023, "a_pp_1": -18.728531502908112, "a_pp_2": 19.487919971597172, "a_pp_3": -10.07420437228053}, "datetime": {"datetime": "2024-07-12 23:04:04", "elapsed": 3973.701724, "delta": 11.128219}}
{"target": -414730.120198564, "params": {"a_c_1": 15.983713300293052, "a_c_2": 0.042968675228195474, "a_mm_0": -28.155740481962578, "a_mm_1": 13.306019240350999, "a_mm_2": -37.678700515771936, "a_mm_3": 16.120936762831292, "a_mp_0": -25.92164818051417, "a_mp_1": -30.16843391481981, "a_mp_2": -28.291933739503428, "a_mp_3": 18.3245908519009, "a_pm_0": -7.860252980036563, "a_pm_1": -5.341561211384224, "a_pm_2": -32.73827827917327, "a_pm_3": -12.207545621458536, "a_pp_1": -1.942078629303559, "a_pp_2": -35.668851756414725, "a_pp_3": 17.905072523489522}, "datetime": {"datetime": "2024-07-12 23:04:06", "elapsed": 4096.813755, "delta": 7.96611}}
