{"target": -350792.6702164895, "params": {"a_c_1": 9.136935014956295, "a_c_2": 1.5218396983825966, "a_mm_0": 18.27736974468509, "a_mm_1": -26.151063123542265, "a_mm_2": -1.2495888556115915, "a_mm_3": 14.868533854381305, "a_mp_0": 0.33859320126559567, "a_mp_1": 6.513770443280606, "a_mp_2": -37.89172096721131, "a_mp_3": -31.40143208696893, "a_pm_0": -16.586050714650586, "a_pm_1": -31.080184567529848, "a_pm_2": 14.028230622549273, "a_pm_3": -18.577763319092483, "a_pp_1": 12.117526623109725, "a_pp_2": -34.62796624848679, "a_pp_3": -6.449594894639482}, "datetime": {"datetime": "2024-07-12 22:21:39", "elapsed": 1428.486557, "delta": 9.983703}}
{"target": -18096.88609461214, "params": {"a_c_1": 20.0, "a_c_2": 10.0, "a_mm_0": -40.0, "a_mm_1": 20.0, "a_mm_2": 3.9231322703264233, "a_mm_3": 20.0, "a_mp_0": 20.0, "a_mp_1": 20.0, "a_mp_2": 15.30940574038295, "a_mp_3": -40.0, "a_pm_0": -40.0, "a_pm_1": 20.0, "a_pm_2": -17.331530580168156, "a_pm_3": 20.0, "a_pp_1": -31.29843113620208, "a_pp_2": -12.622635995064659, "a_pp_3": 20.0}, "datetime": {"datetime": "2024-07-12 22:21:41", "elapsed": 1409.272926, "delta": 12.827895}}
{"target": -160904.52079250335, "params": {"a_c_1": 3.237884685714596, "a_c_2": 0.9103602735882133, "a_mm_0": -21.23036063491095, "a_mm_1": 16.937121215889164, "a_mm_2": -36.901783902900206, "a_mm_3": -17.044899381703097, "a_mp_0": -2.3453247967964046, "a_mp_1": 4.320630636520285, "a_mp_2": -22.440052801202427, "a_mp_3": -0.4913872660183145, "a_pm_0": -7.4125915865806675, "a_pm_1": -5.441263108162829, "a_pm_2": 8.936378999310826, "a_pm_3": -29.623155874140387, "a_pp_1": -11.384358929004954, "a_pp_2": -9.630050921101269, "a_pp_3": -25.439534875068595}, "datetime": {"datetime": "2024-07-12 22:21:44", "elapsed": 1391.487299, "delta": 9.50049}}
{"target": -12178.029116092697, "params": {"a_c_1": 20.0, "a_c_2": 0.0, "a_mm_0": -11.933364384960827, "a_mm_1": -13.408265224294036, "a_mm_2": -19.43698192172412, "a_mm_3": 20.0, "a_mp_0": 20.0, "a_mp_1": -19.08188615785801, "a_mp_2": 20.0, "a_mp_3": 20.0, "a_pm_0": -38.67756257870072, "a_pm_1": -40.0, "a_pm_2": 4.213786338700384, "a_pm_3": 20.0, "a_pp_1": 20.0, "a_pp_2": 20.0, "a_pp_3": 11.783968622227643}, "datetime": {"datetime": "2024-07-12 22:21:44", "elapsed": 1555.43614, "delta": 12.764444}}
{"target": -53511.948486746915, "params": {"a_c_1": 4.15334960666004, "a_c_2": 0.429649030009136, "a_mm_0": -29.92897137261842, "a_mm_1": 7.897964258497161, "a_mm_2": 9.486504209678628, "a_mm_3": -5.748886084824036, "a_mp_0": -31.90597616841874, "a_mp_1": -8.482197784713946, "a_mp_2": -10.180090070816977, "a_mp_3": -6.840259677824264, "a_pm_0": 14.94019110199769, "a_pm_1": -11.584065207148598, "a_pm_2": 14.67692711098455, "a_pm_3": -5.754541449767743, "a_pp_1": -35.72354213223064, "a_pp_2": -10.626865349507096, "a_pp_3": -2.64609275625579}, "datetime": {"datetime": "2024-07-12 22:21:48", "elapsed": 1459.906371, "delta": 11.149971}}
{"target": -321723.91673073487, "params": {"a_c_1": 14.94082190895848, "a_c_2": 6.1671014552030865, "a_mm_0": -4.345659526725264, "a_mm_1": 10.291065073005527, "a_mm_2": -23.48927146968751, "a_mm_3": -1.7528451566652379, "a_mp_0": -8.603250064694773, "a_mp_1": -23.3155100404491, "a_mp_2": 17.70943305891491, "a_mp_3": -2.3488440774341726, "a_pm_0": -33.18683949485901, "a_pm_1": -34.599247408126345, "a_pm_2": -15.243423064470512, "a_pm_3": -35.4837266863168, "a_pp_1": -36.44894215661023, "a_pp_2": -34.788667071463024, "a_pp_3": 2.1866013188890037}, "datetime": {"datetime": "2024-07-12 22:21:49", "elapsed": 1417.254535, "delta": 7.981609}}
{"target": -31329.45938147865, "params": {"a_c_1": 20.0, "a_c_2": 10.0, "a_mm_0": 20.0, "a_mm_1": -40.0, "a_mm_2": 20.0, "a_mm_3": 20.0, "a_mp_0": 20.0, "a_mp_1": -30.50375712428393, "a_mp_2": 20.0, "a_mp_3": 20.0, "a_pm_0": -40.0, "a_pm_1": 20.0, "a_pm_2": -6.484214489325733, "a_pm_3": -30.06085878986222, "a_pp_1": 20.0, "a_pp_2": 20.0, "a_pp_3": 20.0}, "datetime": {"datetime": "2024-07-12 22:21:51", "elapsed": 1440.762136, "delta": 12.275579}}
{"target": -138171.15855289478, "params": {"a_c_1": 16.310648233700086, "a_c_2": 1.736942417713414, "a_mm_0": -38.34967812521407, "a_mm_1": -5.705240738574346, "a_mm_2": 9.914467648184882, "a_mm_3": 15.039763887282241, "a_mp_0": -18.170946480019946, "a_mp_1": -15.397567585565493, "a_mp_2": -2.4753677937143763, "a_mp_3": -31.097831328758954, "a_pm_0": 1.0107390768676865, "a_pm_1": 11.47712673590933, "a_pm_2": -18.50239807884128, "a_pm_3": 1.6412759879024605, "a_pp_1": 15.450591519314678, "a_pp_2": -31.98120572645068, "a_pp_3": -17.3506808819222}, "datetime": {"datetime": "2024-07-12 22:21:53", "elapsed": 1400.258858, "delta": 8.771559}}
{"target": -11517.909142768762, "params": {"a_c_1": 0.0, "a_c_2": 0.0, "a_mm_0": 20.0, "a_mm_1": 7.234036632500385, "a_mm_2": -4.939557359629729, "a_mm_3": 12.918799699948602, "a_mp_0": -40.0, "a_mp_1": -40.0, "a_mp_2": 20.0, "a_mp_3": 20.0, "a_pm_0": 20.0, "a_pm_1": 20.0, "a_pm_2": 20.0, "a_pm_3": -16.653298111244307, "a_pp_1": -27.818153419186224, "a_pp_2": 20.0, "a_pp_3": 20.0}, "datetime": {"datetime": "2024-07-12 22:21:56", "elapsed": 1567.396112, "delta": 11.959972}}
{"target": -160133.55338781426, "params": {"a_c_1": 1.3072511606520876, "a_c_2": 2.091710764977316, "a_mm_0": -22.574878654276077, "a_mm_1": -4.609128082184839, "a_mm_2": -39.10968912641657, "a_mm_3": -19.91945275987501, "a_mp_0": -8.083188558268589, "a_mp_1": -28.695270216504703, "a_mp_2": -16.469750011574554, "a_mp_3": 6.914503173388333, "a_pm_0": -9.344867577117071, "a_pm_1": 16.728662834214994, "a_pm_2": -17.41532399494329, "a_pm_3": 19.055944993435716, "a_pp_1": -34.23599947247516, "a_pp_2": -5.112384334015076, "a_pp_3": 8.515281896213885}, "datetime": {"datetime": "2024-07-12 22:21:58", "elapsed": 1426.372736, "delta": 9.118201}}
{"target": -38192.25906985085, "params": {"a_c_1": 20.0, "a_c_2": 0.0, "a_mm_0": -40.0, "a_mm_1": 20.0, "a_mm_2": 15.837488297812836, "a_mm_3": -7.96977074015097, "a_mp_0": 20.0, "a_mp_1": 17.377247416062865, "a_mp_2": 20.0, "a_mp_3": 20.0, "a_pm_0": -12.618267127581637, "a_pm_1": -40.0, "a_pm_2": -40.0, "a_pm_3": 20.0, "a_pp_1": 20.0, "a_pp_2": -4.035175476602935, "a_pp_3": 20.0}, "datetime": {"datetime": "2024-07-12 22:21:59", "elapsed": 1470.741929, "delta": 10.835558}}
{"target": -397133.4438156791, "params": {"a_c_1": 10.41086653831621, "a_c_2": 0.974538102050192, "a_mm_0": 15.601204210055528, "a_mm_1": -30.233076659975602, "a_mm_2": -25.965082769478997, "a_mm_3": 0.9369719929609985, "a_mp_0": 2.6545368820931046, "a_mp_1": -33.778616368888585, "a_mp_2": -0.7019109240888142, "a_mp_3": -35.58599492580495, "a_pm_0": -18.113441860641675, "a_pm_1": -16.690847496521283, "a_pm_2": -27.519726212594847, "a_pm_3": -0.6767308377934782, "a_pp_1": -18.64780981933751, "a_pp_2": -28.752814418465693, "a_pp_3": -5.913247240445649}, "datetime": {"datetime": "2024-07-12 22:22:02", "elapsed": 1409.218459, "delta": 8.959601}}
{"target": -12592.673912268294, "params": {"a_c_1": 0.0, "a_c_2": 10.0, "a_mm_0": -3.259897488517497, "a_mm_1": -40.0, "a_mm_2": 20.0, "a_mm_3": -1.2821614968766817, "a_mp_0": 20.0, "a_mp_1": 7.043762675797307, "a_mp_2": 20.0, "a_mp_3": 20.0, "a_pm_0": -40.0, "a_pm_1": 20.0, "a_pm_2": 20.0, "a_pm_3": 20.0, "a_pp_1": -40.0, "a_pp_2": 4.257752794668942, "a_pp_3": 20.0}, "datetime": {"datetime": "2024-07-12 22:22:02", "elapsed": 1451.697049, "delta": 10.934913}}
{"target": -258808.8491220611, "params": {"a_c_1": 10.91146660029503, "a_c_2": 9.849321517966347, "a_mm_0": -22.740999036893548, "a_mm_1": 0.7435201302618566, "a_mm_2": -24.567508543890355, "a_mm_3": -1.2092064423677726, "a_mp_0": 4.242766107957841, "a_mp_1": 3.237288649105942, "a_mp_2": -3.4223563324562036, "a_mp_3": -32.46734827893128, "a_pm_0": 1.3360676892738468, "a_pm_1": 19.123115934544387, "a_pm_2": 4.370240740177486, "a_pm_3": -32.713031829798446, "a_pp_1": -18.861214809071292, "a_pp_2": -29.430221218536786, "a_pp_3": -30.191089665596834}, "datetime": {"datetime": "2024-07-12 22:22:06", "elapsed": 1434.559932, "delta": 8.187196}}
{"target": -10096.370479419045, "params": {"a_c_1": 0.0, "a_c_2": 10.0, "a_mm_0": -40.0, "a_mm_1": 20.0, "a_mm_2": 20.0, "a_mm_3": -19.479406764115815, "a_mp_0": 20.0, "a_mp_1": -13.256463325223166, "a_mp_2": 20.0, "a_mp_3": 20.0, "a_pm_0": -40.0, "a_pm_1": 20.0, "a_pm_2": -34.52057636365962, "a_pm_3": 20.0, "a_pp_1": 20.0, "a_pp_2": 20.0, "a_pp_3": 20.0}, "datetime": {"datetime": "2024-07-12 22:22:08", "elapsed": 1578.780622, "delta": 11.38451}}
{"target": -170842.2679224518, "params": {"a_c_1": 13.769520480803266, "a_c_2": 8.147264696963898, "a_mm_0": 10.080745312871734, "a_mm_1": -24.641372846541074, "a_mm_2": -11.390877401659246, "a_mm_3": 18.800501327615677, "a_mp_0": 17.07450498572505, "a_mp_1": -38.40087422698848, "a_mp_2": -30.70999392303388, "a_mp_3": 19.49679129631508, "a_pm_0": 3.827381785490573, "a_pm_1": 5.3981473524217805, "a_pm_2": -20.324535526218945, "a_pm_3": -0.5979884075398019, "a_pp_1": -12.197611402425117, "a_pp_2": 13.529253410519622, "a_pp_3": -39.42349370696084}, "datetime": {"datetime": "2024-07-12 22:22:09", "elapsed": 1481.351789, "delta": 10.60986}}
{"target": -166679.04167609924, "params": {"a_c_1": 15.307655575305365, "a_c_2": 0.05337010412348131, "a_mm_0": -36.32871479392237, "a_mm_1": -38.76463780304977, "a_mm_2": -29.174426415716326, "a_mm_3": 4.338992556174837, "a_mp_0": -18.476168000662348, "a_mp_1": 1.410584981963673, "a_mp_2": -29.67490629790885, "a_mp_3": -15.651025445901318, "a_pm_0": -17.958331090553145, "a_pm_1": -7.108216439092054, "a_pm_2": 6.803352031694239, "a_pm_3": 3.925769003756521, "a_pp_1": 10.909518514226363, "a_pp_2": -19.803030411791305, "a_pp_3": -0.9857758724676273}, "datetime": {"datetime": "2024-07-12 22:22:11", "elapsed": 1418.011066, "delta": 8.792607}}
{"target": -18448.65894301256, "params": {"a_c_1": 0.0, "a_c_2": 10.0, "a_mm_0": -40.0, "a_mm_1": -40.0, "a_mm_2": -11.422245385852692, "a_mm_3": 20.0, "a_mp_0": 20.0, "a_mp_1": 20.0, "a_mp_2": 20.0, "a_mp_3": 20.0, "a_pm_0": 20.0, "a_pm_1": -40.0, "a_pm_2": 20.0, "a_pm_3": -12.009507849817155, "a_pp_1": -27.56892094919679, "a_pp_2": 20.0, "a_pp_3": -1.2347473375259301}, "datetime": {"datetime": "2024-07-12 22:22:13", "elapsed": 1462.532223, "delta": 10.835174}}
{"target": -251181.78596361342, "params": {"a_c_1": 1.7682442024945022, "a_c_2": 7.9618922172700115, "a_mm_0": -30.074973471172534, "a_mm_1": 7.961249476765204, "a_mm_2": -1.3585349234764479, "a_mm_3": -20.978753066392155, "a_mp_0": 16.823444003250295, "a_mp_1": -34.263232249164886, "a_mp_2": 13.305489675952629, "a_mp_3": -19.315197258647377, "a_pm_0": -7.607301716906889, "a_pm_1": 16.75343240841312, "a_pm_2": -31.99473331006354, "a_pm_3": -39.10152093352538, "a_pp_1": 3.0043578121152876, "a_pp_2": -27.219217962648713, "a_pp_3": -7.8920180016200305}, "datetime": {"datetime": "2024-07-12 22:22:15", "elapsed": 1443.683525, "delta": 9.123593}}
{"target": -207053.1970179183, "params": {"a_c_1": 11.905206699328804, "a_c_2": 1.9300891653287433, "a_mm_0": -29.573354484410906, "a_mm_1": -10.020574142592906, "a_mm_2": -21.109403236310776, "a_mm_3": -34.26637223520047, "a_mp_0": -10.996267671039885, "a_mp_1": -2.078264181463922, "a_mp_2": -35.54426556492527, "a_mp_3": 16.0330515436535, "a_pm_0": -36.92942619881522, "a_pm_1": 1.8676214110370424, "a_pm_2": -8.295916293390924, "a_pm_3": -35.01600533518754, "a_pp_1": -6.3177651059720645, "a_pp_2": -2.6179347632105063, "a_pp_3": -5.03352947530373}, "datetime": {"datetime": "2024-07-12 22:22:17", "elapsed": 1588.299744, "delta": 9.519122}}
{"target": -23125.413781245014, "params": {"a_c_1": 20.0, "a_c_2": 10.0, "a_mm_0": -40.0, "a_mm_1": 20.0, "a_mm_2": 20.0, "a_mm_3": 20.0, "a_mp_0": -40.0, "a_mp_1": -40.0, "a_mp_2": -19.92571745421281, "a_mp_3": 20.0, "a_pm_0": 20.0, "a_pm_1": 20.0, "a_pm_2": 20.0, "a_pm_3": 1.6198203011014156, "a_pp_1": -40.0, "a_pp_2": 20.0, "a_pp_3": 20.0}, "datetime": {"datetime": "2024-07-12 22:22:22", "elapsed": 1494.240848, "delta": 12.889059}}
{"target": -10957.701897456058, "params": {"a_c_1": 20.0, "a_c_2": 10.0, "a_mm_0": 20.0, "a_mm_1": -25.784057821321408, "a_mm_2": 20.0, "a_mm_3": 20.0, "a_mp_0": 20.0, "a_mp_1": 20.0, "a_mp_2": 20.0, "a_mp_3": -7.9629369604732165, "a_pm_0": 20.0, "a_pm_1": -40.0, "a_pm_2": -10.049962949882879, "a_pm_3": 20.0, "a_pp_1": -40.0, "a_pp_2": 20.0, "a_pp_3": 9.455562030319758}, "datetime": {"datetime": "2024-07-12 22:22:23", "elapsed": 1430.490843, "delta": 12.479777}}
{"target": -2339.1029190284694, "params": {"a_c_1": 0.0, "a_c_2": 10.0, "a_mm_0": -9.919234405468911, "a_mm_1": -12.827745074737434, "a_mm_2": -14.744784947741428, "a_mm_3": 7.9149144032047, "a_mp_0": 5.2496950383078005, "a_mp_1": 16.133990032550965, "a_mp_2": 20.0, "a_mp_3": 10.277988537194602, "a_pm_0": -16.455624133557688, "a_pm_1": -5.35369422593855, "a_pm_2": -8.63891059066972, "a_pm_3": -17.54541482870142, "a_pp_1": -3.163483886704957, "a_pp_2": 20.0, "a_pp_3": 20.0}, "datetime": {"datetime": "2024-07-12 22:22:26", "elapsed": 1475.378388, "delta": 12.846165}}
{"target": -113394.84368851983, "params": {"a_c_1": 4.273377389499808, "a_c_2": 2.9086649647501304, "a_mm_0": -20.87309596363837, "a_mm_1": 5.349089088663398, "a_mm_2": 9.026201254735923, "a_mm_3": 15.884692287923144, "a_mp_0": 3.592425210051651, "a_mp_1": -8.062814008223906, "a_mp_2": -28.032369412583726, "a_mp_3": -7.284893587282845, "a_pm_0": -0.3594014075913705, "a_pm_1": -3.34252970259805, "a_pm_2": -36.70995473573226, "a_pm_3": 19.54981622574296, "a_pp_1": 12.889114718466594, "a_pp_2": 5.645767625328709, "a_pp_3": -39.667847700323094}, "datetime": {"datetime": "2024-07-12 22:22:27", "elapsed": 1597.921635, "delta": 9.621891}}
{"target": -4217.361722217941, "params": {"a_c_1": 20.0, "a_c_2": 10.0, "a_mm_0": 18.997378720665502, "a_mm_1": -22.063644534487707, "a_mm_2": -26.68730779064099, "a_mm_3": 20.0, "a_mp_0": -40.0, "a_mp_1": -3.2168007289043223, "a_mp_2": 20.0, "a_mp_3": -5.00415886302996, "a_pm_0": 7.0725988755654035, "a_pm_1": -11.13554867769766, "a_pm_2": -1.6598357497326817, "a_pm_3": 1.2900391757893666, "a_pp_1": 20.0, "a_pp_2": 20.0, "a_pp_3": 20.0}, "datetime": {"datetime": "2024-07-12 22:22:27", "elapsed": 1455.575677, "delta": 11.892152}}
{"target": -50213.27412685623, "params": {"a_c_1": 20.0, "a_c_2": 0.0, "a_mm_0": -40.0, "a_mm_1": 20.0, "a_mm_2": 20.0, "a_mm_3": 20.0, "a_mp_0": 20.0, "a_mp_1": 1.058819331100257, "a_mp_2": -40.0, "a_mp_3": -12.435145948167769, "a_pm_0": 20.0, "a_pm_1": 20.0, "a_pm_2": 20.0, "a_pm_3": -19.524940700339364, "a_pp_1": -40.0, "a_pp_2": 0.19378571859985136, "a_pp_3": 20.0}, "datetime": {"datetime": "2024-07-12 22:22:32", "elapsed": 1504.400039, "delta": 10.159191}}
{"target": -43864.74816200304, "params": {"a_c_1": 20.0, "a_c_2": 10.0, "a_mm_0": 20.0, "a_mm_1": 20.0, "a_mm_2": -40.0, "a_mm_3": 20.0, "a_mp_0": 20.0, "a_mp_1": -21.44368668533575, "a_mp_2": 20.0, "a_mp_3": 20.0, "a_pm_0": 20.0, "a_pm_1": 20.0, "a_pm_2": 20.0, "a_pm_3": -7.766416302196611, "a_pp_1": -40.0, "a_pp_2": 20.0, "a_pp_3": -19.46971299586199}, "datetime": {"datetime": "2024-07-12 22:22:36", "elapsed": 1485.279695, "delta": 9.901307}}
{"target": -160323.4198691713, "params": {"a_c_1": 17.259424196947567, "a_c_2": 7.838143393451738, "a_mm_0": -17.345746879045553, "a_mm_1": 19.933733974831803, "a_mm_2": 11.168087908165688, "a_mm_3": -26.50876189343952, "a_mp_0": -4.267845976981405, "a_mp_1": 16.961653699796138, "a_mp_2": -11.047439243590183, "a_mp_3": 0.02640924116790444, "a_pm_0": -14.7916997284665, "a_pm_1": 14.302338129292018, "a_pm_2": -32.9215727678445, "a_pm_3": -0.8747838322681716, "a_pp_1": -11.082910712263715, "a_pp_2": -28.409327909544288, "a_pp_3": -32.531967039812486}, "datetime": {"datetime": "2024-07-12 22:22:36", "elapsed": 1464.263705, "delta": 8.688028}}
{"target": -9670.367776404491, "params": {"a_c_1": 20.0, "a_c_2": 10.0, "a_mm_0": 20.0, "a_mm_1": -40.0, "a_mm_2": 20.0, "a_mm_3": -16.023753582052056, "a_mp_0": -40.0, "a_mp_1": 20.0, "a_mp_2": 20.0, "a_mp_3": 20.0, "a_pm_0": 20.0, "a_pm_1": 20.0, "a_pm_2": -36.61769486453382, "a_pm_3": 20.0, "a_pp_1": -25.02025055175701, "a_pp_2": 20.0, "a_pp_3": 20.0}, "datetime": {"datetime": "2024-07-12 22:22:36", "elapsed": 1443.599956, "delta": 13.109113}}
{"target": -25703.413457102375, "params": {"a_c_1": 0.0, "a_c_2": 0.0, "a_mm_0": -40.0, "a_mm_1": -10.63533592180264, "a_mm_2": 20.0, "a_mm_3": 20.0, "a_mp_0": 20.0, "a_mp_1": -8.224697039377595, "a_mp_2": -23.682412500050752, "a_mp_3": 20.0, "a_pm_0": 20.0, "a_pm_1": -40.0, "a_pm_2": 20.0, "a_pm_3": 20.0, "a_pp_1": 20.0, "a_pp_2": 20.0, "a_pp_3": -10.007639041489375}, "datetime": {"datetime": "2024-07-12 22:22:40", "elapsed": 1610.876786, "delta": 12.955151}}
{"target": -252186.49939903952, "params": {"a_c_1": 5.311795408334568, "a_c_2": 6.558196755677232, "a_mm_0": -31.617482295110918, "a_mm_1": 6.147896005508585, "a_mm_2": 9.775591277833655, "a_mm_3": 8.425982257646886, "a_mp_0": -34.48722106678957, "a_mp_1": -15.952542702256704, "a_mp_2": -39.56993621579625, "a_mp_3": -14.058223848480651, "a_pm_0": -32.25796410508687, "a_pm_1": -35.42939249445848, "a_pm_2": -17.593952093447886, "a_pm_3": 5.739557259262149, "a_pp_1": 9.425658016310656, "a_pp_2": -34.961950654873455, "a_pp_3": -24.66076036412435}, "datetime": {"datetime": "2024-07-12 22:22:40", "elapsed": 1512.280181, "delta": 7.880142}}
{"target": -224530.88234878657, "params": {"a_c_1": 6.392031566799366, "a_c_2": 6.990486758224328, "a_mm_0": -33.8303592931109, "a_mm_1": -3.821492571662752, "a_mm_2": -16.732891893987276, "a_mm_3": -33.18984924255193, "a_mp_0": -35.882198769347355, "a_mp_1": -9.326929186337885, "a_mp_2": -26.860017196474306, "a_mp_3": 10.74802167224739, "a_pm_0": -35.20019109269483, "a_pm_1": 4.433066166748517, "a_pm_2": -15.968150274276397, "a_pm_3": -6.937936795092639, "a_pp_1": -5.699515700376367, "a_pp_2": 6.6528265706833665, "a_pp_3": -33.54182768060367}, "datetime": {"datetime": "2024-07-12 22:22:44", "elapsed": 1472.838329, "delta": 8.574624}}
{"target": -233346.0519963639, "params": {"a_c_1": 17.235669098649588, "a_c_2": 9.22484068460626, "a_mm_0": -17.42240642889634, "a_mm_1": -30.084115528348214, "a_mm_2": -29.27222265744046, "a_mm_3": -12.89630103094957, "a_mp_0": -20.953265329466724, "a_mp_1": -29.069454968010444, "a_mp_2": -16.166480693104376, "a_mp_3": -15.391187168103194, "a_pm_0": -18.49942858254551, "a_pm_1": -21.252895347561044, "a_pm_2": 15.824497886313267, "a_pm_3": 15.940012262623029, "a_pp_1": -31.019111102573483, "a_pp_2": -16.786359847811514, "a_pp_3": -1.928602882158188}, "datetime": {"datetime": "2024-07-12 22:22:45", "elapsed": 1452.563374, "delta": 8.963418}}
{"target": -23058.401935609792, "params": {"a_c_1": 20.0, "a_c_2": 10.0, "a_mm_0": -40.0, "a_mm_1": -8.773585396520438, "a_mm_2": 20.0, "a_mm_3": 20.0, "a_mp_0": 20.0, "a_mp_1": -32.994222143651186, "a_mp_2": -33.54013830373025, "a_mp_3": 20.0, "a_pm_0": 20.0, "a_pm_1": 20.0, "a_pm_2": -24.4902061401266, "a_pm_3": -34.46314308256211, "a_pp_1": 20.0, "a_pp_2": 20.0, "a_pp_3": 20.0}, "datetime": {"datetime": "2024-07-12 22:22:50", "elapsed": 1499.571343, "delta": 14.291648}}
{"target": -70651.40488662351, "params": {"a_c_1": 20.0, "a_c_2": 0.0, "a_mm_0": -40.0, "a_mm_1": -40.0, "a_mm_2": -8.88979727018422, "a_mm_3": 20.0, "a_mp_0": 20.0, "a_mp_1": 20.0, "a_mp_2": 20.0, "a_mp_3": -34.91326120064753, "a_pm_0": -40.0, "a_pm_1": 20.0, "a_pm_2": -40.0, "a_pm_3": 20.0, "a_pp_1": 20.0, "a_pp_2": 20.0, "a_pp_3": 20.0}, "datetime": {"datetime": "2024-07-12 22:22:50", "elapsed": 1522.197027, "delta": 9.916846}}
{"target": -7767.8601464368185, "params": {"a_c_1": 0.0, "a_c_2": 0.0, "a_mm_0": -40.0, "a_mm_1": 20.0, "a_mm_2": -8.431968197901703, "a_mm_3": 20.0, "a_mp_0": 20.0, "a_mp_1": -19.733457440253794, "a_mp_2": 20.0, "a_mp_3": 20.0, "a_pm_0": 20.0, "a_pm_1": 20.0, "a_pm_2": 20.0, "a_pm_3": -24.53397187569403, "a_pp_1": 20.0, "a_pp_2": -0.008245606162808974, "a_pp_3": 20.0}, "datetime": {"datetime": "2024-07-12 22:22:54", "elapsed": 1625.138062, "delta": 14.261276}}
{"target": -252784.69606560632, "params": {"a_c_1": 11.995992429339841, "a_c_2": 1.7417543439565586, "a_mm_0": 19.152395004608856, "a_mm_1": -14.75576832516602, "a_mm_2": -10.79117271756164, "a_mm_3": -32.80505686334029, "a_mp_0": 18.175040461186526, "a_mp_1": 8.132544267932012, "a_mp_2": -13.806007210534357, "a_mp_3": 13.889453769859799, "a_pm_0": 0.14072281500413197, "a_pm_1": -38.04947390813728, "a_pm_2": -19.831047100295415, "a_pm_3": -19.080951724621904, "a_pp_1": -22.905210082233275, "a_pp_2": -36.86824780100114, "a_pp_3": 7.116126112772463}, "datetime": {"datetime": "2024-07-12 22:22:54", "elapsed": 1461.587007, "delta": 9.023633}}
{"target": -10924.722907682391, "params": {"a_c_1": 0.0, "a_c_2": 10.0, "a_mm_0": 9.894770238169087, "a_mm_1": 20.0, "a_mm_2": -28.614973643512112, "a_mm_3": -21.745191428191234, "a_mp_0": 20.0, "a_mp_1": 20.0, "a_mp_2": 20.0, "a_mp_3": 20.0, "a_pm_0": -40.0, "a_pm_1": 13.97418242064964, "a_pm_2": -29.70109645101055, "a_pm_3": 20.0, "a_pp_1": 20.0, "a_pp_2": 8.227133429823658, "a_pp_3": 20.0}, "datetime": {"datetime": "2024-07-12 22:22:56", "elapsed": 1484.232173, "delta": 11.393844}}
{"target": -56362.732735658516, "params": {"a_c_1": 3.0414839871923993, "a_c_2": 7.464353279931874, "a_mm_0": 2.1161286846007528, "a_mm_1": -20.887716359689747, "a_mm_2": -31.799008895230322, "a_mm_3": -4.106486209589669, "a_mp_0": -25.90336213509881, "a_mp_1": 8.125628546999039, "a_mp_2": -5.113089013287535, "a_mp_3": 10.315526983295442, "a_pm_0": -1.4923556216093843, "a_pm_1": -14.282383633589191, "a_pm_2": -30.862381162425482, "a_pm_3": -5.038729108230584, "a_pp_1": -5.225126542115788, "a_pp_2": 19.331534970206476, "a_pp_3": 0.7538567166686718}, "datetime": {"datetime": "2024-07-12 22:22:58", "elapsed": 1530.435903, "delta": 8.238876}}
