{"target": -87310.14453693779, "params": {"a_c_1": 2.3380275881702084, "a_c_2": 9.277174472477183, "a_mm_0": -15.512079176133316, "a_mm_1": 1.1833016419778914, "a_mm_2": 10.865021935682726, "a_mm_3": -33.016838888225266, "a_mp_0": -31.942678826507027, "a_mp_1": -0.934895294155389, "a_mp_2": -22.21442810436748, "a_mp_3": -10.842655369278088, "a_pm_0": -13.95464545108473, "a_pm_1": -19.80361594987653, "a_pm_2": 5.123688084898525, "a_pm_3": 4.946394535420588, "a_pp_1": -29.617108898000133, "a_pp_2": -12.993777354591913, "a_pp_3": 13.337191152217628}, "datetime": {"datetime": "2024-07-12 22:08:56", "elapsed": 644.818056, "delta": 9.032532}}
{"target": -135180.1061090369, "params": {"a_c_1": 19.554825842546478, "a_c_2": 8.310791968302008, "a_mm_0": -12.936469405666035, "a_mm_1": -9.844006221213874, "a_mm_2": -6.904308970966142, "a_mm_3": -6.458467879479912, "a_mp_0": -29.074867698088013, "a_mp_1": -27.923083721971388, "a_mp_2": 2.368308163563505, "a_mp_3": 10.769750000430214, "a_pm_0": 17.570653584169, "a_pm_1": 5.650720927800435, "a_pm_2": -6.709915856553636, "a_pm_3": -34.8653768289064, "a_pp_1": -34.86791912259229, "a_pp_2": -30.84536042031168, "a_pp_3": 2.370982095600368}, "datetime": {"datetime": "2024-07-12 22:08:58", "elapsed": 690.444753, "delta": 8.915547}}
{"target": -118569.73509623097, "params": {"a_c_1": 13.774236158077183, "a_c_2": 4.543440997413562, "a_mm_0": 6.833581117812642, "a_mm_1": -26.611865463367074, "a_mm_2": 10.798283978633137, "a_mm_3": 17.5170773778706, "a_mp_0": -32.17307615827987, "a_mp_1": -13.758754674895101, "a_mp_2": -37.5441522913294, "a_mp_3": 6.54130842921645, "a_pm_0": -8.61551815674212, "a_pm_1": -38.063953441505795, "a_pm_2": 14.373617916942443, "a_pm_3": 15.444962254577547, "a_pp_1": -23.185265881563744, "a_pp_2": 4.417763753417027, "a_pp_3": -35.569883542039165}, "datetime": {"datetime": "2024-07-12 22:09:00", "elapsed": 669.416408, "delta": 10.780161}}
{"target": -319053.1191761435, "params": {"a_c_1": 18.90482666559886, "a_c_2": 3.9176228881461705, "a_mm_0": 10.367100893694655, "a_mm_1": -19.262998046982645, "a_mm_2": -31.569230970916024, "a_mm_3": 4.211226677429465, "a_mp_0": -12.174372936955486, "a_mp_1": -37.93643260785771, "a_mp_2": -11.305655293986277, "a_mp_3": -24.98707680623575, "a_pm_0": -14.355330144557879, "a_pm_1": -20.046883951074143, "a_pm_2": 2.8689412510989953, "a_pm_3": -33.334614821211396, "a_pp_1": -7.297427106182539, "a_pp_2": -17.448451851885867, "a_pp_3": -12.712735233712113}, "datetime": {"datetime": "2024-07-12 22:09:05", "elapsed": 653.327619, "delta": 8.509563}}
{"target": -81791.74310424725, "params": {"a_c_1": 15.284090020043806, "a_c_2": 2.891832408697975, "a_mm_0": -11.479602878248862, "a_mm_1": 12.671592434633112, "a_mm_2": 1.0385792996449865, "a_mm_3": 9.69550079112242, "a_mp_0": -3.4059348711364947, "a_mp_1": -3.219742967471568, "a_mp_2": 16.063689944190372, "a_mp_3": -26.67873687197376, "a_pm_0": 9.672027607225893, "a_pm_1": -2.715465400306641, "a_pm_2": 11.940913186572466, "a_pm_3": 18.8536458457382, "a_pp_1": -23.080120240362678, "a_pp_2": 14.13770987557222, "a_pp_3": -28.126625799658196}, "datetime": {"datetime": "2024-07-12 22:09:06", "elapsed": 633.31734, "delta": 9.803876}}
{"target": -171942.01392827003, "params": {"a_c_1": 16.834736523716995, "a_c_2": 6.851729969076996, "a_mm_0": -10.746569951024913, "a_mm_1": -19.19830711848531, "a_mm_2": -18.781132775979696, "a_mm_3": -24.769667059168768, "a_mp_0": 14.661078421917587, "a_mp_1": 3.5385527296921353, "a_mp_2": -38.444452432943805, "a_mp_3": -12.308724805173124, "a_pm_0": -23.12192364779132, "a_pm_1": -38.26202882932609, "a_pm_2": 13.08091365855767, "a_pm_3": 6.2603214772809395, "a_pp_1": -20.215895245344345, "a_pp_2": 7.79351525220266, "a_pp_3": -20.521700667820205}, "datetime": {"datetime": "2024-07-12 22:09:06", "elapsed": 797.194993, "delta": 10.671689}}
{"target": -84757.0085167672, "params": {"a_c_1": 5.563261550874263, "a_c_2": 4.232516877942616, "a_mm_0": -30.8547631154892, "a_mm_1": -25.790739080766468, "a_mm_2": -17.74872235492564, "a_mm_3": -3.1941070993727223, "a_mp_0": 18.662439145370882, "a_mp_1": -32.36879527447985, "a_mp_2": -22.403450044768764, "a_mp_3": 19.796286271900584, "a_pm_0": 12.987761208000776, "a_pm_1": 17.33131411702024, "a_pm_2": -8.251317805831917, "a_pm_3": -25.85368997859881, "a_pp_1": -27.912177430085436, "a_pp_2": 8.232583282988806, "a_pp_3": 15.884901252356173}, "datetime": {"datetime": "2024-07-12 22:09:08", "elapsed": 699.801645, "delta": 9.356892}}
{"target": -53893.56184085776, "params": {"a_c_1": 13.090481873502704, "a_c_2": 3.1436296591756205, "a_mm_0": -38.52721922325968, "a_mm_1": -21.72871895070397, "a_mm_2": -7.772774437879569, "a_mm_3": -37.931892828551476, "a_mp_0": 12.742624911706542, "a_mp_1": -14.946280338641042, "a_mp_2": -9.30217458693528, "a_mp_3": 18.01700553472108, "a_pm_0": 15.755255862622398, "a_pm_1": 3.1236693650881477, "a_pm_2": 3.572928446438155, "a_pm_3": 10.255116673018478, "a_pp_1": -1.9235183860882756, "a_pp_2": -3.5863854230231738, "a_pp_3": 12.151177326913214}, "datetime": {"datetime": "2024-07-12 22:09:08", "elapsed": 677.776974, "delta": 8.360566}}
{"target": -155165.04512298564, "params": {"a_c_1": 12.991939480230306, "a_c_2": 5.050099691575034, "a_mm_0": -7.112175136366567, "a_mm_1": 2.6141518419574723, "a_mm_2": -17.585139226773375, "a_mm_3": 3.8091574410505373, "a_mp_0": 1.1168963102444849, "a_mp_1": -20.941269750010203, "a_mp_2": -1.6736379196965743, "a_mp_3": -12.601836635904515, "a_pm_0": -18.450285449139088, "a_pm_1": 0.3859244083105011, "a_pm_2": -29.745083190294277, "a_pm_3": -30.062126088393168, "a_pp_1": -21.140506921852726, "a_pp_2": 12.399661672900699, "a_pp_3": -26.97495087416718}, "datetime": {"datetime": "2024-07-12 22:09:13", "elapsed": 661.984453, "delta": 8.656834}}
{"target": -300185.40288192645, "params": {"a_c_1": 2.536756649059506, "a_c_2": 9.811857613816436, "a_mm_0": -24.8875916961838, "a_mm_1": -25.987290446336864, "a_mm_2": -2.5731362456222797, "a_mm_3": -6.584787135140495, "a_mp_0": -7.22348797346762, "a_mp_1": 12.280058706017542, "a_mp_2": -39.65490293217782, "a_mp_3": -30.878866647237327, "a_pm_0": -28.362356412169156, "a_pm_1": -6.838354087213162, "a_pm_2": -18.353618361471614, "a_pm_3": -1.1714851849213517, "a_pp_1": -14.863641108680973, "a_pp_2": -38.46491257463188, "a_pp_3": 7.410814450220819}, "datetime": {"datetime": "2024-07-12 22:09:16", "elapsed": 686.035135, "delta": 8.258161}}
{"target": -66110.18171683306, "params": {"a_c_1": 7.876413535670963, "a_c_2": 9.69255096959795, "a_mm_0": -29.745409774560514, "a_mm_1": -21.605863734746666, "a_mm_2": 14.541867469133521, "a_mm_3": -17.081649392658285, "a_mp_0": -8.495048343021779, "a_mp_1": -24.280367905863546, "a_mp_2": -9.90834620423539, "a_mp_3": -8.87944089104948, "a_pm_0": 18.01164944816184, "a_pm_1": -13.779799135106359, "a_pm_2": 19.27341736751579, "a_pm_3": -14.719065092392071, "a_pp_1": -33.28774416654928, "a_pp_2": -2.6749193671722793, "a_pp_3": -5.287268322334469}, "datetime": {"datetime": "2024-07-12 22:09:17", "elapsed": 644.568359, "delta": 11.251019}}
{"target": -275864.62578636484, "params": {"a_c_1": 12.337999550301607, "a_c_2": 6.864102624377017, "a_mm_0": 13.021790846440965, "a_mm_1": -24.55847843658413, "a_mm_2": -5.111488943243458, "a_mm_3": -6.000732887849438, "a_mp_0": 15.373403702971913, "a_mp_1": -20.574198945221113, "a_mp_2": -31.719844806473994, "a_mp_3": -33.77356773455397, "a_pm_0": -23.01363452964618, "a_pm_1": -36.10084314922291, "a_pm_2": -21.619306557106473, "a_pm_3": -5.2896825949931525, "a_pp_1": -13.243042433271679, "a_pp_2": -1.2854398550066222, "a_pp_3": -8.556022711933615}, "datetime": {"datetime": "2024-07-12 22:09:17", "elapsed": 709.486207, "delta": 9.684562}}
{"target": -71882.34765123134, "params": {"a_c_1": 6.157648876352935, "a_c_2": 9.281090785007262, "a_mm_0": 18.614969716751013, "a_mm_1": -8.58668171698643, "a_mm_2": 17.1161100540755, "a_mm_3": 13.279789635587875, "a_mp_0": -8.91804630433548, "a_mp_1": -17.635071874150864, "a_mp_2": 2.62127469917656, "a_mp_3": -12.661394521476762, "a_pm_0": -3.687226292607228, "a_pm_1": 19.424371813396803, "a_pm_2": 6.43497499738811, "a_pm_3": -19.943415700370423, "a_pp_1": -34.66010675065732, "a_pp_2": -28.905664583295497, "a_pp_3": -8.388887446489939}, "datetime": {"datetime": "2024-07-12 22:09:18", "elapsed": 809.349228, "delta": 12.154235}}
{"target": -103723.7259978502, "params": {"a_c_1": 9.885631687664842, "a_c_2": 9.390301396731967, "a_mm_0": -37.59961417307101, "a_mm_1": -3.8119124749921838, "a_mm_2": 1.323466586749575, "a_mm_3": -27.18254455823481, "a_mp_0": 18.297929044494524, "a_mp_1": -25.862051652952715, "a_mp_2": -9.254543177589117, "a_mp_3": -6.783682239884797, "a_pm_0": -9.825850943659642, "a_pm_1": 8.617925742845074, "a_pm_2": -3.821887760945131, "a_pm_3": -11.29484937847619, "a_pp_1": -19.16253272097311, "a_pp_2": 11.596017882011267, "a_pp_3": -14.654258065033922}, "datetime": {"datetime": "2024-07-12 22:09:22", "elapsed": 670.353052, "delta": 8.368599}}
{"target": -216234.28813880924, "params": {"a_c_1": 16.08573132368687, "a_c_2": 5.7787847436829844, "a_mm_0": 9.415236247294786, "a_mm_1": -6.70290197925538, "a_mm_2": 10.543066554563644, "a_mm_3": -9.396817140965858, "a_mp_0": -8.516544823349353, "a_mp_1": -8.904869992934387, "a_mp_2": 7.424937095224109, "a_mp_3": -12.109895695816597, "a_pm_0": -28.44720556088321, "a_pm_1": 0.5886057982714163, "a_pm_2": 13.994840501890081, "a_pm_3": -31.725299638771713, "a_pp_1": -25.03745625719325, "a_pp_2": -16.014180426027234, "a_pp_3": -31.20261189325892}, "datetime": {"datetime": "2024-07-12 22:09:25", "elapsed": 652.112236, "delta": 7.543877}}
{"target": -273596.25493423175, "params": {"a_c_1": 15.136595575650931, "a_c_2": 4.525681251711432, "a_mm_0": 6.425184664208118, "a_mm_1": -11.567849813299873, "a_mm_2": 3.5727784809503333, "a_mm_3": 6.499787294658233, "a_mp_0": 11.260504059068026, "a_mp_1": -30.334944398703957, "a_mp_2": 3.398210526353779, "a_mp_3": -39.34117358346399, "a_pm_0": -16.004178959187108, "a_pm_1": -6.06349275657297, "a_pm_2": -38.229490587674235, "a_pm_3": -37.6965516789345, "a_pp_1": -25.64383619372779, "a_pp_2": -18.691873813239294, "a_pp_3": 2.0268308976853433}, "datetime": {"datetime": "2024-07-12 22:09:26", "elapsed": 718.273551, "delta": 8.787344}}
{"target": -139205.4373624665, "params": {"a_c_1": 10.062903942178318, "a_c_2": 3.923772445687681, "a_mm_0": -23.171489586496705, "a_mm_1": 12.083565781537814, "a_mm_2": -2.4607359648608735, "a_mm_3": -34.062539719155005, "a_mp_0": -16.203087362915905, "a_mp_1": 19.400964080923302, "a_mp_2": -24.817953194035084, "a_mp_3": -32.774852101876675, "a_pm_0": -35.88447136494472, "a_pm_1": -35.85838800940729, "a_pm_2": -37.678876605467245, "a_pm_3": -11.95578801877324, "a_pp_1": 14.354249428086383, "a_pp_2": 16.85260986499045, "a_pp_3": 14.363865552932097}, "datetime": {"datetime": "2024-07-12 22:09:27", "elapsed": 697.038134, "delta": 11.002999}}
{"target": -284772.263738571, "params": {"a_c_1": 8.34204836213716, "a_c_2": 8.006596581292397, "a_mm_0": 15.992140291200904, "a_mm_1": -29.328115122919087, "a_mm_2": 11.604006252572972, "a_mm_3": 17.443695579600124, "a_mp_0": 17.568236410986927, "a_mp_1": -37.72824473677417, "a_mp_2": -36.544989663509575, "a_mp_3": -39.65215642493866, "a_pm_0": -21.239130630671415, "a_pm_1": -36.65809523727372, "a_pm_2": -22.36825087176735, "a_pm_3": -18.639010838128808, "a_pp_1": 17.22062110843531, "a_pp_2": -11.382944650793323, "a_pp_3": -23.30569345472018}, "datetime": {"datetime": "2024-07-12 22:09:29", "elapsed": 820.029478, "delta": 10.68025}}
{"target": -124134.87705303314, "params": {"a_c_1": 1.3665262446463378, "a_c_2": 1.6337666471826184, "a_mm_0": 2.8604343736602047, "a_mm_1": -24.92837680062913, "a_mm_2": -8.147445777402808, "a_mm_3": 12.223395114088554, "a_mp_0": -35.0991981359585, "a_mp_1": -30.448103077040187, "a_mp_2": 17.801042312959694, "a_mp_3": 15.366620853417473, "a_pm_0": 16.353779401396537, "a_pm_1": -20.360523577746257, "a_pm_2": -20.074865616010886, "a_pm_3": -16.442045633870546, "a_pp_1": 14.136946970819679, "a_pp_2": -31.509628122262605, "a_pp_3": -8.854153916111784}, "datetime": {"datetime": "2024-07-12 22:09:30", "elapsed": 678.47664, "delta": 8.123588}}
{"target": -247381.55694746677, "params": {"a_c_1": 3.812002490554347, "a_c_2": 3.962357370984444, "a_mm_0": 14.319506078834308, "a_mm_1": -20.641626796225257, "a_mm_2": 5.9405387665770775, "a_mm_3": -4.864618844027667, "a_mp_0": -36.80193869289111, "a_mp_1": 18.36506116785811, "a_mp_2": -33.382382501062, "a_mp_3": -19.495921962266046, "a_pm_0": 17.114354959430322, "a_pm_1": -25.404751467556437, "a_pm_2": 16.95959036632621, "a_pm_3": -0.36975622984213885, "a_pp_1": -28.466036818811702, "a_pp_2": -31.525051640454073, "a_pp_3": 18.922998331040326}, "datetime": {"datetime": "2024-07-12 22:09:34", "elapsed": 726.212605, "delta": 7.939054}}
{"target": -41714.672351473346, "params": {"a_c_1": 15.302098767210433, "a_c_2": 7.54802101754847, "a_mm_0": -11.827491040827798, "a_mm_1": 15.752797217169693, "a_mm_2": 14.137087146964944, "a_mm_3": 9.094563413744872, "a_mp_0": -0.30806932266776954, "a_mp_1": 17.507636349936284, "a_mp_2": 5.906378917646656, "a_mp_3": 11.534609681790755, "a_pm_0": -10.790740487688765, "a_pm_1": 16.341254685451233, "a_pm_2": 7.402790806279853, "a_pm_3": -9.716465142008381, "a_pp_1": 12.271533248300038, "a_pp_2": -31.519260937671906, "a_pp_3": -15.699946326621543}, "datetime": {"datetime": "2024-07-12 22:09:34", "elapsed": 661.719917, "delta": 9.607681}}
{"target": -71013.27206988595, "params": {"a_c_1": 7.646663540599963, "a_c_2": 6.867003352298253, "a_mm_0": -36.398302911836396, "a_mm_1": 6.26549337699322, "a_mm_2": -23.460566388532598, "a_mm_3": -0.5907989030414029, "a_mp_0": -22.661240659452552, "a_mp_1": -10.710992846645286, "a_mp_2": -12.362014117317134, "a_mp_3": -3.3683809098276143, "a_pm_0": -20.400011653505935, "a_pm_1": -28.769313789980824, "a_pm_2": -6.158965515226065, "a_pm_3": 6.233640916900164, "a_pp_1": -16.979633664946125, "a_pp_2": 17.570841975222905, "a_pp_3": -13.374898577738033}, "datetime": {"datetime": "2024-07-12 22:09:38", "elapsed": 707.377185, "delta": 10.339051}}
{"target": -529557.4726703301, "params": {"a_c_1": 5.272647115813218, "a_c_2": 2.7112158730787925, "a_mm_0": -35.60978436108589, "a_mm_1": -16.35081627769893, "a_mm_2": -36.563651252020584, "a_mm_3": -12.437146631365835, "a_mp_0": 2.4561620862587077, "a_mp_1": -22.677835956061543, "a_mp_2": -19.54350849768708, "a_mp_3": -35.286463940790085, "a_pm_0": 16.95713876727209, "a_pm_1": -35.585209923449725, "a_pm_2": 6.153237055182352, "a_pm_3": -0.3543307986423585, "a_pp_1": -29.552819739621082, "a_pp_2": -33.73958433273291, "a_pp_3": -24.722146164414337}, "datetime": {"datetime": "2024-07-12 22:09:38", "elapsed": 686.381747, "delta": 7.905107}}
{"target": -103510.51582245891, "params": {"a_c_1": 10.060103901019096, "a_c_2": 6.433579246491355, "a_mm_0": -33.3252596459539, "a_mm_1": 5.483699487986513, "a_mm_2": 11.11674627723773, "a_mm_3": 10.654991574165699, "a_mp_0": 13.430409944725369, "a_mp_1": -17.089456194654332, "a_mp_2": -13.371688098008889, "a_mp_3": -33.90511144323003, "a_pm_0": -26.45158465412589, "a_pm_1": 18.279228156392662, "a_pm_2": -22.922561861875874, "a_pm_3": 14.443768534459835, "a_pp_1": 13.433137182698665, "a_pp_2": 15.350269835623607, "a_pp_3": -30.631026133552314}, "datetime": {"datetime": "2024-07-12 22:09:42", "elapsed": 833.243636, "delta": 13.214158}}
{"target": -336672.92104862246, "params": {"a_c_1": 8.966132487027576, "a_c_2": 7.304973148993376, "a_mm_0": -32.03480808907226, "a_mm_1": -9.59312977280933, "a_mm_2": -34.326612372598575, "a_mm_3": -10.231708057771769, "a_mp_0": -39.41060858160336, "a_mp_1": -37.49273306412131, "a_mp_2": 14.84351643466561, "a_mp_3": 13.37491467370689, "a_pm_0": 6.354283050834084, "a_pm_1": -8.227481338207646, "a_pm_2": -30.018891049132527, "a_pm_3": 4.292411654903056, "a_pp_1": -27.15406264460441, "a_pp_2": -36.519035178228705, "a_pp_3": -21.05915430706101}, "datetime": {"datetime": "2024-07-12 22:09:42", "elapsed": 734.557385, "delta": 8.34478}}
{"target": -99603.51634304805, "params": {"a_c_1": 11.291318441542643, "a_c_2": 8.215071054177642, "a_mm_0": 9.633367699659892, "a_mm_1": -17.792974627334544, "a_mm_2": -6.664013817222994, "a_mm_3": -13.551597431131249, "a_mp_0": -24.293660394816605, "a_mp_1": -31.672478864544097, "a_mp_2": -7.895686586716664, "a_mp_3": 1.5663441601290486, "a_pm_0": 2.766854262980715, "a_pm_1": 8.216923163047191, "a_pm_2": 4.1741888536471095, "a_pm_3": -13.020799596662837, "a_pp_1": -31.046005172515528, "a_pp_2": -7.662044213340614, "a_pp_3": -15.783163722758545}, "datetime": {"datetime": "2024-07-12 22:09:43", "elapsed": 670.45479, "delta": 8.734873}}
{"target": -234724.68170368412, "params": {"a_c_1": 7.774346307756545, "a_c_2": 3.8859488106964757, "a_mm_0": 17.72720917408421, "a_mm_1": -22.287570027288417, "a_mm_2": -2.712686624503803, "a_mm_3": -8.231681776266164, "a_mp_0": 18.936422353992484, "a_mp_1": -37.29404430080725, "a_mp_2": 18.821803761175595, "a_mp_3": -18.967022058501424, "a_pm_0": 8.268998276644673, "a_pm_1": -27.9027729152864, "a_pm_2": 2.7987787949388263, "a_pm_3": -20.07523099823527, "a_pp_1": -28.620664236107423, "a_pp_2": -29.367107484052575, "a_pp_3": -29.587850278309222}, "datetime": {"datetime": "2024-07-12 22:09:46", "elapsed": 715.355942, "delta": 7.978757}}
{"target": -98718.87069377961, "params": {"a_c_1": 4.519581002608161, "a_c_2": 4.496963408486677, "a_mm_0": -19.89126854525176, "a_mm_1": -30.099030276261644, "a_mm_2": -0.6088808034791242, "a_mm_3": -36.42011408125171, "a_mp_0": -25.048364744642637, "a_mp_1": 6.24850598201899, "a_mp_2": 12.937371592047619, "a_mp_3": 7.639837464120546, "a_pm_0": 4.078551601931494, "a_pm_1": -31.021434066770524, "a_pm_2": 10.33061627730163, "a_pm_3": -36.50921574594, "a_pp_1": -20.583620354592743, "a_pp_2": -4.474002545710377, "a_pp_3": 9.849336891757709}, "datetime": {"datetime": "2024-07-12 22:09:47", "elapsed": 695.801872, "delta": 9.420125}}
{"target": -141493.26047582124, "params": {"a_c_1": 0.29789096573398455, "a_c_2": 9.134659049102087, "a_mm_0": -3.276210561575027, "a_mm_1": 10.282396671717834, "a_mm_2": -9.795225219065035, "a_mm_3": -33.192426743583034, "a_mp_0": -23.257091779324846, "a_mp_1": -0.13672863289294668, "a_mp_2": 15.38839591534645, "a_mp_3": -2.634964844964628, "a_pm_0": 14.718850240065024, "a_pm_1": 13.249078362186488, "a_pm_2": -24.134797279069787, "a_pm_3": -29.13746042608281, "a_pp_1": 0.07840988659629744, "a_pp_2": 5.842823352605826, "a_pp_3": -6.68956448606275}, "datetime": {"datetime": "2024-07-12 22:09:51", "elapsed": 678.248642, "delta": 7.793852}}
{"target": -300831.1954252234, "params": {"a_c_1": 17.594442870027617, "a_c_2": 6.319949504631372, "a_mm_0": -27.362309294871853, "a_mm_1": -19.293045113195127, "a_mm_2": -30.404872684643006, "a_mm_3": -13.339110553232366, "a_mp_0": -34.97350276927237, "a_mp_1": -30.08089057118561, "a_mp_2": -28.168219211999844, "a_mp_3": 1.4616404934022498, "a_pm_0": -5.571827850078826, "a_pm_1": 12.399388042203924, "a_pm_2": -25.321956056847515, "a_pm_3": -2.223522596865216, "a_pp_1": -37.93412408157426, "a_pp_2": -9.02809233537586, "a_pp_3": 11.793588902830969}, "datetime": {"datetime": "2024-07-12 22:09:52", "elapsed": 842.776205, "delta": 9.532569}}
{"target": -328869.7409324832, "params": {"a_c_1": 11.71052667335718, "a_c_2": 5.818272898418394, "a_mm_0": 9.874970171186263, "a_mm_1": -16.48303698465112, "a_mm_2": -31.022635669783174, "a_mm_3": -37.61555191922356, "a_mp_0": -28.11919070957542, "a_mp_1": 16.053093826576266, "a_mp_2": -37.766853159374065, "a_mp_3": -1.7042788442951817, "a_pm_0": -13.812158931979631, "a_pm_1": -28.777069423519542, "a_pm_2": 0.4216024627300783, "a_pm_3": -4.3105666184296325, "a_pp_1": -35.989245060516396, "a_pp_2": -0.16534186978555, "a_pp_3": -35.41598598342391}, "datetime": {"datetime": "2024-07-12 22:09:52", "elapsed": 744.037859, "delta": 9.480474}}
{"target": -242525.75961383004, "params": {"a_c_1": 18.214078560476054, "a_c_2": 4.573545761363004, "a_mm_0": -21.093789553106326, "a_mm_1": 8.786459819861555, "a_mm_2": -7.800958232602298, "a_mm_3": 0.3169297199094814, "a_mp_0": -23.074657523032542, "a_mp_1": -28.357096759821133, "a_mp_2": -31.44619193161074, "a_mp_3": -19.65172143160739, "a_pm_0": -15.457014710666517, "a_pm_1": -1.509743272328265, "a_pm_2": -16.693112142287244, "a_pm_3": -17.01368811026806, "a_pp_1": -28.07490759267916, "a_pp_2": -16.33024855099845, "a_pp_3": -6.888747636718058}, "datetime": {"datetime": "2024-07-12 22:09:54", "elapsed": 723.593589, "delta": 8.237647}}
{"target": -140219.3938592741, "params": {"a_c_1": 16.76926242599185, "a_c_2": 2.120687874058129, "a_mm_0": -37.308820067433274, "a_mm_1": -25.390379216394724, "a_mm_2": -7.745524109328301, "a_mm_3": 15.70652267259377, "a_mp_0": 6.798978844923283, "a_mp_1": -15.464938681390507, "a_mp_2": 13.358757980536396, "a_mp_3": -21.015078741266578, "a_pm_0": -15.936598680957779, "a_pm_1": 15.925881035571777, "a_pm_2": -36.931782219919484, "a_pm_3": -27.132979615388514, "a_pp_1": 13.002833957324022, "a_pp_2": -2.8925318815179395, "a_pp_3": -16.604761574100735}, "datetime": {"datetime": "2024-07-12 22:09:55", "elapsed": 703.797174, "delta": 7.995302}}
{"target": -273717.3331526799, "params": {"a_c_1": 15.96903211507604, "a_c_2": 9.698210978873465, "a_mm_0": -29.778255353860736, "a_mm_1": -11.30012471323058, "a_mm_2": -33.78677044773294, "a_mm_3": -20.142652503910746, "a_mp_0": -34.87618472929229, "a_mp_1": 5.464215021335207, "a_mp_2": -5.023253350917251, "a_mp_3": 2.538230458513688, "a_pm_0": -8.869701633843604, "a_pm_1": -38.753052292385235, "a_pm_2": -27.521164611842913, "a_pm_3": -12.545687457356355, "a_pp_1": -29.693945686139166, "a_pp_2": 9.550915635740033, "a_pp_3": -39.23610796020697}, "datetime": {"datetime": "2024-07-12 22:10:00", "elapsed": 687.083465, "delta": 8.834823}}
