{"target": -358963.350126661, "params": {"a_c_1": 15.551803100592158, "a_c_2": 6.163459078505994, "a_mm_0": 15.586291082405417, "a_mm_1": -39.19321098167087, "a_mm_2": 16.61171197841808, "a_mm_3": -33.95580021584093, "a_mp_0": -38.66880670940619, "a_mp_1": 10.333822898484307, "a_mp_2": -9.717763243824027, "a_mp_3": -2.2001337545422643, "a_pm_0": 0.5704763628121654, "a_pm_1": -37.571979889803444, "a_pm_2": -34.330481507708235, "a_pm_3": -23.391821639886217, "a_pp_1": -0.754652132431012, "a_pp_2": -39.73380343614396, "a_pp_3": 6.825500405092015}, "datetime": {"datetime": "2024-07-12 23:22:56", "elapsed": 5106.262612, "delta": 9.601555}}
{"target": -7924.310075803432, "params": {"a_c_1": 0.0, "a_c_2": 10.0, "a_mm_0": 20.0, "a_mm_1": -6.88685375085466, "a_mm_2": 20.0, "a_mm_3": 20.0, "a_mp_0": 20.0, "a_mp_1": 20.0, "a_mp_2": 20.0, "a_mp_3": 20.0, "a_pm_0": -40.0, "a_pm_1": -40.0, "a_pm_2": -8.22088115523258, "a_pm_3": 20.0, "a_pp_1": 20.0, "a_pp_2": -8.136853294439783, "a_pp_3": 20.0}, "datetime": {"datetime": "2024-07-12 23:22:57", "elapsed": 5228.38369, "delta": 10.974404}}
{"target": -124298.50939320405, "params": {"a_c_1": 13.404239948060756, "a_c_2": 6.324743302872991, "a_mm_0": -26.570651980254965, "a_mm_1": -4.821135785376654, "a_mm_2": -23.928879026615636, "a_mm_3": 12.36219652485861, "a_mp_0": -34.436718878635794, "a_mp_1": 7.843844991644062, "a_mp_2": 13.69667892997984, "a_mp_3": -17.08777955544489, "a_pm_0": -39.251736507216044, "a_pm_1": -25.923295656662184, "a_pm_2": -21.108558355201037, "a_pm_3": -8.0779170224105, "a_pp_1": 7.731890920240922, "a_pp_2": -19.311076106920673, "a_pp_3": -21.02978611866782}, "datetime": {"datetime": "2024-07-12 23:23:03", "elapsed": 5135.065366, "delta": 10.528161}}
{"target": -218177.29259393382, "params": {"a_c_1": 10.807023977760405, "a_c_2": 4.403456899172697, "a_mm_0": 14.408051203916756, "a_mm_1": 4.830918945682235, "a_mm_2": -37.68874710889533, "a_mm_3": 2.177271058003086, "a_mp_0": 12.279620034249113, "a_mp_1": -14.684266700301581, "a_mp_2": 14.95508051278064, "a_mp_3": 7.536492126512535, "a_pm_0": 2.085222241884736, "a_pm_1": -24.116712022328475, "a_pm_2": -37.83140688096007, "a_pm_3": -0.7401930328167623, "a_pp_1": 5.155608516857761, "a_pp_2": -38.83892505920508, "a_pp_3": -13.659538495886085}, "datetime": {"datetime": "2024-07-12 23:23:05", "elapsed": 5114.399118, "delta": 8.136506}}
{"target": -47556.117403445955, "params": {"a_c_1": 15.099178177364077, "a_c_2": 8.019806094996193, "a_mm_0": -17.175940245884036, "a_mm_1": -36.930076458156385, "a_mm_2": -1.379074988528366, "a_mm_3": -1.1249790983752703, "a_mp_0": -26.872838744029757, "a_mp_1": -11.089925487768529, "a_mp_2": -14.915499272818987, "a_mp_3": 13.97027120557366, "a_pm_0": 6.669676948096338, "a_pm_1": 3.5246339908599538, "a_pm_2": -20.175154068308576, "a_pm_3": -17.40551013682685, "a_pp_1": 4.625630746233462, "a_pp_2": -5.876022556436304, "a_pp_3": 17.388976556704407}, "datetime": {"datetime": "2024-07-12 23:23:05", "elapsed": 5072.686896, "delta": 10.298247}}
{"target": -47024.31120864526, "params": {"a_c_1": 2.7799652216829362, "a_c_2": 6.730592553155139, "a_mm_0": 17.97804403814412, "a_mm_1": -3.9185165452688153, "a_mm_2": -16.771124968792574, "a_mm_3": -2.58598223147834, "a_mp_0": -17.803520220015653, "a_mp_1": 8.597410420759005, "a_mp_2": 10.993025520142382, "a_mp_3": 1.1924809639748872, "a_pm_0": 17.47236028128267, "a_pm_1": 9.933470867210595, "a_pm_2": -12.072942468797429, "a_pm_3": -5.865412156785638, "a_pp_1": -31.613461517645014, "a_pp_2": -16.34337626950083, "a_pp_3": 8.47537986428975}, "datetime": {"datetime": "2024-07-12 23:23:06", "elapsed": 5236.954887, "delta": 8.571197}}
{"target": -28795.296045423966, "params": {"a_c_1": 17.871573370326075, "a_c_2": 0.35917557314784077, "a_mm_0": 15.354294692685954, "a_mm_1": -0.826626678353513, "a_mm_2": 14.191766128856912, "a_mm_3": -31.01876181936477, "a_mp_0": 9.198718963148849, "a_mp_1": 6.895033400121818, "a_mp_2": 19.93636018624295, "a_mp_3": 18.96403519565368, "a_pm_0": 1.5584271540767531, "a_pm_1": -11.82109946011148, "a_pm_2": -3.1100058675214655, "a_pm_3": -20.609578959521887, "a_pp_1": 7.434048366900264, "a_pp_2": 2.909440723842536, "a_pp_3": 7.28759145737223}, "datetime": {"datetime": "2024-07-12 23:23:06", "elapsed": 5094.886563, "delta": 11.200338}}
{"target": -120661.05201237093, "params": {"a_c_1": 16.08265269248156, "a_c_2": 2.3894532003425804, "a_mm_0": -36.71377548375219, "a_mm_1": -37.15600046330736, "a_mm_2": -32.16449618351868, "a_mm_3": 8.877452516781062, "a_mp_0": -28.45403891574962, "a_mp_1": 11.626377601546864, "a_mp_2": 16.47837188689934, "a_mp_3": -7.831128660371519, "a_pm_0": -11.984206581348001, "a_pm_1": -7.577390820256909, "a_pm_2": -24.719672957503867, "a_pm_3": 15.446069793979795, "a_pp_1": 11.167139093605698, "a_pp_2": -28.490513773617593, "a_pp_3": 12.240058240935412}, "datetime": {"datetime": "2024-07-12 23:23:11", "elapsed": 5143.395945, "delta": 8.330579}}
{"target": -337576.630231979, "params": {"a_c_1": 16.781745677640632, "a_c_2": 2.555076570391183, "a_mm_0": -27.094061262347157, "a_mm_1": -37.973056739705754, "a_mm_2": -21.645315971469845, "a_mm_3": -17.483640344142874, "a_mp_0": 2.7713774850949022, "a_mp_1": -34.97418884767346, "a_mp_2": -11.247470366838314, "a_mp_3": 15.866695204823841, "a_pm_0": 11.85423823995724, "a_pm_1": -6.987977364756986, "a_pm_2": -35.9549923373714, "a_pm_3": -28.27615100156865, "a_pp_1": 7.194652638049931, "a_pp_2": -28.78191160309546, "a_pp_3": 3.3025629598945514}, "datetime": {"datetime": "2024-07-12 23:23:13", "elapsed": 5122.862348, "delta": 8.46323}}
{"target": -7025.685599383395, "params": {"a_c_1": 20.0, "a_c_2": 10.0, "a_mm_0": -40.0, "a_mm_1": 20.0, "a_mm_2": 20.0, "a_mm_3": 20.0, "a_mp_0": -40.0, "a_mp_1": 20.0, "a_mp_2": 20.0, "a_mp_3": 20.0, "a_pm_0": -40.0, "a_pm_1": 20.0, "a_pm_2": -40.0, "a_pm_3": 20.0, "a_pp_1": 20.0, "a_pp_2": 20.0, "a_pp_3": 20.0}, "datetime": {"datetime": "2024-07-12 23:23:16", "elapsed": 5104.820821, "delta": 9.934258}}
{"target": -5035.595894379986, "params": {"a_c_1": 20.0, "a_c_2": 10.0, "a_mm_0": 20.0, "a_mm_1": 20.0, "a_mm_2": -40.0, "a_mm_3": 20.0, "a_mp_0": 20.0, "a_mp_1": 20.0, "a_mp_2": 20.0, "a_mp_3": 20.0, "a_pm_0": -40.0, "a_pm_1": -40.0, "a_pm_2": 20.0, "a_pm_3": 20.0, "a_pp_1": 20.0, "a_pp_2": 20.0, "a_pp_3": 20.0}, "datetime": {"datetime": "2024-07-12 23:23:18", "elapsed": 5249.434202, "delta": 12.479315}}
{"target": -11853.87571300331, "params": {"a_c_1": 20.0, "a_c_2": 10.0, "a_mm_0": 20.0, "a_mm_1": -40.0, "a_mm_2": 20.0, "a_mm_3": 20.0, "a_mp_0": 20.0, "a_mp_1": 20.0, "a_mp_2": -40.0, "a_mp_3": 20.0, "a_pm_0": 20.0, "a_pm_1": 20.0, "a_pm_2": -25.862641866746618, "a_pm_3": 20.0, "a_pp_1": 20.0, "a_pp_2": 20.0, "a_pp_3": 20.0}, "datetime": {"datetime": "2024-07-12 23:23:20", "elapsed": 5087.434278, "delta": 14.747382}}
{"target": -72004.37404072814, "params": {"a_c_1": 20.0, "a_c_2": 10.0, "a_mm_0": -40.0, "a_mm_1": 20.0, "a_mm_2": 20.0, "a_mm_3": 20.0, "a_mp_0": 20.0, "a_mp_1": -40.0, "a_mp_2": 20.0, "a_mp_3": -40.0, "a_pm_0": 20.0, "a_pm_1": 20.0, "a_pm_2": 20.0, "a_pm_3": 20.0, "a_pp_1": 20.0, "a_pp_2": -22.99824014955431, "a_pp_3": 20.0}, "datetime": {"datetime": "2024-07-12 23:23:23", "elapsed": 5133.107281, "delta": 10.244933}}
{"target": -5803.609836943823, "params": {"a_c_1": 0.0, "a_c_2": 10.0, "a_mm_0": 20.0, "a_mm_1": -9.651097004830499, "a_mm_2": -13.002666182563555, "a_mm_3": 20.0, "a_mp_0": 20.0, "a_mp_1": 20.0, "a_mp_2": 20.0, "a_mp_3": 20.0, "a_pm_0": 20.0, "a_pm_1": 20.0, "a_pm_2": 20.0, "a_pm_3": -18.41869515025104, "a_pp_1": 20.0, "a_pp_2": -15.855058216893145, "a_pp_3": 20.0}, "datetime": {"datetime": "2024-07-12 23:23:23", "elapsed": 5155.626983, "delta": 12.231038}}
{"target": -6767.773566679745, "params": {"a_c_1": 20.0, "a_c_2": 10.0, "a_mm_0": -40.0, "a_mm_1": 20.0, "a_mm_2": 20.0, "a_mm_3": 20.0, "a_mp_0": -40.0, "a_mp_1": -40.0, "a_mp_2": -40.0, "a_mp_3": 20.0, "a_pm_0": -40.0, "a_pm_1": 20.0, "a_pm_2": 20.0, "a_pm_3": 20.0, "a_pp_1": 20.0, "a_pp_2": 20.0, "a_pp_3": 20.0}, "datetime": {"datetime": "2024-07-12 23:23:28", "elapsed": 5116.519495, "delta": 11.698674}}
{"target": -4043.3740263073782, "params": {"a_c_1": 20.0, "a_c_2": 10.0, "a_mm_0": -40.0, "a_mm_1": -40.0, "a_mm_2": -24.342058584301114, "a_mm_3": 20.0, "a_mp_0": 20.0, "a_mp_1": 20.0, "a_mp_2": 20.0, "a_mp_3": 20.0, "a_pm_0": -40.0, "a_pm_1": -40.0, "a_pm_2": -6.280421332301433, "a_pm_3": 20.0, "a_pp_1": 20.0, "a_pp_2": 20.0, "a_pp_3": 20.0}, "datetime": {"datetime": "2024-07-12 23:23:31", "elapsed": 5262.01541, "delta": 12.581208}}
{"target": -4401.511151123165, "params": {"a_c_1": 0.0, "a_c_2": 10.0, "a_mm_0": 20.0, "a_mm_1": 20.0, "a_mm_2": 1.9596464861473535, "a_mm_3": -18.435829009746126, "a_mp_0": -40.0, "a_mp_1": 20.0, "a_mp_2": 20.0, "a_mp_3": 20.0, "a_pm_0": 20.0, "a_pm_1": -40.0, "a_pm_2": -9.553260921639597, "a_pm_3": 20.0, "a_pp_1": 20.0, "a_pp_2": 20.0, "a_pp_3": 20.0}, "datetime": {"datetime": "2024-07-12 23:23:31", "elapsed": 5098.398079, "delta": 10.963801}}
{"target": -162581.38586371104, "params": {"a_c_1": 15.494011756343419, "a_c_2": 1.2588767838767512, "a_mm_0": -36.547317300400564, "a_mm_1": 4.99929627186539, "a_mm_2": -16.304931947316156, "a_mm_3": -28.534257155702104, "a_mp_0": 14.09976063873691, "a_mp_1": -19.893608254154913, "a_mp_2": -30.64689588031999, "a_mp_3": -2.310902898344956, "a_pm_0": -0.3920766412733059, "a_pm_1": 1.9853492473512517, "a_pm_2": -30.104782300511296, "a_pm_3": 5.890931674625882, "a_pp_1": -26.974570315611032, "a_pp_2": 11.706179176361339, "a_pp_3": -0.09386106505515812}, "datetime": {"datetime": "2024-07-12 23:23:35", "elapsed": 5166.836756, "delta": 11.209773}}
{"target": -6380.828930343187, "params": {"a_c_1": 20.0, "a_c_2": 10.0, "a_mm_0": 20.0, "a_mm_1": -40.0, "a_mm_2": 20.0, "a_mm_3": 20.0, "a_mp_0": 20.0, "a_mp_1": 20.0, "a_mp_2": -39.6737092133858, "a_mp_3": 20.0, "a_pm_0": 20.0, "a_pm_1": 20.0, "a_pm_2": 20.0, "a_pm_3": 20.0, "a_pp_1": 20.0, "a_pp_2": 20.0, "a_pp_3": 20.0}, "datetime": {"datetime": "2024-07-12 23:23:37", "elapsed": 5146.807783, "delta": 13.700502}}
{"target": -3459.1640052104394, "params": {"a_c_1": 20.0, "a_c_2": 10.0, "a_mm_0": 20.0, "a_mm_1": -40.0, "a_mm_2": 20.0, "a_mm_3": -14.809865441878028, "a_mp_0": 20.0, "a_mp_1": 20.0, "a_mp_2": 20.0, "a_mp_3": 20.0, "a_pm_0": 20.0, "a_pm_1": 20.0, "a_pm_2": 20.0, "a_pm_3": -14.713296319013379, "a_pp_1": 20.0, "a_pp_2": 20.0, "a_pp_3": 20.0}, "datetime": {"datetime": "2024-07-12 23:23:39", "elapsed": 5127.807034, "delta": 11.287539}}
{"target": -310667.06117316644, "params": {"a_c_1": 3.7579456074485496, "a_c_2": 1.9344893505087923, "a_mm_0": -38.43194821676277, "a_mm_1": -20.254809515487395, "a_mm_2": -24.204093567064024, "a_mm_3": -33.93935136908985, "a_mp_0": 17.883964881281344, "a_mp_1": -16.357010125782832, "a_mp_2": 13.342972403207895, "a_mp_3": -27.976143092164165, "a_pm_0": 1.5415107196969444, "a_pm_1": -1.1079579916667583, "a_pm_2": -32.187776966699616, "a_pm_3": 2.849324991193477, "a_pp_1": 14.029994924624184, "a_pp_2": -37.26423907293636, "a_pp_3": -1.7028516917326115}, "datetime": {"datetime": "2024-07-12 23:23:40", "elapsed": 5271.491629, "delta": 9.476219}}
{"target": -22908.20485955667, "params": {"a_c_1": 20.0, "a_c_2": 10.0, "a_mm_0": 20.0, "a_mm_1": 20.0, "a_mm_2": -23.885169818394417, "a_mm_3": -27.42090520269596, "a_mp_0": -40.0, "a_mp_1": -40.0, "a_mp_2": 20.0, "a_mp_3": 20.0, "a_pm_0": 20.0, "a_pm_1": 20.0, "a_pm_2": 20.0, "a_pm_3": 20.0, "a_pp_1": -40.0, "a_pp_2": 20.0, "a_pp_3": 20.0}, "datetime": {"datetime": "2024-07-12 23:23:45", "elapsed": 5112.705478, "delta": 14.307399}}
{"target": -2182.9850929662334, "params": {"a_c_1": 0.0, "a_c_2": 0.0, "a_mm_0": 20.0, "a_mm_1": 20.0, "a_mm_2": 20.0, "a_mm_3": 20.0, "a_mp_0": -40.0, "a_mp_1": -8.258640517709857, "a_mp_2": 1.597356780206719, "a_mp_3": 20.0, "a_pm_0": 20.0, "a_pm_1": -40.0, "a_pm_2": 20.0, "a_pm_3": 20.0, "a_pp_1": 20.0, "a_pp_2": 20.0, "a_pp_3": 20.0}, "datetime": {"datetime": "2024-07-12 23:23:49", "elapsed": 5280.475164, "delta": 8.983535}}
{"target": -8513.455115860415, "params": {"a_c_1": 0.0, "a_c_2": 10.0, "a_mm_0": -40.0, "a_mm_1": 20.0, "a_mm_2": 13.257226927146249, "a_mm_3": -9.751061116719836, "a_mp_0": -9.122248654480309, "a_mp_1": -1.4880338174414143, "a_mp_2": 0.1387287868542733, "a_mp_3": 20.0, "a_pm_0": -6.333022075994921, "a_pm_1": 20.0, "a_pm_2": -38.36996797972381, "a_pm_3": -15.004761400752638, "a_pp_1": -9.835501377451934, "a_pp_2": 20.0, "a_pp_3": 20.0}, "datetime": {"datetime": "2024-07-12 23:23:49", "elapsed": 5159.189403, "delta": 12.38162}}
{"target": -13452.52544825849, "params": {"a_c_1": 20.0, "a_c_2": 10.0, "a_mm_0": -40.0, "a_mm_1": 20.0, "a_mm_2": 13.310959868048966, "a_mm_3": 20.0, "a_mp_0": -40.0, "a_mp_1": -5.370665928306023, "a_mp_2": 20.0, "a_mp_3": -25.416472673444886, "a_pm_0": -40.0, "a_pm_1": -40.0, "a_pm_2": -40.0, "a_pm_3": 20.0, "a_pp_1": 20.0, "a_pp_2": 20.0, "a_pp_3": 20.0}, "datetime": {"datetime": "2024-07-12 23:23:50", "elapsed": 5181.996164, "delta": 15.159408}}
{"target": -1281.86959651814, "params": {"a_c_1": 20.0, "a_c_2": 10.0, "a_mm_0": -40.0, "a_mm_1": 20.0, "a_mm_2": -2.396183919709164, "a_mm_3": 20.0, "a_mp_0": 20.0, "a_mp_1": 20.0, "a_mp_2": 20.0, "a_mp_3": 20.0, "a_pm_0": -40.0, "a_pm_1": 20.0, "a_pm_2": -6.342983579368179, "a_pm_3": 20.0, "a_pp_1": -40.0, "a_pp_2": 20.0, "a_pp_3": 20.0}, "datetime": {"datetime": "2024-07-12 23:23:52", "elapsed": 5140.356222, "delta": 12.549188}}
{"target": -17568.532061494338, "params": {"a_c_1": 20.0, "a_c_2": 10.0, "a_mm_0": 20.0, "a_mm_1": 20.0, "a_mm_2": -15.09364979791045, "a_mm_3": 20.0, "a_mp_0": -40.0, "a_mp_1": 20.0, "a_mp_2": 20.0, "a_mp_3": 20.0, "a_pm_0": 20.0, "a_pm_1": 20.0, "a_pm_2": 20.0, "a_pm_3": 20.0, "a_pp_1": 20.0, "a_pp_2": -25.20159820569707, "a_pp_3": 20.0}, "datetime": {"datetime": "2024-07-12 23:23:58", "elapsed": 5125.258778, "delta": 12.5533}}
{"target": -82729.61383667166, "params": {"a_c_1": 6.669446870269564, "a_c_2": 7.198306167809077, "a_mm_0": -11.437556753555853, "a_mm_1": 15.436144667571291, "a_mm_2": -30.776757162822804, "a_mm_3": -35.96774600536102, "a_mp_0": -37.937602191319236, "a_mp_1": 2.102980073592178, "a_mp_2": 12.818737203015914, "a_mp_3": -0.552483352603609, "a_pm_0": -3.825954593591362, "a_pm_1": -11.565114535192976, "a_pm_2": -12.036039233522047, "a_pm_3": -25.88426324930738, "a_pp_1": 6.0443551202804855, "a_pp_2": -9.669344184929798, "a_pp_3": 19.60026350555765}, "datetime": {"datetime": "2024-07-12 23:23:59", "elapsed": 5191.425424, "delta": 9.42926}}
{"target": -6006.505024969532, "params": {"a_c_1": 20.0, "a_c_2": 10.0, "a_mm_0": -40.0, "a_mm_1": -40.0, "a_mm_2": 20.0, "a_mm_3": 20.0, "a_mp_0": 20.0, "a_mp_1": 20.0, "a_mp_2": -14.274067559120349, "a_mp_3": 20.0, "a_pm_0": 20.0, "a_pm_1": 20.0, "a_pm_2": 20.0, "a_pm_3": -14.614851829335427, "a_pp_1": 20.0, "a_pp_2": 20.0, "a_pp_3": 20.0}, "datetime": {"datetime": "2024-07-12 23:24:00", "elapsed": 5169.66229, "delta": 10.472887}}
{"target": -24548.530114349076, "params": {"a_c_1": 0.0, "a_c_2": 0.0, "a_mm_0": -40.0, "a_mm_1": 20.0, "a_mm_2": 20.0, "a_mm_3": 20.0, "a_mp_0": -40.0, "a_mp_1": 20.0, "a_mp_2": 20.0, "a_mp_3": -40.0, "a_pm_0": -21.924653661015398, "a_pm_1": 20.0, "a_pm_2": -31.61601301375673, "a_pm_3": 20.0, "a_pp_1": 20.0, "a_pp_2": 20.0, "a_pp_3": 20.0}, "datetime": {"datetime": "2024-07-12 23:24:01", "elapsed": 5291.676152, "delta": 11.200988}}
{"target": -32177.459496688305, "params": {"a_c_1": 20.0, "a_c_2": 10.0, "a_mm_0": 20.0, "a_mm_1": 20.0, "a_mm_2": -30.964105833763416, "a_mm_3": 20.0, "a_mp_0": -40.0, "a_mp_1": 20.0, "a_mp_2": 20.0, "a_mp_3": 20.0, "a_pm_0": 20.0, "a_pm_1": 7.631103443802406, "a_pm_2": 20.0, "a_pm_3": -40.0, "a_pp_1": 20.0, "a_pp_2": -18.630243051268266, "a_pp_3": 20.0}, "datetime": {"datetime": "2024-07-12 23:24:04", "elapsed": 5152.487096, "delta": 12.130874}}
{"target": -1296.8012851837273, "params": {"a_c_1": 20.0, "a_c_2": 10.0, "a_mm_0": 20.0, "a_mm_1": 20.0, "a_mm_2": 20.0, "a_mm_3": 20.0, "a_mp_0": -40.0, "a_mp_1": 20.0, "a_mp_2": 20.0, "a_mp_3": 20.0, "a_pm_0": -40.0, "a_pm_1": 20.0, "a_pm_2": -11.278971229631926, "a_pm_3": 20.0, "a_pp_1": 20.0, "a_pp_2": 20.0, "a_pp_3": 20.0}, "datetime": {"datetime": "2024-07-12 23:24:08", "elapsed": 5135.078706, "delta": 9.819928}}
{"target": -11953.218872151747, "params": {"a_c_1": 20.0, "a_c_2": 10.0, "a_mm_0": 20.0, "a_mm_1": -40.0, "a_mm_2": -18.478975005032623, "a_mm_3": 20.0, "a_mp_0": 20.0, "a_mp_1": 20.0, "a_mp_2": 20.0, "a_mp_3": 20.0, "a_pm_0": -40.0, "a_pm_1": 20.0, "a_pm_2": -4.796477888509267, "a_pm_3": -19.291856302070265, "a_pp_1": -40.0, "a_pp_2": 20.0, "a_pp_3": 20.0}, "datetime": {"datetime": "2024-07-12 23:24:12", "elapsed": 5303.424761, "delta": 11.748609}}
{"target": -5686.887207953946, "params": {"a_c_1": 20.0, "a_c_2": 10.0, "a_mm_0": -40.0, "a_mm_1": 20.0, "a_mm_2": 20.0, "a_mm_3": 20.0, "a_mp_0": 20.0, "a_mp_1": 20.0, "a_mp_2": 20.0, "a_mp_3": 20.0, "a_pm_0": -40.0, "a_pm_1": 20.0, "a_pm_2": -40.0, "a_pm_3": 20.0, "a_pp_1": 20.0, "a_pp_2": 20.0, "a_pp_3": 20.0}, "datetime": {"datetime": "2024-07-12 23:24:13", "elapsed": 5182.516218, "delta": 12.853928}}
{"target": -8926.81991375942, "params": {"a_c_1": 20.0, "a_c_2": 10.0, "a_mm_0": -40.0, "a_mm_1": 20.0, "a_mm_2": -1.4205216986731966, "a_mm_3": 20.0, "a_mp_0": -40.0, "a_mp_1": -40.0, "a_mp_2": 20.0, "a_mp_3": 20.0, "a_pm_0": -40.0, "a_pm_1": -5.695306742230583, "a_pm_2": -40.0, "a_pm_3": -9.189225699688269, "a_pp_1": 20.0, "a_pp_2": 20.0, "a_pp_3": 20.0}, "datetime": {"datetime": "2024-07-12 23:24:13", "elapsed": 5205.34172, "delta": 13.916296}}
{"target": -18910.54861483197, "params": {"a_c_1": 20.0, "a_c_2": 10.0, "a_mm_0": 20.0, "a_mm_1": 20.0, "a_mm_2": 20.0, "a_mm_3": -7.511066494355629, "a_mp_0": 20.0, "a_mp_1": 20.0, "a_mp_2": -18.48044989658054, "a_mp_3": -16.82313402624438, "a_pm_0": 20.0, "a_pm_1": 20.0, "a_pm_2": 20.0, "a_pm_3": 20.0, "a_pp_1": -7.300392233861769, "a_pp_2": -18.89681805780856, "a_pp_3": 20.0}, "datetime": {"datetime": "2024-07-12 23:24:17", "elapsed": 5165.221933, "delta": 12.734837}}
{"target": -239355.03588837737, "params": {"a_c_1": 19.24343426193867, "a_c_2": 3.3450593196422176, "a_mm_0": -9.9345690489024, "a_mm_1": -16.077613207151835, "a_mm_2": 4.414261666390203, "a_mm_3": -13.154565671252119, "a_mp_0": 6.991673149524104, "a_mp_1": -32.7672030907407, "a_mp_2": -12.003412121237183, "a_mp_3": 9.224322023143934, "a_pm_0": -12.760998235504438, "a_pm_1": -33.83239307469153, "a_pm_2": -2.1100978421747456, "a_pm_3": -29.713250448382368, "a_pp_1": -30.24534187732785, "a_pp_2": -2.955550941816014, "a_pp_3": -34.989035381682186}, "datetime": {"datetime": "2024-07-12 23:24:18", "elapsed": 5145.561325, "delta": 10.482619}}
{"target": -3725.6505491205226, "params": {"a_c_1": 0.0, "a_c_2": 0.0, "a_mm_0": -40.0, "a_mm_1": -40.0, "a_mm_2": -9.913740494476313, "a_mm_3": 20.0, "a_mp_0": -40.0, "a_mp_1": 20.0, "a_mp_2": 20.0, "a_mp_3": 20.0, "a_pm_0": 20.0, "a_pm_1": 20.0, "a_pm_2": -11.654729164418224, "a_pm_3": 20.0, "a_pp_1": 20.0, "a_pp_2": 20.0, "a_pp_3": 20.0}, "datetime": {"datetime": "2024-07-12 23:24:22", "elapsed": 5191.667793, "delta": 9.151575}}
{"target": -142186.34934242492, "params": {"a_c_1": 4.363340168621612, "a_c_2": 6.577864853770011, "a_mm_0": 17.014818033380266, "a_mm_1": 7.83478314672243, "a_mm_2": -19.574385546671508, "a_mm_3": -4.380871608552546, "a_mp_0": 9.26870210456562, "a_mp_1": 9.434640976496965, "a_mp_2": -15.417216465615649, "a_mp_3": -12.088736772308305, "a_pm_0": -18.419399704611067, "a_pm_1": 14.011729547059048, "a_pm_2": -18.298845049006957, "a_pm_3": 19.720298990012303, "a_pp_1": -28.498910169460213, "a_pp_2": -22.25320539436112, "a_pp_3": -35.21147042273843}, "datetime": {"datetime": "2024-07-12 23:24:24", "elapsed": 5315.155369, "delta": 11.730608}}
{"target": -5664.194436322464, "params": {"a_c_1": 20.0, "a_c_2": 10.0, "a_mm_0": 20.0, "a_mm_1": 20.0, "a_mm_2": 2.4434191053945944, "a_mm_3": -7.906089749542254, "a_mp_0": 20.0, "a_mp_1": 20.0, "a_mp_2": 4.323859973162689, "a_mp_3": -13.749181829927812, "a_pm_0": -25.47750569878779, "a_pm_1": -16.860109292468884, "a_pm_2": 2.863129971702944, "a_pm_3": 20.0, "a_pp_1": -11.348774848801552, "a_pp_2": -0.06699529945629093, "a_pp_3": 20.0}, "datetime": {"datetime": "2024-07-12 23:24:25", "elapsed": 5217.472393, "delta": 12.130673}}
{"target": -143829.10311472756, "params": {"a_c_1": 19.90461955534978, "a_c_2": 7.6385341258617, "a_mm_0": 16.419387879943542, "a_mm_1": 13.52861605705803, "a_mm_2": 14.51791063257108, "a_mm_3": -13.858511353869375, "a_mp_0": 2.585270410949171, "a_mp_1": -1.6739260431172909, "a_mp_2": -34.930822412740326, "a_mp_3": -10.796367694818777, "a_pm_0": -13.017451233426211, "a_pm_1": -14.63716874650667, "a_pm_2": 7.120884942878561, "a_pm_3": -13.45420222359385, "a_pp_1": 12.53873909735686, "a_pp_2": -8.22633971249962, "a_pp_3": -37.52698789797737}, "datetime": {"datetime": "2024-07-12 23:24:26", "elapsed": 5174.704928, "delta": 9.482995}}
{"target": -104010.56761298192, "params": {"a_c_1": 5.352310992271501, "a_c_2": 5.4622396375600655, "a_mm_0": -17.54876436464975, "a_mm_1": -14.67335646722934, "a_mm_2": 6.674735108172108, "a_mm_3": 0.8245463563560733, "a_mp_0": -26.20882373545878, "a_mp_1": 13.917724359900753, "a_mp_2": 11.36519435787644, "a_mp_3": -30.718329653187375, "a_pm_0": 9.738149321830242, "a_pm_1": -0.36602176950593446, "a_pm_2": 16.234660717127497, "a_pm_3": -12.49816991940066, "a_pp_1": -37.99836273760559, "a_pp_2": -32.384915146844406, "a_pp_3": -13.254670898153293}, "datetime": {"datetime": "2024-07-12 23:24:28", "elapsed": 5155.619658, "delta": 10.058333}}
