{"target": -83419.2202897482, "params": {"a_c_1": 19.91363217637567, "a_c_2": 5.1034119076531415, "a_mm_0": 15.827414855922882, "a_mm_1": 5.99170355420047, "a_mm_2": 18.1845372312072, "a_mm_3": -8.059412872647485, "a_mp_0": -37.63275731838074, "a_mp_1": -33.48809472460502, "a_mp_2": -11.777853193764049, "a_mp_3": 2.5871458258644395, "a_pm_0": 7.013665713637181, "a_pm_1": -27.898673251743944, "a_pm_2": 1.5251934733154116, "a_pm_3": 11.194165062975728, "a_pp_1": -39.16816690611397, "a_pp_2": -19.77447146759793, "a_pp_3": 2.956027736703092}, "datetime": {"datetime": "2024-07-12 22:22:58", "elapsed": 1508.213677, "delta": 8.642334}}
{"target": -91423.33170224493, "params": {"a_c_1": 17.850421921200702, "a_c_2": 0.13168865048184597, "a_mm_0": 3.1162290988666044, "a_mm_1": -31.83340599305271, "a_mm_2": -6.740087519733876, "a_mm_3": -0.57446619571121, "a_mp_0": 2.0978841037613236, "a_mp_1": -27.069734010055967, "a_mp_2": -5.415843137825128, "a_mp_3": -18.39654677721281, "a_pm_0": -30.493122271218038, "a_pm_1": -9.51062597749933, "a_pm_2": 4.656972361757333, "a_pm_3": -11.760684886441851, "a_pp_1": 14.371287176409531, "a_pp_2": -9.50686673333741, "a_pp_3": -0.3831798058524498}, "datetime": {"datetime": "2024-07-12 22:23:03", "elapsed": 1634.214693, "delta": 9.076631}}
{"target": -333551.55837212916, "params": {"a_c_1": 8.402043492545683, "a_c_2": 2.87801000896442, "a_mm_0": -16.200087041471434, "a_mm_1": 15.25563568530233, "a_mm_2": -21.12635725547826, "a_mm_3": -34.998845977310246, "a_mp_0": 8.629912592929507, "a_mp_1": -38.42298907588584, "a_mp_2": -26.282042512758032, "a_mp_3": 16.216980558481787, "a_pm_0": -13.445558831600142, "a_pm_1": -34.06781762953342, "a_pm_2": -27.088531821759254, "a_pm_3": 1.4817291742010354, "a_pp_1": -31.194565419775145, "a_pp_2": 9.592833575254005, "a_pp_3": -20.835641993222115}, "datetime": {"datetime": "2024-07-12 22:23:04", "elapsed": 1471.084976, "delta": 9.497969}}
{"target": -372998.431311041, "params": {"a_c_1": 9.046403868365296, "a_c_2": 1.2377249448817884, "a_mm_0": -16.597626514988097, "a_mm_1": -19.35382045583697, "a_mm_2": -3.699905241975557, "a_mm_3": 16.88821427718154, "a_mp_0": -28.599149307259932, "a_mp_1": -33.451842628596424, "a_mp_2": -30.981039721443082, "a_mp_3": -38.02340389967116, "a_pm_0": -22.411999315054306, "a_pm_1": 0.6998015597672094, "a_pm_2": -28.54123990068983, "a_pm_3": -23.008390576864198, "a_pp_1": -13.805063969878567, "a_pp_2": -33.6367729143864, "a_pp_3": 12.844373435094653}, "datetime": {"datetime": "2024-07-12 22:23:04", "elapsed": 1492.909986, "delta": 8.677813}}
{"target": -18476.397363122796, "params": {"a_c_1": 0.0, "a_c_2": 10.0, "a_mm_0": 20.0, "a_mm_1": 18.048820353578442, "a_mm_2": 20.0, "a_mm_3": -4.422158186181956, "a_mp_0": -40.0, "a_mp_1": -40.0, "a_mp_2": 20.0, "a_mp_3": 20.0, "a_pm_0": -40.0, "a_pm_1": 20.0, "a_pm_2": 20.0, "a_pm_3": 20.0, "a_pp_1": -17.029978080241705, "a_pp_2": -21.190077877725027, "a_pp_3": 20.0}, "datetime": {"datetime": "2024-07-12 22:23:08", "elapsed": 1518.117897, "delta": 9.90422}}
{"target": -54095.92089970349, "params": {"a_c_1": 20.0, "a_c_2": 0.0, "a_mm_0": -40.0, "a_mm_1": 20.0, "a_mm_2": 20.0, "a_mm_3": 20.0, "a_mp_0": -40.0, "a_mp_1": -40.0, "a_mp_2": 20.0, "a_mp_3": 20.0, "a_pm_0": 20.0, "a_pm_1": 20.0, "a_pm_2": 20.0, "a_pm_3": 20.0, "a_pp_1": 20.0, "a_pp_2": -36.455161719465856, "a_pp_3": 20.0}, "datetime": {"datetime": "2024-07-12 22:23:10", "elapsed": 1541.737719, "delta": 11.301816}}
{"target": -6687.477143008335, "params": {"a_c_1": 20.0, "a_c_2": 0.0, "a_mm_0": -40.0, "a_mm_1": -40.0, "a_mm_2": 20.0, "a_mm_3": 20.0, "a_mp_0": 20.0, "a_mp_1": -0.5389274247763443, "a_mp_2": 15.431654444295145, "a_mp_3": 20.0, "a_pm_0": -40.0, "a_pm_1": 20.0, "a_pm_2": 1.5598579763711153, "a_pm_3": -4.299710900583823, "a_pp_1": 20.0, "a_pp_2": 9.799975638007735, "a_pp_3": 20.0}, "datetime": {"datetime": "2024-07-12 22:23:14", "elapsed": 1644.66276, "delta": 10.448067}}
{"target": -6054.345962531951, "params": {"a_c_1": 20.0, "a_c_2": 10.0, "a_mm_0": 20.0, "a_mm_1": -2.718648557799446, "a_mm_2": 20.0, "a_mm_3": -13.13889795200107, "a_mp_0": 16.109431830789294, "a_mp_1": 20.0, "a_mp_2": 5.302391320606433, "a_mp_3": 20.0, "a_pm_0": -40.0, "a_pm_1": 20.0, "a_pm_2": -40.0, "a_pm_3": 20.0, "a_pp_1": -14.739311449034918, "a_pp_2": 20.0, "a_pp_3": 20.0}, "datetime": {"datetime": "2024-07-12 22:23:16", "elapsed": 1483.525875, "delta": 12.440899}}
{"target": -13431.954504715324, "params": {"a_c_1": 0.0, "a_c_2": 10.0, "a_mm_0": 20.0, "a_mm_1": 20.0, "a_mm_2": 5.719070414718201, "a_mm_3": 20.0, "a_mp_0": 20.0, "a_mp_1": -31.50200623890142, "a_mp_2": 20.0, "a_mp_3": -16.27431704880146, "a_pm_0": -40.0, "a_pm_1": 9.053712612024983, "a_pm_2": -17.790019034631918, "a_pm_3": 20.0, "a_pp_1": 20.0, "a_pp_2": -7.95295273505219, "a_pp_3": 20.0}, "datetime": {"datetime": "2024-07-12 22:23:17", "elapsed": 1505.27193, "delta": 12.361944}}
{"target": -10617.879000506795, "params": {"a_c_1": 0.0, "a_c_2": 10.0, "a_mm_0": 20.0, "a_mm_1": 20.0, "a_mm_2": 20.0, "a_mm_3": -15.052002954666051, "a_mp_0": -40.0, "a_mp_1": -40.0, "a_mp_2": -21.77526720054649, "a_mp_3": 20.0, "a_pm_0": 20.0, "a_pm_1": 20.0, "a_pm_2": -10.806756134682459, "a_pm_3": 20.0, "a_pp_1": -13.285541778209288, "a_pp_2": 16.103780119179202, "a_pp_3": 20.0}, "datetime": {"datetime": "2024-07-12 22:23:20", "elapsed": 1529.901363, "delta": 11.783466}}
{"target": -50933.784937359196, "params": {"a_c_1": 20.0, "a_c_2": 10.0, "a_mm_0": 0.5398238078753365, "a_mm_1": -4.412254785050792, "a_mm_2": -10.073605789270005, "a_mm_3": -18.275472715368974, "a_mp_0": 20.0, "a_mp_1": 20.0, "a_mp_2": -40.0, "a_mp_3": 20.0, "a_pm_0": -40.0, "a_pm_1": -40.0, "a_pm_2": 20.0, "a_pm_3": 20.0, "a_pp_1": 20.0, "a_pp_2": 20.0, "a_pp_3": 20.0}, "datetime": {"datetime": "2024-07-12 22:23:22", "elapsed": 1553.891802, "delta": 12.154083}}
{"target": -16999.419912844216, "params": {"a_c_1": 0.0, "a_c_2": 0.0, "a_mm_0": 20.0, "a_mm_1": 20.0, "a_mm_2": -21.321959671541624, "a_mm_3": -25.456962878608273, "a_mp_0": -40.0, "a_mp_1": 20.0, "a_mp_2": 1.4685232978298213, "a_mp_3": 20.0, "a_pm_0": 20.0, "a_pm_1": 20.0, "a_pm_2": 20.0, "a_pm_3": 20.0, "a_pp_1": -27.757639899052347, "a_pp_2": 20.0, "a_pp_3": 20.0}, "datetime": {"datetime": "2024-07-12 22:23:25", "elapsed": 1656.085813, "delta": 11.423053}}
{"target": -357353.77696690673, "params": {"a_c_1": 3.328959726721541, "a_c_2": 6.993537210874205, "a_mm_0": -23.13330254279054, "a_mm_1": -7.888432446629167, "a_mm_2": -29.943570485849314, "a_mm_3": -36.91477241745919, "a_mp_0": -11.524926555155453, "a_mp_1": -15.390547354744061, "a_mp_2": -25.629830496448108, "a_mp_3": -5.743577230574779, "a_pm_0": -10.172848577209706, "a_pm_1": 7.818562422707508, "a_pm_2": 15.290831525679543, "a_pm_3": -32.52206189318207, "a_pp_1": -7.424775925768671, "a_pp_2": -20.021750789610778, "a_pp_3": -34.207493618041966}, "datetime": {"datetime": "2024-07-12 22:23:27", "elapsed": 1493.997989, "delta": 10.472114}}
{"target": -32900.74401393291, "params": {"a_c_1": 6.930677801131518, "a_c_2": 4.699870050002534, "a_mm_0": 3.2480992820667254, "a_mm_1": 13.405464204268057, "a_mm_2": 16.96422667023854, "a_mm_3": -16.04126458899144, "a_mp_0": 12.142970148205023, "a_mp_1": -18.486520462743627, "a_mp_2": -13.669766038800635, "a_mp_3": -11.33195052025264, "a_pm_0": -27.514349206051897, "a_pm_1": -29.49448841737992, "a_pm_2": -2.255293820698519, "a_pm_3": 6.277528425806246, "a_pp_1": -9.726059920617292, "a_pp_2": -4.466702657100932, "a_pp_3": -2.903622940332866}, "datetime": {"datetime": "2024-07-12 22:23:27", "elapsed": 1515.786885, "delta": 10.514955}}
{"target": -93237.64819626088, "params": {"a_c_1": 15.45576872720366, "a_c_2": 1.3097841141320543, "a_mm_0": -12.114864045419353, "a_mm_1": -20.21533933154076, "a_mm_2": -17.422855922738123, "a_mm_3": -21.155202067902295, "a_mp_0": -13.994316797762917, "a_mp_1": -29.135043945427213, "a_mp_2": -9.722646808508799, "a_mp_3": 9.549270419207694, "a_pm_0": 4.498390134019189, "a_pm_1": 6.738790474058938, "a_pm_2": 8.89423656089155, "a_pm_3": -32.85088857738059, "a_pp_1": 19.345218817346264, "a_pp_2": 16.915459675474978, "a_pp_3": -5.119306949220615}, "datetime": {"datetime": "2024-07-12 22:23:30", "elapsed": 1540.206679, "delta": 10.305316}}
{"target": -14143.104566482842, "params": {"a_c_1": 20.0, "a_c_2": 10.0, "a_mm_0": -40.0, "a_mm_1": -21.222028871574327, "a_mm_2": -6.789557557297267, "a_mm_3": -12.950263560969349, "a_mp_0": 0.6988710169734246, "a_mp_1": -4.113178587469475, "a_mp_2": 20.0, "a_mp_3": 20.0, "a_pm_0": 20.0, "a_pm_1": -5.544987363068011, "a_pm_2": -35.44057108321511, "a_pm_3": -1.065400816478602, "a_pp_1": 20.0, "a_pp_2": 20.0, "a_pp_3": 20.0}, "datetime": {"datetime": "2024-07-12 22:23:34", "elapsed": 1565.784668, "delta": 11.892866}}
{"target": -6621.152187016089, "params": {"a_c_1": 0.0, "a_c_2": 0.0, "a_mm_0": -40.0, "a_mm_1": 20.0, "a_mm_2": 2.6222925318211074, "a_mm_3": 20.0, "a_mp_0": -40.0, "a_mp_1": 20.0, "a_mp_2": -11.999537617431152, "a_mp_3": -14.068655259858213, "a_pm_0": -40.0, "a_pm_1": 20.0, "a_pm_2": 12.211053810230053, "a_pm_3": 20.0, "a_pp_1": -40.0, "a_pp_2": 20.0, "a_pp_3": 20.0}, "datetime": {"datetime": "2024-07-12 22:23:35", "elapsed": 1666.021195, "delta": 9.935382}}
{"target": -268682.648538027, "params": {"a_c_1": 9.80926472819114, "a_c_2": 5.408860903921834, "a_mm_0": -6.028771608244483, "a_mm_1": 16.755160013327142, "a_mm_2": -20.996498900246824, "a_mm_3": -3.122184628580925, "a_mp_0": -8.424709589467547, "a_mp_1": 7.64423182491511, "a_mp_2": -10.460704708031479, "a_mp_3": -37.2670534813431, "a_pm_0": -15.667317206605503, "a_pm_1": 9.070680698306603, "a_pm_2": -20.579310695495646, "a_pm_3": -23.839653740131737, "a_pp_1": 10.532477128229822, "a_pp_2": -37.580248900477365, "a_pp_3": 5.076155233332344}, "datetime": {"datetime": "2024-07-12 22:23:35", "elapsed": 1523.850241, "delta": 8.063356}}
{"target": -26245.483978436936, "params": {"a_c_1": 20.0, "a_c_2": 10.0, "a_mm_0": -40.0, "a_mm_1": -32.24041933745696, "a_mm_2": 20.0, "a_mm_3": 20.0, "a_mp_0": -40.0, "a_mp_1": 20.0, "a_mp_2": 20.0, "a_mp_3": 20.0, "a_pm_0": 20.0, "a_pm_1": 9.63131149923775, "a_pm_2": -14.83156433839922, "a_pm_3": -38.509422049894106, "a_pp_1": -39.0384717459637, "a_pp_2": 20.0, "a_pp_3": 20.0}, "datetime": {"datetime": "2024-07-12 22:23:40", "elapsed": 1507.308589, "delta": 13.3106}}
{"target": -15302.429147970937, "params": {"a_c_1": 20.0, "a_c_2": 10.0, "a_mm_0": 20.0, "a_mm_1": -40.0, "a_mm_2": 20.0, "a_mm_3": 20.0, "a_mp_0": -40.0, "a_mp_1": -40.0, "a_mp_2": 20.0, "a_mp_3": 20.0, "a_pm_0": 20.0, "a_pm_1": 20.0, "a_pm_2": 20.0, "a_pm_3": -23.77131960947701, "a_pp_1": 20.0, "a_pp_2": 2.395956470134299, "a_pp_3": 20.0}, "datetime": {"datetime": "2024-07-12 22:23:42", "elapsed": 1551.780652, "delta": 11.573973}}
{"target": -304891.85837142955, "params": {"a_c_1": 4.425133351278443, "a_c_2": 3.9941745035795986, "a_mm_0": -27.439456104345595, "a_mm_1": -36.25316065166983, "a_mm_2": 9.614838671327874, "a_mm_3": -26.568907233516335, "a_mp_0": 3.9849369929250784, "a_mp_1": 5.977935872876131, "a_mp_2": -28.296599304513258, "a_mp_3": -20.001334292968963, "a_pm_0": -7.807073245143393, "a_pm_1": -20.304982600409076, "a_pm_2": -16.16886167217818, "a_pm_3": 4.568904355100038, "a_pp_1": -33.2519590751518, "a_pp_2": -31.79173039932038, "a_pp_3": -0.15543375810528204}, "datetime": {"datetime": "2024-07-12 22:23:44", "elapsed": 1532.392236, "delta": 8.541995}}
{"target": -9832.036226160908, "params": {"a_c_1": 0.0, "a_c_2": 10.0, "a_mm_0": 20.0, "a_mm_1": -40.0, "a_mm_2": 20.0, "a_mm_3": 20.0, "a_mp_0": -40.0, "a_mp_1": 20.0, "a_mp_2": 20.0, "a_mp_3": 20.0, "a_pm_0": -40.0, "a_pm_1": -40.0, "a_pm_2": -40.0, "a_pm_3": 20.0, "a_pp_1": 20.0, "a_pp_2": 20.0, "a_pp_3": 20.0}, "datetime": {"datetime": "2024-07-12 22:23:45", "elapsed": 1577.048823, "delta": 11.264155}}
{"target": -6413.737448999231, "params": {"a_c_1": 0.0, "a_c_2": 0.0, "a_mm_0": -24.095765378296917, "a_mm_1": -8.341747719135755, "a_mm_2": 8.275296664646474, "a_mm_3": 7.700239495831505, "a_mp_0": -6.704842590347956, "a_mp_1": -2.0810364748531316, "a_mp_2": -6.655669252583209, "a_mp_3": 6.628037794619826, "a_pm_0": -40.0, "a_pm_1": -9.420986527921956, "a_pm_2": -10.824189782111175, "a_pm_3": 20.0, "a_pp_1": -6.719945411806409, "a_pp_2": 20.0, "a_pp_3": 4.888069058755285}, "datetime": {"datetime": "2024-07-12 22:23:46", "elapsed": 1677.32341, "delta": 11.302215}}
{"target": -104550.69616509278, "params": {"a_c_1": 13.315435460207791, "a_c_2": 3.854493701414495, "a_mm_0": 1.5934049661690821, "a_mm_1": 9.365380510129206, "a_mm_2": -14.981016023940992, "a_mm_3": 13.49761090786265, "a_mp_0": 9.581802899565815, "a_mp_1": -16.142647859913474, "a_mp_2": -19.27101678434265, "a_mp_3": 11.748276402591685, "a_pm_0": 15.558091800408121, "a_pm_1": 16.269979392447098, "a_pm_2": -14.170024383657953, "a_pm_3": -27.009495753624705, "a_pp_1": 6.33473635005339, "a_pp_2": -18.600152749851798, "a_pp_3": -22.185748538000308}, "datetime": {"datetime": "2024-07-12 22:23:49", "elapsed": 1516.881726, "delta": 9.573137}}
{"target": -294779.71644510917, "params": {"a_c_1": 5.846697251725592, "a_c_2": 1.0371695659217162, "a_mm_0": -17.287738506541416, "a_mm_1": -31.346693165183805, "a_mm_2": -33.78077266413568, "a_mm_3": -32.86158474862083, "a_mp_0": -39.640352738521095, "a_mp_1": -36.605304139415765, "a_mp_2": 17.428066195096918, "a_mp_3": 2.317706303991912, "a_pm_0": 19.408401856631286, "a_pm_1": -4.523110679276897, "a_pm_2": -38.042415533100375, "a_pm_3": -31.336514849969905, "a_pp_1": -5.301116210078185, "a_pp_2": 2.90250709055087, "a_pp_3": -3.0853421312805978}, "datetime": {"datetime": "2024-07-12 22:23:52", "elapsed": 1540.404392, "delta": 8.012156}}
{"target": -152563.63378711397, "params": {"a_c_1": 15.612061852073001, "a_c_2": 6.594930072515118, "a_mm_0": -15.722939711481704, "a_mm_1": -5.812194256298561, "a_mm_2": 12.146271651381781, "a_mm_3": -10.284711694412884, "a_mp_0": 10.567103939942221, "a_mp_1": -12.46628551251306, "a_mp_2": 2.9200378894575962, "a_mp_3": -36.87875355739799, "a_pm_0": 10.948996624949082, "a_pm_1": -21.04444160714697, "a_pm_2": 18.198656599978584, "a_pm_3": 11.489282421910083, "a_pp_1": -20.266662386438135, "a_pp_2": -25.098463095547498, "a_pp_3": -39.96051627319794}, "datetime": {"datetime": "2024-07-12 22:23:53", "elapsed": 1585.153951, "delta": 8.105128}}
{"target": -14112.03812647191, "params": {"a_c_1": 0.0, "a_c_2": 10.0, "a_mm_0": -12.19030571472254, "a_mm_1": 20.0, "a_mm_2": 20.0, "a_mm_3": -2.72817760416138, "a_mp_0": -33.553325920088014, "a_mp_1": -40.0, "a_mp_2": -18.005433511612193, "a_mp_3": 20.0, "a_pm_0": -40.0, "a_pm_1": 20.0, "a_pm_2": -36.553315527365044, "a_pm_3": -0.16168936937337214, "a_pp_1": 20.0, "a_pp_2": 20.0, "a_pp_3": 20.0}, "datetime": {"datetime": "2024-07-12 22:23:57", "elapsed": 1566.562404, "delta": 14.781752}}
{"target": -38073.42494403188, "params": {"a_c_1": 0.0, "a_c_2": 0.0, "a_mm_0": -13.213527741254627, "a_mm_1": 20.0, "a_mm_2": -32.510159911851694, "a_mm_3": -40.0, "a_mp_0": -40.0, "a_mp_1": 20.0, "a_mp_2": 20.0, "a_mp_3": 20.0, "a_pm_0": 20.0, "a_pm_1": 20.0, "a_pm_2": -40.0, "a_pm_3": 20.0, "a_pp_1": 20.0, "a_pp_2": 20.0, "a_pp_3": 20.0}, "datetime": {"datetime": "2024-07-12 22:24:01", "elapsed": 1692.292008, "delta": 14.968598}}
{"target": -42667.51253892862, "params": {"a_c_1": 20.0, "a_c_2": 10.0, "a_mm_0": -17.573454701982914, "a_mm_1": 20.0, "a_mm_2": -40.0, "a_mm_3": -16.940783484188273, "a_mp_0": -40.0, "a_mp_1": 20.0, "a_mp_2": 20.0, "a_mp_3": 20.0, "a_pm_0": 20.0, "a_pm_1": 9.75602198820295, "a_pm_2": 9.261677665128056, "a_pm_3": 20.0, "a_pp_1": -9.824309752714923, "a_pp_2": 1.9056799051369533, "a_pp_3": 20.0}, "datetime": {"datetime": "2024-07-12 22:24:02", "elapsed": 1550.341389, "delta": 9.936997}}
{"target": -15873.649369393182, "params": {"a_c_1": 0.0, "a_c_2": 10.0, "a_mm_0": -28.82337408802478, "a_mm_1": 20.0, "a_mm_2": -13.627587860515204, "a_mm_3": 0.2958867648342274, "a_mp_0": 4.89545926192798, "a_mp_1": 20.0, "a_mp_2": -34.154423866291005, "a_mp_3": 20.0, "a_pm_0": -40.0, "a_pm_1": 20.0, "a_pm_2": 20.0, "a_pm_3": -11.891139982129385, "a_pp_1": -24.560834680811855, "a_pp_2": 20.0, "a_pp_3": 20.0}, "datetime": {"datetime": "2024-07-12 22:24:02", "elapsed": 1529.54709, "delta": 12.665364}}
{"target": -92014.63873728298, "params": {"a_c_1": 20.0, "a_c_2": 0.0, "a_mm_0": 4.871366143800782, "a_mm_1": 20.0, "a_mm_2": 20.0, "a_mm_3": 20.0, "a_mp_0": 20.0, "a_mp_1": -40.0, "a_mp_2": 20.0, "a_mp_3": -40.0, "a_pm_0": 20.0, "a_pm_1": 20.0, "a_pm_2": 20.0, "a_pm_3": 20.0, "a_pp_1": -40.0, "a_pp_2": -21.139097816983014, "a_pp_3": 20.0}, "datetime": {"datetime": "2024-07-12 22:24:03", "elapsed": 1594.936805, "delta": 9.782854}}
{"target": -8335.17065706357, "params": {"a_c_1": 20.0, "a_c_2": 10.0, "a_mm_0": 20.0, "a_mm_1": 20.0, "a_mm_2": 4.343083531302808, "a_mm_3": 20.0, "a_mp_0": -40.0, "a_mp_1": -40.0, "a_mp_2": 20.0, "a_mp_3": 20.0, "a_pm_0": 20.0, "a_pm_1": -40.0, "a_pm_2": 20.0, "a_pm_3": 20.0, "a_pp_1": -40.0, "a_pp_2": 20.0, "a_pp_3": 20.0}, "datetime": {"datetime": "2024-07-12 22:24:07", "elapsed": 1576.616902, "delta": 10.054498}}
{"target": -163361.82277066397, "params": {"a_c_1": 16.815287434832243, "a_c_2": 4.002948017406643, "a_mm_0": -39.43533005485119, "a_mm_1": -4.283870620220519, "a_mm_2": -15.3537111281268, "a_mm_3": 15.121971875452651, "a_mp_0": -13.464261946303601, "a_mp_1": -18.272217596618745, "a_mp_2": -12.962305900512952, "a_mp_3": 13.702108590862643, "a_pm_0": 19.244892999473038, "a_pm_1": -23.527628004416627, "a_pm_2": -4.48064204795886, "a_pm_3": -39.405168734185004, "a_pp_1": -16.615253426916563, "a_pp_2": -24.293359887854255, "a_pp_3": -4.777504596291209}, "datetime": {"datetime": "2024-07-12 22:24:10", "elapsed": 1558.929257, "delta": 8.587868}}
{"target": -235231.14056757986, "params": {"a_c_1": 12.290512196304785, "a_c_2": 2.6396549230590804, "a_mm_0": -18.165477884261747, "a_mm_1": -14.005028372846358, "a_mm_2": -14.158540234163258, "a_mm_3": -29.524860008984803, "a_mp_0": -19.908538516287745, "a_mp_1": -7.215093183926314, "a_mp_2": 18.383529174457237, "a_mp_3": -18.190403189387986, "a_pm_0": -4.012687456668168, "a_pm_1": 3.4958580437671003, "a_pm_2": -33.13291117289849, "a_pm_3": -7.341762000576907, "a_pp_1": -14.350858742989757, "a_pp_2": -14.591542997330492, "a_pp_3": -32.33967619694891}, "datetime": {"datetime": "2024-07-12 22:24:10", "elapsed": 1701.493619, "delta": 9.201611}}
{"target": -14644.960692970933, "params": {"a_c_1": 20.0, "a_c_2": 10.0, "a_mm_0": -40.0, "a_mm_1": -40.0, "a_mm_2": 20.0, "a_mm_3": 15.407260989029929, "a_mp_0": -40.0, "a_mp_1": 20.0, "a_mp_2": 20.0, "a_mp_3": 20.0, "a_pm_0": -40.0, "a_pm_1": 9.996514954721002, "a_pm_2": 5.5468944427789015, "a_pm_3": 20.0, "a_pp_1": -40.0, "a_pp_2": 20.0, "a_pp_3": 20.0}, "datetime": {"datetime": "2024-07-12 22:24:13", "elapsed": 1540.09397, "delta": 10.54688}}
{"target": -24790.87350644635, "params": {"a_c_1": 0.0, "a_c_2": 10.0, "a_mm_0": 20.0, "a_mm_1": -40.0, "a_mm_2": 20.0, "a_mm_3": 20.0, "a_mp_0": -40.0, "a_mp_1": 20.0, "a_mp_2": -8.625814975692373, "a_mp_3": 20.0, "a_pm_0": 20.0, "a_pm_1": 20.0, "a_pm_2": -7.074766673019398, "a_pm_3": -40.0, "a_pp_1": 20.0, "a_pp_2": 20.0, "a_pp_3": 20.0}, "datetime": {"datetime": "2024-07-12 22:24:16", "elapsed": 1608.526301, "delta": 13.589496}}
{"target": -146855.93077692253, "params": {"a_c_1": 18.68199271487998, "a_c_2": 7.38216406210439, "a_mm_0": -26.1902767938044, "a_mm_1": -4.2938270693579454, "a_mm_2": -5.981567972098091, "a_mm_3": -16.868310738113763, "a_mp_0": 9.597642340054776, "a_mp_1": 4.993739482859191, "a_mp_2": 7.365450123182008, "a_mp_3": 9.012755507609242, "a_pm_0": -24.6366214659572, "a_pm_1": 13.198496119332624, "a_pm_2": -32.41614670079323, "a_pm_3": 3.8518809230237707, "a_pp_1": -38.75983626194262, "a_pp_2": -19.163556758026743, "a_pp_3": -16.703564153521793}, "datetime": {"datetime": "2024-07-12 22:24:19", "elapsed": 1567.302902, "delta": 8.373645}}
{"target": -15808.331998554107, "params": {"a_c_1": 20.0, "a_c_2": 10.0, "a_mm_0": 20.0, "a_mm_1": 20.0, "a_mm_2": 20.0, "a_mm_3": -19.683553416710847, "a_mp_0": 20.0, "a_mp_1": -40.0, "a_mp_2": 20.0, "a_mp_3": 20.0, "a_pm_0": 20.0, "a_pm_1": 20.0, "a_pm_2": 20.0, "a_pm_3": 20.0, "a_pp_1": -40.0, "a_pp_2": -18.105459962897527, "a_pp_3": 20.0}, "datetime": {"datetime": "2024-07-12 22:24:19", "elapsed": 1588.969596, "delta": 12.352694}}
{"target": -15766.387307671765, "params": {"a_c_1": 20.0, "a_c_2": 10.0, "a_mm_0": -40.0, "a_mm_1": 20.0, "a_mm_2": 20.0, "a_mm_3": 20.0, "a_mp_0": 20.0, "a_mp_1": 20.0, "a_mp_2": 20.0, "a_mp_3": -2.6597262995488125, "a_pm_0": 20.0, "a_pm_1": -40.0, "a_pm_2": 20.0, "a_pm_3": 20.0, "a_pp_1": -40.0, "a_pp_2": -17.511602129333866, "a_pp_3": 20.0}, "datetime": {"datetime": "2024-07-12 22:24:23", "elapsed": 1550.380575, "delta": 10.286605}}
{"target": -276602.40667523, "params": {"a_c_1": 7.529566810245241, "a_c_2": 5.417091102887616, "a_mm_0": 12.500485607659492, "a_mm_1": 12.92704057820719, "a_mm_2": 17.22840956146267, "a_mm_3": -25.484513219577803, "a_mp_0": -9.516348522773075, "a_mp_1": -28.108185816507643, "a_mp_2": -15.038796161889202, "a_mp_3": -16.67896884605895, "a_pm_0": -21.330649204629808, "a_pm_1": -18.851750209443278, "a_pm_2": -13.783990478769852, "a_pm_3": -34.128032527199075, "a_pp_1": 10.898389699024065, "a_pp_2": 19.244167852893035, "a_pp_3": -21.875534869673714}, "datetime": {"datetime": "2024-07-12 22:24:25", "elapsed": 1616.819843, "delta": 8.293542}}
{"target": -3787.3685655755535, "params": {"a_c_1": 20.0, "a_c_2": 10.0, "a_mm_0": 4.094644591974596, "a_mm_1": -14.238698378590378, "a_mm_2": -10.953780202102148, "a_mm_3": 20.0, "a_mp_0": 20.0, "a_mp_1": -16.608191534509228, "a_mp_2": 20.0, "a_mp_3": 20.0, "a_pm_0": -40.0, "a_pm_1": 20.0, "a_pm_2": 20.0, "a_pm_3": -18.679761546470072, "a_pp_1": -12.726348431886993, "a_pp_2": 2.300807842889986, "a_pp_3": 20.0}, "datetime": {"datetime": "2024-07-12 22:24:25", "elapsed": 1715.843787, "delta": 14.350168}}
