{"target": -11141.578322294854, "params": {"a_c_1": 20.0, "a_c_2": 10.0, "a_mm_0": 20.0, "a_mm_1": -21.735024832892204, "a_mm_2": 20.0, "a_mm_3": 20.0, "a_mp_0": -38.04972457750957, "a_mp_1": -40.0, "a_mp_2": 19.47760440954237, "a_mp_3": 20.0, "a_pm_0": -40.0, "a_pm_1": -30.621095909060326, "a_pm_2": -0.1822955042410304, "a_pm_3": 20.0, "a_pp_1": 20.0, "a_pp_2": 20.0, "a_pp_3": -0.44341812283756166}, "datetime": {"datetime": "2024-07-12 22:14:37", "elapsed": 985.69073, "delta": 9.806016}}
{"target": -59043.90572323141, "params": {"a_c_1": 16.045868929995727, "a_c_2": 9.55022751206145, "a_mm_0": 11.628956986516869, "a_mm_1": -5.6403454314185595, "a_mm_2": -37.047474684485266, "a_mm_3": 11.161232112369142, "a_mp_0": -11.837610346541112, "a_mp_1": -10.11896453403168, "a_mp_2": 4.96368340911593, "a_mp_3": 13.134967686302865, "a_pm_0": -24.486557390777737, "a_pm_1": 12.396481818602354, "a_pm_2": -19.9897853741494, "a_pm_3": 12.68661033204853, "a_pp_1": -1.8665667957721936, "a_pp_2": 16.87721966150049, "a_pp_3": -24.184272606256613}, "datetime": {"datetime": "2024-07-12 22:14:37", "elapsed": 964.766875, "delta": 11.239368}}
{"target": -4475.9630319569615, "params": {"a_c_1": 0.0, "a_c_2": 10.0, "a_mm_0": 5.450894983074069, "a_mm_1": 13.981659984605068, "a_mm_2": 20.0, "a_mm_3": -14.715551413986725, "a_mp_0": 20.0, "a_mp_1": 11.43584445886214, "a_mp_2": -22.012055079093617, "a_mp_3": 20.0, "a_pm_0": 9.881973959473564, "a_pm_1": 2.896015861355924, "a_pm_2": -4.419963341786139, "a_pm_3": -6.777718015470174, "a_pp_1": -17.92377871727667, "a_pp_2": 20.0, "a_pp_3": 20.0}, "datetime": {"datetime": "2024-07-12 22:14:39", "elapsed": 1031.636475, "delta": 15.988878}}
{"target": -633311.6245825461, "params": {"a_c_1": 2.687983926492563, "a_c_2": 3.611892251294461, "a_mm_0": -4.723192323839534, "a_mm_1": -3.962564788753504, "a_mm_2": 12.908725213951108, "a_mm_3": 0.3456312667595114, "a_mp_0": -21.483016481422062, "a_mp_1": 10.398148839692574, "a_mp_2": -25.796523598775977, "a_mp_3": -28.507862467449897, "a_pm_0": -4.1908537442262315, "a_pm_1": -39.93023180479182, "a_pm_2": -28.91045180435477, "a_pm_3": -33.317001510981086, "a_pp_1": -36.942446307395414, "a_pp_2": -35.31776179497898, "a_pp_3": -31.724243427865858}, "datetime": {"datetime": "2024-07-12 22:14:40", "elapsed": 1009.45685, "delta": 9.213546}}
{"target": -4891.94037238764, "params": {"a_c_1": 20.0, "a_c_2": 0.0, "a_mm_0": 20.0, "a_mm_1": -26.413862357075274, "a_mm_2": -8.214783707442312, "a_mm_3": 20.0, "a_mp_0": -40.0, "a_mp_1": 20.0, "a_mp_2": 13.225206781873023, "a_mp_3": 6.530736315833081, "a_pm_0": 20.0, "a_pm_1": -14.130701081791523, "a_pm_2": 20.0, "a_pm_3": -6.752323886678648, "a_pp_1": 1.206336058326038, "a_pp_2": 5.369756708860591, "a_pp_3": 20.0}, "datetime": {"datetime": "2024-07-12 22:14:45", "elapsed": 1135.950418, "delta": 10.410328}}
{"target": -124216.9809805015, "params": {"a_c_1": 16.153236314129128, "a_c_2": 7.322990212769582, "a_mm_0": 14.692449854277086, "a_mm_1": 17.876228280046156, "a_mm_2": -31.590272429863955, "a_mm_3": -14.801553781061198, "a_mp_0": -36.76364262126716, "a_mp_1": -15.812643775969931, "a_mp_2": -19.135982236578158, "a_mp_3": -9.543901979659324, "a_pm_0": 14.039409242321327, "a_pm_1": 8.320853868496073, "a_pm_2": -26.49653419231211, "a_pm_3": -0.3006286104827609, "a_pp_1": -22.64259469317745, "a_pp_2": 13.032134876466358, "a_pp_3": -15.225786434499113}, "datetime": {"datetime": "2024-07-12 22:14:46", "elapsed": 973.690681, "delta": 8.923806}}
{"target": -231237.24305616418, "params": {"a_c_1": 14.85420985732471, "a_c_2": 7.7931352720398746, "a_mm_0": -2.573282533424809, "a_mm_1": -26.83208292355009, "a_mm_2": -0.22758427571720574, "a_mm_3": -21.303739823494215, "a_mp_0": 15.640578309226655, "a_mp_1": -28.107063827135853, "a_mp_2": -33.47509776701018, "a_mp_3": -10.196002661372887, "a_pm_0": 12.72118623770288, "a_pm_1": 6.899672433259653, "a_pm_2": 17.992930096689477, "a_pm_3": -33.63548975089188, "a_pp_1": -15.514209277599942, "a_pp_2": -17.908158853699742, "a_pp_3": -32.160452436927265}, "datetime": {"datetime": "2024-07-12 22:14:47", "elapsed": 995.759881, "delta": 10.069151}}
{"target": -424443.4582033646, "params": {"a_c_1": 4.696893559244931, "a_c_2": 3.5193814768995546, "a_mm_0": -14.20367861248062, "a_mm_1": 13.295551342522472, "a_mm_2": -17.529236511873908, "a_mm_3": -25.069491894210287, "a_mp_0": -31.021048264745044, "a_mp_1": 4.7013802661952155, "a_mp_2": -21.535801698032895, "a_mp_3": -25.25917545690549, "a_pm_0": -25.248444960267484, "a_pm_1": 7.62799810339439, "a_pm_2": -35.79406142825596, "a_pm_3": 7.788775460592852, "a_pp_1": -25.868671740556046, "a_pp_2": -34.30986381709572, "a_pp_3": -13.984387591437873}, "datetime": {"datetime": "2024-07-12 22:14:48", "elapsed": 1039.714614, "delta": 8.078139}}
{"target": -9237.93570452628, "params": {"a_c_1": 0.0, "a_c_2": 10.0, "a_mm_0": -40.0, "a_mm_1": 20.0, "a_mm_2": -7.73230434498377, "a_mm_3": 20.0, "a_mp_0": 14.279208604646106, "a_mp_1": -1.890180271332971, "a_mp_2": 2.2352440329138377, "a_mp_3": 20.0, "a_pm_0": 14.948170690506922, "a_pm_1": -2.889157535695876, "a_pm_2": 5.377605473676912, "a_pm_3": -28.47886098471292, "a_pp_1": -21.90715764085816, "a_pp_2": 20.0, "a_pp_3": 20.0}, "datetime": {"datetime": "2024-07-12 22:14:50", "elapsed": 1019.76216, "delta": 10.30531}}
{"target": -108293.83349335795, "params": {"a_c_1": 18.104094582931445, "a_c_2": 0.6740040816314841, "a_mm_0": -15.855685689916783, "a_mm_1": -39.18497287106237, "a_mm_2": -27.11509127371115, "a_mm_3": 2.6351420883598564, "a_mp_0": -21.5486291022414, "a_mp_1": -6.766558608274373, "a_mp_2": 16.003451377738642, "a_mp_3": 17.44291405202788, "a_pm_0": 0.06555559383470921, "a_pm_1": -36.850567898425325, "a_pm_2": 0.38122780755132624, "a_pm_3": -30.684120445122556, "a_pp_1": 5.743757292025414, "a_pp_2": -4.968076062525668, "a_pp_3": -1.5247353361571356}, "datetime": {"datetime": "2024-07-12 22:14:56", "elapsed": 1005.058102, "delta": 9.298221}}
{"target": -5796.739894553264, "params": {"a_c_1": 0.0, "a_c_2": 10.0, "a_mm_0": -34.47481946579029, "a_mm_1": 9.13687702923067, "a_mm_2": 6.522123683368591, "a_mm_3": 20.0, "a_mp_0": -24.686738256613037, "a_mp_1": -12.794344348415425, "a_mp_2": -23.67934359666168, "a_mp_3": -1.2750085271203326, "a_pm_0": -37.159476639704636, "a_pm_1": 13.785266768066846, "a_pm_2": -7.066202380518764, "a_pm_3": 12.596370310757903, "a_pp_1": 20.0, "a_pp_2": 20.0, "a_pp_3": 20.0}, "datetime": {"datetime": "2024-07-12 22:14:56", "elapsed": 983.956635, "delta": 10.265954}}
{"target": -206285.804548742, "params": {"a_c_1": 13.337375762104678, "a_c_2": 8.061968088249765, "a_mm_0": -5.597934444292974, "a_mm_1": -33.07684627487735, "a_mm_2": 14.73068243502177, "a_mm_3": -24.729020551615513, "a_mp_0": -31.633611257870946, "a_mp_1": -17.815179628287915, "a_mp_2": -20.192271674961965, "a_mp_3": -22.806206269803994, "a_pm_0": -19.709394153160005, "a_pm_1": -19.473751069791398, "a_pm_2": 5.669337701930658, "a_pm_3": -9.606812853164914, "a_pp_1": -37.76756707423718, "a_pp_2": -0.5822101097015562, "a_pp_3": -14.352995422158369}, "datetime": {"datetime": "2024-07-12 22:14:57", "elapsed": 1049.005499, "delta": 9.290885}}
{"target": -4511.395254928383, "params": {"a_c_1": 20.0, "a_c_2": 10.0, "a_mm_0": 20.0, "a_mm_1": 20.0, "a_mm_2": -21.510203503569528, "a_mm_3": 20.0, "a_mp_0": 20.0, "a_mp_1": -23.96606104452983, "a_mp_2": 20.0, "a_mp_3": -11.461786561427473, "a_pm_0": 20.0, "a_pm_1": 20.0, "a_pm_2": 20.0, "a_pm_3": -10.67071456744801, "a_pp_1": 5.3691040276447435, "a_pp_2": 9.499201923106368, "a_pp_3": 20.0}, "datetime": {"datetime": "2024-07-12 22:14:59", "elapsed": 1149.926546, "delta": 13.976128}}
{"target": -219820.76289132852, "params": {"a_c_1": 19.285754198185295, "a_c_2": 2.673540105121508, "a_mm_0": 7.672734919571816, "a_mm_1": -13.751167965891728, "a_mm_2": -30.498182174886722, "a_mm_3": -13.177856391159043, "a_mp_0": 19.324774670336694, "a_mp_1": -6.435017879849539, "a_mp_2": 19.00251056367192, "a_mp_3": 13.100140464004312, "a_pm_0": -2.778714707448401, "a_pm_1": -0.7638915406763758, "a_pm_2": -17.08904405838982, "a_pm_3": -18.425576228651472, "a_pp_1": -22.13618676515605, "a_pp_2": -20.885411128578927, "a_pp_3": -19.054009196478752}, "datetime": {"datetime": "2024-07-12 22:15:05", "elapsed": 1056.730271, "delta": 7.724772}}
{"target": -1485.4339668472699, "params": {"a_c_1": 20.0, "a_c_2": 10.0, "a_mm_0": -25.401552917549047, "a_mm_1": -8.182971705049928, "a_mm_2": 20.0, "a_mm_3": 20.0, "a_mp_0": -40.0, "a_mp_1": 1.33602472521615, "a_mp_2": -6.13998707291537, "a_mp_3": 2.514322132872149, "a_pm_0": 4.324193476930052, "a_pm_1": 5.877310886224701, "a_pm_2": -13.29928681740812, "a_pm_3": -4.471708662537934, "a_pp_1": -2.764633132462677, "a_pp_2": 20.0, "a_pp_3": 20.0}, "datetime": {"datetime": "2024-07-12 22:15:05", "elapsed": 1034.448027, "delta": 14.685867}}
{"target": -1690.369433897773, "params": {"a_c_1": 20.0, "a_c_2": 10.0, "a_mm_0": -30.821203631283137, "a_mm_1": -16.169975547207983, "a_mm_2": -10.526477666216657, "a_mm_3": 20.0, "a_mp_0": -5.876575212118554, "a_mp_1": 20.0, "a_mp_2": 20.0, "a_mp_3": 14.696357016999773, "a_pm_0": -19.490272358314193, "a_pm_1": -21.05109201112093, "a_pm_2": -21.68767633769074, "a_pm_3": -0.22594373208139587, "a_pp_1": -3.3576584122487105, "a_pp_2": 20.0, "a_pp_3": 15.931521861703326}, "datetime": {"datetime": "2024-07-12 22:15:08", "elapsed": 995.935243, "delta": 11.978608}}
{"target": -6588.934341801478, "params": {"a_c_1": 20.0, "a_c_2": 10.0, "a_mm_0": -19.454865701218438, "a_mm_1": -10.921006718889668, "a_mm_2": -14.250082185092007, "a_mm_3": 20.0, "a_mp_0": -20.964959383285652, "a_mp_1": 20.0, "a_mp_2": 20.0, "a_mp_3": 18.427430479929864, "a_pm_0": -40.0, "a_pm_1": -4.358986048900577, "a_pm_2": -30.989524275191446, "a_pm_3": 12.617094065448125, "a_pp_1": 13.344857691482282, "a_pp_2": 20.0, "a_pp_3": 13.004400720863945}, "datetime": {"datetime": "2024-07-12 22:15:10", "elapsed": 1161.27521, "delta": 11.348664}}
{"target": -7840.285553145953, "params": {"a_c_1": 20.0, "a_c_2": 10.0, "a_mm_0": -17.591621924844056, "a_mm_1": 16.116466062159223, "a_mm_2": 2.7476697832680785, "a_mm_3": -26.79138911891705, "a_mp_0": 10.938647087329457, "a_mp_1": 20.0, "a_mp_2": -17.704573089867136, "a_mp_3": 20.0, "a_pm_0": 20.0, "a_pm_1": 6.290923674844603, "a_pm_2": 20.0, "a_pm_3": -4.772479619280175, "a_pp_1": -14.701984707374036, "a_pp_2": 14.113265718547485, "a_pp_3": 20.0}, "datetime": {"datetime": "2024-07-12 22:15:11", "elapsed": 1019.146011, "delta": 14.087909}}
{"target": -1031.9815710384037, "params": {"a_c_1": 0.0, "a_c_2": 10.0, "a_mm_0": -8.2341695545335, "a_mm_1": -4.488117292482624, "a_mm_2": -0.4627956115388422, "a_mm_3": 6.657124198577258, "a_mp_0": -10.332149495974132, "a_mp_1": -4.716346851837987, "a_mp_2": -3.654615284874121, "a_mp_3": 4.545266950273984, "a_pm_0": -13.230650385335498, "a_pm_1": -3.1189221303648424, "a_pm_2": 11.834203480070734, "a_pm_3": 1.345431753777754, "a_pp_1": -10.523931249634655, "a_pp_2": 8.631643303073385, "a_pp_3": 20.0}, "datetime": {"datetime": "2024-07-12 22:15:14", "elapsed": 1065.715903, "delta": 8.985632}}
{"target": -299923.12188311265, "params": {"a_c_1": 18.11147927280016, "a_c_2": 2.059932791894601, "a_mm_0": -6.764767576914224, "a_mm_1": -11.879689392784186, "a_mm_2": 7.162119015901148, "a_mm_3": 13.220656388456227, "a_mp_0": -3.0395522138980056, "a_mp_1": -32.40883064167113, "a_mp_2": -36.56495958670054, "a_mp_3": -28.717096320748613, "a_pm_0": 17.062767313170973, "a_pm_1": -8.413638027279504, "a_pm_2": -8.968970974486268, "a_pm_3": -30.16584013789591, "a_pp_1": -36.92000253529143, "a_pp_2": -16.738932793382812, "a_pp_3": -18.4563413025056}, "datetime": {"datetime": "2024-07-12 22:15:15", "elapsed": 1045.068249, "delta": 10.620222}}
{"target": -3314.062034340516, "params": {"a_c_1": 20.0, "a_c_2": 10.0, "a_mm_0": 20.0, "a_mm_1": 2.8612687333748847, "a_mm_2": 5.330805446422, "a_mm_3": -16.532742449028806, "a_mp_0": -7.12696819066863, "a_mp_1": 3.0257220601638357, "a_mp_2": 1.2292322113186742, "a_mp_3": 3.9098240563982865, "a_pm_0": 20.0, "a_pm_1": -2.278425365573837, "a_pm_2": 18.41134807742671, "a_pm_3": 10.546751609698259, "a_pp_1": -27.38609923268576, "a_pp_2": 5.984859466688281, "a_pp_3": 18.583782050811454}, "datetime": {"datetime": "2024-07-12 22:15:20", "elapsed": 1007.927713, "delta": 11.99247}}
{"target": -126496.49578743317, "params": {"a_c_1": 6.633902790920921, "a_c_2": 9.825452634354084, "a_mm_0": -11.10865861386112, "a_mm_1": -14.958739871432925, "a_mm_2": -12.077712069500567, "a_mm_3": -4.32627189737282, "a_mp_0": -6.851434834176082, "a_mp_1": -30.614761657724436, "a_mp_2": -24.333963105958503, "a_mp_3": 12.885570298058155, "a_pm_0": -30.27606103888653, "a_pm_1": -1.1853433042546087, "a_pm_2": -12.104153440852905, "a_pm_3": -35.81949076530463, "a_pp_1": -12.596798977474595, "a_pp_2": 13.693084364746191, "a_pp_3": -1.6068234828150878}, "datetime": {"datetime": "2024-07-12 22:15:21", "elapsed": 1029.217348, "delta": 10.071337}}
{"target": -17760.488475247024, "params": {"a_c_1": 20.0, "a_c_2": 10.0, "a_mm_0": 20.0, "a_mm_1": 10.73278333488325, "a_mm_2": -6.747187619698283, "a_mm_3": 20.0, "a_mp_0": -40.0, "a_mp_1": -5.190694056991419, "a_mp_2": 20.0, "a_mp_3": -40.0, "a_pm_0": 20.0, "a_pm_1": 20.0, "a_pm_2": 20.0, "a_pm_3": 20.0, "a_pp_1": -24.387380390040242, "a_pp_2": 11.80718298964269, "a_pp_3": 20.0}, "datetime": {"datetime": "2024-07-12 22:15:23", "elapsed": 1173.640686, "delta": 12.365476}}
{"target": -130089.84153920376, "params": {"a_c_1": 3.1698895794914783, "a_c_2": 7.792626399817428, "a_mm_0": -38.60261190097335, "a_mm_1": -23.180029961588243, "a_mm_2": -0.9659776402596734, "a_mm_3": -9.984243787613252, "a_mp_0": -10.43270277467969, "a_mp_1": -30.287991973607312, "a_mp_2": -7.458529096968988, "a_mp_3": -27.308203549352513, "a_pm_0": 4.663289760895466, "a_pm_1": -18.889910534104153, "a_pm_2": 3.0736082613937654, "a_pm_3": -6.687959997527777, "a_pp_1": -14.006378199321073, "a_pp_2": -11.645676706952226, "a_pp_3": 11.99196961885049}, "datetime": {"datetime": "2024-07-12 22:15:23", "elapsed": 1075.180631, "delta": 9.464728}}
{"target": -76072.40662579687, "params": {"a_c_1": 11.488037386835884, "a_c_2": 8.547362642396338, "a_mm_0": -30.18361468161583, "a_mm_1": -30.40021563065958, "a_mm_2": -3.8295331835050206, "a_mm_3": -13.925172736126065, "a_mp_0": -6.7006924556182454, "a_mp_1": -22.287660000776192, "a_mp_2": -13.774295175787842, "a_mp_3": 0.2113626052986035, "a_pm_0": 18.067156465776833, "a_pm_1": 3.5220155641684414, "a_pm_2": 5.498256754948848, "a_pm_3": -9.745645911759738, "a_pp_1": -15.658054764662374, "a_pp_2": 5.814487970580828, "a_pp_3": -23.913290209817998}, "datetime": {"datetime": "2024-07-12 22:15:26", "elapsed": 1055.533254, "delta": 10.465005}}
{"target": -8474.136562633561, "params": {"a_c_1": 0.0, "a_c_2": 10.0, "a_mm_0": -26.206736301521968, "a_mm_1": 20.0, "a_mm_2": 20.0, "a_mm_3": 20.0, "a_mp_0": 20.0, "a_mp_1": 20.0, "a_mp_2": -32.184187102900914, "a_mp_3": -3.5007474092939526, "a_pm_0": -40.0, "a_pm_1": 17.097761658668905, "a_pm_2": 16.45936845535476, "a_pm_3": 20.0, "a_pp_1": -33.95016550632194, "a_pp_2": 10.202951282203813, "a_pp_3": 20.0}, "datetime": {"datetime": "2024-07-12 22:15:32", "elapsed": 1040.381565, "delta": 11.164217}}
{"target": -14426.698722479601, "params": {"a_c_1": 0.0, "a_c_2": 10.0, "a_mm_0": 20.0, "a_mm_1": -11.879105175218227, "a_mm_2": -6.192853494475626, "a_mm_3": -18.066992687134558, "a_mp_0": -9.470911123810797, "a_mp_1": 1.190013033123947, "a_mp_2": -40.0, "a_mp_3": 3.274946598526812, "a_pm_0": -29.82254949676749, "a_pm_1": 7.162883236491855, "a_pm_2": 20.0, "a_pm_3": 20.0, "a_pp_1": 9.266113941963296, "a_pp_2": 20.0, "a_pp_3": 20.0}, "datetime": {"datetime": "2024-07-12 22:15:34", "elapsed": 1021.019399, "delta": 13.091686}}
{"target": -42898.258114561344, "params": {"a_c_1": 20.0, "a_c_2": 10.0, "a_mm_0": -40.0, "a_mm_1": -21.555744895106997, "a_mm_2": 20.0, "a_mm_3": 20.0, "a_mp_0": 20.0, "a_mp_1": -40.0, "a_mp_2": 20.0, "a_mp_3": 20.0, "a_pm_0": -16.380995758583953, "a_pm_1": 15.044640049556866, "a_pm_2": -40.0, "a_pm_3": 20.0, "a_pp_1": 20.0, "a_pp_2": 20.0, "a_pp_3": -12.280541719130158}, "datetime": {"datetime": "2024-07-12 22:15:34", "elapsed": 1086.206012, "delta": 11.025381}}
{"target": -18627.36928865203, "params": {"a_c_1": 0.0, "a_c_2": 10.0, "a_mm_0": 20.0, "a_mm_1": 20.0, "a_mm_2": 20.0, "a_mm_3": -32.90792676376876, "a_mp_0": -35.5156133773811, "a_mp_1": -40.0, "a_mp_2": 20.0, "a_mp_3": 20.0, "a_pm_0": 20.0, "a_pm_1": -20.21565054369975, "a_pm_2": 10.972852277499488, "a_pm_3": 20.0, "a_pp_1": 20.0, "a_pp_2": -5.413076784763768, "a_pp_3": 20.0}, "datetime": {"datetime": "2024-07-12 22:15:35", "elapsed": 1186.223479, "delta": 12.582793}}
{"target": -253218.69861810748, "params": {"a_c_1": 7.438784327491343, "a_c_2": 0.5847605536577583, "a_mm_0": 10.894037660426378, "a_mm_1": -38.41275064910913, "a_mm_2": -12.755292856555975, "a_mm_3": 9.209972924197245, "a_mp_0": 13.623250611288164, "a_mp_1": -17.69022919973643, "a_mp_2": 11.80467666176363, "a_mp_3": -35.03800225296926, "a_pm_0": -23.17933413443482, "a_pm_1": 9.797117886640585, "a_pm_2": -35.383696084638075, "a_pm_3": -14.357797164922111, "a_pp_1": -30.592897750079366, "a_pp_2": 13.02521123179504, "a_pp_3": -38.32274538848188}, "datetime": {"datetime": "2024-07-12 22:15:36", "elapsed": 1065.378962, "delta": 9.845708}}
{"target": -113616.46806553673, "params": {"a_c_1": 15.45184496518021, "a_c_2": 8.193449677116275, "a_mm_0": 9.883651516107584, "a_mm_1": 17.22203801960535, "a_mm_2": -19.020359586892162, "a_mm_3": 4.125703543593133, "a_mp_0": -29.52008988086887, "a_mp_1": -19.29572719403759, "a_mp_2": -5.601105593557463, "a_mp_3": -16.835170141538285, "a_pm_0": 11.282133834660804, "a_pm_1": 10.854964452596832, "a_pm_2": -33.35456749642448, "a_pm_3": -17.760843322258005, "a_pp_1": -32.26951124135519, "a_pp_2": 10.442128721448462, "a_pp_3": -22.45504124572268}, "datetime": {"datetime": "2024-07-12 22:15:41", "elapsed": 1049.473992, "delta": 9.092427}}
{"target": -166.21409203483734, "params": {"a_c_1": 0.0, "a_c_2": 10.0, "a_mm_0": -4.900570560329369, "a_mm_1": 1.4470613636886027, "a_mm_2": 0.6177051103049958, "a_mm_3": 12.029589439348348, "a_mp_0": -7.357266275048476, "a_mp_1": -6.4266076908339445, "a_mp_2": -3.121234535728555, "a_mp_3": 1.6619698992342062, "a_pm_0": -2.956198652422582, "a_pm_1": -5.785104661613583, "a_pm_2": 5.671906895602193, "a_pm_3": -1.611136963948983, "a_pp_1": -5.6613155702205855, "a_pp_2": 4.441240473830107, "a_pp_3": 3.703611355902702}, "datetime": {"datetime": "2024-07-12 22:15:45", "elapsed": 1032.411322, "delta": 11.391923}}
{"target": -25493.791313872298, "params": {"a_c_1": 20.0, "a_c_2": 10.0, "a_mm_0": 20.0, "a_mm_1": 8.944696523644877, "a_mm_2": 20.0, "a_mm_3": 20.0, "a_mp_0": 20.0, "a_mp_1": -11.03263987497944, "a_mp_2": -11.064345440491667, "a_mp_3": 20.0, "a_pm_0": -40.0, "a_pm_1": -19.330912672459874, "a_pm_2": 20.0, "a_pm_3": 20.0, "a_pp_1": 12.58979491326606, "a_pp_2": -7.955232877567236, "a_pp_3": -25.95827228364861}, "datetime": {"datetime": "2024-07-12 22:15:47", "elapsed": 1099.390502, "delta": 13.18449}}
{"target": -7296.808691182078, "params": {"a_c_1": 0.0, "a_c_2": 10.0, "a_mm_0": -21.366756299317224, "a_mm_1": 20.0, "a_mm_2": 20.0, "a_mm_3": -22.44105717739578, "a_mp_0": 20.0, "a_mp_1": -40.0, "a_mp_2": -18.815335628883716, "a_mp_3": 20.0, "a_pm_0": 20.0, "a_pm_1": 20.0, "a_pm_2": 20.0, "a_pm_3": 7.395512927163495, "a_pp_1": 20.0, "a_pp_2": 4.196000150133167, "a_pp_3": 20.0}, "datetime": {"datetime": "2024-07-12 22:15:48", "elapsed": 1198.84348, "delta": 12.620001}}
{"target": -7781.076855586114, "params": {"a_c_1": 0.0, "a_c_2": 10.0, "a_mm_0": 20.0, "a_mm_1": -40.0, "a_mm_2": 20.0, "a_mm_3": -20.04556322557655, "a_mp_0": -10.826540162285545, "a_mp_1": -40.0, "a_mp_2": 1.663432350889471, "a_mp_3": 20.0, "a_pm_0": -15.769255965822003, "a_pm_1": -4.209482293151717, "a_pm_2": 16.130647933412824, "a_pm_3": 20.0, "a_pp_1": -7.616255598210456, "a_pp_2": 20.0, "a_pp_3": 11.644166262988131}, "datetime": {"datetime": "2024-07-12 22:15:49", "elapsed": 1078.473021, "delta": 13.094059}}
{"target": -4536.287282354649, "params": {"a_c_1": 20.0, "a_c_2": 10.0, "a_mm_0": 20.0, "a_mm_1": 20.0, "a_mm_2": -2.594776727145242, "a_mm_3": 20.0, "a_mp_0": -40.0, "a_mp_1": -40.0, "a_mp_2": 20.0, "a_mp_3": -1.1244320579199714, "a_pm_0": 20.0, "a_pm_1": 6.359150875949903, "a_pm_2": -29.47912865792531, "a_pm_3": 20.0, "a_pp_1": 3.9781626637447047, "a_pp_2": 17.146584078845063, "a_pp_3": 15.217209523124387}, "datetime": {"datetime": "2024-07-12 22:15:53", "elapsed": 1062.043096, "delta": 12.569104}}
{"target": -162487.31477874512, "params": {"a_c_1": 17.22065180153328, "a_c_2": 1.506239098525658, "a_mm_0": 8.374370759022781, "a_mm_1": -25.303545033109565, "a_mm_2": -5.011436073504228, "a_mm_3": -16.77366534649948, "a_mp_0": -34.332804850123374, "a_mp_1": -36.06288896434702, "a_mp_2": -15.101937592343077, "a_mp_3": 3.9435268817979647, "a_pm_0": 1.6292172454932086, "a_pm_1": -2.1811028666311785, "a_pm_2": 4.213604504308577, "a_pm_3": -23.294404787356456, "a_pp_1": -31.679358602433716, "a_pp_2": 3.1700267486158538, "a_pp_3": -8.26919679300369}, "datetime": {"datetime": "2024-07-12 22:15:54", "elapsed": 1041.813546, "delta": 9.402224}}
{"target": -16333.56197287774, "params": {"a_c_1": 20.0, "a_c_2": 0.0, "a_mm_0": -0.5267616663741843, "a_mm_1": 20.0, "a_mm_2": 20.0, "a_mm_3": 2.5454420652456125, "a_mp_0": 20.0, "a_mp_1": 4.403478115398891, "a_mp_2": -40.0, "a_mp_3": 20.0, "a_pm_0": -40.0, "a_pm_1": 20.0, "a_pm_2": 20.0, "a_pm_3": 20.0, "a_pp_1": -40.0, "a_pp_2": 4.210649736339541, "a_pp_3": 20.0}, "datetime": {"datetime": "2024-07-12 22:15:58", "elapsed": 1110.306525, "delta": 10.916023}}
