{"target": -283862.4862630409, "params": {"a_c_1": 3.8294734002286, "a_c_2": 1.1569556591163432, "a_mm_0": 15.184282162603417, "a_mm_1": -20.26562016848231, "a_mm_2": -35.27577614399176, "a_mm_3": -31.058280741335125, "a_mp_0": -33.64093614846941, "a_mp_1": 13.804898059750506, "a_mp_2": -19.412263179329386, "a_mp_3": -35.1326513512084, "a_pm_0": -15.589855568964744, "a_pm_1": -9.61424588695288, "a_pm_2": 16.974849243763977, "a_pm_3": 18.467060929267994, "a_pp_1": -28.302690433157483, "a_pp_2": -11.995259355169487, "a_pp_3": -13.634987894437835}, "datetime": {"datetime": "2024-07-12 22:26:02", "elapsed": 1649.01788, "delta": 9.277569}}
{"target": -528.8573357189246, "params": {"a_c_1": 20.0, "a_c_2": 10.0, "a_mm_0": -40.0, "a_mm_1": -11.179222909269553, "a_mm_2": 20.0, "a_mm_3": -6.232121116581331, "a_mp_0": 20.0, "a_mp_1": 20.0, "a_mp_2": 20.0, "a_mp_3": 20.0, "a_pm_0": 20.0, "a_pm_1": 20.0, "a_pm_2": -13.423675131822074, "a_pm_3": 20.0, "a_pp_1": 20.0, "a_pp_2": 20.0, "a_pp_3": 20.0}, "datetime": {"datetime": "2024-07-12 22:26:03", "elapsed": 1813.64914, "delta": 11.170854}}
{"target": -20901.2347527636, "params": {"a_c_1": 0.0, "a_c_2": 0.0, "a_mm_0": -40.0, "a_mm_1": -40.0, "a_mm_2": 20.0, "a_mm_3": 20.0, "a_mp_0": -40.0, "a_mp_1": 20.0, "a_mp_2": 20.0, "a_mp_3": 20.0, "a_pm_0": 20.0, "a_pm_1": -40.0, "a_pm_2": 20.0, "a_pm_3": 20.0, "a_pp_1": 20.0, "a_pp_2": 1.0234534496348064, "a_pp_3": 20.0}, "datetime": {"datetime": "2024-07-12 22:26:05", "elapsed": 1673.993446, "delta": 8.975178}}
{"target": -28267.34446927791, "params": {"a_c_1": 20.0, "a_c_2": 10.0, "a_mm_0": -40.0, "a_mm_1": -40.0, "a_mm_2": 20.0, "a_mm_3": 20.0, "a_mp_0": -40.0, "a_mp_1": -40.0, "a_mp_2": 20.0, "a_mp_3": 20.0, "a_pm_0": -40.0, "a_pm_1": -40.0, "a_pm_2": 20.0, "a_pm_3": 12.703335683618073, "a_pp_1": 20.0, "a_pp_2": 20.0, "a_pp_3": 20.0}, "datetime": {"datetime": "2024-07-12 22:26:06", "elapsed": 1695.535788, "delta": 10.85401}}
{"target": -8674.583081243118, "params": {"a_c_1": 20.0, "a_c_2": 10.0, "a_mm_0": 20.0, "a_mm_1": 12.685566611980558, "a_mm_2": -24.82328704491533, "a_mm_3": 20.0, "a_mp_0": 20.0, "a_mp_1": 20.0, "a_mp_2": 20.0, "a_mp_3": 20.0, "a_pm_0": -40.0, "a_pm_1": -40.0, "a_pm_2": -40.0, "a_pm_3": 20.0, "a_pp_1": 20.0, "a_pp_2": 20.0, "a_pp_3": 20.0}, "datetime": {"datetime": "2024-07-12 22:26:09", "elapsed": 1721.114562, "delta": 12.500921}}
{"target": -347056.66246159934, "params": {"a_c_1": 6.767255454833223, "a_c_2": 5.455354241024981, "a_mm_0": 4.475932095896283, "a_mm_1": -28.014293588572613, "a_mm_2": -26.36801119492703, "a_mm_3": 9.88381369953148, "a_mp_0": 19.885012438575757, "a_mp_1": -30.47789104365623, "a_mp_2": -31.080385792872946, "a_mp_3": -20.650841988842366, "a_pm_0": 0.8737691464654773, "a_pm_1": -19.196585617189175, "a_pm_2": 4.094385987490014, "a_pm_3": 16.669434055236827, "a_pp_1": -29.1522197677417, "a_pp_2": -34.995751857546395, "a_pp_3": -27.142780040901048}, "datetime": {"datetime": "2024-07-12 22:26:10", "elapsed": 1657.894621, "delta": 8.876741}}
{"target": -43972.16319596709, "params": {"a_c_1": 20.0, "a_c_2": 0.0, "a_mm_0": -40.0, "a_mm_1": -40.0, "a_mm_2": 20.0, "a_mm_3": 20.0, "a_mp_0": -40.0, "a_mp_1": 20.0, "a_mp_2": 20.0, "a_mp_3": 20.0, "a_pm_0": -10.25714655310273, "a_pm_1": 20.0, "a_pm_2": -1.858699457385572, "a_pm_3": 14.407101756806979, "a_pp_1": 20.0, "a_pp_2": 20.0, "a_pp_3": -29.864060533261082}, "datetime": {"datetime": "2024-07-12 22:26:12", "elapsed": 1823.202457, "delta": 9.553317}}
{"target": -124330.33685766652, "params": {"a_c_1": 18.46821792200975, "a_c_2": 8.399242641570805, "a_mm_0": -10.436360396883316, "a_mm_1": -33.76817289837113, "a_mm_2": -12.998534007700357, "a_mm_3": -24.442961886559196, "a_mp_0": -18.425519283551232, "a_mp_1": 14.393859543282076, "a_mp_2": -21.026954078167567, "a_mp_3": -15.959234582139842, "a_pm_0": -34.21445170860329, "a_pm_1": 0.8405232631736794, "a_pm_2": -18.866367230087594, "a_pm_3": -8.23866065334601, "a_pp_1": -0.5548116665144889, "a_pp_2": -0.5096380598262726, "a_pp_3": -3.482313684874775}, "datetime": {"datetime": "2024-07-12 22:26:15", "elapsed": 1704.68144, "delta": 9.145652}}
{"target": -14333.683696013612, "params": {"a_c_1": 0.0, "a_c_2": 10.0, "a_mm_0": 20.0, "a_mm_1": 20.0, "a_mm_2": 20.0, "a_mm_3": 20.0, "a_mp_0": -40.0, "a_mp_1": -40.0, "a_mp_2": 20.0, "a_mp_3": 20.0, "a_pm_0": 20.0, "a_pm_1": -40.0, "a_pm_2": 20.0, "a_pm_3": 20.0, "a_pp_1": 20.0, "a_pp_2": -14.86332352348705, "a_pp_3": 9.346470068682878}, "datetime": {"datetime": "2024-07-12 22:26:16", "elapsed": 1684.131171, "delta": 10.137725}}
{"target": -249810.2606135986, "params": {"a_c_1": 18.957442101762606, "a_c_2": 7.192201000473216, "a_mm_0": -28.833871139418854, "a_mm_1": 1.178434517367272, "a_mm_2": -16.060961745773625, "a_mm_3": -7.953021304948706, "a_mp_0": -4.642468840441325, "a_mp_1": -21.916493161086002, "a_mp_2": -4.823457205482846, "a_mp_3": -33.68756307121606, "a_pm_0": 16.92372883861634, "a_pm_1": -25.437609506111606, "a_pm_2": 7.511708173444916, "a_pm_3": 7.616553614263587, "a_pp_1": -1.0284036739748927, "a_pp_2": -33.685135087127435, "a_pp_3": -20.716729728187367}, "datetime": {"datetime": "2024-07-12 22:26:18", "elapsed": 1730.46907, "delta": 9.354508}}
{"target": -219871.98939814602, "params": {"a_c_1": 11.473194613106338, "a_c_2": 3.7510060022708593, "a_mm_0": 5.063997616590449, "a_mm_1": 9.560860718906156, "a_mm_2": -29.775170883512416, "a_mm_3": 19.08736395523578, "a_mp_0": -1.4828140414744766, "a_mp_1": 13.695930916081373, "a_mp_2": -2.65600948944423, "a_mp_3": 16.81930053197503, "a_pm_0": -9.667506978545415, "a_pm_1": 1.4883268745045797, "a_pm_2": -35.02121044674679, "a_pm_3": -14.30588266415743, "a_pp_1": -29.219051553562267, "a_pp_2": -6.952302474846363, "a_pp_3": -33.6081124765241}, "datetime": {"datetime": "2024-07-12 22:26:20", "elapsed": 1667.071508, "delta": 9.176887}}
{"target": -26981.99587391672, "params": {"a_c_1": 20.0, "a_c_2": 10.0, "a_mm_0": 20.0, "a_mm_1": -40.0, "a_mm_2": 20.0, "a_mm_3": 20.0, "a_mp_0": -40.0, "a_mp_1": 20.0, "a_mp_2": 20.0, "a_mp_3": -21.976166775368903, "a_pm_0": -40.0, "a_pm_1": -35.917944938052116, "a_pm_2": 20.0, "a_pm_3": 20.0, "a_pp_1": 20.0, "a_pp_2": -6.788591608341368, "a_pp_3": 20.0}, "datetime": {"datetime": "2024-07-12 22:26:22", "elapsed": 1833.55627, "delta": 10.353813}}
{"target": -26559.286848878422, "params": {"a_c_1": 20.0, "a_c_2": 10.0, "a_mm_0": -22.723793208042913, "a_mm_1": -40.0, "a_mm_2": 20.0, "a_mm_3": -7.799166364816328, "a_mp_0": 7.423805647346671, "a_mp_1": 20.0, "a_mp_2": -10.924337648524585, "a_mp_3": -11.613687397343778, "a_pm_0": -40.0, "a_pm_1": 20.0, "a_pm_2": -39.97249706203501, "a_pm_3": 10.786384480943525, "a_pp_1": 20.0, "a_pp_2": 20.0, "a_pp_3": 20.0}, "datetime": {"datetime": "2024-07-12 22:26:28", "elapsed": 1717.617141, "delta": 12.935701}}
{"target": -331704.4396785799, "params": {"a_c_1": 13.925442899120398, "a_c_2": 6.678335477798872, "a_mm_0": -5.685291385495013, "a_mm_1": 4.469568291970376, "a_mm_2": 16.37785606868563, "a_mm_3": -9.407739844393454, "a_mp_0": 5.050884216476234, "a_mp_1": -30.47072190529281, "a_mp_2": 8.940326441259273, "a_mp_3": -3.9487408746748685, "a_pm_0": -28.281711923413795, "a_pm_1": -26.509835443993758, "a_pm_2": -19.356461103664607, "a_pm_3": -22.57450936042606, "a_pp_1": -31.747683052516784, "a_pp_2": -35.81195207845208, "a_pp_3": -9.777672679112843}, "datetime": {"datetime": "2024-07-12 22:26:28", "elapsed": 1675.568411, "delta": 8.496903}}
{"target": -27206.539292350262, "params": {"a_c_1": 0.0, "a_c_2": 10.0, "a_mm_0": 20.0, "a_mm_1": 20.0, "a_mm_2": 20.0, "a_mm_3": 20.0, "a_mp_0": 20.0, "a_mp_1": -40.0, "a_mp_2": -40.0, "a_mp_3": 20.0, "a_pm_0": 20.0, "a_pm_1": 1.6101291874041446, "a_pm_2": 20.0, "a_pm_3": -40.0, "a_pp_1": 20.0, "a_pp_2": 20.0, "a_pp_3": 20.0}, "datetime": {"datetime": "2024-07-12 22:26:29", "elapsed": 1697.120845, "delta": 12.989674}}
{"target": -64409.7789391024, "params": {"a_c_1": 20.0, "a_c_2": 10.0, "a_mm_0": 20.0, "a_mm_1": -40.0, "a_mm_2": 20.0, "a_mm_3": 20.0, "a_mp_0": 20.0, "a_mp_1": 20.0, "a_mp_2": -40.0, "a_mp_3": 20.0, "a_pm_0": 20.0, "a_pm_1": 20.0, "a_pm_2": 20.0, "a_pm_3": -36.12684376427078, "a_pp_1": 20.0, "a_pp_2": 20.0, "a_pp_3": 20.0}, "datetime": {"datetime": "2024-07-12 22:26:30", "elapsed": 1741.68192, "delta": 11.21285}}
{"target": -460549.8339582861, "params": {"a_c_1": 4.668775520904644, "a_c_2": 3.611210714918621, "a_mm_0": 8.041745003791902, "a_mm_1": -30.660199953688437, "a_mm_2": -6.0924329167907345, "a_mm_3": -35.07559977769178, "a_mp_0": 13.479477769727438, "a_mp_1": -11.686526503539241, "a_mp_2": 8.068645466798486, "a_mp_3": -19.171235965195045, "a_pm_0": -35.59155698892254, "a_pm_1": -3.984116024092245, "a_pm_2": -23.153604126154754, "a_pm_3": -32.36013912658017, "a_pp_1": 1.874205841172568, "a_pp_2": 12.282469792646637, "a_pp_3": -39.732119477941794}, "datetime": {"datetime": "2024-07-12 22:26:30", "elapsed": 1841.520588, "delta": 7.964318}}
{"target": -307205.63045185123, "params": {"a_c_1": 13.3591528058004, "a_c_2": 0.7119672039887903, "a_mm_0": -36.663949196906344, "a_mm_1": 16.863341710453668, "a_mm_2": -35.66334989030483, "a_mm_3": -29.070140593864455, "a_mp_0": 2.0554279500700403, "a_mp_1": -26.74769574877378, "a_mp_2": -2.2722199511055337, "a_mp_3": 16.966143667048236, "a_pm_0": 13.225874861700767, "a_pm_1": -39.45159142427618, "a_pm_2": 8.939872929821206, "a_pm_3": -28.96503871026073, "a_pp_1": -21.96209404075428, "a_pp_2": -11.068788409391807, "a_pp_3": -16.664890031080063}, "datetime": {"datetime": "2024-07-12 22:26:37", "elapsed": 1684.406724, "delta": 8.838313}}
{"target": -117096.29367006074, "params": {"a_c_1": 2.0752865210526994, "a_c_2": 0.9259300268852533, "a_mm_0": -28.204766920774475, "a_mm_1": -9.120997045207893, "a_mm_2": 11.770177994975377, "a_mm_3": -13.362556501506127, "a_mp_0": -18.063046009354977, "a_mp_1": 13.817209106312532, "a_mp_2": 12.63018548137827, "a_mp_3": -22.966890909944475, "a_pm_0": 10.531165614601647, "a_pm_1": -32.8166519620809, "a_pm_2": -15.00375248100022, "a_pm_3": 15.302697903040418, "a_pp_1": -18.364254103269392, "a_pp_2": -27.5891990919589, "a_pp_3": -9.540305005045663}, "datetime": {"datetime": "2024-07-12 22:26:37", "elapsed": 1727.201311, "delta": 9.58417}}
{"target": -24951.785412757315, "params": {"a_c_1": 17.799769013906303, "a_c_2": 1.1711526396811844, "a_mm_0": -27.881640348054237, "a_mm_1": -3.183964624609537, "a_mm_2": -12.592756671716671, "a_mm_3": 8.498242049710584, "a_mp_0": -38.473210796663565, "a_mp_1": 7.028963450594496, "a_mp_2": -5.340644320365207, "a_mp_3": -4.896796322689966, "a_pm_0": -31.012133992407918, "a_pm_1": 18.158978949227823, "a_pm_2": 15.310340820961585, "a_pm_3": 15.716703095111527, "a_pp_1": -22.50301371998982, "a_pp_2": -14.439400229701576, "a_pp_3": 11.690612758693405}, "datetime": {"datetime": "2024-07-12 22:26:38", "elapsed": 1750.098995, "delta": 8.417075}}
{"target": -55448.36469555255, "params": {"a_c_1": 0.0, "a_c_2": 10.0, "a_mm_0": 20.0, "a_mm_1": 20.0, "a_mm_2": 20.0, "a_mm_3": -16.354063582182928, "a_mp_0": 20.0, "a_mp_1": 20.0, "a_mp_2": -40.0, "a_mp_3": 20.0, "a_pm_0": -40.0, "a_pm_1": 20.0, "a_pm_2": 20.0, "a_pm_3": 20.0, "a_pp_1": 5.280845132100901, "a_pp_2": -4.523116944405533, "a_pp_3": -23.0304501863748}, "datetime": {"datetime": "2024-07-12 22:26:40", "elapsed": 1708.510496, "delta": 11.389651}}
{"target": -15590.744237396655, "params": {"a_c_1": 20.0, "a_c_2": 10.0, "a_mm_0": 20.0, "a_mm_1": 20.0, "a_mm_2": 20.0, "a_mm_3": 20.0, "a_mp_0": 20.0, "a_mp_1": -40.0, "a_mp_2": 20.0, "a_mp_3": -28.541444012220314, "a_pm_0": 20.0, "a_pm_1": -40.0, "a_pm_2": 20.0, "a_pm_3": 20.0, "a_pp_1": 20.0, "a_pp_2": 1.699866773289261, "a_pp_3": 20.0}, "datetime": {"datetime": "2024-07-12 22:26:41", "elapsed": 1851.953057, "delta": 10.432469}}
{"target": -45797.24400329194, "params": {"a_c_1": 20.0, "a_c_2": 10.0, "a_mm_0": -40.0, "a_mm_1": -40.0, "a_mm_2": 20.0, "a_mm_3": 20.0, "a_mp_0": -40.0, "a_mp_1": -22.15939739568806, "a_mp_2": -9.620653336641373, "a_mp_3": -40.0, "a_pm_0": 20.0, "a_pm_1": 20.0, "a_pm_2": 20.0, "a_pm_3": 20.0, "a_pp_1": 20.0, "a_pp_2": 20.0, "a_pp_3": 1.8486892920849067}, "datetime": {"datetime": "2024-07-12 22:26:48", "elapsed": 1760.137552, "delta": 10.038557}}
{"target": -20125.99093720062, "params": {"a_c_1": 20.0, "a_c_2": 10.0, "a_mm_0": -40.0, "a_mm_1": -40.0, "a_mm_2": 20.0, "a_mm_3": -4.080957586826857, "a_mp_0": -40.0, "a_mp_1": -0.5844781152771898, "a_mp_2": 20.0, "a_mp_3": 20.0, "a_pm_0": 20.0, "a_pm_1": -40.0, "a_pm_2": 20.0, "a_pm_3": 20.0, "a_pp_1": -40.0, "a_pp_2": 20.0, "a_pp_3": 20.0}, "datetime": {"datetime": "2024-07-12 22:26:48", "elapsed": 1738.090564, "delta": 10.889253}}
{"target": -66332.0309059694, "params": {"a_c_1": 20.0, "a_c_2": 10.0, "a_mm_0": -40.0, "a_mm_1": 20.0, "a_mm_2": -32.784972164367204, "a_mm_3": 20.0, "a_mp_0": -40.0, "a_mp_1": 20.0, "a_mp_2": 20.0, "a_mp_3": 20.0, "a_pm_0": -40.0, "a_pm_1": 20.0, "a_pm_2": 20.0, "a_pm_3": 20.0, "a_pp_1": 10.80273070526433, "a_pp_2": -21.641643697963886, "a_pp_3": 20.0}, "datetime": {"datetime": "2024-07-12 22:26:49", "elapsed": 1696.730976, "delta": 12.324252}}
{"target": -331054.88450112613, "params": {"a_c_1": 6.446306372846031, "a_c_2": 9.424807618759086, "a_mm_0": 17.266791333177373, "a_mm_1": -12.642224107659, "a_mm_2": -20.076556917099598, "a_mm_3": 13.793650556701557, "a_mp_0": -9.608714105745438, "a_mp_1": -39.555893468031044, "a_mp_2": -17.15020608621567, "a_mp_3": -39.4236736309062, "a_pm_0": -12.126499032317355, "a_pm_1": -14.541926049234476, "a_pm_2": -37.28767649436685, "a_pm_3": -12.035038227041916, "a_pp_1": -1.7791909376113608, "a_pp_2": -35.25936332440669, "a_pp_3": 15.19478769831153}, "datetime": {"datetime": "2024-07-12 22:26:49", "elapsed": 1860.469708, "delta": 8.516651}}
{"target": -34850.31432529466, "params": {"a_c_1": 0.0, "a_c_2": 10.0, "a_mm_0": 20.0, "a_mm_1": -27.323999185115117, "a_mm_2": 20.0, "a_mm_3": 20.0, "a_mp_0": 20.0, "a_mp_1": 20.0, "a_mp_2": -25.14552339396411, "a_mp_3": 20.0, "a_pm_0": 20.0, "a_pm_1": 20.0, "a_pm_2": 20.0, "a_pm_3": -40.0, "a_pp_1": -40.0, "a_pp_2": 20.0, "a_pp_3": 20.0}, "datetime": {"datetime": "2024-07-12 22:26:52", "elapsed": 1720.584526, "delta": 12.07403}}
{"target": -41537.20899115413, "params": {"a_c_1": 20.0, "a_c_2": 10.0, "a_mm_0": -2.080657172823991, "a_mm_1": 20.0, "a_mm_2": 19.191986347714785, "a_mm_3": 20.0, "a_mp_0": 20.0, "a_mp_1": 20.0, "a_mp_2": 20.0, "a_mp_3": 20.0, "a_pm_0": -40.0, "a_pm_1": -40.0, "a_pm_2": 20.0, "a_pm_3": 20.0, "a_pp_1": -40.0, "a_pp_2": -30.065090728302003, "a_pp_3": 20.0}, "datetime": {"datetime": "2024-07-12 22:26:58", "elapsed": 1770.382835, "delta": 10.245283}}
{"target": -17200.816195594944, "params": {"a_c_1": 20.0, "a_c_2": 10.0, "a_mm_0": 20.0, "a_mm_1": -40.0, "a_mm_2": 20.0, "a_mm_3": 20.0, "a_mp_0": -40.0, "a_mp_1": -40.0, "a_mp_2": 20.0, "a_mp_3": -15.971640649397859, "a_pm_0": -40.0, "a_pm_1": 20.0, "a_pm_2": 20.0, "a_pm_3": 20.0, "a_pp_1": -40.0, "a_pp_2": 19.949729754946723, "a_pp_3": 20.0}, "datetime": {"datetime": "2024-07-12 22:27:00", "elapsed": 1749.339483, "delta": 11.248919}}
{"target": -6268.913929365602, "params": {"a_c_1": 0.0, "a_c_2": 10.0, "a_mm_0": -40.0, "a_mm_1": 20.0, "a_mm_2": -40.0, "a_mm_3": 1.733135511780186, "a_mp_0": 20.0, "a_mp_1": 20.0, "a_mp_2": 20.0, "a_mp_3": 20.0, "a_pm_0": -2.7860061767608815, "a_pm_1": 20.0, "a_pm_2": -7.910278640177395, "a_pm_3": 20.0, "a_pp_1": 20.0, "a_pp_2": 20.0, "a_pp_3": 20.0}, "datetime": {"datetime": "2024-07-12 22:27:00", "elapsed": 1870.70163, "delta": 10.231922}}
{"target": -15237.306766368374, "params": {"a_c_1": 20.0, "a_c_2": 10.0, "a_mm_0": 20.0, "a_mm_1": -40.0, "a_mm_2": 20.0, "a_mm_3": 20.0, "a_mp_0": -40.0, "a_mp_1": 20.0, "a_mp_2": -27.879584977745942, "a_mp_3": 20.0, "a_pm_0": -40.0, "a_pm_1": 20.0, "a_pm_2": -40.0, "a_pm_3": 20.0, "a_pp_1": 5.614210866072264, "a_pp_2": 20.0, "a_pp_3": 20.0}, "datetime": {"datetime": "2024-07-12 22:27:02", "elapsed": 1709.800637, "delta": 13.069661}}
{"target": -27432.32784637175, "params": {"a_c_1": 0.0, "a_c_2": 0.0, "a_mm_0": -40.0, "a_mm_1": 20.0, "a_mm_2": -40.0, "a_mm_3": 20.0, "a_mp_0": 20.0, "a_mp_1": 20.0, "a_mp_2": 20.0, "a_mp_3": 20.0, "a_pm_0": 20.0, "a_pm_1": 20.0, "a_pm_2": 1.005750587954713, "a_pm_3": -40.0, "a_pp_1": -40.0, "a_pp_2": 20.0, "a_pp_3": 20.0}, "datetime": {"datetime": "2024-07-12 22:27:05", "elapsed": 1733.706726, "delta": 13.1222}}
{"target": -123473.51388614859, "params": {"a_c_1": 18.247973962911363, "a_c_2": 0.8414134050799216, "a_mm_0": 15.972349127173487, "a_mm_1": 11.417598868315899, "a_mm_2": 3.918421316507164, "a_mm_3": -3.6989204029351583, "a_mp_0": 0.7898555248260521, "a_mp_1": -14.206755794387732, "a_mp_2": 7.441154714772821, "a_mp_3": 17.35878883492566, "a_pm_0": -19.186563657091394, "a_pm_1": -6.7931854668013045, "a_pm_2": -7.828130953657315, "a_pm_3": -36.22323512846657, "a_pp_1": 6.610244213535445, "a_pp_2": -17.249133473256148, "a_pp_3": -14.5117014067065}, "datetime": {"datetime": "2024-07-12 22:27:10", "elapsed": 1880.918309, "delta": 10.216679}}
{"target": -6758.170158418618, "params": {"a_c_1": 20.0, "a_c_2": 0.0, "a_mm_0": 13.401744429772974, "a_mm_1": 20.0, "a_mm_2": -38.16917950844306, "a_mm_3": 20.0, "a_mp_0": 20.0, "a_mp_1": -40.0, "a_mp_2": 20.0, "a_mp_3": 20.0, "a_pm_0": -40.0, "a_pm_1": 20.0, "a_pm_2": 20.0, "a_pm_3": 20.0, "a_pp_1": -40.0, "a_pp_2": 20.0, "a_pp_3": 20.0}, "datetime": {"datetime": "2024-07-12 22:27:10", "elapsed": 1782.148725, "delta": 11.76589}}
{"target": -26680.544058361324, "params": {"a_c_1": 0.0, "a_c_2": 10.0, "a_mm_0": 20.0, "a_mm_1": 20.0, "a_mm_2": 20.0, "a_mm_3": 20.0, "a_mp_0": 20.0, "a_mp_1": -40.0, "a_mp_2": 20.0, "a_mp_3": 20.0, "a_pm_0": 20.0, "a_pm_1": 20.0, "a_pm_2": 20.0, "a_pm_3": -17.702059481414747, "a_pp_1": 20.0, "a_pp_2": -27.7033280007072, "a_pp_3": 20.0}, "datetime": {"datetime": "2024-07-12 22:27:12", "elapsed": 1761.7708, "delta": 12.431317}}
{"target": -10726.78964796577, "params": {"a_c_1": 20.0, "a_c_2": 10.0, "a_mm_0": -30.72214762971763, "a_mm_1": -0.4407221099118239, "a_mm_2": -14.0151742984773, "a_mm_3": 20.0, "a_mp_0": 20.0, "a_mp_1": 20.0, "a_mp_2": -19.721315269184938, "a_mp_3": -11.27605294711203, "a_pm_0": -40.0, "a_pm_1": -40.0, "a_pm_2": 20.0, "a_pm_3": 20.0, "a_pp_1": -15.279193370208052, "a_pp_2": 20.0, "a_pp_3": 20.0}, "datetime": {"datetime": "2024-07-12 22:27:14", "elapsed": 1721.613789, "delta": 11.813152}}
{"target": -69589.97503775434, "params": {"a_c_1": 13.259692849955423, "a_c_2": 8.695194045169854, "a_mm_0": -1.641752772746628, "a_mm_1": 8.776514086158187, "a_mm_2": -14.687211030679123, "a_mm_3": -6.48390937941835, "a_mp_0": 13.541166751155686, "a_mp_1": 18.947331564000216, "a_mp_2": 9.7615818580825, "a_mp_3": -28.767836209589397, "a_pm_0": 18.520002328391293, "a_pm_1": 13.196259406569332, "a_pm_2": -12.782298071300843, "a_pm_3": -17.27151991612684, "a_pp_1": 12.353578789386717, "a_pp_2": -35.00813381681948, "a_pp_3": 19.987943063399577}, "datetime": {"datetime": "2024-07-12 22:27:15", "elapsed": 1743.163429, "delta": 9.456703}}
{"target": -120128.9440965451, "params": {"a_c_1": 12.2619922905988, "a_c_2": 0.19415038363795656, "a_mm_0": 17.970563477689943, "a_mm_1": 1.2835882861516623, "a_mm_2": -20.972875521878994, "a_mm_3": -8.654409760110578, "a_mp_0": 1.3244315826887458, "a_mp_1": -12.346198972797353, "a_mp_2": -0.6352738180219717, "a_mp_3": 9.015596194654727, "a_pm_0": 10.82416703457065, "a_pm_1": -25.267443049373945, "a_pm_2": -7.504845172515239, "a_pm_3": 19.44033120620012, "a_pp_1": -4.652640798953058, "a_pp_2": -26.744624864677377, "a_pp_3": -22.361810186659845}, "datetime": {"datetime": "2024-07-12 22:27:18", "elapsed": 1889.204563, "delta": 8.286254}}
{"target": -39041.09784216621, "params": {"a_c_1": 20.0, "a_c_2": 10.0, "a_mm_0": 20.0, "a_mm_1": 20.0, "a_mm_2": 20.0, "a_mm_3": 20.0, "a_mp_0": -40.0, "a_mp_1": -40.0, "a_mp_2": 20.0, "a_mp_3": -28.819246120590677, "a_pm_0": 20.0, "a_pm_1": 20.0, "a_pm_2": 20.0, "a_pm_3": 20.0, "a_pp_1": -36.61370454893053, "a_pp_2": -11.395137643650342, "a_pp_3": 20.0}, "datetime": {"datetime": "2024-07-12 22:27:22", "elapsed": 1771.977966, "delta": 10.207166}}
{"target": -5210.750432099261, "params": {"a_c_1": 20.0, "a_c_2": 10.0, "a_mm_0": 7.550217372392536, "a_mm_1": 20.0, "a_mm_2": -37.67157755328306, "a_mm_3": 20.0, "a_mp_0": -40.0, "a_mp_1": 19.842521080632192, "a_mp_2": 20.0, "a_mp_3": 20.0, "a_pm_0": 0.45411551852050447, "a_pm_1": -40.0, "a_pm_2": 20.0, "a_pm_3": 20.0, "a_pp_1": -40.0, "a_pp_2": 20.0, "a_pp_3": 20.0}, "datetime": {"datetime": "2024-07-12 22:27:23", "elapsed": 1795.02319, "delta": 12.874465}}
{"target": -307583.2261332324, "params": {"a_c_1": 9.005193779196507, "a_c_2": 5.777540076215883, "a_mm_0": -16.03303194956872, "a_mm_1": -4.850713154863676, "a_mm_2": 2.807081523210009, "a_mm_3": -35.67901171523143, "a_mp_0": -10.06763964839222, "a_mp_1": 7.4852969092936235, "a_mp_2": -18.119605414919164, "a_mp_3": -13.875266666672537, "a_pm_0": -22.519523627416515, "a_pm_1": -33.370405329004896, "a_pm_2": -34.627174471256126, "a_pm_3": -29.252485819332513, "a_pp_1": 1.804789419367843, "a_pp_2": -39.059025478306815, "a_pp_3": 7.592161309264171}, "datetime": {"datetime": "2024-07-12 22:27:23", "elapsed": 1752.006442, "delta": 8.843013}}
{"target": -207172.8576539717, "params": {"a_c_1": 11.358107552417206, "a_c_2": 5.830246335068431, "a_mm_0": -5.983850405799046, "a_mm_1": -15.152684968705135, "a_mm_2": -13.086871298253207, "a_mm_3": 5.708900588736512, "a_mp_0": -38.43892108764178, "a_mp_1": -16.45867307660456, "a_mp_2": -31.031147661378867, "a_mp_3": 9.206215640371738, "a_pm_0": -6.901456039971066, "a_pm_1": -9.767184734953918, "a_pm_2": 14.33407700862724, "a_pm_3": -35.6153548388606, "a_pp_1": -16.111236576867196, "a_pp_2": 13.223578325412362, "a_pp_3": -27.18930154733915}, "datetime": {"datetime": "2024-07-12 22:27:24", "elapsed": 1731.059742, "delta": 9.445953}}
