{"target": -282606.73166226264, "params": {"a_c_1": 3.1403129095547255, "a_c_2": 0.5147953492338975, "a_mm_0": -28.819124436227163, "a_mm_1": 18.985424447091077, "a_mm_2": -27.53362588843828, "a_mm_3": -32.15201982813273, "a_mp_0": -34.13156694482243, "a_mp_1": 3.456846207905272, "a_mp_2": 16.347317491967154, "a_mp_3": -27.08597292861304, "a_pm_0": 12.88355162893177, "a_pm_1": -32.36025517255433, "a_pm_2": -31.19984615830692, "a_pm_3": -5.558693267822832, "a_pp_1": -19.33215790381424, "a_pp_2": -39.92368466044481, "a_pp_3": 18.88625912205945}, "datetime": {"datetime": "2024-07-12 23:27:48", "elapsed": 5398.254925, "delta": 8.454437}}
{"target": -4428.916583735084, "params": {"a_c_1": 20.0, "a_c_2": 0.0, "a_mm_0": -40.0, "a_mm_1": 20.0, "a_mm_2": 3.6201469286037495, "a_mm_3": 20.0, "a_mp_0": 20.0, "a_mp_1": 20.0, "a_mp_2": 20.0, "a_mp_3": 20.0, "a_pm_0": 20.0, "a_pm_1": 20.0, "a_pm_2": 6.71864580730192, "a_pm_3": -21.668489051455126, "a_pp_1": 20.0, "a_pp_2": 20.0, "a_pp_3": 20.0}, "datetime": {"datetime": "2024-07-12 23:27:49", "elapsed": 5377.240039, "delta": 11.446862}}
{"target": -3089.8567453249375, "params": {"a_c_1": 0.0, "a_c_2": 10.0, "a_mm_0": 20.0, "a_mm_1": -40.0, "a_mm_2": 20.0, "a_mm_3": 20.0, "a_mp_0": -40.0, "a_mp_1": 20.0, "a_mp_2": 20.0, "a_mp_3": 20.0, "a_pm_0": 20.0, "a_pm_1": 20.0, "a_pm_2": -7.006328819011485, "a_pm_3": 20.0, "a_pp_1": -40.0, "a_pp_2": 20.0, "a_pp_3": 20.0}, "datetime": {"datetime": "2024-07-12 23:27:57", "elapsed": 5364.04918, "delta": 11.334022}}
{"target": -69279.88244484486, "params": {"a_c_1": 20.0, "a_c_2": 10.0, "a_mm_0": -40.0, "a_mm_1": 20.0, "a_mm_2": -18.28997355073651, "a_mm_3": 20.0, "a_mp_0": -40.0, "a_mp_1": -13.562237677612176, "a_mp_2": 20.0, "a_mp_3": 20.0, "a_pm_0": -40.0, "a_pm_1": -40.0, "a_pm_2": -40.0, "a_pm_3": 20.0, "a_pp_1": 20.0, "a_pp_2": 20.0, "a_pp_3": -17.477227376186498}, "datetime": {"datetime": "2024-07-12 23:27:57", "elapsed": 5428.931972, "delta": 10.888331}}
{"target": -12293.684646620757, "params": {"a_c_1": 0.0, "a_c_2": 10.0, "a_mm_0": 20.0, "a_mm_1": 20.0, "a_mm_2": 20.0, "a_mm_3": 20.0, "a_mp_0": 20.0, "a_mp_1": 20.0, "a_mp_2": 20.0, "a_mp_3": 20.0, "a_pm_0": 20.0, "a_pm_1": 20.0, "a_pm_2": -40.0, "a_pm_3": -20.456868625452582, "a_pp_1": 20.0, "a_pp_2": 20.0, "a_pp_3": 20.0}, "datetime": {"datetime": "2024-07-12 23:27:58", "elapsed": 5529.218802, "delta": 12.912092}}
{"target": -265882.8588628746, "params": {"a_c_1": 1.5470932897231782, "a_c_2": 0.2456786477889905, "a_mm_0": 6.695521467571709, "a_mm_1": -6.995731697315172, "a_mm_2": 0.32666166519256734, "a_mm_3": -22.4585677801528, "a_mp_0": -29.616610941101534, "a_mp_1": -21.206872677069853, "a_mp_2": 10.65270643303893, "a_mp_3": -4.762603536645727, "a_pm_0": -1.7816642425468885, "a_pm_1": -5.467059266306535, "a_pm_2": -6.641491630132805, "a_pm_3": -33.816088042859874, "a_pp_1": 16.625011768797364, "a_pp_2": 17.964970683023452, "a_pp_3": -31.62276231246036}, "datetime": {"datetime": "2024-07-12 23:27:58", "elapsed": 5408.161521, "delta": 9.906596}}
{"target": -112980.47895490681, "params": {"a_c_1": 10.002719427853126, "a_c_2": 1.481271529631194, "a_mm_0": -6.041312206709762, "a_mm_1": -26.486375158185893, "a_mm_2": -2.600588946591081, "a_mm_3": -27.83850870875718, "a_mp_0": 1.5366397230496673, "a_mp_1": -4.710436327837101, "a_mp_2": -39.528912504039326, "a_mp_3": 12.762302735256561, "a_pm_0": -2.747077899605472, "a_pm_1": 18.7895296642194, "a_pm_2": -7.647794968175006, "a_pm_3": -23.423727098982223, "a_pp_1": 19.38023981159205, "a_pp_2": 14.085106303749548, "a_pp_3": -19.012871039359148}, "datetime": {"datetime": "2024-07-12 23:28:01", "elapsed": 5389.45071, "delta": 12.210671}}
{"target": -1162.5349695526425, "params": {"a_c_1": 20.0, "a_c_2": 10.0, "a_mm_0": 20.0, "a_mm_1": 20.0, "a_mm_2": 20.0, "a_mm_3": 20.0, "a_mp_0": -40.0, "a_mp_1": 20.0, "a_mp_2": 20.0, "a_mp_3": 20.0, "a_pm_0": 20.0, "a_pm_1": 20.0, "a_pm_2": 20.0, "a_pm_3": 20.0, "a_pp_1": -40.0, "a_pp_2": 20.0, "a_pp_3": 20.0}, "datetime": {"datetime": "2024-07-12 23:28:07", "elapsed": 5374.405576, "delta": 10.356396}}
{"target": -330325.1981803913, "params": {"a_c_1": 0.36572545632563846, "a_c_2": 7.805667253126437, "a_mm_0": -5.182677223897365, "a_mm_1": -37.46474777667053, "a_mm_2": 13.33453349216829, "a_mm_3": -35.92430338532261, "a_mp_0": -5.456666293647743, "a_mp_1": -14.756422496777468, "a_mp_2": -17.218715321249583, "a_mp_3": -22.56591373943642, "a_pm_0": -26.960112589581588, "a_pm_1": 8.679942892778513, "a_pm_2": -20.17877079440097, "a_pm_3": -7.171094583194183, "a_pp_1": -37.082652723251265, "a_pp_2": -23.65751464748959, "a_pp_3": -23.169790120363537}, "datetime": {"datetime": "2024-07-12 23:28:08", "elapsed": 5440.130524, "delta": 11.198552}}
{"target": -65862.89837516808, "params": {"a_c_1": 0.5547614725921823, "a_c_2": 1.79233323890172, "a_mm_0": 10.10922527655616, "a_mm_1": -28.42760788574311, "a_mm_2": -11.41890328863472, "a_mm_3": -8.25491427433268, "a_mp_0": -4.293137283892854, "a_mp_1": 7.671690573110915, "a_mp_2": -11.099815317488375, "a_mp_3": -12.434180410038568, "a_pm_0": 17.52299556059507, "a_pm_1": -15.544338168956834, "a_pm_2": 12.274161601993441, "a_pm_3": -16.05882404109374, "a_pp_1": -19.5027623370409, "a_pp_2": -2.7006286229537295, "a_pp_3": 16.078042381247343}, "datetime": {"datetime": "2024-07-12 23:28:09", "elapsed": 5418.312057, "delta": 10.150536}}
{"target": -13446.307926814216, "params": {"a_c_1": 20.0, "a_c_2": 10.0, "a_mm_0": -40.0, "a_mm_1": -40.0, "a_mm_2": 20.0, "a_mm_3": 20.0, "a_mp_0": 20.0, "a_mp_1": 20.0, "a_mp_2": 20.0, "a_mp_3": 20.0, "a_pm_0": -40.0, "a_pm_1": -40.0, "a_pm_2": 20.0, "a_pm_3": 20.0, "a_pp_1": -40.0, "a_pp_2": 20.0, "a_pp_3": 20.0}, "datetime": {"datetime": "2024-07-12 23:28:09", "elapsed": 5540.122249, "delta": 10.903447}}
{"target": -94698.63643430542, "params": {"a_c_1": 7.852900675950247, "a_c_2": 3.567127868772576, "a_mm_0": -23.6913846505861, "a_mm_1": -11.417281701330513, "a_mm_2": 9.857403594317105, "a_mm_3": 13.168170249034922, "a_mp_0": -22.250104546910038, "a_mp_1": -30.27031082156613, "a_mp_2": -10.894982290742476, "a_mp_3": 0.23589843844877834, "a_pm_0": 8.257502626908483, "a_pm_1": 15.213037787851576, "a_pm_2": -36.58312949034753, "a_pm_3": -38.48301398599966, "a_pp_1": 4.0255238636972805, "a_pp_2": -2.3157932670028103, "a_pp_3": 10.353538384793573}, "datetime": {"datetime": "2024-07-12 23:28:10", "elapsed": 5398.614295, "delta": 9.163585}}
{"target": -139519.89939522126, "params": {"a_c_1": 14.748909632128465, "a_c_2": 3.8092235988972534, "a_mm_0": -7.866238724934426, "a_mm_1": -30.374692111381663, "a_mm_2": -13.269570666567262, "a_mm_3": 15.199857691520627, "a_mp_0": 7.425861262759035, "a_mp_1": -8.333151965845293, "a_mp_2": -23.378747252968022, "a_mp_3": 5.26156229058401, "a_pm_0": 0.6920125450740997, "a_pm_1": -13.94147044664965, "a_pm_2": -21.700947943800113, "a_pm_3": -3.5066292957950225, "a_pp_1": -35.480007613664945, "a_pp_2": -1.1448332442806048, "a_pp_3": 9.87188691757455}, "datetime": {"datetime": "2024-07-12 23:28:16", "elapsed": 5383.794149, "delta": 9.388573}}
{"target": -19569.647123064864, "params": {"a_c_1": 20.0, "a_c_2": 10.0, "a_mm_0": -6.524594293710627, "a_mm_1": 20.0, "a_mm_2": 20.0, "a_mm_3": 20.0, "a_mp_0": -40.0, "a_mp_1": -25.48324888855562, "a_mp_2": 20.0, "a_mp_3": 20.0, "a_pm_0": 20.0, "a_pm_1": -28.74101462133068, "a_pm_2": -40.0, "a_pm_3": -29.898664530453228, "a_pp_1": 20.0, "a_pp_2": 20.0, "a_pp_3": 20.0}, "datetime": {"datetime": "2024-07-12 23:28:19", "elapsed": 5451.073028, "delta": 10.942504}}
{"target": -20292.950801323575, "params": {"a_c_1": 0.0, "a_c_2": 10.0, "a_mm_0": 20.0, "a_mm_1": 20.0, "a_mm_2": -21.191628622917243, "a_mm_3": 5.4180722730789554, "a_mp_0": -40.0, "a_mp_1": 20.0, "a_mp_2": -30.57124812260839, "a_mp_3": 20.0, "a_pm_0": -40.0, "a_pm_1": -40.0, "a_pm_2": 20.0, "a_pm_3": 20.0, "a_pp_1": -40.0, "a_pp_2": 20.0, "a_pp_3": 20.0}, "datetime": {"datetime": "2024-07-12 23:28:21", "elapsed": 5552.105623, "delta": 11.983374}}
{"target": -12395.123273328258, "params": {"a_c_1": 20.0, "a_c_2": 10.0, "a_mm_0": -40.0, "a_mm_1": -40.0, "a_mm_2": 20.0, "a_mm_3": -17.835515305834512, "a_mp_0": 20.0, "a_mp_1": -40.0, "a_mp_2": 20.0, "a_mp_3": 20.0, "a_pm_0": -40.0, "a_pm_1": -16.570857797905695, "a_pm_2": 20.0, "a_pm_3": 20.0, "a_pp_1": 3.245705161365433, "a_pp_2": 20.0, "a_pp_3": 20.0}, "datetime": {"datetime": "2024-07-12 23:28:22", "elapsed": 5432.032845, "delta": 13.720788}}
{"target": -18826.815651950044, "params": {"a_c_1": 20.0, "a_c_2": 0.0, "a_mm_0": -40.0, "a_mm_1": 20.0, "a_mm_2": 20.0, "a_mm_3": 20.0, "a_mp_0": -40.0, "a_mp_1": -40.0, "a_mp_2": 20.0, "a_mp_3": -14.164333391427322, "a_pm_0": 20.0, "a_pm_1": 20.0, "a_pm_2": -40.0, "a_pm_3": 20.0, "a_pp_1": 20.0, "a_pp_2": 20.0, "a_pp_3": 20.0}, "datetime": {"datetime": "2024-07-12 23:28:23", "elapsed": 5411.105335, "delta": 12.49104}}
{"target": -11390.279050492089, "params": {"a_c_1": 20.0, "a_c_2": 10.0, "a_mm_0": -40.0, "a_mm_1": 20.0, "a_mm_2": 20.0, "a_mm_3": 20.0, "a_mp_0": -40.0, "a_mp_1": -12.812990372069763, "a_mp_2": 20.0, "a_mp_3": -30.863830454166028, "a_pm_0": -40.0, "a_pm_1": 20.0, "a_pm_2": 7.333764246331248, "a_pm_3": 20.0, "a_pp_1": -40.0, "a_pp_2": 6.832367215012978, "a_pp_3": 20.0}, "datetime": {"datetime": "2024-07-12 23:28:30", "elapsed": 5461.750485, "delta": 10.677457}}
{"target": -3167.9176936908225, "params": {"a_c_1": 20.0, "a_c_2": 10.0, "a_mm_0": 20.0, "a_mm_1": 20.0, "a_mm_2": 20.0, "a_mm_3": 20.0, "a_mp_0": 20.0, "a_mp_1": -40.0, "a_mp_2": 20.0, "a_mp_3": 20.0, "a_pm_0": -40.0, "a_pm_1": 20.0, "a_pm_2": -30.286277372482477, "a_pm_3": 20.0, "a_pp_1": 20.0, "a_pp_2": 20.0, "a_pp_3": 20.0}, "datetime": {"datetime": "2024-07-12 23:28:31", "elapsed": 5398.013676, "delta": 14.219527}}
{"target": -14235.22331125821, "params": {"a_c_1": 0.0, "a_c_2": 10.0, "a_mm_0": -40.0, "a_mm_1": -40.0, "a_mm_2": 20.0, "a_mm_3": 20.0, "a_mp_0": -40.0, "a_mp_1": 20.0, "a_mp_2": -40.0, "a_mp_3": 20.0, "a_pm_0": 20.0, "a_pm_1": 20.0, "a_pm_2": -12.741789099388342, "a_pm_3": 20.0, "a_pp_1": 20.0, "a_pp_2": 20.0, "a_pp_3": 20.0}, "datetime": {"datetime": "2024-07-12 23:28:34", "elapsed": 5565.244639, "delta": 13.139016}}
{"target": -7652.537849552193, "params": {"a_c_1": 20.0, "a_c_2": 10.0, "a_mm_0": 5.1208891731886235, "a_mm_1": -40.0, "a_mm_2": 20.0, "a_mm_3": 20.0, "a_mp_0": -6.770514285107103, "a_mp_1": -16.070190291593853, "a_mp_2": -12.141675350824329, "a_mp_3": -9.351492885115164, "a_pm_0": 20.0, "a_pm_1": -13.646201113793127, "a_pm_2": 3.481744202663962, "a_pm_3": -9.768670483491949, "a_pp_1": 20.0, "a_pp_2": 20.0, "a_pp_3": 20.0}, "datetime": {"datetime": "2024-07-12 23:28:35", "elapsed": 5444.446382, "delta": 12.413537}}
{"target": -6422.732427073512, "params": {"a_c_1": 0.0, "a_c_2": 10.0, "a_mm_0": -40.0, "a_mm_1": 20.0, "a_mm_2": 14.347559413818365, "a_mm_3": 20.0, "a_mp_0": -40.0, "a_mp_1": -7.363067099743791, "a_mp_2": 20.0, "a_mp_3": 20.0, "a_pm_0": 20.0, "a_pm_1": -13.226862806474779, "a_pm_2": -27.895890445327126, "a_pm_3": -27.78799209713988, "a_pp_1": 20.0, "a_pp_2": 20.0, "a_pp_3": 20.0}, "datetime": {"datetime": "2024-07-12 23:28:36", "elapsed": 5424.651442, "delta": 13.546107}}
{"target": -16787.358234928775, "params": {"a_c_1": 20.0, "a_c_2": 10.0, "a_mm_0": -21.751037767892033, "a_mm_1": 20.0, "a_mm_2": 2.855432496479444, "a_mm_3": 20.0, "a_mp_0": -40.0, "a_mp_1": -12.236805040192648, "a_mp_2": 20.0, "a_mp_3": -15.679340928244253, "a_pm_0": -40.0, "a_pm_1": -27.21448941498759, "a_pm_2": 20.0, "a_pm_3": 20.0, "a_pp_1": 20.0, "a_pp_2": -16.503460888553526, "a_pp_3": 20.0}, "datetime": {"datetime": "2024-07-12 23:28:40", "elapsed": 5472.287018, "delta": 10.536533}}
{"target": -15242.919563425507, "params": {"a_c_1": 6.663011867650477, "a_c_2": 8.168649348939455, "a_mm_0": -0.3752624079856446, "a_mm_1": 12.121654656905811, "a_mm_2": -12.086790973825842, "a_mm_3": -11.747185274162685, "a_mp_0": -17.244902337056068, "a_mp_1": -28.013420774080977, "a_mp_2": 16.836434451572316, "a_mp_3": 10.74937067674535, "a_pm_0": 2.017753172430325, "a_pm_1": -17.893779384535414, "a_pm_2": -11.341423689623884, "a_pm_3": -9.06823352134763, "a_pp_1": -1.4859271615564822, "a_pp_2": 16.97925855113241, "a_pp_3": -3.308401291141145}, "datetime": {"datetime": "2024-07-12 23:28:42", "elapsed": 5409.304783, "delta": 11.291107}}
{"target": -97876.47928629193, "params": {"a_c_1": 7.524365554518695, "a_c_2": 2.197006863153934, "a_mm_0": -0.5318050101752334, "a_mm_1": -36.45126968369384, "a_mm_2": 13.333978051809503, "a_mm_3": -27.643765351864, "a_mp_0": -35.36545394820458, "a_mp_1": -30.27334323231112, "a_mp_2": -14.971437208958463, "a_mp_3": -26.109224709268236, "a_pm_0": -37.66431478393303, "a_pm_1": 15.351924293952784, "a_pm_2": 2.559956962414063, "a_pm_3": -2.106657979984085, "a_pp_1": 11.562546824651307, "a_pp_2": 14.031686058196655, "a_pp_3": 6.356832668901497}, "datetime": {"datetime": "2024-07-12 23:28:44", "elapsed": 5574.829803, "delta": 9.585164}}
{"target": -148730.044206148, "params": {"a_c_1": 3.197946979635755, "a_c_2": 8.689755215635463, "a_mm_0": -37.836087826339345, "a_mm_1": -1.1099267153630734, "a_mm_2": -37.32398606184333, "a_mm_3": -6.426420411655556, "a_mp_0": -18.845777454246953, "a_mp_1": 10.371008168761087, "a_mp_2": -15.164981900888101, "a_mp_3": -4.984076291512288, "a_pm_0": 12.410419621804579, "a_pm_1": -38.05275118874189, "a_pm_2": -4.606516844209061, "a_pm_3": -22.0877337596265, "a_pp_1": -36.17601453083023, "a_pp_2": 19.439805910681194, "a_pp_3": -13.148164569992488}, "datetime": {"datetime": "2024-07-12 23:28:47", "elapsed": 5435.214505, "delta": 10.563063}}
{"target": -69024.17183315216, "params": {"a_c_1": 0.0, "a_c_2": 10.0, "a_mm_0": 20.0, "a_mm_1": 20.0, "a_mm_2": -40.0, "a_mm_3": 20.0, "a_mp_0": 20.0, "a_mp_1": 20.0, "a_mp_2": -40.0, "a_mp_3": 20.0, "a_pm_0": 20.0, "a_pm_1": 20.0, "a_pm_2": 20.0, "a_pm_3": -40.0, "a_pp_1": -40.0, "a_pp_2": 20.0, "a_pp_3": 20.0}, "datetime": {"datetime": "2024-07-12 23:28:47", "elapsed": 5456.659265, "delta": 12.212883}}
{"target": -6092.337263243597, "params": {"a_c_1": 20.0, "a_c_2": 10.0, "a_mm_0": 20.0, "a_mm_1": 20.0, "a_mm_2": 20.0, "a_mm_3": 20.0, "a_mp_0": 20.0, "a_mp_1": -40.0, "a_mp_2": 20.0, "a_mp_3": 20.0, "a_pm_0": -40.0, "a_pm_1": -40.0, "a_pm_2": -40.0, "a_pm_3": 20.0, "a_pp_1": 20.0, "a_pp_2": 20.0, "a_pp_3": 20.0}, "datetime": {"datetime": "2024-07-12 23:28:52", "elapsed": 5483.723247, "delta": 11.436229}}
{"target": -39293.27192015216, "params": {"a_c_1": 0.49295523640253247, "a_c_2": 1.82582257216661, "a_mm_0": -25.045392179962427, "a_mm_1": -5.654917750910819, "a_mm_2": -5.659223328406092, "a_mm_3": 8.153576383279855, "a_mp_0": 0.9480911747125873, "a_mp_1": -24.920386271417687, "a_mp_2": -28.66144223176949, "a_mp_3": -3.6397168109379123, "a_pm_0": -15.910762924273424, "a_pm_1": 8.023835824827536, "a_pm_2": 12.45247309471462, "a_pm_3": -20.70201584385555, "a_pp_1": 19.556723470563995, "a_pp_2": -8.807221466287228, "a_pp_3": 5.653581923405312}, "datetime": {"datetime": "2024-07-12 23:28:53", "elapsed": 5420.128915, "delta": 10.824132}}
{"target": -4555.287899457601, "params": {"a_c_1": 0.0, "a_c_2": 10.0, "a_mm_0": -40.0, "a_mm_1": 20.0, "a_mm_2": -9.057378036252727, "a_mm_3": 20.0, "a_mp_0": -40.0, "a_mp_1": -15.019693815597915, "a_mp_2": -8.154322633352365, "a_mp_3": -0.0027305300597813905, "a_pm_0": -9.826391808098489, "a_pm_1": 20.0, "a_pm_2": 20.0, "a_pm_3": 2.492021749267284, "a_pp_1": -8.976810080596511, "a_pp_2": 20.0, "a_pp_3": -4.9572489346307105}, "datetime": {"datetime": "2024-07-12 23:28:54", "elapsed": 5585.402668, "delta": 10.572865}}
{"target": -269835.71511117887, "params": {"a_c_1": 11.131276875285625, "a_c_2": 2.2354951113391905, "a_mm_0": -26.26991344069435, "a_mm_1": -3.2262465256964177, "a_mm_2": -37.092371499451744, "a_mm_3": -7.546543640231235, "a_mp_0": -36.349331734386716, "a_mp_1": -29.76869179445167, "a_mp_2": -2.3228663445036446, "a_mp_3": -22.213031271311834, "a_pm_0": -25.04100860409904, "a_pm_1": 16.801574577311797, "a_pm_2": -38.848383187570555, "a_pm_3": 5.079530991367086, "a_pp_1": 12.944546845155486, "a_pp_2": -7.564815549785337, "a_pp_3": -14.402703200816685}, "datetime": {"datetime": "2024-07-12 23:28:57", "elapsed": 5466.674965, "delta": 10.0157}}
{"target": -5330.579693169327, "params": {"a_c_1": 0.0, "a_c_2": 10.0, "a_mm_0": -40.0, "a_mm_1": 20.0, "a_mm_2": -20.920218828270993, "a_mm_3": 20.0, "a_mp_0": -2.0377364180342714, "a_mp_1": 20.0, "a_mp_2": -20.12258198554934, "a_mp_3": 20.0, "a_pm_0": 20.0, "a_pm_1": -40.0, "a_pm_2": 20.0, "a_pm_3": 20.0, "a_pp_1": -40.0, "a_pp_2": 20.0, "a_pp_3": 20.0}, "datetime": {"datetime": "2024-07-12 23:29:00", "elapsed": 5448.751423, "delta": 13.536918}}
{"target": -99870.64860396866, "params": {"a_c_1": 17.602128297734794, "a_c_2": 3.019328982840329, "a_mm_0": -39.4382698885975, "a_mm_1": 16.683045580781624, "a_mm_2": -6.4339208351133905, "a_mm_3": -27.788320344268218, "a_mp_0": -22.843407851777847, "a_mp_1": -21.09372455718103, "a_mp_2": -16.532018593298574, "a_mp_3": -23.090819979013354, "a_pm_0": 9.74223365824934, "a_pm_1": -12.244903523978234, "a_pm_2": 6.567415233353529, "a_pm_3": -15.440420403042385, "a_pp_1": -3.1707577958433717, "a_pp_2": 0.8504560357060384, "a_pp_3": 12.21177311303046}, "datetime": {"datetime": "2024-07-12 23:29:01", "elapsed": 5493.021974, "delta": 9.298727}}
{"target": -174571.58682726425, "params": {"a_c_1": 12.724881125572502, "a_c_2": 4.9303051978398855, "a_mm_0": -13.563029438693938, "a_mm_1": -38.52345860595423, "a_mm_2": -16.062335419006374, "a_mm_3": -17.809238127238753, "a_mp_0": 10.503954014628121, "a_mp_1": -1.7206354846790504, "a_mp_2": -3.1366916890864687, "a_mp_3": -8.88375862216214, "a_pm_0": -15.476510212749812, "a_pm_1": -1.2777099090456971, "a_pm_2": 10.68021258734683, "a_pm_3": -8.405389827563106, "a_pp_1": 17.111007290952138, "a_pp_2": -31.922777166175756, "a_pp_3": -13.730439276591245}, "datetime": {"datetime": "2024-07-12 23:29:01", "elapsed": 5428.642676, "delta": 8.513761}}
{"target": -7198.234386682778, "params": {"a_c_1": 0.0, "a_c_2": 10.0, "a_mm_0": -40.0, "a_mm_1": 20.0, "a_mm_2": -16.5140280200862, "a_mm_3": 20.0, "a_mp_0": -40.0, "a_mp_1": 20.0, "a_mp_2": -14.39044880824706, "a_mp_3": 5.87559488058867, "a_pm_0": 20.0, "a_pm_1": -40.0, "a_pm_2": 20.0, "a_pm_3": 20.0, "a_pp_1": -40.0, "a_pp_2": 20.0, "a_pp_3": 20.0}, "datetime": {"datetime": "2024-07-12 23:29:06", "elapsed": 5597.53538, "delta": 12.132712}}
{"target": -15106.253525550379, "params": {"a_c_1": 0.0, "a_c_2": 10.0, "a_mm_0": -40.0, "a_mm_1": 20.0, "a_mm_2": 13.464473290037752, "a_mm_3": -20.841830378925987, "a_mp_0": 20.0, "a_mp_1": 20.0, "a_mp_2": 20.0, "a_mp_3": 20.0, "a_pm_0": 20.0, "a_pm_1": 20.0, "a_pm_2": -40.0, "a_pm_3": -25.744801629667354, "a_pp_1": 20.0, "a_pp_2": 20.0, "a_pp_3": 20.0}, "datetime": {"datetime": "2024-07-12 23:29:11", "elapsed": 5459.447698, "delta": 10.696275}}
{"target": -26293.775888545617, "params": {"a_c_1": 0.0, "a_c_2": 0.0, "a_mm_0": 20.0, "a_mm_1": 20.0, "a_mm_2": 20.0, "a_mm_3": 20.0, "a_mp_0": -40.0, "a_mp_1": 20.0, "a_mp_2": -40.0, "a_mp_3": 20.0, "a_pm_0": -40.0, "a_pm_1": 20.0, "a_pm_2": 20.0, "a_pm_3": 20.0, "a_pp_1": 20.0, "a_pp_2": 3.751165156251643, "a_pp_3": 20.0}, "datetime": {"datetime": "2024-07-12 23:29:11", "elapsed": 5438.813832, "delta": 10.171156}}
{"target": -5395.118969191291, "params": {"a_c_1": 20.0, "a_c_2": 10.0, "a_mm_0": -40.0, "a_mm_1": -40.0, "a_mm_2": -26.040380553564518, "a_mm_3": 20.0, "a_mp_0": -40.0, "a_mp_1": 20.0, "a_mp_2": 20.0, "a_mp_3": 20.0, "a_pm_0": -40.0, "a_pm_1": 20.0, "a_pm_2": 20.0, "a_pm_3": 20.0, "a_pp_1": 20.0, "a_pp_2": 20.0, "a_pp_3": 20.0}, "datetime": {"datetime": "2024-07-12 23:29:11", "elapsed": 5481.251025, "delta": 14.57606}}
{"target": -4355.865923223913, "params": {"a_c_1": 0.0, "a_c_2": 10.0, "a_mm_0": 20.0, "a_mm_1": 20.0, "a_mm_2": 20.0, "a_mm_3": 20.0, "a_mp_0": 20.0, "a_mp_1": -40.0, "a_mp_2": 20.0, "a_mp_3": 20.0, "a_pm_0": -17.88462111914224, "a_pm_1": -40.0, "a_pm_2": 20.0, "a_pm_3": 20.0, "a_pp_1": 20.0, "a_pp_2": 20.0, "a_pp_3": 20.0}, "datetime": {"datetime": "2024-07-12 23:29:16", "elapsed": 5507.95159, "delta": 14.929616}}
{"target": -142934.64620469467, "params": {"a_c_1": 2.978231869945447, "a_c_2": 7.958001414473335, "a_mm_0": 1.339575904159588, "a_mm_1": -34.9829661600027, "a_mm_2": -15.887528004919822, "a_mm_3": -2.182623239855438, "a_mp_0": 8.3775752114949, "a_mp_1": 1.4601980625636912, "a_mp_2": 7.6988394873261115, "a_mp_3": 6.4947089245383935, "a_pm_0": 14.687070087302175, "a_pm_1": 5.630361067395029, "a_pm_2": -19.453037234613763, "a_pm_3": -5.315021443098644, "a_pp_1": -21.132392642000053, "a_pp_2": -6.29538126245275, "a_pp_3": -28.75373112663432}, "datetime": {"datetime": "2024-07-12 23:29:20", "elapsed": 5468.719043, "delta": 9.271345}}
{"target": -284370.78576016513, "params": {"a_c_1": 15.02291685152808, "a_c_2": 1.8953234254881623, "a_mm_0": -38.553661272983085, "a_mm_1": -3.0726903301629704, "a_mm_2": -3.86455664078688, "a_mm_3": -27.660220585270352, "a_mp_0": -0.21806597737921862, "a_mp_1": -4.14919465602587, "a_mp_2": -34.006649807932504, "a_mp_3": 6.708449628796991, "a_pm_0": -6.4181533244970055, "a_pm_1": -12.034313803888011, "a_pm_2": -6.13825933676079, "a_pm_3": -12.738921894659736, "a_pp_1": -27.738324330782255, "a_pp_2": -33.03828592232156, "a_pp_3": -25.26527499895986}, "datetime": {"datetime": "2024-07-12 23:29:21", "elapsed": 5490.631348, "delta": 9.380323}}
{"target": -5310.018875114587, "params": {"a_c_1": 20.0, "a_c_2": 10.0, "a_mm_0": 20.0, "a_mm_1": 20.0, "a_mm_2": -40.0, "a_mm_3": 20.0, "a_mp_0": -40.0, "a_mp_1": 20.0, "a_mp_2": 20.0, "a_mp_3": 20.0, "a_pm_0": 20.0, "a_pm_1": 20.0, "a_pm_2": 20.0, "a_pm_3": 20.0, "a_pp_1": -40.0, "a_pp_2": 20.0, "a_pp_3": 20.0}, "datetime": {"datetime": "2024-07-12 23:29:21", "elapsed": 5612.342002, "delta": 14.806622}}
