{"target": -106497.289515108, "params": {"a_c_1": 8.851193107467907, "a_c_2": 8.506044650763037, "a_mm_0": 16.01823828788971, "a_mm_1": -32.008713858902446, "a_mm_2": -35.85416195076028, "a_mm_3": 10.082153301551465, "a_mp_0": 10.65432355706956, "a_mp_1": 14.892939374956597, "a_mp_2": 7.428927437557782, "a_mp_3": 10.18259637079175, "a_pm_0": 9.064863461202393, "a_pm_1": -37.61143179250953, "a_pm_2": -29.43428918098092, "a_pm_3": -37.38508493236314, "a_pp_1": -39.94559978708266, "a_pp_2": 18.595820391550014, "a_pp_3": 19.96184237810784}, "datetime": {"datetime": "2024-07-12 22:02:39", "elapsed": 267.21471, "delta": 9.690474}}
{"target": -321898.02256528917, "params": {"a_c_1": 8.132346519356483, "a_c_2": 0.3602349506840796, "a_mm_0": -27.5326691685496, "a_mm_1": -28.63613790195917, "a_mm_2": 10.394049302992258, "a_mm_3": 4.576503397137984, "a_mp_0": -25.319426764345067, "a_mp_1": -4.829914302808049, "a_mp_2": -10.324071259791094, "a_mp_3": -34.53029855196634, "a_pm_0": -18.530945590697097, "a_pm_1": 5.042059189297852, "a_pm_2": -32.273947884031564, "a_pm_3": -25.605959182121335, "a_pp_1": -18.614533492326466, "a_pp_2": -39.75869305553703, "a_pp_3": 6.40721107852341}, "datetime": {"datetime": "2024-07-12 22:02:40", "elapsed": 247.446068, "delta": 8.641516}}
{"target": -200078.1226022528, "params": {"a_c_1": 5.114903876118624, "a_c_2": 8.026895196332987, "a_mm_0": -11.32827973406673, "a_mm_1": -31.939683480658232, "a_mm_2": 15.670939569500646, "a_mm_3": 13.758198020398908, "a_mp_0": -10.50729099898388, "a_mp_1": 11.40214979106753, "a_mp_2": -14.885318454154081, "a_mp_3": 1.0078940099780667, "a_pm_0": -16.120561635524652, "a_pm_1": -9.655478952951377, "a_pm_2": -28.626897829964363, "a_pm_3": 17.89933544665483, "a_pp_1": -22.34705870534472, "a_pp_2": -33.79242663301592, "a_pp_3": -31.341075986257113}, "datetime": {"datetime": "2024-07-12 22:02:44", "elapsed": 415.133557, "delta": 11.028227}}
{"target": -160029.54883979497, "params": {"a_c_1": 14.186800369438417, "a_c_2": 6.781250498734609, "a_mm_0": -10.726713828588178, "a_mm_1": -31.412072284290407, "a_mm_2": 17.578314357250882, "a_mm_3": -26.792605488211432, "a_mp_0": 18.76306069082743, "a_mp_1": -32.3545750941556, "a_mp_2": 18.820138047059594, "a_mp_3": -17.433031971447257, "a_pm_0": 8.656196653842699, "a_pm_1": -39.562472642058516, "a_pm_2": -13.299952453896957, "a_pm_3": -25.063493637411387, "a_pp_1": 1.6715121286921573, "a_pp_2": -0.21839506008220155, "a_pp_3": -12.284904995986643}, "datetime": {"datetime": "2024-07-12 22:02:45", "elapsed": 295.097208, "delta": 10.663525}}
{"target": -280173.44451415405, "params": {"a_c_1": 11.110605640138708, "a_c_2": 1.4798558009975349, "a_mm_0": -31.82954492286578, "a_mm_1": 14.690367187370384, "a_mm_2": 15.06448069073025, "a_mm_3": -4.914259974012019, "a_mp_0": 3.3384683366214176, "a_mp_1": -4.023325236722606, "a_mp_2": 2.776778912883998, "a_mp_3": 18.69928614877181, "a_pm_0": -13.91153488344547, "a_pm_1": -35.367551667282434, "a_pm_2": -35.32543166165836, "a_pm_3": -0.7517878677856018, "a_pp_1": -36.46688953188957, "a_pp_2": -33.51933826803508, "a_pp_3": 12.983634006859276}, "datetime": {"datetime": "2024-07-12 22:02:47", "elapsed": 275.614641, "delta": 8.399931}}
{"target": -215777.86868003558, "params": {"a_c_1": 19.83342254498509, "a_c_2": 4.63212961838625, "a_mm_0": -33.42352753316709, "a_mm_1": -32.70408939799238, "a_mm_2": 4.788296427421329, "a_mm_3": -5.27513773176851, "a_mp_0": -26.991430633542585, "a_mp_1": -7.144246090166888, "a_mp_2": -8.211767276675804, "a_mp_3": 11.46658001424725, "a_pm_0": -36.81542534123541, "a_pm_1": -33.216918784630835, "a_pm_2": -13.443934245218514, "a_pm_3": -31.634974404630352, "a_pp_1": 19.324546632625868, "a_pp_2": -28.104845514854443, "a_pp_3": -2.822020632764726}, "datetime": {"datetime": "2024-07-12 22:02:49", "elapsed": 320.919188, "delta": 11.520418}}
{"target": -59806.49771919009, "params": {"a_c_1": 7.9018365961738946, "a_c_2": 6.386667019464843, "a_mm_0": -8.437943247635172, "a_mm_1": 6.762073897608957, "a_mm_2": -0.4692889723711673, "a_mm_3": -16.074572600390418, "a_mp_0": -32.58030264900827, "a_mp_1": -14.559630018227939, "a_mp_2": -39.682740998955744, "a_mp_3": -35.31004549176646, "a_pm_0": 9.788504171836578, "a_pm_1": -8.993850033339154, "a_pm_2": 7.336693747401739, "a_pm_3": 4.34665434598876, "a_pp_1": -8.332038538620498, "a_pp_2": 3.637728557106257, "a_pp_3": 16.629374750670742}, "datetime": {"datetime": "2024-07-12 22:02:52", "elapsed": 259.372278, "delta": 11.92621}}
{"target": -121560.5446396637, "params": {"a_c_1": 0.2818458838488591, "a_c_2": 7.159456994623945, "a_mm_0": -6.130100785547555, "a_mm_1": 7.674701071085131, "a_mm_2": -9.575204602951814, "a_mm_3": 7.509262370249232, "a_mp_0": 1.7458528563103641, "a_mp_1": 6.670908611550523, "a_mp_2": -15.611027861374822, "a_mp_3": -1.1337620087511269, "a_pm_0": -29.212342138421537, "a_pm_1": -20.690802196725762, "a_pm_2": -29.64372279281245, "a_pm_3": -15.481766499204255, "a_pp_1": -25.51487512206407, "a_pp_2": -15.584680352238525, "a_pp_3": 18.513340546238723}, "datetime": {"datetime": "2024-07-12 22:02:54", "elapsed": 424.651312, "delta": 9.517755}}
{"target": -95788.75783003442, "params": {"a_c_1": 14.132717254996702, "a_c_2": 9.782616140438531, "a_mm_0": -34.40514525532343, "a_mm_1": -6.239436564927715, "a_mm_2": 0.5576629979003798, "a_mm_3": -2.006885188111589, "a_mp_0": -24.264861579383812, "a_mp_1": 12.497227678837021, "a_mp_2": -25.268130494555525, "a_mp_3": 10.697692747426345, "a_pm_0": -11.756283063885157, "a_pm_1": -31.414448779327188, "a_pm_2": 9.447776289557957, "a_pm_3": -35.30906193420782, "a_pp_1": 7.699377736805218, "a_pp_2": -3.999266940519199, "a_pp_3": 12.59957006301341}, "datetime": {"datetime": "2024-07-12 22:02:54", "elapsed": 304.201796, "delta": 9.104588}}
{"target": -122946.2134749243, "params": {"a_c_1": 18.76008094058418, "a_c_2": 1.1353719257244288, "a_mm_0": -26.744268578852125, "a_mm_1": 19.44006878419887, "a_mm_2": 15.179012862759727, "a_mm_3": -2.3083943960659354, "a_mp_0": -11.562154927262448, "a_mp_1": 7.3911472324629415, "a_mp_2": -10.733803218493424, "a_mp_3": 18.540187943497855, "a_pm_0": 6.095731584581905, "a_pm_1": -1.7769355663083104, "a_pm_2": -33.27527117952168, "a_pm_3": 3.223686532095556, "a_pp_1": -32.9519405866384, "a_pp_2": -31.221303537535235, "a_pp_3": 11.74826733865983}, "datetime": {"datetime": "2024-07-12 22:02:58", "elapsed": 286.371537, "delta": 10.756896}}
{"target": -151404.52607040954, "params": {"a_c_1": 8.873139680117143, "a_c_2": 7.816743571026431, "a_mm_0": -36.8422258898919, "a_mm_1": -20.536296158993196, "a_mm_2": -11.813643035493907, "a_mm_3": -33.18196451827111, "a_mp_0": -1.5293614341794637, "a_mp_1": -7.947120599321188, "a_mp_2": 9.608516620976374, "a_mp_3": -13.46289667126419, "a_pm_0": -22.29875181447564, "a_pm_1": -21.04647131890548, "a_pm_2": -25.860998192906848, "a_pm_3": 15.979116246794618, "a_pp_1": 7.92275742817224, "a_pp_2": -19.392503331749676, "a_pp_3": -13.009967488749496}, "datetime": {"datetime": "2024-07-12 22:02:58", "elapsed": 330.425703, "delta": 9.506515}}
{"target": -54450.788498075235, "params": {"a_c_1": 18.96852182461153, "a_c_2": 2.544314544142922, "a_mm_0": 14.503032783340359, "a_mm_1": -11.738457252175664, "a_mm_2": -27.49700116042031, "a_mm_3": -15.391137964324052, "a_mp_0": -4.964133008752491, "a_mp_1": 13.339961326520452, "a_mp_2": 14.202454053585924, "a_mp_3": -6.4134774855079115, "a_pm_0": 8.429689237533786, "a_pm_1": -8.253078424224807, "a_pm_2": -34.295376153973734, "a_pm_3": -13.855680965787066, "a_pp_1": 1.9499822404021927, "a_pp_2": 5.272859138270036, "a_pp_3": 0.6712114615135931}, "datetime": {"datetime": "2024-07-12 22:03:01", "elapsed": 268.846507, "delta": 9.474229}}
{"target": -491287.33990120824, "params": {"a_c_1": 16.064090341370182, "a_c_2": 4.019707513207054, "a_mm_0": -31.888470811208954, "a_mm_1": -24.028510192231316, "a_mm_2": -39.92064794466004, "a_mm_3": -0.7958051190444593, "a_mp_0": -34.86925592317037, "a_mp_1": -29.24268538159373, "a_mp_2": -25.301408345046283, "a_mp_3": -15.633851056173153, "a_pm_0": 1.2079968775436427, "a_pm_1": -13.331946132016252, "a_pm_2": -9.773766048383557, "a_pm_3": -34.407532163405754, "a_pp_1": -19.70935593380129, "a_pp_2": -27.59988731444171, "a_pp_3": 4.348252915011386}, "datetime": {"datetime": "2024-07-12 22:03:04", "elapsed": 313.354021, "delta": 9.152225}}
{"target": -56825.669880319896, "params": {"a_c_1": 6.406386516440625, "a_c_2": 9.824909449748953, "a_mm_0": -1.8216324486409832, "a_mm_1": -17.494538896365338, "a_mm_2": 11.449069945015793, "a_mm_3": -2.824795637885572, "a_mp_0": -24.87801519214964, "a_mp_1": 7.571340678613254, "a_mp_2": -14.023689475950217, "a_mp_3": -18.549329960173516, "a_pm_0": -20.183383808495144, "a_pm_1": 1.8421325367883625, "a_pm_2": -23.880992565626407, "a_pm_3": 8.496680822322809, "a_pp_1": -22.28267233600913, "a_pp_2": -7.352716984878569, "a_pp_3": -10.724710491687858}, "datetime": {"datetime": "2024-07-12 22:03:04", "elapsed": 435.092089, "delta": 10.440777}}
{"target": -264548.0654191697, "params": {"a_c_1": 2.0221999675330005, "a_c_2": 5.893796444635342, "a_mm_0": 3.73438850785886, "a_mm_1": -26.322832303040602, "a_mm_2": -13.47907989097671, "a_mm_3": 0.49085606272434745, "a_mp_0": -13.441389164318178, "a_mp_1": -6.967273551110814, "a_mp_2": -28.30904461056709, "a_mp_3": 7.699890861790628, "a_pm_0": -33.423240014346085, "a_pm_1": -11.757116909450566, "a_pm_2": -22.53303289321263, "a_pm_3": -33.67660815136939, "a_pp_1": 11.332578793829306, "a_pp_2": -27.9882193724696, "a_pp_3": -11.843933025865233}, "datetime": {"datetime": "2024-07-12 22:03:06", "elapsed": 338.275152, "delta": 7.849449}}
{"target": -260925.5128916682, "params": {"a_c_1": 11.467454094319402, "a_c_2": 5.629786381710794, "a_mm_0": 1.9056807350583327, "a_mm_1": 10.719282528677866, "a_mm_2": 16.80617183001769, "a_mm_3": -36.12266211365153, "a_mp_0": -37.58812944767841, "a_mp_1": -35.34644986107933, "a_mp_2": 18.679770557964154, "a_mp_3": -7.95459356060006, "a_pm_0": -17.466104851689536, "a_pm_1": -3.444187119613133, "a_pm_2": -32.72436785254427, "a_pm_3": -16.67261988933828, "a_pp_1": -22.235748370264943, "a_pp_2": 0.48968177072769237, "a_pp_3": -30.605639805312777}, "datetime": {"datetime": "2024-07-12 22:03:07", "elapsed": 295.135366, "delta": 8.763829}}
{"target": -191163.2761637313, "params": {"a_c_1": 0.04209697402921986, "a_c_2": 6.823374728362214, "a_mm_0": 18.8012748889009, "a_mm_1": -27.21976829599828, "a_mm_2": 2.793019376507658, "a_mm_3": -28.138652968069668, "a_mp_0": 5.989357371088708, "a_mp_1": 16.147817369552882, "a_mp_2": -27.507930023652907, "a_mp_3": 9.760437277362499, "a_pm_0": -22.044781879048806, "a_pm_1": 12.842299975538182, "a_pm_2": -38.093506751202746, "a_pm_3": 5.313842586080966, "a_pp_1": -27.078292023884504, "a_pp_2": -17.986783381477434, "a_pp_3": -30.537463134278845}, "datetime": {"datetime": "2024-07-12 22:03:10", "elapsed": 277.937188, "delta": 9.090681}}
{"target": -94785.14420032331, "params": {"a_c_1": 12.255178536663202, "a_c_2": 2.6961220601569122, "a_mm_0": -11.220181728232347, "a_mm_1": -8.171868734257494, "a_mm_2": -13.310987701668921, "a_mm_3": -18.21048078521872, "a_mp_0": -24.638715013165555, "a_mp_1": 14.370402689201988, "a_mp_2": -9.43119386452097, "a_mp_3": 2.080516531220141, "a_pm_0": -7.959124867298655, "a_pm_1": -22.836263104697114, "a_pm_2": -11.281316325591458, "a_pm_3": 9.392833438459348, "a_pp_1": 12.559576101984128, "a_pp_2": 16.447724693750956, "a_pp_3": -27.04502843142451}, "datetime": {"datetime": "2024-07-12 22:03:15", "elapsed": 346.978121, "delta": 8.702969}}
{"target": -160949.65052019406, "params": {"a_c_1": 0.35305229346199507, "a_c_2": 6.167959417168383, "a_mm_0": 1.873215540178471, "a_mm_1": -9.721418972701002, "a_mm_2": -37.33134996071309, "a_mm_3": -24.934447770046674, "a_mp_0": -25.73046267956682, "a_mp_1": -23.93396904939458, "a_mp_2": -24.208604413029, "a_mp_3": 18.362929199213234, "a_pm_0": 7.469675115020017, "a_pm_1": 13.454643897150774, "a_pm_2": 2.8101737007550796, "a_pm_3": -19.200295698352463, "a_pp_1": 16.51120534168581, "a_pp_2": -10.932691027190685, "a_pp_3": -28.873903609306318}, "datetime": {"datetime": "2024-07-12 22:03:15", "elapsed": 324.830301, "delta": 11.47628}}
{"target": -527188.5161912971, "params": {"a_c_1": 19.460930353849037, "a_c_2": 0.4115322964481116, "a_mm_0": -33.82475323385961, "a_mm_1": -30.084337078738024, "a_mm_2": 19.389155411944046, "a_mm_3": -24.50147319051421, "a_mp_0": 1.2178116109242083, "a_mp_1": 0.684950994272647, "a_mp_2": -17.289400450380587, "a_mp_3": -22.119213945318865, "a_pm_0": 4.7184668084994925, "a_pm_1": -35.07926707426473, "a_pm_2": -38.68347758150916, "a_pm_3": -15.660226662241598, "a_pp_1": -20.606872389597232, "a_pp_2": -35.75572096284119, "a_pp_3": -34.82179565043026}, "datetime": {"datetime": "2024-07-12 22:03:15", "elapsed": 303.691244, "delta": 8.555878}}
{"target": -119921.32769783757, "params": {"a_c_1": 17.107128251907394, "a_c_2": 8.883864343953858, "a_mm_0": -28.936933457933996, "a_mm_1": -4.879092463704936, "a_mm_2": 13.892302761028226, "a_mm_3": -13.232966857934219, "a_mp_0": 15.31209832902892, "a_mp_1": -23.260546572581745, "a_mp_2": -3.470129548372256, "a_mp_3": 0.9472225860089267, "a_pm_0": -26.307655998970954, "a_pm_1": -39.17394924653699, "a_pm_2": -14.996562257758235, "a_pm_3": 16.308913511404043, "a_pp_1": -19.418313410175607, "a_pp_2": 6.784657728955999, "a_pp_3": -29.515821230355556}, "datetime": {"datetime": "2024-07-12 22:03:15", "elapsed": 446.296197, "delta": 11.204108}}
{"target": -223403.86601070766, "params": {"a_c_1": 16.148620452344854, "a_c_2": 2.010538597345054, "a_mm_0": -18.72526655972144, "a_mm_1": -18.0641343965515, "a_mm_2": -23.948625750011537, "a_mm_3": -26.564642762524677, "a_mp_0": 4.856607688707641, "a_mp_1": -5.357037064044675, "a_mp_2": 6.431778752506659, "a_mp_3": -30.58266625062624, "a_pm_0": -7.296133517288041, "a_pm_1": -35.21769207600334, "a_pm_2": -34.09531026763565, "a_pm_3": -14.08166425771672, "a_pp_1": -4.46500924834492, "a_pp_2": 2.9985436738014357, "a_pp_3": -5.902683948839162}, "datetime": {"datetime": "2024-07-12 22:03:19", "elapsed": 286.926439, "delta": 8.989251}}
{"target": -459270.67159616336, "params": {"a_c_1": 10.014321740994571, "a_c_2": 9.551013634912293, "a_mm_0": 1.978062962736729, "a_mm_1": -29.204193288454697, "a_mm_2": -18.51383206367602, "a_mm_3": 0.8643959080134422, "a_mp_0": -35.354131249215754, "a_mp_1": -28.19991303073457, "a_mp_2": -35.824281100693625, "a_mp_3": -11.743157797544946, "a_pm_0": -7.280592604659347, "a_pm_1": 11.779829436386251, "a_pm_2": -38.08651631689752, "a_pm_3": -31.711673678157187, "a_pp_1": -23.362150279670807, "a_pp_2": -15.154820090536578, "a_pp_3": -21.744025160161833}, "datetime": {"datetime": "2024-07-12 22:03:23", "elapsed": 311.900488, "delta": 8.209244}}
{"target": -181327.98117371133, "params": {"a_c_1": 6.9043106472835, "a_c_2": 1.1894794111099305, "a_mm_0": 19.2953145034436, "a_mm_1": -2.1393151004855753, "a_mm_2": 2.2924914323330086, "a_mm_3": -14.155722684294581, "a_mp_0": -25.386955701991916, "a_mp_1": -16.76625288968502, "a_mp_2": -22.67869890015866, "a_mp_3": -8.055759154652161, "a_pm_0": 8.973255247602893, "a_pm_1": 9.907014977865849, "a_pm_2": -22.826787498966358, "a_pm_3": -29.34507556250782, "a_pp_1": 3.3875534114833386, "a_pp_2": -14.97840871815005, "a_pp_3": -29.082905336174953}, "datetime": {"datetime": "2024-07-12 22:03:23", "elapsed": 355.626404, "delta": 8.648283}}
{"target": -141180.08441797382, "params": {"a_c_1": 14.589984392387919, "a_c_2": 2.5930509490615883, "a_mm_0": 9.367124740591706, "a_mm_1": 4.428734931900927, "a_mm_2": -22.587981044521186, "a_mm_3": -12.421428678597373, "a_mp_0": 2.9058393024574016, "a_mp_1": 0.08092787082555475, "a_mp_2": -8.405292148559159, "a_mp_3": -27.151424657204345, "a_pm_0": -20.536420131495312, "a_pm_1": 1.6875850691883514, "a_pm_2": -12.581015038850687, "a_pm_3": 3.071609081623045, "a_pp_1": 1.0469612001518982, "a_pp_2": -18.660899779389535, "a_pp_3": -34.05411057072732}, "datetime": {"datetime": "2024-07-12 22:03:24", "elapsed": 333.969554, "delta": 9.139253}}
{"target": -160189.9453209967, "params": {"a_c_1": 6.839056726049049, "a_c_2": 1.4459772083809674, "a_mm_0": 3.006248848782562, "a_mm_1": 1.958457421808852, "a_mm_2": 1.309839076935127, "a_mm_3": -24.79623793082202, "a_mp_0": 1.541607297404532, "a_mp_1": -26.362147545043026, "a_mp_2": -14.521053044119618, "a_mp_3": -17.684672699938766, "a_pm_0": -18.681525302792668, "a_pm_1": -36.54071156552462, "a_pm_2": -2.1012023880436246, "a_pm_3": 2.438996160901972, "a_pp_1": -3.1846783298298647, "a_pp_2": -1.1012346302125238, "a_pp_3": -29.803557146964536}, "datetime": {"datetime": "2024-07-12 22:03:24", "elapsed": 455.57401, "delta": 9.277813}}
{"target": -216323.16460041964, "params": {"a_c_1": 1.54101580188587, "a_c_2": 3.768962543863842, "a_mm_0": 4.275645719735849, "a_mm_1": 17.033071126058402, "a_mm_2": 14.319596361022924, "a_mm_3": -10.504581790974875, "a_mp_0": 16.13156511956371, "a_mp_1": -24.91700330602969, "a_mp_2": -2.9849111548299163, "a_mp_3": 5.769122581750985, "a_pm_0": -39.8992738654454, "a_pm_1": -35.07279457581741, "a_pm_2": -20.729265467414056, "a_pm_3": -27.019011764023624, "a_pp_1": -29.51455056843657, "a_pp_2": -6.889574443205078, "a_pp_3": -1.6222773278349152}, "datetime": {"datetime": "2024-07-12 22:03:27", "elapsed": 294.92074, "delta": 7.994301}}
{"target": -360644.99024785776, "params": {"a_c_1": 13.615727368323798, "a_c_2": 3.555833470049914, "a_mm_0": -6.102111657603579, "a_mm_1": -32.50028940770011, "a_mm_2": -31.238725563983202, "a_mm_3": -14.56965786846217, "a_mp_0": 0.1627301135810626, "a_mp_1": -32.952119213587565, "a_mp_2": 6.466831048272589, "a_mp_3": 11.08184473175794, "a_pm_0": 0.35737277791230326, "a_pm_1": 4.97654175385474, "a_pm_2": -25.69118325771238, "a_pm_3": -33.98397942126569, "a_pp_1": -20.252220491137958, "a_pp_2": -32.467492955710334, "a_pp_3": -15.010606259669736}, "datetime": {"datetime": "2024-07-12 22:03:32", "elapsed": 341.987685, "delta": 8.018131}}
{"target": -168568.62731047845, "params": {"a_c_1": 12.086938745916855, "a_c_2": 1.1253546830774153, "a_mm_0": -34.268943667202386, "a_mm_1": -39.27692812234864, "a_mm_2": -27.57480089838925, "a_mm_3": -11.259504742100336, "a_mp_0": -30.26142399896782, "a_mp_1": -35.87874669379686, "a_mp_2": -10.449310946076572, "a_mp_3": 14.188727080770533, "a_pm_0": -39.30994631802736, "a_pm_1": -26.315308416703278, "a_pm_2": 14.079206732389721, "a_pm_3": -1.9456734493649321, "a_pp_1": 9.828383071483096, "a_pp_2": 14.558568112774786, "a_pp_3": -26.87519171213458}, "datetime": {"datetime": "2024-07-12 22:03:33", "elapsed": 365.149513, "delta": 9.523109}}
{"target": -428027.760734579, "params": {"a_c_1": 19.810523859577135, "a_c_2": 3.540417161703852, "a_mm_0": 14.462162192196054, "a_mm_1": 19.609331059149447, "a_mm_2": -22.4833122696768, "a_mm_3": -30.72559584894317, "a_mp_0": 11.173665374642646, "a_mp_1": -39.124422131562135, "a_mp_2": -32.4708038651528, "a_mp_3": -28.23724432659166, "a_pm_0": -38.61709539881545, "a_pm_1": -1.8659420904519308, "a_pm_2": -39.00978671885088, "a_pm_3": -23.594116956427612, "a_pp_1": -6.58674211076427, "a_pp_2": 0.3111482309880671, "a_pp_3": -32.6851845337907}, "datetime": {"datetime": "2024-07-12 22:03:33", "elapsed": 321.605237, "delta": 9.704749}}
{"target": -259596.09304678492, "params": {"a_c_1": 2.9889359787772496, "a_c_2": 5.141750435258828, "a_mm_0": 12.519963581272343, "a_mm_1": -28.96279350716668, "a_mm_2": -12.229652877504407, "a_mm_3": -14.264059958205824, "a_mp_0": -10.162648844829022, "a_mp_1": -30.309353770839284, "a_mp_2": -19.45356153191137, "a_mp_3": -24.287175753788787, "a_pm_0": 10.67161659376874, "a_pm_1": 8.019934746584106, "a_pm_2": -14.401650503911384, "a_pm_3": -3.5790723526576684, "a_pp_1": -31.2720633840268, "a_pp_2": -9.423202346946482, "a_pp_3": -22.183174852785726}, "datetime": {"datetime": "2024-07-12 22:03:34", "elapsed": 465.264116, "delta": 9.690106}}
{"target": -223859.63094562263, "params": {"a_c_1": 9.70054493751219, "a_c_2": 6.995586797138039, "a_mm_0": -20.909865070309337, "a_mm_1": -18.041741054258285, "a_mm_2": -32.02023261604164, "a_mm_3": -26.983359383959606, "a_mp_0": -10.791128433673464, "a_mp_1": 9.58431069375321, "a_mp_2": -11.586893161635164, "a_mp_3": 12.99059492147969, "a_pm_0": 16.218028358404602, "a_pm_1": 6.287475153958809, "a_pm_2": 6.74081209711602, "a_pm_3": -39.12137181396996, "a_pp_1": 1.5713569199544182, "a_pp_2": -37.94077808371313, "a_pp_3": 5.292476345325028}, "datetime": {"datetime": "2024-07-12 22:03:36", "elapsed": 302.982531, "delta": 8.061791}}
{"target": -119574.24138680265, "params": {"a_c_1": 15.22248701219348, "a_c_2": 2.8109707018048025, "a_mm_0": 11.350668787642597, "a_mm_1": -12.820919366440453, "a_mm_2": -30.285686864495673, "a_mm_3": -1.4631989900266547, "a_mp_0": -13.68855463091219, "a_mp_1": -20.18622886290447, "a_mp_2": -9.016884215412958, "a_mp_3": 19.464345913964735, "a_pm_0": 5.112985616605556, "a_pm_1": -22.386523318836474, "a_pm_2": 15.646388712460876, "a_pm_3": -28.950055709905612, "a_pp_1": -15.511475898936997, "a_pp_2": -17.644332506151137, "a_pp_3": 19.14180168319578}, "datetime": {"datetime": "2024-07-12 22:03:41", "elapsed": 350.900213, "delta": 8.912528}}
{"target": -137309.93981537168, "params": {"a_c_1": 10.780421563714386, "a_c_2": 7.094779588302757, "a_mm_0": -37.23185403306565, "a_mm_1": -12.207688006879511, "a_mm_2": -17.794993609047232, "a_mm_3": -35.668740902733006, "a_mp_0": -5.129908729662269, "a_mp_1": -35.36466580919011, "a_mp_2": 1.0794543599902937, "a_mp_3": -9.809871063780399, "a_pm_0": 11.848570390784381, "a_pm_1": -11.30835354069746, "a_pm_2": 11.154495664013531, "a_pm_3": -18.540091841744328, "a_pp_1": -11.337446735641759, "a_pp_2": -3.8750692922705383, "a_pp_3": 1.4717389104614185}, "datetime": {"datetime": "2024-07-12 22:03:42", "elapsed": 330.267815, "delta": 8.662578}}
