{"target": -16374.059766635359, "params": {"a_c_1": 0.0, "a_c_2": 10.0, "a_mm_0": 20.0, "a_mm_1": -40.0, "a_mm_2": 20.0, "a_mm_3": 20.0, "a_mp_0": -40.0, "a_mp_1": -40.0, "a_mp_2": 20.0, "a_mp_3": 20.0, "a_pm_0": -40.0, "a_pm_1": -40.0, "a_pm_2": 20.0, "a_pm_3": 20.0, "a_pp_1": 20.0, "a_pp_2": 20.0, "a_pp_3": 20.0}, "datetime": {"datetime": "2024-07-12 23:24:32", "elapsed": 5201.32976, "delta": 9.661967}}
{"target": -67500.35354359423, "params": {"a_c_1": 7.532468369007422, "a_c_2": 9.608947155962152, "a_mm_0": -25.95965054236872, "a_mm_1": -7.946214852353279, "a_mm_2": -26.482251484206216, "a_mm_3": 1.262836687455021, "a_mp_0": -21.650832772426174, "a_mp_1": -5.792194118495232, "a_mp_2": -2.035097482148835, "a_mp_3": 19.53536714008535, "a_pm_0": 13.125595224124332, "a_pm_1": -7.922904392838937, "a_pm_2": 5.517591523014687, "a_pm_3": -4.223076235878928, "a_pp_1": -39.674111107602684, "a_pp_2": 19.431372470247517, "a_pp_3": -22.31167200796559}, "datetime": {"datetime": "2024-07-12 23:24:33", "elapsed": 5323.753805, "delta": 8.598436}}
{"target": -217802.11875500917, "params": {"a_c_1": 1.263538275360454, "a_c_2": 6.8197252732533045, "a_mm_0": -36.653411525035295, "a_mm_1": -10.612212301431626, "a_mm_2": -12.535363448857971, "a_mm_3": 11.948512444630218, "a_mp_0": -26.13916945236879, "a_mp_1": 10.607662991898252, "a_mp_2": -13.570811499398378, "a_mp_3": 19.67547116982354, "a_pm_0": 1.3396011415612605, "a_pm_1": 7.686125525172692, "a_pm_2": -38.4483334186026, "a_pm_3": -23.245351646143924, "a_pp_1": -10.093810578846693, "a_pp_2": -30.388641723243403, "a_pp_3": 4.354919974853573}, "datetime": {"datetime": "2024-07-12 23:24:34", "elapsed": 5182.465491, "delta": 7.760563}}
{"target": -18298.151323520196, "params": {"a_c_1": 0.0, "a_c_2": 10.0, "a_mm_0": 20.0, "a_mm_1": -40.0, "a_mm_2": 20.0, "a_mm_3": 20.0, "a_mp_0": 20.0, "a_mp_1": -40.0, "a_mp_2": 20.0, "a_mp_3": 20.0, "a_pm_0": -40.0, "a_pm_1": -40.0, "a_pm_2": 20.0, "a_pm_3": 20.0, "a_pp_1": 20.0, "a_pp_2": -3.277538597482518, "a_pp_3": 20.0}, "datetime": {"datetime": "2024-07-12 23:24:36", "elapsed": 5228.146344, "delta": 10.673951}}
{"target": -3604.015163794783, "params": {"a_c_1": 0.0, "a_c_2": 10.0, "a_mm_0": -26.166457767215185, "a_mm_1": -40.0, "a_mm_2": -25.533607838855026, "a_mm_3": 20.0, "a_mp_0": -21.36354473992638, "a_mp_1": 20.0, "a_mp_2": -2.500093702884399, "a_mp_3": -9.876849618902407, "a_pm_0": -40.0, "a_pm_1": 20.0, "a_pm_2": 8.127755750700837, "a_pm_3": -10.541085213434371, "a_pp_1": 20.0, "a_pp_2": 20.0, "a_pp_3": 20.0}, "datetime": {"datetime": "2024-07-12 23:24:41", "elapsed": 5168.904252, "delta": 13.284594}}
{"target": -89929.20727519155, "params": {"a_c_1": 11.794233271631555, "a_c_2": 3.3673492026892573, "a_mm_0": -24.095531049987578, "a_mm_1": -36.11116488334359, "a_mm_2": 12.179331046431074, "a_mm_3": -2.576867194407143, "a_mp_0": -34.66481997266689, "a_mp_1": 1.8460781272738274, "a_mp_2": -7.392536569534613, "a_mp_3": -2.33116488144271, "a_pm_0": 12.894108337639402, "a_pm_1": 11.93293781024667, "a_pm_2": -20.01342544968647, "a_pm_3": 10.232204730973699, "a_pp_1": -21.556841776263035, "a_pp_2": -23.248896998385888, "a_pp_3": -3.003815592785088}, "datetime": {"datetime": "2024-07-12 23:24:41", "elapsed": 5211.255108, "delta": 9.925348}}
{"target": -21836.756297723223, "params": {"a_c_1": 20.0, "a_c_2": 10.0, "a_mm_0": -40.0, "a_mm_1": -21.933007416395185, "a_mm_2": 20.0, "a_mm_3": -12.491660241447617, "a_mp_0": -27.596160971776374, "a_mp_1": 20.0, "a_mp_2": -17.44347290768505, "a_mp_3": 20.0, "a_pm_0": -23.678938563733226, "a_pm_1": -9.018567015769817, "a_pm_2": 20.0, "a_pm_3": -8.856155696925132, "a_pp_1": -13.341221819292663, "a_pp_2": 4.157928487049485, "a_pp_3": 20.0}, "datetime": {"datetime": "2024-07-12 23:24:44", "elapsed": 5192.152821, "delta": 9.68733}}
{"target": -324191.89692481235, "params": {"a_c_1": 3.8753398312168685, "a_c_2": 2.7794744405110485, "a_mm_0": -8.581203578543573, "a_mm_1": -8.906247689362562, "a_mm_2": -38.15736349444676, "a_mm_3": -20.26079206439103, "a_mp_0": -28.355354656175166, "a_mp_1": -37.79632732456395, "a_mp_2": -27.26567456016762, "a_mp_3": 8.933861271828498, "a_pm_0": 6.064575864358986, "a_pm_1": -7.582241380290625, "a_pm_2": -5.5302461638052804, "a_pm_3": -2.3351090090552304, "a_pp_1": -39.9792662746112, "a_pp_2": -4.441215355007252, "a_pp_3": -7.656481138317929}, "datetime": {"datetime": "2024-07-12 23:24:45", "elapsed": 5237.256947, "delta": 9.110603}}
{"target": -3245.915142244986, "params": {"a_c_1": 0.0, "a_c_2": 10.0, "a_mm_0": 20.0, "a_mm_1": 20.0, "a_mm_2": 20.0, "a_mm_3": 20.0, "a_mp_0": 20.0, "a_mp_1": -40.0, "a_mp_2": 20.0, "a_mp_3": 20.0, "a_pm_0": 20.0, "a_pm_1": 20.0, "a_pm_2": 20.0, "a_pm_3": 20.0, "a_pp_1": -40.0, "a_pp_2": 20.0, "a_pp_3": 20.0}, "datetime": {"datetime": "2024-07-12 23:24:47", "elapsed": 5338.198658, "delta": 14.444853}}
{"target": -356926.2951047622, "params": {"a_c_1": 0.41105007854630005, "a_c_2": 5.263416890001416, "a_mm_0": -25.606496973866253, "a_mm_1": -30.62825939953454, "a_mm_2": -9.628579290915784, "a_mm_3": -19.48272657094012, "a_mp_0": 18.31476464975988, "a_mp_1": 7.636987663455848, "a_mp_2": -26.986750450201196, "a_mp_3": -33.50447323528448, "a_pm_0": -17.436209188448256, "a_pm_1": -33.300902833099734, "a_pm_2": -38.11505431888817, "a_pm_3": -7.037183405645727, "a_pp_1": 19.777842887601928, "a_pp_2": -32.7750142732897, "a_pp_3": 4.964314593830181}, "datetime": {"datetime": "2024-07-12 23:24:50", "elapsed": 5219.690825, "delta": 8.435717}}
{"target": -236307.32464014424, "params": {"a_c_1": 17.425643315119693, "a_c_2": 5.267657728398541, "a_mm_0": 7.328549273202611, "a_mm_1": 9.827760869571883, "a_mm_2": -12.519116925141137, "a_mm_3": -39.523839616387846, "a_mp_0": 18.680326216033478, "a_mp_1": -13.833185320868576, "a_mp_2": -7.006982537220011, "a_mp_3": 12.805372691723605, "a_pm_0": -23.332651816395607, "a_pm_1": 14.162040961041399, "a_pm_2": 12.399284467002744, "a_pm_3": 10.081476021979064, "a_pp_1": -20.32831369943154, "a_pp_2": -16.242370388991038, "a_pp_3": -35.40681205515923}, "datetime": {"datetime": "2024-07-12 23:24:52", "elapsed": 5201.040412, "delta": 8.887591}}
{"target": -7121.644614949779, "params": {"a_c_1": 0.0, "a_c_2": 10.0, "a_mm_0": 20.0, "a_mm_1": -15.212841907028285, "a_mm_2": 20.0, "a_mm_3": 20.0, "a_mp_0": -40.0, "a_mp_1": 20.0, "a_mp_2": 20.0, "a_mp_3": -28.531036158149487, "a_pm_0": 20.0, "a_pm_1": 20.0, "a_pm_2": 20.0, "a_pm_3": 20.0, "a_pp_1": -13.116221617134894, "a_pp_2": -20.810966071850014, "a_pp_3": 20.0}, "datetime": {"datetime": "2024-07-12 23:24:53", "elapsed": 5180.602246, "delta": 11.697994}}
{"target": -5123.582253260507, "params": {"a_c_1": 20.0, "a_c_2": 10.0, "a_mm_0": -40.0, "a_mm_1": 20.0, "a_mm_2": -2.137280138977322, "a_mm_3": 20.0, "a_mp_0": 4.858180457011312, "a_mp_1": -7.508130283845778, "a_mp_2": 20.0, "a_mp_3": -14.246854552432984, "a_pm_0": -40.0, "a_pm_1": 20.0, "a_pm_2": 0.7053210464098756, "a_pm_3": -1.0973124917315578, "a_pp_1": 20.0, "a_pp_2": 5.756501842896982, "a_pp_3": 20.0}, "datetime": {"datetime": "2024-07-12 23:24:56", "elapsed": 5347.033682, "delta": 8.835024}}
{"target": -26841.678665430773, "params": {"a_c_1": 20.0, "a_c_2": 10.0, "a_mm_0": 20.0, "a_mm_1": 20.0, "a_mm_2": 20.0, "a_mm_3": 20.0, "a_mp_0": -40.0, "a_mp_1": 20.0, "a_mp_2": 20.0, "a_mp_3": -40.0, "a_pm_0": -40.0, "a_pm_1": 20.0, "a_pm_2": -40.0, "a_pm_3": 20.0, "a_pp_1": -40.0, "a_pp_2": 20.0, "a_pp_3": 20.0}, "datetime": {"datetime": "2024-07-12 23:24:59", "elapsed": 5250.755535, "delta": 13.498588}}
{"target": -266355.6737005165, "params": {"a_c_1": 3.861149498315557, "a_c_2": 9.260352904573953, "a_mm_0": -19.410409549820425, "a_mm_1": 13.687664704024321, "a_mm_2": -12.647217813320786, "a_mm_3": -36.45310237651327, "a_mp_0": -23.3769518274355, "a_mp_1": 4.850225852986512, "a_mp_2": -13.687418434673376, "a_mp_3": -30.797278741063003, "a_pm_0": -12.381941868197927, "a_pm_1": -12.143508055868633, "a_pm_2": -7.125606063486856, "a_pm_3": 1.3290144079289803, "a_pp_1": 2.035897521721985, "a_pp_2": 1.805080100217495, "a_pp_3": -25.816352430985745}, "datetime": {"datetime": "2024-07-12 23:25:01", "elapsed": 5209.941024, "delta": 8.900612}}
{"target": -4428.120128648218, "params": {"a_c_1": 20.0, "a_c_2": 10.0, "a_mm_0": 20.0, "a_mm_1": 20.0, "a_mm_2": 20.0, "a_mm_3": 20.0, "a_mp_0": 20.0, "a_mp_1": -40.0, "a_mp_2": 20.0, "a_mp_3": -15.201185543612121, "a_pm_0": 20.0, "a_pm_1": -40.0, "a_pm_2": -8.46787135023703, "a_pm_3": 20.0, "a_pp_1": 20.0, "a_pp_2": 20.0, "a_pp_3": 20.0}, "datetime": {"datetime": "2024-07-12 23:25:04", "elapsed": 5233.325356, "delta": 13.634531}}
{"target": -181764.20140140437, "params": {"a_c_1": 3.478205643086212, "a_c_2": 0.026623071860751857, "a_mm_0": 0.5697025069570572, "a_mm_1": -3.083139188957375, "a_mm_2": -28.472061784367128, "a_mm_3": -8.481748282177847, "a_mp_0": -16.357668586996617, "a_mp_1": -38.233432431182266, "a_mp_2": 2.1857036878019755, "a_mp_3": 16.076015629153815, "a_pm_0": -12.35915738841285, "a_pm_1": -1.2540558606128656, "a_pm_2": 12.133255807734443, "a_pm_3": -21.922188600057552, "a_pp_1": -35.52266137611185, "a_pp_2": -29.267994680388853, "a_pp_3": 2.716750129842737}, "datetime": {"datetime": "2024-07-12 23:25:04", "elapsed": 5191.488706, "delta": 10.88646}}
{"target": -6121.180390193904, "params": {"a_c_1": 20.0, "a_c_2": 10.0, "a_mm_0": -40.0, "a_mm_1": 20.0, "a_mm_2": -40.0, "a_mm_3": 20.0, "a_mp_0": 20.0, "a_mp_1": -40.0, "a_mp_2": 20.0, "a_mp_3": 20.0, "a_pm_0": 20.0, "a_pm_1": 20.0, "a_pm_2": 20.0, "a_pm_3": 20.0, "a_pp_1": 20.0, "a_pp_2": 20.0, "a_pp_3": 20.0}, "datetime": {"datetime": "2024-07-12 23:25:07", "elapsed": 5357.849433, "delta": 10.815751}}
{"target": -41135.06280078125, "params": {"a_c_1": 20.0, "a_c_2": 10.0, "a_mm_0": 20.0, "a_mm_1": 20.0, "a_mm_2": -40.0, "a_mm_3": 20.0, "a_mp_0": 20.0, "a_mp_1": 20.0, "a_mp_2": -27.071327113652664, "a_mp_3": 20.0, "a_pm_0": -40.0, "a_pm_1": -29.50252352357338, "a_pm_2": 20.0, "a_pm_3": -14.052432423013688, "a_pp_1": -27.381630236577237, "a_pp_2": 20.0, "a_pp_3": 20.0}, "datetime": {"datetime": "2024-07-12 23:25:12", "elapsed": 5263.759829, "delta": 13.004294}}
{"target": -199376.86222021372, "params": {"a_c_1": 0.0350750291671198, "a_c_2": 5.030537000587224, "a_mm_0": 12.436325531875525, "a_mm_1": 1.8204222832639232, "a_mm_2": -23.389530055236406, "a_mm_3": -32.932173716791596, "a_mp_0": -21.947131648759285, "a_mp_1": 7.913726918933989, "a_mp_2": -11.202480924828397, "a_mp_3": 9.37442337981998, "a_pm_0": 19.130178504337373, "a_pm_1": -17.874531912898814, "a_pm_2": 15.669370172428813, "a_pm_3": -31.989738712890443, "a_pp_1": 18.96916717405547, "a_pp_2": -15.78573665132977, "a_pp_3": -30.810521067115104}, "datetime": {"datetime": "2024-07-12 23:25:14", "elapsed": 5201.264739, "delta": 9.776033}}
{"target": -1442.0087606105706, "params": {"a_c_1": 20.0, "a_c_2": 0.0, "a_mm_0": 20.0, "a_mm_1": 20.0, "a_mm_2": 20.0, "a_mm_3": 20.0, "a_mp_0": 20.0, "a_mp_1": 20.0, "a_mp_2": -3.6268621876217035, "a_mp_3": 20.0, "a_pm_0": 20.0, "a_pm_1": 20.0, "a_pm_2": 20.0, "a_pm_3": 20.0, "a_pp_1": -40.0, "a_pp_2": 20.0, "a_pp_3": 20.0}, "datetime": {"datetime": "2024-07-12 23:25:15", "elapsed": 5244.443656, "delta": 11.1183}}
{"target": -6985.6951459664415, "params": {"a_c_1": 0.0, "a_c_2": 10.0, "a_mm_0": -40.0, "a_mm_1": 20.0, "a_mm_2": 20.0, "a_mm_3": 20.0, "a_mp_0": -40.0, "a_mp_1": 20.0, "a_mp_2": -40.0, "a_mp_3": 20.0, "a_pm_0": -40.0, "a_pm_1": 20.0, "a_pm_2": 20.0, "a_pm_3": 20.0, "a_pp_1": 20.0, "a_pp_2": 20.0, "a_pp_3": 20.0}, "datetime": {"datetime": "2024-07-12 23:25:16", "elapsed": 5224.549293, "delta": 14.608269}}
{"target": -20709.916199159183, "params": {"a_c_1": 9.59494883920463, "a_c_2": 2.8523638332013768, "a_mm_0": 7.456354921682433, "a_mm_1": 11.381111972928885, "a_mm_2": 19.28654206900613, "a_mm_3": 18.361039765707282, "a_mp_0": -9.14561521848583, "a_mp_1": -36.544127452455534, "a_mp_2": 8.764518607101508, "a_mp_3": -11.928073936367191, "a_pm_0": -23.531621733353138, "a_pm_1": 12.302889403270918, "a_pm_2": -18.252329860208466, "a_pm_3": -3.145071352362436, "a_pp_1": -16.800210965648176, "a_pp_2": 3.10088661404572, "a_pp_3": -6.154939851248201}, "datetime": {"datetime": "2024-07-12 23:25:18", "elapsed": 5368.63204, "delta": 10.782607}}
{"target": -11741.350834192033, "params": {"a_c_1": 3.697233566801892, "a_c_2": 1.2517159922597731, "a_mm_0": 2.5842809626706114, "a_mm_1": 4.730102577115332, "a_mm_2": -8.5855999949667, "a_mm_3": -14.270918226733844, "a_mp_0": -14.470203314228574, "a_mp_1": 1.8675316073303705, "a_mp_2": 19.383086706556227, "a_mp_3": 12.87300861143359, "a_pm_0": -31.152395956833118, "a_pm_1": -38.400148772299886, "a_pm_2": -39.419930292514074, "a_pm_3": 8.045140888096135, "a_pp_1": 14.520261365451503, "a_pp_2": 16.474801694640092, "a_pp_3": 19.46611703590056}, "datetime": {"datetime": "2024-07-12 23:25:24", "elapsed": 5276.362521, "delta": 12.602692}}
{"target": -5869.719063107208, "params": {"a_c_1": 0.0, "a_c_2": 10.0, "a_mm_0": -40.0, "a_mm_1": 20.0, "a_mm_2": 20.0, "a_mm_3": 20.0, "a_mp_0": -40.0, "a_mp_1": 20.0, "a_mp_2": -29.12288021713934, "a_mp_3": -5.215124338580964, "a_pm_0": 20.0, "a_pm_1": -40.0, "a_pm_2": 20.0, "a_pm_3": 20.0, "a_pp_1": -32.94357366944445, "a_pp_2": 20.0, "a_pp_3": 20.0}, "datetime": {"datetime": "2024-07-12 23:25:26", "elapsed": 5213.09629, "delta": 11.831551}}
{"target": -5996.1342937218415, "params": {"a_c_1": 20.0, "a_c_2": 10.0, "a_mm_0": -40.0, "a_mm_1": 20.0, "a_mm_2": -40.0, "a_mm_3": 20.0, "a_mp_0": -40.0, "a_mp_1": 20.0, "a_mp_2": 20.0, "a_mp_3": 20.0, "a_pm_0": 20.0, "a_pm_1": 20.0, "a_pm_2": 20.0, "a_pm_3": 20.0, "a_pp_1": 20.0, "a_pp_2": 20.0, "a_pp_3": 20.0}, "datetime": {"datetime": "2024-07-12 23:25:27", "elapsed": 5256.911805, "delta": 12.468149}}
{"target": -3844.7501092143957, "params": {"a_c_1": 0.0, "a_c_2": 10.0, "a_mm_0": 20.0, "a_mm_1": 20.0, "a_mm_2": -33.47710424163279, "a_mm_3": 20.0, "a_mp_0": 20.0, "a_mp_1": -40.0, "a_mp_2": 20.0, "a_mp_3": 20.0, "a_pm_0": -40.0, "a_pm_1": 20.0, "a_pm_2": 20.0, "a_pm_3": 20.0, "a_pp_1": -40.0, "a_pp_2": 20.0, "a_pp_3": 20.0}, "datetime": {"datetime": "2024-07-12 23:25:31", "elapsed": 5239.453146, "delta": 14.903853}}
{"target": -24595.126043906876, "params": {"a_c_1": 0.0, "a_c_2": 10.0, "a_mm_0": -40.0, "a_mm_1": -40.0, "a_mm_2": 20.0, "a_mm_3": 20.0, "a_mp_0": -40.0, "a_mp_1": 20.0, "a_mp_2": -40.0, "a_mp_3": -40.0, "a_pm_0": -40.0, "a_pm_1": 20.0, "a_pm_2": 20.0, "a_pm_3": 20.0, "a_pp_1": 20.0, "a_pp_2": 20.0, "a_pp_3": 20.0}, "datetime": {"datetime": "2024-07-12 23:25:32", "elapsed": 5383.099875, "delta": 14.467835}}
{"target": -164507.17475461433, "params": {"a_c_1": 7.155067119829126, "a_c_2": 5.3024112874479, "a_mm_0": -27.3597340948175, "a_mm_1": -3.3834429601461338, "a_mm_2": -2.0802110357114074, "a_mm_3": -38.479726400126985, "a_mp_0": -38.989522792615965, "a_mp_1": -33.3281059299469, "a_mp_2": -5.0549054836686125, "a_mp_3": -8.967863155005752, "a_pm_0": -10.745270644098262, "a_pm_1": -1.5222198620527365, "a_pm_2": -14.660665758488957, "a_pm_3": 19.460099873824994, "a_pp_1": 2.5119929024143914, "a_pp_2": -27.925910174330603, "a_pp_3": -6.14077758482896}, "datetime": {"datetime": "2024-07-12 23:25:34", "elapsed": 5285.78985, "delta": 9.427329}}
{"target": -5381.524379108336, "params": {"a_c_1": 0.0, "a_c_2": 10.0, "a_mm_0": 20.0, "a_mm_1": -15.026551197581046, "a_mm_2": -12.003986015081125, "a_mm_3": -4.278608098389287, "a_mp_0": -0.9316648359204077, "a_mp_1": 20.0, "a_mp_2": 20.0, "a_mp_3": -13.109721569740723, "a_pm_0": -16.19782296128781, "a_pm_1": -40.0, "a_pm_2": -16.289939484429404, "a_pm_3": 20.0, "a_pp_1": 20.0, "a_pp_2": 20.0, "a_pp_3": 20.0}, "datetime": {"datetime": "2024-07-12 23:25:38", "elapsed": 5225.318525, "delta": 12.222235}}
{"target": -4776.69586953549, "params": {"a_c_1": 0.0, "a_c_2": 0.0, "a_mm_0": 20.0, "a_mm_1": 20.0, "a_mm_2": 20.0, "a_mm_3": 20.0, "a_mp_0": -40.0, "a_mp_1": -0.693782279840772, "a_mp_2": 20.0, "a_mp_3": 0.5861846868376707, "a_pm_0": 20.0, "a_pm_1": -40.0, "a_pm_2": -14.271722851392772, "a_pm_3": 20.0, "a_pp_1": -18.50131231253134, "a_pp_2": 20.0, "a_pp_3": 20.0}, "datetime": {"datetime": "2024-07-12 23:25:39", "elapsed": 5268.28538, "delta": 11.373575}}
{"target": -1219.2536689387894, "params": {"a_c_1": 20.0, "a_c_2": 10.0, "a_mm_0": -40.0, "a_mm_1": 20.0, "a_mm_2": 20.0, "a_mm_3": 20.0, "a_mp_0": -40.0, "a_mp_1": 20.0, "a_mp_2": 20.0, "a_mp_3": 20.0, "a_pm_0": 20.0, "a_pm_1": 20.0, "a_pm_2": -19.301823169946765, "a_pm_3": -2.5049022862069865, "a_pp_1": 20.0, "a_pp_2": 20.0, "a_pp_3": 20.0}, "datetime": {"datetime": "2024-07-12 23:25:42", "elapsed": 5392.767637, "delta": 9.667762}}
{"target": -26655.535972197118, "params": {"a_c_1": 20.0, "a_c_2": 10.0, "a_mm_0": -40.0, "a_mm_1": -22.331013728190932, "a_mm_2": -22.592098392907566, "a_mm_3": 20.0, "a_mp_0": 20.0, "a_mp_1": -40.0, "a_mp_2": 20.0, "a_mp_3": 4.067883906026625, "a_pm_0": 20.0, "a_pm_1": 20.0, "a_pm_2": -18.46108638335985, "a_pm_3": 20.0, "a_pp_1": 20.0, "a_pp_2": 20.0, "a_pp_3": -14.581248599735193}, "datetime": {"datetime": "2024-07-12 23:25:43", "elapsed": 5251.529323, "delta": 12.076177}}
{"target": -14946.643737456248, "params": {"a_c_1": 20.0, "a_c_2": 10.0, "a_mm_0": -40.0, "a_mm_1": 20.0, "a_mm_2": 4.275865436531002, "a_mm_3": -26.91327508117011, "a_mp_0": -40.0, "a_mp_1": -35.05650756138742, "a_mp_2": 20.0, "a_mp_3": 20.0, "a_pm_0": -40.0, "a_pm_1": -8.850879768178167, "a_pm_2": -7.207893268793251, "a_pm_3": 20.0, "a_pp_1": 20.0, "a_pp_2": -4.687276567488907, "a_pp_3": 20.0}, "datetime": {"datetime": "2024-07-12 23:25:47", "elapsed": 5299.62678, "delta": 13.83693}}
{"target": -9872.915768175708, "params": {"a_c_1": 0.0, "a_c_2": 10.0, "a_mm_0": -40.0, "a_mm_1": -40.0, "a_mm_2": 20.0, "a_mm_3": 20.0, "a_mp_0": -40.0, "a_mp_1": 20.0, "a_mp_2": 20.0, "a_mp_3": 20.0, "a_pm_0": -40.0, "a_pm_1": -15.695735630510327, "a_pm_2": 20.0, "a_pm_3": 20.0, "a_pp_1": 20.0, "a_pp_2": 20.0, "a_pp_3": 20.0}, "datetime": {"datetime": "2024-07-12 23:25:48", "elapsed": 5235.473799, "delta": 10.155274}}
{"target": -546.4574021831962, "params": {"a_c_1": 20.0, "a_c_2": 10.0, "a_mm_0": -40.0, "a_mm_1": -20.0685357644566, "a_mm_2": 20.0, "a_mm_3": 20.0, "a_mp_0": 20.0, "a_mp_1": 20.0, "a_mp_2": 20.0, "a_mp_3": 20.0, "a_pm_0": 20.0, "a_pm_1": 20.0, "a_pm_2": 3.5335088535598294, "a_pm_3": 20.0, "a_pp_1": 20.0, "a_pp_2": 20.0, "a_pp_3": 20.0}, "datetime": {"datetime": "2024-07-12 23:25:50", "elapsed": 5279.76797, "delta": 11.48259}}
{"target": -3050.105533165148, "params": {"a_c_1": 20.0, "a_c_2": 10.0, "a_mm_0": -40.0, "a_mm_1": -9.990686686587889, "a_mm_2": -17.418136830205583, "a_mm_3": 20.0, "a_mp_0": 20.0, "a_mp_1": 20.0, "a_mp_2": 1.9350966747179943, "a_mp_3": 20.0, "a_pm_0": 20.0, "a_pm_1": -40.0, "a_pm_2": 20.0, "a_pm_3": -8.791891201725043, "a_pp_1": -14.874311853117108, "a_pp_2": 20.0, "a_pp_3": 20.0}, "datetime": {"datetime": "2024-07-12 23:25:54", "elapsed": 5404.7794, "delta": 12.011763}}
{"target": -50203.20842204895, "params": {"a_c_1": 20.0, "a_c_2": 10.0, "a_mm_0": 20.0, "a_mm_1": 20.0, "a_mm_2": 20.0, "a_mm_3": -34.85138940658218, "a_mp_0": 20.0, "a_mp_1": 20.0, "a_mp_2": -40.0, "a_mp_3": 20.0, "a_pm_0": 20.0, "a_pm_1": -32.795420143398715, "a_pm_2": -23.80755670092892, "a_pm_3": 20.0, "a_pp_1": 20.0, "a_pp_2": 20.0, "a_pp_3": 20.0}, "datetime": {"datetime": "2024-07-12 23:25:57", "elapsed": 5265.30721, "delta": 13.777887}}
{"target": -21790.547959901138, "params": {"a_c_1": 0.0, "a_c_2": 10.0, "a_mm_0": 20.0, "a_mm_1": 20.0, "a_mm_2": 20.0, "a_mm_3": 20.0, "a_mp_0": -40.0, "a_mp_1": 20.0, "a_mp_2": 20.0, "a_mp_3": 0.14672490957001688, "a_pm_0": 20.0, "a_pm_1": -40.0, "a_pm_2": 20.0, "a_pm_3": 20.0, "a_pp_1": 20.0, "a_pp_2": -20.755882600934733, "a_pp_3": 20.0}, "datetime": {"datetime": "2024-07-12 23:25:58", "elapsed": 5245.447451, "delta": 9.973652}}
{"target": -94997.63122622104, "params": {"a_c_1": 19.41219364981834, "a_c_2": 9.761077948506093, "a_mm_0": -15.472328440715295, "a_mm_1": -27.805665335334233, "a_mm_2": 15.818840022657632, "a_mm_3": -26.00247887351273, "a_mp_0": -12.953820192492504, "a_mp_1": -29.22768425890266, "a_mp_2": 6.913362505765818, "a_mp_3": 15.12574106068697, "a_pm_0": 14.17690910304016, "a_pm_1": -28.378955641610347, "a_pm_2": 18.904409145429952, "a_pm_3": 5.712185300105041, "a_pp_1": -17.73223532336473, "a_pp_2": 9.001412506235596, "a_pp_3": -19.996217518218355}, "datetime": {"datetime": "2024-07-12 23:25:59", "elapsed": 5311.150758, "delta": 11.523978}}
{"target": -5640.827898512211, "params": {"a_c_1": 20.0, "a_c_2": 10.0, "a_mm_0": -40.0, "a_mm_1": 20.0, "a_mm_2": 20.0, "a_mm_3": 20.0, "a_mp_0": 20.0, "a_mp_1": 20.0, "a_mp_2": -40.0, "a_mp_3": 20.0, "a_pm_0": 20.0, "a_pm_1": 20.0, "a_pm_2": 20.0, "a_pm_3": 20.0, "a_pp_1": -40.0, "a_pp_2": 20.0, "a_pp_3": 20.0}, "datetime": {"datetime": "2024-07-12 23:26:01", "elapsed": 5290.652961, "delta": 10.884991}}
{"target": -10613.399647245109, "params": {"a_c_1": 20.0, "a_c_2": 10.0, "a_mm_0": -40.0, "a_mm_1": 20.0, "a_mm_2": 20.0, "a_mm_3": 20.0, "a_mp_0": 20.0, "a_mp_1": -40.0, "a_mp_2": 20.0, "a_mp_3": 20.0, "a_pm_0": -40.0, "a_pm_1": 20.0, "a_pm_2": 20.0, "a_pm_3": -28.68136431350094, "a_pp_1": 20.0, "a_pp_2": 3.7069665331109722, "a_pp_3": 20.0}, "datetime": {"datetime": "2024-07-12 23:26:04", "elapsed": 5415.494724, "delta": 10.715324}}
{"target": -54818.60331314991, "params": {"a_c_1": 1.1088251683227601, "a_c_2": 7.22547024927509, "a_mm_0": -28.963467352735833, "a_mm_1": -39.9868805248815, "a_mm_2": -22.944992078426683, "a_mm_3": -9.956181323182381, "a_mp_0": 15.251593881448635, "a_mp_1": -27.68026747209509, "a_mp_2": 11.001512226104666, "a_mp_3": 3.646588050925793, "a_pm_0": -2.331643932519242, "a_pm_1": -6.398859609278588, "a_pm_2": 3.0068704261772154, "a_pm_3": -9.187212318953861, "a_pp_1": 14.606286723843539, "a_pp_2": 1.8907352938302324, "a_pp_3": -0.5914534284494835}, "datetime": {"datetime": "2024-07-12 23:26:07", "elapsed": 5319.524551, "delta": 8.373793}}
