{"target": -71290.66216595925, "params": {"a_c_1": 4.405440522390269, "a_c_2": 7.489151191794551, "a_mm_0": 8.397779909219999, "a_mm_1": -28.205930212338295, "a_mm_2": 5.876159011643317, "a_mm_3": -0.5592242351172985, "a_mp_0": 18.527552666248447, "a_mp_1": -16.702411020792777, "a_mp_2": 5.4049997733012844, "a_mp_3": 10.63721732936034, "a_pm_0": -17.25564143154753, "a_pm_1": -26.578715356083194, "a_pm_2": -17.905455890444944, "a_pm_3": -0.8302071743454462, "a_pp_1": -24.55675893128234, "a_pp_2": 11.509935961431161, "a_pp_3": -22.288511172505082}, "datetime": {"datetime": "2024-07-12 22:01:37", "elapsed": 184.714519, "delta": 9.889502}}
{"target": -130641.98113693182, "params": {"a_c_1": 13.0300277824316, "a_c_2": 8.341173423255025, "a_mm_0": -5.713280626269388, "a_mm_1": -19.965846808728866, "a_mm_2": 2.0484338173837457, "a_mm_3": -28.738436893359037, "a_mp_0": -20.032503803228217, "a_mp_1": -32.74412435697982, "a_mp_2": 0.8413420567666208, "a_mp_3": -7.620900791776627, "a_pm_0": -13.631548887912274, "a_pm_1": -26.184029069063985, "a_pm_2": 10.621511915815212, "a_pm_3": -16.212116394019638, "a_pp_1": 14.737983391478139, "a_pp_2": -23.692394944507637, "a_pp_3": -1.7648732020652318}, "datetime": {"datetime": "2024-07-12 22:01:38", "elapsed": 206.195641, "delta": 9.002321}}
{"target": -129488.45912642118, "params": {"a_c_1": 14.827143384325552, "a_c_2": 3.5416448976769987, "a_mm_0": -9.642023401940726, "a_mm_1": -36.33711548928752, "a_mm_2": -29.33410319571312, "a_mm_3": 1.730377516448911, "a_mp_0": -3.687362822967657, "a_mp_1": 11.204673345133976, "a_mp_2": 17.775392812296133, "a_mp_3": -18.42309405368563, "a_pm_0": -2.785089600350233, "a_pm_1": -13.139355267204596, "a_pm_2": -9.664182238023962, "a_pm_3": -16.509894484617366, "a_pp_1": 18.64365361691752, "a_pp_2": -2.5817309524947305, "a_pp_3": -31.486874350440335}, "datetime": {"datetime": "2024-07-12 22:01:38", "elapsed": 227.862025, "delta": 7.838463}}
{"target": -430263.3741233611, "params": {"a_c_1": 4.1290811777886605, "a_c_2": 0.7618880903232117, "a_mm_0": -9.52469800328275, "a_mm_1": -24.307026890020772, "a_mm_2": -18.576303467032485, "a_mm_3": -33.51608027816579, "a_mp_0": 7.253110379150428, "a_mp_1": -33.60496739267194, "a_mp_2": 19.14252942279127, "a_mp_3": -29.37033013369496, "a_pm_0": -5.655693253921044, "a_pm_1": -37.30927992465471, "a_pm_2": 7.226977379350046, "a_pm_3": -28.62364313090221, "a_pp_1": -8.3257612955124, "a_pp_2": 4.404652589544298, "a_pp_3": -31.004110904964644}, "datetime": {"datetime": "2024-07-12 22:01:39", "elapsed": 349.750149, "delta": 8.498161}}
{"target": -220025.88571929722, "params": {"a_c_1": 14.74963337416343, "a_c_2": 1.6927356464293164, "a_mm_0": -29.075499536995594, "a_mm_1": 5.879388698020506, "a_mm_2": -34.635060644775805, "a_mm_3": -11.298968324285433, "a_mp_0": -35.03058861336839, "a_mp_1": 17.824966527858976, "a_mp_2": 10.111954679309143, "a_mp_3": -26.05754186480088, "a_pm_0": 10.605116514288603, "a_pm_1": 4.851312747881948, "a_pm_2": -33.49320106700975, "a_pm_3": -23.985862191687183, "a_pp_1": -1.489304899692108, "a_pp_2": 2.4287977203042814, "a_pp_3": -19.382783755618252}, "datetime": {"datetime": "2024-07-12 22:01:46", "elapsed": 214.222799, "delta": 8.027158}}
{"target": -190647.83125714058, "params": {"a_c_1": 8.99250010115491, "a_c_2": 6.966211158111947, "a_mm_0": -16.741657049996835, "a_mm_1": -36.93657107471439, "a_mm_2": -0.1815245428449117, "a_mm_3": -18.060366151068063, "a_mp_0": -6.833202392113321, "a_mp_1": -24.004609566563328, "a_mp_2": -27.76743515968564, "a_mp_3": -22.227702771248193, "a_pm_0": 10.512057955519978, "a_pm_1": 15.440911500437146, "a_pm_2": 18.715015256018184, "a_pm_3": -15.140143158026639, "a_pp_1": 6.3911941658126565, "a_pp_2": -29.916812764570878, "a_pp_3": 4.6553534693827245}, "datetime": {"datetime": "2024-07-12 22:01:46", "elapsed": 258.07129, "delta": 10.756003}}
{"target": -112029.16148872412, "params": {"a_c_1": 13.95456882873338, "a_c_2": 9.657562573345933, "a_mm_0": 13.690963199181603, "a_mm_1": -6.519754997931031, "a_mm_2": -39.117112975083955, "a_mm_3": 8.33277990608822, "a_mp_0": 15.911680400068413, "a_mp_1": 4.035738922498673, "a_mp_2": -14.262812362497435, "a_mp_3": -17.14953349682894, "a_pm_0": 4.676285819302869, "a_pm_1": -33.52893417100822, "a_pm_2": 7.081750836554001, "a_pm_3": -10.07168689720006, "a_pp_1": -35.79285921238812, "a_pp_2": 9.38271284772091, "a_pp_3": -16.49755136079499}, "datetime": {"datetime": "2024-07-12 22:01:47", "elapsed": 236.687003, "delta": 8.824978}}
{"target": -260505.7477631751, "params": {"a_c_1": 15.280693313224393, "a_c_2": 3.210437359855205, "a_mm_0": -9.740655152418046, "a_mm_1": 12.451023223139792, "a_mm_2": -10.87619961594821, "a_mm_3": -2.5486892528191802, "a_mp_0": -19.431517833173963, "a_mp_1": -11.88558983274493, "a_mp_2": -36.31515871039843, "a_mp_3": -8.814010692877208, "a_pm_0": -13.050751322212207, "a_pm_1": -22.061028312482456, "a_pm_2": -29.627373583982823, "a_pm_3": -19.56017674500831, "a_pp_1": -22.30896866147289, "a_pp_2": -18.247738250790245, "a_pp_3": 8.525243657598736}, "datetime": {"datetime": "2024-07-12 22:01:48", "elapsed": 195.160205, "delta": 10.445686}}
{"target": -20809.057258163306, "params": {"a_c_1": 11.021743483739435, "a_c_2": 2.166172083287794, "a_mm_0": 5.551762959028679, "a_mm_1": 3.3749116133728236, "a_mm_2": -29.40705794337502, "a_mm_3": 11.717993460024402, "a_mp_0": -38.813494029019346, "a_mp_1": 11.614219845386913, "a_mp_2": -6.465771330343699, "a_mp_3": -15.806771673649045, "a_pm_0": 5.524815861340194, "a_pm_1": 3.0157401015481895, "a_pm_2": 19.239570488505592, "a_pm_3": -23.314897083221034, "a_pp_1": -39.772379655439444, "a_pp_2": 16.034156498893267, "a_pp_3": 11.473826272273627}, "datetime": {"datetime": "2024-07-12 22:01:53", "elapsed": 363.990772, "delta": 14.240623}}
{"target": -295918.13090114016, "params": {"a_c_1": 8.48412636932281, "a_c_2": 8.440920891688767, "a_mm_0": -28.178784456416327, "a_mm_1": 9.134932483537327, "a_mm_2": -35.66048061318931, "a_mm_3": 10.766462705130238, "a_mp_0": -14.581063813702404, "a_mp_1": -31.555518674978984, "a_mp_2": -21.644970946194768, "a_mp_3": 2.561716009029439, "a_pm_0": -13.222901952771288, "a_pm_1": -26.004138470646918, "a_pm_2": -25.674070293012004, "a_pm_3": 1.590395180178632, "a_pp_1": -1.1338313263394753, "a_pp_2": -36.164494235200316, "a_pp_3": 8.75106196533607}, "datetime": {"datetime": "2024-07-12 22:01:54", "elapsed": 265.977984, "delta": 7.906694}}
{"target": -241501.89769858436, "params": {"a_c_1": 2.5796756304683477, "a_c_2": 4.948697181695981, "a_mm_0": 5.839522825324636, "a_mm_1": -8.732780015150723, "a_mm_2": -28.336065703388723, "a_mm_3": -21.739508190229053, "a_mp_0": 5.442583556626758, "a_mp_1": -12.35797161959444, "a_mp_2": 5.914603791836868, "a_mp_3": -29.43919093121204, "a_pm_0": 1.0957309248775928, "a_pm_1": 7.9748926690316395, "a_pm_2": 13.247740445847825, "a_pm_3": -22.10038024658872, "a_pp_1": 14.729320544464187, "a_pp_2": -4.858997144024656, "a_pp_3": -22.34997656017695}, "datetime": {"datetime": "2024-07-12 22:01:54", "elapsed": 222.77322, "delta": 8.550421}}
{"target": -138939.81209762036, "params": {"a_c_1": 17.911991202817863, "a_c_2": 9.15033322422577, "a_mm_0": -14.706662740614323, "a_mm_1": 13.906850718918356, "a_mm_2": -4.775344436691327, "a_mm_3": 19.79666599500637, "a_mp_0": -32.544229622902975, "a_mp_1": 5.409893526660817, "a_mp_2": -4.703885805829643, "a_mp_3": -9.126038781449473, "a_pm_0": 5.492935675971211, "a_pm_1": 9.99690345304446, "a_pm_2": 9.865269664315832, "a_pm_3": -19.352863643188392, "a_pp_1": -17.159376560596442, "a_pp_2": -4.282892348209401, "a_pp_3": -37.427683290197905}, "datetime": {"datetime": "2024-07-12 22:01:56", "elapsed": 203.500491, "delta": 8.340286}}
{"target": -42625.69469111733, "params": {"a_c_1": 2.1352987136032153, "a_c_2": 1.737984442081253, "a_mm_0": 11.565956947368761, "a_mm_1": -29.63549203021881, "a_mm_2": 7.05502793106168, "a_mm_3": 8.246966019002436, "a_mp_0": -34.80891126174998, "a_mp_1": -13.876805321458832, "a_mp_2": 7.229538404599616, "a_mp_3": -10.59634712759772, "a_pm_0": 11.960949123746488, "a_pm_1": -17.216724998459977, "a_pm_2": -2.3011348707346073, "a_pm_3": -27.188784100693372, "a_pp_1": 10.53538304683228, "a_pp_2": 10.361437184004878, "a_pp_3": -6.049939926544411}, "datetime": {"datetime": "2024-07-12 22:01:56", "elapsed": 245.900797, "delta": 9.213794}}
{"target": -164804.8138128172, "params": {"a_c_1": 0.6191381471899304, "a_c_2": 6.6467096488220365, "a_mm_0": 16.9640898539909, "a_mm_1": -5.52999926473062, "a_mm_2": -21.98312405856263, "a_mm_3": -20.2142721140176, "a_mp_0": -10.559685282509228, "a_mp_1": 19.037942945772294, "a_mp_2": -14.16720929442861, "a_mp_3": -16.76764698043726, "a_pm_0": -10.327864996506328, "a_pm_1": -26.69705737677485, "a_pm_2": -22.55528078970529, "a_pm_3": 8.60493602650481, "a_pp_1": 13.572547713629675, "a_pp_2": -17.78655226102536, "a_pp_3": -11.074129177110038}, "datetime": {"datetime": "2024-07-12 22:02:01", "elapsed": 229.890855, "delta": 7.117635}}
{"target": -144376.16143803459, "params": {"a_c_1": 2.803683663347747, "a_c_2": 2.4056424441156263, "a_mm_0": -39.16577048891896, "a_mm_1": -9.624709879639973, "a_mm_2": 11.055922929728311, "a_mm_3": 15.784225048343998, "a_mp_0": -12.201413533410225, "a_mp_1": -33.83504347077431, "a_mp_2": -11.541693054715033, "a_mp_3": -22.572503736215992, "a_pm_0": -21.43616316770574, "a_pm_1": -25.422454593764087, "a_pm_2": 17.22149293479412, "a_pm_3": -16.155380243534236, "a_pp_1": -39.785593992095855, "a_pp_2": -10.284270252467358, "a_pp_3": 2.0118648288651}, "datetime": {"datetime": "2024-07-12 22:02:02", "elapsed": 274.395493, "delta": 8.417509}}
{"target": -124380.05055220475, "params": {"a_c_1": 14.577017550385118, "a_c_2": 5.166887829215384, "a_mm_0": 2.417374714925657, "a_mm_1": 6.831773412604562, "a_mm_2": -17.507443387788438, "a_mm_3": 6.219351519797456, "a_mp_0": 5.0374591505105215, "a_mp_1": -3.207327307344414, "a_mp_2": -15.888044561929757, "a_mp_3": 1.8384811558604568, "a_pm_0": -39.81322853048847, "a_pm_1": 6.493798803475869, "a_pm_2": 13.784996147410816, "a_pm_3": -25.64105755374972, "a_pp_1": -32.75396894144622, "a_pp_2": -26.782960732376345, "a_pp_3": -21.874196122594103}, "datetime": {"datetime": "2024-07-12 22:02:03", "elapsed": 373.97783, "delta": 9.987058}}
{"target": -92956.83839198957, "params": {"a_c_1": 16.29410554335619, "a_c_2": 5.8602310120508685, "a_mm_0": -13.38971671104376, "a_mm_1": -1.7119075229353697, "a_mm_2": 17.32109465234248, "a_mm_3": 8.252669006232466, "a_mp_0": -0.6310184963180347, "a_mp_1": -27.54745953248193, "a_mp_2": 18.30416108720003, "a_mp_3": -16.77317519226848, "a_pm_0": 14.314178519974192, "a_pm_1": -9.936722572007447, "a_pm_2": 0.34449694745184445, "a_pm_3": 13.244178332951925, "a_pp_1": -36.49685471301117, "a_pp_2": -22.31520130306161, "a_pp_3": -29.33838476318668}, "datetime": {"datetime": "2024-07-12 22:02:06", "elapsed": 213.349256, "delta": 9.848765}}
{"target": -206468.74447929978, "params": {"a_c_1": 6.461768932356984, "a_c_2": 3.475681909136589, "a_mm_0": -4.319035477733728, "a_mm_1": -32.295455401878115, "a_mm_2": -9.37162962492927, "a_mm_3": -22.274423741252054, "a_mp_0": -19.505298743478782, "a_mp_1": -20.689656986679093, "a_mp_2": 10.072231016880842, "a_mp_3": -29.469963257343924, "a_pm_0": -25.813145907119072, "a_pm_1": -30.131504688933152, "a_pm_2": -39.093953605760554, "a_pm_3": -14.463716208782095, "a_pp_1": 10.636849526396048, "a_pp_2": 14.164955444222059, "a_pp_3": -10.758060286277473}, "datetime": {"datetime": "2024-07-12 22:02:07", "elapsed": 257.091414, "delta": 11.190617}}
{"target": -376383.66285708884, "params": {"a_c_1": 16.30540632469739, "a_c_2": 7.533868293420831, "a_mm_0": 2.129735956985513, "a_mm_1": -28.11426231103397, "a_mm_2": -18.993677354434265, "a_mm_3": -12.431676238523284, "a_mp_0": -31.782259090794604, "a_mp_1": -14.357351834922728, "a_mp_2": -33.91071060723572, "a_mp_3": -34.76466308763382, "a_pm_0": 10.17114366187618, "a_pm_1": -29.863146494923654, "a_pm_2": -11.627895274586471, "a_pm_3": -2.505256110344483, "a_pp_1": 16.338133038228236, "a_pp_2": -21.620606469858398, "a_pp_3": -29.132713101065182}, "datetime": {"datetime": "2024-07-12 22:02:10", "elapsed": 282.635588, "delta": 8.240095}}
{"target": -67206.33463440537, "params": {"a_c_1": 18.070154051338868, "a_c_2": 7.134174329904619, "a_mm_0": -12.534447821974943, "a_mm_1": 17.487127433233283, "a_mm_2": 13.127474495341978, "a_mm_3": -12.2478008623102, "a_mp_0": -28.39486153954738, "a_mp_1": 10.163413900448091, "a_mp_2": 13.857415248349767, "a_mp_3": 0.31738447784397295, "a_pm_0": 8.32331111166468, "a_pm_1": -38.85886716995272, "a_pm_2": -2.762590736636497, "a_pm_3": 8.421232078113455, "a_pp_1": -22.84859346459006, "a_pp_2": -30.67770141440134, "a_pp_3": 13.427470318762055}, "datetime": {"datetime": "2024-07-12 22:02:11", "elapsed": 239.491878, "delta": 9.601023}}
{"target": -204109.32803089448, "params": {"a_c_1": 17.660570171276685, "a_c_2": 5.431664302380945, "a_mm_0": -22.797301023614164, "a_mm_1": -31.698718612423207, "a_mm_2": -22.5913322137275, "a_mm_3": -3.167734615524843, "a_mp_0": -20.5516882061532, "a_mp_1": -12.558389098540093, "a_mp_2": -13.352973579003134, "a_mp_3": 9.688121643890724, "a_pm_0": -14.419110745826163, "a_pm_1": -19.25807072946986, "a_pm_2": 0.4982962885463138, "a_pm_3": -26.711076655988276, "a_pp_1": -11.965250564406773, "a_pp_2": -21.114058760559015, "a_pp_3": -2.3886638702299194}, "datetime": {"datetime": "2024-07-12 22:02:14", "elapsed": 384.868756, "delta": 10.890926}}
{"target": -109008.3211913133, "params": {"a_c_1": 0.9313124746539425, "a_c_2": 3.4180828077061243, "a_mm_0": 14.924044090951611, "a_mm_1": -24.83702327483902, "a_mm_2": -33.21773088466519, "a_mm_3": 16.510696206308907, "a_mp_0": -10.401340569250184, "a_mp_1": -11.692538737828702, "a_mp_2": 1.2708053679802305, "a_mp_3": 9.025089659327968, "a_pm_0": -26.385561567269413, "a_pm_1": -27.858828734253507, "a_pm_2": -14.530073153442476, "a_pm_3": 10.8555769207017, "a_pp_1": 15.627284201265091, "a_pp_2": -28.57579820366561, "a_pp_3": 1.3675523614361182}, "datetime": {"datetime": "2024-07-12 22:02:15", "elapsed": 222.587772, "delta": 9.238516}}
{"target": -90074.1634475616, "params": {"a_c_1": 8.42752717323563, "a_c_2": 8.681672310007869, "a_mm_0": -8.290313368529759, "a_mm_1": -7.079969505577623, "a_mm_2": -1.0412849163909499, "a_mm_3": -35.22323615833274, "a_mp_0": 10.310334608899602, "a_mp_1": -33.655417485373334, "a_mp_2": -8.060707207714398, "a_mp_3": 15.560572545009066, "a_pm_0": -7.077591221639381, "a_pm_1": -19.467529381895822, "a_pm_2": 3.5978520598743913, "a_pm_3": 14.060873019226506, "a_pp_1": -3.025878039288557, "a_pp_2": -36.64683143649002, "a_pp_3": 12.728515905245509}, "datetime": {"datetime": "2024-07-12 22:02:15", "elapsed": 265.160161, "delta": 8.068747}}
{"target": -177615.97563603267, "params": {"a_c_1": 17.508426864524935, "a_c_2": 3.035857977490587, "a_mm_0": -23.340815644750602, "a_mm_1": -30.992326218406212, "a_mm_2": -13.319090665464422, "a_mm_3": -26.111516446218936, "a_mp_0": -18.4683041953041, "a_mp_1": -19.981205393488477, "a_mp_2": -2.506745813030811, "a_mp_3": -13.257868174792304, "a_pm_0": 0.6766066087435121, "a_pm_1": -21.948587859354276, "a_pm_2": -20.657092236002775, "a_pm_3": 19.896771810306106, "a_pp_1": -25.703565530847253, "a_pp_2": 5.771688727610176, "a_pp_3": 1.9752009832017876}, "datetime": {"datetime": "2024-07-12 22:02:19", "elapsed": 291.221246, "delta": 8.585658}}
{"target": -27133.767022363212, "params": {"a_c_1": 15.646796945230957, "a_c_2": 3.582180464142495, "a_mm_0": -5.339767639147645, "a_mm_1": -26.324950322261945, "a_mm_2": -20.12114591357716, "a_mm_3": 1.1959570641170174, "a_mp_0": 5.671133301410741, "a_mp_1": 12.777106152942714, "a_mp_2": -0.46605610593227453, "a_mp_3": 7.965578603825996, "a_pm_0": -28.626587304579555, "a_pm_1": 3.1459096323589293, "a_pm_2": 18.85157790803715, "a_pm_3": 14.526695570630054, "a_pp_1": 7.057249155414318, "a_pp_2": 13.57994180599578, "a_pp_3": -12.695025586622176}, "datetime": {"datetime": "2024-07-12 22:02:20", "elapsed": 248.216261, "delta": 8.724383}}
{"target": -140091.54143661287, "params": {"a_c_1": 17.54720949389625, "a_c_2": 4.476890001456285, "a_mm_0": 7.067445127515384, "a_mm_1": -12.582057966306976, "a_mm_2": -0.6262400969721185, "a_mm_3": -32.089541498349874, "a_mp_0": -14.021109581941111, "a_mp_1": 14.558719319296202, "a_mp_2": -3.671259938143919, "a_mp_3": 6.00647523422613, "a_pm_0": -9.717963514246339, "a_pm_1": -10.11666251031955, "a_pm_2": 10.573990411570996, "a_pm_3": -35.931583939542776, "a_pp_1": -5.603663707018924, "a_pp_2": 16.565754525976956, "a_pp_3": -8.928397109660686}, "datetime": {"datetime": "2024-07-12 22:02:23", "elapsed": 394.091993, "delta": 9.223237}}
{"target": -378786.52146262175, "params": {"a_c_1": 8.917373598230533, "a_c_2": 8.781102797423763, "a_mm_0": -22.263333929615907, "a_mm_1": -23.78776909171833, "a_mm_2": -38.68408630547483, "a_mm_3": 12.281052829034564, "a_mp_0": -30.036413209830755, "a_mp_1": -23.28812812837871, "a_mp_2": -25.22012823373, "a_mp_3": 15.32313082204638, "a_pm_0": -35.10231041414475, "a_pm_1": -19.800493317375356, "a_pm_2": 0.8261018880090347, "a_pm_3": -30.06609063980357, "a_pp_1": -5.340489714837112, "a_pp_2": -14.520575211048307, "a_pp_3": -39.21159510859889}, "datetime": {"datetime": "2024-07-12 22:02:23", "elapsed": 230.859334, "delta": 8.271562}}
{"target": -153501.17641325196, "params": {"a_c_1": 0.35954902727503235, "a_c_2": 6.782392370591524, "a_mm_0": 14.002761385892299, "a_mm_1": -30.55326617009969, "a_mm_2": -8.310092211995773, "a_mm_3": 2.3032753848559437, "a_mp_0": -29.46930221516758, "a_mp_1": -25.2881449269085, "a_mp_2": -36.0058006629248, "a_mp_3": -30.459849489613696, "a_pm_0": -32.9102758331295, "a_pm_1": -22.561454054955597, "a_pm_2": 5.034405132738797, "a_pm_3": 1.6210682658801474, "a_pp_1": 5.756145300307203, "a_pp_2": -0.4201633928085826, "a_pp_3": 7.654051850495691}, "datetime": {"datetime": "2024-07-12 22:02:24", "elapsed": 273.585706, "delta": 8.425545}}
{"target": -123080.6212310021, "params": {"a_c_1": 12.956813023062244, "a_c_2": 1.2156159925168775, "a_mm_0": -39.665660964012055, "a_mm_1": 4.733195499887138, "a_mm_2": -35.018290066457965, "a_mm_3": -25.436852779385273, "a_mp_0": 19.35365790573647, "a_mp_1": 17.96685052316375, "a_mp_2": 15.279484989085589, "a_mp_3": -5.004131233926472, "a_pm_0": -12.626077797705403, "a_pm_1": -12.259743879296899, "a_pm_2": -19.615651105007576, "a_pm_3": 18.041198129903357, "a_pp_1": 8.958772914349225, "a_pp_2": 19.515514244660736, "a_pp_3": -21.947097197020653}, "datetime": {"datetime": "2024-07-12 22:02:28", "elapsed": 300.404969, "delta": 9.183723}}
{"target": -474052.1346435717, "params": {"a_c_1": 6.3545806834127205, "a_c_2": 6.388644787699862, "a_mm_0": -4.870760362428477, "a_mm_1": -37.578514260100505, "a_mm_2": -23.805653282371917, "a_mm_3": -4.932958932613289, "a_mp_0": -36.10603837989315, "a_mp_1": -36.23489121840208, "a_mp_2": -17.417462718037, "a_mp_3": -32.7295715816325, "a_pm_0": -15.116935181384214, "a_pm_1": 0.4928431467801886, "a_pm_2": -11.665951501513657, "a_pm_3": -38.885746325614925, "a_pp_1": 15.71086097268794, "a_pp_2": -24.943828622976262, "a_pp_3": -39.55665419626625}, "datetime": {"datetime": "2024-07-12 22:02:29", "elapsed": 257.524236, "delta": 9.307975}}
{"target": -356595.1562081816, "params": {"a_c_1": 12.132057759544072, "a_c_2": 3.469168821812806, "a_mm_0": -27.308386296432495, "a_mm_1": 18.50900172364406, "a_mm_2": 10.338932630488685, "a_mm_3": -13.077441465595015, "a_mp_0": -20.725057461839526, "a_mp_1": -39.15412695303881, "a_mp_2": 3.684190531146399, "a_mp_3": -24.020587010398643, "a_pm_0": -9.298602845589432, "a_pm_1": -2.4388557092742573, "a_pm_2": 5.17435962850341, "a_pm_3": -30.51122955482401, "a_pp_1": -34.521003306311215, "a_pp_2": 6.444028963539722, "a_pp_3": -36.91252410797048}, "datetime": {"datetime": "2024-07-12 22:02:31", "elapsed": 238.804552, "delta": 7.945218}}
{"target": -147111.50373335803, "params": {"a_c_1": 3.88931619055769, "a_c_2": 8.479393924434762, "a_mm_0": -24.90165145864883, "a_mm_1": 2.0435621889522793, "a_mm_2": -7.584343576186008, "a_mm_3": 16.930177296813177, "a_mp_0": -2.5397978558394456, "a_mp_1": 10.278677722863762, "a_mp_2": -39.524027428328615, "a_mp_3": 19.36040336999828, "a_pm_0": -35.33712578005681, "a_pm_1": -20.672229183113824, "a_pm_2": 16.76914372740592, "a_pm_3": -39.4636538577253, "a_pp_1": 9.363800325316134, "a_pp_2": 11.67269830200766, "a_pp_3": -13.610151147485649}, "datetime": {"datetime": "2024-07-12 22:02:33", "elapsed": 404.10533, "delta": 10.013337}}
{"target": -30474.41669272317, "params": {"a_c_1": 2.979126237601919, "a_c_2": 5.543135937805567, "a_mm_0": -38.712414824404284, "a_mm_1": -10.500166165804576, "a_mm_2": 10.6050108265812, "a_mm_3": -11.662772603390373, "a_mp_0": -22.26484139793711, "a_mp_1": -23.520699929954297, "a_mp_2": -16.387513307518713, "a_mp_3": 14.82938000799593, "a_pm_0": 18.45776384104593, "a_pm_1": 4.902982666950173, "a_pm_2": 19.25060439410329, "a_pm_3": 5.734303965755274, "a_pp_1": -22.945589115571558, "a_pp_2": -13.895077500789512, "a_pp_3": 3.3889496042650364}, "datetime": {"datetime": "2024-07-12 22:02:35", "elapsed": 284.433683, "delta": 10.847977}}
{"target": -107615.77828910398, "params": {"a_c_1": 11.597014507129654, "a_c_2": 6.82067861155801, "a_mm_0": -16.982250727408513, "a_mm_1": -4.949319992561996, "a_mm_2": -28.208966901653717, "a_mm_3": -21.16790775384552, "a_mp_0": -31.903190075058678, "a_mp_1": -1.433277443680396, "a_mp_2": -19.951421211330576, "a_mp_3": -14.509825859834368, "a_pm_0": -17.16602326265251, "a_pm_1": -36.83501013616439, "a_pm_2": 13.751231047184731, "a_pm_3": 3.648480407597404, "a_pp_1": -20.55800826773566, "a_pp_2": 13.921959165712266, "a_pp_3": 0.5373933147789813}, "datetime": {"datetime": "2024-07-12 22:02:37", "elapsed": 309.39877, "delta": 8.993801}}
