{"target": -363222.1646323485, "params": {"a_c_1": 12.667532244496524, "a_c_2": 5.589308280627706, "a_mm_0": -7.860659859607466, "a_mm_1": 16.827731816687496, "a_mm_2": -13.397208537402719, "a_mm_3": -36.06654776415097, "a_mp_0": -8.990517312164677, "a_mp_1": -27.25229522345506, "a_mp_2": -36.67599608577012, "a_mp_3": -8.79741198248266, "a_pm_0": -7.888353226744194, "a_pm_1": -33.36309326429336, "a_pm_2": 8.234639773497676, "a_pm_3": -30.014427506114863, "a_pp_1": -29.741639361476267, "a_pp_2": -13.78512170485196, "a_pp_3": -35.643971907684985}, "datetime": {"datetime": "2024-07-12 22:17:24", "elapsed": 1196.426618, "delta": 10.578234}}
{"target": -404828.9802705297, "params": {"a_c_1": 3.4687605311585568, "a_c_2": 9.068711770082551, "a_mm_0": 9.721608307348802, "a_mm_1": 9.433791508577428, "a_mm_2": -6.318861812738341, "a_mm_3": -37.663216127796865, "a_mp_0": 12.321580180169583, "a_mp_1": 3.488882238405651, "a_mp_2": -17.15147801116395, "a_mp_3": -0.5847878473876094, "a_pm_0": -14.698109321878125, "a_pm_1": -37.945728539089345, "a_pm_2": -37.61323171789921, "a_pm_3": -21.009680145967753, "a_pp_1": -39.77776169525523, "a_pp_2": -15.13133866427549, "a_pp_3": -19.07629305265043}, "datetime": {"datetime": "2024-07-12 22:17:25", "elapsed": 1154.01047, "delta": 9.36378}}
{"target": -13457.567741142768, "params": {"a_c_1": 20.0, "a_c_2": 0.0, "a_mm_0": 8.596817964457758, "a_mm_1": 20.0, "a_mm_2": 14.370524775789114, "a_mm_3": 20.0, "a_mp_0": -7.8115535568771906, "a_mp_1": 1.0563777588904373, "a_mp_2": 20.0, "a_mp_3": -32.58290110043653, "a_pm_0": -26.65911349921483, "a_pm_1": 20.0, "a_pm_2": -15.916837700376998, "a_pm_3": 20.0, "a_pp_1": -9.844802600334276, "a_pp_2": 4.9185917908516466, "a_pp_3": 20.0}, "datetime": {"datetime": "2024-07-12 22:17:30", "elapsed": 1180.196603, "delta": 11.669261}}
{"target": -3970.150144450602, "params": {"a_c_1": 0.0, "a_c_2": 10.0, "a_mm_0": -9.991893972254905, "a_mm_1": 20.0, "a_mm_2": 4.639158826384019, "a_mm_3": -8.909416058128752, "a_mp_0": 7.947315004960251, "a_mp_1": -15.660722189792226, "a_mp_2": 20.0, "a_mp_3": 20.0, "a_pm_0": 20.0, "a_pm_1": -25.69896989464511, "a_pm_2": -31.576444049168007, "a_pm_3": 20.0, "a_pp_1": 20.0, "a_pp_2": 20.0, "a_pp_3": 20.0}, "datetime": {"datetime": "2024-07-12 22:17:33", "elapsed": 1303.946636, "delta": 13.398837}}
{"target": -5619.085443321215, "params": {"a_c_1": 10.076137475042323, "a_c_2": 7.122481341629296, "a_mm_0": 0.38320609143411133, "a_mm_1": -20.76516759230526, "a_mm_2": 11.048336736982478, "a_mm_3": -3.8316478698911425, "a_mp_0": -18.166259128760263, "a_mp_1": -10.16974398151022, "a_mp_2": 10.330794465150937, "a_mp_3": 0.734526502998456, "a_pm_0": -32.974791564424415, "a_pm_1": 12.049765597696172, "a_pm_2": 6.151648547157215, "a_pm_3": 2.3628654400630467, "a_pp_1": 0.1107478263975068, "a_pp_2": -0.3923182924218125, "a_pp_3": -7.831239661929111}, "datetime": {"datetime": "2024-07-12 22:17:35", "elapsed": 1142.216892, "delta": 10.855147}}
{"target": -20470.84179459793, "params": {"a_c_1": 20.0, "a_c_2": 10.0, "a_mm_0": 20.0, "a_mm_1": 20.0, "a_mm_2": 7.273336586648885, "a_mm_3": -37.428594645072806, "a_mp_0": 3.0877983777153672, "a_mp_1": -10.071079130470684, "a_mp_2": 2.6613573129285135, "a_mp_3": 20.0, "a_pm_0": 11.6317382346932, "a_pm_1": -40.0, "a_pm_2": 20.0, "a_pm_3": -3.311845348066877, "a_pp_1": -40.0, "a_pp_2": 20.0, "a_pp_3": 20.0}, "datetime": {"datetime": "2024-07-12 22:17:36", "elapsed": 1208.503932, "delta": 12.077314}}
{"target": -4458.504054509409, "params": {"a_c_1": 0.0, "a_c_2": 10.0, "a_mm_0": 20.0, "a_mm_1": 20.0, "a_mm_2": 20.0, "a_mm_3": 20.0, "a_mp_0": -40.0, "a_mp_1": 20.0, "a_mp_2": -34.778432880003514, "a_mp_3": 17.26096458150311, "a_pm_0": 20.0, "a_pm_1": -13.5051928918392, "a_pm_2": 20.0, "a_pm_3": 1.8125183793351478, "a_pp_1": -40.0, "a_pp_2": 19.09061650216205, "a_pp_3": 20.0}, "datetime": {"datetime": "2024-07-12 22:17:39", "elapsed": 1167.707437, "delta": 13.696967}}
{"target": -367118.8204314703, "params": {"a_c_1": 14.318815889126684, "a_c_2": 5.477030444397323, "a_mm_0": -10.149086500516212, "a_mm_1": -23.98856906512911, "a_mm_2": 5.639923475709175, "a_mm_3": -20.382397793344282, "a_mp_0": -23.765814326217694, "a_mp_1": -35.63753162667051, "a_mp_2": -20.235142606886285, "a_mp_3": 12.559583432279034, "a_pm_0": -17.203503712575415, "a_pm_1": -34.554874605429355, "a_pm_2": -22.775234745344047, "a_pm_3": -39.02417852681525, "a_pp_1": -36.42097563922766, "a_pp_2": 6.042949331650291, "a_pp_3": -20.938381128427693}, "datetime": {"datetime": "2024-07-12 22:17:39", "elapsed": 1188.920652, "delta": 8.724049}}
{"target": -201792.46507719127, "params": {"a_c_1": 14.411341102475513, "a_c_2": 0.9971142025300528, "a_mm_0": 12.738819479451365, "a_mm_1": -4.270168240572751, "a_mm_2": 16.425685182603935, "a_mm_3": -28.03191061245886, "a_mp_0": -17.64506987606406, "a_mp_1": -2.272257320376113, "a_mp_2": -38.325137158453934, "a_mp_3": 15.11241699021489, "a_pm_0": 1.1401026228895077, "a_pm_1": -21.718693676100244, "a_pm_2": 17.83441364267317, "a_pm_3": -2.2889389867844585, "a_pp_1": -4.026501678159377, "a_pp_2": 9.429078669456096, "a_pp_3": -39.72833790585195}, "datetime": {"datetime": "2024-07-12 22:17:45", "elapsed": 1152.098251, "delta": 9.881359}}
{"target": -73993.05685260243, "params": {"a_c_1": 4.936129384533872, "a_c_2": 5.85140487243447, "a_mm_0": -9.659568362159835, "a_mm_1": -27.862151304702298, "a_mm_2": 12.007313655692101, "a_mm_3": 2.121021653865924, "a_mp_0": -24.98337454349845, "a_mp_1": 8.07497926506985, "a_mp_2": -27.507801938275435, "a_mp_3": -10.685890991726243, "a_pm_0": -9.308118063317465, "a_pm_1": -30.12392613017783, "a_pm_2": 9.943561189392831, "a_pm_3": 13.092527543842053, "a_pp_1": 18.39742091677264, "a_pp_2": 17.58455409468354, "a_pp_3": -35.15861850965329}, "datetime": {"datetime": "2024-07-12 22:17:46", "elapsed": 1217.717898, "delta": 9.213966}}
{"target": -10449.12259836344, "params": {"a_c_1": 20.0, "a_c_2": 10.0, "a_mm_0": 20.0, "a_mm_1": -40.0, "a_mm_2": 20.0, "a_mm_3": 20.0, "a_mp_0": 5.161902764862981, "a_mp_1": -16.700062810158617, "a_mp_2": 20.0, "a_mp_3": 20.0, "a_pm_0": 20.0, "a_pm_1": 20.0, "a_pm_2": 7.5625147199393234, "a_pm_3": -22.78909407235621, "a_pp_1": 20.0, "a_pp_2": 1.6703204552022335, "a_pp_3": 20.0}, "datetime": {"datetime": "2024-07-12 22:17:48", "elapsed": 1318.764446, "delta": 14.81781}}
{"target": -131513.2761129933, "params": {"a_c_1": 9.567500879292208, "a_c_2": 3.791492061717233, "a_mm_0": 13.122489489849265, "a_mm_1": -6.933557888457116, "a_mm_2": -26.887152592173457, "a_mm_3": 12.01504003705029, "a_mp_0": -11.726394492820972, "a_mp_1": 2.1379522693936934, "a_mp_2": 13.48764486486482, "a_mp_3": -29.768437579130577, "a_pm_0": -10.93777405488202, "a_pm_1": -21.549375980825914, "a_pm_2": -2.9457453174704327, "a_pm_3": -39.42766273937239, "a_pp_1": 7.039857768800289, "a_pp_2": -16.682032511974768, "a_pp_3": 14.114291495769272}, "datetime": {"datetime": "2024-07-12 22:17:50", "elapsed": 1199.405121, "delta": 10.484469}}
{"target": -59109.14698437661, "params": {"a_c_1": 0.0, "a_c_2": 10.0, "a_mm_0": 20.0, "a_mm_1": -30.149868882458666, "a_mm_2": 20.0, "a_mm_3": -10.750246372504472, "a_mp_0": -40.0, "a_mp_1": 20.0, "a_mp_2": -22.283238914212866, "a_mp_3": 20.0, "a_pm_0": -14.060242537847822, "a_pm_1": -40.0, "a_pm_2": 20.0, "a_pm_3": -10.761373794298892, "a_pp_1": 20.0, "a_pp_2": 20.0, "a_pp_3": 20.0}, "datetime": {"datetime": "2024-07-12 22:17:50", "elapsed": 1178.272622, "delta": 10.565185}}
{"target": -12377.909902539339, "params": {"a_c_1": 0.0, "a_c_2": 10.0, "a_mm_0": 20.0, "a_mm_1": -40.0, "a_mm_2": 20.0, "a_mm_3": 20.0, "a_mp_0": -40.0, "a_mp_1": -40.0, "a_mp_2": 20.0, "a_mp_3": 20.0, "a_pm_0": 20.0, "a_pm_1": -40.0, "a_pm_2": 20.0, "a_pm_3": -9.32804933771636, "a_pp_1": 20.0, "a_pp_2": 20.0, "a_pp_3": 20.0}, "datetime": {"datetime": "2024-07-12 22:17:58", "elapsed": 1229.99114, "delta": 12.273242}}
{"target": -2953.866792465598, "params": {"a_c_1": 20.0, "a_c_2": 10.0, "a_mm_0": -40.0, "a_mm_1": 20.0, "a_mm_2": 20.0, "a_mm_3": 13.150100584255624, "a_mp_0": -40.0, "a_mp_1": -16.21271054003462, "a_mp_2": 20.0, "a_mp_3": 4.663627709327949, "a_pm_0": 20.0, "a_pm_1": 20.0, "a_pm_2": -1.3113777588717042, "a_pm_3": 20.0, "a_pp_1": -13.10279521746513, "a_pp_2": -13.944158920074974, "a_pp_3": 20.0}, "datetime": {"datetime": "2024-07-12 22:17:58", "elapsed": 1165.794073, "delta": 13.695822}}
{"target": -9796.6297729689, "params": {"a_c_1": 0.0, "a_c_2": 10.0, "a_mm_0": -5.418421400225344, "a_mm_1": -40.0, "a_mm_2": 15.702054260187007, "a_mm_3": 6.529999001467832, "a_mp_0": 5.699020517252271, "a_mp_1": 20.0, "a_mp_2": 0.17229797446260417, "a_mp_3": 20.0, "a_pm_0": -2.3771171317298707, "a_pm_1": -40.0, "a_pm_2": -7.064610979954394, "a_pm_3": 20.0, "a_pp_1": 20.0, "a_pp_2": 20.0, "a_pp_3": 20.0}, "datetime": {"datetime": "2024-07-12 22:18:00", "elapsed": 1330.905117, "delta": 12.140671}}
{"target": -8525.989455065548, "params": {"a_c_1": 0.0, "a_c_2": 10.0, "a_mm_0": 20.0, "a_mm_1": 20.0, "a_mm_2": -29.650181663119415, "a_mm_3": -8.519649061890629, "a_mp_0": 20.0, "a_mp_1": -21.865294508325483, "a_mp_2": 20.0, "a_mp_3": 20.0, "a_pm_0": -19.29488238247337, "a_pm_1": -16.748346069427722, "a_pm_2": 20.0, "a_pm_3": 6.055753112616711, "a_pp_1": -29.94706376773037, "a_pp_2": 20.0, "a_pp_3": 15.522980016747962}, "datetime": {"datetime": "2024-07-12 22:18:02", "elapsed": 1212.054176, "delta": 12.649055}}
{"target": -7669.898835262666, "params": {"a_c_1": 20.0, "a_c_2": 10.0, "a_mm_0": 20.0, "a_mm_1": 20.0, "a_mm_2": -23.724407263457607, "a_mm_3": 20.0, "a_mp_0": -40.0, "a_mp_1": -18.522974766781164, "a_mp_2": 20.0, "a_mp_3": 20.0, "a_pm_0": 20.0, "a_pm_1": 11.927844267096878, "a_pm_2": 20.0, "a_pm_3": -21.336346756775228, "a_pp_1": -36.60183718569673, "a_pp_2": 20.0, "a_pp_3": 20.0}, "datetime": {"datetime": "2024-07-12 22:18:03", "elapsed": 1192.003858, "delta": 13.731236}}
{"target": -372490.6421182348, "params": {"a_c_1": 6.150614368733138, "a_c_2": 4.99205679594931, "a_mm_0": -26.58421974574442, "a_mm_1": -20.775721995386803, "a_mm_2": -33.81330851697135, "a_mm_3": -27.436028926250785, "a_mp_0": 12.248272705277778, "a_mp_1": 1.3217459132895328, "a_mp_2": 2.9987828569784583, "a_mp_3": -11.679583095971637, "a_pm_0": 5.284961740733046, "a_pm_1": 2.5907330103357253, "a_pm_2": 6.539810021129497, "a_pm_3": 5.560428573148208, "a_pp_1": -11.529581061773335, "a_pp_2": -19.906002565758442, "a_pp_3": -38.77977863761345}, "datetime": {"datetime": "2024-07-12 22:18:07", "elapsed": 1238.81426, "delta": 8.82312}}
{"target": -75291.82158505489, "params": {"a_c_1": 0.9402300755050486, "a_c_2": 6.393913568646662, "a_mm_0": -7.333632132294667, "a_mm_1": 12.881433789566742, "a_mm_2": 2.9056013298425256, "a_mm_3": -25.788462846241664, "a_mp_0": 8.549596648425414, "a_mp_1": -13.716365450735431, "a_mp_2": 19.22423120837334, "a_mp_3": -7.107730122710954, "a_pm_0": 7.226749885141906, "a_pm_1": -8.480176453110985, "a_pm_2": 13.827497729986561, "a_pm_3": 6.380559181621749, "a_pp_1": -17.601736291271926, "a_pp_2": 0.6069380794549417, "a_pp_3": -15.422398745761612}, "datetime": {"datetime": "2024-07-12 22:18:07", "elapsed": 1174.45404, "delta": 8.659967}}
{"target": -340088.33852054004, "params": {"a_c_1": 17.822165586034394, "a_c_2": 0.2980688531229536, "a_mm_0": 1.2900975498297527, "a_mm_1": 3.725998708615073, "a_mm_2": -32.981253165833344, "a_mm_3": -3.6017085694625095, "a_mp_0": 4.958219885013513, "a_mp_1": 6.893501411392357, "a_mp_2": -24.57387128277191, "a_mp_3": -26.667940226203942, "a_pm_0": -16.990536577066628, "a_pm_1": 4.7393383985383295, "a_pm_2": -17.72536344145899, "a_pm_3": 8.969233380625802, "a_pp_1": 9.144856957988758, "a_pp_2": -32.46422869108472, "a_pp_3": -26.088269189143457}, "datetime": {"datetime": "2024-07-12 22:18:11", "elapsed": 1220.729025, "delta": 8.674849}}
{"target": -179822.02538395865, "params": {"a_c_1": 9.603009547829549, "a_c_2": 6.089720685575335, "a_mm_0": 0.43357130653554776, "a_mm_1": -3.1431655655658943, "a_mm_2": -15.826004723855405, "a_mm_3": -22.490619828855174, "a_mp_0": -6.07209062148177, "a_mp_1": -3.674712264621455, "a_mp_2": -24.077410748950815, "a_mp_3": 0.6733375809516744, "a_pm_0": -19.816606636266158, "a_pm_1": -30.985978670412525, "a_pm_2": -9.576517324347652, "a_pm_3": 13.39787577094399, "a_pp_1": 7.475095352095032, "a_pp_2": -35.29028323354525, "a_pp_3": -6.211295506693418}, "datetime": {"datetime": "2024-07-12 22:18:13", "elapsed": 1201.792037, "delta": 9.788179}}
{"target": -185613.3913396577, "params": {"a_c_1": 7.453780868205273, "a_c_2": 0.040940846094090766, "a_mm_0": -29.70140093944751, "a_mm_1": -10.649988867922328, "a_mm_2": -14.013822677885884, "a_mm_3": -35.336109475025424, "a_mp_0": -3.072311330033223, "a_mp_1": -23.24301301825575, "a_mp_2": 6.76889730022377, "a_mp_3": -11.423061213495568, "a_pm_0": -11.785593021236465, "a_pm_1": -26.233865089610866, "a_pm_2": -22.434412719483618, "a_pm_3": 10.144810535701673, "a_pp_1": 19.288345323163412, "a_pp_2": -22.874742749338417, "a_pp_3": -16.15426299393953}, "datetime": {"datetime": "2024-07-12 22:18:15", "elapsed": 1246.943931, "delta": 8.129671}}
{"target": -30067.81640745283, "params": {"a_c_1": 0.0, "a_c_2": 10.0, "a_mm_0": 20.0, "a_mm_1": 20.0, "a_mm_2": 4.4627904089455255, "a_mm_3": -40.0, "a_mp_0": -40.0, "a_mp_1": 20.0, "a_mp_2": -15.068478266796896, "a_mp_3": 20.0, "a_pm_0": 20.0, "a_pm_1": -40.0, "a_pm_2": -9.783586558490875, "a_pm_3": 20.0, "a_pp_1": 20.0, "a_pp_2": 20.0, "a_pp_3": 20.0}, "datetime": {"datetime": "2024-07-12 22:18:16", "elapsed": 1346.870284, "delta": 15.965167}}
{"target": -200939.92218351757, "params": {"a_c_1": 18.231900249905188, "a_c_2": 9.932338723290451, "a_mm_0": -24.97972983466297, "a_mm_1": -28.613570771033245, "a_mm_2": -14.604610883702634, "a_mm_3": 18.049064071137472, "a_mp_0": -3.828587177712606, "a_mp_1": -28.760358765410274, "a_mp_2": 2.3573043908387987, "a_mp_3": -7.351702005907967, "a_pm_0": -3.0533505770029947, "a_pm_1": 4.739661966189509, "a_pm_2": -27.93036562607909, "a_pm_3": -21.913763199542178, "a_pp_1": 13.3086442273122, "a_pp_2": -24.313641085641695, "a_pp_3": -26.01364591701758}, "datetime": {"datetime": "2024-07-12 22:18:17", "elapsed": 1184.666314, "delta": 10.212274}}
{"target": -372875.2605605499, "params": {"a_c_1": 11.799164084582813, "a_c_2": 7.8847536587298395, "a_mm_0": 19.970360496714143, "a_mm_1": -27.435947766768706, "a_mm_2": -36.614252759313715, "a_mm_3": -26.195964763584996, "a_mp_0": -36.51422716681461, "a_mp_1": -21.631662564586094, "a_mp_2": 3.36288176400339, "a_mp_3": -8.767885464649979, "a_pm_0": -39.49712440731213, "a_pm_1": -6.149795110901614, "a_pm_2": -6.31213322189334, "a_pm_3": -28.20090941235251, "a_pp_1": -20.797702549842093, "a_pp_2": -31.398658235359193, "a_pp_3": -11.951247432911572}, "datetime": {"datetime": "2024-07-12 22:18:22", "elapsed": 1231.582318, "delta": 10.853293}}
{"target": -66180.6391776635, "params": {"a_c_1": 20.0, "a_c_2": 10.0, "a_mm_0": 20.0, "a_mm_1": -17.10694559126438, "a_mm_2": 20.0, "a_mm_3": 20.0, "a_mp_0": -40.0, "a_mp_1": -40.0, "a_mp_2": 10.89052951181237, "a_mp_3": 20.0, "a_pm_0": 20.0, "a_pm_1": 9.081577247784468, "a_pm_2": 18.42865232796272, "a_pm_3": 20.0, "a_pp_1": -16.059604871102998, "a_pp_2": 20.0, "a_pp_3": -40.0}, "datetime": {"datetime": "2024-07-12 22:18:23", "elapsed": 1211.891672, "delta": 10.099635}}
{"target": -157152.3659888958, "params": {"a_c_1": 13.653071482132793, "a_c_2": 8.408570698522672, "a_mm_0": -21.61292055379382, "a_mm_1": -16.457590065237188, "a_mm_2": -3.382800862619874, "a_mm_3": 3.671757678644397, "a_mp_0": -33.876944276202885, "a_mp_1": -33.205797589051976, "a_mp_2": -14.694434191698491, "a_mp_3": 2.680534525112641, "a_pm_0": -22.663645335787564, "a_pm_1": -32.64235953317997, "a_pm_2": -7.843567561200473, "a_pm_3": 5.2359925682430415, "a_pp_1": 7.668839452151914, "a_pp_2": -13.128118439051935, "a_pp_3": -32.09154627754928}, "datetime": {"datetime": "2024-07-12 22:18:26", "elapsed": 1356.926148, "delta": 10.055864}}
{"target": -18911.133194638394, "params": {"a_c_1": 20.0, "a_c_2": 10.0, "a_mm_0": -40.0, "a_mm_1": 6.666695623246537, "a_mm_2": -6.3566141023109655, "a_mm_3": -35.2124345840767, "a_mp_0": 20.0, "a_mp_1": -34.225483720776694, "a_mp_2": 20.0, "a_mp_3": 20.0, "a_pm_0": -39.687766957147, "a_pm_1": -11.903914538069955, "a_pm_2": -12.978249799390609, "a_pm_3": 20.0, "a_pp_1": 20.0, "a_pp_2": 20.0, "a_pp_3": 20.0}, "datetime": {"datetime": "2024-07-12 22:18:27", "elapsed": 1259.019382, "delta": 12.075451}}
{"target": -22588.430335974313, "params": {"a_c_1": 20.0, "a_c_2": 10.0, "a_mm_0": 20.0, "a_mm_1": 20.0, "a_mm_2": 12.63236961594292, "a_mm_3": 20.0, "a_mp_0": -40.0, "a_mp_1": -18.442599252958658, "a_mp_2": -9.372240741135258, "a_mp_3": -1.2440199690649991, "a_pm_0": -40.0, "a_pm_1": 20.0, "a_pm_2": 20.0, "a_pm_3": 20.0, "a_pp_1": 20.0, "a_pp_2": -27.024224257970165, "a_pp_3": 20.0}, "datetime": {"datetime": "2024-07-12 22:18:27", "elapsed": 1194.781287, "delta": 10.114973}}
{"target": -193842.30164123283, "params": {"a_c_1": 18.307572804556017, "a_c_2": 4.941951652397096, "a_mm_0": 2.3176203352428004, "a_mm_1": 14.916411078683922, "a_mm_2": 15.122617402696243, "a_mm_3": -30.772120985860056, "a_mp_0": -37.18815763953211, "a_mp_1": -9.626311428865229, "a_mp_2": 15.766304443860136, "a_mp_3": 8.724319714025974, "a_pm_0": 6.501375034878137, "a_pm_1": -16.704377813881795, "a_pm_2": 6.5946912647277, "a_pm_3": -17.329973825692125, "a_pp_1": -13.03168825281282, "a_pp_2": -13.04656854471489, "a_pp_3": -36.15350554585764}, "datetime": {"datetime": "2024-07-12 22:18:31", "elapsed": 1219.917454, "delta": 8.025782}}
{"target": -11330.440361928248, "params": {"a_c_1": 20.0, "a_c_2": 10.0, "a_mm_0": 20.0, "a_mm_1": 3.127266816831566, "a_mm_2": -3.7682743244508723, "a_mm_3": 7.560913609562269, "a_mp_0": -5.902616405840074, "a_mp_1": -8.646518227327848, "a_mp_2": 12.15887631470765, "a_mp_3": 3.8558919760591563, "a_pm_0": -33.785179503072065, "a_pm_1": -5.075142371877244, "a_pm_2": -3.908761465897997, "a_pm_3": 20.0, "a_pp_1": 0.23177379324143058, "a_pp_2": 19.43675128002007, "a_pp_3": -16.6386957670775}, "datetime": {"datetime": "2024-07-12 22:18:32", "elapsed": 1242.126443, "delta": 10.544125}}
{"target": -27320.99026001221, "params": {"a_c_1": 20.0, "a_c_2": 10.0, "a_mm_0": 20.0, "a_mm_1": -0.5267740278121981, "a_mm_2": 20.0, "a_mm_3": 20.0, "a_mp_0": -40.0, "a_mp_1": -40.0, "a_mp_2": 20.0, "a_mp_3": 20.0, "a_pm_0": 20.0, "a_pm_1": -17.448118176939527, "a_pm_2": 20.0, "a_pm_3": 20.0, "a_pp_1": -40.0, "a_pp_2": 20.0, "a_pp_3": -27.70351656359776}, "datetime": {"datetime": "2024-07-12 22:18:37", "elapsed": 1269.076253, "delta": 10.056871}}
{"target": -50071.06448821556, "params": {"a_c_1": 12.709048368874958, "a_c_2": 5.579056938236828, "a_mm_0": 11.475101841884786, "a_mm_1": -28.633805878071925, "a_mm_2": 3.4740461433364658, "a_mm_3": -19.717524678560647, "a_mp_0": 5.78864968269589, "a_mp_1": -15.670914645075133, "a_mp_2": -1.2040639539321347, "a_mp_3": 5.299214462784363, "a_pm_0": -19.69112524912886, "a_pm_1": 17.431019416107937, "a_pm_2": 16.023605179775636, "a_pm_3": 16.965564120000742, "a_pp_1": -30.37106275992487, "a_pp_2": 7.938661125467654, "a_pp_3": -10.929308697155037}, "datetime": {"datetime": "2024-07-12 22:18:37", "elapsed": 1204.587387, "delta": 9.8061}}
{"target": -7210.907139279975, "params": {"a_c_1": 0.0, "a_c_2": 10.0, "a_mm_0": 20.0, "a_mm_1": -20.305719253309444, "a_mm_2": -1.1865600826717224, "a_mm_3": 20.0, "a_mp_0": 20.0, "a_mp_1": -40.0, "a_mp_2": 10.926937274336991, "a_mp_3": 20.0, "a_pm_0": 20.0, "a_pm_1": -40.0, "a_pm_2": 20.0, "a_pm_3": 20.0, "a_pp_1": 2.4556616770106827, "a_pp_2": 20.0, "a_pp_3": 20.0}, "datetime": {"datetime": "2024-07-12 22:18:39", "elapsed": 1369.871811, "delta": 12.945663}}
{"target": -212994.56693698853, "params": {"a_c_1": 6.39749598502759, "a_c_2": 8.777217003719018, "a_mm_0": 7.115565698512867, "a_mm_1": -35.24725070964824, "a_mm_2": -36.52566668876132, "a_mm_3": 11.273780833633019, "a_mp_0": -12.483538367384334, "a_mp_1": -18.56188777459296, "a_mp_2": -27.72574552909824, "a_mp_3": -6.524963505109959, "a_pm_0": 13.175252364170696, "a_pm_1": -16.232155900972533, "a_pm_2": 19.569842607109848, "a_pm_3": -27.216040755492003, "a_pp_1": -23.78184594589213, "a_pp_2": -26.751058532184764, "a_pp_3": 18.28790781494319}, "datetime": {"datetime": "2024-07-12 22:18:41", "elapsed": 1229.439322, "delta": 9.521868}}
{"target": -13263.730312305359, "params": {"a_c_1": 0.0, "a_c_2": 10.0, "a_mm_0": -13.555234372922671, "a_mm_1": 20.0, "a_mm_2": 20.0, "a_mm_3": 20.0, "a_mp_0": 20.0, "a_mp_1": -21.47415936146132, "a_mp_2": -9.30270540963188, "a_mp_3": -16.659322251469415, "a_pm_0": -7.092663239556617, "a_pm_1": 20.0, "a_pm_2": 20.0, "a_pm_3": -0.9582808879808297, "a_pp_1": -19.480994085199082, "a_pp_2": -10.980228035549901, "a_pp_3": 20.0}, "datetime": {"datetime": "2024-07-12 22:18:43", "elapsed": 1252.592823, "delta": 10.46638}}
{"target": -37774.72338020419, "params": {"a_c_1": 20.0, "a_c_2": 10.0, "a_mm_0": 8.620062611842487, "a_mm_1": -40.0, "a_mm_2": 20.0, "a_mm_3": 20.0, "a_mp_0": -40.0, "a_mp_1": -6.277371269205192, "a_mp_2": 20.0, "a_mp_3": 20.0, "a_pm_0": 20.0, "a_pm_1": 2.9542177088346695, "a_pm_2": -28.450339586907212, "a_pm_3": 20.0, "a_pp_1": 20.0, "a_pp_2": 20.0, "a_pp_3": -21.45092614323969}, "datetime": {"datetime": "2024-07-12 22:18:47", "elapsed": 1278.851847, "delta": 9.775594}}
