{"target": -4473.286741583326, "params": {"a_c_1": 20.0, "a_c_2": 10.0, "a_mm_0": 20.0, "a_mm_1": 20.0, "a_mm_2": 20.0, "a_mm_3": 20.0, "a_mp_0": -40.0, "a_mp_1": -40.0, "a_mp_2": 20.0, "a_mp_3": 20.0, "a_pm_0": -40.0, "a_pm_1": -40.0, "a_pm_2": 20.0, "a_pm_3": 20.0, "a_pp_1": 20.0, "a_pp_2": 20.0, "a_pp_3": 20.0}, "datetime": {"datetime": "2024-07-12 22:59:15", "elapsed": 3684.529254, "delta": 9.678989}}
{"target": -140339.2146165418, "params": {"a_c_1": 4.370588204972552, "a_c_2": 7.764096069801367, "a_mm_0": -4.103517357011647, "a_mm_1": 17.53854310685025, "a_mm_2": 9.435404212138174, "a_mm_3": 19.328923722520024, "a_mp_0": 17.678067297806052, "a_mp_1": -23.945267887523134, "a_mp_2": 6.461931585162951, "a_mp_3": -35.557925499165954, "a_pm_0": 11.757865516713949, "a_pm_1": 5.321102666698735, "a_pm_2": 10.780996112901413, "a_pm_3": -29.74586220425746, "a_pp_1": -31.15927562596738, "a_pp_2": 8.656807368789806, "a_pp_3": -27.105656669171275}, "datetime": {"datetime": "2024-07-12 22:59:19", "elapsed": 3809.682014, "delta": 8.676206}}
{"target": -21718.261879325953, "params": {"a_c_1": 1.9952789530032278, "a_c_2": 6.770253359860861, "a_mm_0": 5.831939679240378, "a_mm_1": 15.8450304735007, "a_mm_2": -10.118078884838187, "a_mm_3": -1.305171359599882, "a_mp_0": -29.713484931739885, "a_mp_1": -26.00489163064541, "a_mp_2": 4.031223798545213, "a_mp_3": -0.19916939934196165, "a_pm_0": 5.489856074473607, "a_pm_1": -14.335746774864063, "a_pm_2": -13.613572242158867, "a_pm_3": -5.007362585807613, "a_pp_1": -3.9163346679430546, "a_pp_2": 7.404396355637793, "a_pp_3": -7.416850285591579}, "datetime": {"datetime": "2024-07-12 22:59:19", "elapsed": 3646.246282, "delta": 9.683973}}
{"target": -12109.48200157088, "params": {"a_c_1": 0.0, "a_c_2": 10.0, "a_mm_0": 20.0, "a_mm_1": -24.32008705915142, "a_mm_2": -5.10712480090359, "a_mm_3": -20.303271321554472, "a_mp_0": -9.035270401939323, "a_mp_1": 20.0, "a_mp_2": 20.0, "a_mp_3": 20.0, "a_pm_0": 20.0, "a_pm_1": -30.89769289108302, "a_pm_2": -11.895734499913875, "a_pm_3": -13.409032508737845, "a_pp_1": 20.0, "a_pp_2": 20.0, "a_pp_3": 20.0}, "datetime": {"datetime": "2024-07-12 22:59:24", "elapsed": 3716.533672, "delta": 10.695897}}
{"target": -6936.179502609215, "params": {"a_c_1": 20.0, "a_c_2": 10.0, "a_mm_0": 20.0, "a_mm_1": -40.0, "a_mm_2": 20.0, "a_mm_3": 20.0, "a_mp_0": -40.0, "a_mp_1": 20.0, "a_mp_2": -40.0, "a_mp_3": 20.0, "a_pm_0": -40.0, "a_pm_1": 20.0, "a_pm_2": 20.0, "a_pm_3": 20.0, "a_pp_1": 20.0, "a_pp_2": 20.0, "a_pp_3": 20.0}, "datetime": {"datetime": "2024-07-12 22:59:26", "elapsed": 3674.101098, "delta": 11.46069}}
{"target": -317614.59410117223, "params": {"a_c_1": 11.326235650192862, "a_c_2": 5.281938642141098, "a_mm_0": -8.282885151604436, "a_mm_1": 0.8282522609850815, "a_mm_2": 4.115582566102695, "a_mm_3": -36.64921338351179, "a_mp_0": 9.487862648812765, "a_mp_1": 1.0673789106159788, "a_mp_2": 8.12558994174995, "a_mp_3": -18.27342114600385, "a_pm_0": -38.442734891068724, "a_pm_1": 8.973939980895338, "a_pm_2": 7.3269269313296235, "a_pm_3": -28.382159437049143, "a_pp_1": -11.66259889172052, "a_pp_2": 7.263301802537924, "a_pp_3": -19.591077442008075}, "datetime": {"datetime": "2024-07-12 22:59:27", "elapsed": 3818.321863, "delta": 8.639849}}
{"target": -8454.5340127871, "params": {"a_c_1": 20.0, "a_c_2": 10.0, "a_mm_0": -40.0, "a_mm_1": 20.0, "a_mm_2": -40.0, "a_mm_3": 20.0, "a_mp_0": -28.932169074335736, "a_mp_1": 20.0, "a_mp_2": 20.0, "a_mp_3": 20.0, "a_pm_0": 0.036147248652709865, "a_pm_1": -40.0, "a_pm_2": 20.0, "a_pm_3": -12.832273450236993, "a_pp_1": -40.0, "a_pp_2": 20.0, "a_pp_3": 20.0}, "datetime": {"datetime": "2024-07-12 22:59:29", "elapsed": 3699.196113, "delta": 14.666859}}
{"target": -1310.9501972793312, "params": {"a_c_1": 20.0, "a_c_2": 10.0, "a_mm_0": -40.0, "a_mm_1": 20.0, "a_mm_2": 20.0, "a_mm_3": 20.0, "a_mp_0": -40.0, "a_mp_1": 20.0, "a_mp_2": 20.0, "a_mp_3": 20.0, "a_pm_0": 20.0, "a_pm_1": 20.0, "a_pm_2": 20.0, "a_pm_3": 20.0, "a_pp_1": -40.0, "a_pp_2": 20.0, "a_pp_3": 20.0}, "datetime": {"datetime": "2024-07-12 22:59:30", "elapsed": 3657.172428, "delta": 10.926146}}
{"target": -7726.1311782161465, "params": {"a_c_1": 20.0, "a_c_2": 10.0, "a_mm_0": -40.0, "a_mm_1": 20.0, "a_mm_2": -23.033828610977782, "a_mm_3": 20.0, "a_mp_0": -40.0, "a_mp_1": -40.0, "a_mp_2": 20.0, "a_mp_3": 20.0, "a_pm_0": -40.0, "a_pm_1": 20.0, "a_pm_2": 20.0, "a_pm_3": 20.0, "a_pp_1": -15.264849049714062, "a_pp_2": 1.3458137185148638, "a_pp_3": 20.0}, "datetime": {"datetime": "2024-07-12 22:59:37", "elapsed": 3685.867251, "delta": 11.766153}}
{"target": -9720.932291673118, "params": {"a_c_1": 0.0, "a_c_2": 10.0, "a_mm_0": -40.0, "a_mm_1": -40.0, "a_mm_2": 20.0, "a_mm_3": 20.0, "a_mp_0": 20.0, "a_mp_1": 20.0, "a_mp_2": -29.68901390699617, "a_mp_3": 20.0, "a_pm_0": 20.0, "a_pm_1": 20.0, "a_pm_2": -12.99622259845319, "a_pm_3": 20.0, "a_pp_1": 20.0, "a_pp_2": 20.0, "a_pp_3": 20.0}, "datetime": {"datetime": "2024-07-12 22:59:38", "elapsed": 3730.121236, "delta": 13.587564}}
{"target": -19763.499254121893, "params": {"a_c_1": 0.0, "a_c_2": 0.0, "a_mm_0": 20.0, "a_mm_1": 20.0, "a_mm_2": -7.643223396510233, "a_mm_3": 20.0, "a_mp_0": 20.0, "a_mp_1": 20.0, "a_mp_2": 0.21588606887598047, "a_mp_3": -22.01680624416277, "a_pm_0": -40.0, "a_pm_1": -40.0, "a_pm_2": 20.0, "a_pm_3": 20.0, "a_pp_1": 20.0, "a_pp_2": -7.628998201909, "a_pp_3": 20.0}, "datetime": {"datetime": "2024-07-12 22:59:39", "elapsed": 3830.510629, "delta": 12.188766}}
{"target": -5225.256586295729, "params": {"a_c_1": 20.0, "a_c_2": 10.0, "a_mm_0": -14.687389862106434, "a_mm_1": 20.0, "a_mm_2": -40.0, "a_mm_3": 20.0, "a_mp_0": -40.0, "a_mp_1": 20.0, "a_mp_2": 20.0, "a_mp_3": 20.0, "a_pm_0": 20.0, "a_pm_1": -40.0, "a_pm_2": 20.0, "a_pm_3": 20.0, "a_pp_1": 20.0, "a_pp_2": 20.0, "a_pp_3": 20.0}, "datetime": {"datetime": "2024-07-12 22:59:40", "elapsed": 3710.018828, "delta": 10.822715}}
{"target": -4532.78784956641, "params": {"a_c_1": 20.0, "a_c_2": 10.0, "a_mm_0": 20.0, "a_mm_1": -40.0, "a_mm_2": 20.0, "a_mm_3": 20.0, "a_mp_0": 20.0, "a_mp_1": -40.0, "a_mp_2": 20.0, "a_mp_3": 20.0, "a_pm_0": 20.0, "a_pm_1": 20.0, "a_pm_2": 20.0, "a_pm_3": 20.0, "a_pp_1": 20.0, "a_pp_2": 20.0, "a_pp_3": 20.0}, "datetime": {"datetime": "2024-07-12 22:59:43", "elapsed": 3670.873521, "delta": 13.701093}}
{"target": -35561.5371384862, "params": {"a_c_1": 5.647557810932664, "a_c_2": 9.862784502623182, "a_mm_0": -6.952048698703194, "a_mm_1": -11.75437627009379, "a_mm_2": -3.015668587416762, "a_mm_3": 9.815819973926658, "a_mp_0": -18.01180467285865, "a_mp_1": -3.193497775340255, "a_mp_2": 1.231156723720531, "a_mp_3": 16.143010546406245, "a_pm_0": -6.0827877583937635, "a_pm_1": 0.07800839580981034, "a_pm_2": -10.149279282869422, "a_pm_3": -0.7080348321178462, "a_pp_1": 19.594730952741394, "a_pp_2": -1.2062003935034582, "a_pp_3": -27.45383672379931}, "datetime": {"datetime": "2024-07-12 22:59:48", "elapsed": 3696.484402, "delta": 10.617151}}
{"target": -726.0117958997965, "params": {"a_c_1": 20.0, "a_c_2": 10.0, "a_mm_0": -40.0, "a_mm_1": 20.0, "a_mm_2": 20.0, "a_mm_3": 20.0, "a_mp_0": 20.0, "a_mp_1": 20.0, "a_mp_2": 20.0, "a_mp_3": 20.0, "a_pm_0": 20.0, "a_pm_1": 20.0, "a_pm_2": 20.0, "a_pm_3": 20.0, "a_pp_1": -40.0, "a_pp_2": 20.0, "a_pp_3": 20.0}, "datetime": {"datetime": "2024-07-12 22:59:50", "elapsed": 3719.622078, "delta": 9.60325}}
{"target": -21950.919931274766, "params": {"a_c_1": 0.0, "a_c_2": 10.0, "a_mm_0": 20.0, "a_mm_1": 20.0, "a_mm_2": -40.0, "a_mm_3": 20.0, "a_mp_0": 20.0, "a_mp_1": 20.0, "a_mp_2": 20.0, "a_mp_3": 20.0, "a_pm_0": 20.0, "a_pm_1": 20.0, "a_pm_2": 20.0, "a_pm_3": -39.38163736358879, "a_pp_1": 20.0, "a_pp_2": 20.0, "a_pp_3": 20.0}, "datetime": {"datetime": "2024-07-12 22:59:50", "elapsed": 3841.091104, "delta": 10.580475}}
{"target": -7882.747043667426, "params": {"a_c_1": 0.0, "a_c_2": 0.0, "a_mm_0": -40.0, "a_mm_1": 20.0, "a_mm_2": -13.599619061270841, "a_mm_3": 20.0, "a_mp_0": 20.0, "a_mp_1": 20.0, "a_mp_2": -40.0, "a_mp_3": 20.0, "a_pm_0": 20.0, "a_pm_1": 20.0, "a_pm_2": 20.0, "a_pm_3": 20.0, "a_pp_1": 20.0, "a_pp_2": 20.0, "a_pp_3": 20.0}, "datetime": {"datetime": "2024-07-12 22:59:51", "elapsed": 3743.106341, "delta": 12.985105}}
{"target": -21535.600380406522, "params": {"a_c_1": 0.0, "a_c_2": 10.0, "a_mm_0": 20.0, "a_mm_1": 20.0, "a_mm_2": 20.0, "a_mm_3": -23.0212232621921, "a_mp_0": -40.0, "a_mp_1": -40.0, "a_mp_2": -24.023579814468228, "a_mp_3": 20.0, "a_pm_0": -40.0, "a_pm_1": 20.0, "a_pm_2": 20.0, "a_pm_3": 20.0, "a_pp_1": -14.36848354175162, "a_pp_2": 4.688064906804578, "a_pp_3": 20.0}, "datetime": {"datetime": "2024-07-12 22:59:55", "elapsed": 3682.817039, "delta": 11.943518}}
{"target": -22307.577514638968, "params": {"a_c_1": 20.0, "a_c_2": 10.0, "a_mm_0": -40.0, "a_mm_1": -13.702980529451423, "a_mm_2": 7.62705550971862, "a_mm_3": 20.0, "a_mp_0": 20.0, "a_mp_1": 20.0, "a_mp_2": 20.0, "a_mp_3": -25.261114772763534, "a_pm_0": -12.798211696583829, "a_pm_1": -11.108000798923815, "a_pm_2": -40.0, "a_pm_3": 20.0, "a_pp_1": 20.0, "a_pp_2": 20.0, "a_pp_3": 20.0}, "datetime": {"datetime": "2024-07-12 22:59:59", "elapsed": 3707.272874, "delta": 10.788472}}
{"target": -1552.4423398998144, "params": {"a_c_1": 0.0, "a_c_2": 10.0, "a_mm_0": 20.0, "a_mm_1": 20.0, "a_mm_2": 20.0, "a_mm_3": 20.0, "a_mp_0": -40.0, "a_mp_1": -12.593754301309447, "a_mp_2": -13.445156834378157, "a_mp_3": -15.676283816517175, "a_pm_0": -3.2000013327952255, "a_pm_1": 20.0, "a_pm_2": -17.205936609017947, "a_pm_3": 1.3537527080509442, "a_pp_1": -6.334863292718625, "a_pp_2": 20.0, "a_pp_3": 20.0}, "datetime": {"datetime": "2024-07-12 23:00:02", "elapsed": 3731.498045, "delta": 11.875967}}
{"target": -8431.925035013614, "params": {"a_c_1": 0.0, "a_c_2": 10.0, "a_mm_0": -40.0, "a_mm_1": -40.0, "a_mm_2": -13.126673457717276, "a_mm_3": 20.0, "a_mp_0": -40.0, "a_mp_1": 20.0, "a_mp_2": -32.4073251677221, "a_mp_3": -21.306614701672572, "a_pm_0": -19.287546793541367, "a_pm_1": 20.0, "a_pm_2": 20.0, "a_pm_3": 20.0, "a_pp_1": 20.0, "a_pp_2": 20.0, "a_pp_3": 20.0}, "datetime": {"datetime": "2024-07-12 23:00:02", "elapsed": 3754.648255, "delta": 11.541914}}
{"target": -11528.068546569926, "params": {"a_c_1": 20.0, "a_c_2": 10.0, "a_mm_0": 20.0, "a_mm_1": -40.0, "a_mm_2": -16.88866901130013, "a_mm_3": 20.0, "a_mp_0": -40.0, "a_mp_1": 20.0, "a_mp_2": 20.0, "a_mp_3": 20.0, "a_pm_0": -40.0, "a_pm_1": 20.0, "a_pm_2": 20.0, "a_pm_3": 20.0, "a_pp_1": -40.0, "a_pp_2": 20.0, "a_pp_3": 20.0}, "datetime": {"datetime": "2024-07-12 23:00:04", "elapsed": 3855.304508, "delta": 14.213404}}
{"target": -4326.999691138132, "params": {"a_c_1": 20.0, "a_c_2": 10.0, "a_mm_0": -40.0, "a_mm_1": -40.0, "a_mm_2": 20.0, "a_mm_3": 20.0, "a_mp_0": 20.0, "a_mp_1": -40.0, "a_mp_2": 20.0, "a_mp_3": 20.0, "a_pm_0": 20.0, "a_pm_1": 20.0, "a_pm_2": 20.0, "a_pm_3": 20.0, "a_pp_1": 20.0, "a_pp_2": 20.0, "a_pp_3": 20.0}, "datetime": {"datetime": "2024-07-12 23:00:07", "elapsed": 3694.194198, "delta": 11.377159}}
{"target": -5592.02082221556, "params": {"a_c_1": 20.0, "a_c_2": 10.0, "a_mm_0": -40.0, "a_mm_1": 20.0, "a_mm_2": 20.0, "a_mm_3": 20.0, "a_mp_0": 20.0, "a_mp_1": 20.0, "a_mp_2": -40.0, "a_mp_3": 20.0, "a_pm_0": 20.0, "a_pm_1": -5.545905999120423, "a_pm_2": 20.0, "a_pm_3": 20.0, "a_pp_1": -40.0, "a_pp_2": 20.0, "a_pp_3": 20.0}, "datetime": {"datetime": "2024-07-12 23:00:10", "elapsed": 3718.939756, "delta": 11.666882}}
{"target": -3829.6747525703863, "params": {"a_c_1": 20.0, "a_c_2": 10.0, "a_mm_0": -40.0, "a_mm_1": 20.0, "a_mm_2": -33.34608901614698, "a_mm_3": 20.0, "a_mp_0": 20.0, "a_mp_1": -40.0, "a_mp_2": 20.0, "a_mp_3": 20.0, "a_pm_0": -40.0, "a_pm_1": 20.0, "a_pm_2": 20.0, "a_pm_3": 20.0, "a_pp_1": 20.0, "a_pp_2": 20.0, "a_pp_3": 20.0}, "datetime": {"datetime": "2024-07-12 23:00:15", "elapsed": 3744.340088, "delta": 12.842043}}
{"target": -18283.388105168542, "params": {"a_c_1": 20.0, "a_c_2": 10.0, "a_mm_0": 20.0, "a_mm_1": -40.0, "a_mm_2": 20.0, "a_mm_3": 20.0, "a_mp_0": 20.0, "a_mp_1": 20.0, "a_mp_2": 20.0, "a_mp_3": -28.161091720287942, "a_pm_0": -40.0, "a_pm_1": 20.0, "a_pm_2": -14.966722249350235, "a_pm_3": 20.0, "a_pp_1": -40.0, "a_pp_2": 20.0, "a_pp_3": 20.0}, "datetime": {"datetime": "2024-07-12 23:00:15", "elapsed": 3767.581258, "delta": 12.933003}}
{"target": -106074.16275651474, "params": {"a_c_1": 3.4878288100571297, "a_c_2": 4.6554853322266565, "a_mm_0": -16.032089479017163, "a_mm_1": -0.6346361286078945, "a_mm_2": -18.408789641359824, "a_mm_3": -13.240834213341522, "a_mp_0": 11.978947425350185, "a_mp_1": -15.317602606010698, "a_mp_2": -21.634514273929167, "a_mp_3": 5.357574593288085, "a_pm_0": -13.410619252089145, "a_pm_1": -9.735126052362151, "a_pm_2": 5.736929389970513, "a_pm_3": 2.09414643083133, "a_pp_1": -32.74552279292016, "a_pp_2": -18.257580414802124, "a_pp_3": 5.535278425455331}, "datetime": {"datetime": "2024-07-12 23:00:16", "elapsed": 3702.992085, "delta": 8.797887}}
{"target": -16274.392481287281, "params": {"a_c_1": 0.0, "a_c_2": 0.0, "a_mm_0": 20.0, "a_mm_1": -16.592148148424585, "a_mm_2": 14.200964322816855, "a_mm_3": -19.675549295799136, "a_mp_0": 20.0, "a_mp_1": 20.0, "a_mp_2": 20.0, "a_mp_3": 20.0, "a_pm_0": 2.787681824974546, "a_pm_1": -23.213500910564, "a_pm_2": -28.74492245644151, "a_pm_3": 20.0, "a_pp_1": -40.0, "a_pp_2": 20.0, "a_pp_3": 20.0}, "datetime": {"datetime": "2024-07-12 23:00:17", "elapsed": 3868.155377, "delta": 12.850869}}
{"target": -205603.20767343912, "params": {"a_c_1": 12.744591012298901, "a_c_2": 8.662843597433408, "a_mm_0": -7.218407153128879, "a_mm_1": 10.36660607423834, "a_mm_2": -20.313289499888658, "a_mm_3": -10.957776478823927, "a_mp_0": -23.403866091266774, "a_mp_1": -13.730388524078158, "a_mp_2": 13.95513327200836, "a_mp_3": 13.825509144502462, "a_pm_0": -39.922082806790804, "a_pm_1": -10.267934472720647, "a_pm_2": -14.01468727509394, "a_pm_3": -26.916982810419547, "a_pp_1": -38.73436089867162, "a_pp_2": -20.968844834102793, "a_pp_3": -6.626818412127612}, "datetime": {"datetime": "2024-07-12 23:00:20", "elapsed": 3728.785465, "delta": 9.845709}}
{"target": -318440.81670131464, "params": {"a_c_1": 0.11947853970484701, "a_c_2": 7.506812826140225, "a_mm_0": 2.494008324962472, "a_mm_1": 10.611536255544607, "a_mm_2": -22.017868149712154, "a_mm_3": -35.50814094669056, "a_mp_0": -4.017737798471849, "a_mp_1": 4.883114957132314, "a_mp_2": -34.5120153154156, "a_mp_3": 7.830169984211551, "a_pm_0": -24.093494589826474, "a_pm_1": 8.575897011729381, "a_pm_2": -28.318663322983323, "a_pm_3": -3.8185924126219675, "a_pp_1": -1.4097446493919747, "a_pp_2": -17.485222117405645, "a_pp_3": -24.20665364234349}, "datetime": {"datetime": "2024-07-12 23:00:24", "elapsed": 3711.919534, "delta": 8.927449}}
{"target": -61670.18958353387, "params": {"a_c_1": 3.6886913649550723, "a_c_2": 2.6822032928799597, "a_mm_0": -3.0043218080720635, "a_mm_1": -2.271383591531986, "a_mm_2": -32.219141755410995, "a_mm_3": -5.33672976806325, "a_mp_0": -13.684827338982679, "a_mp_1": -34.733444172974906, "a_mp_2": 18.315623684148626, "a_mp_3": 6.5155711802136125, "a_pm_0": -26.241538246160825, "a_pm_1": -1.6694858523754021, "a_pm_2": -18.29810643680524, "a_pm_3": -1.599537325127642, "a_pp_1": 17.064675457082686, "a_pp_2": 7.50248194647979, "a_pp_3": -15.593619468683286}, "datetime": {"datetime": "2024-07-12 23:00:24", "elapsed": 3776.631626, "delta": 9.050368}}
{"target": -24892.29859760475, "params": {"a_c_1": 0.0, "a_c_2": 10.0, "a_mm_0": -40.0, "a_mm_1": 20.0, "a_mm_2": -40.0, "a_mm_3": 20.0, "a_mp_0": 20.0, "a_mp_1": 20.0, "a_mp_2": 20.0, "a_mp_3": 20.0, "a_pm_0": -40.0, "a_pm_1": 20.0, "a_pm_2": -40.0, "a_pm_3": -10.751946975352672, "a_pp_1": 20.0, "a_pp_2": 20.0, "a_pp_3": 20.0}, "datetime": {"datetime": "2024-07-12 23:00:27", "elapsed": 3756.820034, "delta": 12.479946}}
{"target": -1617.711532047369, "params": {"a_c_1": 0.0, "a_c_2": 10.0, "a_mm_0": 20.0, "a_mm_1": -3.8485205979815778, "a_mm_2": -20.810072506403124, "a_mm_3": 20.0, "a_mp_0": 20.0, "a_mp_1": -40.0, "a_mp_2": -15.088360389886066, "a_mp_3": 20.0, "a_pm_0": 20.0, "a_pm_1": 20.0, "a_pm_2": 20.0, "a_pm_3": 20.0, "a_pp_1": 20.0, "a_pp_2": 20.0, "a_pp_3": 20.0}, "datetime": {"datetime": "2024-07-12 23:00:33", "elapsed": 3883.720415, "delta": 15.565038}}
{"target": -15544.869163268235, "params": {"a_c_1": 20.0, "a_c_2": 10.0, "a_mm_0": -40.0, "a_mm_1": 20.0, "a_mm_2": 20.0, "a_mm_3": 1.740083559721735, "a_mp_0": -40.0, "a_mp_1": 20.0, "a_mp_2": -20.17030215978067, "a_mp_3": 20.0, "a_pm_0": -40.0, "a_pm_1": 20.0, "a_pm_2": 20.0, "a_pm_3": 20.0, "a_pp_1": -18.49128634058594, "a_pp_2": -12.053938967514929, "a_pp_3": 6.493974840111253}, "datetime": {"datetime": "2024-07-12 23:00:33", "elapsed": 3741.869659, "delta": 13.084194}}
{"target": -187115.83691463943, "params": {"a_c_1": 19.122771010376173, "a_c_2": 4.208470478252556, "a_mm_0": 10.718169592698118, "a_mm_1": -8.532765069933575, "a_mm_2": -30.87868788276051, "a_mm_3": -20.91820377249251, "a_mp_0": -24.96419074562899, "a_mp_1": 6.030548690975117, "a_mp_2": -2.5281066916076895, "a_mp_3": 11.012734021564675, "a_pm_0": -31.88056548181127, "a_pm_1": -13.189181352421716, "a_pm_2": -6.347213005718103, "a_pm_3": -9.301488267083275, "a_pp_1": -35.38247776218613, "a_pp_2": -19.968185018432482, "a_pp_3": 1.8108191268667113}, "datetime": {"datetime": "2024-07-12 23:00:34", "elapsed": 3721.430031, "delta": 9.510497}}
{"target": -3366.584561369838, "params": {"a_c_1": 0.0, "a_c_2": 10.0, "a_mm_0": 20.0, "a_mm_1": -13.998608615490435, "a_mm_2": 0.38634461597194575, "a_mm_3": 1.1987390873672594, "a_mp_0": -12.695001768355683, "a_mp_1": 1.7234147884114586, "a_mp_2": -10.645522635002367, "a_mp_3": 20.0, "a_pm_0": -40.0, "a_pm_1": -13.451757818370051, "a_pm_2": -6.28831613854527, "a_pm_3": 20.0, "a_pp_1": 20.0, "a_pp_2": 4.41783523280472, "a_pp_3": -1.0740771176803658}, "datetime": {"datetime": "2024-07-12 23:00:35", "elapsed": 3786.79884, "delta": 10.167214}}
{"target": -41726.085262750465, "params": {"a_c_1": 20.0, "a_c_2": 10.0, "a_mm_0": -40.0, "a_mm_1": 20.0, "a_mm_2": -13.488215453605681, "a_mm_3": -20.713942984378182, "a_mp_0": 20.0, "a_mp_1": -40.0, "a_mp_2": 20.0, "a_mp_3": 20.0, "a_pm_0": -40.0, "a_pm_1": -40.0, "a_pm_2": 20.0, "a_pm_3": 20.0, "a_pp_1": 20.0, "a_pp_2": 20.0, "a_pp_3": 20.0}, "datetime": {"datetime": "2024-07-12 23:00:40", "elapsed": 3770.205935, "delta": 13.385901}}
{"target": -83377.38409487721, "params": {"a_c_1": 13.926580392153378, "a_c_2": 4.355038426723855, "a_mm_0": -36.952590580917416, "a_mm_1": 1.0516785180369297, "a_mm_2": -1.152654361747679, "a_mm_3": -17.072455177854376, "a_mp_0": -3.8850958005446046, "a_mp_1": -28.62539700659661, "a_mp_2": -8.162093831708358, "a_mp_3": 11.225806351871356, "a_pm_0": 4.462197906864986, "a_pm_1": -22.795218532418072, "a_pm_2": -38.286276789148666, "a_pm_3": -29.46926467561392, "a_pp_1": 9.412590005084695, "a_pp_2": 6.3272151328938335, "a_pp_3": 14.204094803076558}, "datetime": {"datetime": "2024-07-12 23:00:44", "elapsed": 3752.400412, "delta": 10.530753}}
{"target": -6583.563113290844, "params": {"a_c_1": 0.0, "a_c_2": 10.0, "a_mm_0": -40.0, "a_mm_1": -40.0, "a_mm_2": 20.0, "a_mm_3": 20.0, "a_mp_0": -40.0, "a_mp_1": 20.0, "a_mp_2": 20.0, "a_mp_3": 20.0, "a_pm_0": -40.0, "a_pm_1": 20.0, "a_pm_2": -19.70934631951124, "a_pm_3": -15.120561219942012, "a_pp_1": 20.0, "a_pp_2": 20.0, "a_pp_3": 20.0}, "datetime": {"datetime": "2024-07-12 23:00:45", "elapsed": 3896.320091, "delta": 12.599676}}
{"target": -23248.403200697827, "params": {"a_c_1": 20.0, "a_c_2": 10.0, "a_mm_0": -40.0, "a_mm_1": 20.0, "a_mm_2": 20.0, "a_mm_3": -28.83817642907902, "a_mp_0": 20.0, "a_mp_1": -40.0, "a_mp_2": 20.0, "a_mp_3": 20.0, "a_pm_0": 20.0, "a_pm_1": -40.0, "a_pm_2": 20.0, "a_pm_3": 20.0, "a_pp_1": -40.0, "a_pp_2": 20.0, "a_pp_3": 20.0}, "datetime": {"datetime": "2024-07-12 23:00:46", "elapsed": 3798.089304, "delta": 11.290464}}
{"target": -2682.392035107318, "params": {"a_c_1": 20.0, "a_c_2": 10.0, "a_mm_0": 20.0, "a_mm_1": 20.0, "a_mm_2": 20.0, "a_mm_3": 20.0, "a_mp_0": -40.0, "a_mp_1": -40.0, "a_mp_2": 20.0, "a_mp_3": 20.0, "a_pm_0": 20.0, "a_pm_1": -40.0, "a_pm_2": 20.0, "a_pm_3": 20.0, "a_pp_1": 20.0, "a_pp_2": 20.0, "a_pp_3": 20.0}, "datetime": {"datetime": "2024-07-12 23:00:49", "elapsed": 3735.98523, "delta": 14.555199}}
{"target": -5990.76628140283, "params": {"a_c_1": 0.0, "a_c_2": 10.0, "a_mm_0": 20.0, "a_mm_1": 20.0, "a_mm_2": -40.0, "a_mm_3": 20.0, "a_mp_0": 20.0, "a_mp_1": -40.0, "a_mp_2": 20.0, "a_mp_3": 20.0, "a_pm_0": -40.0, "a_pm_1": 20.0, "a_pm_2": 20.0, "a_pm_3": 20.0, "a_pp_1": 20.0, "a_pp_2": 20.0, "a_pp_3": 20.0}, "datetime": {"datetime": "2024-07-12 23:00:51", "elapsed": 3781.076826, "delta": 10.870891}}
{"target": -1271.825247107614, "params": {"a_c_1": 20.0, "a_c_2": 10.0, "a_mm_0": 20.0, "a_mm_1": -40.0, "a_mm_2": 20.0, "a_mm_3": 20.0, "a_mp_0": 20.0, "a_mp_1": 20.0, "a_mp_2": 20.0, "a_mp_3": 20.0, "a_pm_0": 20.0, "a_pm_1": -15.724639107885702, "a_pm_2": 2.780197397918376, "a_pm_3": 20.0, "a_pp_1": 20.0, "a_pp_2": 20.0, "a_pp_3": 20.0}, "datetime": {"datetime": "2024-07-12 23:00:55", "elapsed": 3763.890606, "delta": 11.490194}}
{"target": -4078.0626527410814, "params": {"a_c_1": 20.0, "a_c_2": 10.0, "a_mm_0": 20.0, "a_mm_1": -40.0, "a_mm_2": 20.0, "a_mm_3": 20.0, "a_mp_0": 20.0, "a_mp_1": 20.0, "a_mp_2": 20.0, "a_mp_3": 20.0, "a_pm_0": 20.0, "a_pm_1": -40.0, "a_pm_2": 20.0, "a_pm_3": 20.0, "a_pp_1": -40.0, "a_pp_2": 20.0, "a_pp_3": 20.0}, "datetime": {"datetime": "2024-07-12 23:00:59", "elapsed": 3811.001626, "delta": 12.912322}}
