{"target": -35538.64022284644, "params": {"a_c_1": 10.67301922818249, "a_c_2": 0.0, "a_mm_0": -8.485912728265536, "a_mm_1": 20.0, "a_mm_2": 20.0, "a_mm_3": -40.0, "a_mp_0": -40.0, "a_mp_1": -40.0, "a_mp_2": -40.0, "a_mp_3": 20.0, "a_pm_0": -40.0, "a_pm_1": 20.0, "a_pm_2": 20.0, "a_pm_3": 20.0, "a_pp_1": 20.0, "a_pp_2": 20.0, "a_pp_3": 20.0}, "datetime": {"datetime": "2024-07-12 22:32:02", "elapsed": 2030.545436, "delta": 13.267156}}
{"target": -4962.332839693674, "params": {"a_c_1": 20.0, "a_c_2": 10.0, "a_mm_0": 20.0, "a_mm_1": 20.0, "a_mm_2": -40.0, "a_mm_3": 20.0, "a_mp_0": 20.0, "a_mp_1": 20.0, "a_mp_2": 20.0, "a_mp_3": 20.0, "a_pm_0": 20.0, "a_pm_1": -40.0, "a_pm_2": 20.0, "a_pm_3": 20.0, "a_pp_1": 20.0, "a_pp_2": 20.0, "a_pp_3": 20.0}, "datetime": {"datetime": "2024-07-12 22:32:04", "elapsed": 2076.147323, "delta": 11.090329}}
{"target": -24783.057372880572, "params": {"a_c_1": 20.0, "a_c_2": 10.0, "a_mm_0": -40.0, "a_mm_1": -40.0, "a_mm_2": 20.0, "a_mm_3": 20.0, "a_mp_0": -40.0, "a_mp_1": 20.0, "a_mp_2": 20.0, "a_mp_3": 20.0, "a_pm_0": 20.0, "a_pm_1": 20.0, "a_pm_2": 20.0, "a_pm_3": -40.0, "a_pp_1": 20.0, "a_pp_2": 20.0, "a_pp_3": 20.0}, "datetime": {"datetime": "2024-07-12 22:32:05", "elapsed": 2176.327826, "delta": 9.681649}}
{"target": -25221.789355874695, "params": {"a_c_1": 0.0, "a_c_2": 10.0, "a_mm_0": 20.0, "a_mm_1": 20.0, "a_mm_2": 20.0, "a_mm_3": -40.0, "a_mp_0": 20.0, "a_mp_1": 20.0, "a_mp_2": -40.0, "a_mp_3": 20.0, "a_pm_0": -8.261906394932586, "a_pm_1": 20.0, "a_pm_2": 8.067916413822621, "a_pm_3": 20.0, "a_pp_1": -40.0, "a_pp_2": 20.0, "a_pp_3": 20.0}, "datetime": {"datetime": "2024-07-12 22:32:08", "elapsed": 2015.110348, "delta": 12.921867}}
{"target": -209232.3020470086, "params": {"a_c_1": 1.1776335887954947, "a_c_2": 5.591263978610614, "a_mm_0": -9.011038603632691, "a_mm_1": -10.794511792109052, "a_mm_2": -30.65960551706013, "a_mm_3": -0.6477830990121021, "a_mp_0": -9.433881734989424, "a_mp_1": -27.024990255629042, "a_mp_2": -25.325862674135305, "a_mp_3": -38.6421378165419, "a_pm_0": 7.767102435223904, "a_pm_1": 14.330532525536043, "a_pm_2": -37.24843116241827, "a_pm_3": -29.868012859671897, "a_pp_1": -3.0934391474131857, "a_pp_2": 17.54296195981273, "a_pp_3": 4.984666407695677}, "datetime": {"datetime": "2024-07-12 22:32:10", "elapsed": 2059.39769, "delta": 9.480587}}
{"target": -15992.572533632787, "params": {"a_c_1": 20.0, "a_c_2": 0.0, "a_mm_0": -40.0, "a_mm_1": -18.412528009832734, "a_mm_2": 20.0, "a_mm_3": 20.0, "a_mp_0": -40.0, "a_mp_1": -40.0, "a_mp_2": 20.0, "a_mp_3": -24.671704613209013, "a_pm_0": 20.0, "a_pm_1": -40.0, "a_pm_2": 20.0, "a_pm_3": 20.0, "a_pp_1": 20.0, "a_pp_2": 20.0, "a_pp_3": 20.0}, "datetime": {"datetime": "2024-07-12 22:32:14", "elapsed": 2042.249197, "delta": 11.703761}}
{"target": -23264.696094601335, "params": {"a_c_1": 20.0, "a_c_2": 10.0, "a_mm_0": -40.0, "a_mm_1": -5.744905731106992, "a_mm_2": -29.58818097899978, "a_mm_3": 20.0, "a_mp_0": -40.0, "a_mp_1": -40.0, "a_mp_2": 20.0, "a_mp_3": 20.0, "a_pm_0": -40.0, "a_pm_1": 20.0, "a_pm_2": 20.0, "a_pm_3": 20.0, "a_pp_1": -40.0, "a_pp_2": 20.0, "a_pp_3": 20.0}, "datetime": {"datetime": "2024-07-12 22:32:14", "elapsed": 2086.346499, "delta": 10.199176}}
{"target": -292409.12114707136, "params": {"a_c_1": 6.6125956028573185, "a_c_2": 9.74846412011152, "a_mm_0": 16.97149232533412, "a_mm_1": -37.81483611426556, "a_mm_2": 11.492656119841705, "a_mm_3": 15.959688724983515, "a_mp_0": 5.07625350881024, "a_mp_1": -14.095414085860241, "a_mp_2": -4.977278276673097, "a_mp_3": -39.4559664758682, "a_pm_0": -17.128625865183714, "a_pm_1": -16.509357069859234, "a_pm_2": -39.78632710277059, "a_pm_3": 8.480664835346886, "a_pp_1": -14.618633447432863, "a_pp_2": -33.046846742709846, "a_pp_3": 8.137767358811303}, "datetime": {"datetime": "2024-07-12 22:32:18", "elapsed": 2025.923009, "delta": 10.812661}}
{"target": -28825.430229784917, "params": {"a_c_1": 0.0, "a_c_2": 10.0, "a_mm_0": 20.0, "a_mm_1": 20.0, "a_mm_2": 20.0, "a_mm_3": -5.453549892857159, "a_mp_0": -40.0, "a_mp_1": -40.0, "a_mp_2": -5.014953202208632, "a_mp_3": 20.0, "a_pm_0": -40.0, "a_pm_1": 20.0, "a_pm_2": 20.0, "a_pm_3": 20.0, "a_pp_1": -40.0, "a_pp_2": 3.9811404619198054, "a_pp_3": 20.0}, "datetime": {"datetime": "2024-07-12 22:32:19", "elapsed": 2189.98542, "delta": 13.657594}}
{"target": -55015.67160692741, "params": {"a_c_1": 0.0, "a_c_2": 10.0, "a_mm_0": 20.0, "a_mm_1": 20.0, "a_mm_2": 20.0, "a_mm_3": 20.0, "a_mp_0": -40.0, "a_mp_1": -40.0, "a_mp_2": 8.562550297748553, "a_mp_3": 20.0, "a_pm_0": 20.0, "a_pm_1": -40.0, "a_pm_2": 20.0, "a_pm_3": 20.0, "a_pp_1": 18.615854098934676, "a_pp_2": 20.0, "a_pp_3": -35.924563363158576}, "datetime": {"datetime": "2024-07-12 22:32:21", "elapsed": 2071.221892, "delta": 11.824202}}
{"target": -108187.36369314932, "params": {"a_c_1": 13.34803913844637, "a_c_2": 3.2570075828453593, "a_mm_0": 14.630737453241963, "a_mm_1": -12.151922214560859, "a_mm_2": -9.366094627927218, "a_mm_3": 5.796926506234115, "a_mp_0": 13.039343501629254, "a_mp_1": -35.555636058710874, "a_mp_2": -7.297350185313491, "a_mp_3": 8.753913531513923, "a_pm_0": 4.484230471734577, "a_pm_1": -27.25805451280187, "a_pm_2": -0.887937068334594, "a_pm_3": -5.27244057220183, "a_pp_1": -7.890305278635211, "a_pp_2": -23.223954456101097, "a_pp_3": -0.2522738368938562}, "datetime": {"datetime": "2024-07-12 22:32:22", "elapsed": 2093.672108, "delta": 7.325609}}
{"target": -29664.742385437232, "params": {"a_c_1": 0.0, "a_c_2": 0.0, "a_mm_0": 20.0, "a_mm_1": 20.0, "a_mm_2": -40.0, "a_mm_3": 20.0, "a_mp_0": -40.0, "a_mp_1": 20.0, "a_mp_2": 20.0, "a_mp_3": -40.0, "a_pm_0": 20.0, "a_pm_1": 20.0, "a_pm_2": 20.0, "a_pm_3": 20.0, "a_pp_1": 20.0, "a_pp_2": 20.0, "a_pp_3": 20.0}, "datetime": {"datetime": "2024-07-12 22:32:25", "elapsed": 2053.768495, "delta": 11.519298}}
{"target": -73273.46118805045, "params": {"a_c_1": 20.0, "a_c_2": 10.0, "a_mm_0": 20.0, "a_mm_1": 20.0, "a_mm_2": 20.0, "a_mm_3": 20.0, "a_mp_0": -40.0, "a_mp_1": -40.0, "a_mp_2": 20.0, "a_mp_3": 20.0, "a_pm_0": 20.0, "a_pm_1": 20.0, "a_pm_2": 19.07478633783963, "a_pm_3": 20.0, "a_pp_1": 20.0, "a_pp_2": -40.0, "a_pp_3": -14.945784801814158}, "datetime": {"datetime": "2024-07-12 22:32:29", "elapsed": 2036.526312, "delta": 10.603303}}
{"target": -10903.413756616595, "params": {"a_c_1": 20.0, "a_c_2": 10.0, "a_mm_0": 20.0, "a_mm_1": 20.0, "a_mm_2": -40.0, "a_mm_3": 20.0, "a_mp_0": 20.0, "a_mp_1": 20.0, "a_mp_2": 20.0, "a_mp_3": 20.0, "a_pm_0": -40.0, "a_pm_1": 20.0, "a_pm_2": 20.0, "a_pm_3": 20.0, "a_pp_1": 20.0, "a_pp_2": 1.7511896499420105, "a_pp_3": 20.0}, "datetime": {"datetime": "2024-07-12 22:32:31", "elapsed": 2201.802082, "delta": 11.816662}}
{"target": -16059.138957771029, "params": {"a_c_1": 16.003588704492238, "a_c_2": 9.10346205246697, "a_mm_0": -21.986965112246946, "a_mm_1": 0.9835533402570675, "a_mm_2": 18.237159088249896, "a_mm_3": 14.228030292567531, "a_mp_0": 16.26516669126419, "a_mp_1": 3.463508519385229, "a_mp_2": -29.25371108968163, "a_mp_3": -33.41132313154339, "a_pm_0": -15.620802080345435, "a_pm_1": 5.343721551192473, "a_pm_2": 1.196207156207933, "a_pm_3": 17.329402407159826, "a_pp_1": 1.162445785925847, "a_pp_2": 8.716677802195733, "a_pp_3": 9.993290622265697}, "datetime": {"datetime": "2024-07-12 22:32:32", "elapsed": 2104.393399, "delta": 10.721291}}
{"target": -46204.26029398903, "params": {"a_c_1": 0.7571498756403461, "a_c_2": 5.0606923367753325, "a_mm_0": 9.874763370643599, "a_mm_1": -23.847343734370362, "a_mm_2": -8.25442859502704, "a_mm_3": -6.058545343210113, "a_mp_0": -38.537013591696756, "a_mp_1": 10.966458134675293, "a_mp_2": 19.95777644719645, "a_mp_3": -28.307555618440468, "a_pm_0": 13.627888116988188, "a_pm_1": 8.498884386565877, "a_pm_2": -28.562115237345175, "a_pm_3": 14.374351182641703, "a_pp_1": 9.504955104526182, "a_pp_2": 8.895437792777017, "a_pp_3": 6.741528675160929}, "datetime": {"datetime": "2024-07-12 22:32:33", "elapsed": 2083.029258, "delta": 11.807366}}
{"target": -47052.8398232577, "params": {"a_c_1": 20.0, "a_c_2": 10.0, "a_mm_0": 20.0, "a_mm_1": -40.0, "a_mm_2": 20.0, "a_mm_3": 20.0, "a_mp_0": -40.0, "a_mp_1": 20.0, "a_mp_2": 20.0, "a_mp_3": -40.0, "a_pm_0": 20.0, "a_pm_1": -40.0, "a_pm_2": -17.737703654272664, "a_pm_3": 20.0, "a_pp_1": 20.0, "a_pp_2": 20.0, "a_pp_3": 20.0}, "datetime": {"datetime": "2024-07-12 22:32:37", "elapsed": 2065.695233, "delta": 11.926738}}
{"target": -28385.318560000236, "params": {"a_c_1": 20.0, "a_c_2": 10.0, "a_mm_0": 20.0, "a_mm_1": 20.0, "a_mm_2": 20.0, "a_mm_3": 20.0, "a_mp_0": -40.0, "a_mp_1": -40.0, "a_mp_2": -40.0, "a_mp_3": -40.0, "a_pm_0": 20.0, "a_pm_1": 20.0, "a_pm_2": -0.6652002128718236, "a_pm_3": 20.0, "a_pp_1": 20.0, "a_pp_2": 20.0, "a_pp_3": 20.0}, "datetime": {"datetime": "2024-07-12 22:32:41", "elapsed": 2048.095965, "delta": 11.569653}}
{"target": -1241.872370679466, "params": {"a_c_1": 20.0, "a_c_2": 10.0, "a_mm_0": -40.0, "a_mm_1": 20.0, "a_mm_2": 20.0, "a_mm_3": 20.0, "a_mp_0": 20.0, "a_mp_1": 20.0, "a_mp_2": 20.0, "a_mp_3": 20.0, "a_pm_0": -40.0, "a_pm_1": 20.0, "a_pm_2": 20.0, "a_pm_3": 20.0, "a_pp_1": 20.0, "a_pp_2": -13.961862031434103, "a_pp_3": 20.0}, "datetime": {"datetime": "2024-07-12 22:32:41", "elapsed": 2212.241324, "delta": 10.439242}}
{"target": -169315.27534020666, "params": {"a_c_1": 0.7189447172336183, "a_c_2": 1.0132585890526657, "a_mm_0": 16.04437535276248, "a_mm_1": -23.661056501842154, "a_mm_2": -4.139871428424414, "a_mm_3": 16.32041670196864, "a_mp_0": -28.744768647433155, "a_mp_1": -12.256726262378315, "a_mp_2": -23.2312961794703, "a_mp_3": 5.4005865083621245, "a_pm_0": -5.537636160012937, "a_pm_1": -1.507158877800876, "a_pm_2": -12.448641904527914, "a_pm_3": -22.783987572111105, "a_pp_1": -33.240025785121176, "a_pp_2": -16.15098926789755, "a_pp_3": -6.486425612023233}, "datetime": {"datetime": "2024-07-12 22:32:44", "elapsed": 2093.722177, "delta": 10.692919}}
{"target": -66902.08658125722, "params": {"a_c_1": 20.0, "a_c_2": 10.0, "a_mm_0": -40.0, "a_mm_1": 20.0, "a_mm_2": -40.0, "a_mm_3": 20.0, "a_mp_0": 20.0, "a_mp_1": -40.0, "a_mp_2": 20.0, "a_mp_3": 20.0, "a_pm_0": 20.0, "a_pm_1": 20.0, "a_pm_2": 20.0, "a_pm_3": -40.0, "a_pp_1": 20.0, "a_pp_2": 20.0, "a_pp_3": 20.0}, "datetime": {"datetime": "2024-07-12 22:32:44", "elapsed": 2116.405727, "delta": 12.012328}}
{"target": -113834.8995629667, "params": {"a_c_1": 20.0, "a_c_2": 10.0, "a_mm_0": 20.0, "a_mm_1": 20.0, "a_mm_2": 20.0, "a_mm_3": 20.0, "a_mp_0": 20.0, "a_mp_1": -40.0, "a_mp_2": 20.0, "a_mp_3": -27.91018998075313, "a_pm_0": 20.0, "a_pm_1": 20.0, "a_pm_2": -40.0, "a_pm_3": 20.0, "a_pp_1": -18.518830185228474, "a_pp_2": 20.0, "a_pp_3": -40.0}, "datetime": {"datetime": "2024-07-12 22:32:47", "elapsed": 2075.816537, "delta": 10.121304}}
{"target": -160013.15686575387, "params": {"a_c_1": 15.993531796152089, "a_c_2": 2.4470389670192416, "a_mm_0": -17.291087375031253, "a_mm_1": -4.280666658452439, "a_mm_2": -13.219492379581737, "a_mm_3": -26.56612233559781, "a_mp_0": 10.973400591495057, "a_mp_1": -22.143365486036338, "a_mp_2": -9.504863135511105, "a_mp_3": 16.609873106801317, "a_pm_0": 3.125106726336597, "a_pm_1": 10.54675473853895, "a_pm_2": -19.780158088601272, "a_pm_3": 4.3350851740456235, "a_pp_1": -16.017104025358204, "a_pp_2": -37.42168298013614, "a_pp_3": 2.8744133261781926}, "datetime": {"datetime": "2024-07-12 22:32:49", "elapsed": 2056.311696, "delta": 8.215731}}
{"target": -17550.57748409481, "params": {"a_c_1": 0.0, "a_c_2": 10.0, "a_mm_0": -40.0, "a_mm_1": 20.0, "a_mm_2": 20.0, "a_mm_3": 20.0, "a_mp_0": -40.0, "a_mp_1": 20.0, "a_mp_2": 20.0, "a_mp_3": -40.0, "a_pm_0": 20.0, "a_pm_1": 20.0, "a_pm_2": 20.0, "a_pm_3": 20.0, "a_pp_1": -40.0, "a_pp_2": 20.0, "a_pp_3": 20.0}, "datetime": {"datetime": "2024-07-12 22:32:51", "elapsed": 2222.474718, "delta": 10.233394}}
{"target": -302144.69536336977, "params": {"a_c_1": 6.583892122240607, "a_c_2": 3.813231244511944, "a_mm_0": -39.57906685610741, "a_mm_1": -4.144816770180725, "a_mm_2": -12.243746521104754, "a_mm_3": 19.94556547197547, "a_mp_0": -30.73647305119992, "a_mp_1": -12.651523020259464, "a_mp_2": -23.593381944036054, "a_mp_3": -19.90895438568686, "a_pm_0": -37.47693699526052, "a_pm_1": 16.970428786728476, "a_pm_2": -38.96960938766777, "a_pm_3": -4.455471425750389, "a_pp_1": 3.4217948834329874, "a_pp_2": -12.02828618244141, "a_pp_3": -36.11709721931966}, "datetime": {"datetime": "2024-07-12 22:32:54", "elapsed": 2103.637717, "delta": 9.91554}}
{"target": -184111.86862388553, "params": {"a_c_1": 5.356864442724055, "a_c_2": 3.1195046428643947, "a_mm_0": -19.56035446774158, "a_mm_1": -19.452252929696726, "a_mm_2": -17.83660617639325, "a_mm_3": -31.075962826194072, "a_mp_0": -19.94302245671497, "a_mp_1": -19.9898414640392, "a_mp_2": -32.893123772870496, "a_mp_3": 12.027386910209323, "a_pm_0": -20.458135330773114, "a_pm_1": 10.865193544908294, "a_pm_2": -11.184504672085257, "a_pm_3": -20.004579986763545, "a_pp_1": -20.028418203090233, "a_pp_2": -2.328086908030599, "a_pp_3": 13.113595970034886}, "datetime": {"datetime": "2024-07-12 22:32:56", "elapsed": 2084.209149, "delta": 8.392612}}
{"target": -6448.361260480536, "params": {"a_c_1": 20.0, "a_c_2": 10.0, "a_mm_0": -40.0, "a_mm_1": -40.0, "a_mm_2": -40.0, "a_mm_3": 20.0, "a_mp_0": -40.0, "a_mp_1": 20.0, "a_mp_2": 20.0, "a_mp_3": 20.0, "a_pm_0": -40.0, "a_pm_1": 20.0, "a_pm_2": 20.0, "a_pm_3": 20.0, "a_pp_1": 20.0, "a_pp_2": 20.0, "a_pp_3": 20.0}, "datetime": {"datetime": "2024-07-12 22:32:56", "elapsed": 2127.828235, "delta": 11.422508}}
{"target": -167856.45355137097, "params": {"a_c_1": 19.26397792979123, "a_c_2": 6.919624347757619, "a_mm_0": -34.27261657435926, "a_mm_1": -19.402055774715052, "a_mm_2": -25.28507028075324, "a_mm_3": 3.7854043615123842, "a_mp_0": 8.792483598072806, "a_mp_1": 5.411477030937128, "a_mp_2": -31.03194626815761, "a_mp_3": -35.5898267677809, "a_pm_0": -39.5482266118187, "a_pm_1": -19.2725851945611, "a_pm_2": 16.97539933298068, "a_pm_3": 11.22008837652072, "a_pp_1": -6.708872878719447, "a_pp_2": -26.908945602263014, "a_pp_3": -5.234913899270332}, "datetime": {"datetime": "2024-07-12 22:33:00", "elapsed": 2231.420977, "delta": 8.946259}}
{"target": -18352.745767652534, "params": {"a_c_1": 20.0, "a_c_2": 10.0, "a_mm_0": 20.0, "a_mm_1": 20.0, "a_mm_2": 20.0, "a_mm_3": -29.905892747612818, "a_mp_0": 20.0, "a_mp_1": -40.0, "a_mp_2": 20.0, "a_mp_3": 20.0, "a_pm_0": 20.0, "a_pm_1": 20.0, "a_pm_2": -16.315657524161722, "a_pm_3": 20.0, "a_pp_1": -37.12501173509197, "a_pp_2": 20.0, "a_pp_3": 20.0}, "datetime": {"datetime": "2024-07-12 22:33:02", "elapsed": 2069.740187, "delta": 13.428491}}
{"target": -307113.33505116665, "params": {"a_c_1": 15.52694258523745, "a_c_2": 1.568546459639969, "a_mm_0": -10.219136253185177, "a_mm_1": -7.156001179133547, "a_mm_2": -20.585768586550518, "a_mm_3": -24.224763540256905, "a_mp_0": -36.77100187801933, "a_mp_1": -32.99605198799969, "a_mp_2": -6.9426832322590215, "a_mp_3": -36.53874222047928, "a_pm_0": -35.59044054462541, "a_pm_1": -0.8629043600504644, "a_pm_2": -3.479936734318649, "a_pm_3": 12.317701162573876, "a_pp_1": 6.691454401015655, "a_pp_2": -30.880249583930595, "a_pp_3": -37.195621034444486}, "datetime": {"datetime": "2024-07-12 22:33:03", "elapsed": 2113.233624, "delta": 9.595907}}
{"target": -81653.85918134477, "params": {"a_c_1": 12.43281280058155, "a_c_2": 4.712147251402801, "a_mm_0": 18.06631134535276, "a_mm_1": -27.322521810749414, "a_mm_2": 3.7940332123640204, "a_mm_3": -19.561880259503575, "a_mp_0": 8.241024222031719, "a_mp_1": 3.4549867097302354, "a_mp_2": -4.08325553217805, "a_mp_3": -25.40025804732846, "a_pm_0": -10.01846197590972, "a_pm_1": -8.616504395342247, "a_pm_2": -28.945071396736182, "a_pm_3": 4.74468933079303, "a_pp_1": 15.135067060696244, "a_pp_2": 11.469983987799033, "a_pp_3": -17.106519751873943}, "datetime": {"datetime": "2024-07-12 22:33:05", "elapsed": 2137.58886, "delta": 9.760625}}
{"target": -30772.150672070333, "params": {"a_c_1": 20.0, "a_c_2": 10.0, "a_mm_0": 2.8088149760808894, "a_mm_1": 20.0, "a_mm_2": -25.056637614928828, "a_mm_3": 20.0, "a_mp_0": 20.0, "a_mp_1": 20.0, "a_mp_2": 20.0, "a_mp_3": -20.595371732374087, "a_pm_0": -40.0, "a_pm_1": -40.0, "a_pm_2": -14.559208515632006, "a_pm_3": 20.0, "a_pp_1": 20.0, "a_pp_2": -1.6379507821567547, "a_pp_3": 20.0}, "datetime": {"datetime": "2024-07-12 22:33:09", "elapsed": 2097.890732, "delta": 13.681583}}
{"target": -67705.50719184591, "params": {"a_c_1": 0.0, "a_c_2": 10.0, "a_mm_0": 20.0, "a_mm_1": 20.0, "a_mm_2": 20.0, "a_mm_3": -37.64036176757481, "a_mp_0": -40.0, "a_mp_1": 20.0, "a_mp_2": 20.0, "a_mp_3": 20.0, "a_pm_0": -40.0, "a_pm_1": 20.0, "a_pm_2": -40.0, "a_pm_3": 20.0, "a_pp_1": 20.0, "a_pp_2": -14.088232333922036, "a_pp_3": 20.0}, "datetime": {"datetime": "2024-07-12 22:33:10", "elapsed": 2240.849638, "delta": 9.428661}}
{"target": -10152.979778281626, "params": {"a_c_1": 20.0, "a_c_2": 10.0, "a_mm_0": 20.0, "a_mm_1": -20.911243986550357, "a_mm_2": -24.220296765901065, "a_mm_3": 20.0, "a_mp_0": -40.0, "a_mp_1": 20.0, "a_mp_2": 20.0, "a_mp_3": 8.480482023468195, "a_pm_0": -40.0, "a_pm_1": -40.0, "a_pm_2": 17.711731175852734, "a_pm_3": 20.0, "a_pp_1": -28.439426494642095, "a_pp_2": 20.0, "a_pp_3": 20.0}, "datetime": {"datetime": "2024-07-12 22:33:14", "elapsed": 2081.463987, "delta": 11.7238}}
{"target": -167648.1620023855, "params": {"a_c_1": 6.367898686112115, "a_c_2": 9.50022744375957, "a_mm_0": -25.51058878916147, "a_mm_1": -4.714986482961514, "a_mm_2": -36.193913535556526, "a_mm_3": -39.1072683983313, "a_mp_0": -22.671121202206574, "a_mp_1": -30.157635935287654, "a_mp_2": -9.825040941783783, "a_mp_3": -0.3536095859376829, "a_pm_0": -13.706110867608665, "a_pm_1": -12.126256418781502, "a_pm_2": -37.97355943711525, "a_pm_3": 6.584831964040667, "a_pp_1": 2.708355400003917, "a_pp_2": 19.27836950819446, "a_pp_3": 1.8319013020984087}, "datetime": {"datetime": "2024-07-12 22:33:15", "elapsed": 2147.16504, "delta": 9.57618}}
{"target": -12862.611345203342, "params": {"a_c_1": 0.0, "a_c_2": 10.0, "a_mm_0": 20.0, "a_mm_1": -40.0, "a_mm_2": 20.0, "a_mm_3": -28.91017648337999, "a_mp_0": -40.0, "a_mp_1": 20.0, "a_mp_2": 20.0, "a_mp_3": 20.0, "a_pm_0": 20.0, "a_pm_1": -40.0, "a_pm_2": -29.545802107258048, "a_pm_3": 20.0, "a_pp_1": 20.0, "a_pp_2": 20.0, "a_pp_3": 20.0}, "datetime": {"datetime": "2024-07-12 22:33:15", "elapsed": 2125.10918, "delta": 11.875556}}
{"target": -18729.329919996384, "params": {"a_c_1": 0.0, "a_c_2": 10.0, "a_mm_0": -40.0, "a_mm_1": 20.0, "a_mm_2": 20.0, "a_mm_3": 20.0, "a_mp_0": 20.0, "a_mp_1": 20.0, "a_mp_2": 20.0, "a_mp_3": -40.0, "a_pm_0": 20.0, "a_pm_1": 20.0, "a_pm_2": 20.0, "a_pm_3": 20.0, "a_pp_1": 20.0, "a_pp_2": -10.21328759279364, "a_pp_3": 20.0}, "datetime": {"datetime": "2024-07-12 22:33:19", "elapsed": 2250.445728, "delta": 9.59609}}
{"target": -26445.001401492722, "params": {"a_c_1": 20.0, "a_c_2": 0.0, "a_mm_0": -40.0, "a_mm_1": 20.0, "a_mm_2": -22.36727192729315, "a_mm_3": -40.0, "a_mp_0": 20.0, "a_mp_1": 20.0, "a_mp_2": 20.0, "a_mp_3": 20.0, "a_pm_0": 20.0, "a_pm_1": 20.0, "a_pm_2": -40.0, "a_pm_3": 20.0, "a_pp_1": 20.0, "a_pp_2": 20.0, "a_pp_3": 20.0}, "datetime": {"datetime": "2024-07-12 22:33:20", "elapsed": 2108.716322, "delta": 10.82559}}
{"target": -42757.73798061686, "params": {"a_c_1": 8.137082207985554, "a_c_2": 9.427647949227218, "a_mm_0": -31.638980908323155, "a_mm_1": 1.7759692411924135, "a_mm_2": 9.21728883446545, "a_mm_3": -19.88041257398971, "a_mp_0": 2.0069291871558264, "a_mp_1": 11.9181832169078, "a_mp_2": 3.0201529389451096, "a_mp_3": -21.70498717539783, "a_pm_0": 17.1537530650769, "a_pm_1": -38.361114821249465, "a_pm_2": -29.92509600916754, "a_pm_3": -11.794181873859902, "a_pp_1": 6.8454895886319065, "a_pp_2": 15.659027829236642, "a_pp_3": 12.510384155353101}, "datetime": {"datetime": "2024-07-12 22:33:24", "elapsed": 2155.852677, "delta": 8.687637}}
{"target": -24328.423324802985, "params": {"a_c_1": 0.0, "a_c_2": 10.0, "a_mm_0": -40.0, "a_mm_1": 20.0, "a_mm_2": 20.0, "a_mm_3": -28.406510393387354, "a_mp_0": 20.0, "a_mp_1": -40.0, "a_mp_2": 20.0, "a_mp_3": 20.0, "a_pm_0": -40.0, "a_pm_1": 20.0, "a_pm_2": 20.0, "a_pm_3": 20.0, "a_pp_1": -40.0, "a_pp_2": -22.57610125600677, "a_pp_3": 20.0}, "datetime": {"datetime": "2024-07-12 22:33:27", "elapsed": 2137.035996, "delta": 11.926816}}
{"target": -240008.77225760248, "params": {"a_c_1": 13.99013669976159, "a_c_2": 2.386704809094009, "a_mm_0": -10.019296217011483, "a_mm_1": 19.940172730687387, "a_mm_2": -16.76999579722638, "a_mm_3": -3.6953692698460543, "a_mp_0": 2.8689885125739423, "a_mp_1": -36.51739823392375, "a_mp_2": -34.73435607301346, "a_mp_3": 6.9481660206893, "a_pm_0": 16.09678367786536, "a_pm_1": -6.33852520064265, "a_pm_2": -11.924771203948257, "a_pm_3": -2.3663063674292104, "a_pp_1": 8.349124895323484, "a_pp_2": -32.80766647719789, "a_pp_3": -31.761276041496963}, "datetime": {"datetime": "2024-07-12 22:33:28", "elapsed": 2116.921256, "delta": 8.204934}}
{"target": -15834.369532938405, "params": {"a_c_1": 20.0, "a_c_2": 10.0, "a_mm_0": 20.0, "a_mm_1": 20.0, "a_mm_2": 20.0, "a_mm_3": -24.908986587334276, "a_mp_0": -40.0, "a_mp_1": -14.281914953206714, "a_mp_2": -23.621311752582066, "a_mp_3": 20.0, "a_pm_0": 20.0, "a_pm_1": 20.0, "a_pm_2": -24.56897778364713, "a_pm_3": 20.0, "a_pp_1": -28.927901070265147, "a_pp_2": 20.0, "a_pp_3": 20.0}, "datetime": {"datetime": "2024-07-12 22:33:29", "elapsed": 2096.144792, "delta": 14.680805}}
{"target": -1696.0644065209658, "params": {"a_c_1": 20.0, "a_c_2": 10.0, "a_mm_0": -40.0, "a_mm_1": 20.0, "a_mm_2": 20.0, "a_mm_3": -8.852040716149752, "a_mp_0": 20.0, "a_mp_1": -40.0, "a_mp_2": 20.0, "a_mp_3": 20.0, "a_pm_0": -40.0, "a_pm_1": 20.0, "a_pm_2": 20.0, "a_pm_3": 20.0, "a_pp_1": 20.0, "a_pp_2": 20.0, "a_pp_3": 20.0}, "datetime": {"datetime": "2024-07-12 22:33:30", "elapsed": 2261.577236, "delta": 11.131508}}
