{"target": -341847.76048546063, "params": {"a_c_1": 8.34044009405148, "a_c_2": 7.203244934421581, "a_mm_0": -39.99313751095931, "a_mm_1": -21.860045642089613, "a_mm_2": -31.194646550973218, "a_mm_3": -34.45968431387213, "a_mp_0": -28.824387317339745, "a_mp_1": -19.266356377417136, "a_mp_2": -16.193951546159802, "a_mp_3": -7.6709959597985815, "a_pm_0": -14.848329135802313, "a_pm_1": 1.1131700238055728, "a_pm_2": -27.732865016108953, "a_pm_3": 12.687046183456722, "a_pp_1": -38.35674440812443, "a_pp_2": 0.22805061070413046, "a_pp_3": -14.961711857972382}, "datetime": {"datetime": "2024-07-12 21:55:49", "elapsed": 0.0, "delta": 0.0}}
{"target": -322967.5082991363, "params": {"a_c_1": 11.173796568915034, "a_c_2": 1.4038693859523377, "a_mm_0": -28.113910654907272, "a_mm_1": 8.0446741205322, "a_mm_2": 18.09569454316385, "a_mm_3": -21.19454931044543, "a_mp_0": 1.5393569401588465, "a_mp_1": 12.583349137762298, "a_mp_2": 13.67639981023084, "a_mp_3": -34.89734731781333, "a_pm_0": -37.65671300602706, "a_pm_1": -29.810174826125866, "a_pm_2": 12.688550205764791, "a_pm_3": -34.099189970016994, "a_pp_1": -14.73354249969687, "a_pp_2": 17.473371809030112, "a_pp_3": -8.010082901618976}, "datetime": {"datetime": "2024-07-12 21:55:57", "elapsed": 7.756659, "delta": 7.756659}}
{"target": -247039.11052588973, "params": {"a_c_1": 13.837542279009467, "a_c_2": 3.1551563100606295, "a_mm_0": 1.1900556608950197, "a_mm_1": 10.077540313842377, "a_mm_2": -38.90270335934849, "a_mm_3": 5.008658896698051, "a_mp_0": 19.331665334389683, "a_mp_1": 4.889939262790364, "a_mp_2": -23.173360476135688, "a_mp_3": 7.35675970708931, "a_pm_0": -33.80643960534148, "a_pm_1": -13.12638842944569, "a_pm_2": 14.515730185585731, "a_pm_3": -22.38315109757923, "a_pp_1": -22.733479684819077, "a_pp_2": -32.19828567290334, "a_pp_3": -38.837982527782174}, "datetime": {"datetime": "2024-07-12 21:56:06", "elapsed": 17.085083, "delta": 9.328424}}
{"target": -257995.78039140103, "params": {"a_c_1": 13.576710658797818, "a_c_2": 2.1162811600005904, "a_mm_0": -24.06720043766643, "a_mm_1": -10.505610443179702, "a_mm_2": -36.79824729297518, "a_mm_3": -5.552943670479216, "a_mp_0": -31.19628550565139, "a_mp_1": -4.6416677858029445, "a_mp_2": 1.9855016012558693, "a_mp_3": -33.85993427033045, "a_pm_0": -15.156640730825902, "a_pm_1": 1.664009463664705, "a_pm_2": -15.149243828385842, "a_pm_3": -37.00279246323477, "a_pp_1": -7.846215645069307, "a_pp_2": -0.172321286812668, "a_pp_3": -9.106653276501486}, "datetime": {"datetime": "2024-07-12 21:56:14", "elapsed": 25.531508, "delta": 8.446425}}
{"target": -137307.08079475362, "params": {"a_c_1": 18.891895119816265, "a_c_2": 5.865550405019929, "a_mm_0": 14.20411491727301, "a_mm_1": -31.751517751225748, "a_mm_2": -31.643419164954487, "a_mm_3": 8.443477322571425, "a_mp_0": -16.139389780867987, "a_mp_1": -30.078748172984035, "a_mp_2": 15.650514823762038, "a_mp_3": -19.134048415269607, "a_pm_0": 5.048726188169333, "a_pm_1": 3.5598791210270875, "a_pm_2": 12.998365472348588, "a_pm_3": -2.579667576663468, "a_pp_1": 5.056546041640232, "a_pp_2": -19.06609948132945, "a_pp_3": -23.804326494098436}, "datetime": {"datetime": "2024-07-12 21:56:22", "elapsed": 33.31405, "delta": 7.782542}}
{"target": -240456.12269791513, "params": {"a_c_1": 17.917724363921337, "a_c_2": 4.280911898712949, "a_mm_0": 17.890402828903134, "a_mm_1": -0.19351013089311664, "a_mm_2": -2.698256787452692, "a_mm_3": -33.11524162279749, "a_mp_0": 16.969355522424273, "a_mp_1": -13.005271991203568, "a_mp_2": -5.296623136772091, "a_mp_3": -15.51179183432313, "a_pm_0": -25.77838118541834, "a_pm_1": 14.202771233735227, "a_pm_2": -5.579230799662852, "a_pm_3": -39.82778037813046, "a_pp_1": -2.9713051827565664, "a_pp_2": -20.40130589367423, "a_pp_3": -8.37651386454344}, "datetime": {"datetime": "2024-07-12 21:56:31", "elapsed": 41.686617, "delta": 8.372567}}
{"target": -164837.95869031336, "params": {"a_c_1": 17.71884198621549, "a_c_2": 3.5726976000249975, "a_mm_0": 14.512109055187949, "a_mm_1": -2.5983930524918364, "a_mm_2": -39.05072542920662, "a_mm_3": 15.766234024625675, "a_mp_0": 1.4538150510154395, "a_mp_1": 19.83937102708883, "a_mp_2": -29.659569499280288, "a_mp_3": -31.771855022267335, "a_pm_0": 15.955727782229815, "a_pm_1": 1.809089689394007, "a_pm_2": -36.03998963667625, "a_pm_3": 5.32778315614798, "a_pp_1": 5.232571307674782, "a_pp_2": 15.381472132789, "a_pp_3": 2.6914855177083084}, "datetime": {"datetime": "2024-07-12 21:56:39", "elapsed": 50.219736, "delta": 8.533119}}
{"target": -182586.82303962, "params": {"a_c_1": 2.485419239443294, "a_c_2": 0.19880133839795588, "a_mm_0": -38.427340787336846, "a_mm_1": -38.30161071875232, "a_mm_2": -25.227335943817245, "a_mm_3": 11.601676920973283, "a_mp_0": -7.670136139500826, "a_mp_1": -6.830681278854044, "a_mp_2": 10.521853541576341, "a_mp_3": -32.54960109280533, "a_pm_0": -23.24897925933163, "a_pm_1": -4.854443712502729, "a_pm_2": 18.175744899180472, "a_pm_3": -6.3381868446574, "a_pp_1": -38.88116263762342, "a_pp_2": 8.037960360836976, "a_pp_3": -26.021543569538775}, "datetime": {"datetime": "2024-07-12 21:56:50", "elapsed": 60.681873, "delta": 10.462137}}
{"target": -385741.78137465456, "params": {"a_c_1": 16.142103912375582, "a_c_2": 3.8786064406417173, "a_mm_0": 11.812511273565718, "a_mm_1": 4.827298564231079, "a_mm_2": -6.625585960574867, "a_mm_3": -31.812686460358897, "a_mp_0": -36.4049386292673, "a_mp_1": -32.71939265555576, "a_mp_2": -37.3268872873143, "a_mp_3": -33.55035225363443, "a_pm_0": -26.45743968352872, "a_pm_1": 2.7793388229605966, "a_pm_2": -6.416981076751455, "a_pm_3": -39.24664119045305, "a_pp_1": -35.68154321863079, "a_pp_2": 18.03657980001632, "a_pp_3": -5.913972284803471}, "datetime": {"datetime": "2024-07-12 21:56:59", "elapsed": 69.986467, "delta": 9.304594}}
{"target": -232245.9660956114, "params": {"a_c_1": 4.06586469321981, "a_c_2": 2.5232574457032344, "a_mm_0": 4.629551244505578, "a_mm_1": -28.27423113344087, "a_mm_2": -5.118464363604531, "a_mm_3": 18.20119934529874, "a_mp_0": 10.809728089402114, "a_mp_1": -25.609134451144833, "a_mp_2": -10.373817143876202, "a_mp_3": -2.8026568971172168, "a_pm_0": 9.738853973010727, "a_pm_1": -30.592516321234946, "a_pm_2": -38.88542786935543, "a_pm_3": -35.79867137684666, "a_pp_1": -10.819293343778092, "a_pp_2": -3.6202323008001827, "a_pp_3": -5.868913774811119}, "datetime": {"datetime": "2024-07-12 21:57:08", "elapsed": 79.258886, "delta": 9.272419}}
{"target": -231904.4820158959, "params": {"a_c_1": 6.347248186443215, "a_c_2": 9.886161544124489, "a_mm_0": -5.215286845252187, "a_mm_1": -17.191529642586975, "a_mm_2": -6.943106852926192, "a_mm_3": 4.720065854390128, "a_mp_0": 0.15397360719107667, "a_mp_1": -24.104826540231436, "a_mp_2": -36.01990993429351, "a_mp_3": -17.794948125153624, "a_pm_0": -2.216949578706128, "a_pm_1": -27.389559405109623, "a_pm_2": 5.165333224328833, "a_pm_3": -36.007811118753104, "a_pp_1": -24.381094085287543, "a_pp_2": 8.285273824600722, "a_pp_3": -28.393943042600334}, "datetime": {"datetime": "2024-07-12 21:57:17", "elapsed": 87.761407, "delta": 8.502521}}
{"target": -75479.92893606653, "params": {"a_c_1": 12.789217617598803, "a_c_2": 5.246703091237337, "a_mm_0": 15.488478223961039, "a_mm_1": -24.20219377077334, "a_mm_2": -36.04233455895857, "a_mm_3": 4.10395779732017, "a_mp_0": 6.330681772594808, "a_mp_1": 14.468951150211439, "a_mp_2": 15.91832415181024, "a_mp_3": -39.162905621464176, "a_pm_0": -25.938274832714768, "a_pm_1": -2.9932985799005394, "a_pm_2": 16.940979241256983, "a_pm_3": 17.010567154824784, "a_pp_1": -6.600808708290614, "a_pp_2": 14.93638098597647, "a_pp_3": -1.5060274632197448}, "datetime": {"datetime": "2024-07-12 21:57:26", "elapsed": 96.777795, "delta": 9.016388}}
{"target": -211926.66513244805, "params": {"a_c_1": 8.719898042840075, "a_c_2": 0.25926231827891333, "a_mm_0": -7.02025132727745, "a_mm_1": -13.880656442903387, "a_mm_2": -14.777931874750657, "a_mm_3": -20.179910739767553, "a_mp_0": -27.72108195772945, "a_mp_1": -2.843742018960178, "a_mp_2": -22.02071957952861, "a_mp_3": -23.990363493828003, "a_pm_0": -2.731970033842309, "a_pm_1": -8.251474343377655, "a_pm_2": -31.925203279303986, "a_pm_3": -9.185312724055215, "a_pp_1": -28.933608061185083, "a_pp_2": 7.120108869000404, "a_pp_3": 11.238517558369324}, "datetime": {"datetime": "2024-07-12 21:57:28", "elapsed": 0.0, "delta": 0.0}}
{"target": -279140.95308097696, "params": {"a_c_1": 7.800154282824925, "a_c_2": 4.859906670969098, "a_mm_0": -3.7413710248016088, "a_mm_1": -7.027124709486245, "a_mm_2": 15.570885602387222, "a_mm_3": 15.12400613801637, "a_mp_0": -16.307463224586705, "a_mp_1": 17.795751706442708, "a_mp_2": -29.56265999917214, "a_mp_3": -32.42022883362176, "a_pm_0": -31.89525051719612, "a_pm_1": -9.6602700593862, "a_pm_2": -38.708511683548124, "a_pm_3": 16.878212673060858, "a_pp_1": 9.626928270243951, "a_pp_2": -39.098861155472655, "a_pp_3": -29.428224665496685}, "datetime": {"datetime": "2024-07-12 21:57:32", "elapsed": 103.454286, "delta": 6.676491}}
{"target": -400309.49286416464, "params": {"a_c_1": 9.884736747638556, "a_c_2": 8.46561485357468, "a_mm_0": -35.22127137945634, "a_mm_1": -9.68523459269776, "a_mm_2": -36.08280973678731, "a_mm_3": -14.312660344156633, "a_mp_0": -34.20814506036325, "a_mp_1": -32.370401697923356, "a_mp_2": -4.195281461284253, "a_mp_3": -26.439279963745847, "a_pm_0": -33.58325894140102, "a_pm_1": -26.781627575766418, "a_pm_2": -19.010422899802045, "a_pm_3": -11.932750925061985, "a_pp_1": -27.89540642410208, "a_pp_2": -1.5755964871051091, "a_pp_3": -11.015809866894902}, "datetime": {"datetime": "2024-07-12 21:57:35", "elapsed": 7.582647, "delta": 7.582647}}
{"target": -163551.18445437076, "params": {"a_c_1": 6.6412714873367396, "a_c_2": 1.309968448109169, "a_mm_0": 8.569441527594925, "a_mm_1": -19.315800839002392, "a_mm_2": 16.40644894000203, "a_mm_3": -5.079149203175199, "a_mp_0": 12.729919064710643, "a_mp_1": 10.684066723533313, "a_mp_2": 14.323539122518952, "a_mp_3": -12.407184050991582, "a_pm_0": -7.219191038777602, "a_pm_1": 7.916215469122363, "a_pm_2": -22.856868895951145, "a_pm_3": -10.584788642804337, "a_pp_1": -4.0533815412472975, "a_pp_2": -39.068003466949854, "a_pp_3": -4.391115508201771}, "datetime": {"datetime": "2024-07-12 21:57:41", "elapsed": 112.206846, "delta": 8.75256}}
{"target": -52887.92707839176, "params": {"a_c_1": 10.104734400370983, "a_c_2": 3.868926511185593, "a_mm_0": 7.6182472664946275, "a_mm_1": -5.199749267331605, "a_mm_2": -30.26208408986117, "a_mm_3": 2.045140796429372, "a_mp_0": 17.873064805355313, "a_mp_1": -9.999498329786995, "a_mp_2": 13.371203836768693, "a_mp_3": -19.50318083973342, "a_pm_0": -5.971352342337447, "a_pm_1": -14.347242202233396, "a_pm_2": -13.79516421839206, "a_pm_3": 6.593551099826016, "a_pp_1": -7.863749590140621, "a_pp_2": 17.224533616692, "a_pp_3": -7.347510391113872}, "datetime": {"datetime": "2024-07-12 21:57:46", "elapsed": 17.832645, "delta": 10.249998}}
{"target": -205078.1295704348, "params": {"a_c_1": 11.01595805149151, "a_c_2": 7.081478226181048, "a_mm_0": -22.54571566522334, "a_mm_1": -9.35034368814022, "a_mm_2": 13.57681726085928, "a_mm_3": 13.777585336006283, "a_mp_0": -32.46488137216983, "a_mp_1": -27.565427311708795, "a_mp_2": -36.911967801950205, "a_mp_3": -13.551409380961811, "a_pm_0": -38.207427347285986, "a_pm_1": -12.590006536317336, "a_pm_2": -1.051357143114359, "a_pm_3": -23.290763041121483, "a_pp_1": 0.5752941188078751, "a_pp_2": -4.548230955018951, "a_pp_3": -38.56108705737008}, "datetime": {"datetime": "2024-07-12 21:57:50", "elapsed": 0.0, "delta": 0.0}}
{"target": -126919.40660152353, "params": {"a_c_1": 8.673526979789166, "a_c_2": 8.073605288848414, "a_mm_0": -21.085311814277624, "a_mm_1": 13.573322511509083, "a_mm_2": -5.328567082927869, "a_mm_3": -28.9593879023521, "a_mp_0": 7.275754029530255, "a_mp_1": -3.278129377303962, "a_mp_2": -36.76544367557482, "a_mp_3": -14.788379199932066, "a_pm_0": 0.744130193925777, "a_pm_1": 15.116106678651548, "a_pm_2": -39.975878506518555, "a_pm_3": 18.60554894186358, "a_pp_1": -17.405181115253534, "a_pp_2": 18.427012301499353, "a_pp_3": -3.7170339415568208}, "datetime": {"datetime": "2024-07-12 21:57:53", "elapsed": 124.385722, "delta": 12.178876}}
{"target": -322149.04236322053, "params": {"a_c_1": 1.641898445500496, "a_c_2": 3.663424016750204, "a_mm_0": 11.051030240270102, "a_mm_1": -15.623497417122952, "a_mm_2": -38.367858046309024, "a_mm_3": -25.1693656601588, "a_mp_0": -35.97133775578272, "a_mp_1": 19.63112068527637, "a_mp_2": 18.234818802630414, "a_mp_3": 8.015501067955206, "a_pm_0": -3.890972715671957, "a_pm_1": 5.897591627100894, "a_pm_2": -29.846473204949326, "a_pm_3": -22.418606090833613, "a_pp_1": -8.555987481978146, "a_pp_2": -18.602543132634466, "a_pp_3": -37.259262085276}, "datetime": {"datetime": "2024-07-12 21:57:53", "elapsed": 25.458457, "delta": 7.625812}}
{"target": -18297.970576617092, "params": {"a_c_1": 11.17708175981764, "a_c_2": 2.592524469074654, "a_mm_0": -15.09392817939582, "a_mm_1": -22.988495093720875, "a_mm_2": 1.588275098779782, "a_mm_3": -13.57277693975563, "a_mp_0": -30.587935691502203, "a_mp_1": -7.321058918089314, "a_mp_2": 6.818885870682024, "a_mp_3": -21.618188057429215, "a_pm_0": -26.682526964069115, "a_pm_1": -16.721724546661076, "a_pm_2": 16.18301899162583, "a_pm_3": 18.559725348376027, "a_pp_1": 0.3430205547688203, "a_pp_2": 14.170046512303884, "a_pp_3": 10.745052277590759}, "datetime": {"datetime": "2024-07-12 21:58:00", "elapsed": 10.177896, "delta": 10.177896}}
{"target": -292615.76966142573, "params": {"a_c_1": 19.663068907144254, "a_c_2": 4.413549193548468, "a_mm_0": -9.759973637250845, "a_mm_1": -20.58752094791807, "a_mm_2": -24.415314835171777, "a_mm_3": -16.786606880754256, "a_mp_0": 9.92101397807005, "a_mp_1": 4.204823377226774, "a_mp_2": -17.24736598350175, "a_mp_3": -39.21895979832696, "a_pm_0": 7.844296341955612, "a_pm_1": -23.83667214422193, "a_pm_2": -5.038906688257924, "a_pm_3": -38.46694348901843, "a_pp_1": -0.2678788439004549, "a_pp_2": -16.74859444760311, "a_pp_3": -10.175572075929242}, "datetime": {"datetime": "2024-07-12 21:58:02", "elapsed": 34.5926, "delta": 9.134143}}
{"target": -76316.87872610317, "params": {"a_c_1": 16.57691615961386, "a_c_2": 5.747115047081023, "a_mm_0": -2.315428101558979, "a_mm_1": -22.865423098258365, "a_mm_2": -4.7899995606350245, "a_mm_3": 5.001305822159594, "a_mp_0": 11.498830185742541, "a_mp_1": 5.304931308060809, "a_mp_2": 1.8834349068381826, "a_mp_3": 11.868765803275991, "a_pm_0": -20.639140189795214, "a_pm_1": 0.2473274472552376, "a_pm_2": -12.94756381519905, "a_pm_3": -17.07383487810897, "a_pp_1": -15.351319004668863, "a_pp_2": -15.911224991827563, "a_pp_3": -20.956963242503384}, "datetime": {"datetime": "2024-07-12 21:58:03", "elapsed": 134.403656, "delta": 10.017934}}
{"target": -306420.61566482915, "params": {"a_c_1": 7.559880826577783, "a_c_2": 0.9221700887172424, "a_mm_0": -0.7953458485878286, "a_mm_1": -6.529554256692947, "a_mm_2": -18.306114216245312, "a_mm_3": -26.496729709610086, "a_mp_0": -15.608805017425084, "a_mp_1": -11.863585078049855, "a_mp_2": -23.845865304936325, "a_mp_3": -22.492433546474043, "a_pm_0": -12.538816040621324, "a_pm_1": 11.632034776815587, "a_pm_2": -4.824825731930716, "a_pm_3": -22.990728254067413, "a_pp_1": -23.321349602583922, "a_pp_2": -12.722675468683192, "a_pp_3": -27.67537932370075}, "datetime": {"datetime": "2024-07-12 21:58:08", "elapsed": 17.931301, "delta": 7.753405}}
{"target": -400830.9188650298, "params": {"a_c_1": 8.298116747493744, "a_c_2": 3.508719013016405, "a_mm_0": -6.941325680534845, "a_mm_1": 18.374641392489494, "a_mm_2": -33.23342708571571, "a_mm_3": -21.204488294217185, "a_mp_0": -37.492137411081394, "a_mp_1": 4.30398551725402, "a_mp_2": -0.5492567404573592, "a_mp_3": -27.121855216002782, "a_pm_0": -14.994793588279773, "a_pm_1": -1.3694839511083003, "a_pm_2": -0.31112039707351613, "a_pm_3": -29.77137199097376, "a_pp_1": 12.899134144912914, "a_pp_2": 6.680489588508095, "a_pp_3": -31.962747509698538}, "datetime": {"datetime": "2024-07-12 21:58:09", "elapsed": 41.562111, "delta": 6.969511}}
{"target": -205971.58183368298, "params": {"a_c_1": 19.340596780273533, "a_c_2": 5.4723224917572235, "a_mm_0": 18.361061597893062, "a_mm_1": 2.8889596204618826, "a_mm_2": 1.8637294758362515, "a_mm_3": -27.03463026517742, "a_mp_0": 18.576467286574506, "a_mp_1": -39.62618468772461, "a_mp_2": -24.82105825699336, "a_mp_3": -13.912508055733252, "a_pm_0": 6.7629753076251475, "a_pm_1": -28.138895523984814, "a_pm_2": 11.779594135953332, "a_pm_3": 19.004040630518766, "a_pp_1": -30.169465515718077, "a_pp_2": -4.1599633640284495, "a_pp_3": -39.4608341399467}, "datetime": {"datetime": "2024-07-12 21:58:11", "elapsed": 0.0, "delta": 0.0}}
{"target": -28606.630337335, "params": {"a_c_1": 12.438387358406029, "a_c_2": 4.302472708212644, "a_mm_0": 18.428124675635132, "a_mm_1": 0.6680534860586675, "a_mm_2": -28.085806694373346, "a_mm_3": -14.397939439118034, "a_mp_0": -19.399225613534618, "a_mp_1": 7.8583282375139945, "a_mp_2": 12.799897313805907, "a_mp_3": 14.230517349582314, "a_pm_0": -0.23681125748426268, "a_pm_1": -23.787504278214534, "a_pm_2": -24.857997909724617, "a_pm_3": 11.293876561844144, "a_pp_1": -8.3371212214752, "a_pp_2": 8.129665040275881, "a_pp_3": -5.650688968503623}, "datetime": {"datetime": "2024-07-12 21:58:12", "elapsed": 142.864846, "delta": 8.46119}}
{"target": -215646.48017974864, "params": {"a_c_1": 4.027574220861463, "a_c_2": 5.140350598174419, "a_mm_0": -34.766237873151724, "a_mm_1": -10.984868058904809, "a_mm_2": -18.269427256729998, "a_mm_3": 2.461197308940264, "a_mp_0": 4.804773386120274, "a_mp_1": 1.4655753113458587, "a_mp_2": 1.3508248252948505, "a_mp_3": -17.583992551064302, "a_pm_0": 0.08808828411605418, "a_pm_1": -19.609080162590928, "a_pm_2": -5.632367807867496, "a_pm_3": -20.45157051610753, "a_pp_1": -13.291297044188077, "a_pp_2": -36.30826415020364, "a_pp_3": -25.439474668939713}, "datetime": {"datetime": "2024-07-12 21:58:16", "elapsed": 25.912517, "delta": 7.981216}}
{"target": -115990.56009580614, "params": {"a_c_1": 17.378332528641575, "a_c_2": 7.487778782768545, "a_mm_0": 7.91513924594485, "a_mm_1": -7.399286164965837, "a_mm_2": -26.749725096312286, "a_mm_3": 15.10751879537603, "a_mp_0": -4.474925340017421, "a_mp_1": -19.225725432691213, "a_mp_2": -24.17328824319881, "a_mp_3": 14.834928629907921, "a_pm_0": -14.815872321590756, "a_pm_1": -7.5885090599721465, "a_pm_2": -3.493470531697021, "a_pm_3": 9.574989706049479, "a_pp_1": -2.5862089262721497, "a_pp_2": -29.397270304934437, "a_pp_3": -4.52455884078725}, "datetime": {"datetime": "2024-07-12 21:58:17", "elapsed": 49.328204, "delta": 7.766093}}
{"target": -124710.22573739631, "params": {"a_c_1": 14.662850505750223, "a_c_2": 5.190116274640558, "a_mm_0": 6.253034630113277, "a_mm_1": -5.868520557717069, "a_mm_2": -12.057407284481148, "a_mm_3": -19.438665522803092, "a_mp_0": -35.907439094997756, "a_mp_1": -17.32454924031401, "a_mp_2": -35.22243533810486, "a_mp_3": 18.969026823826702, "a_pm_0": -29.103228920154173, "a_pm_1": 8.711521863232385, "a_pm_2": 12.49769869735389, "a_pm_3": 1.3047951431565963, "a_pp_1": -5.83033523527746, "a_pp_2": -30.341713791063473, "a_pp_3": -11.987198634201622}, "datetime": {"datetime": "2024-07-12 21:58:20", "elapsed": 151.245059, "delta": 8.380213}}
{"target": -121516.66704380419, "params": {"a_c_1": 7.731425652872588, "a_c_2": 0.44160057931499574, "a_mm_0": 17.399178062854155, "a_mm_1": -13.831201187212141, "a_mm_2": 16.938638406893766, "a_mm_3": 7.17835915610366, "a_mp_0": 11.977357914901908, "a_mp_1": -29.61007471024311, "a_mp_2": -35.50308477921358, "a_mp_3": -3.955436717333839, "a_pm_0": -29.92166897689577, "a_pm_1": 4.002810050634196, "a_pm_2": -15.493368390879116, "a_pm_3": -8.32547059492478, "a_pp_1": 16.254295037056522, "a_pp_2": -8.698232653302519, "a_pp_3": -33.50839702676616}, "datetime": {"datetime": "2024-07-12 21:58:20", "elapsed": 8.962072, "delta": 8.962072}}
{"target": -550156.6278674032, "params": {"a_c_1": 9.785323339897182, "a_c_2": 5.479077800903767, "a_mm_0": 1.971237187432891, "a_mm_1": -25.251330165752158, "a_mm_2": -28.80237126481119, "a_mm_3": -33.365011132230336, "a_mp_0": -23.55644484783678, "a_mp_1": -39.38499763602454, "a_mp_2": -2.2384166302250676, "a_mp_3": -22.289661686815453, "a_pm_0": -28.762807317886136, "a_pm_1": -34.28271686435178, "a_pm_2": -22.974651552084723, "a_pm_3": -27.104536952158284, "a_pp_1": -22.86377596534586, "a_pp_2": -11.715408551819259, "a_pp_3": -7.030190734695516}, "datetime": {"datetime": "2024-07-12 21:58:25", "elapsed": 56.844071, "delta": 7.515867}}
{"target": -279679.4891717162, "params": {"a_c_1": 19.43205212347135, "a_c_2": 2.30584204355074, "a_mm_0": 1.4886506568398161, "a_mm_1": -0.9713885071756252, "a_mm_2": 3.4363483662489287, "a_mm_3": -11.494683361934122, "a_mp_0": -4.200173523888232, "a_mp_1": -35.98183456403042, "a_mp_2": -35.646271730665994, "a_mp_3": -28.0614384221753, "a_pm_0": -30.888340179487535, "a_pm_1": -33.99373932511332, "a_pm_2": -32.24236812346875, "a_pm_3": -6.8033360915407926, "a_pp_1": -28.731110504567305, "a_pp_2": 17.126074581872494, "a_pp_3": 0.8967067284456007}, "datetime": {"datetime": "2024-07-12 21:58:25", "elapsed": 34.957708, "delta": 9.045191}}
{"target": -58262.1602813035, "params": {"a_c_1": 3.1644681436959887, "a_c_2": 5.452026517032128, "a_mm_0": -8.535755195891596, "a_mm_1": -1.7433853524403844, "a_mm_2": -15.910273384583625, "a_mm_3": -1.01169345883946, "a_mp_0": -16.18599982589604, "a_mp_1": -2.5650331871066143, "a_mp_2": 6.0442980254074286, "a_mp_3": -29.261565397532152, "a_pm_0": -17.465453884747458, "a_pm_1": -9.848016440383937, "a_pm_2": 1.2000247949807488, "a_pm_3": -24.77922108031701, "a_pp_1": -6.71554822344649, "a_pp_2": -2.5041493561541373, "a_pp_3": 13.730069963368763}, "datetime": {"datetime": "2024-07-12 21:58:30", "elapsed": 18.246725, "delta": 9.284653}}
