{"target": -227775.4988191641, "params": {"a_c_1": 16.6461961607295, "a_c_2": 9.544211787823354, "a_mm_0": -25.066962356186732, "a_mm_1": -36.87278465515048, "a_mm_2": -14.746172629780133, "a_mm_3": -20.74123651544624, "a_mp_0": -37.02362738223972, "a_mp_1": -1.1983693768149166, "a_mp_2": -37.813898020477765, "a_mp_3": -8.13292413208211, "a_pm_0": 3.681242448864083, "a_pm_1": -30.024301328875232, "a_pm_2": 10.726874031944881, "a_pm_3": -31.117415035646143, "a_pp_1": -12.67217215628067, "a_pp_2": 5.913206187967724, "a_pp_3": 19.202104182013535}, "datetime": {"datetime": "2024-07-12 23:19:47", "elapsed": 4939.538394, "delta": 9.064943}}
{"target": -97012.07685750465, "params": {"a_c_1": 10.243970765094852, "a_c_2": 7.587904911722479, "a_mm_0": -18.349068939541308, "a_mm_1": -2.18714895771987, "a_mm_2": -14.495763194337925, "a_mm_3": 11.302624968310866, "a_mp_0": 5.662360618628838, "a_mp_1": -38.45697072483156, "a_mp_2": -21.029941307642723, "a_mp_3": 16.93424758778734, "a_pm_0": -23.253394072635416, "a_pm_1": 6.046223488120418, "a_pm_2": -38.89094557504603, "a_pm_3": -24.128227248386153, "a_pp_1": -10.551439557723718, "a_pp_2": 14.609577746002202, "a_pp_3": 4.963428522228874}, "datetime": {"datetime": "2024-07-12 23:19:48", "elapsed": 4875.146585, "delta": 10.144802}}
{"target": -11694.277395901836, "params": {"a_c_1": 20.0, "a_c_2": 10.0, "a_mm_0": -40.0, "a_mm_1": 20.0, "a_mm_2": 20.0, "a_mm_3": 20.0, "a_mp_0": 20.0, "a_mp_1": -40.0, "a_mp_2": -40.0, "a_mp_3": 20.0, "a_pm_0": 20.0, "a_pm_1": -40.0, "a_pm_2": 20.0, "a_pm_3": 20.0, "a_pp_1": 20.0, "a_pp_2": 20.0, "a_pp_3": 20.0}, "datetime": {"datetime": "2024-07-12 23:19:49", "elapsed": 4897.686802, "delta": 12.764789}}
{"target": -1344.9125048320675, "params": {"a_c_1": 20.0, "a_c_2": 10.0, "a_mm_0": 20.0, "a_mm_1": -40.0, "a_mm_2": 20.0, "a_mm_3": 20.0, "a_mp_0": 20.0, "a_mp_1": 20.0, "a_mp_2": 20.0, "a_mp_3": 20.0, "a_pm_0": -40.0, "a_pm_1": 20.0, "a_pm_2": 20.0, "a_pm_3": 20.0, "a_pp_1": 20.0, "a_pp_2": 20.0, "a_pp_3": 20.0}, "datetime": {"datetime": "2024-07-12 23:19:52", "elapsed": 4921.500697, "delta": 10.746103}}
{"target": -4939.4900006926755, "params": {"a_c_1": 20.0, "a_c_2": 10.0, "a_mm_0": 20.0, "a_mm_1": -5.469946582408664, "a_mm_2": 20.0, "a_mm_3": 20.0, "a_mp_0": -40.0, "a_mp_1": -40.0, "a_mp_2": 20.0, "a_mp_3": 20.0, "a_pm_0": 20.0, "a_pm_1": -28.33253219969187, "a_pm_2": 20.0, "a_pm_3": 20.0, "a_pp_1": -21.843291232333176, "a_pp_2": 20.0, "a_pp_3": 20.0}, "datetime": {"datetime": "2024-07-12 23:19:54", "elapsed": 5045.561435, "delta": 11.112694}}
{"target": -109138.8597962572, "params": {"a_c_1": 2.246626591164187, "a_c_2": 4.7969246923873685, "a_mm_0": -17.568420529908803, "a_mm_1": -18.2379829952046, "a_mm_2": 4.6838813383063425, "a_mm_3": 14.578069224503864, "a_mp_0": -18.745778939994334, "a_mp_1": -17.67945235382268, "a_mp_2": 6.98443823755656, "a_mp_3": -9.997390242353866, "a_pm_0": -2.2026198186184445, "a_pm_1": 1.338140760640492, "a_pm_2": -15.92606811001193, "a_pm_3": -4.8552127267150595, "a_pp_1": -13.716042563283676, "a_pp_2": -27.82811577754687, "a_pp_3": -15.393839288453755}, "datetime": {"datetime": "2024-07-12 23:19:57", "elapsed": 4884.638816, "delta": 9.492231}}
{"target": -1945.3303088059774, "params": {"a_c_1": 0.0, "a_c_2": 10.0, "a_mm_0": -40.0, "a_mm_1": 20.0, "a_mm_2": 20.0, "a_mm_3": 20.0, "a_mp_0": -40.0, "a_mp_1": 20.0, "a_mp_2": 20.0, "a_mp_3": -12.066247373837562, "a_pm_0": 20.0, "a_pm_1": 20.0, "a_pm_2": 20.0, "a_pm_3": 20.0, "a_pp_1": 20.0, "a_pp_2": 20.0, "a_pp_3": 20.0}, "datetime": {"datetime": "2024-07-12 23:19:59", "elapsed": 4907.446429, "delta": 9.759627}}
{"target": -24108.299360209996, "params": {"a_c_1": 20.0, "a_c_2": 10.0, "a_mm_0": -40.0, "a_mm_1": 0.9970535740192833, "a_mm_2": -40.0, "a_mm_3": 20.0, "a_mp_0": -40.0, "a_mp_1": 20.0, "a_mp_2": 20.0, "a_mp_3": 20.0, "a_pm_0": 20.0, "a_pm_1": 20.0, "a_pm_2": 20.0, "a_pm_3": -40.0, "a_pp_1": -40.0, "a_pp_2": 20.0, "a_pp_3": 20.0}, "datetime": {"datetime": "2024-07-12 23:19:59", "elapsed": 4951.629446, "delta": 12.091052}}
{"target": -711.7582562735121, "params": {"a_c_1": 0.0, "a_c_2": 10.0, "a_mm_0": 20.0, "a_mm_1": 20.0, "a_mm_2": -21.56080865252826, "a_mm_3": 20.0, "a_mp_0": 20.0, "a_mp_1": 20.0, "a_mp_2": 20.0, "a_mp_3": 20.0, "a_pm_0": -40.0, "a_pm_1": 20.0, "a_pm_2": 20.0, "a_pm_3": 20.0, "a_pp_1": 20.0, "a_pp_2": 20.0, "a_pp_3": 20.0}, "datetime": {"datetime": "2024-07-12 23:20:02", "elapsed": 4931.926316, "delta": 10.425619}}
{"target": -15218.020667984347, "params": {"a_c_1": 0.0, "a_c_2": 0.0, "a_mm_0": -40.0, "a_mm_1": 20.0, "a_mm_2": 20.0, "a_mm_3": 20.0, "a_mp_0": -40.0, "a_mp_1": -40.0, "a_mp_2": 20.0, "a_mp_3": 20.0, "a_pm_0": 20.0, "a_pm_1": 20.0, "a_pm_2": 20.0, "a_pm_3": 20.0, "a_pp_1": -40.0, "a_pp_2": 20.0, "a_pp_3": 20.0}, "datetime": {"datetime": "2024-07-12 23:20:03", "elapsed": 5054.609225, "delta": 9.04779}}
{"target": -148784.7214582303, "params": {"a_c_1": 18.013147180884815, "a_c_2": 7.037788140544782, "a_mm_0": 16.2640773442458, "a_mm_1": -11.791968716950464, "a_mm_2": -11.313109150790762, "a_mm_3": 7.298925164047461, "a_mp_0": -30.495812223788896, "a_mp_1": 13.659037075658006, "a_mp_2": -23.632634388894793, "a_mp_3": -30.737071083131728, "a_pm_0": 3.287432403748845, "a_pm_1": -20.82752083122341, "a_pm_2": -11.576043011602813, "a_pm_3": -1.0225034458674855, "a_pp_1": -20.659686310710363, "a_pp_2": -20.00750913606297, "a_pp_3": -4.328387268447472}, "datetime": {"datetime": "2024-07-12 23:20:06", "elapsed": 4893.611148, "delta": 8.972332}}
{"target": -30569.761403473272, "params": {"a_c_1": 0.0, "a_c_2": 10.0, "a_mm_0": 20.0, "a_mm_1": 20.0, "a_mm_2": 20.0, "a_mm_3": 20.0, "a_mp_0": -40.0, "a_mp_1": 20.0, "a_mp_2": 20.0, "a_mp_3": 20.0, "a_pm_0": 20.0, "a_pm_1": 20.0, "a_pm_2": 20.0, "a_pm_3": 20.0, "a_pp_1": 20.0, "a_pp_2": -39.10990424256897, "a_pp_3": 20.0}, "datetime": {"datetime": "2024-07-12 23:20:09", "elapsed": 4960.903125, "delta": 9.273679}}
{"target": -5644.84061620617, "params": {"a_c_1": 0.0, "a_c_2": 10.0, "a_mm_0": -40.0, "a_mm_1": 20.0, "a_mm_2": 20.0, "a_mm_3": 20.0, "a_mp_0": -40.0, "a_mp_1": 20.0, "a_mp_2": 20.0, "a_mp_3": 2.0738414550091893, "a_pm_0": -40.0, "a_pm_1": 20.0, "a_pm_2": -36.83840888617408, "a_pm_3": 20.0, "a_pp_1": -40.0, "a_pp_2": 20.0, "a_pp_3": 20.0}, "datetime": {"datetime": "2024-07-12 23:20:11", "elapsed": 4919.449629, "delta": 12.0032}}
{"target": -7679.639481243321, "params": {"a_c_1": 0.0, "a_c_2": 10.0, "a_mm_0": 20.0, "a_mm_1": -40.0, "a_mm_2": 20.0, "a_mm_3": 20.0, "a_mp_0": 20.0, "a_mp_1": 20.0, "a_mp_2": 20.0, "a_mp_3": 20.0, "a_pm_0": -40.0, "a_pm_1": -40.0, "a_pm_2": 20.0, "a_pm_3": 20.0, "a_pp_1": -10.964785735683009, "a_pp_2": -1.1931854576339116, "a_pp_3": 20.0}, "datetime": {"datetime": "2024-07-12 23:20:13", "elapsed": 4942.945073, "delta": 11.018757}}
{"target": -5123.50339638576, "params": {"a_c_1": 0.0, "a_c_2": 10.0, "a_mm_0": 20.0, "a_mm_1": 20.0, "a_mm_2": 6.7204415699919755, "a_mm_3": 20.0, "a_mp_0": -40.0, "a_mp_1": 20.0, "a_mp_2": -4.076962586042607, "a_mp_3": 4.984133530885531, "a_pm_0": -40.0, "a_pm_1": 20.0, "a_pm_2": 9.259390130347223, "a_pm_3": 20.0, "a_pp_1": -40.0, "a_pp_2": 20.0, "a_pp_3": -11.213325066657125}, "datetime": {"datetime": "2024-07-12 23:20:14", "elapsed": 5064.858727, "delta": 10.249502}}
{"target": -6449.363603869762, "params": {"a_c_1": 20.0, "a_c_2": 10.0, "a_mm_0": 20.0, "a_mm_1": -40.0, "a_mm_2": -25.120867824034796, "a_mm_3": 20.0, "a_mp_0": -16.649004570385284, "a_mp_1": -25.595865031349703, "a_mp_2": -30.51338149819355, "a_mp_3": 4.880473747341499, "a_pm_0": 20.0, "a_pm_1": 20.0, "a_pm_2": 20.0, "a_pm_3": 20.0, "a_pp_1": 20.0, "a_pp_2": 20.0, "a_pp_3": 20.0}, "datetime": {"datetime": "2024-07-12 23:20:20", "elapsed": 4907.264298, "delta": 13.65315}}
{"target": -21595.171232607594, "params": {"a_c_1": 14.793261005464007, "a_c_2": 0.3550108203644886, "a_mm_0": 17.39077155676911, "a_mm_1": 3.1010137200316805, "a_mm_2": -0.540335491906859, "a_mm_3": 9.386875306725848, "a_mp_0": 17.9960506916377, "a_mp_1": -1.8465727308387585, "a_mp_2": -21.939955506495416, "a_mp_3": -25.700443296423806, "a_pm_0": -30.126532777823094, "a_pm_1": 2.1666148877840357, "a_pm_2": 8.849528872986355, "a_pm_3": -19.07863267798137, "a_pp_1": -2.496980603051206, "a_pp_2": 5.345820278296621, "a_pp_3": 16.98226976455176}, "datetime": {"datetime": "2024-07-12 23:20:20", "elapsed": 4972.246766, "delta": 11.343641}}
{"target": -73568.6625895952, "params": {"a_c_1": 5.2220494905936725, "a_c_2": 8.80882659883551, "a_mm_0": 13.176065155257668, "a_mm_1": -38.00180455728948, "a_mm_2": -11.463908363348285, "a_mm_3": 13.265982650120677, "a_mp_0": -33.48124989339619, "a_mp_1": -4.541648940659847, "a_mp_2": 13.773636122302186, "a_mp_3": 8.229038101957407, "a_pm_0": -18.95211687918946, "a_pm_1": 13.737493117798614, "a_pm_2": 7.318443963822951, "a_pm_3": 14.775809044733947, "a_pp_1": 1.810485246485655, "a_pp_2": -38.82530750084037, "a_pp_3": 11.588733642173828}, "datetime": {"datetime": "2024-07-12 23:20:20", "elapsed": 4928.859699, "delta": 9.41007}}
{"target": -1350.3985021376232, "params": {"a_c_1": 20.0, "a_c_2": 10.0, "a_mm_0": 20.0, "a_mm_1": 20.0, "a_mm_2": 20.0, "a_mm_3": 20.0, "a_mp_0": -40.0, "a_mp_1": 20.0, "a_mp_2": 20.0, "a_mp_3": 20.0, "a_pm_0": 20.0, "a_pm_1": -40.0, "a_pm_2": 20.0, "a_pm_3": 20.0, "a_pp_1": 20.0, "a_pp_2": 20.0, "a_pp_3": 20.0}, "datetime": {"datetime": "2024-07-12 23:20:23", "elapsed": 4952.721933, "delta": 9.77686}}
{"target": -6103.88063643934, "params": {"a_c_1": 0.0, "a_c_2": 10.0, "a_mm_0": -40.0, "a_mm_1": 20.0, "a_mm_2": -40.0, "a_mm_3": 20.0, "a_mp_0": 20.0, "a_mp_1": 20.0, "a_mp_2": 20.0, "a_mp_3": 20.0, "a_pm_0": -40.0, "a_pm_1": 20.0, "a_pm_2": 20.0, "a_pm_3": -3.0158675282635734, "a_pp_1": -40.0, "a_pp_2": 20.0, "a_pp_3": 20.0}, "datetime": {"datetime": "2024-07-12 23:20:25", "elapsed": 5076.41504, "delta": 11.556313}}
{"target": -123180.6287412581, "params": {"a_c_1": 11.14089790374665, "a_c_2": 5.544126872888113, "a_mm_0": -9.863047367483464, "a_mm_1": -16.28158583129946, "a_mm_2": -23.983657223009395, "a_mm_3": -12.214402431798973, "a_mp_0": -30.26715975630172, "a_mp_1": -8.499994854862784, "a_mp_2": -9.548917056087266, "a_mp_3": -16.57708318778267, "a_pm_0": -15.569586891870543, "a_pm_1": 10.52109504742856, "a_pm_2": 12.354971531806797, "a_pm_3": 11.456342881937807, "a_pp_1": -4.8934216587320165, "a_pp_2": -5.8734680556002345, "a_pp_3": -29.116203559581237}, "datetime": {"datetime": "2024-07-12 23:20:30", "elapsed": 4917.751476, "delta": 10.487178}}
{"target": -178352.04486645976, "params": {"a_c_1": 6.925438054687789, "a_c_2": 8.123193716876987, "a_mm_0": -19.8763684274021, "a_mm_1": -33.98132595341998, "a_mm_2": -2.664201210764702, "a_mm_3": -6.190883132016424, "a_mp_0": -9.822362735599409, "a_mp_1": -24.927415107447437, "a_mp_2": -24.526817245441677, "a_mp_3": 5.864730798913392, "a_pm_0": -13.604679537345696, "a_pm_1": -36.2254443197181, "a_pm_2": -21.418501363691632, "a_pm_3": -31.699639499063398, "a_pp_1": 19.078995272665487, "a_pp_2": -5.006580467503412, "a_pp_3": 14.291744755020211}, "datetime": {"datetime": "2024-07-12 23:20:30", "elapsed": 4982.523471, "delta": 10.276705}}
{"target": -5468.304943687956, "params": {"a_c_1": 20.0, "a_c_2": 10.0, "a_mm_0": 20.0, "a_mm_1": -40.0, "a_mm_2": -9.016799857769216, "a_mm_3": 20.0, "a_mp_0": 20.0, "a_mp_1": 20.0, "a_mp_2": 20.0, "a_mp_3": 20.0, "a_pm_0": -40.0, "a_pm_1": 20.0, "a_pm_2": -40.0, "a_pm_3": 20.0, "a_pp_1": 20.0, "a_pp_2": 20.0, "a_pp_3": 20.0}, "datetime": {"datetime": "2024-07-12 23:20:32", "elapsed": 4940.739421, "delta": 11.879722}}
{"target": -2000.0204246947164, "params": {"a_c_1": 0.0, "a_c_2": 10.0, "a_mm_0": -2.132048395149525, "a_mm_1": -2.539962566575607, "a_mm_2": 4.999530482400226, "a_mm_3": 2.985918015743455, "a_mp_0": 6.981015008546368, "a_mp_1": -4.121567293178674, "a_mp_2": -7.989977541863507, "a_mp_3": -4.811576592837524, "a_pm_0": -18.448912128973564, "a_pm_1": -0.7507444166683186, "a_pm_2": 4.9664829928943615, "a_pm_3": 8.145437107709895, "a_pp_1": -10.382235753901414, "a_pp_2": 0.2516597174421977, "a_pp_3": -2.932944494985455}, "datetime": {"datetime": "2024-07-12 23:20:34", "elapsed": 4963.826854, "delta": 11.104921}}
{"target": -25762.22385231832, "params": {"a_c_1": 0.0, "a_c_2": 10.0, "a_mm_0": 20.0, "a_mm_1": 20.0, "a_mm_2": 20.0, "a_mm_3": 20.0, "a_mp_0": 20.0, "a_mp_1": 20.0, "a_mp_2": 20.0, "a_mp_3": -20.04262520257704, "a_pm_0": -40.0, "a_pm_1": -31.05802127314645, "a_pm_2": -27.427908853285956, "a_pm_3": 20.0, "a_pp_1": -40.0, "a_pp_2": 20.0, "a_pp_3": 20.0}, "datetime": {"datetime": "2024-07-12 23:20:37", "elapsed": 5088.409376, "delta": 11.994336}}
{"target": -153036.25796295205, "params": {"a_c_1": 16.74801825012495, "a_c_2": 6.746868284480589, "a_mm_0": 13.04502010279181, "a_mm_1": 13.202725520013573, "a_mm_2": -18.386363860567485, "a_mm_3": 11.998857779132862, "a_mp_0": -30.69379741577729, "a_mp_1": -25.722860524503993, "a_mp_2": 4.37702873454873, "a_mp_3": 11.714127468304781, "a_pm_0": 12.974388884062051, "a_pm_1": -31.25904673732085, "a_pm_2": -5.854538179439842, "a_pm_3": -4.089688762765093, "a_pp_1": -24.60399622295366, "a_pp_2": -34.01863771045305, "a_pp_3": -9.644096647247796}, "datetime": {"datetime": "2024-07-12 23:20:39", "elapsed": 4990.935615, "delta": 8.412144}}
{"target": -174457.00898973062, "params": {"a_c_1": 2.7039273550437515, "a_c_2": 4.110747802936594, "a_mm_0": 16.690915505001605, "a_mm_1": -4.613033986189578, "a_mm_2": -12.574757919958657, "a_mm_3": -39.70080122585838, "a_mp_0": 16.215149246438827, "a_mp_1": 14.048306999554264, "a_mp_2": 7.20529675035997, "a_mp_3": -23.686804068236103, "a_pm_0": 17.3569145335981, "a_pm_1": 4.053442907939143, "a_pm_2": -6.800212535828905, "a_pm_3": -30.846803995515245, "a_pp_1": -22.643957401098874, "a_pp_2": -18.91394580119116, "a_pp_3": 6.201810110665981}, "datetime": {"datetime": "2024-07-12 23:20:41", "elapsed": 4928.469968, "delta": 10.718492}}
{"target": -3507.753064387175, "params": {"a_c_1": 20.0, "a_c_2": 0.0, "a_mm_0": 20.0, "a_mm_1": -8.827965514257231, "a_mm_2": 20.0, "a_mm_3": 6.050376223585337, "a_mp_0": -40.0, "a_mp_1": -19.018956562209343, "a_mp_2": 20.0, "a_mp_3": 8.164812390160725, "a_pm_0": 20.0, "a_pm_1": 20.0, "a_pm_2": -14.590292839225668, "a_pm_3": 20.0, "a_pp_1": -25.9534535611643, "a_pp_2": 20.0, "a_pp_3": 20.0}, "datetime": {"datetime": "2024-07-12 23:20:45", "elapsed": 4974.874093, "delta": 11.047239}}
{"target": -13399.97083470336, "params": {"a_c_1": 0.0, "a_c_2": 10.0, "a_mm_0": 20.0, "a_mm_1": 20.0, "a_mm_2": -40.0, "a_mm_3": 20.0, "a_mp_0": -40.0, "a_mp_1": 20.0, "a_mp_2": 20.0, "a_mp_3": 20.0, "a_pm_0": -40.0, "a_pm_1": -15.579979443421484, "a_pm_2": 20.0, "a_pm_3": -28.31858210482938, "a_pp_1": -22.793675396463115, "a_pp_2": 20.0, "a_pp_3": 20.0}, "datetime": {"datetime": "2024-07-12 23:20:47", "elapsed": 4955.638817, "delta": 14.899396}}
{"target": -158342.1462860621, "params": {"a_c_1": 15.188627355805748, "a_c_2": 8.766393553773458, "a_mm_0": -3.3065552236739038, "a_mm_1": -1.9044037737997712, "a_mm_2": -7.323254859099336, "a_mm_3": 1.198180144055371, "a_mp_0": -35.660137725709575, "a_mp_1": 7.058013866206792, "a_mp_2": -26.56177293631537, "a_mp_3": 6.44986089435146, "a_pm_0": -5.687875496030621, "a_pm_1": -3.384216669528449, "a_pm_2": -6.3375273495591316, "a_pm_3": -39.7401331132248, "a_pp_1": -30.118187925269034, "a_pp_2": -9.539910122177194, "a_pp_3": -19.938239536633805}, "datetime": {"datetime": "2024-07-12 23:20:47", "elapsed": 4999.546122, "delta": 8.610507}}
{"target": -497.9853628851216, "params": {"a_c_1": 0.0, "a_c_2": 10.0, "a_mm_0": -5.537642341762463, "a_mm_1": 20.0, "a_mm_2": -15.783827645269545, "a_mm_3": 20.0, "a_mp_0": 20.0, "a_mp_1": 20.0, "a_mp_2": 20.0, "a_mp_3": 20.0, "a_pm_0": -40.0, "a_pm_1": 20.0, "a_pm_2": -8.812054943778792, "a_pm_3": -8.69823391990717, "a_pp_1": -7.846766982219509, "a_pp_2": 9.513730018017407, "a_pp_3": 20.0}, "datetime": {"datetime": "2024-07-12 23:20:49", "elapsed": 5100.403329, "delta": 11.993953}}
{"target": -13419.632263157915, "params": {"a_c_1": 0.0, "a_c_2": 10.0, "a_mm_0": -33.041617474101436, "a_mm_1": 20.0, "a_mm_2": 3.990432607284923, "a_mm_3": 20.0, "a_mp_0": 20.0, "a_mp_1": 0.5258239231859748, "a_mp_2": -7.756544906292489, "a_mp_3": -18.16793632993417, "a_pm_0": -40.0, "a_pm_1": -3.4221186365936784, "a_pm_2": 20.0, "a_pm_3": 20.0, "a_pp_1": 10.551320579058098, "a_pp_2": -10.982604376023408, "a_pp_3": -11.28835350704466}, "datetime": {"datetime": "2024-07-12 23:20:52", "elapsed": 4939.038436, "delta": 10.568468}}
{"target": -7247.921165693087, "params": {"a_c_1": 0.0, "a_c_2": 0.0, "a_mm_0": -40.0, "a_mm_1": 20.0, "a_mm_2": 20.0, "a_mm_3": 20.0, "a_mp_0": -40.0, "a_mp_1": 20.0, "a_mp_2": 20.0, "a_mp_3": 20.0, "a_pm_0": -40.0, "a_pm_1": 20.0, "a_pm_2": 20.0, "a_pm_3": 20.0, "a_pp_1": -40.0, "a_pp_2": 20.0, "a_pp_3": 20.0}, "datetime": {"datetime": "2024-07-12 23:20:55", "elapsed": 4984.319661, "delta": 9.445568}}
{"target": -223934.734805837, "params": {"a_c_1": 18.514430117835406, "a_c_2": 1.322030110723349, "a_mm_0": -25.38458684176033, "a_mm_1": -8.83024157710792, "a_mm_2": -25.400406790668153, "a_mm_3": 10.63199740636766, "a_mp_0": -35.43958980670099, "a_mp_1": -6.098693957009182, "a_mp_2": 6.835251321313784, "a_mp_3": 17.354550657223072, "a_pm_0": -26.63690812822736, "a_pm_1": -30.32534786368067, "a_pm_2": 7.387359371921683, "a_pm_3": -35.43464462946574, "a_pp_1": -16.55901991424449, "a_pp_2": -31.08529957980388, "a_pp_3": -23.000608248084273}, "datetime": {"datetime": "2024-07-12 23:20:56", "elapsed": 5008.480797, "delta": 8.934675}}
{"target": -150828.7583217145, "params": {"a_c_1": 4.950405338057018, "a_c_2": 9.217963038707973, "a_mm_0": -17.41220409189299, "a_mm_1": -16.267107351438995, "a_mm_2": -4.209534476271742, "a_mm_3": 0.7292052186372331, "a_mp_0": 12.097918417935247, "a_mp_1": -31.99683405564282, "a_mp_2": -10.973246040626513, "a_mp_3": 2.876446965750702, "a_pm_0": -30.91271460319273, "a_pm_1": -28.126065876132273, "a_pm_2": -39.78403955956953, "a_pm_3": 14.841612257968315, "a_pp_1": -17.214315008860716, "a_pp_2": -4.848755351383417, "a_pp_3": 12.590314973308786}, "datetime": {"datetime": "2024-07-12 23:20:59", "elapsed": 5110.586069, "delta": 10.18274}}
{"target": -10760.438609078858, "params": {"a_c_1": 0.0, "a_c_2": 10.0, "a_mm_0": -40.0, "a_mm_1": 20.0, "a_mm_2": -7.400621545349033, "a_mm_3": 20.0, "a_mp_0": -40.0, "a_mp_1": -40.0, "a_mp_2": 20.0, "a_mp_3": 7.7656168807882135, "a_pm_0": -40.0, "a_pm_1": 20.0, "a_pm_2": -40.0, "a_pm_3": 20.0, "a_pp_1": 20.0, "a_pp_2": 20.0, "a_pp_3": 20.0}, "datetime": {"datetime": "2024-07-12 23:21:01", "elapsed": 4969.154226, "delta": 13.515409}}
{"target": -5740.501503263446, "params": {"a_c_1": 0.0, "a_c_2": 10.0, "a_mm_0": -5.597865399489281, "a_mm_1": -40.0, "a_mm_2": 20.0, "a_mm_3": 20.0, "a_mp_0": -40.0, "a_mp_1": 20.0, "a_mp_2": 20.0, "a_mp_3": 20.0, "a_pm_0": -40.0, "a_pm_1": 20.0, "a_pm_2": -40.0, "a_pm_3": 20.0, "a_pp_1": 20.0, "a_pp_2": 20.0, "a_pp_3": 20.0}, "datetime": {"datetime": "2024-07-12 23:21:02", "elapsed": 4949.937705, "delta": 10.899269}}
{"target": -22466.30736606095, "params": {"a_c_1": 0.0, "a_c_2": 10.0, "a_mm_0": 20.0, "a_mm_1": 20.0, "a_mm_2": 20.0, "a_mm_3": -40.0, "a_mp_0": 20.0, "a_mp_1": 20.0, "a_mp_2": 20.0, "a_mp_3": 20.0, "a_pm_0": 20.0, "a_pm_1": 20.0, "a_pm_2": 20.0, "a_pm_3": 20.0, "a_pp_1": 20.0, "a_pp_2": -24.59635428465048, "a_pp_3": 20.0}, "datetime": {"datetime": "2024-07-12 23:21:08", "elapsed": 5020.433326, "delta": 11.952529}}
{"target": -26796.1732166252, "params": {"a_c_1": 0.0, "a_c_2": 0.0, "a_mm_0": -40.0, "a_mm_1": 20.0, "a_mm_2": 20.0, "a_mm_3": 20.0, "a_mp_0": 20.0, "a_mp_1": 20.0, "a_mp_2": -40.0, "a_mp_3": 20.0, "a_pm_0": 20.0, "a_pm_1": 20.0, "a_pm_2": 20.0, "a_pm_3": -39.568070645207335, "a_pp_1": -40.0, "a_pp_2": 20.0, "a_pp_3": 20.0}, "datetime": {"datetime": "2024-07-12 23:21:09", "elapsed": 4998.490983, "delta": 14.171322}}
{"target": -67877.0387871146, "params": {"a_c_1": 5.914479740427804, "a_c_2": 7.455758517888068, "a_mm_0": -29.373007762102286, "a_mm_1": -8.841444181160409, "a_mm_2": -7.5105525710916226, "a_mm_3": -10.831532546626207, "a_mp_0": -19.984853601551094, "a_mp_1": -3.589167367641764, "a_mp_2": -21.01311381113961, "a_mp_3": 10.350902149588194, "a_pm_0": -13.43312355870373, "a_pm_1": 2.3017843237454443, "a_pm_2": 5.991457432823722, "a_pm_3": 6.231779751644282, "a_pp_1": -19.377578852364675, "a_pp_2": -32.68286179534654, "a_pp_3": 16.319606472844278}, "datetime": {"datetime": "2024-07-12 23:21:10", "elapsed": 4978.112943, "delta": 8.958717}}
{"target": -2052.4250548355385, "params": {"a_c_1": 0.0, "a_c_2": 10.0, "a_mm_0": 20.0, "a_mm_1": 0.06312122696511697, "a_mm_2": -1.0672622468719122, "a_mm_3": -6.62783623636814, "a_mp_0": -13.478753705218748, "a_mp_1": 20.0, "a_mp_2": 20.0, "a_mp_3": 1.5124380963626403, "a_pm_0": -0.24196488085279472, "a_pm_1": -25.22278135551743, "a_pm_2": -19.591522672368956, "a_pm_3": 20.0, "a_pp_1": 20.0, "a_pp_2": -0.030636726621089537, "a_pp_3": 20.0}, "datetime": {"datetime": "2024-07-12 23:21:12", "elapsed": 5122.793709, "delta": 12.20764}}
{"target": -7622.584797017508, "params": {"a_c_1": 20.0, "a_c_2": 10.0, "a_mm_0": 20.0, "a_mm_1": -40.0, "a_mm_2": 20.0, "a_mm_3": 20.0, "a_mp_0": -40.0, "a_mp_1": -40.0, "a_mp_2": 20.0, "a_mp_3": 20.0, "a_pm_0": 20.0, "a_pm_1": 20.0, "a_pm_2": 20.0, "a_pm_3": 20.0, "a_pp_1": -40.0, "a_pp_2": 20.0, "a_pp_3": 20.0}, "datetime": {"datetime": "2024-07-12 23:21:13", "elapsed": 4960.053086, "delta": 10.115381}}
