{"target": -61219.98852719315, "params": {"a_c_1": 14.351899243895087, "a_c_2": 1.9086994317230743, "a_mm_0": -32.908442239177695, "a_mm_1": 10.219866932810731, "a_mm_2": 4.648155282172112, "a_mm_3": -4.56876714117297, "a_mp_0": -25.42650550210776, "a_mp_1": -2.6051712887449554, "a_mp_2": -1.6986807555296224, "a_mp_3": -20.345833353260492, "a_pm_0": -35.950639415947464, "a_pm_1": 12.832315853859605, "a_pm_2": -12.402596135544496, "a_pm_3": 5.83236308398579, "a_pp_1": -24.76668274343562, "a_pp_2": -4.516769063948992, "a_pp_3": -14.272290379072135}, "datetime": {"datetime": "2024-07-12 22:07:53", "elapsed": 724.00781, "delta": 9.295662}}
{"target": -227032.78865443633, "params": {"a_c_1": 3.5771068417118013, "a_c_2": 9.671928129805215, "a_mm_0": -7.863916550749948, "a_mm_1": 17.75937703313074, "a_mm_2": -18.89745264957523, "a_mm_3": -35.53220965500903, "a_mp_0": -12.759473363509514, "a_mp_1": 18.734370522935365, "a_mp_2": -35.707480760368355, "a_mp_3": -11.450714133998222, "a_pm_0": 10.927878556175443, "a_pm_1": -27.3407980155872, "a_pm_2": 7.529597666177025, "a_pm_3": -36.12096010331286, "a_pp_1": -21.11691523104556, "a_pp_2": -29.75959120475939, "a_pp_3": 18.46106059711228}, "datetime": {"datetime": "2024-07-12 22:07:54", "elapsed": 625.702963, "delta": 9.710731}}
{"target": -157201.07891152662, "params": {"a_c_1": 5.120215179962003, "a_c_2": 7.107956152308509, "a_mm_0": -38.141684555232075, "a_mm_1": -27.935657741230337, "a_mm_2": -32.09544619604986, "a_mm_3": -20.704180698900363, "a_mp_0": 13.662000126879668, "a_mp_1": -32.02183260793208, "a_mp_2": 18.477585965850928, "a_mp_3": 5.359375903210207, "a_pm_0": 9.324887359371566, "a_pm_1": -11.556626710689425, "a_pm_2": 16.116458401427906, "a_pm_3": -3.758828959385724, "a_pp_1": 14.171984722778618, "a_pp_2": -20.236868053673827, "a_pp_3": 17.61439877444294}, "datetime": {"datetime": "2024-07-12 22:07:54", "elapsed": 582.149368, "delta": 8.487558}}
{"target": -161691.47012733348, "params": {"a_c_1": 19.490031625393303, "a_c_2": 8.944216451160383, "a_mm_0": -10.573830719105356, "a_mm_1": 3.9163482850458706, "a_mm_2": -33.63324343295359, "a_mm_3": -14.382302651753115, "a_mp_0": 1.8396240114426945, "a_mp_1": -21.46984602792451, "a_mp_2": 10.579689491037804, "a_mp_3": 7.694271987953705, "a_pm_0": -23.077105493252844, "a_pm_1": -37.351898531466155, "a_pm_2": -2.419239889102947, "a_pm_3": -25.949953245920476, "a_pp_1": 5.002975387659326, "a_pp_2": -6.334086879050325, "a_pp_3": 11.99591152638314}, "datetime": {"datetime": "2024-07-12 22:08:01", "elapsed": 568.135048, "delta": 8.124837}}
{"target": -57183.622360754416, "params": {"a_c_1": 7.475405464826466, "a_c_2": 9.693325728810573, "a_mm_0": -29.312470492368504, "a_mm_1": -2.622852556733079, "a_mm_2": -6.432392185508014, "a_mm_3": -32.58643460831157, "a_mp_0": 1.7921755121342926, "a_mp_1": -5.2133158727189866, "a_mp_2": -13.906416270079689, "a_mp_3": 17.170638491745486, "a_pm_0": -33.45937805853512, "a_pm_1": -2.149603479002991, "a_pm_2": -22.50306478170139, "a_pm_3": -10.177028327696835, "a_pp_1": -17.929307328592515, "a_pp_2": 1.1747545686373968, "a_pp_3": 13.474829784465484}, "datetime": {"datetime": "2024-07-12 22:08:02", "elapsed": 611.859877, "delta": 9.695353}}
{"target": -304110.3858791862, "params": {"a_c_1": 12.13706378898223, "a_c_2": 2.789200519686732, "a_mm_0": 15.348868246110698, "a_mm_1": -6.767625058022709, "a_mm_2": -18.63590024459207, "a_mm_3": 2.5231558312386824, "a_mp_0": 0.49935104438490896, "a_mp_1": 17.734549893780397, "a_mp_2": -36.32687026633152, "a_mp_3": 12.634824255149567, "a_pm_0": -0.8896419527514041, "a_pm_1": -30.78731178753877, "a_pm_2": -15.54375060381296, "a_pm_3": -36.58762811263177, "a_pp_1": 12.230636045889042, "a_pp_2": -33.98694488215124, "a_pp_3": -26.843310020276135}, "datetime": {"datetime": "2024-07-12 22:08:02", "elapsed": 634.452301, "delta": 8.749338}}
{"target": -110533.65899258663, "params": {"a_c_1": 19.597959775910564, "a_c_2": 4.04054818197652, "a_mm_0": -30.219918208191274, "a_mm_1": 18.455298600145277, "a_mm_2": -25.536449404726227, "a_mm_3": 7.983540754216968, "a_mp_0": 16.517124558240674, "a_mp_1": -38.57344509437843, "a_mp_2": 3.5796773187693347, "a_mp_3": -36.20085640378583, "a_pm_0": -8.572338311978854, "a_pm_1": 11.343246865818124, "a_pm_2": -35.15411606530204, "a_pm_3": -27.282180563016027, "a_pp_1": 7.0683861752279356, "a_pp_2": 2.223603356714733, "a_pp_3": 5.666061975259964}, "datetime": {"datetime": "2024-07-12 22:08:03", "elapsed": 591.195702, "delta": 9.046334}}
{"target": -166749.47575107406, "params": {"a_c_1": 7.642012850982791, "a_c_2": 1.2671338384692277, "a_mm_0": -25.34400020746145, "a_mm_1": -35.239505022500865, "a_mm_2": -21.828501716945286, "a_mm_3": 4.50228801389332, "a_mp_0": -3.099056501737067, "a_mp_1": 0.34466593603554685, "a_mp_2": -39.49701522849811, "a_mp_3": 0.7026183350791939, "a_pm_0": -9.809158567426778, "a_pm_1": -26.14549297094925, "a_pm_2": -29.506209461084666, "a_pm_3": -28.901022066950212, "a_pp_1": 10.65560030450591, "a_pp_2": 18.955387358305117, "a_pp_3": 14.824377490497895}, "datetime": {"datetime": "2024-07-12 22:08:04", "elapsed": 734.703154, "delta": 10.695344}}
{"target": -348118.0307830084, "params": {"a_c_1": 1.4970458423437338, "a_c_2": 4.436944043857322, "a_mm_0": 11.424501359609565, "a_mm_1": 9.375333322570413, "a_mm_2": 10.015280765007446, "a_mm_3": -35.31816762182377, "a_mp_0": -11.278946295509105, "a_mp_1": -4.253253999020295, "a_mp_2": -7.628509622223454, "a_mp_3": -39.31260096236643, "a_pm_0": 6.178356587503046, "a_pm_1": 4.537883790357199, "a_pm_2": -10.349211382326917, "a_pm_3": -31.05388207667155, "a_pp_1": -29.707783441526807, "a_pp_2": -39.388680728452464, "a_pp_3": -6.988553187114412}, "datetime": {"datetime": "2024-07-12 22:08:11", "elapsed": 578.07344, "delta": 9.938392}}
{"target": -328684.3859335506, "params": {"a_c_1": 1.5779729317270408, "a_c_2": 4.787891994948849, "a_mm_0": 4.0867156254024835, "a_mm_1": -22.6626875859778, "a_mm_2": -19.829869174684756, "a_mm_3": 16.6717118283795, "a_mp_0": -33.37117007299824, "a_mp_1": -4.78388600122706, "a_mp_2": 2.0592399460069544, "a_mp_3": -0.22339299750710495, "a_pm_0": -36.045977370274315, "a_pm_1": 17.519457142450634, "a_pm_2": -38.6159279990046, "a_pm_3": -38.0754224429542, "a_pp_1": -6.666096472615216, "a_pp_2": -35.48445969020537, "a_pp_3": -20.737724818764445}, "datetime": {"datetime": "2024-07-12 22:08:11", "elapsed": 620.557305, "delta": 8.697428}}
{"target": -215702.02932614167, "params": {"a_c_1": 14.173595131829213, "a_c_2": 7.609607187295762, "a_mm_0": -26.977994933644638, "a_mm_1": -30.683873699042593, "a_mm_2": -38.48953440565433, "a_mm_3": -35.20685405573353, "a_mp_0": 12.941147323111878, "a_mp_1": -29.252679238381326, "a_mp_2": -15.785259010257672, "a_mp_3": 6.20212580125483, "a_pm_0": 18.98468728134548, "a_pm_1": 12.35072342690816, "a_pm_2": 15.366820913486585, "a_pm_3": 9.919629439328382, "a_pp_1": -19.068719860660895, "a_pp_2": -1.7697297372161245, "a_pp_3": 2.437448686394596}, "datetime": {"datetime": "2024-07-12 22:08:11", "elapsed": 643.3369, "delta": 8.884599}}
{"target": -233664.2812625246, "params": {"a_c_1": 10.31559580357268, "a_c_2": 2.736604659567068, "a_mm_0": -19.499772897255696, "a_mm_1": 3.071916109588834, "a_mm_2": 19.287638477942046, "a_mm_3": -21.450833599448785, "a_mp_0": -26.075180956927056, "a_mp_1": -20.68156812455186, "a_mp_2": -35.63244810119431, "a_mp_3": -29.468747600356544, "a_pm_0": 9.531680938163092, "a_pm_1": -33.26196727199777, "a_pm_2": -30.57331291148904, "a_pm_3": 10.390605296956728, "a_pp_1": -25.658304396774525, "a_pp_2": 16.6920099336319, "a_pp_3": -22.213892603439135}, "datetime": {"datetime": "2024-07-12 22:08:13", "elapsed": 601.658741, "delta": 10.463039}}
{"target": -78362.45725531103, "params": {"a_c_1": 6.947388407456256, "a_c_2": 7.802245796913637, "a_mm_0": -7.212724557914157, "a_mm_1": 8.986543853356267, "a_mm_2": -10.97638292866565, "a_mm_3": -4.602922102035777, "a_mp_0": 7.235806851455692, "a_mp_1": -33.98592141381206, "a_mp_2": -7.779572989567555, "a_mp_3": -18.040999199820746, "a_pm_0": -3.741589379867669, "a_pm_1": 17.52815093822003, "a_pm_2": -16.43062330018225, "a_pm_3": -16.421620123503015, "a_pp_1": 7.438219615375928, "a_pp_2": -1.295296054874413, "a_pp_3": -16.366959528677413}, "datetime": {"datetime": "2024-07-12 22:08:15", "elapsed": 745.944479, "delta": 11.241325}}
{"target": -74096.40558927387, "params": {"a_c_1": 8.255944391667487, "a_c_2": 6.033656921993163, "a_mm_0": 18.251937703027842, "a_mm_1": -20.40281986647389, "a_mm_2": 15.231501973467871, "a_mm_3": 19.24005460703024, "a_mp_0": -4.783017724947015, "a_mp_1": 14.902908243486614, "a_mp_2": 4.620010817738908, "a_mp_3": 3.124499487550615, "a_pm_0": -33.21131287153121, "a_pm_1": 4.776831793576605, "a_pm_2": -29.262638919730986, "a_pm_3": 5.420223509898804, "a_pp_1": -36.413203898177116, "a_pp_2": 12.56148120778738, "a_pp_3": -28.785707426082862}, "datetime": {"datetime": "2024-07-12 22:08:20", "elapsed": 652.618875, "delta": 9.281975}}
{"target": -79054.41606275488, "params": {"a_c_1": 14.052491862399245, "a_c_2": 6.7106627458761, "a_mm_0": -8.349551237352351, "a_mm_1": -14.785365530085194, "a_mm_2": 2.263172606999518, "a_mm_3": -6.951056190826996, "a_mp_0": -4.713958901599888, "a_mp_1": -34.3198467315589, "a_mp_2": 18.674054375101555, "a_mp_3": -38.79342727632701, "a_pm_0": -0.46644817819294104, "a_pm_1": 2.767555355895219, "a_pm_2": -15.815077163306142, "a_pm_3": 2.6694192187858192, "a_pp_1": 17.624483186963005, "a_pp_2": 4.12092740730688, "a_pp_3": 7.688071872308861}, "datetime": {"datetime": "2024-07-12 22:08:21", "elapsed": 587.959272, "delta": 9.885832}}
{"target": -122009.61262434332, "params": {"a_c_1": 15.845689583874986, "a_c_2": 5.598554504914817, "a_mm_0": -5.163054073203675, "a_mm_1": 15.03494804409003, "a_mm_2": -33.71714810367816, "a_mm_3": 19.306929991673854, "a_mp_0": -1.5043051256477895, "a_mp_1": 1.2651624224621187, "a_mp_2": -39.042682034866786, "a_mp_3": 12.269729719801127, "a_pm_0": -16.34518685646163, "a_pm_1": -16.11896048988783, "a_pm_2": -1.8246180806208159, "a_pm_3": -16.156107215051158, "a_pp_1": 16.40807548318073, "a_pp_2": 15.000829902982524, "a_pp_3": -17.621484878278842}, "datetime": {"datetime": "2024-07-12 22:08:22", "elapsed": 631.601981, "delta": 11.044676}}
{"target": -150586.34496685668, "params": {"a_c_1": 3.635885707551403, "a_c_2": 4.040676253209917, "a_mm_0": -39.595674680000116, "a_mm_1": -14.620172152176266, "a_mm_2": -7.220389540743746, "a_mm_3": 18.656686565787133, "a_mp_0": 3.1718098519427684, "a_mp_1": -16.849663091888203, "a_mp_2": -17.7365268198757, "a_mp_3": -15.021153953520631, "a_pm_0": -26.14214001300862, "a_pm_1": -29.715059427849916, "a_pm_2": -29.37892878776708, "a_pm_3": 7.398110346304058, "a_pp_1": 19.56961746591505, "a_pp_2": -9.298701610463496, "a_pp_3": -22.947532102622915}, "datetime": {"datetime": "2024-07-12 22:08:22", "elapsed": 611.020678, "delta": 9.361937}}
{"target": -351520.2758452653, "params": {"a_c_1": 13.779100964605028, "a_c_2": 4.04001609054379, "a_mm_0": -31.833210745112673, "a_mm_1": -12.961403879671934, "a_mm_2": -19.934836438163643, "a_mm_3": -26.921864196329928, "a_mp_0": 15.546488098186394, "a_mp_1": 1.3783639447734615, "a_mp_2": -4.070746562594685, "a_mp_3": 4.799448327380304, "a_pm_0": -7.48173629371351, "a_pm_1": 2.0319843571701526, "a_pm_2": 15.833589154990705, "a_pm_3": 11.757001670313315, "a_pp_1": -29.95348854960872, "a_pp_2": -24.211658564567546, "a_pp_3": -35.70338323349173}, "datetime": {"datetime": "2024-07-12 22:08:24", "elapsed": 755.000582, "delta": 9.056103}}
{"target": -228793.66857197165, "params": {"a_c_1": 4.329568781557294, "a_c_2": 6.07468737685217, "a_mm_0": -27.010753034036885, "a_mm_1": -1.5903104041330494, "a_mm_2": 10.926844460494522, "a_mm_3": -16.883034658792372, "a_mp_0": -26.987764276967347, "a_mp_1": 14.194278934959257, "a_mp_2": -23.889108673476592, "a_mp_3": -22.124533261268333, "a_pm_0": 19.104496544481783, "a_pm_1": 16.808911832325272, "a_pm_2": 10.611041497188495, "a_pm_3": -32.57596370528152, "a_pp_1": 7.00016058678537, "a_pp_2": -15.023317421548338, "a_pp_3": -14.609814484729988}, "datetime": {"datetime": "2024-07-12 22:08:28", "elapsed": 595.291543, "delta": 7.332271}}
{"target": -257838.22571598698, "params": {"a_c_1": 11.836066838894556, "a_c_2": 1.6527851810138972, "a_mm_0": -6.100426797584937, "a_mm_1": -21.00483841555228, "a_mm_2": 5.848835373429409, "a_mm_3": 18.300959302457585, "a_mp_0": 19.02567074986238, "a_mp_1": -36.183649052739554, "a_mp_2": -27.969628152103812, "a_mp_3": -25.35260365887848, "a_pm_0": 17.702975727187827, "a_pm_1": 4.835255871050016, "a_pm_2": -30.17274313390762, "a_pm_3": -38.40170086689237, "a_pp_1": -19.384969267485626, "a_pp_2": -24.663061062862177, "a_pp_3": 10.35658772751092}, "datetime": {"datetime": "2024-07-12 22:08:31", "elapsed": 619.57033, "delta": 8.549652}}
{"target": -78830.56808302805, "params": {"a_c_1": 17.16306873995037, "a_c_2": 8.955238779970863, "a_mm_0": -33.853782017836124, "a_mm_1": -33.05026505393702, "a_mm_2": 18.506415884996983, "a_mm_3": 19.052986255681724, "a_mp_0": -34.22251137965402, "a_mp_1": -1.8394539298219783, "a_mp_2": -17.842445109739707, "a_mp_3": -36.461614046057726, "a_pm_0": 11.10638596435988, "a_pm_1": -0.18504548857623604, "a_pm_2": -36.36716966637673, "a_pm_3": -12.801178459727126, "a_pp_1": -15.592032955000978, "a_pp_2": 19.099582560111003, "a_pp_3": 19.673079650889285}, "datetime": {"datetime": "2024-07-12 22:08:31", "elapsed": 663.493564, "delta": 10.874689}}
{"target": -350699.5104954736, "params": {"a_c_1": 4.521077723906366, "a_c_2": 4.0663102133573, "a_mm_0": 19.567668655221972, "a_mm_1": -21.70623504976341, "a_mm_2": -10.251036794999273, "a_mm_3": -28.09014450787933, "a_mp_0": -11.030844900043547, "a_mp_1": 17.152129256297293, "a_mp_2": -15.89901867924414, "a_mp_3": -39.22947450810517, "a_pm_0": -2.978702602676158, "a_pm_1": 7.06587401570917, "a_pm_2": -19.230322340006158, "a_pm_3": -33.84129230433079, "a_pp_1": -18.326375629140436, "a_pp_2": 7.285294172754185, "a_pp_3": -11.828143005124986}, "datetime": {"datetime": "2024-07-12 22:08:32", "elapsed": 641.85395, "delta": 10.251969}}
{"target": -168748.67007616107, "params": {"a_c_1": 19.57345610316694, "a_c_2": 2.3638409866037557, "a_mm_0": -0.364098644284077, "a_mm_1": -34.62215806435228, "a_mm_2": -27.353743474778874, "a_mm_3": -9.83053698889573, "a_mp_0": -33.70277990020432, "a_mp_1": -16.667595838316537, "a_mp_2": -7.720736791619146, "a_mp_3": -19.647748906894, "a_pm_0": -6.645987332405468, "a_pm_1": -7.793900683452158, "a_pm_2": -16.563370075785652, "a_pm_3": 1.7762049860661762, "a_pp_1": 0.7089472398754424, "a_pp_2": 1.23818896246339, "a_pp_3": -6.3105244720375495}, "datetime": {"datetime": "2024-07-12 22:08:34", "elapsed": 764.671862, "delta": 9.67128}}
{"target": -66146.37788143806, "params": {"a_c_1": 5.622965832830513, "a_c_2": 2.879198527223897, "a_mm_0": -27.877278448272357, "a_mm_1": -20.308146627412295, "a_mm_2": -36.62683926597954, "a_mm_3": -16.074734110748842, "a_mp_0": -9.511571986556266, "a_mp_1": 19.677826648636064, "a_mp_2": -28.460377011586143, "a_mp_3": 1.532284720507441, "a_pm_0": -24.14943845186881, "a_pm_1": -21.287601718580824, "a_pm_2": 15.950671048313794, "a_pm_3": -6.6809045352371115, "a_pp_1": 10.552206759606705, "a_pp_2": 17.96711068040502, "a_pp_3": -6.896451377265215}, "datetime": {"datetime": "2024-07-12 22:08:38", "elapsed": 605.316198, "delta": 10.024655}}
{"target": -485976.28486441175, "params": {"a_c_1": 18.92750679949937, "a_c_2": 2.622842003783613, "a_mm_0": 8.193537076192747, "a_mm_1": -21.13086878823181, "a_mm_2": -14.474648342470797, "a_mm_3": -39.97365978666126, "a_mp_0": -1.4812188951528924, "a_mp_1": -36.26402381861804, "a_mp_2": -10.462814631473414, "a_mp_3": -30.747162566721165, "a_pm_0": 11.540054489939948, "a_pm_1": -28.264188483024302, "a_pm_2": -12.390798791418195, "a_pm_3": -7.241397057401606, "a_pp_1": -17.437430497645153, "a_pp_2": -31.904163132378713, "a_pp_3": -27.672894070707756}, "datetime": {"datetime": "2024-07-12 22:08:39", "elapsed": 627.499183, "delta": 7.928853}}
{"target": -145226.84053636546, "params": {"a_c_1": 4.532136803068041, "a_c_2": 7.630792691990626, "a_mm_0": -0.23581923149401263, "a_mm_1": -13.940589594604099, "a_mm_2": -5.4535760893478695, "a_mm_3": -15.388231750006756, "a_mp_0": -37.64624167349174, "a_mp_1": 5.292446805362815, "a_mp_2": 7.741120617018424, "a_mp_3": 16.10701877619617, "a_pm_0": -8.73501005484648, "a_pm_1": -36.00448157739857, "a_pm_2": 15.599677663939431, "a_pm_3": -24.936441513814742, "a_pp_1": -32.08984473949067, "a_pp_2": -31.284375067010185, "a_pp_3": -4.530146607035604}, "datetime": {"datetime": "2024-07-12 22:08:40", "elapsed": 672.427609, "delta": 8.934045}}
{"target": -403384.1698607641, "params": {"a_c_1": 0.4028891610667573, "a_c_2": 6.986054211991376, "a_mm_0": -24.06280316784425, "a_mm_1": -7.0468960658972435, "a_mm_2": -14.454918127360013, "a_mm_3": -28.219201150224634, "a_mp_0": -16.309369511706297, "a_mp_1": -23.954268691344318, "a_mp_2": -7.698266639296314, "a_mp_3": -31.01472543073125, "a_pm_0": 19.85897743440968, "a_pm_1": 9.737855087609447, "a_pm_2": 3.709687377955838, "a_pm_3": -24.945358141319815, "a_pp_1": 17.192250148099248, "a_pp_2": 18.40603983984127, "a_pp_3": -32.94502238065553}, "datetime": {"datetime": "2024-07-12 22:08:40", "elapsed": 650.090717, "delta": 8.236767}}
{"target": -66975.19442002717, "params": {"a_c_1": 7.161598280258716, "a_c_2": 6.131123353670123, "a_mm_0": 16.144175996491988, "a_mm_1": -4.186688503241612, "a_mm_2": 18.775410461565514, "a_mm_3": -13.539602775467728, "a_mp_0": 4.376717750452798, "a_mp_1": -37.74376728102399, "a_mp_2": 5.883598340029167, "a_mp_3": -8.903105180391258, "a_pm_0": -39.681008022333806, "a_pm_1": -23.36799371304409, "a_pm_2": -7.910066048811309, "a_pm_3": 6.0777726968786965, "a_pp_1": -36.8144442728485, "a_pp_2": -7.056793368968819, "a_pp_3": 8.05967334790136}, "datetime": {"datetime": "2024-07-12 22:08:45", "elapsed": 776.103919, "delta": 11.432057}}
{"target": -453015.961701433, "params": {"a_c_1": 17.018828029633976, "a_c_2": 9.262599733049068, "a_mm_0": -14.654912027365615, "a_mm_1": -33.343174789298445, "a_mm_2": -11.079435609843351, "a_mm_3": -22.195727989420917, "a_mp_0": 11.796713392193467, "a_mp_1": 16.75334631066749, "a_mp_2": -37.236126416525806, "a_mp_3": -12.12904497605659, "a_pm_0": -27.092235650661493, "a_pm_1": -11.17293623468192, "a_pm_2": -35.245693792524705, "a_pm_3": -20.557420290559627, "a_pp_1": -33.4011806240523, "a_pp_2": -15.378672512554559, "a_pp_3": -36.71574924734725}, "datetime": {"datetime": "2024-07-12 22:08:47", "elapsed": 614.593372, "delta": 9.277174}}
{"target": -418669.9806322888, "params": {"a_c_1": 10.549952922526447, "a_c_2": 0.8521804291635104, "a_mm_0": 12.581693877395715, "a_mm_1": 9.245346294116082, "a_mm_2": -34.34317258600966, "a_mm_3": -35.25779829067807, "a_mp_0": -11.515509387595351, "a_mp_1": -37.87556659133755, "a_mp_2": 19.571707113514506, "a_mp_3": -34.054611816526986, "a_pm_0": -8.327686612665069, "a_pm_1": -9.666035520519682, "a_pm_2": -5.561124240214653, "a_pm_3": -16.734757070517453, "a_pp_1": -7.959935699112663, "a_pp_2": -15.163801239558413, "a_pp_3": -34.80833994962409}, "datetime": {"datetime": "2024-07-12 22:08:47", "elapsed": 635.785524, "delta": 8.286341}}
{"target": -58209.315313260624, "params": {"a_c_1": 5.040166104034565, "a_c_2": 1.327522336002639, "a_mm_0": -22.35757230839053, "a_mm_1": 7.479350957811484, "a_mm_2": 19.042801799844156, "a_mm_3": -8.11996672988585, "a_mp_0": -14.703990947638442, "a_mp_1": 4.586361444007629, "a_mp_2": 11.759868938719023, "a_mp_3": -9.333343808556798, "a_pm_0": -10.601377258653997, "a_pm_1": -15.716733230106527, "a_pm_2": -13.58801780730668, "a_pm_3": -13.723628269390662, "a_pp_1": -33.05532536823019, "a_pp_2": 16.071628099421744, "a_pp_3": -8.77756965147113}, "datetime": {"datetime": "2024-07-12 22:08:49", "elapsed": 658.636247, "delta": 8.54553}}
{"target": -135582.84773356316, "params": {"a_c_1": 7.815240508868973, "a_c_2": 7.0803921721753085, "a_mm_0": -34.99792024689466, "a_mm_1": -39.01218232332299, "a_mm_2": 17.61584717010065, "a_mm_3": -34.55238976085976, "a_mp_0": -19.262006721667202, "a_mp_1": -38.87280154515169, "a_mp_2": 13.007879313115886, "a_mp_3": 10.810506569200555, "a_pm_0": -4.687012894398308, "a_pm_1": -30.482300972841067, "a_pm_2": 8.091029469363058, "a_pm_3": -35.941488318325014, "a_pp_1": -12.573283047259213, "a_pp_2": -21.05031854822498, "a_pp_3": 19.828122066283022}, "datetime": {"datetime": "2024-07-12 22:08:49", "elapsed": 681.529206, "delta": 9.101597}}
{"target": -273865.8060485806, "params": {"a_c_1": 12.991661097569578, "a_c_2": 9.314470149929107, "a_mm_0": -35.51611329911433, "a_mm_1": -23.391612243964804, "a_mm_2": 15.15425025537035, "a_mm_3": 5.9003088978885785, "a_mp_0": -4.015579331674083, "a_mp_1": 9.97808863022422, "a_mp_2": 13.762609494500119, "a_mp_3": 18.363221171169492, "a_pm_0": 19.911230425388354, "a_pm_1": -31.62103997895379, "a_pm_2": -35.767477315378045, "a_pm_3": -35.5920007383926, "a_pp_1": -39.11537254600319, "a_pp_2": 18.30920437867556, "a_pp_3": -34.31398501256625}, "datetime": {"datetime": "2024-07-12 22:08:55", "elapsed": 786.523304, "delta": 10.419385}}
{"target": -71434.91971082427, "params": {"a_c_1": 13.53684700644995, "a_c_2": 9.176668298229947, "a_mm_0": 13.100460545855896, "a_mm_1": -10.020720661069213, "a_mm_2": -33.670961250464465, "a_mm_3": 8.872649413935804, "a_mp_0": -7.725426723799856, "a_mp_1": -28.600856895267327, "a_mp_2": -1.4978295836839663, "a_mp_3": 7.776190993927102, "a_pm_0": -21.217565469202405, "a_pm_1": 3.6206911926061096, "a_pm_2": -19.971074868774153, "a_pm_3": 6.2974907096100665, "a_pp_1": -5.291960801400684, "a_pp_2": 10.926687264665944, "a_pp_3": -24.395359856588406}, "datetime": {"datetime": "2024-07-12 22:08:56", "elapsed": 623.513464, "delta": 8.920092}}
