{"target": -254284.72376464104, "params": {"a_c_1": 5.636901762864859, "a_c_2": 1.7849483297748825, "a_mm_0": 18.192234220682842, "a_mm_1": 4.516371527364605, "a_mm_2": -24.412498401735128, "a_mm_3": -5.125879462529696, "a_mp_0": 17.31573521229121, "a_mp_1": -35.154765531275274, "a_mp_2": -34.98794757629553, "a_mp_3": -2.8519101148055697, "a_pm_0": -26.53039126984254, "a_pm_1": 5.911037404010486, "a_pm_2": -5.910847423053696, "a_pm_3": -0.02871458659028292, "a_pp_1": -33.53116595232446, "a_pp_2": -34.943016913806595, "a_pp_3": -2.4927359016706205}, "datetime": {"datetime": "2024-07-12 22:11:03", "elapsed": 913.772277, "delta": 9.846068}}
{"target": -180729.86769594924, "params": {"a_c_1": 9.690398282947468, "a_c_2": 1.1417854525201188, "a_mm_0": -24.530334563078846, "a_mm_1": -6.6326220726217, "a_mm_2": -3.317601969722112, "a_mm_3": -7.633162662932236, "a_mp_0": 14.493987850590855, "a_mp_1": -22.15328198916508, "a_mp_2": 8.062692216291445, "a_mp_3": -17.18776968690745, "a_pm_0": 9.238080242185475, "a_pm_1": 16.986598432549584, "a_pm_2": -20.971516962357533, "a_pm_3": -7.344127948424784, "a_pp_1": -10.602298677945463, "a_pp_2": -32.346414289748445, "a_pp_3": -39.947563166254376}, "datetime": {"datetime": "2024-07-12 22:11:04", "elapsed": 772.376129, "delta": 9.317933}}
{"target": -108554.5313645482, "params": {"a_c_1": 12.93900047358877, "a_c_2": 5.130102585539977, "a_mm_0": 19.572202604626185, "a_mm_1": -0.6687171131707643, "a_mm_2": 18.955674612624165, "a_mm_3": -2.2943286720808658, "a_mp_0": 16.578443304120654, "a_mp_1": 1.435107328045376, "a_mp_2": -7.317693597063197, "a_mp_3": -17.677155531560583, "a_pm_0": -16.096334870105473, "a_pm_1": -14.081329722663142, "a_pm_2": -30.649687507524987, "a_pm_3": -7.925604757269923, "a_pp_1": 19.868861310331482, "a_pp_2": 0.09962628635396698, "a_pp_3": -37.75495984608726}, "datetime": {"datetime": "2024-07-12 22:11:05", "elapsed": 752.858503, "delta": 9.117278}}
{"target": -124598.65335505633, "params": {"a_c_1": 10.089283490864336, "a_c_2": 1.289184328153623, "a_mm_0": 14.021954729358171, "a_mm_1": -24.232887400027643, "a_mm_2": -31.064663587133715, "a_mm_3": -29.022747012235346, "a_mp_0": -28.263775282024493, "a_mp_1": 14.77800570103377, "a_mp_2": -14.187694460481268, "a_mp_3": 5.315017644377086, "a_pm_0": 9.508249543870676, "a_pm_1": -34.555826205523424, "a_pm_2": -2.947034980891047, "a_pm_3": 9.281369345545471, "a_pp_1": -26.227640655211673, "a_pp_2": 15.997290997222336, "a_pp_3": -7.888631063882002}, "datetime": {"datetime": "2024-07-12 22:11:08", "elapsed": 797.647448, "delta": 9.566139}}
{"target": -159380.35880241272, "params": {"a_c_1": 8.563901529866499, "a_c_2": 1.4052037826459074, "a_mm_0": -15.32111692816639, "a_mm_1": -26.419449469989857, "a_mm_2": 8.751854420011178, "a_mm_3": 7.4023194499361225, "a_mp_0": -27.07266645926726, "a_mp_1": -5.015466905714469, "a_mp_2": -0.40170165001565294, "a_mp_3": -14.328356412653221, "a_pm_0": -34.845763159603834, "a_pm_1": 3.5468206806286133, "a_pm_2": -34.88032708796331, "a_pm_3": 0.8743432448384638, "a_pp_1": -35.17825074209161, "a_pp_2": -4.537209193595984, "a_pp_3": -23.3663566447795}, "datetime": {"datetime": "2024-07-12 22:11:10", "elapsed": 822.600648, "delta": 7.969795}}
{"target": -364741.7238986096, "params": {"a_c_1": 2.009289826045424, "a_c_2": 7.563656260481151, "a_mm_0": -36.945782984872196, "a_mm_1": -28.964361834856692, "a_mm_2": -22.511737814161208, "a_mm_3": -28.23839471830509, "a_mp_0": 17.540739342405253, "a_mp_1": -10.765851993116314, "a_mp_2": -14.788894872006576, "a_mp_3": -26.013324673510752, "a_pm_0": -7.766481053762938, "a_pm_1": 2.007347534100944, "a_pm_2": -38.7768061874734, "a_pm_3": -6.006353223564325, "a_pp_1": 9.632120819352068, "a_pp_2": -31.988518894125093, "a_pp_3": -2.336455021526824}, "datetime": {"datetime": "2024-07-12 22:11:12", "elapsed": 780.297842, "delta": 7.921713}}
{"target": -104525.97412490669, "params": {"a_c_1": 8.19462522268041, "a_c_2": 0.8725252387198179, "a_mm_0": -17.736163299028654, "a_mm_1": 0.3286645794109191, "a_mm_2": -28.62475598850486, "a_mm_3": 13.74374651172225, "a_mp_0": 16.990783332805236, "a_mp_1": 17.694352546072032, "a_mp_2": 3.804953464415611, "a_mp_3": -15.622694338701095, "a_pm_0": 4.624951781073179, "a_pm_1": -22.72078724351491, "a_pm_2": -21.13496665655523, "a_pm_3": -3.646218326928526, "a_pp_1": -4.309171995524942, "a_pp_2": 12.719658578948668, "a_pp_3": -24.723954660365383}, "datetime": {"datetime": "2024-07-12 22:11:13", "elapsed": 924.516625, "delta": 10.744348}}
{"target": -52346.188456194956, "params": {"a_c_1": 5.108115766674457, "a_c_2": 8.535061514419999, "a_mm_0": -5.274949309403397, "a_mm_1": -33.54169012363311, "a_mm_2": -9.188629899116904, "a_mm_3": -26.977237590665162, "a_mp_0": 16.416802615469557, "a_mp_1": 0.5875999859659586, "a_mp_2": -9.40814433425464, "a_mp_3": 3.697616735192824, "a_pm_0": -9.391822583618662, "a_pm_1": -17.767318735204075, "a_pm_2": -0.24214597875684518, "a_pm_3": -23.147337882567584, "a_pp_1": -0.8543477883209505, "a_pp_2": 8.030750790438539, "a_pp_3": 7.988625422493918}, "datetime": {"datetime": "2024-07-12 22:11:17", "elapsed": 763.975127, "delta": 11.116624}}
{"target": -100041.43054683234, "params": {"a_c_1": 10.351729802396779, "a_c_2": 9.941066806774883, "a_mm_0": -29.12735504545171, "a_mm_1": 15.806684587200692, "a_mm_2": -24.882821378256697, "a_mm_3": -6.376494976051916, "a_mp_0": -35.4036747217309, "a_mp_1": -18.421223922360717, "a_mp_2": -25.186790438301664, "a_mp_3": 6.583520505454274, "a_pm_0": 19.36092645274686, "a_pm_1": -30.920118605541788, "a_pm_2": -36.334775189979275, "a_pm_3": -0.3184376458717182, "a_pp_1": 18.709359266601695, "a_pp_2": 17.795848003697195, "a_pp_3": 11.760974107144811}, "datetime": {"datetime": "2024-07-12 22:11:18", "elapsed": 807.398081, "delta": 9.750633}}
{"target": -83125.38992428026, "params": {"a_c_1": 8.08263211701436, "a_c_2": 9.858998346319037, "a_mm_0": 17.016911223171704, "a_mm_1": -5.349065453672914, "a_mm_2": 1.3244879656666342, "a_mm_3": 8.295548612360406, "a_mp_0": 3.142722251128937, "a_mp_1": -32.18713321083496, "a_mp_2": -12.53758008917574, "a_mp_3": 10.013911525247167, "a_pm_0": 4.8658075611370535, "a_pm_1": -25.737447638319072, "a_pm_2": 11.774690667877216, "a_pm_3": -3.2303326419407696, "a_pp_1": -22.849220355014268, "a_pp_2": -36.56109438082257, "a_pp_3": 4.524198061178147}, "datetime": {"datetime": "2024-07-12 22:11:19", "elapsed": 831.291699, "delta": 8.691051}}
{"target": -285004.2408512086, "params": {"a_c_1": 12.640918745337226, "a_c_2": 1.6513256139863408, "a_mm_0": -22.15004717260725, "a_mm_1": -28.576330395822666, "a_mm_2": 8.228147932375116, "a_mm_3": 2.495824879954256, "a_mp_0": 1.0003785977923556, "a_mp_1": -18.318957559100927, "a_mp_2": -12.860071011709277, "a_mp_3": -11.284725169565508, "a_pm_0": -28.67803116076752, "a_pm_1": -4.708494641719142, "a_pm_2": -29.89862554821538, "a_pm_3": -4.416955316976335, "a_pp_1": 19.132571105646612, "a_pp_2": -35.72383914070226, "a_pp_3": -15.624316000402004}, "datetime": {"datetime": "2024-07-12 22:11:19", "elapsed": 787.992253, "delta": 7.694411}}
{"target": -117465.8589084198, "params": {"a_c_1": 15.323767304056435, "a_c_2": 9.410132668189013, "a_mm_0": -39.93802404053592, "a_mm_1": -11.43465291987371, "a_mm_2": -0.5775802585162424, "a_mm_3": 10.59939283517135, "a_mp_0": -28.975635287439896, "a_mp_1": 11.369554279242308, "a_mp_2": -18.138071208578324, "a_mp_3": 13.536435756570349, "a_pm_0": -38.3372955926581, "a_pm_1": -34.87659165260976, "a_pm_2": 18.88462794524675, "a_pm_3": -3.429884453590205, "a_pp_1": -14.942059191149003, "a_pp_2": -29.84714891837857, "a_pp_3": -1.0059308146186012}, "datetime": {"datetime": "2024-07-12 22:11:24", "elapsed": 934.939092, "delta": 10.422467}}
{"target": -135879.51668799168, "params": {"a_c_1": 14.591655460760165, "a_c_2": 5.792919460504993, "a_mm_0": -39.062588663837246, "a_mm_1": 16.01005279821917, "a_mm_2": -5.8222573121654335, "a_mm_3": -11.847297682443738, "a_mp_0": -38.809929926389565, "a_mp_1": -29.54659046663206, "a_mp_2": -19.369222382640523, "a_mp_3": 17.763274227685997, "a_pm_0": -1.6811124388473644, "a_pm_1": 2.1169423243069474, "a_pm_2": -17.09946882888769, "a_pm_3": 4.349359045879098, "a_pp_1": -27.504723389142764, "a_pp_2": -23.094973229378496, "a_pp_3": -7.785559659941896}, "datetime": {"datetime": "2024-07-12 22:11:27", "elapsed": 816.728501, "delta": 9.33042}}
{"target": -201821.05013393448, "params": {"a_c_1": 8.693776105888528, "a_c_2": 9.743507549737538, "a_mm_0": -24.11781079937627, "a_mm_1": -35.88349013079457, "a_mm_2": -25.13840929709147, "a_mm_3": -15.759150774692575, "a_mp_0": -37.77591959138602, "a_mp_1": -16.717176052552954, "a_mp_2": -25.400128120357664, "a_mp_3": 19.41526093127993, "a_pm_0": -29.710527064435663, "a_pm_1": 10.661390912168493, "a_pm_2": -29.924083473181238, "a_pm_3": -5.234985476634627, "a_pp_1": -0.45243873305474835, "a_pp_2": -7.905083139413513, "a_pp_3": 16.78739976722003}, "datetime": {"datetime": "2024-07-12 22:11:27", "elapsed": 839.191205, "delta": 7.899506}}
{"target": -210306.07785597484, "params": {"a_c_1": 4.610364481024698, "a_c_2": 4.707449917097528, "a_mm_0": 15.289557328963689, "a_mm_1": -31.441841864020887, "a_mm_2": -29.027609257322222, "a_mm_3": -31.023290638544573, "a_mp_0": -38.67100781053361, "a_mp_1": -21.888436629543865, "a_mp_2": -13.410967165689101, "a_mp_3": 18.07526166186352, "a_pm_0": -24.01338559119649, "a_pm_1": 13.549260702871479, "a_pm_2": -10.311201620696185, "a_pm_3": -25.82585948879244, "a_pp_1": -18.0068161296565, "a_pp_2": 3.1153048147782485, "a_pp_3": -18.097406193430054}, "datetime": {"datetime": "2024-07-12 22:11:28", "elapsed": 775.087814, "delta": 11.112687}}
{"target": -224009.5789440808, "params": {"a_c_1": 6.571733774642274, "a_c_2": 5.525424163745846, "a_mm_0": -2.5416411797052803, "a_mm_1": -8.601593331580474, "a_mm_2": -9.845125206734703, "a_mm_3": 9.711099116502375, "a_mp_0": 12.815438650922985, "a_mp_1": -26.750333787223216, "a_mp_2": 4.939325394723113, "a_mp_3": -11.24784737407403, "a_pm_0": -28.543797469965174, "a_pm_1": -33.97072173546982, "a_pm_2": -18.606869352991446, "a_pm_3": -36.05819539242534, "a_pp_1": -1.520290662297839, "a_pp_2": -27.33931489488138, "a_pp_3": -3.829362208827284}, "datetime": {"datetime": "2024-07-12 22:11:28", "elapsed": 796.508349, "delta": 8.516096}}
{"target": -89120.66483740887, "params": {"a_c_1": 0.7395013671871564, "a_c_2": 3.116139134607047, "a_mm_0": -20.59124818065548, "a_mm_1": -3.553486389126789, "a_mm_2": -0.950124599458178, "a_mm_3": 10.76327595418816, "a_mp_0": 15.654856555852604, "a_mp_1": -0.3725363433340192, "a_mp_2": -5.309564895487711, "a_mp_3": -16.077067382259496, "a_pm_0": 17.99674955852852, "a_pm_1": -30.755249690058555, "a_pm_2": 13.705208518918909, "a_pm_3": -21.33921592690951, "a_pp_1": -7.09065462003376, "a_pp_2": 0.9239755059688903, "a_pp_3": -25.811820920430677}, "datetime": {"datetime": "2024-07-12 22:11:34", "elapsed": 944.881633, "delta": 9.942541}}
{"target": -392634.00051138556, "params": {"a_c_1": 8.565486504500491, "a_c_2": 4.202865719903355, "a_mm_0": -1.6243336174036287, "a_mm_1": 14.267071214389624, "a_mm_2": -39.755797976556, "a_mm_3": -6.637917349033003, "a_mp_0": 12.265630340461001, "a_mp_1": -31.98204267376841, "a_mp_2": -37.90696750495893, "a_mp_3": 17.50103864593762, "a_pm_0": 7.699931124694437, "a_pm_1": 5.322890305144561, "a_pm_2": -35.60045439294432, "a_pm_3": -5.857905276138688, "a_pp_1": -5.481155182210287, "a_pp_2": -27.019914991727642, "a_pp_3": 10.762428004327163}, "datetime": {"datetime": "2024-07-12 22:11:35", "elapsed": 782.955718, "delta": 7.867904}}
{"target": -42517.02239601375, "params": {"a_c_1": 8.642055788293316, "a_c_2": 6.508013172746959, "a_mm_0": 12.193892941783531, "a_mm_1": -25.961729837236476, "a_mm_2": -7.481968990532579, "a_mm_3": 19.05098893955045, "a_mp_0": 5.680034264370988, "a_mp_1": 2.388832407654469, "a_mp_2": -16.50564884724887, "a_mp_3": 11.073256897917865, "a_pm_0": 10.410276074262846, "a_pm_1": -13.720945456700047, "a_pm_2": -5.762334139568978, "a_pm_3": 0.7531140848092122, "a_pp_1": 7.3304045826982005, "a_pp_2": -13.267743226930172, "a_pp_3": -20.098446084503145}, "datetime": {"datetime": "2024-07-12 22:11:37", "elapsed": 848.96295, "delta": 9.771745}}
{"target": -153555.99372478065, "params": {"a_c_1": 6.010608501052765, "a_c_2": 2.1675297931096917, "a_mm_0": -2.79393679249155, "a_mm_1": -25.45997754083191, "a_mm_2": 13.701485207593606, "a_mm_3": -25.524602246487355, "a_mp_0": -36.641631246740694, "a_mp_1": -26.36757807824071, "a_mp_2": -16.724029594872746, "a_mp_3": -15.999629726619307, "a_pm_0": -16.710239544218368, "a_pm_1": -9.75860787431785, "a_pm_2": -24.64796614126371, "a_pm_3": -3.2006622718800344, "a_pp_1": -13.30815428134892, "a_pp_2": 10.026334735210256, "a_pp_3": -3.7249530418362795}, "datetime": {"datetime": "2024-07-12 22:11:37", "elapsed": 806.018737, "delta": 9.510388}}
{"target": -57281.297419075265, "params": {"a_c_1": 3.4460283152318794, "a_c_2": 8.79946285261388, "a_mm_0": -25.116716459975216, "a_mm_1": -10.92829899368159, "a_mm_2": 16.004104267829625, "a_mm_3": -17.965527453627583, "a_mp_0": -5.514549605523008, "a_mp_1": 1.2216932391462691, "a_mp_2": -13.88942886776164, "a_mp_3": -24.535908105707062, "a_pm_0": -8.704139663133414, "a_pm_1": 7.968287753335815, "a_pm_2": -15.372135739395386, "a_pm_3": 1.283810139738783, "a_pp_1": -24.84093373004317, "a_pp_2": -16.607871720805164, "a_pp_3": 16.505156537084098}, "datetime": {"datetime": "2024-07-12 22:11:38", "elapsed": 827.301055, "delta": 10.572554}}
{"target": -62760.760264237535, "params": {"a_c_1": 12.231605349709936, "a_c_2": 7.3418992114561785, "a_mm_0": 17.20585580298261, "a_mm_1": -3.707179709253019, "a_mm_2": 6.015615414076478, "a_mm_3": -26.092411932242957, "a_mp_0": -28.895691219853084, "a_mp_1": -32.182098417980846, "a_mp_2": -7.916835183307185, "a_mp_3": -31.473556857856526, "a_pm_0": -26.131079993971156, "a_pm_1": -5.22161879606336, "a_pm_2": 5.427168123589979, "a_pm_3": 17.177885250119076, "a_pp_1": 12.529644607285235, "a_pp_2": 6.232614340333605, "a_pp_3": -0.7364309997676131}, "datetime": {"datetime": "2024-07-12 22:11:44", "elapsed": 791.664051, "delta": 8.708333}}
{"target": -84906.86646328708, "params": {"a_c_1": 2.798002475441972, "a_c_2": 7.216842213124455, "a_mm_0": 4.827700819281539, "a_mm_1": -28.44179199695479, "a_mm_2": 11.43463208244956, "a_mm_3": -30.22372951829851, "a_mp_0": 9.61871815682295, "a_mp_1": -32.26200317166541, "a_mp_2": -1.4703339141274654, "a_mp_3": -8.815945802113738, "a_pm_0": -31.971362936394176, "a_pm_1": 2.917474592085725, "a_pm_2": 6.032317086804582, "a_pm_3": 13.44710254187401, "a_pp_1": -10.461335371539128, "a_pp_2": -8.922034766711903, "a_pp_3": -0.7278978533518057}, "datetime": {"datetime": "2024-07-12 22:11:46", "elapsed": 858.546274, "delta": 9.583324}}
{"target": -58091.17917708533, "params": {"a_c_1": 3.3547337010054323, "a_c_2": 5.08482013429616, "a_mm_0": 7.511832535080302, "a_mm_1": 1.544867730024535, "a_mm_2": -32.86159976961911, "a_mm_3": 14.044532904303978, "a_mp_0": -11.215745977050698, "a_mp_1": 16.800600754378856, "a_mp_2": -6.793977625104056, "a_mp_3": -34.91189070037883, "a_pm_0": -27.85221785952786, "a_pm_1": 11.25427837498296, "a_pm_2": 2.3556420058831478, "a_pm_3": 13.696371209175453, "a_pp_1": -20.251239892342014, "a_pp_2": -8.319916201742434, "a_pp_3": -0.9761120509528141}, "datetime": {"datetime": "2024-07-12 22:11:47", "elapsed": 957.900962, "delta": 13.019329}}
{"target": -78310.70423750747, "params": {"a_c_1": 14.413314452090269, "a_c_2": 4.009607729378612, "a_mm_0": 19.15524823088022, "a_mm_1": 13.238251836217437, "a_mm_2": 10.34822915110589, "a_mm_3": -19.303743549058197, "a_mp_0": 13.16444469273086, "a_mp_1": 1.2882821339247457, "a_mp_2": -20.727860159020036, "a_mp_3": -23.179724906784088, "a_pm_0": -35.80430555929415, "a_pm_1": 6.276299560637426, "a_pm_2": -0.07591236453539807, "a_pm_3": 10.65753726745102, "a_pp_1": -38.260887603820585, "a_pp_2": -29.386428119301534, "a_pp_3": 7.705683527562606}, "datetime": {"datetime": "2024-07-12 22:11:48", "elapsed": 816.222438, "delta": 10.203701}}
{"target": -386196.05581941264, "params": {"a_c_1": 1.3472854500436249, "a_c_2": 9.14313244392242, "a_mm_0": -36.85840748445167, "a_mm_1": 8.695717932769753, "a_mm_2": -17.36545998186169, "a_mm_3": 2.0711460556760457, "a_mp_0": -26.143319709169532, "a_mp_1": -29.363469696870112, "a_mp_2": -34.62019026056458, "a_mp_3": -39.53136567225607, "a_pm_0": -17.575566635810592, "a_pm_1": -37.49613222283328, "a_pm_2": -23.057501160308007, "a_pm_3": 12.514686330430592, "a_pp_1": 2.031318597248166, "a_pp_2": -14.864323975480154, "a_pp_3": -38.711716505246066}, "datetime": {"datetime": "2024-07-12 22:11:48", "elapsed": 838.264382, "delta": 10.963327}}
{"target": -195126.51534852426, "params": {"a_c_1": 13.539873657730325, "a_c_2": 5.8812276629778335, "a_mm_0": -39.93448980012461, "a_mm_1": 7.114021918282717, "a_mm_2": -18.00607907534702, "a_mm_3": 7.759942884108291, "a_mp_0": 19.284515936582387, "a_mp_1": -19.914703342614697, "a_mp_2": 15.9130187951991, "a_mp_3": 6.283619420387133, "a_pm_0": -23.553019108594633, "a_pm_1": -21.28970516306836, "a_pm_2": 11.144063489793808, "a_pm_3": -31.399026651990454, "a_pp_1": 8.15165721973949, "a_pp_2": -26.24972829535247, "a_pp_3": -23.658843650003153}, "datetime": {"datetime": "2024-07-12 22:11:52", "elapsed": 799.188685, "delta": 7.524634}}
{"target": -186298.18854878363, "params": {"a_c_1": 4.029166763213676, "a_c_2": 0.47778416418046254, "a_mm_0": 6.49471527649753, "a_mm_1": -37.12290385704546, "a_mm_2": -5.691150299491788, "a_mm_3": 18.691121785473662, "a_mp_0": -28.76666869495878, "a_mp_1": -12.099770646759637, "a_mp_2": -8.137505638299675, "a_mp_3": -36.42900695331211, "a_pm_0": -24.74652528487525, "a_pm_1": 12.385419552592538, "a_pm_2": 15.707117072831373, "a_pm_3": -38.10798729821303, "a_pp_1": 2.394083113030895, "a_pp_2": 13.09236197854107, "a_pp_3": -17.80062172331537}, "datetime": {"datetime": "2024-07-12 22:11:56", "elapsed": 824.524922, "delta": 8.302484}}
{"target": -171109.77486138736, "params": {"a_c_1": 18.136583287171973, "a_c_2": 3.8161965266679108, "a_mm_0": 0.7298686643765109, "a_mm_1": -4.434471208928564, "a_mm_2": -29.15986470966744, "a_mm_3": 1.167464076109681, "a_mp_0": 11.154635367225545, "a_mp_1": -11.753033097868485, "a_mp_2": 17.040174564120235, "a_mp_3": -6.973535073897715, "a_pm_0": 12.978700965061037, "a_pm_1": 5.533204631422308, "a_pm_2": -15.277486557726093, "a_pm_3": -21.601487772851232, "a_pp_1": -16.229448537729986, "a_pp_2": -19.334966356968877, "a_pp_3": -37.183310661619565}, "datetime": {"datetime": "2024-07-12 22:11:56", "elapsed": 868.512814, "delta": 9.96654}}
{"target": -35458.60217758548, "params": {"a_c_1": 11.885817071733289, "a_c_2": 2.314629355342478, "a_mm_0": -14.390719033105867, "a_mm_1": -25.11331215638951, "a_mm_2": 10.736897733868723, "a_mm_3": 19.20064669808496, "a_mp_0": -36.00575181205724, "a_mp_1": 2.8356819360176786, "a_mp_2": -20.193066868055542, "a_mp_3": -2.473877301314026, "a_pm_0": -24.51222104308774, "a_pm_1": -0.9395434414902937, "a_pm_2": -17.731168932236226, "a_pm_3": -22.31074722778218, "a_pp_1": 14.705790421867931, "a_pp_2": 16.549932453572453, "a_pp_3": -3.186998406391872}, "datetime": {"datetime": "2024-07-12 22:11:58", "elapsed": 969.187348, "delta": 11.286386}}
{"target": -67089.262491224, "params": {"a_c_1": 0.9770533431634632, "a_c_2": 9.926688244473835, "a_mm_0": -13.62511789984464, "a_mm_1": -4.390698839883498, "a_mm_2": 4.377922728373534, "a_mm_3": -3.2212852121879507, "a_mp_0": 5.114496573477673, "a_mp_1": -6.35505197103614, "a_mp_2": -10.356147160465742, "a_mp_3": -12.794666317811785, "a_pm_0": 13.28902203414382, "a_pm_1": 19.089204517520464, "a_pm_2": -17.069484679103333, "a_pm_3": -27.60850596614248, "a_pp_1": 15.579555857528376, "a_pp_2": -22.759392434604987, "a_pp_3": 3.1182609295316723}, "datetime": {"datetime": "2024-07-12 22:11:58", "elapsed": 848.120215, "delta": 9.855833}}
{"target": -50833.820985926286, "params": {"a_c_1": 13.995093104589799, "a_c_2": 8.927028347501281, "a_mm_0": 5.248753047777434, "a_mm_1": 14.054491754729582, "a_mm_2": 14.06005275944046, "a_mm_3": -8.102541053269004, "a_mp_0": -4.015740523033564, "a_mp_1": -21.849124473774147, "a_mp_2": -13.6460200281958, "a_mp_3": -31.403196813128982, "a_pm_0": -2.982149408626853, "a_pm_1": 19.04322655073664, "a_pm_2": -30.89717494282403, "a_pm_3": 0.8956461818913013, "a_pp_1": -3.912614158043496, "a_pp_2": -0.642407928337569, "a_pp_3": 9.896318056144978}, "datetime": {"datetime": "2024-07-12 22:12:03", "elapsed": 810.126884, "delta": 10.938199}}
{"target": -210282.68716694636, "params": {"a_c_1": 13.555432251924886, "a_c_2": 5.373133567822016, "a_mm_0": 6.930920386911765, "a_mm_1": 9.448671338612812, "a_mm_2": 3.0229532121238165, "a_mm_3": -15.08759667670607, "a_mp_0": -23.314155227574428, "a_mp_1": -33.0156143424749, "a_mp_2": -38.35652220652938, "a_mp_3": 14.075681084382012, "a_pm_0": 13.067182427439867, "a_pm_1": -22.515577655235692, "a_pm_2": -13.00119889492408, "a_pm_3": -37.3165810223054, "a_pp_1": -22.511371219559738, "a_pp_2": -13.676735614826327, "a_pp_3": -1.1787425546144306}, "datetime": {"datetime": "2024-07-12 22:12:05", "elapsed": 833.596172, "delta": 9.07125}}
{"target": -156846.44177905415, "params": {"a_c_1": 0.4325521666484411, "a_c_2": 4.003015615421531, "a_mm_0": -28.725347733686064, "a_mm_1": 11.004357163849399, "a_mm_2": 17.821587072425615, "a_mm_3": -22.76522305385971, "a_mp_0": 2.953387512501237, "a_mp_1": -18.010767981008783, "a_mp_2": 11.79531682047341, "a_mp_3": -13.416772938972063, "a_pm_0": 16.38029555128918, "a_pm_1": -0.4657379457753805, "a_pm_2": -33.585252616711124, "a_pm_3": -32.37309543735145, "a_pp_1": -15.384237254893879, "a_pp_2": -5.513395746488321, "a_pp_3": -8.707996434810067}, "datetime": {"datetime": "2024-07-12 22:12:06", "elapsed": 878.003644, "delta": 9.49083}}
