{"target": -86712.15139235237, "params": {"a_c_1": 12.898428715038692, "a_c_2": 2.9203324641863757, "a_mm_0": -23.787974941376643, "a_mm_1": 17.917158321812337, "a_mm_2": 11.746971962298225, "a_mm_3": -11.953948769505597, "a_mp_0": -9.950347394687522, "a_mp_1": -39.95711524978809, "a_mp_2": -35.36890403646123, "a_mp_3": 14.748593446092137, "a_pm_0": -36.22575367591929, "a_pm_1": 7.631608971107838, "a_pm_2": 4.626031783186399, "a_pm_3": -7.519109160676308, "a_pp_1": -36.35596372214519, "a_pp_2": 18.070570438680832, "a_pp_3": -20.632370655589828}, "datetime": {"datetime": "2024-07-12 22:38:01", "elapsed": 2532.593615, "delta": 9.341212}}
{"target": -4618.361429797585, "params": {"a_c_1": 20.0, "a_c_2": 10.0, "a_mm_0": 20.0, "a_mm_1": 3.8914586319675597, "a_mm_2": 20.0, "a_mm_3": 20.0, "a_mp_0": -40.0, "a_mp_1": -11.39461600739209, "a_mp_2": -12.41311449048511, "a_mp_3": 20.0, "a_pm_0": 20.0, "a_pm_1": 20.0, "a_pm_2": 20.0, "a_pm_3": -4.5892075904958185, "a_pp_1": -1.6203254648551622, "a_pp_2": -4.66961288401017, "a_pp_3": -6.33298765719723}, "datetime": {"datetime": "2024-07-12 22:38:02", "elapsed": 2433.797336, "delta": 10.332184}}
{"target": -139817.79316108537, "params": {"a_c_1": 7.286099790762526, "a_c_2": 3.6663506056401065, "a_mm_0": -2.8089982342722877, "a_mm_1": -16.159504498562107, "a_mm_2": -1.0381267209134606, "a_mm_3": -31.28139979767512, "a_mp_0": -9.16956820006519, "a_mp_1": -33.47882189983541, "a_mp_2": 9.81561994856218, "a_mp_3": -0.10001099914240541, "a_pm_0": 11.571419618519165, "a_pm_1": -35.38274512457828, "a_pm_2": 15.00581982978197, "a_pm_3": -23.211494097757758, "a_pp_1": -28.43333346552469, "a_pp_2": 3.367452558554241, "a_pp_3": -18.576904867394408}, "datetime": {"datetime": "2024-07-12 22:38:05", "elapsed": 2415.259551, "delta": 10.840943}}
{"target": -21778.213037094254, "params": {"a_c_1": 0.0, "a_c_2": 10.0, "a_mm_0": -40.0, "a_mm_1": -40.0, "a_mm_2": -33.46884055709523, "a_mm_3": 20.0, "a_mp_0": -40.0, "a_mp_1": 20.0, "a_mp_2": 20.0, "a_mp_3": -15.846814907853037, "a_pm_0": -40.0, "a_pm_1": -40.0, "a_pm_2": 20.0, "a_pm_3": 20.0, "a_pp_1": 20.0, "a_pp_2": 20.0, "a_pp_3": 20.0}, "datetime": {"datetime": "2024-07-12 22:38:06", "elapsed": 2373.854023, "delta": 13.801874}}
{"target": -43019.62614428454, "params": {"a_c_1": 20.0, "a_c_2": 10.0, "a_mm_0": 20.0, "a_mm_1": 20.0, "a_mm_2": 20.0, "a_mm_3": 20.0, "a_mp_0": 20.0, "a_mp_1": 20.0, "a_mp_2": -37.95967132546549, "a_mp_3": -40.0, "a_pm_0": 20.0, "a_pm_1": 20.0, "a_pm_2": 20.0, "a_pm_3": -25.471002346117018, "a_pp_1": -40.0, "a_pp_2": 20.0, "a_pp_3": 20.0}, "datetime": {"datetime": "2024-07-12 22:38:09", "elapsed": 2397.761872, "delta": 11.11042}}
{"target": -211056.04785558846, "params": {"a_c_1": 17.275000220837992, "a_c_2": 0.30967834183046383, "a_mm_0": -5.285471553921454, "a_mm_1": -11.149642184409675, "a_mm_2": -33.22228693907726, "a_mm_3": 16.585429300023094, "a_mp_0": 5.372787871709889, "a_mp_1": 17.170505876740748, "a_mp_2": 0.8001716496668791, "a_mp_3": -3.3953471306301495, "a_pm_0": 0.16840328515515068, "a_pm_1": -3.499889636540324, "a_pm_2": -25.504361692060787, "a_pm_3": -2.3318986739386034, "a_pp_1": 16.023412737725813, "a_pp_2": -33.699735083230706, "a_pp_3": -28.504207306611384}, "datetime": {"datetime": "2024-07-12 22:38:11", "elapsed": 2443.328812, "delta": 9.531476}}
{"target": -5555.541593519293, "params": {"a_c_1": 20.0, "a_c_2": 10.0, "a_mm_0": 20.0, "a_mm_1": -40.0, "a_mm_2": -40.0, "a_mm_3": 20.0, "a_mp_0": -40.0, "a_mp_1": -40.0, "a_mp_2": 20.0, "a_mp_3": 20.0, "a_pm_0": 20.0, "a_pm_1": 20.0, "a_pm_2": 20.0, "a_pm_3": 20.0, "a_pp_1": 20.0, "a_pp_2": 20.0, "a_pp_3": 20.0}, "datetime": {"datetime": "2024-07-12 22:38:14", "elapsed": 2545.312618, "delta": 12.719003}}
{"target": -287914.22798640205, "params": {"a_c_1": 0.7805798402054176, "a_c_2": 0.620399133836449, "a_mm_0": -18.66498091881666, "a_mm_1": -1.96068917823127, "a_mm_2": -34.65206342397692, "a_mm_3": -16.113497069637198, "a_mp_0": 7.112887649432416, "a_mp_1": -14.127602649095031, "a_mp_2": -21.414973138936674, "a_mp_3": 8.154358490264144, "a_pm_0": -23.356196398409296, "a_pm_1": 18.519102221592355, "a_pm_2": 2.858561834928132, "a_pm_3": -28.509120955172804, "a_pp_1": 0.11116353210785945, "a_pp_2": -35.8631444230073, "a_pp_3": -19.69734585620452}, "datetime": {"datetime": "2024-07-12 22:38:15", "elapsed": 2382.650045, "delta": 8.796022}}
{"target": -5715.15998732411, "params": {"a_c_1": 0.0, "a_c_2": 10.0, "a_mm_0": 20.0, "a_mm_1": 20.0, "a_mm_2": 20.0, "a_mm_3": 20.0, "a_mp_0": -0.35237069535741256, "a_mp_1": -40.0, "a_mp_2": -12.394259059067437, "a_mp_3": 20.0, "a_pm_0": 20.0, "a_pm_1": -24.500677977805076, "a_pm_2": -11.27857615628107, "a_pm_3": -22.072103723572678, "a_pp_1": 20.0, "a_pp_2": 20.0, "a_pp_3": 20.0}, "datetime": {"datetime": "2024-07-12 22:38:19", "elapsed": 2428.971735, "delta": 13.712184}}
{"target": -275116.8468489354, "params": {"a_c_1": 10.60655948330026, "a_c_2": 7.270958401641413, "a_mm_0": -31.66898101967569, "a_mm_1": -19.023832086926294, "a_mm_2": -13.43839330611408, "a_mm_3": 11.817468741920685, "a_mp_0": 3.9148683474699766, "a_mp_1": -26.059849122068275, "a_mp_2": -36.82652616880859, "a_mp_3": -22.14243915658155, "a_pm_0": -8.673368847217695, "a_pm_1": -7.450241426150953, "a_pm_2": -26.21646251869427, "a_pm_3": 1.0654982543848632, "a_pp_1": -11.36946343578106, "a_pp_2": -13.871433683492757, "a_pp_3": -14.199133651276977}, "datetime": {"datetime": "2024-07-12 22:38:20", "elapsed": 2451.747172, "delta": 8.41836}}
{"target": -169977.39954217765, "params": {"a_c_1": 11.938101286006189, "a_c_2": 6.023243140295111, "a_mm_0": -10.66063166256778, "a_mm_1": -16.16187765482936, "a_mm_2": -18.931816717876146, "a_mm_3": -33.128182638790015, "a_mp_0": 11.48952090772545, "a_mp_1": -11.559238711486486, "a_mp_2": -18.97790642254214, "a_mp_3": -2.2714794354241548, "a_pm_0": -30.116273804538643, "a_pm_1": -12.026279500449753, "a_pm_2": 10.253727339913205, "a_pm_3": -38.53541140646597, "a_pp_1": -17.37297749354937, "a_pp_2": 7.966536468330183, "a_pp_3": -3.3801008587808354}, "datetime": {"datetime": "2024-07-12 22:38:20", "elapsed": 2408.772169, "delta": 11.010297}}
{"target": -40144.83777497022, "params": {"a_c_1": 0.0, "a_c_2": 10.0, "a_mm_0": -40.0, "a_mm_1": 20.0, "a_mm_2": 20.0, "a_mm_3": 20.0, "a_mp_0": 20.0, "a_mp_1": -25.763957730023467, "a_mp_2": -30.816694843790316, "a_mp_3": -40.0, "a_pm_0": 20.0, "a_pm_1": -40.0, "a_pm_2": 20.0, "a_pm_3": 20.0, "a_pp_1": -31.335060322149552, "a_pp_2": 20.0, "a_pp_3": 20.0}, "datetime": {"datetime": "2024-07-12 22:38:25", "elapsed": 2555.625057, "delta": 10.312439}}
{"target": -30415.8937666677, "params": {"a_c_1": 0.0, "a_c_2": 10.0, "a_mm_0": 20.0, "a_mm_1": 20.0, "a_mm_2": -40.0, "a_mm_3": 20.0, "a_mp_0": -40.0, "a_mp_1": -40.0, "a_mp_2": 20.0, "a_mp_3": 20.0, "a_pm_0": 20.0, "a_pm_1": -40.0, "a_pm_2": 20.0, "a_pm_3": 20.0, "a_pp_1": 20.0, "a_pp_2": 20.0, "a_pp_3": 20.0}, "datetime": {"datetime": "2024-07-12 22:38:30", "elapsed": 2461.943493, "delta": 10.196321}}
{"target": -3235.991606070025, "params": {"a_c_1": 20.0, "a_c_2": 10.0, "a_mm_0": -40.0, "a_mm_1": 1.423197315250339, "a_mm_2": 20.0, "a_mm_3": 11.858497621253438, "a_mp_0": -4.8248460045401345, "a_mp_1": -29.500472333525806, "a_mp_2": 20.0, "a_mp_3": 20.0, "a_pm_0": 20.0, "a_pm_1": 20.0, "a_pm_2": -1.4087625231230028, "a_pm_3": -13.251323848328418, "a_pp_1": -40.0, "a_pp_2": 20.0, "a_pp_3": 20.0}, "datetime": {"datetime": "2024-07-12 22:38:30", "elapsed": 2397.322576, "delta": 14.672531}}
{"target": -148952.85788582684, "params": {"a_c_1": 17.665015863428938, "a_c_2": 1.116421464727324, "a_mm_0": -38.272495700499036, "a_mm_1": -0.9214658272939431, "a_mm_2": -16.986824790255124, "a_mm_3": 9.053732215127425, "a_mp_0": 4.203059822703132, "a_mp_1": -30.879647370024713, "a_mp_2": 16.548515485733994, "a_mp_3": 17.675910115032856, "a_pm_0": 17.853961887376627, "a_pm_1": -27.252148028330758, "a_pm_2": 4.1762723317434265, "a_pm_3": -17.21578100902084, "a_pp_1": -13.890012611024975, "a_pp_2": -9.96439163398589, "a_pp_3": -34.98204576575525}, "datetime": {"datetime": "2024-07-12 22:38:30", "elapsed": 2439.914105, "delta": 10.94237}}
{"target": -1956.5114774399408, "params": {"a_c_1": 0.0, "a_c_2": 0.0, "a_mm_0": -14.395744467656534, "a_mm_1": 20.0, "a_mm_2": 5.207281220068955, "a_mm_3": -5.254660898199598, "a_mp_0": -3.5989502375444906, "a_mp_1": -2.772446940754279, "a_mp_2": -5.676717479949787, "a_mp_3": -1.0563126068333824, "a_pm_0": -40.0, "a_pm_1": 7.883261866338113, "a_pm_2": -3.244791149601567, "a_pm_3": 20.0, "a_pp_1": 0.9157526252043324, "a_pp_2": 2.685277165367172, "a_pp_3": 20.0}, "datetime": {"datetime": "2024-07-12 22:38:30", "elapsed": 2418.900949, "delta": 10.12878}}
{"target": -38658.84082902276, "params": {"a_c_1": 20.0, "a_c_2": 0.0, "a_mm_0": 20.0, "a_mm_1": 20.0, "a_mm_2": -40.0, "a_mm_3": -19.072313858084925, "a_mp_0": -40.0, "a_mp_1": -12.827360347281457, "a_mp_2": 20.0, "a_mp_3": 20.0, "a_pm_0": 20.0, "a_pm_1": -40.0, "a_pm_2": 20.0, "a_pm_3": 1.9351512925546883, "a_pp_1": 20.0, "a_pp_2": 20.0, "a_pp_3": 20.0}, "datetime": {"datetime": "2024-07-12 22:38:35", "elapsed": 2565.860127, "delta": 10.23507}}
{"target": -532209.4310969694, "params": {"a_c_1": 12.354005696834156, "a_c_2": 3.0780706414903336, "a_mm_0": -7.4819665598588045, "a_mm_1": -25.94906342452249, "a_mm_2": -33.96317315722296, "a_mm_3": -30.701604348921627, "a_mp_0": -4.226024786891436, "a_mp_1": -16.133762231158908, "a_mp_2": -31.249959130400146, "a_mp_3": -30.913597012566086, "a_pm_0": -35.55043980013076, "a_pm_1": -21.587508682167144, "a_pm_2": -35.75786168755046, "a_pm_3": 2.5173919169811185, "a_pp_1": 17.75044549833426, "a_pp_2": -30.576974640618673, "a_pp_3": 8.816976138814589}, "datetime": {"datetime": "2024-07-12 22:38:39", "elapsed": 2448.611727, "delta": 8.697622}}
{"target": -60389.83636972287, "params": {"a_c_1": 20.0, "a_c_2": 10.0, "a_mm_0": -40.0, "a_mm_1": 20.0, "a_mm_2": 20.0, "a_mm_3": 20.0, "a_mp_0": -30.076206182874838, "a_mp_1": 20.0, "a_mp_2": -40.0, "a_mp_3": 20.0, "a_pm_0": -40.0, "a_pm_1": 20.0, "a_pm_2": 20.0, "a_pm_3": 20.0, "a_pp_1": 20.0, "a_pp_2": -22.2306373827947, "a_pp_3": 20.0}, "datetime": {"datetime": "2024-07-12 22:38:39", "elapsed": 2471.010353, "delta": 9.06686}}
{"target": -58638.71026385805, "params": {"a_c_1": 11.659263614076643, "a_c_2": 1.4182294599051515, "a_mm_0": -38.031174772697526, "a_mm_1": 8.82221977829439, "a_mm_2": -0.5530297435510505, "a_mm_3": -5.459802100180397, "a_mp_0": -12.723305377843626, "a_mp_1": 11.823679189697707, "a_mp_2": -27.742190229882937, "a_mp_3": -10.423481428025823, "a_pm_0": -29.279260060401, "a_pm_1": -37.91476764263728, "a_pm_2": 4.559353515229766, "a_pm_3": -24.597004049325164, "a_pp_1": -22.173839621081747, "a_pp_2": 16.729229465012104, "a_pp_3": 12.949290109421781}, "datetime": {"datetime": "2024-07-12 22:38:41", "elapsed": 2429.720667, "delta": 10.819718}}
{"target": -8730.600008957344, "params": {"a_c_1": 0.0, "a_c_2": 10.0, "a_mm_0": 20.0, "a_mm_1": 20.0, "a_mm_2": 20.0, "a_mm_3": 20.0, "a_mp_0": -40.0, "a_mp_1": -40.0, "a_mp_2": -40.0, "a_mp_3": -1.3148773503776245, "a_pm_0": -40.0, "a_pm_1": -40.0, "a_pm_2": 20.0, "a_pm_3": 20.0, "a_pp_1": 20.0, "a_pp_2": 20.0, "a_pp_3": 20.0}, "datetime": {"datetime": "2024-07-12 22:38:42", "elapsed": 2409.727675, "delta": 12.405099}}
{"target": -244079.51758721395, "params": {"a_c_1": 19.247780434442998, "a_c_2": 0.7945524561928929, "a_mm_0": -0.9078797146320952, "a_mm_1": -32.197150378077325, "a_mm_2": -28.622336636772246, "a_mm_3": 5.688278671786364, "a_mp_0": -37.0368303786929, "a_mp_1": 14.499838670290082, "a_mp_2": -33.396717648902836, "a_mp_3": 7.724339983833865, "a_pm_0": 12.81533180503989, "a_pm_1": 2.922443799474898, "a_pm_2": 5.348115542679899, "a_pm_3": -34.85405101826318, "a_pp_1": -4.884062310853871, "a_pp_2": -35.69851202888508, "a_pp_3": -6.937729285538431}, "datetime": {"datetime": "2024-07-12 22:38:43", "elapsed": 2574.369838, "delta": 8.509711}}
{"target": -334880.39347867825, "params": {"a_c_1": 1.3735410036343954, "a_c_2": 0.6048396385244592, "a_mm_0": -32.07491175419369, "a_mm_1": 5.828211567026479, "a_mm_2": 6.067531489122871, "a_mm_3": -35.5594034398289, "a_mp_0": -0.07542544275571572, "a_mp_1": -34.01644054507668, "a_mp_2": 19.66946973746424, "a_mp_3": -33.51804468281619, "a_pm_0": 15.878522420790773, "a_pm_1": 15.062952114791834, "a_pm_2": -2.47642231655378, "a_pm_3": -25.99292278477929, "a_pp_1": -35.11188481235629, "a_pp_2": -38.566278159044096, "a_pp_3": -11.1978595567156}, "datetime": {"datetime": "2024-07-12 22:38:47", "elapsed": 2479.194389, "delta": 8.184036}}
{"target": -15221.26742178036, "params": {"a_c_1": 20.0, "a_c_2": 10.0, "a_mm_0": -40.0, "a_mm_1": -40.0, "a_mm_2": 20.0, "a_mm_3": 20.0, "a_mp_0": 20.0, "a_mp_1": 20.0, "a_mp_2": 0.41168634732842935, "a_mp_3": -32.67360871114593, "a_pm_0": -3.8678917717890307, "a_pm_1": 20.0, "a_pm_2": 1.6093092993986406, "a_pm_3": 20.0, "a_pp_1": -40.0, "a_pp_2": 20.0, "a_pp_3": 20.0}, "datetime": {"datetime": "2024-07-12 22:38:49", "elapsed": 2459.152353, "delta": 10.540626}}
{"target": -174909.94930775437, "params": {"a_c_1": 2.543730755957061, "a_c_2": 5.613069711859627, "a_mm_0": -39.3217201158526, "a_mm_1": 2.4207351673610944, "a_mm_2": -25.12056223618329, "a_mm_3": -31.25366592198185, "a_mp_0": -36.27842822337881, "a_mp_1": -34.2995690393693, "a_mp_2": 11.898359688650451, "a_mp_3": -3.673827808577741, "a_pm_0": -31.305184991875862, "a_pm_1": -6.839280800722804, "a_pm_2": -11.841879795672966, "a_pm_3": 11.534681518877683, "a_pp_1": -6.340175674781499, "a_pp_2": -11.764252310952163, "a_pp_3": -24.49483303064135}, "datetime": {"datetime": "2024-07-12 22:38:50", "elapsed": 2438.727654, "delta": 9.006987}}
{"target": -5108.60676403883, "params": {"a_c_1": 0.0, "a_c_2": 10.0, "a_mm_0": 20.0, "a_mm_1": 20.0, "a_mm_2": -40.0, "a_mm_3": 20.0, "a_mp_0": -40.0, "a_mp_1": 20.0, "a_mp_2": 20.0, "a_mp_3": 20.0, "a_pm_0": -40.0, "a_pm_1": 20.0, "a_pm_2": 20.0, "a_pm_3": 20.0, "a_pp_1": -40.0, "a_pp_2": 20.0, "a_pp_3": 20.0}, "datetime": {"datetime": "2024-07-12 22:38:54", "elapsed": 2585.512401, "delta": 11.142563}}
{"target": -260481.9749531854, "params": {"a_c_1": 18.985506692788363, "a_c_2": 7.032883185725324, "a_mm_0": 0.14979661699180014, "a_mm_1": 3.30278662539704, "a_mm_2": -16.32277118520548, "a_mm_3": -10.720470007527144, "a_mp_0": -19.442849861229575, "a_mp_1": -26.897742391829098, "a_mp_2": -2.98626655176011, "a_mp_3": -10.576798927039363, "a_pm_0": -14.972665259431242, "a_pm_1": 17.148493914837708, "a_pm_2": -28.186105330191985, "a_pm_3": -32.428043696101064, "a_pp_1": 14.314301647037553, "a_pp_2": -24.532787001316734, "a_pp_3": -38.65790457428942}, "datetime": {"datetime": "2024-07-12 22:38:55", "elapsed": 2487.578835, "delta": 8.384446}}
{"target": -19943.279735655084, "params": {"a_c_1": 20.0, "a_c_2": 10.0, "a_mm_0": 20.0, "a_mm_1": -16.077656986749023, "a_mm_2": 20.0, "a_mm_3": -6.628733212965327, "a_mp_0": 4.816660570261632, "a_mp_1": -9.228066966467964, "a_mp_2": -8.17738152666888, "a_mp_3": 20.0, "a_pm_0": 20.0, "a_pm_1": 20.0, "a_pm_2": -29.244811127072666, "a_pm_3": 8.394801069975154, "a_pp_1": -14.249778292078927, "a_pp_2": 20.0, "a_pp_3": -9.668736797799998}, "datetime": {"datetime": "2024-07-12 22:38:57", "elapsed": 2424.456332, "delta": 14.728657}}
{"target": -210013.49309863147, "params": {"a_c_1": 13.69702316159442, "a_c_2": 9.988299614246985, "a_mm_0": -28.051691811731963, "a_mm_1": -5.921817584593782, "a_mm_2": 15.910156409063518, "a_mm_3": 1.5307585470853269, "a_mp_0": 6.772076738260523, "a_mp_1": -17.45096282339839, "a_mp_2": -7.213381033577271, "a_mp_3": -3.413094818402314, "a_pm_0": 13.922029109885202, "a_pm_1": -25.879793956131294, "a_pm_2": -35.49216151220855, "a_pm_3": -30.650909179898456, "a_pp_1": -30.699842881566234, "a_pp_2": 1.58181024344794, "a_pp_3": -12.319829173653716}, "datetime": {"datetime": "2024-07-12 22:38:58", "elapsed": 2467.338713, "delta": 8.18636}}
{"target": -8343.320449868814, "params": {"a_c_1": 20.0, "a_c_2": 10.0, "a_mm_0": -40.0, "a_mm_1": 20.0, "a_mm_2": 20.0, "a_mm_3": 20.0, "a_mp_0": -40.0, "a_mp_1": 20.0, "a_mp_2": -40.0, "a_mp_3": 20.0, "a_pm_0": -40.0, "a_pm_1": -24.508134743356006, "a_pm_2": 20.0, "a_pm_3": 20.0, "a_pp_1": -40.0, "a_pp_2": 20.0, "a_pp_3": 20.0}, "datetime": {"datetime": "2024-07-12 22:39:02", "elapsed": 2450.106305, "delta": 11.378651}}
{"target": -110109.89972934256, "params": {"a_c_1": 19.590024002837954, "a_c_2": 4.882195134512051, "a_mm_0": 9.608436525634303, "a_mm_1": -9.095537498620033, "a_mm_2": -12.244966571676265, "a_mm_3": -12.874432815914826, "a_mp_0": 11.53914523793943, "a_mp_1": -39.50703333579952, "a_mp_2": -2.1317481025766014, "a_mp_3": -39.02054133731154, "a_pm_0": -16.09093339138894, "a_pm_1": 14.392385400207672, "a_pm_2": -11.492325482881476, "a_pm_3": -6.393254666892197, "a_pp_1": -37.67326445294561, "a_pp_2": 10.749270259191434, "a_pp_3": 4.7455278001173085}, "datetime": {"datetime": "2024-07-12 22:39:04", "elapsed": 2595.188763, "delta": 9.676362}}
{"target": -28316.281162877312, "params": {"a_c_1": 10.708431639909538, "a_c_2": 6.333428977023826, "a_mm_0": -11.825574717735535, "a_mm_1": -19.564819918303165, "a_mm_2": -1.3792395494456855, "a_mm_3": -4.693685859043349, "a_mp_0": -14.542381138200213, "a_mp_1": -12.877809758274683, "a_mp_2": -1.0786242335666927, "a_mp_3": 1.66339545627401, "a_pm_0": 12.379441816569162, "a_pm_1": 5.657658422117528, "a_pm_2": 0.4183376940621386, "a_pm_3": -3.4966961884531145, "a_pp_1": -19.715264330880565, "a_pp_2": -12.721916765211105, "a_pp_3": 9.119481365682802}, "datetime": {"datetime": "2024-07-12 22:39:06", "elapsed": 2433.005792, "delta": 8.54946}}
{"target": -9506.478199574094, "params": {"a_c_1": 0.0, "a_c_2": 10.0, "a_mm_0": -39.95471794114612, "a_mm_1": -2.4246394567634777, "a_mm_2": 20.0, "a_mm_3": 20.0, "a_mp_0": -13.761171417156767, "a_mp_1": 20.0, "a_mp_2": -3.3898274540056947, "a_mp_3": -16.45913619172966, "a_pm_0": 20.0, "a_pm_1": 20.0, "a_pm_2": -40.0, "a_pm_3": -7.566041621133839, "a_pp_1": 20.0, "a_pp_2": 20.0, "a_pp_3": 20.0}, "datetime": {"datetime": "2024-07-12 22:39:06", "elapsed": 2498.638062, "delta": 11.059227}}
{"target": -11414.541891609842, "params": {"a_c_1": 0.0, "a_c_2": 10.0, "a_mm_0": -40.0, "a_mm_1": 20.0, "a_mm_2": -40.0, "a_mm_3": 20.0, "a_mp_0": 20.0, "a_mp_1": 20.0, "a_mp_2": 20.0, "a_mp_3": 20.0, "a_pm_0": -40.0, "a_pm_1": -40.0, "a_pm_2": 20.0, "a_pm_3": 20.0, "a_pp_1": -40.0, "a_pp_2": 20.0, "a_pp_3": 20.0}, "datetime": {"datetime": "2024-07-12 22:39:12", "elapsed": 2481.443577, "delta": 14.104864}}
{"target": -56732.41480181184, "params": {"a_c_1": 20.0, "a_c_2": 10.0, "a_mm_0": -40.0, "a_mm_1": 20.0, "a_mm_2": -19.156944082540384, "a_mm_3": 20.0, "a_mp_0": 20.0, "a_mp_1": 20.0, "a_mp_2": 20.0, "a_mp_3": -40.0, "a_pm_0": 20.0, "a_pm_1": 20.0, "a_pm_2": -15.193894703042307, "a_pm_3": -21.671859854206883, "a_pp_1": -40.0, "a_pp_2": 15.092899408153293, "a_pp_3": 20.0}, "datetime": {"datetime": "2024-07-12 22:39:12", "elapsed": 2460.47716, "delta": 10.370855}}
{"target": -124147.31955143172, "params": {"a_c_1": 14.467726311824197, "a_c_2": 6.321516182888303, "a_mm_0": -0.45042285748290567, "a_mm_1": -9.98657629541016, "a_mm_2": -37.15000332599578, "a_mm_3": -23.51131970058644, "a_mp_0": -22.963926784525487, "a_mp_1": -29.639924739719927, "a_mp_2": -21.12906413529314, "a_mp_3": 6.242307693239091, "a_pm_0": 10.920754050815844, "a_pm_1": -15.200345337158762, "a_pm_2": 12.919888130731323, "a_pm_3": 17.21875625127837, "a_pp_1": 18.743365271076343, "a_pp_2": -12.513378633667056, "a_pp_3": -7.7020799498464285}, "datetime": {"datetime": "2024-07-12 22:39:15", "elapsed": 2605.894633, "delta": 10.70587}}
{"target": -10726.121775026952, "params": {"a_c_1": 0.0, "a_c_2": 10.0, "a_mm_0": 20.0, "a_mm_1": -40.0, "a_mm_2": 20.0, "a_mm_3": 20.0, "a_mp_0": -40.0, "a_mp_1": -40.0, "a_mp_2": -40.0, "a_mp_3": -4.103296369906235, "a_pm_0": -40.0, "a_pm_1": 20.0, "a_pm_2": 20.0, "a_pm_3": 20.0, "a_pp_1": 20.0, "a_pp_2": 20.0, "a_pp_3": 20.0}, "datetime": {"datetime": "2024-07-12 22:39:19", "elapsed": 2446.468666, "delta": 13.462874}}
{"target": -5287.386286394202, "params": {"a_c_1": 20.0, "a_c_2": 10.0, "a_mm_0": 20.0, "a_mm_1": 20.0, "a_mm_2": 20.0, "a_mm_3": 20.0, "a_mp_0": 20.0, "a_mp_1": -30.26901849799982, "a_mp_2": 20.0, "a_mp_3": 20.0, "a_pm_0": 20.0, "a_pm_1": 20.0, "a_pm_2": -40.0, "a_pm_3": 20.0, "a_pp_1": -40.0, "a_pp_2": 20.0, "a_pp_3": 20.0}, "datetime": {"datetime": "2024-07-12 22:39:19", "elapsed": 2511.26177, "delta": 12.623708}}
{"target": -2056.6608761094835, "params": {"a_c_1": 0.0, "a_c_2": 10.0, "a_mm_0": -40.0, "a_mm_1": 20.0, "a_mm_2": 20.0, "a_mm_3": 20.0, "a_mp_0": -40.0, "a_mp_1": 20.0, "a_mp_2": 20.0, "a_mp_3": 20.0, "a_pm_0": 20.0, "a_pm_1": -40.0, "a_pm_2": -13.706689136025338, "a_pm_3": 20.0, "a_pp_1": 20.0, "a_pp_2": 20.0, "a_pp_3": 20.0}, "datetime": {"datetime": "2024-07-12 22:39:23", "elapsed": 2492.489064, "delta": 11.045487}}
{"target": -6994.701270663508, "params": {"a_c_1": 0.0, "a_c_2": 10.0, "a_mm_0": -40.0, "a_mm_1": -40.0, "a_mm_2": -40.0, "a_mm_3": 20.0, "a_mp_0": -40.0, "a_mp_1": 20.0, "a_mp_2": 20.0, "a_mp_3": 20.0, "a_pm_0": -40.0, "a_pm_1": 20.0, "a_pm_2": 20.0, "a_pm_3": 20.0, "a_pp_1": 20.0, "a_pp_2": 20.0, "a_pp_3": 20.0}, "datetime": {"datetime": "2024-07-12 22:39:25", "elapsed": 2616.161062, "delta": 10.266429}}
{"target": -3260.560845378624, "params": {"a_c_1": 0.0, "a_c_2": 10.0, "a_mm_0": 20.0, "a_mm_1": -40.0, "a_mm_2": 20.0, "a_mm_3": 20.0, "a_mp_0": -40.0, "a_mp_1": -40.0, "a_mp_2": 13.741486227140884, "a_mp_3": -8.77302788442987, "a_pm_0": 20.0, "a_pm_1": 20.0, "a_pm_2": 20.0, "a_pm_3": 20.0, "a_pp_1": 20.0, "a_pp_2": 20.0, "a_pp_3": 20.0}, "datetime": {"datetime": "2024-07-12 22:39:25", "elapsed": 2473.782166, "delta": 13.305006}}
