{"target": -2669.2216081908055, "params": {"a_c_1": 0.0, "a_c_2": 0.0, "a_mm_0": 20.0, "a_mm_1": 20.0, "a_mm_2": 20.0, "a_mm_3": 20.0, "a_mp_0": -40.0, "a_mp_1": 20.0, "a_mp_2": 20.0, "a_mp_3": 20.0, "a_pm_0": 20.0, "a_pm_1": 20.0, "a_pm_2": -23.747122371654118, "a_pm_3": 20.0, "a_pp_1": -40.0, "a_pp_2": 20.0, "a_pp_3": 20.0}, "datetime": {"datetime": "2024-07-12 22:50:03", "elapsed": 3253.839773, "delta": 12.396922}}
{"target": -76299.81319425986, "params": {"a_c_1": 0.0, "a_c_2": 10.0, "a_mm_0": -20.22904837892325, "a_mm_1": -40.0, "a_mm_2": 20.0, "a_mm_3": 20.0, "a_mp_0": 20.0, "a_mp_1": 20.0, "a_mp_2": 20.0, "a_mp_3": 20.0, "a_pm_0": -40.0, "a_pm_1": -40.0, "a_pm_2": -40.0, "a_pm_3": 20.0, "a_pp_1": 20.0, "a_pp_2": 20.0, "a_pp_3": -20.51018923652236}, "datetime": {"datetime": "2024-07-12 22:50:03", "elapsed": 3154.874132, "delta": 12.979483}}
{"target": -27200.744232363184, "params": {"a_c_1": 20.0, "a_c_2": 0.0, "a_mm_0": 20.0, "a_mm_1": -40.0, "a_mm_2": 20.0, "a_mm_3": -40.0, "a_mp_0": 20.0, "a_mp_1": 20.0, "a_mp_2": -10.771772950496517, "a_mp_3": 20.0, "a_pm_0": 20.0, "a_pm_1": 8.123480208556664, "a_pm_2": -14.768988534233433, "a_pm_3": -14.229031062931499, "a_pp_1": 20.0, "a_pp_2": 20.0, "a_pp_3": 20.0}, "datetime": {"datetime": "2024-07-12 22:50:04", "elapsed": 3112.778269, "delta": 11.547715}}
{"target": -13930.04328631577, "params": {"a_c_1": 0.0, "a_c_2": 10.0, "a_mm_0": -40.0, "a_mm_1": 20.0, "a_mm_2": 20.0, "a_mm_3": 20.0, "a_mp_0": -40.0, "a_mp_1": -40.0, "a_mp_2": -30.59468615215189, "a_mp_3": 20.0, "a_pm_0": -40.0, "a_pm_1": -40.0, "a_pm_2": 20.0, "a_pm_3": 20.0, "a_pp_1": 20.0, "a_pp_2": 20.0, "a_pp_3": 20.0}, "datetime": {"datetime": "2024-07-12 22:50:09", "elapsed": 3138.340848, "delta": 11.793979}}
{"target": -338456.5415670276, "params": {"a_c_1": 12.580344382530289, "a_c_2": 1.3542893137096668, "a_mm_0": -0.04937420261028791, "a_mm_1": -18.025878328797816, "a_mm_2": -15.922473404425396, "a_mm_3": -3.5970882537015427, "a_mp_0": 1.2778702677744818, "a_mp_1": -16.71849974253732, "a_mp_2": -6.5921048383919825, "a_mp_3": 13.411471506798257, "a_pm_0": 2.9823276863881745, "a_pm_1": -37.687239506834494, "a_pm_2": -8.34137548935098, "a_pm_3": -29.219166047834513, "a_pp_1": -24.80761216811363, "a_pp_2": -34.5087242253033, "a_pp_3": -19.898501600275573}, "datetime": {"datetime": "2024-07-12 22:50:09", "elapsed": 3096.079497, "delta": 8.42887}}
{"target": -128317.98328994827, "params": {"a_c_1": 19.850954666486153, "a_c_2": 1.915263860344888, "a_mm_0": -14.985865790962208, "a_mm_1": -17.751241684047116, "a_mm_2": 16.861322929186002, "a_mm_3": -18.771624063683056, "a_mp_0": -38.70528255797741, "a_mp_1": -39.26883907111449, "a_mp_2": 3.326227229893192, "a_mp_3": 17.632446463220724, "a_pm_0": -6.456098129027005, "a_pm_1": 19.91717529241925, "a_pm_2": -0.23761824516772379, "a_pm_3": -33.47018627046489, "a_pp_1": 12.048388998427477, "a_pp_2": -27.186669163851956, "a_pp_3": 7.808802491571377}, "datetime": {"datetime": "2024-07-12 22:50:12", "elapsed": 3164.638233, "delta": 9.764101}}
{"target": -15283.666872249625, "params": {"a_c_1": 0.0, "a_c_2": 10.0, "a_mm_0": -40.0, "a_mm_1": 20.0, "a_mm_2": 20.0, "a_mm_3": -24.394288765144918, "a_mp_0": -6.798441005724257, "a_mp_1": -12.354983821172207, "a_mp_2": -40.0, "a_mp_3": 20.0, "a_pm_0": -40.0, "a_pm_1": 20.0, "a_pm_2": 20.0, "a_pm_3": 20.0, "a_pp_1": 20.0, "a_pp_2": -0.3754114181254868, "a_pp_3": 20.0}, "datetime": {"datetime": "2024-07-12 22:50:14", "elapsed": 3265.202639, "delta": 11.362866}}
{"target": -32042.69709789261, "params": {"a_c_1": 4.896747843583606, "a_c_2": 0.6854174768064658, "a_mm_0": 9.5152293416321, "a_mm_1": -12.637108232379667, "a_mm_2": -12.204337617624542, "a_mm_3": -6.295912512632924, "a_mp_0": 14.925466551729386, "a_mp_1": -29.237326122568682, "a_mp_2": 17.671545404685467, "a_mp_3": -11.575895571507992, "a_pm_0": -36.55231222491415, "a_pm_1": -23.553997074648038, "a_pm_2": -10.268454223649478, "a_pm_3": 12.847226797440172, "a_pp_1": 11.676480711805148, "a_pp_2": 5.451687906500432, "a_pp_3": 17.612215718180778}, "datetime": {"datetime": "2024-07-12 22:50:14", "elapsed": 3123.023872, "delta": 10.245603}}
{"target": -39594.57058995535, "params": {"a_c_1": 0.0, "a_c_2": 10.0, "a_mm_0": 20.0, "a_mm_1": -40.0, "a_mm_2": 20.0, "a_mm_3": -40.0, "a_mp_0": -40.0, "a_mp_1": -40.0, "a_mp_2": -40.0, "a_mp_3": -11.856873854896408, "a_pm_0": 20.0, "a_pm_1": 20.0, "a_pm_2": 20.0, "a_pm_3": 20.0, "a_pp_1": 20.0, "a_pp_2": 20.0, "a_pp_3": 20.0}, "datetime": {"datetime": "2024-07-12 22:50:21", "elapsed": 3107.962325, "delta": 11.882828}}
{"target": -217469.70994087463, "params": {"a_c_1": 16.983478854547954, "a_c_2": 0.28950348800103387, "a_mm_0": -35.78905111454475, "a_mm_1": 18.86348277522336, "a_mm_2": -22.249042088522483, "a_mm_3": 17.44623813329641, "a_mp_0": -28.046689261113375, "a_mp_1": 17.84900857673754, "a_mp_2": 0.3105822593850647, "a_mp_3": -20.121793568568016, "a_pm_0": -20.895780647713764, "a_pm_1": -37.613817520313134, "a_pm_2": 13.40553262196309, "a_pm_3": -29.106901894764164, "a_pp_1": -21.294909424944866, "a_pp_2": -31.93273534861248, "a_pp_3": -12.175418253741714}, "datetime": {"datetime": "2024-07-12 22:50:21", "elapsed": 3172.863219, "delta": 8.224986}}
{"target": -12617.80455538621, "params": {"a_c_1": 0.0, "a_c_2": 10.0, "a_mm_0": 20.0, "a_mm_1": 20.0, "a_mm_2": 20.0, "a_mm_3": 20.0, "a_mp_0": -40.0, "a_mp_1": 20.0, "a_mp_2": -9.61499353048895, "a_mp_3": 20.0, "a_pm_0": -40.0, "a_pm_1": 20.0, "a_pm_2": -40.0, "a_pm_3": -16.5130578312139, "a_pp_1": 20.0, "a_pp_2": 20.0, "a_pp_3": 20.0}, "datetime": {"datetime": "2024-07-12 22:50:21", "elapsed": 3150.492703, "delta": 12.151855}}
{"target": -277492.8667606474, "params": {"a_c_1": 19.156736774517768, "a_c_2": 2.6617157806511194, "a_mm_0": -33.75941508132549, "a_mm_1": 16.675381099515384, "a_mm_2": -26.16862348109639, "a_mm_3": -30.198664842873594, "a_mp_0": -32.2139613104955, "a_mp_1": 3.4180658159975152, "a_mp_2": 2.9405599001900526, "a_mp_3": -18.481261734868916, "a_pm_0": -6.568414716879609, "a_pm_1": -37.215297579309905, "a_pm_2": -24.11579673053944, "a_pm_3": -5.922010227493395, "a_pp_1": -11.794566883157852, "a_pp_2": 8.868151222174482, "a_pp_3": -35.86057845656754}, "datetime": {"datetime": "2024-07-12 22:50:23", "elapsed": 3131.399142, "delta": 8.37527}}
{"target": -62690.11333081387, "params": {"a_c_1": 0.0, "a_c_2": 10.0, "a_mm_0": 20.0, "a_mm_1": -40.0, "a_mm_2": 20.0, "a_mm_3": -22.80732544236645, "a_mp_0": -40.0, "a_mp_1": 20.0, "a_mp_2": -24.832158213126363, "a_mp_3": 20.0, "a_pm_0": -40.0, "a_pm_1": -40.0, "a_pm_2": 20.0, "a_pm_3": 20.0, "a_pp_1": 20.0, "a_pp_2": 20.0, "a_pp_3": 20.0}, "datetime": {"datetime": "2024-07-12 22:50:24", "elapsed": 3275.067633, "delta": 9.864994}}
{"target": -31604.08911131123, "params": {"a_c_1": 4.546304593173653, "a_c_2": 0.4996350240130043, "a_mm_0": 7.904578860351201, "a_mm_1": 11.714684404823998, "a_mm_2": -0.7606174418427827, "a_mm_3": -20.425607293874148, "a_mp_0": -8.811570601973347, "a_mp_1": 8.724560715012487, "a_mp_2": -22.407055166912684, "a_mp_3": -0.14533063427974469, "a_pm_0": -21.485874626885778, "a_pm_1": -8.025077249020612, "a_pm_2": 7.502040941259892, "a_pm_3": -11.352409651529442, "a_pp_1": -1.147079409453383, "a_pp_2": 7.305096294442336, "a_pp_3": -0.755140369883172}, "datetime": {"datetime": "2024-07-12 22:50:30", "elapsed": 3182.027161, "delta": 9.163942}}
{"target": -36155.18913439194, "params": {"a_c_1": 0.6877882709909944, "a_c_2": 8.022159675310817, "a_mm_0": -33.08396073457718, "a_mm_1": 11.932817886030755, "a_mm_2": 0.8001478453622113, "a_mm_3": -7.343199613007613, "a_mp_0": 16.81673243594836, "a_mp_1": -7.9564705351785605, "a_mp_2": 8.239260318726707, "a_mp_3": 10.743137278909607, "a_pm_0": 0.541674798155455, "a_pm_1": -14.328342695073953, "a_pm_2": -25.661739490412938, "a_pm_3": 13.628345630918147, "a_pp_1": -7.178957841652647, "a_pp_2": -14.288735131999736, "a_pp_3": 1.8628115131638765}, "datetime": {"datetime": "2024-07-12 22:50:31", "elapsed": 3140.050515, "delta": 8.651373}}
{"target": -75415.5873959099, "params": {"a_c_1": 3.557448494294013, "a_c_2": 3.8301637468439953, "a_mm_0": 16.045190165189368, "a_mm_1": -12.647906321016745, "a_mm_2": 2.257195108720552, "a_mm_3": -33.1103912294903, "a_mp_0": -32.97287026474951, "a_mp_1": 18.113609634510617, "a_mp_2": -0.7406622221353061, "a_mp_3": 10.451325724531777, "a_pm_0": -35.62887096610592, "a_pm_1": 4.162562360540264, "a_pm_2": 16.570002823516752, "a_pm_3": 10.928109883938632, "a_pp_1": 8.119708352501632, "a_pp_2": -22.186826744890283, "a_pp_3": 1.1149884791649}, "datetime": {"datetime": "2024-07-12 22:50:32", "elapsed": 3161.794684, "delta": 11.301981}}
{"target": -11184.943587488435, "params": {"a_c_1": 20.0, "a_c_2": 10.0, "a_mm_0": 20.0, "a_mm_1": 20.0, "a_mm_2": 20.0, "a_mm_3": -28.450596456680426, "a_mp_0": 20.0, "a_mp_1": 20.0, "a_mp_2": 20.0, "a_mp_3": -11.049993305049423, "a_pm_0": 20.0, "a_pm_1": -40.0, "a_pm_2": -16.011318492356605, "a_pm_3": 20.0, "a_pp_1": -19.323142629417813, "a_pp_2": 20.0, "a_pp_3": 20.0}, "datetime": {"datetime": "2024-07-12 22:50:33", "elapsed": 3120.371164, "delta": 12.408839}}
{"target": -22744.520607290488, "params": {"a_c_1": 0.0, "a_c_2": 10.0, "a_mm_0": 20.0, "a_mm_1": 20.0, "a_mm_2": 20.0, "a_mm_3": 20.0, "a_mp_0": 20.0, "a_mp_1": -40.0, "a_mp_2": -21.942942052389114, "a_mp_3": 20.0, "a_pm_0": -40.0, "a_pm_1": 20.0, "a_pm_2": 20.0, "a_pm_3": 20.0, "a_pp_1": 20.0, "a_pp_2": -3.7652855281762494, "a_pp_3": -10.489550640640108}, "datetime": {"datetime": "2024-07-12 22:50:34", "elapsed": 3284.70991, "delta": 9.642277}}
{"target": -156224.6781265837, "params": {"a_c_1": 9.005920031543583, "a_c_2": 1.2223740431623875, "a_mm_0": -6.393570578938601, "a_mm_1": -13.967456540850552, "a_mm_2": -35.930468340051696, "a_mm_3": -29.938015891814388, "a_mp_0": -14.840766067713623, "a_mp_1": -31.243526309416588, "a_mp_2": -1.0508062997609358, "a_mp_3": -9.257520449556061, "a_pm_0": 13.691620947626149, "a_pm_1": -23.939058399898574, "a_pm_2": 17.638851144742517, "a_pm_3": 16.9735926762486, "a_pp_1": -5.539107513382945, "a_pp_2": -6.929784109489205, "a_pp_3": 11.582599045256792}, "datetime": {"datetime": "2024-07-12 22:50:39", "elapsed": 3190.792032, "delta": 8.764871}}
{"target": -50299.40206896846, "params": {"a_c_1": 16.712255406322424, "a_c_2": 5.530867557642681, "a_mm_0": 4.866884610895944, "a_mm_1": -10.154823129969262, "a_mm_2": -20.899061355645276, "a_mm_3": 15.26137304652002, "a_mp_0": 14.475650596643362, "a_mp_1": -39.44584695689409, "a_mp_2": 4.230679723025993, "a_mp_3": 7.730384314183617, "a_pm_0": -33.31456657516108, "a_pm_1": -14.099490920158793, "a_pm_2": 6.4020452243603145, "a_pm_3": 4.773584026076655, "a_pp_1": -26.531330943186713, "a_pp_2": 10.102881207116695, "a_pp_3": -13.220104733404469}, "datetime": {"datetime": "2024-07-12 22:50:43", "elapsed": 3172.571186, "delta": 10.776502}}
{"target": -16122.401270461334, "params": {"a_c_1": 20.0, "a_c_2": 10.0, "a_mm_0": 20.0, "a_mm_1": 20.0, "a_mm_2": -5.2237749653200725, "a_mm_3": 20.0, "a_mp_0": 20.0, "a_mp_1": 20.0, "a_mp_2": -40.0, "a_mp_3": 20.0, "a_pm_0": -40.0, "a_pm_1": 20.0, "a_pm_2": 20.0, "a_pm_3": -15.919238156447468, "a_pp_1": -40.0, "a_pp_2": 20.0, "a_pp_3": 20.0}, "datetime": {"datetime": "2024-07-12 22:50:44", "elapsed": 3152.300238, "delta": 12.249723}}
{"target": -5364.095199299767, "params": {"a_c_1": 0.0, "a_c_2": 10.0, "a_mm_0": 20.0, "a_mm_1": 20.0, "a_mm_2": -15.242247094915644, "a_mm_3": 20.0, "a_mp_0": -40.0, "a_mp_1": 20.0, "a_mp_2": 20.0, "a_mp_3": 20.0, "a_pm_0": -40.0, "a_pm_1": -17.811167996082084, "a_pm_2": -15.257413810111931, "a_pm_3": 20.0, "a_pp_1": -20.70296039874331, "a_pp_2": 20.0, "a_pp_3": 20.0}, "datetime": {"datetime": "2024-07-12 22:50:44", "elapsed": 3131.243016, "delta": 10.871852}}
{"target": -8568.463684420125, "params": {"a_c_1": 0.0, "a_c_2": 10.0, "a_mm_0": 20.0, "a_mm_1": -7.819062647563107, "a_mm_2": 20.0, "a_mm_3": 20.0, "a_mp_0": -40.0, "a_mp_1": 20.0, "a_mp_2": -31.909528333318384, "a_mp_3": 20.0, "a_pm_0": -40.0, "a_pm_1": 20.0, "a_pm_2": -25.552230009027294, "a_pm_3": 20.0, "a_pp_1": -40.0, "a_pp_2": 20.0, "a_pp_3": 20.0}, "datetime": {"datetime": "2024-07-12 22:50:45", "elapsed": 3296.391289, "delta": 11.681379}}
{"target": -301369.8938377212, "params": {"a_c_1": 9.403621460599965, "a_c_2": 7.619063300605285, "a_mm_0": 8.37971776301653, "a_mm_1": -38.44486727271757, "a_mm_2": -17.697803184182593, "a_mm_3": -10.01376350468973, "a_mp_0": 1.340952737279899, "a_mp_1": -24.801660082111013, "a_mp_2": -15.455814582246973, "a_mp_3": 17.578033304196964, "a_pm_0": -5.309894440088037, "a_pm_1": -34.81208882300042, "a_pm_2": -2.43852872236927, "a_pm_3": 4.948199320245976, "a_pp_1": -33.600329887966744, "a_pp_2": -19.04938384360134, "a_pp_3": -31.87623032553926}, "datetime": {"datetime": "2024-07-12 22:50:47", "elapsed": 3198.93841, "delta": 8.146378}}
{"target": -5252.533314062011, "params": {"a_c_1": 20.0, "a_c_2": 10.0, "a_mm_0": 20.0, "a_mm_1": 20.0, "a_mm_2": -40.0, "a_mm_3": 20.0, "a_mp_0": -40.0, "a_mp_1": 20.0, "a_mp_2": 20.0, "a_mp_3": 20.0, "a_pm_0": -40.0, "a_pm_1": 20.0, "a_pm_2": 20.0, "a_pm_3": 1.63212845560756, "a_pp_1": 20.0, "a_pp_2": 20.0, "a_pp_3": 20.0}, "datetime": {"datetime": "2024-07-12 22:50:53", "elapsed": 3161.75633, "delta": 9.456092}}
{"target": -2128.663630636356, "params": {"a_c_1": 0.0, "a_c_2": 10.0, "a_mm_0": 20.0, "a_mm_1": 20.0, "a_mm_2": 20.0, "a_mm_3": 20.0, "a_mp_0": 20.0, "a_mp_1": 20.0, "a_mp_2": 20.0, "a_mp_3": -15.933345042480848, "a_pm_0": 20.0, "a_pm_1": 20.0, "a_pm_2": -6.4967938156732465, "a_pm_3": 20.0, "a_pp_1": -40.0, "a_pp_2": 20.0, "a_pp_3": 20.0}, "datetime": {"datetime": "2024-07-12 22:50:55", "elapsed": 3184.595912, "delta": 12.024726}}
3": -30.26499814818151, "a_pp_1": -24.196972623647856, "a_pp_2": -39.263472580876346, "a_pp_3": -31.163000446412262}, "datetime": {"datetime": "2024-07-12 22:50:55", "elapsed": 3305.952402, "delta": 9.561113}}
{"target": -276259.6843550393, "params": {"a_c_1": 7.503331064157344, "a_c_2": 7.370658425040184, "a_mm_0": -36.148342012780205, "a_mm_1": -7.151931147434141, "a_mm_2": -24.215863132250192, "a_mm_3": -25.67251455025914, "a_mp_0": -14.523639824792191, "a_mp_1": -12.37228652642246, "a_mp_2": -24.67630189458893, "a_mp_3": -28.36407023961863, "a_pm_0": -21.06323364267734, "a_pm_1": 19.880165358387615, "a_pm_2": -2.385533057304208, "a_pm_3": 3.536278794470043, "a_pp_1": 13.337321047470127, "a_pp_2": -35.66229177364367, "a_pp_3": -4.102059557559848}, "datetime": {"datetime": "2024-07-12 22:50:55", "elapsed": 3207.17887, "delta": 8.24046}}
{"target": -5161.390735083085, "params": {"a_c_1": 20.0, "a_c_2": 10.0, "a_mm_0": 20.0, "a_mm_1": 20.0, "a_mm_2": -40.0, "a_mm_3": 20.0, "a_mp_0": -40.0, "a_mp_1": 20.0, "a_mp_2": 20.0, "a_mp_3": 20.0, "a_pm_0": 20.0, "a_pm_1": -40.0, "a_pm_2": 20.0, "a_pm_3": 20.0, "a_pp_1": -8.740756512141164, "a_pp_2": 20.0, "a_pp_3": 20.0}, "datetime": {"datetime": "2024-07-12 22:50:56", "elapsed": 3142.983075, "delta": 11.740059}}
{"target": -367620.3132597927, "params": {"a_c_1": 15.622735334701904, "a_c_2": 5.169319029258404, "a_mm_0": -37.306101664882185, "a_mm_1": -32.94702564056091, "a_mm_2": -15.597457864052295, "a_mm_3": 3.577862384180861, "a_mp_0": -10.063439867788226, "a_mp_1": -31.81123643631971, "a_mp_2": -15.5120172653039, "a_mp_3": -14.358038609506792, "a_pm_0": 10.824099258182315, "a_pm_1": 6.548863526666487, "a_pm_2": -34.41618673154029, "a_pm_3": -33.788556089282224, "a_pp_1": 4.337927165768328, "a_pp_2": -27.189028031371528, "a_pp_3": -20.546013269524003}, "datetime": {"datetime": "2024-07-12 22:51:04", "elapsed": 3315.329621, "delta": 9.377219}}
{"target": -25348.479188531164, "params": {"a_c_1": 20.0, "a_c_2": 10.0, "a_mm_0": 20.0, "a_mm_1": 20.0, "a_mm_2": 20.0, "a_mm_3": -16.212783760857114, "a_mp_0": 20.0, "a_mp_1": -40.0, "a_mp_2": -40.0, "a_mp_3": 20.0, "a_pm_0": 20.0, "a_pm_1": 20.0, "a_pm_2": 20.0, "a_pm_3": 20.0, "a_pp_1": -40.0, "a_pp_2": 20.0, "a_pp_3": 20.0}, "datetime": {"datetime": "2024-07-12 22:51:05", "elapsed": 3173.887854, "delta": 12.131524}}
{"target": -32497.828439083904, "params": {"a_c_1": 20.0, "a_c_2": 10.0, "a_mm_0": 20.0, "a_mm_1": -40.0, "a_mm_2": 20.0, "a_mm_3": 20.0, "a_mp_0": -6.830565297109119, "a_mp_1": 20.0, "a_mp_2": 20.0, "a_mp_3": -16.47328122285713, "a_pm_0": 20.0, "a_pm_1": 20.0, "a_pm_2": -40.0, "a_pm_3": -10.667641317150299, "a_pp_1": 20.0, "a_pp_2": 20.0, "a_pp_3": 20.0}, "datetime": {"datetime": "2024-07-12 22:51:06", "elapsed": 3195.888955, "delta": 11.293043}}
{"target": -78675.35355171394, "params": {"a_c_1": 0.8674331891234033, "a_c_2": 8.982112097084181, "a_mm_0": -13.68301306052086, "a_mm_1": -29.38237089747019, "a_mm_2": -18.993114596114587, "a_mm_3": -34.86368901258251, "a_mp_0": 11.65707789771443, "a_mp_1": 5.613083682119665, "a_mp_2": -6.408928390671683, "a_mp_3": 12.598804839066574, "a_pm_0": -0.9504972695465383, "a_pm_1": -11.62352786170526, "a_pm_2": 8.856934571109555, "a_pm_3": -16.402915849435406, "a_pp_1": -14.726747262103814, "a_pp_2": 10.308944927067074, "a_pp_3": 1.7848073578633503}, "datetime": {"datetime": "2024-07-12 22:51:06", "elapsed": 3153.609975, "delta": 10.6269}}
{"target": -29089.985972126677, "params": {"a_c_1": 20.0, "a_c_2": 10.0, "a_mm_0": -40.0, "a_mm_1": 20.0, "a_mm_2": 20.0, "a_mm_3": 20.0, "a_mp_0": -40.0, "a_mp_1": 20.0, "a_mp_2": -29.979029304390146, "a_mp_3": -36.24204072042159, "a_pm_0": -10.388325566332517, "a_pm_1": 20.0, "a_pm_2": 20.0, "a_pm_3": 20.0, "a_pp_1": -40.0, "a_pp_2": 20.0, "a_pp_3": 20.0}, "datetime": {"datetime": "2024-07-12 22:51:07", "elapsed": 3219.471061, "delta": 12.292191}}
{"target": -381847.36405855516, "params": {"a_c_1": 1.47000645311119, "a_c_2": 9.468614817533386, "a_mm_0": 11.333157015625893, "a_mm_1": -9.142029833000699, "a_mm_2": 9.209702307693284, "a_mm_3": -27.295747029289473, "a_mp_0": -6.334843858291592, "a_mp_1": 12.182552761090463, "a_mp_2": -27.36841730425492, "a_mp_3": -29.658065278594037, "a_pm_0": 6.497368041056802, "a_pm_1": -11.200837656303488, "a_pm_2": 0.30771759812921573, "a_pm_3": -36.32273940613076, "a_pp_1": -9.135510289033569, "a_pp_2": -2.922570385206754, "a_pp_3": -26.77882224139772}, "datetime": {"datetime": "2024-07-12 22:51:11", "elapsed": 3322.574733, "delta": 7.245112}}
{"target": -349504.8591339332, "params": {"a_c_1": 6.685654700894313, "a_c_2": 4.337645862211642, "a_mm_0": -27.340433018468463, "a_mm_1": -29.835147425062672, "a_mm_2": -30.27628763929099, "a_mm_3": -21.706880896245544, "a_mp_0": 2.7813629119073013, "a_mp_1": -24.655987143099914, "a_mp_2": -21.420160642004713, "a_mp_3": 11.660197247268705, "a_pm_0": -21.24155534332999, "a_pm_1": 9.029613835284877, "a_pm_2": -13.032839020330083, "a_pm_3": -8.930304122093467, "a_pp_1": -8.826705335699895, "a_pp_2": -28.238988833374307, "a_pp_3": -23.784695987643506}, "datetime": {"datetime": "2024-07-12 22:51:15", "elapsed": 3227.423498, "delta": 7.952437}}
{"target": -30276.00888671122, "params": {"a_c_1": 6.217505503976315, "a_c_2": 8.9077081741839, "a_mm_0": 3.3882391836968324, "a_mm_1": 18.687969692602323, "a_mm_2": -2.8659383897382753, "a_mm_3": -0.251040359027499, "a_mp_0": -34.25223969415727, "a_mp_1": -18.03784091808194, "a_mp_2": -15.887631370933367, "a_mp_3": -2.8476040638056546, "a_pm_0": 2.12001015498857, "a_pm_1": -26.362284979422675, "a_pm_2": -21.333758566436934, "a_pm_3": 3.6735056147722673, "a_pp_1": -20.29216858858814, "a_pp_2": 17.387265253123395, "a_pp_3": 6.640759886912804}, "datetime": {"datetime": "2024-07-12 22:51:16", "elapsed": 3163.608295, "delta": 9.99832}}
{"target": -130764.68479284932, "params": {"a_c_1": 18.149018388355454, "a_c_2": 2.0329499918581306, "a_mm_0": -1.5729399203595165, "a_mm_1": -32.6991417346365, "a_mm_2": -17.90379346107017, "a_mm_3": 6.741614274820321, "a_mp_0": 14.094917513203015, "a_mp_1": 12.479747241221276, "a_mp_2": 10.65654319864479, "a_mp_3": -35.44155059824095, "a_pm_0": -23.893554706440025, "a_pm_1": -2.2086417893827104, "a_pm_2": -13.218560208628823, "a_pm_3": 11.85327531241898, "a_pp_1": -13.604803195412057, "a_pp_2": -30.7192885756747, "a_pp_3": -3.4249397275073505}, "datetime": {"datetime": "2024-07-12 22:51:16", "elapsed": 3206.11421, "delta": 10.225255}}
{"target": -4509.994643534498, "params": {"a_c_1": 20.0, "a_c_2": 10.0, "a_mm_0": 20.0, "a_mm_1": -40.0, "a_mm_2": 20.0, "a_mm_3": 20.0, "a_mp_0": 20.0, "a_mp_1": 20.0, "a_mp_2": 20.0, "a_mp_3": 20.0, "a_pm_0": 20.0, "a_pm_1": 20.0, "a_pm_2": 6.688867486123925, "a_pm_3": 20.0, "a_pp_1": -40.0, "a_pp_2": 20.0, "a_pp_3": 20.0}, "datetime": {"datetime": "2024-07-12 22:51:20", "elapsed": 3188.253577, "delta": 14.365723}}
{"target": -63037.704126615354, "params": {"a_c_1": 20.0, "a_c_2": 10.0, "a_mm_0": 20.0, "a_mm_1": -40.0, "a_mm_2": -17.458075866569708, "a_mm_3": 20.0, "a_mp_0": -13.307402106796081, "a_mp_1": 20.0, "a_mp_2": 20.0, "a_mp_3": 20.0, "a_pm_0": 4.83523126027313, "a_pm_1": -40.0, "a_pm_2": 2.529636948632582, "a_pm_3": 20.0, "a_pp_1": 20.0, "a_pp_2": 20.0, "a_pp_3": -25.15291428406404}, "datetime": {"datetime": "2024-07-12 22:51:22", "elapsed": 3332.809327, "delta": 10.234594}}
{"target": -230662.24418588995, "params": {"a_c_1": 4.787314417558532, "a_c_2": 5.642504745774033, "a_mm_0": -28.968685922327925, "a_mm_1": -21.358813414748813, "a_mm_2": -21.17935388879164, "a_mm_3": -23.106056826935784, "a_mp_0": -28.383139116267294, "a_mp_1": -28.561130832189498, "a_mp_2": 5.5045734037811584, "a_mp_3": -6.338874358266679, "a_pm_0": -10.178720121858458, "a_pm_1": -34.62831386567622, "a_pm_2": -16.356226297583007, "a_pm_3": -35.839711541939224, "a_pp_1": -13.977398083690758, "a_pp_2": 14.827903667501928, "a_pp_3": -1.121785734672173}, "datetime": {"datetime": "2024-07-12 22:51:23", "elapsed": 3235.493431, "delta": 8.069933}}
