{"target": -253530.32544024478, "params": {"a_c_1": 17.464512508741237, "a_c_2": 8.421185177569864, "a_mm_0": -18.998126814477793, "a_mm_1": -26.02557902650076, "a_mm_2": -25.347143982483573, "a_mm_3": 15.544652725439228, "a_mp_0": 7.121340785696134, "a_mp_1": -15.640200788284446, "a_mp_2": -24.39423698722232, "a_mp_3": -27.18373879032344, "a_pm_0": 0.9707365397522665, "a_pm_1": -22.50514208604511, "a_pm_2": 12.910420155023601, "a_pm_3": -27.801405516547632, "a_pp_1": 3.8504644972522826, "a_pp_2": -32.84098132172513, "a_pp_3": -0.14329112189892612}, "datetime": {"datetime": "2024-07-12 23:26:10", "elapsed": 5299.614768, "delta": 8.961807}}
{"target": -21006.789635005127, "params": {"a_c_1": 20.0, "a_c_2": 0.0, "a_mm_0": -40.0, "a_mm_1": 20.0, "a_mm_2": -10.411014556076884, "a_mm_3": 20.0, "a_mp_0": -40.0, "a_mp_1": 20.0, "a_mp_2": 20.0, "a_mp_3": 20.0, "a_pm_0": 20.0, "a_pm_1": 20.0, "a_pm_2": 20.0, "a_pm_3": 20.0, "a_pp_1": -40.0, "a_pp_2": 20.0, "a_pp_3": -21.974962993030413}, "datetime": {"datetime": "2024-07-12 23:26:10", "elapsed": 5279.089439, "delta": 13.782229}}
{"target": -25720.87053169651, "params": {"a_c_1": 20.0, "a_c_2": 10.0, "a_mm_0": 20.0, "a_mm_1": 20.0, "a_mm_2": -35.084987713456464, "a_mm_3": 20.0, "a_mp_0": 20.0, "a_mp_1": 20.0, "a_mp_2": 20.0, "a_mp_3": 20.0, "a_pm_0": -40.0, "a_pm_1": 20.0, "a_pm_2": 20.0, "a_pm_3": -39.73970446083606, "a_pp_1": -40.0, "a_pp_2": 20.0, "a_pp_3": 20.0}, "datetime": {"datetime": "2024-07-12 23:26:11", "elapsed": 5258.819278, "delta": 13.371827}}
{"target": -5063.702836053461, "params": {"a_c_1": 0.0, "a_c_2": 10.0, "a_mm_0": 20.0, "a_mm_1": 20.0, "a_mm_2": 20.0, "a_mm_3": 20.0, "a_mp_0": -40.0, "a_mp_1": 20.0, "a_mp_2": 20.0, "a_mp_3": 20.0, "a_pm_0": 20.0, "a_pm_1": 20.0, "a_pm_2": -40.0, "a_pm_3": 20.0, "a_pp_1": 20.0, "a_pp_2": 20.0, "a_pp_3": 20.0}, "datetime": {"datetime": "2024-07-12 23:26:14", "elapsed": 5425.298318, "delta": 9.803594}}
{"target": -14637.481475524928, "params": {"a_c_1": 0.0, "a_c_2": 10.0, "a_mm_0": -40.0, "a_mm_1": -40.0, "a_mm_2": -35.26474519064938, "a_mm_3": 20.0, "a_mp_0": 20.0, "a_mp_1": 20.0, "a_mp_2": 20.0, "a_mp_3": 20.0, "a_pm_0": 20.0, "a_pm_1": -40.0, "a_pm_2": -14.421225117938754, "a_pm_3": -26.445194061669028, "a_pp_1": 20.0, "a_pp_2": 20.0, "a_pp_3": 20.0}, "datetime": {"datetime": "2024-07-12 23:26:20", "elapsed": 5332.361096, "delta": 12.836545}}
{"target": -354889.5077912373, "params": {"a_c_1": 4.989753028680242, "a_c_2": 0.7447555387586746, "a_mm_0": 13.21197950856837, "a_mm_1": -35.975833722613686, "a_mm_2": -5.699924233976873, "a_mm_3": -21.69948024715923, "a_mp_0": -8.57796684209648, "a_mp_1": -20.684218108180666, "a_mp_2": -37.96795872677693, "a_mp_3": 18.681784019545475, "a_pm_0": 13.980754494002014, "a_pm_1": -28.208211502550206, "a_pm_2": -38.89152944875975, "a_pm_3": -35.49700773334863, "a_pp_1": 12.89254558030781, "a_pp_2": -1.1410018934001727, "a_pp_3": -25.11347889085388}, "datetime": {"datetime": "2024-07-12 23:26:21", "elapsed": 5268.002401, "delta": 9.183123}}
{"target": -9420.349261392335, "params": {"a_c_1": 20.0, "a_c_2": 10.0, "a_mm_0": 20.0, "a_mm_1": -40.0, "a_mm_2": -7.1551781650487944, "a_mm_3": 20.0, "a_mp_0": -40.0, "a_mp_1": 20.0, "a_mp_2": 20.0, "a_mp_3": 20.0, "a_pm_0": 20.0, "a_pm_1": -40.0, "a_pm_2": 20.0, "a_pm_3": 20.0, "a_pp_1": -40.0, "a_pp_2": 20.0, "a_pp_3": 20.0}, "datetime": {"datetime": "2024-07-12 23:26:22", "elapsed": 5290.441041, "delta": 11.351602}}
{"target": -68864.87110322916, "params": {"a_c_1": 9.333709754145179, "a_c_2": 4.364646088877368, "a_mm_0": 19.891567418261353, "a_mm_1": -5.589967953032108, "a_mm_2": -34.847905896504976, "a_mm_3": -8.972906711139295, "a_mp_0": 13.073444481001054, "a_mp_1": -17.0055323785703, "a_mp_2": -15.045959689175554, "a_mp_3": -18.00837495954238, "a_pm_0": 8.742138669102431, "a_pm_1": -1.195652671601266, "a_pm_2": -5.033009499800798, "a_pm_3": 0.1495039706013941, "a_pp_1": 9.772518072356377, "a_pp_2": 11.340726020517998, "a_pp_3": -16.261820333042113}, "datetime": {"datetime": "2024-07-12 23:26:24", "elapsed": 5435.521596, "delta": 10.223278}}
{"target": -15742.14466958452, "params": {"a_c_1": 20.0, "a_c_2": 10.0, "a_mm_0": 20.0, "a_mm_1": 20.0, "a_mm_2": -14.563091722011944, "a_mm_3": 20.0, "a_mp_0": -40.0, "a_mp_1": 1.0227347383374563, "a_mp_2": 20.0, "a_mp_3": 20.0, "a_pm_0": -40.0, "a_pm_1": -13.620495220952407, "a_pm_2": 20.0, "a_pm_3": -14.739356259331917, "a_pp_1": -7.156801973360476, "a_pp_2": -14.767957063193029, "a_pp_3": 20.0}, "datetime": {"datetime": "2024-07-12 23:26:30", "elapsed": 5342.475744, "delta": 10.114648}}
{"target": -27701.38872415684, "params": {"a_c_1": 0.0, "a_c_2": 10.0, "a_mm_0": -40.0, "a_mm_1": 20.0, "a_mm_2": 20.0, "a_mm_3": 20.0, "a_mp_0": 20.0, "a_mp_1": -40.0, "a_mp_2": -33.866582174584146, "a_mp_3": 20.0, "a_pm_0": -40.0, "a_pm_1": 20.0, "a_pm_2": 20.0, "a_pm_3": -39.81344505806114, "a_pp_1": 20.0, "a_pp_2": -14.005339931935826, "a_pp_3": 20.0}, "datetime": {"datetime": "2024-07-12 23:26:32", "elapsed": 5321.698551, "delta": 11.393125}}
{"target": -8319.999955644267, "params": {"a_c_1": 20.0, "a_c_2": 10.0, "a_mm_0": 20.0, "a_mm_1": 20.0, "a_mm_2": 20.0, "a_mm_3": 20.0, "a_mp_0": -40.0, "a_mp_1": -40.0, "a_mp_2": 20.0, "a_mp_3": 20.0, "a_pm_0": -40.0, "a_pm_1": -40.0, "a_pm_2": 20.0, "a_pm_3": 20.0, "a_pp_1": -10.79145680737944, "a_pp_2": 20.0, "a_pp_3": 20.0}, "datetime": {"datetime": "2024-07-12 23:26:34", "elapsed": 5303.022683, "delta": 12.581642}}
{"target": -4548.944456299514, "params": {"a_c_1": 20.0, "a_c_2": 10.0, "a_mm_0": 20.0, "a_mm_1": 20.0, "a_mm_2": -12.684241702083215, "a_mm_3": 20.0, "a_mp_0": 20.0, "a_mp_1": 20.0, "a_mp_2": 20.0, "a_mp_3": 20.0, "a_pm_0": 20.0, "a_pm_1": -40.0, "a_pm_2": 20.0, "a_pm_3": 20.0, "a_pp_1": -40.0, "a_pp_2": 20.0, "a_pp_3": 20.0}, "datetime": {"datetime": "2024-07-12 23:26:34", "elapsed": 5281.948016, "delta": 13.945615}}
{"target": -4894.889084788419, "params": {"a_c_1": 0.0, "a_c_2": 10.0, "a_mm_0": -40.0, "a_mm_1": 20.0, "a_mm_2": 20.0, "a_mm_3": 20.0, "a_mp_0": -40.0, "a_mp_1": 20.0, "a_mp_2": 20.0, "a_mp_3": 20.0, "a_pm_0": -40.0, "a_pm_1": 20.0, "a_pm_2": 20.0, "a_pm_3": -14.695286063587224, "a_pp_1": -40.0, "a_pp_2": 20.0, "a_pp_3": 20.0}, "datetime": {"datetime": "2024-07-12 23:26:36", "elapsed": 5447.438546, "delta": 11.91695}}
{"target": -22892.41194645467, "params": {"a_c_1": 20.0, "a_c_2": 10.0, "a_mm_0": -40.0, "a_mm_1": -26.512666556413507, "a_mm_2": -18.50520053210642, "a_mm_3": 20.0, "a_mp_0": -40.0, "a_mp_1": 20.0, "a_mp_2": 20.0, "a_mp_3": -23.875861915719756, "a_pm_0": -23.589461237564194, "a_pm_1": -26.45666194942946, "a_pm_2": -13.32056535411471, "a_pm_3": 20.0, "a_pp_1": 20.0, "a_pp_2": 20.0, "a_pp_3": 20.0}, "datetime": {"datetime": "2024-07-12 23:26:42", "elapsed": 5353.91929, "delta": 11.443546}}
{"target": -7451.595296143212, "params": {"a_c_1": 20.0, "a_c_2": 10.0, "a_mm_0": 20.0, "a_mm_1": 20.0, "a_mm_2": -15.020181599919413, "a_mm_3": 20.0, "a_mp_0": -40.0, "a_mp_1": 20.0, "a_mp_2": 20.0, "a_mp_3": 20.0, "a_pm_0": -40.0, "a_pm_1": -40.0, "a_pm_2": 20.0, "a_pm_3": 20.0, "a_pp_1": -26.165152186074792, "a_pp_2": 20.0, "a_pp_3": 20.0}, "datetime": {"datetime": "2024-07-12 23:26:44", "elapsed": 5333.700996, "delta": 12.002445}}
{"target": -18149.540940775707, "params": {"a_c_1": 20.0, "a_c_2": 10.0, "a_mm_0": 20.0, "a_mm_1": -15.687258877820726, "a_mm_2": 20.0, "a_mm_3": 20.0, "a_mp_0": -40.0, "a_mp_1": -40.0, "a_mp_2": -32.081708934154534, "a_mp_3": 20.0, "a_pm_0": -40.0, "a_pm_1": -40.0, "a_pm_2": 20.0, "a_pm_3": 20.0, "a_pp_1": 20.0, "a_pp_2": 20.0, "a_pp_3": 20.0}, "datetime": {"datetime": "2024-07-12 23:26:47", "elapsed": 5458.616768, "delta": 11.178222}}
{"target": -25920.780376940096, "params": {"a_c_1": 0.0, "a_c_2": 10.0, "a_mm_0": 20.0, "a_mm_1": -40.0, "a_mm_2": -40.0, "a_mm_3": 20.0, "a_mp_0": -40.0, "a_mp_1": 20.0, "a_mp_2": 20.0, "a_mp_3": 20.0, "a_pm_0": 20.0, "a_pm_1": 20.0, "a_pm_2": 20.0, "a_pm_3": -39.27922701413603, "a_pp_1": 20.0, "a_pp_2": 20.0, "a_pp_3": 20.0}, "datetime": {"datetime": "2024-07-12 23:26:48", "elapsed": 5294.958227, "delta": 13.010211}}
{"target": -13926.613156316653, "params": {"a_c_1": 20.0, "a_c_2": 10.0, "a_mm_0": 20.0, "a_mm_1": 20.0, "a_mm_2": -40.0, "a_mm_3": 20.0, "a_mp_0": -40.0, "a_mp_1": 20.0, "a_mp_2": 20.0, "a_mp_3": 20.0, "a_pm_0": 20.0, "a_pm_1": -40.0, "a_pm_2": 20.0, "a_pm_3": -22.155280785709504, "a_pp_1": -40.0, "a_pp_2": 20.0, "a_pp_3": 20.0}, "datetime": {"datetime": "2024-07-12 23:26:49", "elapsed": 5317.900429, "delta": 14.877746}}
{"target": -12257.710827220688, "params": {"a_c_1": 0.0, "a_c_2": 10.0, "a_mm_0": 20.0, "a_mm_1": 14.653154408896052, "a_mm_2": 3.53018982422679, "a_mm_3": -5.848636920284628, "a_mp_0": -3.170756606972107, "a_mp_1": -7.279694338609906, "a_mp_2": -2.0201660988293755, "a_mp_3": 20.0, "a_pm_0": 20.0, "a_pm_1": -7.531015049639944, "a_pm_2": 20.0, "a_pm_3": -12.62622512244937, "a_pp_1": -8.826433921168857, "a_pp_2": -9.98961793256321, "a_pp_3": -3.1255067235002825}, "datetime": {"datetime": "2024-07-12 23:26:52", "elapsed": 5364.611991, "delta": 10.692701}}
{"target": -279119.57844584325, "params": {"a_c_1": 18.953178779724055, "a_c_2": 8.285564599741633, "a_mm_0": 3.7024344738996646, "a_mm_1": -6.060044716885173, "a_mm_2": -26.724333406779124, "a_mm_3": -1.193613878593382, "a_mp_0": -15.15915110489808, "a_mp_1": -11.836235405427356, "a_mp_2": -21.370763162441335, "a_mp_3": 13.817356416531645, "a_pm_0": -2.245083528610188, "a_pm_1": -30.31566944474777, "a_pm_2": -30.622917695079103, "a_pm_3": -26.202122215032627, "a_pp_1": -30.527436613495304, "a_pp_2": -21.67074502017276, "a_pp_3": 7.4757262700966365}, "datetime": {"datetime": "2024-07-12 23:26:54", "elapsed": 5344.109038, "delta": 10.408042}}
{"target": -15252.172893614212, "params": {"a_c_1": 8.662702670601579, "a_c_2": 6.395847180702701, "a_mm_0": 9.0259697157935, "a_mm_1": 7.073567908294585, "a_mm_2": -4.789133442995613, "a_mm_3": 8.888739751219276, "a_mp_0": -39.8395601114162, "a_mp_1": -11.251480183478122, "a_mp_2": -2.552627722200974, "a_mp_3": -8.939647820308675, "a_pm_0": 6.162507917545767, "a_pm_1": -7.109571110136933, "a_pm_2": -13.955635538753683, "a_pm_3": -8.303428051220504, "a_pp_1": -0.2062094266243193, "a_pp_2": 0.17040298670445964, "a_pp_3": 0.21139897998627077}, "datetime": {"datetime": "2024-07-12 23:26:58", "elapsed": 5305.059737, "delta": 10.10151}}
{"target": -625.0381561585755, "params": {"a_c_1": 20.0, "a_c_2": 0.0, "a_mm_0": -40.0, "a_mm_1": 20.0, "a_mm_2": 20.0, "a_mm_3": 20.0, "a_mp_0": -16.196952485789005, "a_mp_1": 20.0, "a_mp_2": 20.0, "a_mp_3": -8.981855229824689, "a_pm_0": 20.0, "a_pm_1": 20.0, "a_pm_2": -2.0527861530863047, "a_pm_3": 20.0, "a_pp_1": 20.0, "a_pp_2": -2.4305110324804753, "a_pp_3": 20.0}, "datetime": {"datetime": "2024-07-12 23:26:59", "elapsed": 5470.308819, "delta": 11.692051}}
{"target": -246134.18072484471, "params": {"a_c_1": 10.80424249007164, "a_c_2": 1.9254343239912164, "a_mm_0": -26.47318313915587, "a_mm_1": -7.180118354624739, "a_mm_2": -19.221143333969177, "a_mm_3": -18.286210444558446, "a_mp_0": -17.715997107839417, "a_mp_1": -5.341074985505202, "a_mp_2": -11.860351954730596, "a_mp_3": -4.753560466792614, "a_pm_0": -21.87419388245562, "a_pm_1": -37.51501225947199, "a_pm_2": -34.729532874819704, "a_pm_3": -14.359223427777739, "a_pp_1": -39.20970693567823, "a_pp_2": 12.311165918265672, "a_pp_3": 19.720298229488783}, "datetime": {"datetime": "2024-07-12 23:27:03", "elapsed": 5374.98899, "delta": 10.376999}}
{"target": -5320.52709934332, "params": {"a_c_1": 20.0, "a_c_2": 10.0, "a_mm_0": -40.0, "a_mm_1": 20.0, "a_mm_2": 20.0, "a_mm_3": 20.0, "a_mp_0": -40.0, "a_mp_1": 20.0, "a_mp_2": 20.0, "a_mp_3": 20.0, "a_pm_0": 20.0, "a_pm_1": 20.0, "a_pm_2": -40.0, "a_pm_3": 20.0, "a_pp_1": -40.0, "a_pp_2": 20.0, "a_pp_3": 20.0}, "datetime": {"datetime": "2024-07-12 23:27:04", "elapsed": 5332.162255, "delta": 14.261826}}
{"target": -13876.314298650108, "params": {"a_c_1": 20.0, "a_c_2": 10.0, "a_mm_0": 20.0, "a_mm_1": -40.0, "a_mm_2": -16.320434297469678, "a_mm_3": -33.71126367702234, "a_mp_0": -40.0, "a_mp_1": 20.0, "a_mp_2": 20.0, "a_mp_3": 20.0, "a_pm_0": -40.0, "a_pm_1": 20.0, "a_pm_2": -14.460484875121862, "a_pm_3": 20.0, "a_pp_1": 20.0, "a_pp_2": 20.0, "a_pp_3": 20.0}, "datetime": {"datetime": "2024-07-12 23:27:06", "elapsed": 5356.227413, "delta": 12.118375}}
{"target": -1528.1863475734372, "params": {"a_c_1": 20.0, "a_c_2": 0.0, "a_mm_0": -40.0, "a_mm_1": 20.0, "a_mm_2": 20.0, "a_mm_3": 20.0, "a_mp_0": -40.0, "a_mp_1": 20.0, "a_mp_2": 20.0, "a_mp_3": 20.0, "a_pm_0": 20.0, "a_pm_1": -40.0, "a_pm_2": 20.0, "a_pm_3": 20.0, "a_pp_1": 20.0, "a_pp_2": 20.0, "a_pp_3": 20.0}, "datetime": {"datetime": "2024-07-12 23:27:07", "elapsed": 5478.38488, "delta": 8.076061}}
{"target": -237173.3338539371, "params": {"a_c_1": 12.685571193966446, "a_c_2": 2.4137336260102904, "a_mm_0": -33.03424994342488, "a_mm_1": -24.85831896674675, "a_mm_2": -18.71232361770755, "a_mm_3": -11.419620265348154, "a_mp_0": 4.9808276537956, "a_mp_1": -5.584882924639132, "a_mp_2": 11.001991373719285, "a_mp_3": 4.816639158615608, "a_pm_0": -9.977188928163791, "a_pm_1": 19.797513312358568, "a_pm_2": -34.04333598496946, "a_pm_3": -35.41954967769483, "a_pp_1": 8.175284526421194, "a_pp_2": -37.06534789181995, "a_pp_3": 1.4279442428615852}, "datetime": {"datetime": "2024-07-12 23:27:07", "elapsed": 5314.842761, "delta": 9.783024}}
{"target": -69955.8377701597, "params": {"a_c_1": 17.044411601009656, "a_c_2": 0.7437943353600363, "a_mm_0": -11.765803640047793, "a_mm_1": -8.562942972652273, "a_mm_2": -4.896042806483166, "a_mm_3": -14.601560724916798, "a_mp_0": 11.104349948880824, "a_mp_1": -21.45673537612603, "a_mp_2": -23.81664302341803, "a_mp_3": 19.69233192964878, "a_pm_0": -18.787798711443482, "a_pm_1": -36.68033644370513, "a_pm_2": 14.983610652106655, "a_pm_3": -1.9607750412277838, "a_pp_1": -2.3183320319745917, "a_pp_2": -7.342885679323672, "a_pp_3": 17.142897071690044}, "datetime": {"datetime": "2024-07-12 23:27:13", "elapsed": 5385.365933, "delta": 10.376943}}
{"target": -231214.00154180225, "params": {"a_c_1": 13.927036929380234, "a_c_2": 5.788379495650675, "a_mm_0": -31.390161487716334, "a_mm_1": 9.376861840459348, "a_mm_2": -37.3986512940156, "a_mm_3": 16.58213523377148, "a_mp_0": -16.16258697629753, "a_mp_1": -34.6154209827085, "a_mp_2": -11.163433413483588, "a_mp_3": 5.88451883521148, "a_pm_0": -13.06662626122477, "a_pm_1": 12.130165759070387, "a_pm_2": -22.312215645800165, "a_pm_3": -27.306763257742823, "a_pp_1": 12.101613200244316, "a_pp_2": 13.751716934801905, "a_pp_3": -39.05693631966206}, "datetime": {"datetime": "2024-07-12 23:27:15", "elapsed": 5343.652613, "delta": 11.490358}}
{"target": -3533.711594408902, "params": {"a_c_1": 20.0, "a_c_2": 10.0, "a_mm_0": -15.191200989126463, "a_mm_1": -2.4871377079782144, "a_mm_2": -8.792281013130491, "a_mm_3": -5.256472929466729, "a_mp_0": -28.21665269258283, "a_mp_1": 20.0, "a_mp_2": 20.0, "a_mp_3": -0.2778407129924372, "a_pm_0": -9.26463780347301, "a_pm_1": -40.0, "a_pm_2": -19.442607873257376, "a_pm_3": 7.110913738414338, "a_pp_1": 20.0, "a_pp_2": 20.0, "a_pp_3": 20.0}, "datetime": {"datetime": "2024-07-12 23:27:17", "elapsed": 5367.122513, "delta": 10.8951}}
{"target": -22944.694253107322, "params": {"a_c_1": 20.0, "a_c_2": 10.0, "a_mm_0": 20.0, "a_mm_1": 20.0, "a_mm_2": 20.0, "a_mm_3": 20.0, "a_mp_0": 20.0, "a_mp_1": 20.0, "a_mp_2": -8.690653521590416, "a_mp_3": 20.0, "a_pm_0": 20.0, "a_pm_1": 20.0, "a_pm_2": -30.018173007036648, "a_pm_3": -40.0, "a_pp_1": 20.0, "a_pp_2": 20.0, "a_pp_3": 20.0}, "datetime": {"datetime": "2024-07-12 23:27:20", "elapsed": 5327.679174, "delta": 12.836413}}
{"target": -2528.4209552985835, "params": {"a_c_1": 20.0, "a_c_2": 10.0, "a_mm_0": 20.0, "a_mm_1": -0.6304881411688311, "a_mm_2": -6.467282962603179, "a_mm_3": -0.28612015283616465, "a_mp_0": -14.193852208217423, "a_mp_1": -40.0, "a_mp_2": 2.421131908050209, "a_mp_3": 3.9954427964120502, "a_pm_0": 20.0, "a_pm_1": 3.23486275817249, "a_pm_2": 20.0, "a_pm_3": 20.0, "a_pp_1": -4.080074756709897, "a_pp_2": 20.0, "a_pp_3": 4.682797514005618}, "datetime": {"datetime": "2024-07-12 23:27:21", "elapsed": 5492.513671, "delta": 14.128791}}
{"target": -179402.62473306965, "params": {"a_c_1": 19.79341150766556, "a_c_2": 6.5852514376256535, "a_mm_0": -38.40386572411206, "a_mm_1": 17.10439435245334, "a_mm_2": -38.161335693979325, "a_mm_3": -24.957480907804204, "a_mp_0": -3.170653163784735, "a_mp_1": 3.513364946913242, "a_mp_2": 11.457928727305124, "a_mp_3": -26.244792526139364, "a_pm_0": -20.12834693891552, "a_pm_1": 14.196645875410141, "a_pm_2": -25.782032156488178, "a_pm_3": -4.232344532740186, "a_pp_1": -31.960108941423464, "a_pp_2": 0.822796318222835, "a_pp_3": -22.396523289026376}, "datetime": {"datetime": "2024-07-12 23:27:23", "elapsed": 5394.975742, "delta": 9.609809}}
{"target": -236984.45140269687, "params": {"a_c_1": 11.426875385357867, "a_c_2": 4.195319304339616, "a_mm_0": -23.769784773937157, "a_mm_1": 6.242609234052644, "a_mm_2": -32.726538181411485, "a_mm_3": -28.171126646751738, "a_mp_0": -26.665840923536486, "a_mp_1": 6.1741302186140885, "a_mp_2": 2.7763843137785216, "a_mp_3": -36.60156501986233, "a_pm_0": -29.163970745108827, "a_pm_1": -10.341083141098448, "a_pm_2": -32.042113742658834, "a_pm_3": -14.8712071452446, "a_pp_1": -5.785311366316293, "a_pp_2": -10.558427220541255, "a_pp_3": 0.8233572101927464}, "datetime": {"datetime": "2024-07-12 23:27:24", "elapsed": 5352.992981, "delta": 9.340368}}
{"target": -398103.21884019335, "params": {"a_c_1": 17.678986661054765, "a_c_2": 9.500513423958411, "a_mm_0": -30.54947184808139, "a_mm_1": -31.511260572935676, "a_mm_2": -29.601211975955266, "a_mm_3": -23.83585067104245, "a_mp_0": -33.578127966333675, "a_mp_1": -22.838707612710223, "a_mp_2": -18.376893475918756, "a_mp_3": 12.089377335296454, "a_pm_0": -3.3992177139419297, "a_pm_1": 2.1847474268679647, "a_pm_2": -29.595260304917034, "a_pm_3": 7.224642171190865, "a_pp_1": -13.30700404739456, "a_pp_2": -22.974654713228954, "a_pp_3": -38.657892205456946}, "datetime": {"datetime": "2024-07-12 23:27:27", "elapsed": 5376.546885, "delta": 9.424372}}
{"target": -81124.03235902752, "params": {"a_c_1": 14.536357843920651, "a_c_2": 3.1435032838314267, "a_mm_0": 13.60874540603919, "a_mm_1": 16.319590736928845, "a_mm_2": 4.759576834806978, "a_mm_3": -22.53827991901795, "a_mp_0": 13.31465633134119, "a_mp_1": 6.5484887455375045, "a_mp_2": -0.5732541320395157, "a_mp_3": 16.108289365151954, "a_pm_0": -2.284152885218525, "a_pm_1": 2.806541757623492, "a_pm_2": -20.279494966423314, "a_pm_3": -21.59236167620097, "a_pp_1": -0.04508989432990518, "a_pp_2": 2.301193037326783, "a_pp_3": -21.992984063965046}, "datetime": {"datetime": "2024-07-12 23:27:32", "elapsed": 5503.434585, "delta": 10.920914}}
{"target": -11245.045212204377, "params": {"a_c_1": 0.0, "a_c_2": 10.0, "a_mm_0": -40.0, "a_mm_1": -40.0, "a_mm_2": -18.21665692755208, "a_mm_3": 20.0, "a_mp_0": -40.0, "a_mp_1": -40.0, "a_mp_2": -4.094546621467141, "a_mp_3": 20.0, "a_pm_0": -14.116386701194035, "a_pm_1": 20.0, "a_pm_2": 20.0, "a_pm_3": 20.0, "a_pp_1": 20.0, "a_pp_2": 20.0, "a_pp_3": 20.0}, "datetime": {"datetime": "2024-07-12 23:27:32", "elapsed": 5339.812489, "delta": 12.133315}}
{"target": -7870.761695290141, "params": {"a_c_1": 0.0, "a_c_2": 0.0, "a_mm_0": -40.0, "a_mm_1": 20.0, "a_mm_2": 20.0, "a_mm_3": 20.0, "a_mp_0": 20.0, "a_mp_1": -40.0, "a_mp_2": -40.0, "a_mp_3": 20.0, "a_pm_0": -40.0, "a_pm_1": 20.0, "a_pm_2": 20.0, "a_pm_3": 20.0, "a_pp_1": 20.0, "a_pp_2": 20.0, "a_pp_3": 20.0}, "datetime": {"datetime": "2024-07-12 23:27:34", "elapsed": 5405.78925, "delta": 10.813508}}
{"target": -11999.938190122717, "params": {"a_c_1": 20.0, "a_c_2": 10.0, "a_mm_0": -40.0, "a_mm_1": -40.0, "a_mm_2": 20.0, "a_mm_3": 20.0, "a_mp_0": 20.0, "a_mp_1": 20.0, "a_mp_2": 20.0, "a_mp_3": 20.0, "a_pm_0": 20.0, "a_pm_1": -40.0, "a_pm_2": 20.0, "a_pm_3": 20.0, "a_pp_1": -40.0, "a_pp_2": 20.0, "a_pp_3": 20.0}, "datetime": {"datetime": "2024-07-12 23:27:37", "elapsed": 5365.793177, "delta": 12.800196}}
{"target": -7500.049108259056, "params": {"a_c_1": 0.0, "a_c_2": 10.0, "a_mm_0": 20.0, "a_mm_1": -8.264439966982547, "a_mm_2": 20.0, "a_mm_3": -20.92634266274847, "a_mp_0": 20.0, "a_mp_1": -20.53937591268598, "a_mp_2": 20.0, "a_mp_3": 20.0, "a_pm_0": 20.0, "a_pm_1": -40.0, "a_pm_2": -14.665969129661722, "a_pm_3": 20.0, "a_pp_1": 20.0, "a_pp_2": 20.0, "a_pp_3": 20.0}, "datetime": {"datetime": "2024-07-12 23:27:40", "elapsed": 5389.800488, "delta": 13.253603}}
{"target": -7293.700320134833, "params": {"a_c_1": 20.0, "a_c_2": 10.0, "a_mm_0": 20.0, "a_mm_1": -30.926729019315985, "a_mm_2": -6.54056531860671, "a_mm_3": 20.0, "a_mp_0": 20.0, "a_mp_1": -40.0, "a_mp_2": -8.275192713935086, "a_mp_3": -25.294482847003273, "a_pm_0": -17.740304566363953, "a_pm_1": 20.0, "a_pm_2": 20.0, "a_pm_3": 20.0, "a_pp_1": 20.0, "a_pp_2": 20.0, "a_pp_3": 20.0}, "datetime": {"datetime": "2024-07-12 23:27:45", "elapsed": 5516.30671, "delta": 12.872125}}
{"target": -20680.69821728278, "params": {"a_c_1": 20.0, "a_c_2": 10.0, "a_mm_0": -40.0, "a_mm_1": -10.526957022349162, "a_mm_2": 20.0, "a_mm_3": 20.0, "a_mp_0": -12.749711021260966, "a_mp_1": 20.0, "a_mp_2": 20.0, "a_mp_3": -40.0, "a_pm_0": 20.0, "a_pm_1": 20.0, "a_pm_2": 20.0, "a_pm_3": 20.0, "a_pp_1": -40.0, "a_pp_2": -20.400439622412772, "a_pp_3": 20.0}, "datetime": {"datetime": "2024-07-12 23:27:45", "elapsed": 5352.715158, "delta": 12.902669}}
{"target": -19347.38809106384, "params": {"a_c_1": 20.0, "a_c_2": 10.0, "a_mm_0": -40.0, "a_mm_1": 20.0, "a_mm_2": 20.0, "a_mm_3": 20.0, "a_mp_0": -40.0, "a_mp_1": -40.0, "a_mp_2": 20.0, "a_mp_3": 0.40626538190204536, "a_pm_0": -40.0, "a_pm_1": 20.0, "a_pm_2": -35.540479993718314, "a_pm_3": 20.0, "a_pp_1": -21.97979736641289, "a_pp_2": 20.0, "a_pp_3": -13.638449428888356}, "datetime": {"datetime": "2024-07-12 23:27:46", "elapsed": 5418.043641, "delta": 12.254391}}
