{"target": -11082.218622145274, "params": {"a_c_1": 0.0, "a_c_2": 10.0, "a_mm_0": 20.0, "a_mm_1": 20.0, "a_mm_2": 20.0, "a_mm_3": 20.0, "a_mp_0": -40.0, "a_mp_1": -40.0, "a_mp_2": 20.0, "a_mp_3": 20.0, "a_pm_0": -40.0, "a_pm_1": 20.0, "a_pm_2": -34.87039234348402, "a_pm_3": 20.0, "a_pp_1": -40.0, "a_pp_2": 20.0, "a_pp_3": 20.0}, "datetime": {"datetime": "2024-07-12 22:52:56", "elapsed": 3305.556715, "delta": 10.695342}}
{"target": -250266.50040354236, "params": {"a_c_1": 1.4072838191403902, "a_c_2": 4.997909132801148, "a_mm_0": 3.7505662529176433, "a_mm_1": 5.33523455722527, "a_mm_2": -22.199038867328376, "a_mm_3": -29.9606717997929, "a_mp_0": -25.66776757798305, "a_mp_1": -26.313355313827778, "a_mp_2": 10.323506033130215, "a_mp_3": -24.93647168387041, "a_pm_0": 3.32726664322535, "a_pm_1": -29.94080789990463, "a_pm_2": -36.76930468217678, "a_pm_3": -28.13907926573323, "a_pp_1": 14.786651121963715, "a_pp_2": 11.744588779443546, "a_pp_3": -9.440353185610913}, "datetime": {"datetime": "2024-07-12 22:52:59", "elapsed": 3266.551389, "delta": 8.501422}}
{"target": -11216.558134246623, "params": {"a_c_1": 0.0, "a_c_2": 10.0, "a_mm_0": -40.0, "a_mm_1": 20.0, "a_mm_2": -27.71756149439704, "a_mm_3": 20.0, "a_mp_0": 20.0, "a_mp_1": 20.0, "a_mp_2": 20.0, "a_mp_3": 20.0, "a_pm_0": 20.0, "a_pm_1": -29.656745726865132, "a_pm_2": -40.0, "a_pm_3": -16.941490937253004, "a_pp_1": 20.0, "a_pp_2": 20.0, "a_pp_3": 20.0}, "datetime": {"datetime": "2024-07-12 22:53:01", "elapsed": 3289.229767, "delta": 10.9087}}
{"target": -47922.78503833701, "params": {"a_c_1": 14.427827195673144, "a_c_2": 7.627551851743214, "a_mm_0": -34.229759402221624, "a_mm_1": 9.0597212839686, "a_mm_2": -29.8134383112553, "a_mm_3": 12.000150547788252, "a_mp_0": 15.077849013354069, "a_mp_1": -7.081516211602846, "a_mp_2": 5.869621598758457, "a_mp_3": -39.44537732056215, "a_pm_0": -3.3361419742198706, "a_pm_1": 12.238620423037503, "a_pm_2": -25.9898313718936, "a_pm_3": -6.588009626169281, "a_pp_1": 11.054820258037068, "a_pp_2": 9.324009942814214, "a_pp_3": 11.310664563088523}, "datetime": {"datetime": "2024-07-12 22:53:04", "elapsed": 3434.97494, "delta": 10.842954}}
{"target": -11169.286868053645, "params": {"a_c_1": 0.0, "a_c_2": 10.0, "a_mm_0": -11.009437844371758, "a_mm_1": 20.0, "a_mm_2": 20.0, "a_mm_3": -7.7216275683414155, "a_mp_0": -16.81575484738116, "a_mp_1": -40.0, "a_mp_2": -4.97440617364941, "a_mp_3": 20.0, "a_pm_0": -8.377912657370969, "a_pm_1": -21.38169797121776, "a_pm_2": 15.269822329832945, "a_pm_3": 20.0, "a_pp_1": -9.853101166480439, "a_pp_2": 0.7097863091649961, "a_pp_3": 1.5908870489200062}, "datetime": {"datetime": "2024-07-12 22:53:07", "elapsed": 3316.69263, "delta": 11.135915}}
{"target": -1331.289043335899, "params": {"a_c_1": 20.0, "a_c_2": 10.0, "a_mm_0": 20.0, "a_mm_1": -14.007393899988614, "a_mm_2": -9.516928011589187, "a_mm_3": 20.0, "a_mp_0": -40.0, "a_mp_1": -40.0, "a_mp_2": 20.0, "a_mp_3": 20.0, "a_pm_0": 20.0, "a_pm_1": 20.0, "a_pm_2": 20.0, "a_pm_3": 20.0, "a_pp_1": 20.0, "a_pp_2": 20.0, "a_pp_3": 20.0}, "datetime": {"datetime": "2024-07-12 22:53:08", "elapsed": 3340.004814, "delta": 17.526506}}
{"target": -51984.99350135334, "params": {"a_c_1": 20.0, "a_c_2": 10.0, "a_mm_0": 20.0, "a_mm_1": 20.0, "a_mm_2": 20.0, "a_mm_3": 20.0, "a_mp_0": 20.0, "a_mp_1": -40.0, "a_mp_2": 20.0, "a_mp_3": 15.784726637794144, "a_pm_0": 20.0, "a_pm_1": 20.0, "a_pm_2": 20.0, "a_pm_3": 20.0, "a_pp_1": 20.0, "a_pp_2": -40.0, "a_pp_3": 20.0}, "datetime": {"datetime": "2024-07-12 22:53:10", "elapsed": 3298.619097, "delta": 9.38933}}
{"target": -17726.436105982524, "params": {"a_c_1": 20.0, "a_c_2": 10.0, "a_mm_0": 20.0, "a_mm_1": -40.0, "a_mm_2": 20.0, "a_mm_3": 20.0, "a_mp_0": -40.0, "a_mp_1": -40.0, "a_mp_2": 20.0, "a_mp_3": -16.79875461269408, "a_pm_0": 20.0, "a_pm_1": -40.0, "a_pm_2": 20.0, "a_pm_3": 20.0, "a_pp_1": 20.0, "a_pp_2": 20.0, "a_pp_3": 20.0}, "datetime": {"datetime": "2024-07-12 22:53:11", "elapsed": 3278.491151, "delta": 11.939762}}
{"target": -1782.3113194676987, "params": {"a_c_1": 20.0, "a_c_2": 10.0, "a_mm_0": -40.0, "a_mm_1": 20.0, "a_mm_2": -8.027849685951832, "a_mm_3": 20.0, "a_mp_0": 20.0, "a_mp_1": 20.0, "a_mp_2": 20.0, "a_mp_3": 20.0, "a_pm_0": -40.0, "a_pm_1": 20.0, "a_pm_2": -28.814422147855485, "a_pm_3": 20.0, "a_pp_1": 20.0, "a_pp_2": 20.0, "a_pp_3": 20.0}, "datetime": {"datetime": "2024-07-12 22:53:15", "elapsed": 3445.956148, "delta": 10.981208}}
{"target": -80641.08715591968, "params": {"a_c_1": 0.0, "a_c_2": 10.0, "a_mm_0": 20.0, "a_mm_1": 20.0, "a_mm_2": -40.0, "a_mm_3": 20.0, "a_mp_0": -40.0, "a_mp_1": 20.0, "a_mp_2": 20.0, "a_mp_3": 20.0, "a_pm_0": -26.024307623935933, "a_pm_1": 20.0, "a_pm_2": 4.80104087050227, "a_pm_3": 20.0, "a_pp_1": -40.0, "a_pp_2": 20.0, "a_pp_3": -32.866481730171735}, "datetime": {"datetime": "2024-07-12 22:53:17", "elapsed": 3326.374278, "delta": 9.681648}}
{"target": -188612.07126084613, "params": {"a_c_1": 3.6047012363342845, "a_c_2": 1.534375568231131, "a_mm_0": 4.291075977291058, "a_mm_1": -12.769204277588088, "a_mm_2": 18.28931587203482, "a_mm_3": -3.6115478302743753, "a_mp_0": -29.82588529267958, "a_mp_1": -19.644633461460938, "a_mp_2": -22.450656864925172, "a_mp_3": -6.611716709273843, "a_pm_0": -28.85786119386989, "a_pm_1": -35.843419893124015, "a_pm_2": -18.46247002088793, "a_pm_3": 5.477419674979956, "a_pp_1": -26.91582558472276, "a_pp_2": -1.8203982327661379, "a_pp_3": -23.900097562471508}, "datetime": {"datetime": "2024-07-12 22:53:18", "elapsed": 3349.682588, "delta": 9.677774}}
{"target": -4624.779771665528, "params": {"a_c_1": 20.0, "a_c_2": 10.0, "a_mm_0": 20.0, "a_mm_1": 20.0, "a_mm_2": -36.878702455750506, "a_mm_3": 20.0, "a_mp_0": 20.0, "a_mp_1": 20.0, "a_mp_2": 20.0, "a_mp_3": 20.0, "a_pm_0": 20.0, "a_pm_1": -40.0, "a_pm_2": 20.0, "a_pm_3": -1.9882222055884657, "a_pp_1": -40.0, "a_pp_2": 20.0, "a_pp_3": 20.0}, "datetime": {"datetime": "2024-07-12 22:53:23", "elapsed": 3311.484651, "delta": 12.865554}}
{"target": -9488.574033144476, "params": {"a_c_1": 20.0, "a_c_2": 10.0, "a_mm_0": -40.0, "a_mm_1": 20.0, "a_mm_2": 20.0, "a_mm_3": 20.0, "a_mp_0": -40.0, "a_mp_1": -40.0, "a_mp_2": 20.0, "a_mp_3": 20.0, "a_pm_0": -40.0, "a_pm_1": 20.0, "a_pm_2": 20.0, "a_pm_3": 20.0, "a_pp_1": -40.0, "a_pp_2": 20.0, "a_pp_3": 20.0}, "datetime": {"datetime": "2024-07-12 22:53:23", "elapsed": 3454.4891, "delta": 8.532952}}
{"target": -11603.095226696609, "params": {"a_c_1": 20.0, "a_c_2": 10.0, "a_mm_0": 20.0, "a_mm_1": 20.0, "a_mm_2": 20.0, "a_mm_3": -15.964920938583013, "a_mp_0": -40.0, "a_mp_1": -40.0, "a_mp_2": 20.0, "a_mp_3": 20.0, "a_pm_0": 20.0, "a_pm_1": -40.0, "a_pm_2": -23.593842558179674, "a_pm_3": 20.0, "a_pp_1": 20.0, "a_pp_2": 20.0, "a_pp_3": 20.0}, "datetime": {"datetime": "2024-07-12 22:53:25", "elapsed": 3292.075955, "delta": 13.584804}}
{"target": -77018.4358797085, "params": {"a_c_1": 13.891933408733887, "a_c_2": 8.059549378845274, "a_mm_0": 3.2481072897380514, "a_mm_1": 5.583039245249779, "a_mm_2": -13.022860710409297, "a_mm_3": -21.531862247761218, "a_mp_0": 6.510822215136756, "a_mp_1": 11.774542552816726, "a_mp_2": -24.538070111585842, "a_mp_3": 8.189356301101206, "a_pm_0": -28.55530820739085, "a_pm_1": -7.168252651805304, "a_pm_2": 7.0517945203698105, "a_pm_3": -28.104534144075515, "a_pp_1": -12.695312740402919, "a_pp_2": 3.2790813893055244, "a_pp_3": -11.156587944435664}, "datetime": {"datetime": "2024-07-12 22:53:27", "elapsed": 3359.087909, "delta": 9.405321}}
{"target": -3971.8444228881144, "params": {"a_c_1": 0.0, "a_c_2": 10.0, "a_mm_0": 20.0, "a_mm_1": 20.0, "a_mm_2": 20.0, "a_mm_3": 20.0, "a_mp_0": -12.994113634402742, "a_mp_1": 5.589513350913928, "a_mp_2": 20.0, "a_mp_3": 20.0, "a_pm_0": 20.0, "a_pm_1": 20.0, "a_pm_2": 6.633474359029836, "a_pm_3": -16.668857831622407, "a_pp_1": -40.0, "a_pp_2": 20.0, "a_pp_3": 20.0}, "datetime": {"datetime": "2024-07-12 22:53:29", "elapsed": 3338.62867, "delta": 12.254392}}
{"target": -142074.16458332594, "params": {"a_c_1": 3.1546742549549345, "a_c_2": 3.4049245158880623, "a_mm_0": 8.015306830186233, "a_mm_1": -19.111750018331335, "a_mm_2": -30.913663445156875, "a_mm_3": 1.8655173391624444, "a_mp_0": 19.96243166658398, "a_mp_1": -10.52657162968433, "a_mp_2": -1.8018425356531935, "a_mp_3": 1.971884294905614, "a_pm_0": -23.982265385703652, "a_pm_1": -5.226922360071676, "a_pm_2": 2.6366862286950763, "a_pm_3": 3.268026407694663, "a_pp_1": -22.22885878627476, "a_pp_2": 7.608690653408644, "a_pp_3": -37.58641464824223}, "datetime": {"datetime": "2024-07-12 22:53:32", "elapsed": 3462.688487, "delta": 8.199387}}
{"target": -8506.96360589521, "params": {"a_c_1": 0.0, "a_c_2": 10.0, "a_mm_0": 1.8387253788577613, "a_mm_1": 20.0, "a_mm_2": 20.0, "a_mm_3": -2.192093601660865, "a_mp_0": -40.0, "a_mp_1": -24.043673716901647, "a_mp_2": -26.181414434745175, "a_mp_3": 20.0, "a_pm_0": -2.8884573283146673, "a_pm_1": 20.0, "a_pm_2": 6.317290289955319, "a_pm_3": -3.5184367932135805, "a_pp_1": -16.981550509543535, "a_pp_2": 20.0, "a_pp_3": 20.0}, "datetime": {"datetime": "2024-07-12 22:53:33", "elapsed": 3321.746239, "delta": 10.261588}}
{"target": -18374.360013585145, "params": {"a_c_1": 3.452547624453408, "a_c_2": 6.955162716091934, "a_mm_0": -24.95623086155934, "a_mm_1": -29.34022992324774, "a_mm_2": 12.942742215431196, "a_mm_3": 2.891909111551122, "a_mp_0": -2.3808156356902686, "a_mp_1": 8.155185414317103, "a_mp_2": -14.578600898374383, "a_mp_3": 14.643872429368102, "a_pm_0": -21.50153508316587, "a_pm_1": -3.796710236131915, "a_pm_2": 19.479490917735006, "a_pm_3": 19.668881888858927, "a_pp_1": -10.30040940479871, "a_pp_2": -13.872406775404546, "a_pp_3": 14.9038586566896}, "datetime": {"datetime": "2024-07-12 22:53:34", "elapsed": 3301.854979, "delta": 9.779024}}
{"target": -107315.83302173317, "params": {"a_c_1": 10.096109228554901, "a_c_2": 9.141068967299393, "a_mm_0": -6.303112450572385, "a_mm_1": -38.28560489494231, "a_mm_2": -24.420133284761565, "a_mm_3": 17.92785888528038, "a_mp_0": -16.380527066078187, "a_mp_1": -0.7369689855356754, "a_mp_2": -35.40070918469121, "a_mp_3": -15.537611096231728, "a_pm_0": -19.66218035495803, "a_pm_1": -12.899250702895632, "a_pm_2": 0.07338763650900404, "a_pm_3": 15.859052698456821, "a_pp_1": 0.18250619013551983, "a_pp_2": -10.412617311503908, "a_pp_3": 8.570910273888629}, "datetime": {"datetime": "2024-07-12 22:53:36", "elapsed": 3368.20769, "delta": 9.119781}}
{"target": -22009.143559005784, "params": {"a_c_1": 0.0, "a_c_2": 10.0, "a_mm_0": 20.0, "a_mm_1": 20.0, "a_mm_2": 20.0, "a_mm_3": 20.0, "a_mp_0": 20.0, "a_mp_1": -40.0, "a_mp_2": -40.0, "a_mp_3": 20.0, "a_pm_0": -7.652060325231875, "a_pm_1": 20.0, "a_pm_2": -40.0, "a_pm_3": -0.3382790697730259, "a_pp_1": 20.0, "a_pp_2": 20.0, "a_pp_3": 20.0}, "datetime": {"datetime": "2024-07-12 22:53:41", "elapsed": 3350.479276, "delta": 11.850606}}
{"target": -1906.7350674355157, "params": {"a_c_1": 0.0, "a_c_2": 10.0, "a_mm_0": -40.0, "a_mm_1": 20.0, "a_mm_2": -10.702431700208274, "a_mm_3": 20.0, "a_mp_0": -40.0, "a_mp_1": 20.0, "a_mp_2": 20.0, "a_mp_3": 20.0, "a_pm_0": 20.0, "a_pm_1": 20.0, "a_pm_2": 20.0, "a_pm_3": -10.615848353188843, "a_pp_1": -40.0, "a_pp_2": 20.0, "a_pp_3": 20.0}, "datetime": {"datetime": "2024-07-12 22:53:42", "elapsed": 3473.062133, "delta": 10.373646}}
{"target": -3814.6411831890596, "params": {"a_c_1": 0.0, "a_c_2": 0.0, "a_mm_0": 20.0, "a_mm_1": 20.0, "a_mm_2": 20.0, "a_mm_3": 20.0, "a_mp_0": -40.0, "a_mp_1": -40.0, "a_mp_2": 20.0, "a_mp_3": 20.0, "a_pm_0": 20.0, "a_pm_1": -10.519893752757943, "a_pm_2": -4.546492199551917, "a_pm_3": -12.532364846239565, "a_pp_1": 20.0, "a_pp_2": 20.0, "a_pp_3": 20.0}, "datetime": {"datetime": "2024-07-12 22:53:44", "elapsed": 3332.301428, "delta": 10.555189}}
{"target": -368033.22263761295, "params": {"a_c_1": 11.474856653967612, "a_c_2": 0.5107178022242975, "a_mm_0": 10.668843306266162, "a_mm_1": -37.89449893286508, "a_mm_2": -28.76382579698159, "a_mm_3": 12.456235550280034, "a_mp_0": 13.270414710435269, "a_mp_1": -20.37360903596122, "a_mp_2": -34.99919117612377, "a_mp_3": -35.28446638131504, "a_pm_0": -13.77990392352919, "a_pm_1": -2.9866947474857426, "a_pm_2": -32.690221557012634, "a_pm_3": -37.73159168677837, "a_pp_1": -9.568128561402652, "a_pp_2": 11.597336011601236, "a_pp_3": -6.846608511375706}, "datetime": {"datetime": "2024-07-12 22:53:45", "elapsed": 3377.106409, "delta": 8.898719}}
{"target": -31816.14299774661, "params": {"a_c_1": 0.0, "a_c_2": 10.0, "a_mm_0": -40.0, "a_mm_1": -40.0, "a_mm_2": 20.0, "a_mm_3": 20.0, "a_mp_0": 20.0, "a_mp_1": 20.0, "a_mp_2": 20.0, "a_mp_3": -40.0, "a_pm_0": 20.0, "a_pm_1": -40.0, "a_pm_2": 20.0, "a_pm_3": 20.0, "a_pp_1": -40.0, "a_pp_2": 20.0, "a_pp_3": 20.0}, "datetime": {"datetime": "2024-07-12 22:53:45", "elapsed": 3312.893275, "delta": 11.038296}}
{"target": -30053.21399956901, "params": {"a_c_1": 20.0, "a_c_2": 10.0, "a_mm_0": 20.0, "a_mm_1": 20.0, "a_mm_2": -40.0, "a_mm_3": 20.0, "a_mp_0": 20.0, "a_mp_1": -40.0, "a_mp_2": 20.0, "a_mp_3": 20.0, "a_pm_0": 20.0, "a_pm_1": 20.0, "a_pm_2": 20.0, "a_pm_3": 20.0, "a_pp_1": 20.0, "a_pp_2": 20.0, "a_pp_3": -19.38518242421608}, "datetime": {"datetime": "2024-07-12 22:53:52", "elapsed": 3483.574227, "delta": 10.512094}}
{"target": -11392.702385250075, "params": {"a_c_1": 20.0, "a_c_2": 0.0, "a_mm_0": -40.0, "a_mm_1": -40.0, "a_mm_2": 20.0, "a_mm_3": 20.0, "a_mp_0": -40.0, "a_mp_1": 20.0, "a_mp_2": 20.0, "a_mp_3": 20.0, "a_pm_0": 20.0, "a_pm_1": 20.0, "a_pm_2": 20.0, "a_pm_3": 20.0, "a_pp_1": -40.0, "a_pp_2": 20.0, "a_pp_3": 20.0}, "datetime": {"datetime": "2024-07-12 22:53:53", "elapsed": 3341.725662, "delta": 9.424234}}
{"target": -5283.190805513744, "params": {"a_c_1": 0.0, "a_c_2": 10.0, "a_mm_0": -40.0, "a_mm_1": 20.0, "a_mm_2": 7.610814080054209, "a_mm_3": 20.0, "a_mp_0": -40.0, "a_mp_1": 20.0, "a_mp_2": -8.478123615540607, "a_mp_3": -19.859114847049955, "a_pm_0": -11.622320492044343, "a_pm_1": -40.0, "a_pm_2": 1.2645798698925408, "a_pm_3": 20.0, "a_pp_1": -4.786990175740201, "a_pp_2": 20.0, "a_pp_3": 20.0}, "datetime": {"datetime": "2024-07-12 22:53:54", "elapsed": 3363.390639, "delta": 12.911363}}
{"target": -6316.097589184818, "params": {"a_c_1": 20.0, "a_c_2": 10.0, "a_mm_0": 20.0, "a_mm_1": 20.0, "a_mm_2": 20.0, "a_mm_3": 20.0, "a_mp_0": -40.0, "a_mp_1": -40.0, "a_mp_2": 20.0, "a_mp_3": 20.0, "a_pm_0": 20.0, "a_pm_1": -40.0, "a_pm_2": 20.0, "a_pm_3": 20.0, "a_pp_1": 20.0, "a_pp_2": -4.283592703857675, "a_pp_3": 20.0}, "datetime": {"datetime": "2024-07-12 22:53:55", "elapsed": 3386.662481, "delta": 9.556072}}
{"target": -7768.469222416106, "params": {"a_c_1": 0.0, "a_c_2": 10.0, "a_mm_0": -40.0, "a_mm_1": -40.0, "a_mm_2": 20.0, "a_mm_3": 20.0, "a_mp_0": -40.0, "a_mp_1": 7.74744853150288, "a_mp_2": -40.0, "a_mp_3": 11.544776700769527, "a_pm_0": -40.0, "a_pm_1": 20.0, "a_pm_2": 20.0, "a_pm_3": 20.0, "a_pp_1": -8.515848592615693, "a_pp_2": 20.0, "a_pp_3": 20.0}, "datetime": {"datetime": "2024-07-12 22:53:57", "elapsed": 3324.79366, "delta": 11.900385}}
{"target": -7716.4868151869705, "params": {"a_c_1": 0.0, "a_c_2": 10.0, "a_mm_0": -40.0, "a_mm_1": 20.0, "a_mm_2": 20.0, "a_mm_3": 20.0, "a_mp_0": -40.0, "a_mp_1": -33.27824181632914, "a_mp_2": 20.0, "a_mp_3": 20.0, "a_pm_0": -40.0, "a_pm_1": 20.0, "a_pm_2": -4.705505493318499, "a_pm_3": -10.42432305393655, "a_pp_1": 20.0, "a_pp_2": 20.0, "a_pp_3": 20.0}, "datetime": {"datetime": "2024-07-12 22:54:03", "elapsed": 3493.749273, "delta": 10.175046}}
{"target": -107403.28390005126, "params": {"a_c_1": 12.033283985351124, "a_c_2": 1.7838020919436526, "a_mm_0": -20.42290459113819, "a_mm_1": -19.649762630636538, "a_mm_2": 11.719269301276725, "a_mm_3": 13.339597643797362, "a_mp_0": 3.607561164383732, "a_mp_1": -17.663003003962952, "a_mp_2": -1.3798473466647394, "a_mp_3": 19.930914724713787, "a_pm_0": 18.64993549684514, "a_pm_1": 7.2885852379068865, "a_pm_2": -2.302252901945913, "a_pm_3": -37.86937715883501, "a_pp_1": -10.920277828552862, "a_pp_2": -36.13285247114252, "a_pp_3": -1.5977248527453654}, "datetime": {"datetime": "2024-07-12 22:54:03", "elapsed": 3394.963799, "delta": 8.301318}}
{"target": -4327.537637923542, "params": {"a_c_1": 20.0, "a_c_2": 10.0, "a_mm_0": -40.0, "a_mm_1": 20.0, "a_mm_2": 20.0, "a_mm_3": 20.0, "a_mp_0": 20.0, "a_mp_1": 20.0, "a_mp_2": 20.0, "a_mp_3": 20.0, "a_pm_0": 20.0, "a_pm_1": -40.0, "a_pm_2": 20.0, "a_pm_3": 20.0, "a_pp_1": -40.0, "a_pp_2": 20.0, "a_pp_3": 20.0}, "datetime": {"datetime": "2024-07-12 22:54:04", "elapsed": 3352.546126, "delta": 10.820464}}
{"target": -19857.3054234292, "params": {"a_c_1": 0.0, "a_c_2": 10.0, "a_mm_0": 20.0, "a_mm_1": -40.0, "a_mm_2": 20.0, "a_mm_3": -34.8513077711265, "a_mp_0": 20.0, "a_mp_1": 20.0, "a_mp_2": 20.0, "a_mp_3": 20.0, "a_pm_0": -40.0, "a_pm_1": -40.0, "a_pm_2": -35.970496576716414, "a_pm_3": 20.0, "a_pp_1": 20.0, "a_pp_2": 20.0, "a_pp_3": 20.0}, "datetime": {"datetime": "2024-07-12 22:54:05", "elapsed": 3374.961748, "delta": 11.571109}}
{"target": -30180.47757850195, "params": {"a_c_1": 20.0, "a_c_2": 10.0, "a_mm_0": -40.0, "a_mm_1": -40.0, "a_mm_2": 20.0, "a_mm_3": -40.0, "a_mp_0": 20.0, "a_mp_1": 20.0, "a_mp_2": 20.0, "a_mp_3": 20.0, "a_pm_0": 20.0, "a_pm_1": 20.0, "a_pm_2": -40.0, "a_pm_3": 20.0, "a_pp_1": 17.879725398696262, "a_pp_2": 20.0, "a_pp_3": 20.0}, "datetime": {"datetime": "2024-07-12 22:54:09", "elapsed": 3336.66044, "delta": 11.86678}}
{"target": -174818.9198375886, "params": {"a_c_1": 9.741215806495703, "a_c_2": 9.6856218638643, "a_mm_0": 8.04202269471503, "a_mm_1": 10.09271363238269, "a_mm_2": -19.884265142962654, "a_mm_3": -12.96007236514593, "a_mp_0": 5.290634789329843, "a_mp_1": 7.981446049547905, "a_mp_2": 6.000654796757189, "a_mp_3": -29.85958270285313, "a_pm_0": -34.78587391877533, "a_pm_1": -11.040933246438993, "a_pm_2": -34.78283699811655, "a_pm_3": 4.002879381271718, "a_pp_1": 3.841882464471432, "a_pp_2": -23.85369291405151, "a_pp_3": -20.22105180067606}, "datetime": {"datetime": "2024-07-12 22:54:12", "elapsed": 3360.798066, "delta": 8.25194}}
{"target": -24093.92588316759, "params": {"a_c_1": 0.0, "a_c_2": 0.0, "a_mm_0": 20.0, "a_mm_1": 20.0, "a_mm_2": -9.284767442300794, "a_mm_3": 20.0, "a_mp_0": 20.0, "a_mp_1": -40.0, "a_mp_2": -35.97705048909474, "a_mp_3": -17.524958504774578, "a_pm_0": 20.0, "a_pm_1": -40.0, "a_pm_2": 20.0, "a_pm_3": 20.0, "a_pp_1": 20.0, "a_pp_2": 20.0, "a_pp_3": 20.0}, "datetime": {"datetime": "2024-07-12 22:54:14", "elapsed": 3504.900325, "delta": 11.151052}}
{"target": -16096.806142042544, "params": {"a_c_1": 0.0, "a_c_2": 10.0, "a_mm_0": 20.0, "a_mm_1": -11.605371641426935, "a_mm_2": -27.575122942702922, "a_mm_3": -34.862175681160835, "a_mp_0": -24.724693957927354, "a_mp_1": 20.0, "a_mp_2": 20.0, "a_mp_3": 20.0, "a_pm_0": -40.0, "a_pm_1": -40.0, "a_pm_2": -8.842568755436774, "a_pm_3": 20.0, "a_pp_1": 20.0, "a_pp_2": 20.0, "a_pp_3": 20.0}, "datetime": {"datetime": "2024-07-12 22:54:15", "elapsed": 3406.748326, "delta": 11.784527}}
{"target": -5785.825309991645, "params": {"a_c_1": 20.0, "a_c_2": 10.0, "a_mm_0": 20.0, "a_mm_1": 20.0, "a_mm_2": -40.0, "a_mm_3": 20.0, "a_mp_0": 20.0, "a_mp_1": 20.0, "a_mp_2": 20.0, "a_mp_3": 20.0, "a_pm_0": -40.0, "a_pm_1": 20.0, "a_pm_2": 20.0, "a_pm_3": -17.788323037862973, "a_pp_1": -40.0, "a_pp_2": 20.0, "a_pp_3": 20.0}, "datetime": {"datetime": "2024-07-12 22:54:18", "elapsed": 3387.476184, "delta": 12.514436}}
{"target": -289354.86442334636, "params": {"a_c_1": 4.19962304415238, "a_c_2": 9.946964585868074, "a_mm_0": -28.739155345061498, "a_mm_1": -5.332636855652751, "a_mm_2": 16.292675021523287, "a_mm_3": 16.49807177131234, "a_mp_0": 3.738438573620293, "a_mp_1": -15.51435959575456, "a_mp_2": 15.607739457265467, "a_mp_3": 15.93555673223058, "a_pm_0": -4.220451646183655, "a_pm_1": -29.855121018715106, "a_pm_2": -39.0542196090988, "a_pm_3": -22.607187162450288, "a_pp_1": -4.858650877378963, "a_pp_2": -20.322732355091066, "a_pp_3": -22.8911066402079}, "datetime": {"datetime": "2024-07-12 22:54:18", "elapsed": 3345.458409, "delta": 8.797969}}
{"target": -507.9099090159588, "params": {"a_c_1": 20.0, "a_c_2": 0.0, "a_mm_0": 20.0, "a_mm_1": 20.0, "a_mm_2": 20.0, "a_mm_3": 20.0, "a_mp_0": -40.0, "a_mp_1": 20.0, "a_mp_2": 20.0, "a_mp_3": 20.0, "a_pm_0": 20.0, "a_pm_1": 20.0, "a_pm_2": 20.0, "a_pm_3": 20.0, "a_pp_1": 20.0, "a_pp_2": 20.0, "a_pp_3": 20.0}, "datetime": {"datetime": "2024-07-12 22:54:21", "elapsed": 3369.579185, "delta": 8.781119}}
{"target": -178372.04018558993, "params": {"a_c_1": 5.134344910800732, "a_c_2": 1.541222451263936, "a_mm_0": -1.936669258124212, "a_mm_1": -6.000584931684017, "a_mm_2": -16.43444312355927, "a_mm_3": -19.860587333894806, "a_mp_0": -26.986445230626686, "a_mp_1": -13.61143245199094, "a_mp_2": -38.14118877279025, "a_mp_3": -22.896260974496638, "a_pm_0": 13.849318232111322, "a_pm_1": 17.170909075002278, "a_pm_2": 16.25325940801197, "a_pm_3": -11.662198502043292, "a_pp_1": 12.91055672940989, "a_pp_2": -35.75960875338222, "a_pp_3": 18.30773787515954}, "datetime": {"datetime": "2024-07-12 22:54:25", "elapsed": 3417.263152, "delta": 10.514826}}
{"target": -16238.988542783085, "params": {"a_c_1": 0.0, "a_c_2": 10.0, "a_mm_0": 20.0, "a_mm_1": -40.0, "a_mm_2": -37.42428019924426, "a_mm_3": 20.0, "a_mp_0": 20.0, "a_mp_1": 20.0, "a_mp_2": -18.6046792129828, "a_mp_3": 20.0, "a_pm_0": -40.0, "a_pm_1": 20.0, "a_pm_2": 20.0, "a_pm_3": 20.0, "a_pp_1": 20.0, "a_pp_2": 20.0, "a_pp_3": 20.0}, "datetime": {"datetime": "2024-07-12 22:54:26", "elapsed": 3517.325297, "delta": 12.424972}}
{"target": -5921.571039481812, "params": {"a_c_1": 0.0, "a_c_2": 10.0, "a_mm_0": 20.0, "a_mm_1": -21.784396309947414, "a_mm_2": 12.522111269752411, "a_mm_3": 20.0, "a_mp_0": -40.0, "a_mp_1": -6.3822995912957845, "a_mp_2": -5.535366510465831, "a_mp_3": -4.004338359249755, "a_pm_0": 20.0, "a_pm_1": -8.373543411101073, "a_pm_2": 20.0, "a_pm_3": 20.0, "a_pp_1": -40.0, "a_pp_2": 20.0, "a_pp_3": 20.0}, "datetime": {"datetime": "2024-07-12 22:54:27", "elapsed": 3396.951071, "delta": 9.474887}}
