{"target": -156404.10486617425, "params": {"a_c_1": 13.069705243040573, "a_c_2": 8.168642795068761, "a_mm_0": -29.956620155676298, "a_mm_1": 8.558388254897814, "a_mm_2": -2.8362408086774025, "a_mm_3": -19.76537154416753, "a_mp_0": -4.763283722792934, "a_mp_1": -20.63366733564364, "a_mp_2": -3.299791154823936, "a_mp_3": 8.986755708109051, "a_pm_0": -9.244222719917438, "a_pm_1": 7.684672877242527, "a_pm_2": -4.664229294880137, "a_pm_3": -36.66478925828975, "a_pp_1": -12.471712296064378, "a_pp_2": -11.53436863918066, "a_pp_3": -22.770485964167968}, "datetime": {"datetime": "2024-07-12 22:15:59", "elapsed": 1209.909239, "delta": 11.065759}}
{"target": -4297.8383381732965, "params": {"a_c_1": 20.0, "a_c_2": 10.0, "a_mm_0": 20.0, "a_mm_1": -26.046275097582328, "a_mm_2": 20.0, "a_mm_3": 20.0, "a_mp_0": 20.0, "a_mp_1": -5.04831802811151, "a_mp_2": 5.822996816588594, "a_mp_3": -18.902395012909306, "a_pm_0": -19.6519222956178, "a_pm_1": 20.0, "a_pm_2": 10.633435846836583, "a_pm_3": 20.0, "a_pp_1": 15.337636252558486, "a_pp_2": -8.149700780653548, "a_pp_3": 16.647502850874915}, "datetime": {"datetime": "2024-07-12 22:16:01", "elapsed": 1090.923232, "delta": 12.450211}}
{"target": -1357.4102159367253, "params": {"a_c_1": 20.0, "a_c_2": 10.0, "a_mm_0": 20.0, "a_mm_1": -8.542307012788473, "a_mm_2": 20.0, "a_mm_3": 20.0, "a_mp_0": 0.9461345885417879, "a_mp_1": 12.461667026878574, "a_mp_2": 15.481772465001145, "a_mp_3": -9.075568255718443, "a_pm_0": -40.0, "a_pm_1": -8.927603746437825, "a_pm_2": -16.881579183071032, "a_pm_3": 20.0, "a_pp_1": -11.734174862148231, "a_pp_2": 20.0, "a_pp_3": 20.0}, "datetime": {"datetime": "2024-07-12 22:16:05", "elapsed": 1073.954663, "delta": 11.911567}}
{"target": -3689.694728100623, "params": {"a_c_1": 20.0, "a_c_2": 10.0, "a_mm_0": 20.0, "a_mm_1": -40.0, "a_mm_2": -9.54668204180134, "a_mm_3": -3.948566448792661, "a_mp_0": 13.522748065086681, "a_mp_1": 20.0, "a_mp_2": 20.0, "a_mp_3": 20.0, "a_pm_0": -40.0, "a_pm_1": -40.0, "a_pm_2": -8.02877822735681, "a_pm_3": 11.315274779582468, "a_pp_1": 20.0, "a_pp_2": 20.0, "a_pp_3": 8.098315431954148}, "datetime": {"datetime": "2024-07-12 22:16:06", "elapsed": 1053.108648, "delta": 11.295102}}
{"target": -67042.38358692445, "params": {"a_c_1": 7.969766955327426, "a_c_2": 8.508966580330505, "a_mm_0": -8.967280849728741, "a_mm_1": -15.44684889833579, "a_mm_2": -8.367369763514613, "a_mm_3": -0.9999885018761034, "a_mp_0": -16.030624455848972, "a_mp_1": -34.828934078602686, "a_mp_2": -24.899922336116887, "a_mp_3": 15.549978444144287, "a_pm_0": -37.78058996112502, "a_pm_1": -2.6878867671653666, "a_pm_2": 17.738659711388244, "a_pm_3": 19.997866959277907, "a_pp_1": -12.634063550406026, "a_pp_2": -2.78611583062078, "a_pp_3": -29.85164731811433}, "datetime": {"datetime": "2024-07-12 22:16:08", "elapsed": 1219.403171, "delta": 9.493932}}
{"target": -67732.11015941818, "params": {"a_c_1": 5.878353578116348, "a_c_2": 0.05452732009785244, "a_mm_0": 14.979432562088405, "a_mm_1": 2.945553657396637, "a_mm_2": 8.725014970163748, "a_mm_3": 13.140339629459689, "a_mp_0": -20.207524041967815, "a_mp_1": -37.79503118823976, "a_mp_2": 11.081674917787701, "a_mp_3": 6.947921053677753, "a_pm_0": -21.889897222871383, "a_pm_1": 19.490479399577374, "a_pm_2": 11.806196764133304, "a_pm_3": -31.92213867768101, "a_pp_1": 11.108162956466813, "a_pp_2": -31.38967542187053, "a_pp_3": 1.9603877334752795}, "datetime": {"datetime": "2024-07-12 22:16:09", "elapsed": 1121.022711, "delta": 10.716186}}
{"target": -155604.1703357895, "params": {"a_c_1": 2.924198369959794, "a_c_2": 5.110032273298891, "a_mm_0": 14.712197461579748, "a_mm_1": 13.231421451264751, "a_mm_2": -27.95073426284025, "a_mm_3": 19.056003045450083, "a_mp_0": -16.024242560300323, "a_mp_1": -2.856954856464583, "a_mp_2": -30.826734568536736, "a_mp_3": -10.86932051008645, "a_pm_0": -39.2184932369097, "a_pm_1": 9.34330864325873, "a_pm_2": -14.341507645715065, "a_pm_3": 7.7009308338876465, "a_pp_1": -33.47907337838945, "a_pp_2": -7.880091409525491, "a_pp_3": -3.153728965408156}, "datetime": {"datetime": "2024-07-12 22:16:12", "elapsed": 1101.782921, "delta": 10.859689}}
{"target": -40840.79696243585, "params": {"a_c_1": 13.863109175456778, "a_c_2": 8.745895841495308, "a_mm_0": -21.692387718062875, "a_mm_1": 2.1416891425983167, "a_mm_2": -12.027398073705683, "a_mm_3": -3.4809468602823728, "a_mp_0": 2.78944390223662, "a_mp_1": -15.723172231006618, "a_mp_2": -30.04512541986733, "a_mp_3": 8.43084208417654, "a_pm_0": -21.97506899100961, "a_pm_1": -3.9782870771278454, "a_pm_2": 9.679172157277428, "a_pm_3": 15.787485772530623, "a_pp_1": -25.561675774551976, "a_pp_2": -10.483607995080249, "a_pp_3": 9.52504415297895}, "datetime": {"datetime": "2024-07-12 22:16:16", "elapsed": 1063.065334, "delta": 9.956686}}
{"target": -13321.763660829252, "params": {"a_c_1": 20.0, "a_c_2": 10.0, "a_mm_0": -40.0, "a_mm_1": -32.82052130012456, "a_mm_2": -8.122940659723339, "a_mm_3": 20.0, "a_mp_0": -13.406534657366572, "a_mp_1": 20.0, "a_mp_2": 20.0, "a_mp_3": -14.575709096228657, "a_pm_0": 20.0, "a_pm_1": -9.199063883835597, "a_pm_2": 7.8903878362217466, "a_pm_3": -12.46371349309941, "a_pp_1": -9.973903140405469, "a_pp_2": 20.0, "a_pp_3": 20.0}, "datetime": {"datetime": "2024-07-12 22:16:16", "elapsed": 1084.59511, "delta": 10.640447}}
{"target": -19106.369494860322, "params": {"a_c_1": 0.0, "a_c_2": 10.0, "a_mm_0": 20.0, "a_mm_1": -23.560663492719748, "a_mm_2": 20.0, "a_mm_3": -25.47826705941615, "a_mp_0": -40.0, "a_mp_1": 11.120938896863457, "a_mp_2": 20.0, "a_mp_3": 20.0, "a_pm_0": 20.0, "a_pm_1": 20.0, "a_pm_2": -40.0, "a_pm_3": 20.0, "a_pp_1": 16.73419955308924, "a_pp_2": 20.0, "a_pp_3": 20.0}, "datetime": {"datetime": "2024-07-12 22:16:21", "elapsed": 1231.942863, "delta": 12.539692}}
{"target": -24194.401337752468, "params": {"a_c_1": 20.0, "a_c_2": 10.0, "a_mm_0": 20.0, "a_mm_1": 20.0, "a_mm_2": 20.0, "a_mm_3": 20.0, "a_mp_0": 20.0, "a_mp_1": -40.0, "a_mp_2": -18.176986482389342, "a_mp_3": 20.0, "a_pm_0": 20.0, "a_pm_1": 20.0, "a_pm_2": 20.0, "a_pm_3": -40.0, "a_pp_1": -40.0, "a_pp_2": 7.375671176362304, "a_pp_3": 20.0}, "datetime": {"datetime": "2024-07-12 22:16:21", "elapsed": 1133.004714, "delta": 11.982003}}
{"target": -54487.89606788288, "params": {"a_c_1": 0.6997416464770057, "a_c_2": 2.4166605642192787, "a_mm_0": 12.286240387761275, "a_mm_1": -10.358551916728082, "a_mm_2": -2.105303010264066, "a_mm_3": 0.2903083570157392, "a_mp_0": -27.742537191822063, "a_mp_1": -29.743859249858136, "a_mp_2": 10.368107032525039, "a_mp_3": -12.301352839595069, "a_pm_0": -21.86475681618426, "a_pm_1": 9.483529876498416, "a_pm_2": -21.429227210172677, "a_pm_3": 7.75317799343982, "a_pp_1": -35.71705647891457, "a_pp_2": 8.22494353067075, "a_pp_3": -1.9577285910607287}, "datetime": {"datetime": "2024-07-12 22:16:21", "elapsed": 1111.035675, "delta": 9.252754}}
{"target": -336331.7684160945, "params": {"a_c_1": 3.6989290664836783, "a_c_2": 4.6479047791776935, "a_mm_0": -34.17915266794318, "a_mm_1": -28.88034925093116, "a_mm_2": -21.037387017282306, "a_mm_3": -36.717112245145444, "a_mp_0": -36.99216599220134, "a_mp_1": -6.941464658104458, "a_mp_2": -27.606232481637406, "a_mp_3": -6.3082694528638825, "a_pm_0": -35.50483827686306, "a_pm_1": -17.735106436369314, "a_pm_2": -31.325660619163315, "a_pm_3": 7.1580404188611695, "a_pp_1": -19.891320327681584, "a_pp_2": 6.928018039957095, "a_pp_3": -2.7957630127090596}, "datetime": {"datetime": "2024-07-12 22:16:27", "elapsed": 1095.537472, "delta": 10.942362}}
{"target": -22329.46299121549, "params": {"a_c_1": 20.0, "a_c_2": 10.0, "a_mm_0": 20.0, "a_mm_1": -19.59590745201866, "a_mm_2": 20.0, "a_mm_3": 20.0, "a_mp_0": -40.0, "a_mp_1": -25.385702215422462, "a_mp_2": 20.0, "a_mp_3": 20.0, "a_pm_0": 10.107784433729789, "a_pm_1": 20.0, "a_pm_2": -37.76129106552595, "a_pm_3": 0.9945444225831606, "a_pp_1": 20.0, "a_pp_2": 20.0, "a_pp_3": -0.534892952124733}, "datetime": {"datetime": "2024-07-12 22:16:28", "elapsed": 1075.454755, "delta": 12.389421}}
{"target": -148048.55406083664, "params": {"a_c_1": 4.4384806594175785, "a_c_2": 1.2187921925523826, "a_mm_0": -27.887839959196246, "a_mm_1": -0.5778852520667854, "a_mm_2": -20.23433757049325, "a_mm_3": -4.48197476353716, "a_mp_0": -2.2569971150446477, "a_mp_1": 4.837838439496878, "a_mp_2": 19.7681637450319, "a_mp_3": -30.95782951125859, "a_pm_0": -14.573172134622187, "a_pm_1": -4.744113833761077, "a_pm_2": -21.41688470540924, "a_pm_3": -3.2601479166378766, "a_pp_1": 14.009825471833324, "a_pp_2": -9.859634311999155, "a_pp_3": -26.44751150906007}, "datetime": {"datetime": "2024-07-12 22:16:29", "elapsed": 1141.069301, "delta": 8.064587}}
{"target": -133070.71797940423, "params": {"a_c_1": 11.422931649074783, "a_c_2": 9.505486605197255, "a_mm_0": -23.246950713034643, "a_mm_1": -32.48346945712019, "a_mm_2": 6.517951951571732, "a_mm_3": -14.015082427781977, "a_mp_0": -15.715780874270344, "a_mp_1": -23.637855395245214, "a_mp_2": -6.220056265072955, "a_mp_3": 4.505193529275459, "a_pm_0": 3.469064227283397, "a_pm_1": -39.013428168498514, "a_pm_2": -25.379070267963133, "a_pm_3": 13.807694413354632, "a_pp_1": -12.3249407728587, "a_pp_2": -1.0165163351591247, "a_pp_3": -3.979826783903384}, "datetime": {"datetime": "2024-07-12 22:16:31", "elapsed": 1120.340002, "delta": 9.304327}}
{"target": -268491.26903803577, "params": {"a_c_1": 12.726332965163198, "a_c_2": 7.027251163228081, "a_mm_0": -32.09449089556894, "a_mm_1": -12.239052741798847, "a_mm_2": -4.9527064347112315, "a_mm_3": -36.25084992662341, "a_mp_0": -36.73831268530913, "a_mp_1": -39.93928270388689, "a_mp_2": 10.783735711696707, "a_mp_3": -13.743739272496839, "a_pm_0": -12.038172297941642, "a_pm_1": -32.719842727200216, "a_pm_2": -26.463623284060702, "a_pm_3": 0.5742325003060884, "a_pp_1": 6.598288523731789, "a_pp_2": -8.775603069978942, "a_pp_3": -33.49722232489668}, "datetime": {"datetime": "2024-07-12 22:16:32", "elapsed": 1242.739864, "delta": 10.797001}}
{"target": -141629.9485624267, "params": {"a_c_1": 12.032431134362493, "a_c_2": 8.87795938533568, "a_mm_0": -24.333054906669815, "a_mm_1": 3.185575257861487, "a_mm_2": 4.2974928607427785, "a_mm_3": -10.02102889568065, "a_mp_0": -11.984465829314729, "a_mp_1": 10.713475510463077, "a_mp_2": 7.004578530023053, "a_mp_3": -6.974932922954338, "a_pm_0": 17.434410852810046, "a_pm_1": -28.116475052464537, "a_pm_2": -18.437459419591026, "a_pm_3": 1.9091465639585081, "a_pp_1": -31.65336696585287, "a_pp_2": -29.308903426545506, "a_pp_3": 0.30048058702681146}, "datetime": {"datetime": "2024-07-12 22:16:36", "elapsed": 1104.382224, "delta": 8.844752}}
{"target": -6294.977935105037, "params": {"a_c_1": 20.0, "a_c_2": 10.0, "a_mm_0": 20.0, "a_mm_1": 20.0, "a_mm_2": 14.455169268654695, "a_mm_3": 20.0, "a_mp_0": 20.0, "a_mp_1": -40.0, "a_mp_2": 20.0, "a_mp_3": -12.352225059668598, "a_pm_0": 20.0, "a_pm_1": -40.0, "a_pm_2": 20.0, "a_pm_3": 20.0, "a_pp_1": -40.0, "a_pp_2": 20.0, "a_pp_3": 20.0}, "datetime": {"datetime": "2024-07-12 22:16:40", "elapsed": 1152.306282, "delta": 11.236981}}
{"target": -49007.7246288577, "params": {"a_c_1": 0.0, "a_c_2": 10.0, "a_mm_0": -9.602596273048425, "a_mm_1": 9.695230186909479, "a_mm_2": 20.0, "a_mm_3": 20.0, "a_mp_0": -9.884383792690395, "a_mp_1": -40.0, "a_mp_2": -9.458631266950729, "a_mp_3": 20.0, "a_pm_0": -20.88232435649815, "a_pm_1": 20.0, "a_pm_2": 20.0, "a_pm_3": 17.283272795870833, "a_pp_1": -39.77896536234364, "a_pp_2": 20.0, "a_pp_3": -30.867981771630657}, "datetime": {"datetime": "2024-07-12 22:16:41", "elapsed": 1130.806264, "delta": 10.466262}}
{"target": -17559.702376229394, "params": {"a_c_1": 20.0, "a_c_2": 10.0, "a_mm_0": -40.0, "a_mm_1": -40.0, "a_mm_2": 13.666337363576455, "a_mm_3": 20.0, "a_mp_0": -40.0, "a_mp_1": -9.21179840191415, "a_mp_2": 20.0, "a_mp_3": 19.193381518106865, "a_pm_0": -40.0, "a_pm_1": 20.0, "a_pm_2": -20.482277433205372, "a_pm_3": -22.32922363193301, "a_pp_1": 20.0, "a_pp_2": 20.0, "a_pp_3": 20.0}, "datetime": {"datetime": "2024-07-12 22:16:41", "elapsed": 1088.745364, "delta": 13.290609}}
{"target": -8371.500269824648, "params": {"a_c_1": 0.0, "a_c_2": 10.0, "a_mm_0": 7.80238254953709, "a_mm_1": -14.65796069078507, "a_mm_2": 20.0, "a_mm_3": -4.565751093399364, "a_mp_0": -40.0, "a_mp_1": -19.452948772889542, "a_mp_2": 20.0, "a_mp_3": 20.0, "a_pm_0": -40.0, "a_pm_1": -38.1468019819051, "a_pm_2": -19.94451564643357, "a_pm_3": 20.0, "a_pp_1": 20.0, "a_pp_2": 11.544844822129972, "a_pp_3": 10.060071140692653}, "datetime": {"datetime": "2024-07-12 22:16:45", "elapsed": 1255.622904, "delta": 12.88304}}
{"target": -4110.309128265131, "params": {"a_c_1": 0.0, "a_c_2": 10.0, "a_mm_0": 20.0, "a_mm_1": 20.0, "a_mm_2": -30.4330632529869, "a_mm_3": 20.0, "a_mp_0": -40.0, "a_mp_1": 20.0, "a_mp_2": 20.0, "a_mp_3": 20.0, "a_pm_0": 20.0, "a_pm_1": -40.0, "a_pm_2": 19.34854034866547, "a_pm_3": -2.4683532571898215, "a_pp_1": 20.0, "a_pp_2": 6.551585918963062, "a_pp_3": 20.0}, "datetime": {"datetime": "2024-07-12 22:16:47", "elapsed": 1115.31982, "delta": 10.937596}}
{"target": -32757.446114023787, "params": {"a_c_1": 20.0, "a_c_2": 10.0, "a_mm_0": -40.0, "a_mm_1": 3.458678110163769, "a_mm_2": -2.862568794342425, "a_mm_3": 20.0, "a_mp_0": 20.0, "a_mp_1": -40.0, "a_mp_2": 20.0, "a_mp_3": 20.0, "a_pm_0": 20.0, "a_pm_1": -40.0, "a_pm_2": 20.0, "a_pm_3": 20.0, "a_pp_1": 20.0, "a_pp_2": -3.2068219957514184, "a_pp_3": 20.0}, "datetime": {"datetime": "2024-07-12 22:16:51", "elapsed": 1162.722816, "delta": 10.416534}}
{"target": -9921.366916559657, "params": {"a_c_1": 0.0, "a_c_2": 10.0, "a_mm_0": -40.0, "a_mm_1": 20.0, "a_mm_2": 20.0, "a_mm_3": 20.0, "a_mp_0": 20.0, "a_mp_1": 3.044500950855894, "a_mp_2": -4.814162453335369, "a_mp_3": -2.8803371276232577, "a_pm_0": -29.317099686584868, "a_pm_1": 20.0, "a_pm_2": -40.0, "a_pm_3": 1.0848596450352193, "a_pp_1": 6.970087385989679, "a_pp_2": 20.0, "a_pp_3": 20.0}, "datetime": {"datetime": "2024-07-12 22:16:52", "elapsed": 1141.915534, "delta": 11.10927}}
{"target": -305200.7830980821, "params": {"a_c_1": 6.935903698401371, "a_c_2": 8.939746217502512, "a_mm_0": -7.421766612843982, "a_mm_1": -29.175314413553146, "a_mm_2": -9.407106319061661, "a_mm_3": 12.826177070269921, "a_mp_0": 18.751565007188724, "a_mp_1": -29.360560046315403, "a_mp_2": 8.945974545729996, "a_mp_3": -0.18130223784945088, "a_pm_0": -21.099054934991447, "a_pm_1": 10.769618379104678, "a_pm_2": -38.47317580249379, "a_pm_3": -31.354157293804693, "a_pp_1": -8.095908752223089, "a_pp_2": -35.583010344054514, "a_pp_3": -3.4625351203920047}, "datetime": {"datetime": "2024-07-12 22:16:52", "elapsed": 1099.831728, "delta": 11.086364}}
{"target": -15853.681973835892, "params": {"a_c_1": 0.0, "a_c_2": 10.0, "a_mm_0": -18.775398829008125, "a_mm_1": 20.0, "a_mm_2": 20.0, "a_mm_3": 1.2751174125274798, "a_mp_0": 20.0, "a_mp_1": -40.0, "a_mp_2": -14.194744580143642, "a_mp_3": 19.14064507957107, "a_pm_0": -23.573818466066246, "a_pm_1": -40.0, "a_pm_2": 20.0, "a_pm_3": 20.0, "a_pp_1": 20.0, "a_pp_2": 1.5566644901717213, "a_pp_3": 20.0}, "datetime": {"datetime": "2024-07-12 22:16:56", "elapsed": 1266.624414, "delta": 11.00151}}
{"target": -97391.67479963554, "params": {"a_c_1": 13.742096201229026, "a_c_2": 9.859014874965084, "a_mm_0": -37.06259373403677, "a_mm_1": 7.559064047150493, "a_mm_2": -6.257402895371328, "a_mm_3": -1.1707601310609448, "a_mp_0": -19.11591262116229, "a_mp_1": 1.3088110108640976, "a_mp_2": -30.244726840223837, "a_mp_3": 0.7128416058670268, "a_pm_0": 0.7081784023437194, "a_pm_1": 19.419812875301062, "a_pm_2": -13.82421962998723, "a_pm_3": -20.734546552643707, "a_pp_1": -21.577566697928432, "a_pp_2": -7.083253173663806, "a_pp_3": 4.562014686291647}, "datetime": {"datetime": "2024-07-12 22:16:56", "elapsed": 1124.564632, "delta": 9.244812}}
{"target": -30046.17423164295, "params": {"a_c_1": 20.0, "a_c_2": 10.0, "a_mm_0": -40.0, "a_mm_1": -40.0, "a_mm_2": 20.0, "a_mm_3": 20.0, "a_mp_0": -40.0, "a_mp_1": -40.0, "a_mp_2": 20.0, "a_mp_3": 20.0, "a_pm_0": 20.0, "a_pm_1": 20.0, "a_pm_2": 3.2399876083056696, "a_pm_3": -40.0, "a_pp_1": 20.0, "a_pp_2": 20.0, "a_pp_3": 20.0}, "datetime": {"datetime": "2024-07-12 22:17:02", "elapsed": 1173.991385, "delta": 11.268569}}
{"target": -15267.96916489535, "params": {"a_c_1": 20.0, "a_c_2": 10.0, "a_mm_0": 20.0, "a_mm_1": -40.0, "a_mm_2": 20.0, "a_mm_3": 6.92773768415508, "a_mp_0": -40.0, "a_mp_1": -7.5448894319364825, "a_mp_2": 20.0, "a_mp_3": -1.0160227842529335, "a_pm_0": -40.0, "a_pm_1": 16.22748294811812, "a_pm_2": -25.128704865898715, "a_pm_3": 20.0, "a_pp_1": 20.0, "a_pp_2": 20.0, "a_pp_3": 20.0}, "datetime": {"datetime": "2024-07-12 22:17:05", "elapsed": 1154.476985, "delta": 12.561451}}
{"target": -4836.257491297177, "params": {"a_c_1": 20.0, "a_c_2": 10.0, "a_mm_0": -40.0, "a_mm_1": -31.397098781309, "a_mm_2": 20.0, "a_mm_3": -17.343250854062315, "a_mp_0": -40.0, "a_mp_1": -40.0, "a_mp_2": 20.0, "a_mp_3": 18.51201710867927, "a_pm_0": 20.0, "a_pm_1": 20.0, "a_pm_2": 11.829171563281609, "a_pm_3": 20.0, "a_pp_1": -5.249667638099229, "a_pp_2": 20.0, "a_pp_3": 20.0}, "datetime": {"datetime": "2024-07-12 22:17:06", "elapsed": 1113.217895, "delta": 13.386167}}
{"target": -158287.6579285973, "params": {"a_c_1": 17.435709480066464, "a_c_2": 0.497178163438764, "a_mm_0": -20.1708625210436, "a_mm_1": -39.132332113618546, "a_mm_2": 10.783878648769203, "a_mm_3": -2.91160798677533, "a_mp_0": -35.03595085179905, "a_mp_1": -17.96532287880433, "a_mp_2": -27.979020321194064, "a_mp_3": 6.823856661726069, "a_pm_0": 2.8505132449267094, "a_pm_1": 9.829226613189924, "a_pm_2": 12.141011343337155, "a_pm_3": -29.076675322135742, "a_pp_1": -21.166187700548786, "a_pp_2": -12.91909530455274, "a_pp_3": -18.612557099259487}, "datetime": {"datetime": "2024-07-12 22:17:06", "elapsed": 1134.635325, "delta": 10.070693}}
{"target": -75302.50890768705, "params": {"a_c_1": 5.78634585346683, "a_c_2": 4.32614961186159, "a_mm_0": 11.407229642628288, "a_mm_1": -31.89047822893187, "a_mm_2": 17.347184879114707, "a_mm_3": -9.577135106024983, "a_mp_0": -20.806682848022895, "a_mp_1": 15.648611279634835, "a_mp_2": -11.001026558773098, "a_mp_3": -32.777013355054905, "a_pm_0": -16.915536451310793, "a_pm_1": 2.3988854788408602, "a_pm_2": -27.888213963971744, "a_pm_3": -19.105380782768847, "a_pp_1": 16.803477171147044, "a_pp_2": 9.496772387814772, "a_pp_3": 11.503537153186365}, "datetime": {"datetime": "2024-07-12 22:17:08", "elapsed": 1279.158229, "delta": 12.533815}}
{"target": -11289.796219173371, "params": {"a_c_1": 20.0, "a_c_2": 10.0, "a_mm_0": 9.309568437479053, "a_mm_1": 20.0, "a_mm_2": 20.0, "a_mm_3": -14.287565541631253, "a_mp_0": 20.0, "a_mp_1": -40.0, "a_mp_2": 20.0, "a_mp_3": 20.0, "a_pm_0": -40.0, "a_pm_1": -21.89506376498153, "a_pm_2": 20.0, "a_pm_3": 20.0, "a_pp_1": -40.0, "a_pp_2": -8.337391884280615, "a_pp_3": 20.0}, "datetime": {"datetime": "2024-07-12 22:17:14", "elapsed": 1185.848384, "delta": 11.856999}}
{"target": -190685.73049687152, "params": {"a_c_1": 9.296670355918364, "a_c_2": 8.803545427825325, "a_mm_0": -26.00566829474304, "a_mm_1": 11.500696662761328, "a_mm_2": -4.860361130742454, "a_mm_3": -22.26039198891263, "a_mp_0": -21.272358201536072, "a_mp_1": -22.332840589848487, "a_mp_2": 0.8856759182996683, "a_mp_3": -25.78768088426946, "a_pm_0": 14.739817343002748, "a_pm_1": -3.9125019878730427, "a_pm_2": -2.15511039540052, "a_pm_3": -29.39733604191493, "a_pp_1": -32.77233298513431, "a_pp_2": -12.64985046038393, "a_pp_3": -2.898390985352769}, "datetime": {"datetime": "2024-07-12 22:17:15", "elapsed": 1122.50468, "delta": 9.286785}}
{"target": -8620.394686144544, "params": {"a_c_1": 20.0, "a_c_2": 10.0, "a_mm_0": 20.0, "a_mm_1": 20.0, "a_mm_2": 20.0, "a_mm_3": 20.0, "a_mp_0": -40.0, "a_mp_1": -10.238922334544004, "a_mp_2": 11.44455834557365, "a_mp_3": 10.054556106648539, "a_pm_0": -37.659526520447, "a_pm_1": -9.44856876415107, "a_pm_2": 20.0, "a_pm_3": 20.0, "a_pp_1": 20.0, "a_pp_2": -25.477632891381315, "a_pp_3": 20.0}, "datetime": {"datetime": "2024-07-12 22:17:16", "elapsed": 1144.64669, "delta": 10.011365}}
{"target": -8556.859112879629, "params": {"a_c_1": 0.0, "a_c_2": 10.0, "a_mm_0": 20.0, "a_mm_1": 5.366287855308442, "a_mm_2": 20.0, "a_mm_3": -23.786937692204674, "a_mp_0": 20.0, "a_mp_1": -4.058819844710784, "a_mp_2": 0.3281619129832305, "a_mp_3": 20.0, "a_pm_0": -26.732944521622432, "a_pm_1": 20.0, "a_pm_2": -28.967111723624487, "a_pm_3": 20.0, "a_pp_1": -4.322383914138562, "a_pp_2": 20.0, "a_pp_3": 20.0}, "datetime": {"datetime": "2024-07-12 22:17:19", "elapsed": 1168.527342, "delta": 14.050357}}
{"target": -82728.74292678779, "params": {"a_c_1": 0.0, "a_c_2": 10.0, "a_mm_0": 20.0, "a_mm_1": 20.0, "a_mm_2": 20.0, "a_mm_3": -21.547828072677753, "a_mp_0": -40.0, "a_mp_1": -40.0, "a_mp_2": 20.0, "a_mp_3": 20.0, "a_pm_0": -40.0, "a_pm_1": 20.0, "a_pm_2": 2.1134233969722587, "a_pm_3": 20.0, "a_pp_1": 20.0, "a_pp_2": 20.0, "a_pp_3": -25.264409262523415}, "datetime": {"datetime": "2024-07-12 22:17:19", "elapsed": 1290.547799, "delta": 11.38957}}
{"target": -324965.141839095, "params": {"a_c_1": 7.466973713353273, "a_c_2": 9.259272215311, "a_mm_0": -6.044421730438934, "a_mm_1": -31.423319995953094, "a_mm_2": -13.573421217461764, "a_mm_3": -4.684936541475004, "a_mp_0": 1.689429865687977, "a_mp_1": -15.613408291788325, "a_mp_2": -39.066040476165526, "a_mp_3": -28.06442825707929, "a_pm_0": -4.183580608054676, "a_pm_1": 4.464518068088452, "a_pm_2": -30.169849872139913, "a_pm_3": -0.30134518045207415, "a_pp_1": -30.270300817291265, "a_pp_2": -22.523100527923393, "a_pp_3": 9.035105384889945}, "datetime": {"datetime": "2024-07-12 22:17:24", "elapsed": 1131.361745, "delta": 8.857065}}
