{"target": -246573.94324701125, "params": {"a_c_1": 11.508949152047862, "a_c_2": 7.893695714925682, "a_mm_0": 16.553923951915074, "a_mm_1": -39.61205947856916, "a_mm_2": 2.3576236394143706, "a_mm_3": -11.052513179935577, "a_mp_0": 9.962215137568755, "a_mp_1": -4.684731663022234, "a_mp_2": -15.718620850016027, "a_mp_3": -7.460692658036464, "a_pm_0": -12.687609304316517, "a_pm_1": -36.4241623239101, "a_pm_2": -15.176499339026762, "a_pm_3": -9.222252909624043, "a_pp_1": -7.368564224835538, "a_pp_2": -22.963469307361716, "a_pp_3": -27.275940254120393}, "datetime": {"datetime": "2024-07-12 23:04:07", "elapsed": 3998.739941, "delta": 8.719477}}
{"target": -455431.2680616651, "params": {"a_c_1": 18.626934847674747, "a_c_2": 6.935090035780815, "a_mm_0": -27.780604891676454, "a_mm_1": -35.48835467244728, "a_mm_2": -30.32443262736975, "a_mm_3": 1.2916356864540148, "a_mp_0": -37.06571400513917, "a_mp_1": -33.682855390260116, "a_mp_2": -18.212730837793345, "a_mp_3": -15.984384668498382, "a_pm_0": -11.955268523547701, "a_pm_1": -16.67649963255041, "a_pm_2": -24.0492330084615, "a_pm_3": -7.6117248523021175, "a_pp_1": -19.198778369166615, "a_pp_2": -14.327516639911376, "a_pp_3": -13.416036225871231}, "datetime": {"datetime": "2024-07-12 23:04:12", "elapsed": 3981.862173, "delta": 8.160449}}
{"target": -31183.907134027533, "params": {"a_c_1": 4.509117474711266, "a_c_2": 1.5214532236827405, "a_mm_0": -6.5320572913122135, "a_mm_1": 8.47361888140918, "a_mm_2": 6.712597474898246, "a_mm_3": 6.019535484556101, "a_mp_0": 14.42117270134571, "a_mp_1": -35.471262645156905, "a_mp_2": -27.02091702900628, "a_mp_3": -12.598536510461479, "a_pm_0": -9.695523969361734, "a_pm_1": -20.175928559216363, "a_pm_2": 8.23616659225987, "a_pm_3": 18.0195688704123, "a_pp_1": -7.911524221615672, "a_pp_2": 11.7008186125735, "a_pp_3": -2.291439625965893}, "datetime": {"datetime": "2024-07-12 23:04:12", "elapsed": 3960.951694, "delta": 12.181899}}
{"target": -4557.362725782639, "params": {"a_c_1": 20.0, "a_c_2": 10.0, "a_mm_0": 20.0, "a_mm_1": -40.0, "a_mm_2": 20.0, "a_mm_3": 20.0, "a_mp_0": 20.0, "a_mp_1": 20.0, "a_mp_2": 20.0, "a_mp_3": -14.425273146026443, "a_pm_0": 20.0, "a_pm_1": 20.0, "a_pm_2": 20.0, "a_pm_3": 20.0, "a_pp_1": -40.0, "a_pp_2": 20.0, "a_pp_3": 20.0}, "datetime": {"datetime": "2024-07-12 23:04:15", "elapsed": 3942.278092, "delta": 14.991216}}
{"target": -5815.6081670751755, "params": {"a_c_1": 0.0, "a_c_2": 10.0, "a_mm_0": -40.0, "a_mm_1": 20.0, "a_mm_2": 20.0, "a_mm_3": 3.9115975138539865, "a_mp_0": -40.0, "a_mp_1": 20.0, "a_mp_2": 20.0, "a_mp_3": 20.0, "a_pm_0": -40.0, "a_pm_1": 20.0, "a_pm_2": 20.0, "a_pm_3": -21.18831042992799, "a_pp_1": 20.0, "a_pp_2": -17.03995301460687, "a_pp_3": 20.0}, "datetime": {"datetime": "2024-07-12 23:04:17", "elapsed": 4108.168284, "delta": 11.354529}}
{"target": -94178.52533465599, "params": {"a_c_1": 5.050845256395853, "a_c_2": 4.95498751442884, "a_mm_0": 12.425789091077327, "a_mm_1": -2.757622802334616, "a_mm_2": 4.146921142764732, "a_mm_3": -27.98390356042496, "a_mp_0": -39.31778571942035, "a_mp_1": 14.771332217899491, "a_mp_2": -26.378639137459267, "a_mp_3": -30.63955962733371, "a_pm_0": -14.759920520652653, "a_pm_1": -0.18416849601399576, "a_pm_2": 5.151771396533597, "a_pm_3": 16.01534666995677, "a_pp_1": 7.03679344695859, "a_pp_2": -26.01059340976213, "a_pp_3": 17.610906069275245}, "datetime": {"datetime": "2024-07-12 23:04:17", "elapsed": 4009.584156, "delta": 10.844215}}
{"target": -148524.62021691646, "params": {"a_c_1": 13.124848037150155, "a_c_2": 8.666532632998404, "a_mm_0": -0.1306885438364631, "a_mm_1": -2.154520691952996, "a_mm_2": 15.882289280655733, "a_mm_3": -30.434796264903376, "a_mp_0": -37.132959224650484, "a_mp_1": -18.919186014715606, "a_mp_2": 15.83542750674495, "a_mp_3": -21.9674731723831, "a_pm_0": -23.05315020383228, "a_pm_1": 13.338429772807807, "a_pm_2": 12.89586870797281, "a_pm_3": -33.65104033431169, "a_pp_1": 14.446475678105372, "a_pp_2": 13.523618358775721, "a_pp_3": 18.866811121516264}, "datetime": {"datetime": "2024-07-12 23:04:20", "elapsed": 3989.943926, "delta": 8.081753}}
{"target": -164045.90083144762, "params": {"a_c_1": 0.9622841767933354, "a_c_2": 8.16431192683921, "a_mm_0": -36.678442331309995, "a_mm_1": 12.360858403586626, "a_mm_2": 1.8487058105230574, "a_mm_3": -18.221376536207533, "a_mp_0": 12.153939892163052, "a_mp_1": -9.241486761093082, "a_mp_2": 14.61358753068734, "a_mp_3": 1.4095572819050446, "a_pm_0": -18.549628847986682, "a_pm_1": -13.384807351642362, "a_pm_2": -23.211060866645752, "a_pm_3": -35.23770724919092, "a_pp_1": -10.650312939464591, "a_pp_2": -23.021292959082345, "a_pp_3": 2.1645267147194716}, "datetime": {"datetime": "2024-07-12 23:04:21", "elapsed": 3969.461615, "delta": 8.509921}}
{"target": -189472.9269719749, "params": {"a_c_1": 10.467723815808325, "a_c_2": 6.148351416194008, "a_mm_0": 2.688150298149509, "a_mm_1": -31.866309685634334, "a_mm_2": 2.4745809934947687, "a_mm_3": -31.806257387205584, "a_mp_0": 6.176460483383991, "a_mp_1": -33.043245496996775, "a_mp_2": 2.2332932013404374, "a_mp_3": -18.49311101876873, "a_pm_0": -25.372439131114888, "a_pm_1": 6.308435454388054, "a_pm_2": -13.873650104091034, "a_pm_3": 19.467157117897358, "a_pp_1": -2.7785497095238583, "a_pp_2": -13.508664847442827, "a_pp_3": 1.6440966869196814}, "datetime": {"datetime": "2024-07-12 23:04:26", "elapsed": 4018.163984, "delta": 8.579828}}
{"target": -13875.9271840228, "params": {"a_c_1": 20.0, "a_c_2": 10.0, "a_mm_0": 20.0, "a_mm_1": 20.0, "a_mm_2": -29.99528301957821, "a_mm_3": -33.82920918322521, "a_mp_0": 20.0, "a_mp_1": 20.0, "a_mp_2": 20.0, "a_mp_3": 20.0, "a_pm_0": 20.0, "a_pm_1": -40.0, "a_pm_2": 20.0, "a_pm_3": 20.0, "a_pp_1": 20.0, "a_pp_2": 20.0, "a_pp_3": 20.0}, "datetime": {"datetime": "2024-07-12 23:04:27", "elapsed": 3954.147447, "delta": 11.869355}}
{"target": -146840.24551807076, "params": {"a_c_1": 0.4133953900548537, "a_c_2": 6.5515293743763605, "a_mm_0": -39.683541077446826, "a_mm_1": -20.72282661210894, "a_mm_2": 9.306068494799696, "a_mm_3": -23.0094671362208, "a_mp_0": -37.88266749193466, "a_mp_1": 19.642634964127822, "a_mp_2": 10.906563270838106, "a_mp_3": -8.440426943764386, "a_pm_0": -19.440409899310595, "a_pm_1": 15.264038147700298, "a_pm_2": 5.4822532883848965, "a_pm_3": -37.324074668083696, "a_pp_1": 15.526522870845824, "a_pp_2": -22.71929106472304, "a_pp_3": 8.50007740016536}, "datetime": {"datetime": "2024-07-12 23:04:28", "elapsed": 3976.787498, "delta": 7.325883}}
{"target": -214817.86771068914, "params": {"a_c_1": 0.924894331340238, "a_c_2": 0.47103085054340244, "a_mm_0": 17.772596092819853, "a_mm_1": 2.6890894818906474, "a_mm_2": -3.2997759067941743, "a_mm_3": 6.085791152331829, "a_mp_0": 6.728310552168793, "a_mp_1": 0.9972257548712449, "a_mp_2": -20.687535643542642, "a_mp_3": -21.157085622406267, "a_pm_0": 7.326885180411644, "a_pm_1": -36.38552252443733, "a_pm_2": -4.5130792529171515, "a_pm_3": -19.808191188610895, "a_pp_1": -34.86561739712037, "a_pp_2": -32.82583357895794, "a_pp_3": 5.492535193859304}, "datetime": {"datetime": "2024-07-12 23:04:30", "elapsed": 3999.651897, "delta": 9.707971}}
{"target": -11168.224320311361, "params": {"a_c_1": 20.0, "a_c_2": 10.0, "a_mm_0": -40.0, "a_mm_1": 20.0, "a_mm_2": -40.0, "a_mm_3": 20.0, "a_mp_0": 20.0, "a_mp_1": 20.0, "a_mp_2": 20.0, "a_mp_3": 20.0, "a_pm_0": -40.0, "a_pm_1": 20.0, "a_pm_2": 20.0, "a_pm_3": -29.44141013676895, "a_pp_1": 20.0, "a_pp_2": 20.0, "a_pp_3": 20.0}, "datetime": {"datetime": "2024-07-12 23:04:30", "elapsed": 4121.324331, "delta": 13.156047}}
{"target": -335138.2773596807, "params": {"a_c_1": 5.112789995214452, "a_c_2": 1.5002578571351444, "a_mm_0": -3.762558226272745, "a_mm_1": 15.215731114486779, "a_mm_2": 15.969171053227626, "a_mm_3": -27.649465199549017, "a_mp_0": -4.934695233578921, "a_mp_1": -18.09657513290852, "a_mp_2": -30.987441557783225, "a_mp_3": -23.503153455646743, "a_pm_0": -15.20912474756507, "a_pm_1": -37.50023728635736, "a_pm_2": 12.71983422932805, "a_pm_3": -22.2535954011001, "a_pp_1": -25.82849819002311, "a_pp_2": -7.19287781462269, "a_pp_3": -32.164326072560414}, "datetime": {"datetime": "2024-07-12 23:04:34", "elapsed": 4026.418859, "delta": 8.254875}}
{"target": -84028.15874791828, "params": {"a_c_1": 11.486270328425025, "a_c_2": 4.4651090081404075, "a_mm_0": -1.6898000437528609, "a_mm_1": 15.140618361399298, "a_mm_2": 8.03762424455774, "a_mm_3": -2.4648334620988024, "a_mp_0": -36.05586722201592, "a_mp_1": -9.72809267640702, "a_mp_2": -36.891163301081285, "a_mp_3": 2.3670110770736343, "a_pm_0": -10.327053877346103, "a_pm_1": -3.299841785846823, "a_pm_2": 5.812389866180553, "a_pm_3": 8.651409538515438, "a_pp_1": -12.679320506854495, "a_pp_2": -2.6632674447614804, "a_pp_3": -37.67713903626249}, "datetime": {"datetime": "2024-07-12 23:04:36", "elapsed": 3963.217233, "delta": 9.069786}}
{"target": -12381.457383506957, "params": {"a_c_1": 20.0, "a_c_2": 10.0, "a_mm_0": -40.0, "a_mm_1": -40.0, "a_mm_2": 20.0, "a_mm_3": 20.0, "a_mp_0": -40.0, "a_mp_1": 20.0, "a_mp_2": 20.0, "a_mp_3": 20.0, "a_pm_0": 20.0, "a_pm_1": -40.0, "a_pm_2": -21.56384183925903, "a_pm_3": 20.0, "a_pp_1": 20.0, "a_pp_2": 20.0, "a_pp_3": 20.0}, "datetime": {"datetime": "2024-07-12 23:04:39", "elapsed": 4130.395387, "delta": 9.071056}}
{"target": -7445.275259229843, "params": {"a_c_1": 20.0, "a_c_2": 10.0, "a_mm_0": 20.0, "a_mm_1": -40.0, "a_mm_2": 20.0, "a_mm_3": 20.0, "a_mp_0": 20.0, "a_mp_1": 20.0, "a_mp_2": 20.0, "a_mp_3": -23.821361288968955, "a_pm_0": -40.0, "a_pm_1": 20.0, "a_pm_2": 1.8626704174121778, "a_pm_3": 20.0, "a_pp_1": -40.0, "a_pp_2": 1.5769070818427442, "a_pp_3": 20.0}, "datetime": {"datetime": "2024-07-12 23:04:41", "elapsed": 4010.846107, "delta": 11.19421}}
{"target": -2506.7761039985285, "params": {"a_c_1": 20.0, "a_c_2": 10.0, "a_mm_0": -40.0, "a_mm_1": -15.16768630395943, "a_mm_2": -8.204914914738659, "a_mm_3": -10.714576416792866, "a_mp_0": 20.0, "a_mp_1": 20.0, "a_mp_2": 10.311437180250174, "a_mp_3": 20.0, "a_pm_0": -8.393156307406658, "a_pm_1": -15.582126306754727, "a_pm_2": -10.975963765394052, "a_pm_3": -15.500831782514325, "a_pp_1": 20.0, "a_pp_2": 20.0, "a_pp_3": 20.0}, "datetime": {"datetime": "2024-07-12 23:04:41", "elapsed": 3990.012968, "delta": 13.22547}}
{"target": -234236.0289861266, "params": {"a_c_1": 6.416036322418444, "a_c_2": 1.5284033416357379, "a_mm_0": -32.98455460656216, "a_mm_1": 15.19986711241416, "a_mm_2": -13.127098291026961, "a_mm_3": -9.656530103048475, "a_mp_0": -0.8274797409978234, "a_mp_1": -11.632715807521823, "a_mp_2": 11.34706732323454, "a_mp_3": -11.877138808670583, "a_pm_0": -36.05877674738808, "a_pm_1": -14.423495736577607, "a_pm_2": 10.654908527234248, "a_pm_3": -33.66143444947254, "a_pp_1": -4.896029737338793, "a_pp_2": -34.84935686326129, "a_pp_3": -26.320866273324008}, "datetime": {"datetime": "2024-07-12 23:04:45", "elapsed": 3972.357668, "delta": 9.140435}}
{"target": -13921.213997908131, "params": {"a_c_1": 20.0, "a_c_2": 10.0, "a_mm_0": 20.0, "a_mm_1": 20.0, "a_mm_2": 20.0, "a_mm_3": -26.109044539028517, "a_mp_0": 20.0, "a_mp_1": -40.0, "a_mp_2": -4.47290723315077, "a_mp_3": 20.0, "a_pm_0": 20.0, "a_pm_1": -40.0, "a_pm_2": 20.0, "a_pm_3": 20.0, "a_pp_1": 20.0, "a_pp_2": 20.0, "a_pp_3": 20.0}, "datetime": {"datetime": "2024-07-12 23:04:46", "elapsed": 4037.9511, "delta": 11.532241}}
{"target": -283427.5225409594, "params": {"a_c_1": 8.778489673313917, "a_c_2": 9.186288596285916, "a_mm_0": -0.5970151082935757, "a_mm_1": -39.42387738755379, "a_mm_2": -27.008629331681135, "a_mm_3": 6.905368065661932, "a_mp_0": -14.018750931612228, "a_mp_1": 12.433438483300982, "a_mp_2": -18.72658302046996, "a_mp_3": -36.58299015591418, "a_pm_0": 8.928672440800042, "a_pm_1": -31.121599610263473, "a_pm_2": -19.714739783762912, "a_pm_3": 10.429554596148137, "a_pp_1": -14.530148451346022, "a_pp_2": -10.59208909726227, "a_pp_3": -15.483634988400475}, "datetime": {"datetime": "2024-07-12 23:04:49", "elapsed": 3997.603601, "delta": 7.590633}}
{"target": -10305.28533762982, "params": {"a_c_1": 20.0, "a_c_2": 10.0, "a_mm_0": -40.0, "a_mm_1": 20.0, "a_mm_2": -16.55589509113894, "a_mm_3": -4.469600004218898, "a_mp_0": 20.0, "a_mp_1": -40.0, "a_mp_2": -29.14734093006289, "a_mp_3": 20.0, "a_pm_0": -40.0, "a_pm_1": 20.0, "a_pm_2": 20.0, "a_pm_3": 20.0, "a_pp_1": 20.0, "a_pp_2": 20.0, "a_pp_3": 20.0}, "datetime": {"datetime": "2024-07-12 23:04:52", "elapsed": 4142.763228, "delta": 12.367841}}
{"target": -12429.942196939941, "params": {"a_c_1": 0.0, "a_c_2": 10.0, "a_mm_0": 20.0, "a_mm_1": 20.0, "a_mm_2": -40.0, "a_mm_3": -21.313807801798273, "a_mp_0": 20.0, "a_mp_1": 20.0, "a_mp_2": 20.0, "a_mp_3": 20.0, "a_pm_0": -40.0, "a_pm_1": 20.0, "a_pm_2": -27.2982338006681, "a_pm_3": 20.0, "a_pp_1": 20.0, "a_pp_2": 20.0, "a_pp_3": 20.0}, "datetime": {"datetime": "2024-07-12 23:04:53", "elapsed": 4022.628943, "delta": 11.782836}}
{"target": -26922.828359917326, "params": {"a_c_1": 0.0, "a_c_2": 10.0, "a_mm_0": -40.0, "a_mm_1": -36.78097304689975, "a_mm_2": 20.0, "a_mm_3": 20.0, "a_mp_0": 20.0, "a_mp_1": -40.0, "a_mp_2": -30.219507303458283, "a_mp_3": 20.0, "a_pm_0": -40.0, "a_pm_1": 20.0, "a_pm_2": 20.0, "a_pm_3": 20.0, "a_pp_1": -40.0, "a_pp_2": 20.0, "a_pp_3": 20.0}, "datetime": {"datetime": "2024-07-12 23:04:56", "elapsed": 4048.578084, "delta": 10.626984}}
{"target": -8834.444973493215, "params": {"a_c_1": 20.0, "a_c_2": 10.0, "a_mm_0": 20.0, "a_mm_1": -40.0, "a_mm_2": -22.726280993600778, "a_mm_3": 20.0, "a_mp_0": 20.0, "a_mp_1": 20.0, "a_mp_2": 20.0, "a_mp_3": 20.0, "a_pm_0": 20.0, "a_pm_1": 20.0, "a_pm_2": -24.09250308245413, "a_pm_3": 20.0, "a_pp_1": -29.196102144763795, "a_pp_2": 20.0, "a_pp_3": 20.0}, "datetime": {"datetime": "2024-07-12 23:04:56", "elapsed": 3983.894068, "delta": 11.5364}}
{"target": -123860.87640015392, "params": {"a_c_1": 5.176939591791632, "a_c_2": 6.831011061564248, "a_mm_0": -16.92337214125391, "a_mm_1": 13.924850164138853, "a_mm_2": -1.9402604130430134, "a_mm_3": -9.096621597935798, "a_mp_0": 18.775911191594425, "a_mp_1": 4.215738244274874, "a_mp_2": -34.742275091142375, "a_mp_3": -17.213511547932484, "a_pm_0": -37.54790118193272, "a_pm_1": -16.75340968731383, "a_pm_2": 8.544139664376011, "a_pm_3": 17.778917676317533, "a_pp_1": -19.046714279775784, "a_pp_2": -33.0307821788632, "a_pp_3": -21.97381280692162}, "datetime": {"datetime": "2024-07-12 23:04:58", "elapsed": 4006.482427, "delta": 8.878826}}
{"target": -85789.95909115912, "params": {"a_c_1": 14.009905562314248, "a_c_2": 8.630078884425343, "a_mm_0": 15.17102016784579, "a_mm_1": -32.345951468965104, "a_mm_2": 2.7889497503462337, "a_mm_3": -35.554300528517686, "a_mp_0": -12.375049075941241, "a_mp_1": -6.9692425613376585, "a_mp_2": -7.108605055959195, "a_mp_3": 4.762655614363695, "a_pm_0": -24.99024228027713, "a_pm_1": 6.2853719160521635, "a_pm_2": -9.495174721419573, "a_pm_3": -11.838004307088369, "a_pp_1": -30.676153433894576, "a_pp_2": 6.6987146063963365, "a_pp_3": -10.680489821651623}, "datetime": {"datetime": "2024-07-12 23:05:01", "elapsed": 4152.179545, "delta": 9.416317}}
{"target": -17504.22149547192, "params": {"a_c_1": 20.0, "a_c_2": 10.0, "a_mm_0": 20.0, "a_mm_1": -40.0, "a_mm_2": -40.0, "a_mm_3": 20.0, "a_mp_0": -40.0, "a_mp_1": 20.0, "a_mp_2": 20.0, "a_mp_3": 20.0, "a_pm_0": 20.0, "a_pm_1": -40.0, "a_pm_2": -18.682066385494547, "a_pm_3": 20.0, "a_pp_1": 20.0, "a_pp_2": 20.0, "a_pp_3": 20.0}, "datetime": {"datetime": "2024-07-12 23:05:05", "elapsed": 4034.505668, "delta": 11.876725}}
{"target": -81306.8799912856, "params": {"a_c_1": 18.664915544382417, "a_c_2": 2.4461310627646107, "a_mm_0": 10.75196336767631, "a_mm_1": -15.719687910246304, "a_mm_2": 1.0432663324035119, "a_mm_3": -38.271375327590285, "a_mp_0": 19.303535866932876, "a_mp_1": 7.259324180322167, "a_mp_2": 10.68591594179334, "a_mp_3": 5.823050348398127, "a_pm_0": -1.3624064226712775, "a_pm_1": -19.812489469444674, "a_pm_2": -10.306775432165736, "a_pm_3": -6.320606587556071, "a_pp_1": -4.507129437506052, "a_pp_2": 12.103088447860976, "a_pp_3": -6.4110745360517996}, "datetime": {"datetime": "2024-07-12 23:05:05", "elapsed": 4057.568672, "delta": 8.990588}}
{"target": -38493.57429422529, "params": {"a_c_1": 0.0, "a_c_2": 0.0, "a_mm_0": -40.0, "a_mm_1": 20.0, "a_mm_2": -36.51054921160958, "a_mm_3": 20.0, "a_mp_0": -40.0, "a_mp_1": 20.0, "a_mp_2": 20.0, "a_mp_3": 20.0, "a_pm_0": 20.0, "a_pm_1": 20.0, "a_pm_2": -40.0, "a_pm_3": 20.0, "a_pp_1": 20.0, "a_pp_2": 20.0, "a_pp_3": 20.0}, "datetime": {"datetime": "2024-07-12 23:05:07", "elapsed": 4015.489109, "delta": 9.006682}}
{"target": -7896.6798228522675, "params": {"a_c_1": 20.0, "a_c_2": 10.0, "a_mm_0": 20.0, "a_mm_1": 20.0, "a_mm_2": 20.0, "a_mm_3": 20.0, "a_mp_0": -40.0, "a_mp_1": 20.0, "a_mp_2": -40.0, "a_mp_3": -10.530897051740377, "a_pm_0": 20.0, "a_pm_1": -40.0, "a_pm_2": 20.0, "a_pm_3": 20.0, "a_pp_1": 20.0, "a_pp_2": 20.0, "a_pp_3": 20.0}, "datetime": {"datetime": "2024-07-12 23:05:10", "elapsed": 3997.897728, "delta": 14.00366}}
{"target": -6654.737522547969, "params": {"a_c_1": 20.0, "a_c_2": 10.0, "a_mm_0": -40.0, "a_mm_1": -40.0, "a_mm_2": 20.0, "a_mm_3": 20.0, "a_mp_0": 20.0, "a_mp_1": -40.0, "a_mp_2": -40.0, "a_mp_3": 20.0, "a_pm_0": 20.0, "a_pm_1": 20.0, "a_pm_2": 20.0, "a_pm_3": 20.0, "a_pp_1": 20.0, "a_pp_2": 20.0, "a_pp_3": 20.0}, "datetime": {"datetime": "2024-07-12 23:05:12", "elapsed": 4163.330971, "delta": 11.151426}}
{"target": -50835.787605383906, "params": {"a_c_1": 9.085847325437879, "a_c_2": 3.745140806885403, "a_mm_0": -17.589883320606702, "a_mm_1": -5.632028413008548, "a_mm_2": 5.70113901190696, "a_mm_3": -16.121776072380165, "a_mp_0": -25.390201490071, "a_mp_1": 18.76271416277571, "a_mp_2": -17.711797908699456, "a_mp_3": 3.8831963972044434, "a_pm_0": -1.6755718350348445, "a_pm_1": -24.967386238695276, "a_pm_2": -7.094149938389904, "a_pm_3": 7.370962223106872, "a_pp_1": 8.353403478482754, "a_pp_2": 11.294478245209291, "a_pp_3": -14.589834863536776}, "datetime": {"datetime": "2024-07-12 23:05:14", "elapsed": 4066.265769, "delta": 8.697097}}
{"target": -8063.482595833901, "params": {"a_c_1": 0.0, "a_c_2": 10.0, "a_mm_0": -40.0, "a_mm_1": -40.0, "a_mm_2": 20.0, "a_mm_3": 20.0, "a_mp_0": 20.0, "a_mp_1": 20.0, "a_mp_2": 20.0, "a_mp_3": 20.0, "a_pm_0": -40.0, "a_pm_1": 20.0, "a_pm_2": -4.987528563532353, "a_pm_3": 20.0, "a_pp_1": 20.0, "a_pp_2": -7.6078571486677165, "a_pp_3": 20.0}, "datetime": {"datetime": "2024-07-12 23:05:15", "elapsed": 4044.539085, "delta": 10.033417}}
{"target": -318761.9943486655, "params": {"a_c_1": 12.64123870814586, "a_c_2": 3.4417067249311306, "a_mm_0": -18.068637366976866, "a_mm_1": -13.801519751816901, "a_mm_2": -27.930868642672987, "a_mm_3": 13.440082629981596, "a_mp_0": 8.721525093314234, "a_mp_1": 8.951840761044437, "a_mp_2": -18.70106975529381, "a_mp_3": -13.83579258055764, "a_pm_0": 3.7661683741678686, "a_pm_1": -34.07943636027529, "a_pm_2": -37.802526558427516, "a_pm_3": -36.61573533527151, "a_pp_1": -10.357643649682647, "a_pp_2": 0.7684949854785046, "a_pp_3": -30.6195123281527}, "datetime": {"datetime": "2024-07-12 23:05:19", "elapsed": 4027.927442, "delta": 12.438333}}
{"target": -5113.874314020331, "params": {"a_c_1": 0.0, "a_c_2": 10.0, "a_mm_0": -40.0, "a_mm_1": 20.0, "a_mm_2": 20.0, "a_mm_3": 20.0, "a_mp_0": -40.0, "a_mp_1": 20.0, "a_mp_2": 20.0, "a_mp_3": 20.0, "a_pm_0": 20.0, "a_pm_1": 20.0, "a_pm_2": -40.0, "a_pm_3": 20.0, "a_pp_1": -40.0, "a_pp_2": 20.0, "a_pp_3": 20.0}, "datetime": {"datetime": "2024-07-12 23:05:23", "elapsed": 4009.959509, "delta": 12.061781}}
{"target": -5863.177603999634, "params": {"a_c_1": 0.0, "a_c_2": 0.0, "a_mm_0": 20.0, "a_mm_1": 20.0, "a_mm_2": 20.0, "a_mm_3": 20.0, "a_mp_0": 20.0, "a_mp_1": 20.0, "a_mp_2": 20.0, "a_mp_3": -16.248789017791815, "a_pm_0": 20.0, "a_pm_1": -40.0, "a_pm_2": -28.773162348560295, "a_pm_3": 20.0, "a_pp_1": 20.0, "a_pp_2": 6.869226870349733, "a_pp_3": 20.0}, "datetime": {"datetime": "2024-07-12 23:05:23", "elapsed": 4174.06123, "delta": 10.730259}}
{"target": -50299.756424874286, "params": {"a_c_1": 10.967556539672724, "a_c_2": 7.846148941105736, "a_mm_0": -25.553075239711234, "a_mm_1": -20.903681992237075, "a_mm_2": -5.929681438793196, "a_mm_3": -18.06195853407623, "a_mp_0": -9.190711759482681, "a_mp_1": -11.676955536949308, "a_mp_2": -33.628034144047014, "a_mp_3": -9.399726882862726, "a_pm_0": 19.889777723367516, "a_pm_1": 9.196054425422354, "a_pm_2": 13.409583704274944, "a_pm_3": -15.215182285289103, "a_pp_1": -22.98556807531601, "a_pp_2": 8.318245079327156, "a_pp_3": 15.902512356916155}, "datetime": {"datetime": "2024-07-12 23:05:25", "elapsed": 4055.171297, "delta": 10.632212}}
{"target": -24391.031347206455, "params": {"a_c_1": 0.0, "a_c_2": 10.0, "a_mm_0": 20.0, "a_mm_1": -40.0, "a_mm_2": 20.0, "a_mm_3": 20.0, "a_mp_0": 20.0, "a_mp_1": 20.0, "a_mp_2": -4.317616136918977, "a_mp_3": -22.959399430447057, "a_pm_0": -6.2798774636590435, "a_pm_1": -11.989917185733024, "a_pm_2": 20.0, "a_pm_3": 20.0, "a_pp_1": 20.0, "a_pp_2": 0.10222654766366664, "a_pp_3": -1.7209891269216195}, "datetime": {"datetime": "2024-07-12 23:05:28", "elapsed": 4080.34147, "delta": 14.075701}}
{"target": -69838.79379165867, "params": {"a_c_1": 15.37240835911434, "a_c_2": 4.729375964564891, "a_mm_0": -6.3911945030143755, "a_mm_1": 8.375354547602562, "a_mm_2": 4.36224636927777, "a_mm_3": -27.682202535727853, "a_mp_0": 8.20497252073833, "a_mp_1": 13.01269368084958, "a_mp_2": 14.467161674522785, "a_mp_3": -0.11681422386151041, "a_pm_0": 13.621817460171108, "a_pm_1": -4.8623902317361285, "a_pm_2": -17.717413891911747, "a_pm_3": -19.162888841221395, "a_pp_1": -31.155910692322834, "a_pp_2": -16.40154965543587, "a_pp_3": 15.952126206898207}, "datetime": {"datetime": "2024-07-12 23:05:29", "elapsed": 4037.13579, "delta": 9.208348}}
