{"target": -67401.31683370759, "params": {"a_c_1": 6.466479301020021, "a_c_2": 1.3472203850787046, "a_mm_0": 17.53684446346594, "a_mm_1": 5.25674839542458, "a_mm_2": 7.930055129945757, "a_mm_3": -0.41839946806756956, "a_mp_0": -35.12892268029056, "a_mp_1": 5.095297592344757, "a_mp_2": -27.87240584098036, "a_mp_3": -12.062637066616347, "a_pm_0": 4.344323268584546, "a_pm_1": 17.607944916888748, "a_pm_2": 5.870958577421092, "a_pm_3": -15.673975532411507, "a_pp_1": 0.5826100801377763, "a_pp_2": -17.41214156206925, "a_pp_3": -1.804631781443348}, "datetime": {"datetime": "2024-07-12 22:40:58", "elapsed": 2566.411553, "delta": 9.385747}}
{"target": -272253.84030490345, "params": {"a_c_1": 0.11830529417496294, "a_c_2": 0.188899917908536, "a_mm_0": -11.187596857810263, "a_mm_1": -26.621792404718622, "a_mm_2": 0.6259096820245063, "a_mm_3": -8.151200339867412, "a_mp_0": -23.61919541555912, "a_mp_1": -7.036897294639637, "a_mp_2": -17.653949083702926, "a_mp_3": -1.983292626020237, "a_pm_0": -36.42813657143056, "a_pm_1": 19.228409199870235, "a_pm_2": -26.872045070674453, "a_pm_3": -8.524145715981597, "a_pp_1": 12.31141565713105, "a_pp_2": -35.433437111191594, "a_pp_3": -33.4706190725861}, "datetime": {"datetime": "2024-07-12 22:41:02", "elapsed": 2591.342442, "delta": 9.053686}}
{"target": -46755.293094016495, "params": {"a_c_1": 20.0, "a_c_2": 10.0, "a_mm_0": 20.0, "a_mm_1": 20.0, "a_mm_2": 20.0, "a_mm_3": -9.85126128464108, "a_mp_0": 20.0, "a_mp_1": 20.0, "a_mp_2": 20.0, "a_mp_3": 20.0, "a_pm_0": 20.0, "a_pm_1": -40.0, "a_pm_2": 20.0, "a_pm_3": 20.0, "a_pp_1": 20.0, "a_pp_2": -33.332924811657485, "a_pp_3": 20.0}, "datetime": {"datetime": "2024-07-12 22:41:03", "elapsed": 2713.975255, "delta": 9.177946}}
{"target": -19999.548007967827, "params": {"a_c_1": 0.0, "a_c_2": 10.0, "a_mm_0": -40.0, "a_mm_1": -8.274722709854485, "a_mm_2": 20.0, "a_mm_3": 20.0, "a_mp_0": -40.0, "a_mp_1": -40.0, "a_mp_2": 20.0, "a_mp_3": 20.0, "a_pm_0": -40.0, "a_pm_1": 20.0, "a_pm_2": 20.0, "a_pm_3": 20.0, "a_pp_1": -40.0, "a_pp_2": 20.0, "a_pp_3": 20.0}, "datetime": {"datetime": "2024-07-12 22:41:05", "elapsed": 2552.915276, "delta": 11.782355}}
{"target": -8379.265213260172, "params": {"a_c_1": 20.0, "a_c_2": 10.0, "a_mm_0": -40.0, "a_mm_1": 20.0, "a_mm_2": 20.0, "a_mm_3": 20.0, "a_mp_0": -40.0, "a_mp_1": -10.813184068713682, "a_mp_2": 20.0, "a_mp_3": 20.0, "a_pm_0": 20.0, "a_pm_1": -40.0, "a_pm_2": 20.0, "a_pm_3": 20.0, "a_pp_1": -40.0, "a_pp_2": 20.0, "a_pp_3": 20.0}, "datetime": {"datetime": "2024-07-12 22:41:06", "elapsed": 2618.432412, "delta": 10.023578}}
{"target": -12608.903694414992, "params": {"a_c_1": 20.0, "a_c_2": 10.0, "a_mm_0": 20.0, "a_mm_1": 20.0, "a_mm_2": 20.0, "a_mm_3": 20.0, "a_mp_0": 20.0, "a_mp_1": 20.0, "a_mp_2": -40.0, "a_mp_3": 2.100513313466104, "a_pm_0": -40.0, "a_pm_1": -40.0, "a_pm_2": 20.0, "a_pm_3": 20.0, "a_pp_1": -40.0, "a_pp_2": 20.0, "a_pp_3": 20.0}, "datetime": {"datetime": "2024-07-12 22:41:10", "elapsed": 2578.135867, "delta": 11.724314}}
{"target": -381538.34183489607, "params": {"a_c_1": 3.9741955581530797, "a_c_2": 0.3269012115303649, "a_mm_0": 13.9109106840137, "a_mm_1": -39.43583148942466, "a_mm_2": 19.274601183291914, "a_mm_3": -37.87784377082093, "a_mp_0": -10.777223757539357, "a_mp_1": -21.406867258014593, "a_mp_2": 2.234598309717711, "a_mp_3": -37.101103684191564, "a_pm_0": 17.065085910749737, "a_pm_1": -37.3977577015317, "a_pm_2": 19.887040441974243, "a_pm_3": -29.28153663024851, "a_pp_1": 16.04499464039536, "a_pp_2": -36.27982283446609, "a_pp_3": 9.506413986265379}, "datetime": {"datetime": "2024-07-12 22:41:11", "elapsed": 2722.426914, "delta": 8.451659}}
{"target": -21591.35264334284, "params": {"a_c_1": 0.0, "a_c_2": 10.0, "a_mm_0": -40.0, "a_mm_1": 20.0, "a_mm_2": 20.0, "a_mm_3": -37.96127421595435, "a_mp_0": -40.0, "a_mp_1": 0.3846904077733184, "a_mp_2": 20.0, "a_mp_3": 20.0, "a_pm_0": -23.05804720369902, "a_pm_1": -40.0, "a_pm_2": -21.984045568115853, "a_pm_3": 20.0, "a_pp_1": -3.880035637237794, "a_pp_2": 20.0, "a_pp_3": 20.0}, "datetime": {"datetime": "2024-07-12 22:41:14", "elapsed": 2603.772806, "delta": 12.430364}}
{"target": -36881.945000868836, "params": {"a_c_1": 20.0, "a_c_2": 10.0, "a_mm_0": -40.0, "a_mm_1": -29.472172058156662, "a_mm_2": 20.0, "a_mm_3": 20.0, "a_mp_0": -40.0, "a_mp_1": -40.0, "a_mp_2": 20.0, "a_mp_3": -6.8858867745468855, "a_pm_0": -40.0, "a_pm_1": 20.0, "a_pm_2": 20.0, "a_pm_3": 20.0, "a_pp_1": 20.0, "a_pp_2": -20.09355090982643, "a_pp_3": 13.069071895950067}, "datetime": {"datetime": "2024-07-12 22:41:16", "elapsed": 2563.340631, "delta": 10.425355}}
{"target": -44481.32028538424, "params": {"a_c_1": 20.0, "a_c_2": 10.0, "a_mm_0": 20.0, "a_mm_1": 20.0, "a_mm_2": -25.45772918970377, "a_mm_3": 20.0, "a_mp_0": 20.0, "a_mp_1": 20.0, "a_mp_2": 20.0, "a_mp_3": -40.0, "a_pm_0": 20.0, "a_pm_1": -40.0, "a_pm_2": 20.0, "a_pm_3": 20.0, "a_pp_1": -40.0, "a_pp_2": 20.0, "a_pp_3": 20.0}, "datetime": {"datetime": "2024-07-12 22:41:17", "elapsed": 2629.475411, "delta": 11.042999}}
{"target": -34206.4866581206, "params": {"a_c_1": 0.0, "a_c_2": 0.0, "a_mm_0": -40.0, "a_mm_1": 20.0, "a_mm_2": 20.0, "a_mm_3": -40.0, "a_mp_0": -40.0, "a_mp_1": 20.0, "a_mp_2": -13.976299236311217, "a_mp_3": 20.0, "a_pm_0": 20.0, "a_pm_1": -40.0, "a_pm_2": -0.33240967070811045, "a_pm_3": 20.0, "a_pp_1": 20.0, "a_pp_2": 20.0, "a_pp_3": 20.0}, "datetime": {"datetime": "2024-07-12 22:41:22", "elapsed": 2590.518703, "delta": 12.382836}}
{"target": -297307.4542864265, "params": {"a_c_1": 2.5623222618742014, "a_c_2": 4.219936507650157, "a_mm_0": -9.363827735438395, "a_mm_1": 3.8798018504687235, "a_mm_2": -5.995447376113972, "a_mm_3": -33.312865807179534, "a_mp_0": -37.27191517648, "a_mp_1": -8.104611484600504, "a_mp_2": -17.739688082474984, "a_mp_3": -22.915349121084464, "a_pm_0": -36.26093379566365, "a_pm_1": 6.874335647196979, "a_pm_2": -30.75185994567267, "a_pm_3": 6.27400755697122, "a_pp_1": -4.610370986482835, "a_pp_2": -34.783116362475404, "a_pp_3": 7.23359876776825}, "datetime": {"datetime": "2024-07-12 22:41:23", "elapsed": 2612.732413, "delta": 8.959607}}
{"target": -6994.701270663508, "params": {"a_c_1": 0.0, "a_c_2": 10.0, "a_mm_0": -40.0, "a_mm_1": 20.0, "a_mm_2": -40.0, "a_mm_3": 20.0, "a_mp_0": -40.0, "a_mp_1": 20.0, "a_mp_2": 20.0, "a_mp_3": 20.0, "a_pm_0": -40.0, "a_pm_1": -40.0, "a_pm_2": 20.0, "a_pm_3": 20.0, "a_pp_1": 20.0, "a_pp_2": 20.0, "a_pp_3": 20.0}, "datetime": {"datetime": "2024-07-12 22:41:23", "elapsed": 2734.115363, "delta": 11.688449}}
{"target": -34377.40983373959, "params": {"a_c_1": 20.0, "a_c_2": 10.0, "a_mm_0": 20.0, "a_mm_1": 20.0, "a_mm_2": 20.0, "a_mm_3": 20.0, "a_mp_0": -40.0, "a_mp_1": 20.0, "a_mp_2": -40.0, "a_mp_3": -31.355758151104993, "a_pm_0": 20.0, "a_pm_1": 20.0, "a_pm_2": 20.0, "a_pm_3": 20.0, "a_pp_1": -40.0, "a_pp_2": 20.0, "a_pp_3": 20.0}, "datetime": {"datetime": "2024-07-12 22:41:28", "elapsed": 2575.089492, "delta": 11.748861}}
{"target": -5468.0768615415645, "params": {"a_c_1": 20.0, "a_c_2": 10.0, "a_mm_0": 20.0, "a_mm_1": -40.0, "a_mm_2": 20.0, "a_mm_3": 20.0, "a_mp_0": -40.0, "a_mp_1": 20.0, "a_mp_2": 20.0, "a_mp_3": 20.0, "a_pm_0": -40.0, "a_pm_1": 20.0, "a_pm_2": -40.0, "a_pm_3": 20.0, "a_pp_1": -26.520906992275645, "a_pp_2": 20.0, "a_pp_3": 20.0}, "datetime": {"datetime": "2024-07-12 22:41:30", "elapsed": 2641.823366, "delta": 12.347955}}
{"target": -30604.19270916892, "params": {"a_c_1": 20.0, "a_c_2": 0.0, "a_mm_0": 20.0, "a_mm_1": -40.0, "a_mm_2": 20.0, "a_mm_3": 20.0, "a_mp_0": -40.0, "a_mp_1": 20.0, "a_mp_2": 20.0, "a_mp_3": 20.0, "a_pm_0": 20.0, "a_pm_1": 20.0, "a_pm_2": 20.0, "a_pm_3": 20.0, "a_pp_1": 20.0, "a_pp_2": -15.941823185769344, "a_pp_3": 1.192397530586877}, "datetime": {"datetime": "2024-07-12 22:41:32", "elapsed": 2600.975313, "delta": 10.45661}}
{"target": -4535.806638062384, "params": {"a_c_1": 20.0, "a_c_2": 10.0, "a_mm_0": 20.0, "a_mm_1": 20.0, "a_mm_2": 20.0, "a_mm_3": 20.0, "a_mp_0": 20.0, "a_mp_1": 20.0, "a_mp_2": 20.0, "a_mp_3": 20.0, "a_pm_0": 20.0, "a_pm_1": -40.0, "a_pm_2": 20.0, "a_pm_3": 20.0, "a_pp_1": -40.0, "a_pp_2": 20.0, "a_pp_3": 20.0}, "datetime": {"datetime": "2024-07-12 22:41:35", "elapsed": 2625.24953, "delta": 12.517117}}
{"target": -16097.684659296936, "params": {"a_c_1": 0.0, "a_c_2": 10.0, "a_mm_0": -40.0, "a_mm_1": 20.0, "a_mm_2": -15.22889026941116, "a_mm_3": -23.008256025996673, "a_mp_0": -40.0, "a_mp_1": -34.470167639238596, "a_mp_2": 20.0, "a_mp_3": 20.0, "a_pm_0": 20.0, "a_pm_1": 20.0, "a_pm_2": 20.0, "a_pm_3": -9.728292593106472, "a_pp_1": 20.0, "a_pp_2": 20.0, "a_pp_3": 20.0}, "datetime": {"datetime": "2024-07-12 22:41:36", "elapsed": 2747.050258, "delta": 12.934895}}
{"target": -108030.51124905946, "params": {"a_c_1": 15.404588412834432, "a_c_2": 1.5219696620563772, "a_mm_0": -8.737130826374745, "a_mm_1": 18.62797245251651, "a_mm_2": -31.197113154594778, "a_mm_3": -6.6310091066449885, "a_mp_0": -3.8046227798888452, "a_mp_1": -39.25903149088677, "a_mp_2": -7.872464564503311, "a_mp_3": 5.962379247099385, "a_pm_0": 16.15608008067573, "a_pm_1": -38.572023158020095, "a_pm_2": 14.91638523399213, "a_pm_3": -1.801317235309611, "a_pp_1": -12.04282678416029, "a_pp_2": 12.11009524328339, "a_pp_3": 14.873289645306286}, "datetime": {"datetime": "2024-07-12 22:41:37", "elapsed": 2584.147051, "delta": 9.057559}}
{"target": -245170.96245253584, "params": {"a_c_1": 9.432777133665997, "a_c_2": 7.921802919872929, "a_mm_0": -0.8843445535832117, "a_mm_1": -18.627411779222257, "a_mm_2": -39.859132221489006, "a_mm_3": -19.65435883204616, "a_mp_0": 9.105977105247668, "a_mp_1": 11.485935586496922, "a_mp_2": 12.188218864954713, "a_mp_3": -0.3517718879271712, "a_pm_0": -26.577291003707792, "a_pm_1": -18.450103456192593, "a_pm_2": 15.427035465713068, "a_pm_3": -34.14881124157887, "a_pp_1": -13.43664465147237, "a_pp_2": -10.061987239228266, "a_pp_3": -28.293402599436213}, "datetime": {"datetime": "2024-07-12 22:41:39", "elapsed": 2651.172396, "delta": 9.34903}}
{"target": -49744.386631865455, "params": {"a_c_1": 13.885639445328316, "a_c_2": 5.076172761732501, "a_mm_0": -26.711284424503287, "a_mm_1": 16.93685832790429, "a_mm_2": 5.442102543613693, "a_mm_3": 3.6394619490025732, "a_mp_0": -27.677245885882435, "a_mp_1": -0.34194027901769175, "a_mp_2": -36.86152287049366, "a_mp_3": 4.937569215203851, "a_pm_0": -3.8262109036888248, "a_pm_1": 5.630939977025264, "a_pm_2": -7.877217031943061, "a_pm_3": -33.567729070598645, "a_pp_1": -21.44654179736996, "a_pp_2": 8.519858541040968, "a_pp_3": -2.5523247524117707}, "datetime": {"datetime": "2024-07-12 22:41:42", "elapsed": 2610.459779, "delta": 9.484466}}
{"target": -18610.70408042204, "params": {"a_c_1": 20.0, "a_c_2": 10.0, "a_mm_0": -40.0, "a_mm_1": -40.0, "a_mm_2": 20.0, "a_mm_3": 20.0, "a_mp_0": -40.0, "a_mp_1": -9.37599874194939, "a_mp_2": 20.0, "a_mp_3": 20.0, "a_pm_0": -40.0, "a_pm_1": -40.0, "a_pm_2": 20.0, "a_pm_3": 20.0, "a_pp_1": 20.0, "a_pp_2": 20.0, "a_pp_3": 20.0}, "datetime": {"datetime": "2024-07-12 22:41:45", "elapsed": 2756.156979, "delta": 9.106721}}
{"target": -14246.961181692908, "params": {"a_c_1": 20.0, "a_c_2": 10.0, "a_mm_0": -40.0, "a_mm_1": 20.0, "a_mm_2": -17.746734216311143, "a_mm_3": 20.0, "a_mp_0": 20.0, "a_mp_1": 20.0, "a_mp_2": 20.0, "a_mp_3": -22.648310348208984, "a_pm_0": 20.0, "a_pm_1": -40.0, "a_pm_2": 20.0, "a_pm_3": 20.0, "a_pp_1": -40.0, "a_pp_2": 20.0, "a_pp_3": 20.0}, "datetime": {"datetime": "2024-07-12 22:41:48", "elapsed": 2638.146795, "delta": 12.897265}}
{"target": -6840.052709214487, "params": {"a_c_1": 20.0, "a_c_2": 10.0, "a_mm_0": 20.0, "a_mm_1": -9.248146001736082, "a_mm_2": -18.909499579981464, "a_mm_3": 3.985256583602695, "a_mp_0": 20.0, "a_mp_1": 20.0, "a_mp_2": 20.0, "a_mp_3": -7.840576526492257, "a_pm_0": 20.0, "a_pm_1": -40.0, "a_pm_2": 20.0, "a_pm_3": -13.142099093993611, "a_pp_1": -40.0, "a_pp_2": 20.0, "a_pp_3": 20.0}, "datetime": {"datetime": "2024-07-12 22:41:49", "elapsed": 2596.415862, "delta": 12.268811}}
{"target": -35130.62755353594, "params": {"a_c_1": 15.584494165051359, "a_c_2": 0.2157471940647182, "a_mm_0": -17.744331843015406, "a_mm_1": 18.500592240037626, "a_mm_2": 13.075675244556294, "a_mm_3": 8.138045666841158, "a_mp_0": 19.29559364547263, "a_mp_1": 8.349103301659675, "a_mp_2": -33.14783413946069, "a_mp_3": -38.50073126052988, "a_pm_0": -19.58981356832918, "a_pm_1": -9.350215588441571, "a_pm_2": 4.505992289500632, "a_pm_3": 7.4715840946808285, "a_pp_1": 4.416937656823194, "a_pp_2": 0.5925580858756021, "a_pp_3": 0.9264796792303187}, "datetime": {"datetime": "2024-07-12 22:41:50", "elapsed": 2662.37528, "delta": 11.202884}}
{"target": -112763.23841403033, "params": {"a_c_1": 1.209387939602815, "a_c_2": 3.3798015907124745, "a_mm_0": -23.688629465237092, "a_mm_1": -1.5964790931799087, "a_mm_2": 19.56912043383344, "a_mm_3": -0.7266638608287437, "a_mp_0": -23.48065960456235, "a_mp_1": 6.7165298415244905, "a_mp_2": -28.410895704263616, "a_mp_3": -30.28843044435522, "a_pm_0": 8.668401462318577, "a_pm_1": -26.11924365691985, "a_pm_2": 2.19427609282301, "a_pm_3": -33.54106625588335, "a_pp_1": -20.79790242388774, "a_pp_2": -0.1297177334024866, "a_pp_3": 11.389152621307467}, "datetime": {"datetime": "2024-07-12 22:41:52", "elapsed": 2620.139554, "delta": 9.679775}}
{"target": -117207.20602667039, "params": {"a_c_1": 11.844940608498884, "a_c_2": 3.547106999351696, "a_mm_0": -9.303324958803941, "a_mm_1": 12.774331671977556, "a_mm_2": 5.036609923919961, "a_mm_3": -30.994559121209626, "a_mp_0": -14.163714829592873, "a_mp_1": 3.3021307366935417, "a_mp_2": 18.936442168532757, "a_mp_3": -3.878043022222016, "a_pm_0": -14.228414445100352, "a_pm_1": 9.428169564323639, "a_pm_2": -8.897368817292776, "a_pm_3": -12.722622309592317, "a_pp_1": -4.7696273171805075, "a_pp_2": 6.304656002195706, "a_pp_3": -14.107389326679055}, "datetime": {"datetime": "2024-07-12 22:41:56", "elapsed": 2645.932897, "delta": 7.786102}}
{"target": -3544.5408882898123, "params": {"a_c_1": 0.0, "a_c_2": 10.0, "a_mm_0": -14.464674688389671, "a_mm_1": -40.0, "a_mm_2": -23.45322294997956, "a_mm_3": 20.0, "a_mp_0": 20.0, "a_mp_1": -40.0, "a_mp_2": 20.0, "a_mp_3": 20.0, "a_pm_0": 20.0, "a_pm_1": 20.0, "a_pm_2": 20.0, "a_pm_3": 20.0, "a_pp_1": 20.0, "a_pp_2": 20.0, "a_pp_3": 20.0}, "datetime": {"datetime": "2024-07-12 22:41:58", "elapsed": 2769.313639, "delta": 13.15666}}
{"target": -127276.5969942826, "params": {"a_c_1": 13.17490366384908, "a_c_2": 8.208271890736704, "a_mm_0": -34.45043930731063, "a_mm_1": -12.708914529111901, "a_mm_2": 8.481890766291947, "a_mm_3": -11.427903884565858, "a_mp_0": -27.384149763891493, "a_mp_1": 3.515510366488172, "a_mp_2": -5.276189016508958, "a_mp_3": 13.299288278656483, "a_pm_0": -31.684725451138213, "a_pm_1": 2.9529128480743623, "a_pm_2": 0.8728587808239183, "a_pm_3": -32.088967805093446, "a_pp_1": -16.667684883874877, "a_pp_2": -10.80908556481829, "a_pp_3": -21.12587896165955}, "datetime": {"datetime": "2024-07-12 22:41:59", "elapsed": 2670.984568, "delta": 8.609288}}
{"target": -10938.95836704504, "params": {"a_c_1": 20.0, "a_c_2": 10.0, "a_mm_0": 20.0, "a_mm_1": -8.461065460383276, "a_mm_2": 20.0, "a_mm_3": 20.0, "a_mp_0": -18.664053789508724, "a_mp_1": -40.0, "a_mp_2": -1.3548028847424285, "a_mp_3": 0.6549158585426825, "a_pm_0": -40.0, "a_pm_1": -8.368428315009083, "a_pm_2": -12.654251246039175, "a_pm_3": -13.088162999442515, "a_pp_1": 20.0, "a_pp_2": 20.0, "a_pp_3": 20.0}, "datetime": {"datetime": "2024-07-12 22:42:02", "elapsed": 2609.52265, "delta": 13.106788}}
{"target": -31841.406258056166, "params": {"a_c_1": 20.0, "a_c_2": 10.0, "a_mm_0": 20.0, "a_mm_1": -32.00887443221041, "a_mm_2": -35.31138875791215, "a_mm_3": 20.0, "a_mp_0": 20.0, "a_mp_1": 20.0, "a_mp_2": 20.0, "a_mp_3": -24.31982328736286, "a_pm_0": 20.0, "a_pm_1": 20.0, "a_pm_2": 20.0, "a_pm_3": -33.41598981104593, "a_pp_1": -40.0, "a_pp_2": 20.0, "a_pp_3": 20.0}, "datetime": {"datetime": "2024-07-12 22:42:04", "elapsed": 2632.191247, "delta": 12.051693}}
{"target": -292944.30646208127, "params": {"a_c_1": 1.3875701963263287, "a_c_2": 4.514105037457247, "a_mm_0": 6.884631152633936, "a_mm_1": 15.609214489914272, "a_mm_2": -1.8818296160543682, "a_mm_3": -10.149167454136862, "a_mp_0": -36.07803427220401, "a_mp_1": -15.725447666187634, "a_mp_2": -24.1193366262827, "a_mp_3": -25.50539471126493, "a_pm_0": -22.71664439946622, "a_pm_1": 13.575034881672742, "a_pm_2": -38.26455049005199, "a_pm_3": -5.838093980484764, "a_pp_1": -32.66459041136611, "a_pp_2": -21.88579649371174, "a_pp_3": -23.42227137720929}, "datetime": {"datetime": "2024-07-12 22:42:07", "elapsed": 2679.309282, "delta": 8.324714}}
{"target": -5610.859016332076, "params": {"a_c_1": 0.0, "a_c_2": 10.0, "a_mm_0": 20.0, "a_mm_1": 20.0, "a_mm_2": -40.0, "a_mm_3": 20.0, "a_mp_0": -40.0, "a_mp_1": 20.0, "a_mp_2": 20.0, "a_mp_3": 20.0, "a_pm_0": 20.0, "a_pm_1": -40.0, "a_pm_2": 20.0, "a_pm_3": 20.0, "a_pp_1": -40.0, "a_pp_2": 20.0, "a_pp_3": 20.0}, "datetime": {"datetime": "2024-07-12 22:42:07", "elapsed": 2657.059363, "delta": 11.126466}}
{"target": -11885.273589384697, "params": {"a_c_1": 20.0, "a_c_2": 10.0, "a_mm_0": 20.0, "a_mm_1": -40.0, "a_mm_2": -40.0, "a_mm_3": 20.0, "a_mp_0": 20.0, "a_mp_1": -40.0, "a_mp_2": 20.0, "a_mp_3": 20.0, "a_pm_0": -40.0, "a_pm_1": 20.0, "a_pm_2": 20.0, "a_pm_3": 20.0, "a_pp_1": 20.0, "a_pp_2": 20.0, "a_pp_3": 20.0}, "datetime": {"datetime": "2024-07-12 22:42:12", "elapsed": 2782.72534, "delta": 13.411701}}
{"target": -242712.62700544103, "params": {"a_c_1": 15.015622952490379, "a_c_2": 8.740205383447398, "a_mm_0": -10.412432068474214, "a_mm_1": -21.448301255536183, "a_mm_2": -29.887099812146676, "a_mm_3": -5.468063722199055, "a_mp_0": -22.342491017939707, "a_mp_1": 10.686933504990158, "a_mp_2": 5.376115071574517, "a_mp_3": 18.44310916373388, "a_pm_0": -16.851319904907303, "a_pm_1": -23.185656980586334, "a_pm_2": -24.952373980558246, "a_pm_3": 17.334198811188614, "a_pp_1": -39.79123367173534, "a_pp_2": -8.939382616530477, "a_pp_3": -27.641019213715445}, "datetime": {"datetime": "2024-07-12 22:42:12", "elapsed": 2640.797038, "delta": 8.605791}}
{"target": -21941.398348803654, "params": {"a_c_1": 16.31790101683489, "a_c_2": 1.6403280888089933, "a_mm_0": 10.5075126139577, "a_mm_1": -14.821248422460187, "a_mm_2": 16.094919591059075, "a_mm_3": 8.606866293657525, "a_mp_0": -27.042628836021997, "a_mp_1": 11.419372280606638, "a_mp_2": 10.145617341483415, "a_mp_3": -36.091669569915645, "a_pm_0": -6.034445812625194, "a_pm_1": 13.050476275187904, "a_pm_2": 1.8090411182394064, "a_pm_3": -7.129656429946891, "a_pp_1": -38.263185016532375, "a_pp_2": 15.753936717504544, "a_pp_3": 16.680232036383543}, "datetime": {"datetime": "2024-07-12 22:42:16", "elapsed": 2665.712188, "delta": 8.652825}}
{"target": -3602.5792595531525, "params": {"a_c_1": 20.0, "a_c_2": 10.0, "a_mm_0": 20.0, "a_mm_1": -20.575802875631584, "a_mm_2": 20.0, "a_mm_3": 20.0, "a_mp_0": -40.0, "a_mp_1": 20.0, "a_mp_2": 20.0, "a_mp_3": 20.0, "a_pm_0": -40.0, "a_pm_1": 20.0, "a_pm_2": -33.141295174995655, "a_pm_3": 20.0, "a_pp_1": -40.0, "a_pp_2": 20.0, "a_pp_3": 20.0}, "datetime": {"datetime": "2024-07-12 22:42:17", "elapsed": 2624.028852, "delta": 14.506202}}
{"target": -20776.023242399737, "params": {"a_c_1": 20.0, "a_c_2": 10.0, "a_mm_0": 20.0, "a_mm_1": 20.0, "a_mm_2": 20.0, "a_mm_3": 20.0, "a_mp_0": 20.0, "a_mp_1": 20.0, "a_mp_2": 16.135927210691253, "a_mp_3": -40.0, "a_pm_0": 20.0, "a_pm_1": 20.0, "a_pm_2": -40.0, "a_pm_3": -4.641899954168988, "a_pp_1": -40.0, "a_pp_2": 20.0, "a_pp_3": 20.0}, "datetime": {"datetime": "2024-07-12 22:42:20", "elapsed": 2692.324067, "delta": 13.014785}}
{"target": -188022.20974852375, "params": {"a_c_1": 1.867933323268407, "a_c_2": 2.1778470889315535, "a_mm_0": -25.57720719478659, "a_mm_1": -38.445852989243875, "a_mm_2": 9.594339267768504, "a_mm_3": -4.076406748532733, "a_mp_0": 4.641196215949847, "a_mp_1": 17.244930762313416, "a_mp_2": 16.331993872870832, "a_mp_3": 6.468656012022549, "a_pm_0": -6.369656989371087, "a_pm_1": -25.365504054829394, "a_pm_2": -13.81324455099405, "a_pm_3": -34.17483267807205, "a_pp_1": 19.715989012487157, "a_pp_2": -30.77753615590882, "a_pp_3": -20.42410643813009}, "datetime": {"datetime": "2024-07-12 22:42:20", "elapsed": 2791.553578, "delta": 8.828238}}
{"target": -9933.853954200506, "params": {"a_c_1": 0.0, "a_c_2": 10.0, "a_mm_0": -40.0, "a_mm_1": 20.0, "a_mm_2": -13.512314944709983, "a_mm_3": 20.0, "a_mp_0": -40.0, "a_mp_1": -40.0, "a_mp_2": 20.0, "a_mp_3": 20.0, "a_pm_0": 20.0, "a_pm_1": -7.279083092757117, "a_pm_2": -17.474366883004322, "a_pm_3": 20.0, "a_pp_1": 20.0, "a_pp_2": 20.0, "a_pp_3": -4.9076180264513285}, "datetime": {"datetime": "2024-07-12 22:42:24", "elapsed": 2652.767726, "delta": 11.970688}}
{"target": -14593.996647016073, "params": {"a_c_1": 20.0, "a_c_2": 10.0, "a_mm_0": 20.0, "a_mm_1": -40.0, "a_mm_2": -21.894389998318125, "a_mm_3": 20.0, "a_mp_0": -40.0, "a_mp_1": 20.0, "a_mp_2": 20.0, "a_mp_3": 2.147477646674689, "a_pm_0": 20.0, "a_pm_1": -40.0, "a_pm_2": -22.636591136256193, "a_pm_3": 20.0, "a_pp_1": 20.0, "a_pp_2": 20.0, "a_pp_3": 20.0}, "datetime": {"datetime": "2024-07-12 22:42:26", "elapsed": 2633.945904, "delta": 9.917052}}
{"target": -4216.131592740071, "params": {"a_c_1": 20.0, "a_c_2": 10.0, "a_mm_0": 20.0, "a_mm_1": 20.0, "a_mm_2": -2.7547020141978282, "a_mm_3": 20.0, "a_mp_0": -40.0, "a_mp_1": 10.78197985973993, "a_mp_2": -24.039645086913083, "a_mp_3": 20.0, "a_pm_0": 20.0, "a_pm_1": 20.0, "a_pm_2": 20.0, "a_pm_3": 4.414710784215624, "a_pp_1": -40.0, "a_pp_2": 20.0, "a_pp_3": 4.333317658370638}, "datetime": {"datetime": "2024-07-12 22:42:30", "elapsed": 2680.057597, "delta": 14.345409}}
{"target": -8500.524097292324, "params": {"a_c_1": 0.0, "a_c_2": 10.0, "a_mm_0": -40.0, "a_mm_1": -40.0, "a_mm_2": 20.0, "a_mm_3": 20.0, "a_mp_0": -40.0, "a_mp_1": 20.0, "a_mp_2": 20.0, "a_mp_3": 20.0, "a_pm_0": 20.0, "a_pm_1": 20.0, "a_pm_2": 20.0, "a_pm_3": 20.0, "a_pp_1": -40.0, "a_pp_2": 20.0, "a_pp_3": 20.0}, "datetime": {"datetime": "2024-07-12 22:42:31", "elapsed": 2703.382022, "delta": 11.057955}}
