{"target": -90035.02426624122, "params": {"a_c_1": 13.519234300737761, "a_c_2": 9.00451084823511, "a_mm_0": -16.400284326750032, "a_mm_1": -24.581543458269195, "a_mm_2": 11.814547313760386, "a_mm_3": -1.769445948488361, "a_mp_0": 3.10480916806236, "a_mp_1": -16.986730401808025, "a_mp_2": -3.708512805176504, "a_mp_3": -33.48437415987978, "a_pm_0": 10.117899025035086, "a_pm_1": -31.284427113439516, "a_pm_2": 15.898456684532768, "a_pm_3": 15.334360704926425, "a_pp_1": -17.776486716816954, "a_pp_2": -18.709242584846898, "a_pp_3": -11.789345841532135}, "datetime": {"datetime": "2024-07-12 23:13:21", "elapsed": 4509.395197, "delta": 8.954522}}
{"target": -14356.655503050977, "params": {"a_c_1": 0.0, "a_c_2": 10.0, "a_mm_0": 20.0, "a_mm_1": 20.0, "a_mm_2": 20.0, "a_mm_3": 20.0, "a_mp_0": -40.0, "a_mp_1": 20.0, "a_mp_2": 20.0, "a_mp_3": -39.24447709205263, "a_pm_0": -12.141920030040769, "a_pm_1": 20.0, "a_pm_2": -4.362475895708791, "a_pm_3": -1.4618461660484399, "a_pp_1": 20.0, "a_pp_2": -9.716714370780213, "a_pp_3": 20.0}, "datetime": {"datetime": "2024-07-12 23:13:21", "elapsed": 4651.997972, "delta": 11.516294}}
{"target": -609972.3368010377, "params": {"a_c_1": 16.7132572815639, "a_c_2": 0.5535659668035908, "a_mm_0": -6.49222691662041, "a_mm_1": -23.107167445094145, "a_mm_2": -25.777696584963344, "a_mm_3": 5.620938275816201, "a_mp_0": -14.95853439887729, "a_mp_1": -34.467617973478575, "a_mp_2": -20.233085552571293, "a_mp_3": -24.58706917196846, "a_pm_0": -38.659637846550176, "a_pm_1": -33.64452515156283, "a_pm_2": -30.019349830853912, "a_pm_3": 9.517447504999595, "a_pp_1": -30.496966384293163, "a_pp_2": -23.07091324948309, "a_pp_3": -27.753010429691507}, "datetime": {"datetime": "2024-07-12 23:13:28", "elapsed": 4495.469531, "delta": 9.446591}}
{"target": -199246.34736095325, "params": {"a_c_1": 19.004490855588504, "a_c_2": 2.2767587659689372, "a_mm_0": 0.31676539251422753, "a_mm_1": -21.980725259808516, "a_mm_2": -2.084600436610465, "a_mm_3": -2.5743938840171126, "a_mp_0": -13.196753529236169, "a_mp_1": 14.664724416290404, "a_mp_2": -13.800119400509068, "a_mp_3": -38.52544070931623, "a_pm_0": -9.501322164737921, "a_pm_1": 15.393145634695038, "a_pm_2": -12.801161053341161, "a_pm_3": -3.173232835631744, "a_pp_1": -30.63268020457479, "a_pp_2": -32.723346061358626, "a_pp_3": -25.72518510003681}, "datetime": {"datetime": "2024-07-12 23:13:29", "elapsed": 4561.419857, "delta": 10.050222}}
{"target": -467.0942404410476, "params": {"a_c_1": 20.0, "a_c_2": 10.0, "a_mm_0": -40.0, "a_mm_1": 20.0, "a_mm_2": -15.074673792494663, "a_mm_3": 20.0, "a_mp_0": 20.0, "a_mp_1": -13.35915463753975, "a_mp_2": 20.0, "a_mp_3": 20.0, "a_pm_0": 20.0, "a_pm_1": 20.0, "a_pm_2": 20.0, "a_pm_3": 20.0, "a_pp_1": 20.0, "a_pp_2": 20.0, "a_pp_3": 20.0}, "datetime": {"datetime": "2024-07-12 23:13:32", "elapsed": 4542.222283, "delta": 16.041188}}
{"target": -27300.863396398327, "params": {"a_c_1": 19.00178994754764, "a_c_2": 1.207956649862808, "a_mm_0": -38.93105439450111, "a_mm_1": -23.311410603334966, "a_mm_2": 14.486662401056918, "a_mm_3": 15.186237472199409, "a_mp_0": -32.14978400019333, "a_mp_1": 14.94512309367991, "a_mp_2": -16.561292141147415, "a_mp_3": 1.9417224373133664, "a_pm_0": -28.062605800379977, "a_pm_1": -20.173407251671996, "a_pm_2": 5.660210098167973, "a_pm_3": -14.17556871437015, "a_pp_1": -31.3747387250662, "a_pp_2": 9.9561441232878, "a_pp_3": 14.491024382028051}, "datetime": {"datetime": "2024-07-12 23:13:33", "elapsed": 4664.076714, "delta": 12.078742}}
{"target": -3689.6282657373663, "params": {"a_c_1": 20.0, "a_c_2": 10.0, "a_mm_0": 20.0, "a_mm_1": 20.0, "a_mm_2": 20.0, "a_mm_3": -4.1365886553728695, "a_mp_0": 20.0, "a_mp_1": 20.0, "a_mp_2": -28.423191339971737, "a_mp_3": 20.0, "a_pm_0": 20.0, "a_pm_1": 20.0, "a_pm_2": -17.587150697438386, "a_pm_3": 20.0, "a_pp_1": -40.0, "a_pp_2": 20.0, "a_pp_3": 20.0}, "datetime": {"datetime": "2024-07-12 23:13:33", "elapsed": 4521.571805, "delta": 12.176608}}
{"target": -31351.15741513428, "params": {"a_c_1": 20.0, "a_c_2": 10.0, "a_mm_0": 20.0, "a_mm_1": -40.0, "a_mm_2": 20.0, "a_mm_3": 20.0, "a_mp_0": 20.0, "a_mp_1": 20.0, "a_mp_2": 20.0, "a_mp_3": 20.0, "a_pm_0": -40.0, "a_pm_1": -40.0, "a_pm_2": -26.1911061508513, "a_pm_3": 20.0, "a_pp_1": -40.0, "a_pp_2": 20.0, "a_pp_3": 20.0}, "datetime": {"datetime": "2024-07-12 23:13:41", "elapsed": 4573.488476, "delta": 12.068619}}
{"target": -6777.939860004698, "params": {"a_c_1": 0.0, "a_c_2": 10.0, "a_mm_0": 20.0, "a_mm_1": 20.0, "a_mm_2": -10.54738733522271, "a_mm_3": 20.0, "a_mp_0": 20.0, "a_mp_1": -40.0, "a_mp_2": -35.09564447574639, "a_mp_3": -14.437821580388933, "a_pm_0": 20.0, "a_pm_1": 20.0, "a_pm_2": 20.0, "a_pm_3": 20.0, "a_pp_1": 20.0, "a_pp_2": 20.0, "a_pp_3": 20.0}, "datetime": {"datetime": "2024-07-12 23:13:42", "elapsed": 4509.200764, "delta": 13.731233}}
{"target": -141707.65132235954, "params": {"a_c_1": 6.553387654011075, "a_c_2": 4.026430247959123, "a_mm_0": -21.335633563093367, "a_mm_1": 10.063336696763848, "a_mm_2": -24.47460930069028, "a_mm_3": 18.98219262697134, "a_mp_0": -23.763169139574742, "a_mp_1": 19.003421515158145, "a_mp_2": -38.35450201258586, "a_mp_3": -15.21887736810919, "a_pm_0": -34.16582722378221, "a_pm_1": 12.677349559208253, "a_pm_2": 15.558653701743758, "a_pm_3": -4.795221088096376, "a_pp_1": -37.39655566904762, "a_pp_2": -10.940057158933449, "a_pp_3": -29.893885976750564}, "datetime": {"datetime": "2024-07-12 23:13:43", "elapsed": 4531.436752, "delta": 9.864947}}
{"target": -209872.80431993972, "params": {"a_c_1": 19.839624673174747, "a_c_2": 3.855961895767016, "a_mm_0": -13.547819993663072, "a_mm_1": -21.20411013683908, "a_mm_2": -21.348158754046842, "a_mm_3": 4.842250529556637, "a_mp_0": -39.75318818924491, "a_mp_1": -23.947047693029443, "a_mp_2": -31.13646500719028, "a_mp_3": -1.0687693326243064, "a_pm_0": 10.036757128446034, "a_pm_1": -4.689683257835561, "a_pm_2": -26.00306399072311, "a_pm_3": 8.06641474617107, "a_pp_1": -4.063943150185743, "a_pp_2": 1.1753294819269655, "a_pp_3": -30.196583396154765}, "datetime": {"datetime": "2024-07-12 23:13:44", "elapsed": 4553.914782, "delta": 11.692499}}
{"target": -1315.418573143783, "params": {"a_c_1": 20.0, "a_c_2": 10.0, "a_mm_0": 20.0, "a_mm_1": 20.0, "a_mm_2": 20.0, "a_mm_3": 20.0, "a_mp_0": -40.0, "a_mp_1": 20.0, "a_mp_2": 20.0, "a_mp_3": 20.0, "a_pm_0": 20.0, "a_pm_1": -14.738689104365212, "a_pm_2": 20.0, "a_pm_3": -1.5640505173933361, "a_pp_1": -40.0, "a_pp_2": 20.0, "a_pp_3": 20.0}, "datetime": {"datetime": "2024-07-12 23:13:46", "elapsed": 4677.04303, "delta": 12.966316}}
{"target": -189142.02449059984, "params": {"a_c_1": 16.498963691827324, "a_c_2": 1.9819282772724234, "a_mm_0": -24.10582001811323, "a_mm_1": 13.00686149973211, "a_mm_2": 0.6584297208660672, "a_mm_3": -6.719540282197499, "a_mp_0": 6.41497658507469, "a_mp_1": -31.135980632777272, "a_mp_2": 8.707875937419246, "a_mp_3": -29.718417769524592, "a_pm_0": 11.73306743161443, "a_pm_1": 2.197108944573152, "a_pm_2": -1.1085504052180397, "a_pm_3": -5.487915135824643, "a_pp_1": -27.143668978679543, "a_pp_2": -25.634133956241417, "a_pp_3": -39.98422318026313}, "datetime": {"datetime": "2024-07-12 23:13:50", "elapsed": 4581.975982, "delta": 8.487506}}
{"target": -137911.40056854684, "params": {"a_c_1": 7.991884089456276, "a_c_2": 0.04676653634034911, "a_mm_0": 16.719151498241615, "a_mm_1": -0.8207609095473529, "a_mm_2": -33.614741467555305, "a_mm_3": -5.675253216513369, "a_mp_0": -4.370847260865375, "a_mp_1": 15.001585251888315, "a_mp_2": -38.200622135233786, "a_mp_3": -33.694646534528836, "a_pm_0": -3.42629419298801, "a_pm_1": -17.99990048252498, "a_pm_2": -12.222385523162728, "a_pm_3": 5.3495449631420655, "a_pp_1": 14.355983826425685, "a_pp_2": 16.96967505399413, "a_pp_3": -9.519136511525403}, "datetime": {"datetime": "2024-07-12 23:13:54", "elapsed": 4563.56123, "delta": 9.646448}}
{"target": -982.5067035270391, "params": {"a_c_1": 5.532899972409753, "a_c_2": 9.745784586658981, "a_mm_0": -19.781266153334368, "a_mm_1": -3.4391980502520667, "a_mm_2": -3.969518115397939, "a_mm_3": 13.187496695411369, "a_mp_0": -6.337211815047411, "a_mp_1": -4.950994242512024, "a_mp_2": -4.479548929791179, "a_mp_3": -0.2892092728061044, "a_pm_0": 0.1298625425218347, "a_pm_1": -21.565304256599806, "a_pm_2": 9.594585883316725, "a_pm_3": 4.887897929321532, "a_pp_1": 9.695310237480058, "a_pp_2": 13.73886249713096, "a_pp_3": 9.863702022504299}, "datetime": {"datetime": "2024-07-12 23:13:56", "elapsed": 4523.125828, "delta": 13.925064}}
{"target": -5994.763610846023, "params": {"a_c_1": 0.0, "a_c_2": 10.0, "a_mm_0": -40.0, "a_mm_1": 20.0, "a_mm_2": -40.0, "a_mm_3": 20.0, "a_mp_0": -40.0, "a_mp_1": 20.0, "a_mp_2": 20.0, "a_mp_3": 20.0, "a_pm_0": -40.0, "a_pm_1": 20.0, "a_pm_2": 20.0, "a_pm_3": -12.873392520377465, "a_pp_1": -40.0, "a_pp_2": 20.0, "a_pp_3": 20.0}, "datetime": {"datetime": "2024-07-12 23:13:56", "elapsed": 4544.681375, "delta": 13.244623}}
{"target": -63900.08182052407, "params": {"a_c_1": 7.0174674185264045, "a_c_2": 4.698758182458595, "a_mm_0": 0.030562182016723227, "a_mm_1": 0.686116101739259, "a_mm_2": -30.098687394386182, "a_mm_3": -22.331911522584527, "a_mp_0": -20.147642601455694, "a_mp_1": -24.529354282169454, "a_mp_2": -38.02844826696821, "a_mp_3": 12.101117767811957, "a_pm_0": -4.902796415431638, "a_pm_1": -7.9068552431990895, "a_pm_2": 8.225802912278873, "a_pm_3": 18.850107278684142, "a_pp_1": -1.7679599247270659, "a_pp_2": 6.673162621445613, "a_pp_3": 4.6692362116786725}, "datetime": {"datetime": "2024-07-12 23:13:57", "elapsed": 4687.661588, "delta": 10.618558}}
{"target": -353557.30071688595, "params": {"a_c_1": 15.040028577661433, "a_c_2": 0.8898382200331234, "a_mm_0": 16.13223895747541, "a_mm_1": 3.0547465502275983, "a_mm_2": -9.408443116456379, "a_mm_3": 8.823425046039347, "a_mp_0": -7.654827556514007, "a_mp_1": 13.05041477742595, "a_mp_2": -30.81890183449817, "a_mp_3": -25.73989003299811, "a_pm_0": -34.29041428524262, "a_pm_1": -17.360363883601877, "a_pm_2": -38.31509007363392, "a_pm_3": -29.134338837754434, "a_pp_1": -22.781703681253838, "a_pp_2": -32.02155019437945, "a_pp_3": 2.4708399265383107}, "datetime": {"datetime": "2024-07-12 23:14:00", "elapsed": 4592.076436, "delta": 10.100454}}
{"target": -190199.4009664169, "params": {"a_c_1": 19.42352187848517, "a_c_2": 7.059299298238104, "a_mm_0": -9.021972408821021, "a_mm_1": 14.023655077528517, "a_mm_2": -36.02677099008899, "a_mm_3": -17.49346295990755, "a_mp_0": 0.9550393492333882, "a_mp_1": -36.54067176656902, "a_mp_2": 13.336881219816213, "a_mp_3": -13.289576732592668, "a_pm_0": 7.000054483364089, "a_pm_1": -21.98095227382576, "a_pm_2": -8.95782768967566, "a_pm_3": -7.672333928538556, "a_pp_1": -37.17120206442476, "a_pp_2": -6.325711674776521, "a_pp_3": 8.509972051144217}, "datetime": {"datetime": "2024-07-12 23:14:06", "elapsed": 4554.9738, "delta": 10.292425}}
{"target": -12238.499113136495, "params": {"a_c_1": 20.0, "a_c_2": 10.0, "a_mm_0": -40.0, "a_mm_1": -40.0, "a_mm_2": 20.0, "a_mm_3": 20.0, "a_mp_0": -40.0, "a_mp_1": 19.999999999999996, "a_mp_2": 20.0, "a_mp_3": 20.0, "a_pm_0": 20.0, "a_pm_1": 20.0, "a_pm_2": 20.0, "a_pm_3": 20.0, "a_pp_1": -40.0, "a_pp_2": 20.0, "a_pp_3": 20.0}, "datetime": {"datetime": "2024-07-12 23:14:07", "elapsed": 4697.774212, "delta": 10.112624}}
{"target": -2939.5662003756315, "params": {"a_c_1": 0.0, "a_c_2": 10.0, "a_mm_0": -40.0, "a_mm_1": 20.0, "a_mm_2": -0.8433129698714179, "a_mm_3": 15.463164573198087, "a_mp_0": -1.1476769036797112, "a_mp_1": -8.570810462938173, "a_mp_2": 20.0, "a_mp_3": -15.31942479519195, "a_pm_0": -19.783821511733645, "a_pm_1": 20.0, "a_pm_2": -15.404179531449556, "a_pm_3": 20.0, "a_pp_1": -40.0, "a_pp_2": 20.0, "a_pp_3": 20.0}, "datetime": {"datetime": "2024-07-12 23:14:08", "elapsed": 4578.172102, "delta": 14.610872}}
{"target": -82804.50951277048, "params": {"a_c_1": 14.457383652395821, "a_c_2": 1.4733707467285495, "a_mm_0": -1.5053442880980086, "a_mm_1": -4.067092153560189, "a_mm_2": -13.880601437847265, "a_mm_3": -20.835391642940778, "a_mp_0": 1.312468600263152, "a_mp_1": 13.03136027989455, "a_mp_2": -6.688117768470931, "a_mp_3": 14.666163649772251, "a_pm_0": -24.316419353919645, "a_pm_1": -15.187378047509451, "a_pm_2": -6.616824320478891, "a_pm_3": -8.276609750039583, "a_pp_1": -16.83202494128144, "a_pp_2": -11.251656811045954, "a_pp_3": -8.103531928332451}, "datetime": {"datetime": "2024-07-12 23:14:08", "elapsed": 4600.572638, "delta": 8.496202}}
{"target": -5798.293049277804, "params": {"a_c_1": 0.0, "a_c_2": 10.0, "a_mm_0": 20.0, "a_mm_1": -40.0, "a_mm_2": -40.0, "a_mm_3": 20.0, "a_mp_0": 20.0, "a_mp_1": -40.0, "a_mp_2": 20.0, "a_mp_3": 20.0, "a_pm_0": 20.0, "a_pm_1": 20.0, "a_pm_2": 20.0, "a_pm_3": 20.0, "a_pp_1": 20.0, "a_pp_2": 20.0, "a_pp_3": 20.0}, "datetime": {"datetime": "2024-07-12 23:14:10", "elapsed": 4537.640101, "delta": 14.514273}}
{"target": -26607.937369054234, "params": {"a_c_1": 20.0, "a_c_2": 10.0, "a_mm_0": -40.0, "a_mm_1": -40.0, "a_mm_2": -20.150451599073527, "a_mm_3": 20.0, "a_mp_0": 20.0, "a_mp_1": 2.1885777887393645, "a_mp_2": 20.0, "a_mp_3": -40.0, "a_pm_0": 20.0, "a_pm_1": 20.0, "a_pm_2": 20.0, "a_pm_3": 20.0, "a_pp_1": 20.0, "a_pp_2": 20.0, "a_pp_3": 20.0}, "datetime": {"datetime": "2024-07-12 23:14:19", "elapsed": 4709.945086, "delta": 12.170874}}
{"target": -15581.013397160004, "params": {"a_c_1": 0.0, "a_c_2": 0.0, "a_mm_0": -40.0, "a_mm_1": 20.0, "a_mm_2": -16.285732161934707, "a_mm_3": 20.0, "a_mp_0": -40.0, "a_mp_1": -7.3713304081243285, "a_mp_2": 20.0, "a_mp_3": 20.0, "a_pm_0": -40.0, "a_pm_1": -20.22675320534141, "a_pm_2": 20.0, "a_pm_3": 20.0, "a_pp_1": 20.0, "a_pp_2": -6.1191443371969285, "a_pp_3": -5.900099203317462}, "datetime": {"datetime": "2024-07-12 23:14:19", "elapsed": 4567.426356, "delta": 12.452556}}
{"target": -51137.536711609384, "params": {"a_c_1": 20.0, "a_c_2": 10.0, "a_mm_0": -40.0, "a_mm_1": -40.0, "a_mm_2": 20.0, "a_mm_3": 20.0, "a_mp_0": -40.0, "a_mp_1": 20.0, "a_mp_2": 20.0, "a_mp_3": -40.0, "a_pm_0": 20.0, "a_pm_1": -40.0, "a_pm_2": -22.499475586849947, "a_pm_3": 20.0, "a_pp_1": 20.0, "a_pp_2": 20.0, "a_pp_3": 20.0}, "datetime": {"datetime": "2024-07-12 23:14:20", "elapsed": 4589.668144, "delta": 11.496042}}
{"target": -4606.792459385118, "params": {"a_c_1": 20.0, "a_c_2": 10.0, "a_mm_0": 20.0, "a_mm_1": 20.0, "a_mm_2": 20.0, "a_mm_3": 20.0, "a_mp_0": 20.0, "a_mp_1": -40.0, "a_mp_2": -19.898574448980828, "a_mp_3": 20.0, "a_pm_0": 20.0, "a_pm_1": -40.0, "a_pm_2": 20.0, "a_pm_3": 20.0, "a_pp_1": 20.0, "a_pp_2": 20.0, "a_pp_3": 20.0}, "datetime": {"datetime": "2024-07-12 23:14:21", "elapsed": 4613.129351, "delta": 12.556713}}
{"target": -2756.674372638807, "params": {"a_c_1": 20.0, "a_c_2": 10.0, "a_mm_0": 20.0, "a_mm_1": 20.0, "a_mm_2": 20.0, "a_mm_3": 20.0, "a_mp_0": 20.0, "a_mp_1": 20.0, "a_mp_2": 20.0, "a_mp_3": -20.13749082675126, "a_pm_0": 20.0, "a_pm_1": 20.0, "a_pm_2": -8.128206797805214, "a_pm_3": 20.0, "a_pp_1": 20.0, "a_pp_2": 20.0, "a_pp_3": 20.0}, "datetime": {"datetime": "2024-07-12 23:14:23", "elapsed": 4550.573409, "delta": 12.933308}}
{"target": -48470.39922139839, "params": {"a_c_1": 0.0, "a_c_2": 10.0, "a_mm_0": -40.0, "a_mm_1": 20.0, "a_mm_2": 20.0, "a_mm_3": 20.0, "a_mp_0": -40.0, "a_mp_1": -40.0, "a_mp_2": 20.0, "a_mp_3": 20.0, "a_pm_0": 20.0, "a_pm_1": 20.0, "a_pm_2": 20.0, "a_pm_3": 20.0, "a_pp_1": 20.0, "a_pp_2": -40.0, "a_pp_3": 20.0}, "datetime": {"datetime": "2024-07-12 23:14:31", "elapsed": 4600.548851, "delta": 10.880707}}
{"target": -7790.887918543284, "params": {"a_c_1": 20.0, "a_c_2": 10.0, "a_mm_0": 20.0, "a_mm_1": -40.0, "a_mm_2": 20.0, "a_mm_3": -2.4474341034883142, "a_mp_0": 20.0, "a_mp_1": 20.0, "a_mp_2": -40.0, "a_mp_3": 20.0, "a_pm_0": 20.0, "a_pm_1": 20.0, "a_pm_2": 20.0, "a_pm_3": 20.0, "a_pp_1": 20.0, "a_pp_2": 20.0, "a_pp_3": 20.0}, "datetime": {"datetime": "2024-07-12 23:14:31", "elapsed": 4579.38528, "delta": 11.958924}}
{"target": -227466.30195391632, "params": {"a_c_1": 10.31115642061244, "a_c_2": 0.1697881226935094, "a_mm_0": 10.747201811176069, "a_mm_1": 0.5974124030688941, "a_mm_2": 18.344817836639486, "a_mm_3": -15.58799821796553, "a_mp_0": -25.372704839316903, "a_mp_1": 8.549158332526162, "a_mp_2": 8.960402929782042, "a_mp_3": -19.060599912617164, "a_pm_0": -8.894149965715819, "a_pm_1": 5.017265548679063, "a_pm_2": 19.826844565135787, "a_pm_3": -24.36630196049932, "a_pp_1": 18.48460605199982, "a_pp_2": -10.559022337192815, "a_pp_3": -27.099012184267902}, "datetime": {"datetime": "2024-07-12 23:14:32", "elapsed": 4559.582434, "delta": 9.009025}}
{"target": -4277.327446593931, "params": {"a_c_1": 0.0, "a_c_2": 10.0, "a_mm_0": 20.0, "a_mm_1": -40.0, "a_mm_2": -1.126220081726104, "a_mm_3": -5.385202938610187, "a_mp_0": 20.0, "a_mp_1": 20.0, "a_mp_2": -8.0216322765139, "a_mp_3": 20.0, "a_pm_0": 20.0, "a_pm_1": -0.6645260921659388, "a_pm_2": -8.560767308225484, "a_pm_3": -11.338056394219551, "a_pp_1": -5.855173454295692, "a_pp_2": 20.0, "a_pp_3": 20.0}, "datetime": {"datetime": "2024-07-12 23:14:32", "elapsed": 4723.27611, "delta": 13.331024}}
{"target": -6018.483122321919, "params": {"a_c_1": 20.0, "a_c_2": 10.0, "a_mm_0": -40.0, "a_mm_1": 20.0, "a_mm_2": -40.0, "a_mm_3": 20.0, "a_mp_0": 20.0, "a_mp_1": 20.0, "a_mp_2": 20.0, "a_mp_3": 20.0, "a_pm_0": 20.0, "a_pm_1": -40.0, "a_pm_2": 20.0, "a_pm_3": 20.0, "a_pp_1": -40.0, "a_pp_2": 20.0, "a_pp_3": 20.0}, "datetime": {"datetime": "2024-07-12 23:14:33", "elapsed": 4625.451806, "delta": 12.322455}}
{"target": -43318.39900162959, "params": {"a_c_1": 0.0470704700439839, "a_c_2": 6.936919747721094, "a_mm_0": -34.503640906209526, "a_mm_1": -18.980310571300592, "a_mm_2": -14.566189995845015, "a_mm_3": 2.205800709658334, "a_mp_0": -38.531965237765306, "a_mp_1": -12.696628203737394, "a_mp_2": 12.652360863133694, "a_mp_3": -9.278691238245138, "a_pm_0": -31.34555112208363, "a_pm_1": -27.15475721788453, "a_pm_2": -26.883564266668316, "a_pm_3": -3.4648589604473656, "a_pp_1": 14.285704019657445, "a_pp_2": 17.424211847371517, "a_pp_3": 8.823522622036464}, "datetime": {"datetime": "2024-07-12 23:14:40", "elapsed": 4588.712249, "delta": 9.326969}}
{"target": -294740.3527837075, "params": {"a_c_1": 6.594177863542077, "a_c_2": 8.644195870309323, "a_mm_0": -18.79832591932095, "a_mm_1": -18.798926503378183, "a_mm_2": -30.60321387153944, "a_mm_3": -8.486361389875352, "a_mp_0": -26.000181569819116, "a_mp_1": 17.203607115896737, "a_mp_2": -8.649407678422001, "a_mp_3": -32.28021091971135, "a_pm_0": 0.8981293255414826, "a_pm_1": -38.09783884271911, "a_pm_2": -23.605549989030298, "a_pm_3": -5.786452905692876, "a_pp_1": -1.7883733602331233, "a_pp_2": -38.09912741853865, "a_pp_3": 13.064350316475284}, "datetime": {"datetime": "2024-07-12 23:14:41", "elapsed": 4568.488841, "delta": 8.906407}}
{"target": -2025.242502598846, "params": {"a_c_1": 0.0, "a_c_2": 10.0, "a_mm_0": -40.0, "a_mm_1": 20.0, "a_mm_2": 20.0, "a_mm_3": 20.0, "a_mp_0": -40.0, "a_mp_1": 20.0, "a_mp_2": 20.0, "a_mp_3": 20.0, "a_pm_0": 20.0, "a_pm_1": -40.0, "a_pm_2": 20.0, "a_pm_3": 20.0, "a_pp_1": 20.0, "a_pp_2": 20.0, "a_pp_3": 20.0}, "datetime": {"datetime": "2024-07-12 23:14:41", "elapsed": 4633.53037, "delta": 8.078564}}
{"target": -13052.991203314104, "params": {"a_c_1": 20.0, "a_c_2": 10.0, "a_mm_0": -40.0, "a_mm_1": 20.0, "a_mm_2": 20.0, "a_mm_3": 20.0, "a_mp_0": -40.0, "a_mp_1": -19.13364327069321, "a_mp_2": 20.0, "a_mp_3": -6.553858052990556, "a_pm_0": -40.0, "a_pm_1": 20.0, "a_pm_2": 20.0, "a_pm_3": 1.850930717048106, "a_pp_1": 20.0, "a_pp_2": -10.34253048881375, "a_pp_3": -15.149140772603104}, "datetime": {"datetime": "2024-07-12 23:14:42", "elapsed": 4733.496466, "delta": 10.220356}}
{"target": -3394.9241079089757, "params": {"a_c_1": 20.0, "a_c_2": 10.0, "a_mm_0": -40.0, "a_mm_1": -0.8888470084839811, "a_mm_2": -0.04828111280960447, "a_mm_3": -5.176212957407699, "a_mp_0": 20.0, "a_mp_1": -40.0, "a_mp_2": -5.920052456610158, "a_mp_3": 20.0, "a_pm_0": 20.0, "a_pm_1": 20.0, "a_pm_2": 20.0, "a_pm_3": -9.299529412083345, "a_pp_1": -12.824971533205787, "a_pp_2": 9.204552259287786, "a_pp_3": 20.0}, "datetime": {"datetime": "2024-07-12 23:14:43", "elapsed": 4613.258165, "delta": 12.709314}}
{"target": -6162.088781326159, "params": {"a_c_1": 20.0, "a_c_2": 10.0, "a_mm_0": 20.0, "a_mm_1": 20.0, "a_mm_2": -40.0, "a_mm_3": 20.0, "a_mp_0": 20.0, "a_mp_1": 20.0, "a_mp_2": 20.0, "a_mp_3": 20.0, "a_pm_0": 20.0, "a_pm_1": 20.0, "a_pm_2": 20.0, "a_pm_3": -19.009020334632194, "a_pp_1": -6.685930006800022, "a_pp_2": 20.0, "a_pp_3": 20.0}, "datetime": {"datetime": "2024-07-12 23:14:51", "elapsed": 4599.792133, "delta": 11.079884}}
{"target": -18266.22382364409, "params": {"a_c_1": 20.0, "a_c_2": 10.0, "a_mm_0": 20.0, "a_mm_1": 20.0, "a_mm_2": 20.0, "a_mm_3": 20.0, "a_mp_0": -40.0, "a_mp_1": -40.0, "a_mp_2": 20.0, "a_mp_3": -40.0, "a_pm_0": -40.0, "a_pm_1": 20.0, "a_pm_2": 20.0, "a_pm_3": 20.0, "a_pp_1": 20.0, "a_pp_2": 20.0, "a_pp_3": 20.0}, "datetime": {"datetime": "2024-07-12 23:14:53", "elapsed": 4744.031313, "delta": 10.534847}}
{"target": -13005.361705388666, "params": {"a_c_1": 20.0, "a_c_2": 10.0, "a_mm_0": -40.0, "a_mm_1": -40.0, "a_mm_2": 20.0, "a_mm_3": 20.0, "a_mp_0": 20.0, "a_mp_1": 20.0, "a_mp_2": 20.0, "a_mp_3": 20.0, "a_pm_0": 20.0, "a_pm_1": 20.0, "a_pm_2": -20.07263152593568, "a_pm_3": 20.0, "a_pp_1": -40.0, "a_pp_2": 20.0, "a_pp_3": 20.0}, "datetime": {"datetime": "2024-07-12 23:14:54", "elapsed": 4645.947196, "delta": 12.416826}}
{"target": -11556.15242145224, "params": {"a_c_1": 0.0, "a_c_2": 10.0, "a_mm_0": -40.0, "a_mm_1": -40.0, "a_mm_2": 20.0, "a_mm_3": 20.0, "a_mp_0": 20.0, "a_mp_1": -40.0, "a_mp_2": -40.0, "a_mp_3": 20.0, "a_pm_0": -40.0, "a_pm_1": 20.0, "a_pm_2": 20.0, "a_pm_3": 20.0, "a_pp_1": 20.0, "a_pp_2": 20.0, "a_pp_3": 20.0}, "datetime": {"datetime": "2024-07-12 23:14:54", "elapsed": 4581.559821, "delta": 13.07098}}
