{"target": -25507.74784025437, "params": {"a_c_1": 20.0, "a_c_2": 10.0, "a_mm_0": 20.0, "a_mm_1": -19.111855620242068, "a_mm_2": 20.0, "a_mm_3": -21.53664489622579, "a_mp_0": 20.0, "a_mp_1": -40.0, "a_mp_2": 20.0, "a_mp_3": 20.0, "a_pm_0": 20.0, "a_pm_1": 20.0, "a_pm_2": -18.411398247073244, "a_pm_3": 20.0, "a_pp_1": -22.520419217023743, "a_pp_2": 20.0, "a_pp_3": 20.0}, "datetime": {"datetime": "2024-07-12 22:46:57", "elapsed": 3068.182184, "delta": 12.244804}}
{"target": -15229.030408176228, "params": {"a_c_1": 0.0, "a_c_2": 0.0, "a_mm_0": 20.0, "a_mm_1": 20.0, "a_mm_2": 20.0, "a_mm_3": 20.0, "a_mp_0": -40.0, "a_mp_1": -40.0, "a_mp_2": 20.0, "a_mp_3": 20.0, "a_pm_0": -40.0, "a_pm_1": 20.0, "a_pm_2": 20.0, "a_pm_3": 20.0, "a_pp_1": -40.0, "a_pp_2": 20.0, "a_pp_3": 20.0}, "datetime": {"datetime": "2024-07-12 22:46:58", "elapsed": 2926.240144, "delta": 8.296092}}
{"target": -16239.639313663662, "params": {"a_c_1": 0.0, "a_c_2": 10.0, "a_mm_0": -40.0, "a_mm_1": -40.0, "a_mm_2": 20.0, "a_mm_3": 20.0, "a_mp_0": 20.0, "a_mp_1": 20.0, "a_mp_2": -10.766572867733137, "a_mp_3": 20.0, "a_pm_0": -40.0, "a_pm_1": 20.0, "a_pm_2": -40.0, "a_pm_3": 20.0, "a_pp_1": -40.0, "a_pp_2": 20.0, "a_pp_3": 20.0}, "datetime": {"datetime": "2024-07-12 22:46:59", "elapsed": 2971.335835, "delta": 11.066369}}
{"target": -4857.590735372842, "params": {"a_c_1": 20.0, "a_c_2": 10.0, "a_mm_0": -40.0, "a_mm_1": 20.0, "a_mm_2": -12.158266226162855, "a_mm_3": 20.0, "a_mp_0": -40.0, "a_mp_1": 20.0, "a_mp_2": 20.0, "a_mp_3": -23.030734848394022, "a_pm_0": -20.276259835446087, "a_pm_1": 20.0, "a_pm_2": 14.777411096325716, "a_pm_3": 20.0, "a_pp_1": -40.0, "a_pp_2": 20.0, "a_pp_3": 20.0}, "datetime": {"datetime": "2024-07-12 22:47:04", "elapsed": 2954.112943, "delta": 12.594506}}
{"target": -220443.43545257856, "params": {"a_c_1": 13.092977815199582, "a_c_2": 3.344689615749207, "a_mm_0": -19.471743726939902, "a_mm_1": 15.162731692220746, "a_mm_2": 17.262782494742055, "a_mm_3": -28.269906501611462, "a_mp_0": -33.92470379828451, "a_mp_1": 7.184965275672717, "a_mp_2": -23.51084444656755, "a_mp_3": 10.831397962718022, "a_pm_0": -1.2509958772077638, "a_pm_1": 6.090879486446887, "a_pm_2": -30.29717021215881, "a_pm_3": -1.8850756496008287, "a_pp_1": 0.3307345973346614, "a_pp_2": 10.547947990386874, "a_pp_3": -38.54648831841884}, "datetime": {"datetime": "2024-07-12 22:47:05", "elapsed": 3076.31243, "delta": 8.130246}}
{"target": -37613.01202006201, "params": {"a_c_1": 0.0, "a_c_2": 10.0, "a_mm_0": 20.0, "a_mm_1": 20.0, "a_mm_2": -40.0, "a_mm_3": -21.160177548963745, "a_mp_0": 20.0, "a_mp_1": 20.0, "a_mp_2": 1.8281436772282433, "a_mp_3": 20.0, "a_pm_0": 20.0, "a_pm_1": 20.0, "a_pm_2": 20.0, "a_pm_3": -9.698272865221515, "a_pp_1": -40.0, "a_pp_2": 20.0, "a_pp_3": 20.0}, "datetime": {"datetime": "2024-07-12 22:47:07", "elapsed": 2914.156746, "delta": 11.181955}}
{"target": -61161.35430062377, "params": {"a_c_1": 20.0, "a_c_2": 10.0, "a_mm_0": -40.0, "a_mm_1": 20.0, "a_mm_2": -40.0, "a_mm_3": 20.0, "a_mp_0": -40.0, "a_mp_1": 20.0, "a_mp_2": 20.0, "a_mp_3": 20.0, "a_pm_0": 20.0, "a_pm_1": -40.0, "a_pm_2": 20.0, "a_pm_3": 20.0, "a_pp_1": 20.0, "a_pp_2": -12.12045466102671, "a_pp_3": 20.0}, "datetime": {"datetime": "2024-07-12 22:47:07", "elapsed": 2935.536356, "delta": 9.296212}}
{"target": -6241.891031284538, "params": {"a_c_1": 20.0, "a_c_2": 10.0, "a_mm_0": 20.0, "a_mm_1": -40.0, "a_mm_2": 20.0, "a_mm_3": 20.0, "a_mp_0": 20.0, "a_mp_1": 20.0, "a_mp_2": -15.604881351635486, "a_mp_3": 20.0, "a_pm_0": -40.0, "a_pm_1": -20.524112881295764, "a_pm_2": -40.0, "a_pm_3": 20.0, "a_pp_1": 20.0, "a_pp_2": 20.0, "a_pp_3": 20.0}, "datetime": {"datetime": "2024-07-12 22:47:11", "elapsed": 2983.080458, "delta": 11.744623}}
{"target": -46031.02839140943, "params": {"a_c_1": 20.0, "a_c_2": 10.0, "a_mm_0": 20.0, "a_mm_1": 20.0, "a_mm_2": -40.0, "a_mm_3": 20.0, "a_mp_0": 20.0, "a_mp_1": 20.0, "a_mp_2": 20.0, "a_mp_3": -26.458621166566502, "a_pm_0": -40.0, "a_pm_1": -40.0, "a_pm_2": 20.0, "a_pm_3": 20.0, "a_pp_1": -40.0, "a_pp_2": 20.0, "a_pp_3": 20.0}, "datetime": {"datetime": "2024-07-12 22:47:15", "elapsed": 3086.454745, "delta": 10.142315}}
{"target": -5230.241684073385, "params": {"a_c_1": 0.0, "a_c_2": 10.0, "a_mm_0": -40.0, "a_mm_1": 20.0, "a_mm_2": 20.0, "a_mm_3": 20.0, "a_mp_0": 20.0, "a_mp_1": 20.0, "a_mp_2": 20.0, "a_mp_3": 20.0, "a_pm_0": -40.0, "a_pm_1": 20.0, "a_pm_2": -9.961092415547707, "a_pm_3": 20.0, "a_pp_1": -40.0, "a_pp_2": -3.8290023693946944, "a_pp_3": 20.0}, "datetime": {"datetime": "2024-07-12 22:47:16", "elapsed": 2965.503376, "delta": 11.390433}}
{"target": -148478.7043059222, "params": {"a_c_1": 6.850699869435375, "a_c_2": 0.20769454104831886, "a_mm_0": -9.025554642186961, "a_mm_1": 6.496203411634625, "a_mm_2": -8.974292264084614, "a_mm_3": -25.363500751745523, "a_mp_0": -32.01202509076588, "a_mp_1": -2.684745911020471, "a_mp_2": -36.675254909022335, "a_mp_3": -23.800316219497493, "a_pm_0": -29.768103147011594, "a_pm_1": -18.79464493317886, "a_pm_2": 12.708605420493193, "a_pm_3": -26.210609439407314, "a_pp_1": 16.314683149631634, "a_pp_2": 8.49597732784872, "a_pp_3": 12.862296673446899}, "datetime": {"datetime": "2024-07-12 22:47:16", "elapsed": 2944.456894, "delta": 8.920538}}
{"target": -5502.145409326891, "params": {"a_c_1": 0.0, "a_c_2": 10.0, "a_mm_0": 20.0, "a_mm_1": 20.0, "a_mm_2": 20.0, "a_mm_3": -9.949913971216233, "a_mp_0": 20.0, "a_mp_1": -40.0, "a_mp_2": -19.34929991948077, "a_mp_3": -7.194822807442699, "a_pm_0": -40.0, "a_pm_1": -40.0, "a_pm_2": 20.0, "a_pm_3": 20.0, "a_pp_1": 20.0, "a_pp_2": 20.0, "a_pp_3": 20.0}, "datetime": {"datetime": "2024-07-12 22:47:19", "elapsed": 2926.127211, "delta": 11.970465}}
{"target": -29136.514057211516, "params": {"a_c_1": 0.0, "a_c_2": 10.0, "a_mm_0": -40.0, "a_mm_1": -40.0, "a_mm_2": 20.0, "a_mm_3": 20.0, "a_mp_0": 20.0, "a_mp_1": -40.0, "a_mp_2": 20.0, "a_mp_3": 20.0, "a_pm_0": 20.0, "a_pm_1": -40.0, "a_pm_2": 20.0, "a_pm_3": 20.0, "a_pp_1": -40.0, "a_pp_2": 20.0, "a_pp_3": 20.0}, "datetime": {"datetime": "2024-07-12 22:47:21", "elapsed": 2993.142931, "delta": 10.062473}}
{"target": -7130.8109578431495, "params": {"a_c_1": 0.0, "a_c_2": 10.0, "a_mm_0": 20.0, "a_mm_1": -40.0, "a_mm_2": 20.0, "a_mm_3": 20.0, "a_mp_0": -40.0, "a_mp_1": 20.0, "a_mp_2": -40.0, "a_mp_3": 20.0, "a_pm_0": -40.0, "a_pm_1": 20.0, "a_pm_2": -10.551272689521939, "a_pm_3": 20.0, "a_pp_1": 20.0, "a_pp_2": 20.0, "a_pp_3": 20.0}, "datetime": {"datetime": "2024-07-12 22:47:26", "elapsed": 3097.48897, "delta": 11.034225}}
{"target": -4519.848061802489, "params": {"a_c_1": 20.0, "a_c_2": 10.0, "a_mm_0": 20.0, "a_mm_1": 20.0, "a_mm_2": -21.2227562518051, "a_mm_3": 20.0, "a_mp_0": 20.0, "a_mp_1": 20.0, "a_mp_2": 20.0, "a_mp_3": 20.0, "a_pm_0": 20.0, "a_pm_1": 20.0, "a_pm_2": -37.05324057193136, "a_pm_3": 20.0, "a_pp_1": -40.0, "a_pp_2": 20.0, "a_pp_3": 20.0}, "datetime": {"datetime": "2024-07-12 22:47:27", "elapsed": 2955.442841, "delta": 10.985947}}
{"target": -19968.048085055776, "params": {"a_c_1": 0.0, "a_c_2": 10.0, "a_mm_0": 20.0, "a_mm_1": 20.0, "a_mm_2": 20.0, "a_mm_3": -26.91923001743547, "a_mp_0": 20.0, "a_mp_1": -40.0, "a_mp_2": 20.0, "a_mp_3": 20.0, "a_pm_0": -40.0, "a_pm_1": -40.0, "a_pm_2": 20.0, "a_pm_3": 20.0, "a_pp_1": 20.0, "a_pp_2": -3.8398468667570502, "a_pp_3": 20.0}, "datetime": {"datetime": "2024-07-12 22:47:28", "elapsed": 2977.416938, "delta": 11.913562}}
{"target": -70894.130926191, "params": {"a_c_1": 18.08732318442128, "a_c_2": 4.9251162093480785, "a_mm_0": -21.08133183784833, "a_mm_1": 15.718682612625905, "a_mm_2": -11.298554657030682, "a_mm_3": -12.495057200265794, "a_mp_0": 11.704169690488506, "a_mp_1": -9.825613874850418, "a_mp_2": -31.393906890508777, "a_mp_3": -2.411392765797004, "a_pm_0": -8.843709129335267, "a_pm_1": -18.923653327871747, "a_pm_2": 14.818343383244972, "a_pm_3": 11.276296933319678, "a_pp_1": -21.21191035005794, "a_pp_2": -22.766627661729025, "a_pp_3": 0.9259676233506937}, "datetime": {"datetime": "2024-07-12 22:47:29", "elapsed": 2936.231086, "delta": 10.103875}}
{"target": -21183.350408482416, "params": {"a_c_1": 0.0, "a_c_2": 10.0, "a_mm_0": 20.0, "a_mm_1": 20.0, "a_mm_2": 20.0, "a_mm_3": 20.0, "a_mp_0": 20.0, "a_mp_1": 20.0, "a_mp_2": -36.609394001816995, "a_mp_3": 20.0, "a_pm_0": -40.0, "a_pm_1": 20.0, "a_pm_2": -40.0, "a_pm_3": 20.0, "a_pp_1": -9.053893865004591, "a_pp_2": 20.0, "a_pp_3": 20.0}, "datetime": {"datetime": "2024-07-12 22:47:31", "elapsed": 3003.313825, "delta": 10.170894}}
{"target": -273846.7132053677, "params": {"a_c_1": 9.576921869711798, "a_c_2": 1.4890713291925373, "a_mm_0": 13.690646345604065, "a_mm_1": -6.280585920793811, "a_mm_2": -8.112937025216645, "a_mm_3": -29.184222529484778, "a_mp_0": -9.118916812037078, "a_mp_1": -3.1057333761176977, "a_mp_2": -20.71887639491115, "a_mp_3": -32.47750064310385, "a_pm_0": -39.21161460786052, "a_pm_1": -30.76786727304567, "a_pm_2": -7.932031702104332, "a_pm_3": -13.354725009060623, "a_pp_1": -29.189665141766838, "a_pp_2": 1.2362977521424625, "a_pp_3": -18.610197489604026}, "datetime": {"datetime": "2024-07-12 22:47:34", "elapsed": 3105.120987, "delta": 7.632017}}
{"target": -75410.81523594655, "params": {"a_c_1": 12.697404001435856, "a_c_2": 6.379373672422554, "a_mm_0": -28.052472145434137, "a_mm_1": -6.502632978166005, "a_mm_2": 10.841192808462047, "a_mm_3": 13.72048220382834, "a_mp_0": -35.48759578203938, "a_mp_1": 6.829655418914911, "a_mp_2": -12.607609018938607, "a_mp_3": -1.579215835230876, "a_pm_0": 13.476557747245373, "a_pm_1": -32.1683618814623, "a_pm_2": -9.715852790279737, "a_pm_3": -4.7653587469120495, "a_pp_1": 1.366145586325267, "a_pp_2": -25.33606957782788, "a_pp_3": 16.4980265153757}, "datetime": {"datetime": "2024-07-12 22:47:36", "elapsed": 2964.264121, "delta": 8.82128}}
{"target": -284497.9254049033, "params": {"a_c_1": 2.4016755319465566, "a_c_2": 5.701322072272054, "a_mm_0": -14.324544070111013, "a_mm_1": -34.72835650905657, "a_mm_2": 12.051919258325654, "a_mm_3": -37.59518498080645, "a_mp_0": -26.87555233190274, "a_mp_1": 12.227363225355916, "a_mp_2": -19.512970809680496, "a_mp_3": -29.656440903344325, "a_pm_0": -16.962594530633602, "a_pm_1": 8.839815419638747, "a_pm_2": 19.93164803600847, "a_pm_3": -15.182375084875414, "a_pp_1": -19.15187494383684, "a_pp_2": -25.64264097576377, "a_pp_3": -14.559441776889162}, "datetime": {"datetime": "2024-07-12 22:47:38", "elapsed": 2945.610772, "delta": 9.379686}}
{"target": -2072.3830424747803, "params": {"a_c_1": 0.0, "a_c_2": 10.0, "a_mm_0": -40.0, "a_mm_1": 20.0, "a_mm_2": -13.612129823440624, "a_mm_3": 1.2178206823560778, "a_mp_0": 20.0, "a_mp_1": 20.0, "a_mp_2": 20.0, "a_mp_3": 20.0, "a_pm_0": -40.0, "a_pm_1": -40.0, "a_pm_2": -24.435429828943725, "a_pm_3": 20.0, "a_pp_1": 20.0, "a_pp_2": 20.0, "a_pp_3": 20.0}, "datetime": {"datetime": "2024-07-12 22:47:40", "elapsed": 2989.737168, "delta": 12.32023}}
{"target": -32798.35083906493, "params": {"a_c_1": 20.0, "a_c_2": 10.0, "a_mm_0": 20.0, "a_mm_1": 20.0, "a_mm_2": 20.0, "a_mm_3": 20.0, "a_mp_0": 20.0, "a_mp_1": 20.0, "a_mp_2": 20.0, "a_mp_3": -40.0, "a_pm_0": 20.0, "a_pm_1": -40.0, "a_pm_2": -40.0, "a_pm_3": 20.0, "a_pp_1": 20.0, "a_pp_2": 20.0, "a_pp_3": 20.0}, "datetime": {"datetime": "2024-07-12 22:47:42", "elapsed": 3014.147233, "delta": 10.833408}}
{"target": -23741.769478131726, "params": {"a_c_1": 0.0, "a_c_2": 10.0, "a_mm_0": 20.0, "a_mm_1": 20.0, "a_mm_2": -37.25742875063597, "a_mm_3": -25.477526077747882, "a_mp_0": 0.6755374131845491, "a_mp_1": 20.0, "a_mp_2": -25.980883683514584, "a_mp_3": 20.0, "a_pm_0": -40.0, "a_pm_1": -40.0, "a_pm_2": 20.0, "a_pm_3": 20.0, "a_pp_1": 20.0, "a_pp_2": 20.0, "a_pp_3": 20.0}, "datetime": {"datetime": "2024-07-12 22:47:46", "elapsed": 3117.179924, "delta": 12.058937}}
{"target": -161936.00896277328, "params": {"a_c_1": 12.883710680068415, "a_c_2": 9.219461902056977, "a_mm_0": -30.758487606197544, "a_mm_1": 7.999220615229561, "a_mm_2": -6.922408554836871, "a_mm_3": -0.7554323136320917, "a_mp_0": -35.11995488398456, "a_mp_1": -30.367271151696418, "a_mp_2": 0.7844922561943619, "a_mp_3": 19.860745173546306, "a_pm_0": -17.141627680085534, "a_pm_1": -25.793902643527556, "a_pm_2": 13.844164989411823, "a_pm_3": -26.848733830023036, "a_pp_1": -12.339339907837264, "a_pp_2": -36.498485707890936, "a_pp_3": 2.0922517729059535}, "datetime": {"datetime": "2024-07-12 22:47:46", "elapsed": 2953.70959, "delta": 8.098818}}
{"target": -21178.32474557338, "params": {"a_c_1": 20.0, "a_c_2": 10.0, "a_mm_0": -40.0, "a_mm_1": -0.29975183858643767, "a_mm_2": -40.0, "a_mm_3": 20.0, "a_mp_0": 20.0, "a_mp_1": 20.0, "a_mp_2": 20.0, "a_mp_3": 20.0, "a_pm_0": -40.0, "a_pm_1": 20.0, "a_pm_2": -40.0, "a_pm_3": 20.0, "a_pp_1": 20.0, "a_pp_2": 20.0, "a_pp_3": 20.0}, "datetime": {"datetime": "2024-07-12 22:47:46", "elapsed": 2974.928201, "delta": 10.66408}}
{"target": -5986.967079448279, "params": {"a_c_1": 0.0, "a_c_2": 10.0, "a_mm_0": 20.0, "a_mm_1": 20.0, "a_mm_2": -40.0, "a_mm_3": 20.0, "a_mp_0": -40.0, "a_mp_1": 20.0, "a_mp_2": 20.0, "a_mp_3": 20.0, "a_pm_0": -40.0, "a_pm_1": 20.0, "a_pm_2": 20.0, "a_pm_3": -19.84810239291081, "a_pp_1": -40.0, "a_pp_2": 20.0, "a_pp_3": 20.0}, "datetime": {"datetime": "2024-07-12 22:47:52", "elapsed": 3001.465783, "delta": 11.728615}}
{"target": -10065.812199814352, "params": {"a_c_1": 0.0, "a_c_2": 10.0, "a_mm_0": -40.0, "a_mm_1": -6.010287402305356, "a_mm_2": 12.17098308016117, "a_mm_3": 20.0, "a_mp_0": -20.14239471284295, "a_mp_1": -16.438672416539315, "a_mp_2": -5.317359925141181, "a_mp_3": 20.0, "a_pm_0": 20.0, "a_pm_1": 5.43261523198482, "a_pm_2": 20.0, "a_pm_3": -16.534108757565686, "a_pp_1": 20.0, "a_pp_2": 0.7809592685103829, "a_pp_3": -3.4033477132471464}, "datetime": {"datetime": "2024-07-12 22:47:54", "elapsed": 3026.52677, "delta": 12.379537}}
{"target": -26695.58964636721, "params": {"a_c_1": 0.0, "a_c_2": 10.0, "a_mm_0": 20.0, "a_mm_1": -40.0, "a_mm_2": -40.0, "a_mm_3": 20.0, "a_mp_0": -40.0, "a_mp_1": 20.0, "a_mp_2": 20.0, "a_mp_3": 20.0, "a_pm_0": 20.0, "a_pm_1": 20.0, "a_pm_2": -29.787637887854338, "a_pm_3": 20.0, "a_pp_1": 20.0, "a_pp_2": 20.0, "a_pp_3": 20.0}, "datetime": {"datetime": "2024-07-12 22:47:57", "elapsed": 3127.926538, "delta": 10.746614}}
{"target": -92434.90709687592, "params": {"a_c_1": 2.9720377473377635, "a_c_2": 7.254095165501663, "a_mm_0": -32.38370334758122, "a_mm_1": 5.510240836916907, "a_mm_2": 0.18172751216381755, "a_mm_3": 14.704099783471264, "a_mp_0": 6.130366140938904, "a_mp_1": 4.3834267493557775, "a_mp_2": 1.8183338305617909, "a_mp_3": -30.66509096238546, "a_pm_0": -24.105322198596163, "a_pm_1": 17.348511712298993, "a_pm_2": 1.6364525133638281, "a_pm_3": -8.984127194189078, "a_pp_1": -17.353384171503464, "a_pp_2": -39.39764981494895, "a_pp_3": -25.712820842635658}, "datetime": {"datetime": "2024-07-12 22:47:57", "elapsed": 2964.7377, "delta": 11.02811}}
{"target": -3912.161811369234, "params": {"a_c_1": 0.0, "a_c_2": 0.0, "a_mm_0": -40.0, "a_mm_1": -40.0, "a_mm_2": 20.0, "a_mm_3": 20.0, "a_mp_0": -40.0, "a_mp_1": 20.0, "a_mp_2": 20.0, "a_mp_3": 20.0, "a_pm_0": 20.0, "a_pm_1": 20.0, "a_pm_2": -32.36880451821894, "a_pm_3": 20.0, "a_pp_1": 20.0, "a_pp_2": 20.0, "a_pp_3": 20.0}, "datetime": {"datetime": "2024-07-12 22:47:58", "elapsed": 2986.61523, "delta": 11.687029}}
{"target": -6195.268349297022, "params": {"a_c_1": 20.0, "a_c_2": 10.0, "a_mm_0": 20.0, "a_mm_1": -40.0, "a_mm_2": 20.0, "a_mm_3": -7.873547133905144, "a_mp_0": 20.0, "a_mp_1": -12.413913847775733, "a_mp_2": 20.0, "a_mp_3": 20.0, "a_pm_0": 20.0, "a_pm_1": -40.0, "a_pm_2": 20.0, "a_pm_3": -0.9338100803035775, "a_pp_1": -40.0, "a_pp_2": 20.0, "a_pp_3": 20.0}, "datetime": {"datetime": "2024-07-12 22:48:06", "elapsed": 3015.411305, "delta": 13.945522}}
{"target": -4952.603284490583, "params": {"a_c_1": 0.0, "a_c_2": 10.0, "a_mm_0": -40.0, "a_mm_1": 20.0, "a_mm_2": 20.0, "a_mm_3": 20.0, "a_mp_0": 20.0, "a_mp_1": 20.0, "a_mp_2": 20.0, "a_mp_3": 20.0, "a_pm_0": 20.0, "a_pm_1": 20.0, "a_pm_2": -40.0, "a_pm_3": 20.0, "a_pp_1": 20.0, "a_pp_2": 20.0, "a_pp_3": 20.0}, "datetime": {"datetime": "2024-07-12 22:48:07", "elapsed": 2995.657622, "delta": 9.042392}}
{"target": -8857.72740396709, "params": {"a_c_1": 8.113675414825616, "a_c_2": 4.689956358638626, "a_mm_0": -27.62203125116051, "a_mm_1": 6.4442870802754015, "a_mm_2": -10.25404047273134, "a_mm_3": 3.5522850004944857, "a_mp_0": -32.593284571696024, "a_mp_1": 19.190504858024276, "a_mp_2": -3.1498433341763246, "a_mp_3": -11.301543578717606, "a_pm_0": -37.17879654067912, "a_pm_1": 19.224906488738952, "a_pm_2": 9.475242170711233, "a_pm_3": 5.663078093931709, "a_pp_1": -17.606174776986112, "a_pp_2": -6.460949787710732, "a_pp_3": 19.5224394404408}, "datetime": {"datetime": "2024-07-12 22:48:07", "elapsed": 3039.440432, "delta": 12.913662}}
{"target": -181424.1181821617, "params": {"a_c_1": 3.4276671847734375, "a_c_2": 2.623361117744729, "a_mm_0": -22.686599245222038, "a_mm_1": -29.924663709080445, "a_mm_2": -23.596726176121358, "a_mm_3": -38.48665617566464, "a_mp_0": -11.099153145544939, "a_mp_1": 11.511465024149402, "a_mp_2": -4.245695173815349, "a_mp_3": -22.027257148586997, "a_pm_0": 17.04734388133678, "a_pm_1": -1.6725900636718407, "a_pm_2": 9.23546165066, "a_pm_3": -17.86722822032623, "a_pp_1": -22.00812476892654, "a_pp_2": 0.01531147711124703, "a_pp_3": 0.1700224260154357}, "datetime": {"datetime": "2024-07-12 22:48:07", "elapsed": 2974.898529, "delta": 10.160829}}
{"target": -16539.04628156308, "params": {"a_c_1": 0.0, "a_c_2": 10.0, "a_mm_0": -40.0, "a_mm_1": -40.0, "a_mm_2": 20.0, "a_mm_3": 20.0, "a_mp_0": -40.0, "a_mp_1": -40.0, "a_mp_2": -10.258249808495242, "a_mp_3": 20.0, "a_pm_0": -40.0, "a_pm_1": 20.0, "a_pm_2": 20.0, "a_pm_3": -15.21469546903084, "a_pp_1": 20.0, "a_pp_2": 20.0, "a_pp_3": 20.0}, "datetime": {"datetime": "2024-07-12 22:48:08", "elapsed": 3138.913011, "delta": 10.986473}}
{"target": -19338.56490165519, "params": {"a_c_1": 19.544781391041038, "a_c_2": 8.647211409255501, "a_mm_0": -29.269418957390883, "a_mm_1": 7.861499452056449, "a_mm_2": 19.237782454740405, "a_mm_3": 7.806846073583692, "a_mp_0": -6.8020115762953495, "a_mp_1": 4.626098521186236, "a_mp_2": -4.351500467957322, "a_mp_3": -12.85449113447794, "a_pm_0": 16.621279516569885, "a_pm_1": 3.7022645104469305, "a_pm_2": -1.4411788275663753, "a_pm_3": 5.6719378122554645, "a_pp_1": -13.274796842353233, "a_pp_2": -22.924340839906368, "a_pp_3": -4.410968368443939}, "datetime": {"datetime": "2024-07-12 22:48:16", "elapsed": 3025.965634, "delta": 10.554329}}
{"target": -138969.17652861305, "params": {"a_c_1": 13.393919603734087, "a_c_2": 8.582726167847612, "a_mm_0": 15.065013129150408, "a_mm_1": -36.3034928986398, "a_mm_2": 16.056374494611454, "a_mm_3": -4.795559048795674, "a_mp_0": 9.11655916256801, "a_mp_1": -26.93081018752553, "a_mp_2": -10.190145345376528, "a_mp_3": -16.977740264973185, "a_pm_0": -8.201320071840485, "a_pm_1": -32.02928338250439, "a_pm_2": -39.614710857584605, "a_pm_3": 1.8790306749627135, "a_pp_1": 6.5768454512954975, "a_pp_2": 19.725117890095675, "a_pp_3": -31.72649839148592}, "datetime": {"datetime": "2024-07-12 22:48:17", "elapsed": 3005.124134, "delta": 9.466512}}
{"target": -256346.11753022313, "params": {"a_c_1": 16.736919768098293, "a_c_2": 9.891076124835134, "a_mm_0": -12.464504486917196, "a_mm_1": -9.846729040470777, "a_mm_2": -32.748068069421016, "a_mm_3": -16.846326894665104, "a_mp_0": 16.097277117110536, "a_mp_1": 5.867868265623592, "a_mp_2": -37.01219666348446, "a_mp_3": -21.302678766238717, "a_pm_0": -33.733976700707984, "a_pm_1": -31.967385468964387, "a_pm_2": 15.307183992750076, "a_pm_3": 17.608467521994477, "a_pp_1": -35.901914319674574, "a_pp_2": -19.41952876881704, "a_pp_3": -13.879818392453185}, "datetime": {"datetime": "2024-07-12 22:48:17", "elapsed": 2984.421624, "delta": 9.523095}}
{"target": -8979.490363416306, "params": {"a_c_1": 20.0, "a_c_2": 10.0, "a_mm_0": 20.0, "a_mm_1": -40.0, "a_mm_2": -40.0, "a_mm_3": 20.0, "a_mp_0": -40.0, "a_mp_1": 20.0, "a_mp_2": 20.0, "a_mp_3": 20.0, "a_pm_0": -40.0, "a_pm_1": -40.0, "a_pm_2": 20.0, "a_pm_3": 20.0, "a_pp_1": 20.0, "a_pp_2": 20.0, "a_pp_3": 20.0}, "datetime": {"datetime": "2024-07-12 22:48:18", "elapsed": 3149.089046, "delta": 10.176035}}
{"target": -23516.579249613093, "params": {"a_c_1": 20.0, "a_c_2": 10.0, "a_mm_0": -40.0, "a_mm_1": -12.305003627982677, "a_mm_2": -31.228181607911687, "a_mm_3": 20.0, "a_mp_0": -40.0, "a_mp_1": 20.0, "a_mp_2": 20.0, "a_mp_3": -40.0, "a_pm_0": 20.0, "a_pm_1": 20.0, "a_pm_2": 20.0, "a_pm_3": 20.0, "a_pp_1": 0.6206989390928583, "a_pp_2": 20.0, "a_pp_3": 20.0}, "datetime": {"datetime": "2024-07-12 22:48:19", "elapsed": 3051.350831, "delta": 11.910399}}
{"target": -294933.2219552907, "params": {"a_c_1": 17.924089468234104, "a_c_2": 7.510352591900295, "a_mm_0": 2.9440593431011166, "a_mm_1": -24.68445568911916, "a_mm_2": -23.00019770003339, "a_mm_3": -31.55349840664981, "a_mp_0": 16.211832484714762, "a_mp_1": -21.061877806182125, "a_mp_2": -17.42497708868106, "a_mp_3": 5.812732173036004, "a_pm_0": -24.671665365349362, "a_pm_1": -29.61377490929418, "a_pm_2": 3.9798203612356815, "a_pm_3": -18.150278389224507, "a_pp_1": -0.1648284954883792, "a_pp_2": -24.39184209057438, "a_pp_3": -34.454260850074846}, "datetime": {"datetime": "2024-07-12 22:48:26", "elapsed": 3035.620797, "delta": 9.655163}}
{"target": -37018.787128882825, "params": {"a_c_1": 15.390230581503046, "a_c_2": 5.253838539840893, "a_mm_0": -26.14821151456656, "a_mm_1": 12.280070913280895, "a_mm_2": 5.471216336106906, "a_mm_3": 6.252285587902136, "a_mp_0": -1.3096412071203574, "a_mp_1": 0.9039621893391256, "a_mp_2": 3.271495428766535, "a_mp_3": 2.3468189623049724, "a_pm_0": -7.378754080497814, "a_pm_1": 15.56998560902013, "a_pm_2": -18.704845470227635, "a_pm_3": 19.983519379254794, "a_pp_1": 8.534003768016092, "a_pp_2": 1.6243905327003247, "a_pp_3": -28.655398632290414}, "datetime": {"datetime": "2024-07-12 22:48:27", "elapsed": 3015.186716, "delta": 10.062582}}
