{"target": -15548.082652582756, "params": {"a_c_1": 20.0, "a_c_2": 10.0, "a_mm_0": 20.0, "a_mm_1": 20.0, "a_mm_2": -28.764551971452455, "a_mm_3": 20.0, "a_mp_0": -18.79587704193039, "a_mp_1": -12.922093437336748, "a_mp_2": 20.0, "a_mp_3": 20.0, "a_pm_0": 20.0, "a_pm_1": 20.0, "a_pm_2": 5.276146433595329, "a_pm_3": -30.291649763815034, "a_pp_1": -25.920886358081276, "a_pp_2": 20.0, "a_pp_3": 20.0}, "datetime": {"datetime": "2024-07-12 23:29:24", "elapsed": 5451.902086, "delta": 13.088254}}
{"target": -7756.061023021828, "params": {"a_c_1": 20.0, "a_c_2": 10.0, "a_mm_0": -40.0, "a_mm_1": 20.0, "a_mm_2": 7.754210928861569, "a_mm_3": 20.0, "a_mp_0": -40.0, "a_mp_1": 20.0, "a_mp_2": -18.90802709605659, "a_mp_3": 20.0, "a_pm_0": -40.0, "a_pm_1": -28.99621960360131, "a_pm_2": 20.0, "a_pm_3": 20.0, "a_pp_1": -27.308786336008733, "a_pp_2": 20.0, "a_pp_3": -6.88787091438966}, "datetime": {"datetime": "2024-07-12 23:29:28", "elapsed": 5520.500232, "delta": 12.548642}}
{"target": -56058.930462541655, "params": {"a_c_1": 20.0, "a_c_2": 10.0, "a_mm_0": 20.0, "a_mm_1": 20.0, "a_mm_2": 20.0, "a_mm_3": 20.0, "a_mp_0": 20.0, "a_mp_1": -40.0, "a_mp_2": 3.501578591343768, "a_mp_3": -7.569700179779905, "a_pm_0": -40.0, "a_pm_1": -4.995699059476295, "a_pm_2": 20.0, "a_pm_3": 20.0, "a_pp_1": 2.6568139319456603, "a_pp_2": -22.043484909054225, "a_pp_3": -9.580127264965508}, "datetime": {"datetime": "2024-07-12 23:29:30", "elapsed": 5478.573197, "delta": 9.854154}}
{"target": -198737.00057541474, "params": {"a_c_1": 1.2092584106971316, "a_c_2": 8.80862724160842, "a_mm_0": -13.093364121403916, "a_mm_1": -37.27557657582546, "a_mm_2": -24.605465921002516, "a_mm_3": -20.991535791094673, "a_mp_0": -7.930813444087079, "a_mp_1": -15.519647874434146, "a_mp_2": -38.394726115991936, "a_mp_3": -19.689802030458484, "a_pm_0": 15.563215711472203, "a_pm_1": 11.125651825373005, "a_pm_2": 3.9389595006346667, "a_pm_3": -11.22586488824965, "a_pp_1": 1.375017996232998, "a_pp_2": -11.030437247177584, "a_pp_3": -6.672128050807338}, "datetime": {"datetime": "2024-07-12 23:29:31", "elapsed": 5621.927899, "delta": 9.585897}}
{"target": -142274.14986018863, "params": {"a_c_1": 19.71703703367913, "a_c_2": 7.896479060572695, "a_mm_0": -12.307182442449019, "a_mm_1": -25.63420263347128, "a_mm_2": -23.50572138293782, "a_mm_3": -11.7802569958087, "a_mp_0": 9.338803890308306, "a_mp_1": -32.57539867989123, "a_mp_2": -15.291931685814234, "a_mp_3": -22.286241363700054, "a_pm_0": 11.896061833992093, "a_pm_1": -3.2962231837336233, "a_pm_2": -31.03801080659147, "a_pm_3": 17.60197993506614, "a_pp_1": 13.365875550957028, "a_pp_2": 6.0890636910608364, "a_pp_3": -12.829380526293757}, "datetime": {"datetime": "2024-07-12 23:29:33", "elapsed": 5502.971408, "delta": 12.34006}}
{"target": -227706.99159433428, "params": {"a_c_1": 13.68110083774847, "a_c_2": 0.9928804876575936, "a_mm_0": -22.803341924752935, "a_mm_1": -10.37881554617843, "a_mm_2": -14.325235200638875, "a_mm_3": -6.109967251708376, "a_mp_0": 8.145763786930978, "a_mp_1": -22.724011419563524, "a_mp_2": -15.921498506024022, "a_mp_3": -22.080937874251656, "a_pm_0": -13.421597533277772, "a_pm_1": 12.714347467059426, "a_pm_2": 10.03167597049, "a_pm_3": -26.307577345866505, "a_pp_1": 6.8885058937109065, "a_pp_2": -34.103298730930064, "a_pp_3": -34.37751832468865}, "datetime": {"datetime": "2024-07-12 23:29:39", "elapsed": 5487.294059, "delta": 8.720862}}
{"target": -3475.34673016257, "params": {"a_c_1": 0.0, "a_c_2": 0.0, "a_mm_0": -40.0, "a_mm_1": 20.0, "a_mm_2": -26.186385108435907, "a_mm_3": 20.0, "a_mp_0": 20.0, "a_mp_1": 20.0, "a_mp_2": 20.0, "a_mp_3": 20.0, "a_pm_0": 20.0, "a_pm_1": -40.0, "a_pm_2": 20.0, "a_pm_3": 20.0, "a_pp_1": 20.0, "a_pp_2": 20.0, "a_pp_3": 20.0}, "datetime": {"datetime": "2024-07-12 23:29:39", "elapsed": 5466.490261, "delta": 14.588175}}
{"target": -5791.226938520426, "params": {"a_c_1": 0.0, "a_c_2": 10.0, "a_mm_0": 20.0, "a_mm_1": 20.0, "a_mm_2": 20.0, "a_mm_3": 20.0, "a_mp_0": -40.0, "a_mp_1": -40.0, "a_mp_2": 20.0, "a_mp_3": 20.0, "a_pm_0": -22.86864237230715, "a_pm_1": -40.0, "a_pm_2": -40.0, "a_pm_3": 20.0, "a_pp_1": 20.0, "a_pp_2": 20.0, "a_pp_3": 20.0}, "datetime": {"datetime": "2024-07-12 23:29:40", "elapsed": 5532.574408, "delta": 12.074176}}
{"target": -3751.2011341228076, "params": {"a_c_1": 20.0, "a_c_2": 0.0, "a_mm_0": -5.76871476877789, "a_mm_1": 20.0, "a_mm_2": 20.0, "a_mm_3": -14.276352950890418, "a_mp_0": -14.735845357943607, "a_mp_1": -11.25737828239042, "a_mp_2": 20.0, "a_mp_3": 20.0, "a_pm_0": 20.0, "a_pm_1": 20.0, "a_pm_2": 3.119102920781085, "a_pm_3": -4.736645503367957, "a_pp_1": 20.0, "a_pp_2": -0.9664432218129371, "a_pp_3": 20.0}, "datetime": {"datetime": "2024-07-12 23:29:42", "elapsed": 5633.237514, "delta": 11.309615}}
{"target": -24292.148620445616, "params": {"a_c_1": 0.0, "a_c_2": 10.0, "a_mm_0": -40.0, "a_mm_1": 20.0, "a_mm_2": -40.0, "a_mm_3": 20.0, "a_mp_0": -40.0, "a_mp_1": 20.0, "a_mp_2": 20.0, "a_mp_3": 20.0, "a_pm_0": -40.0, "a_pm_1": 20.0, "a_pm_2": 20.0, "a_pm_3": -40.0, "a_pp_1": 20.0, "a_pp_2": 20.0, "a_pp_3": 20.0}, "datetime": {"datetime": "2024-07-12 23:29:46", "elapsed": 5515.340076, "delta": 12.368668}}
{"target": -35613.82115741075, "params": {"a_c_1": 16.324161864415625, "a_c_2": 5.125260556741848, "a_mm_0": 4.5492137757425155, "a_mm_1": -0.7191237007166364, "a_mm_2": -8.916843304496147, "a_mm_3": -7.037583916255649, "a_mp_0": -17.732856129418114, "a_mp_1": 14.448144502214376, "a_mp_2": -30.46422995740273, "a_mp_3": 18.337658022520465, "a_pm_0": -18.416263517562395, "a_pm_1": 13.416937247481428, "a_pm_2": 3.323573013864113, "a_pm_3": -13.22912373720446, "a_pp_1": -15.109499495511464, "a_pp_2": -4.636920872829883, "a_pp_3": 13.706796900490161}, "datetime": {"datetime": "2024-07-12 23:29:50", "elapsed": 5477.02704, "delta": 10.536779}}
{"target": -7928.6158168756565, "params": {"a_c_1": 20.0, "a_c_2": 0.0, "a_mm_0": 20.0, "a_mm_1": 20.0, "a_mm_2": 20.0, "a_mm_3": 20.0, "a_mp_0": 20.0, "a_mp_1": -40.0, "a_mp_2": -40.0, "a_mp_3": 20.0, "a_pm_0": -40.0, "a_pm_1": 20.0, "a_pm_2": 20.0, "a_pm_3": 20.0, "a_pp_1": 20.0, "a_pp_2": 20.0, "a_pp_3": 20.0}, "datetime": {"datetime": "2024-07-12 23:29:52", "elapsed": 5543.764442, "delta": 11.190034}}
{"target": -18473.821745756974, "params": {"a_c_1": 20.0, "a_c_2": 10.0, "a_mm_0": -40.0, "a_mm_1": -40.0, "a_mm_2": 20.0, "a_mm_3": 20.0, "a_mp_0": 20.0, "a_mp_1": -2.1370781966822388, "a_mp_2": 20.0, "a_mp_3": -28.272441705786093, "a_pm_0": 20.0, "a_pm_1": -40.0, "a_pm_2": 20.0, "a_pm_3": 20.0, "a_pp_1": 20.0, "a_pp_2": 20.0, "a_pp_3": 20.0}, "datetime": {"datetime": "2024-07-12 23:29:52", "elapsed": 5500.438071, "delta": 13.144012}}
{"target": -235597.10162013458, "params": {"a_c_1": 5.452115544166281, "a_c_2": 2.1717391030186772, "a_mm_0": -6.213367555888645, "a_mm_1": -29.54070585584484, "a_mm_2": 7.5417769869077205, "a_mm_3": 13.099983293409075, "a_mp_0": 0.41855929302172257, "a_mp_1": -37.506730590860506, "a_mp_2": -31.453055247877124, "a_mp_3": -0.43518638101176776, "a_pm_0": -36.469226841903556, "a_pm_1": 18.3792174460988, "a_pm_2": 9.557200629675407, "a_pm_3": -14.971531794539942, "a_pp_1": -34.664426551157256, "a_pp_2": -33.033372365766915, "a_pp_3": -25.629377314889897}, "datetime": {"datetime": "2024-07-12 23:29:52", "elapsed": 5643.515027, "delta": 10.277513}}
{"target": -23782.25736784375, "params": {"a_c_1": 0.0, "a_c_2": 10.0, "a_mm_0": 20.0, "a_mm_1": -40.0, "a_mm_2": 20.0, "a_mm_3": 20.0, "a_mp_0": -40.0, "a_mp_1": 20.0, "a_mp_2": -40.0, "a_mp_3": 20.0, "a_pm_0": 20.0, "a_pm_1": 20.0, "a_pm_2": -0.638122815474765, "a_pm_3": 20.0, "a_pp_1": 20.0, "a_pp_2": 20.0, "a_pp_3": -13.348241913611503}, "datetime": {"datetime": "2024-07-12 23:29:57", "elapsed": 5526.589746, "delta": 11.24967}}
{"target": -137535.24354784415, "params": {"a_c_1": 10.759654266523649, "a_c_2": 1.1675931807271511, "a_mm_0": 13.93962716211314, "a_mm_1": 2.9295463974450584, "a_mm_2": -12.333711035958949, "a_mm_3": -22.458028307560724, "a_mp_0": 6.292483786256909, "a_mp_1": -2.882028553766972, "a_mp_2": -15.570454598343368, "a_mp_3": -39.862688755948724, "a_pm_0": 1.354251410200071, "a_pm_1": -16.851658984052264, "a_pm_2": -25.95039502573033, "a_pm_3": -6.853334389685692, "a_pp_1": 0.4086386897955805, "a_pp_2": -9.649255516417398, "a_pp_3": 11.039830540520832}, "datetime": {"datetime": "2024-07-12 23:30:03", "elapsed": 5511.614958, "delta": 11.176887}}
{"target": -6688.26900877439, "params": {"a_c_1": 0.0, "a_c_2": 0.0, "a_mm_0": 20.0, "a_mm_1": 20.0, "a_mm_2": -36.953767008532736, "a_mm_3": 20.0, "a_mp_0": 20.0, "a_mp_1": 20.0, "a_mp_2": -17.38889318706297, "a_mp_3": 20.0, "a_pm_0": 20.0, "a_pm_1": -40.0, "a_pm_2": 20.0, "a_pm_3": 20.0, "a_pp_1": 20.0, "a_pp_2": 20.0, "a_pp_3": 20.0}, "datetime": {"datetime": "2024-07-12 23:30:03", "elapsed": 5490.590429, "delta": 13.563389}}
{"target": -25367.97009469861, "params": {"a_c_1": 20.0, "a_c_2": 10.0, "a_mm_0": -40.0, "a_mm_1": 20.0, "a_mm_2": -29.693153773324717, "a_mm_3": 20.0, "a_mp_0": 20.0, "a_mp_1": 20.0, "a_mp_2": 20.0, "a_mp_3": -40.0, "a_pm_0": -6.00568624078983, "a_pm_1": 20.0, "a_pm_2": -7.2949990940256795, "a_pm_3": -0.2281958093114035, "a_pp_1": -40.0, "a_pp_2": 20.0, "a_pp_3": 20.0}, "datetime": {"datetime": "2024-07-12 23:30:05", "elapsed": 5556.829351, "delta": 13.064909}}
{"target": -26674.689123190947, "params": {"a_c_1": 15.97097953176023, "a_c_2": 9.946896599955462, "a_mm_0": 2.390748261831156, "a_mm_1": -7.574070842284556, "a_mm_2": 17.17693977992446, "a_mm_3": 12.146469017240506, "a_mp_0": -28.106804049948664, "a_mp_1": 6.170333386651478, "a_mp_2": 16.701981809521364, "a_mp_3": 9.628228056879522, "a_pm_0": -2.732325671022366, "a_pm_1": -2.740564169137187, "a_pm_2": 7.7098683281543, "a_pm_3": -23.898186979779453, "a_pp_1": -17.89222192168261, "a_pp_2": -20.3035889589837, "a_pp_3": 13.065955775664406}, "datetime": {"datetime": "2024-07-12 23:30:06", "elapsed": 5535.978423, "delta": 9.388677}}
{"target": -4358.7315697132635, "params": {"a_c_1": 20.0, "a_c_2": 10.0, "a_mm_0": 20.0, "a_mm_1": -17.930012347277515, "a_mm_2": 20.0, "a_mm_3": 20.0, "a_mp_0": -40.0, "a_mp_1": 20.0, "a_mp_2": 20.0, "a_mp_3": 20.0, "a_pm_0": 20.0, "a_pm_1": 20.0, "a_pm_2": 20.0, "a_pm_3": 20.0, "a_pp_1": -40.0, "a_pp_2": -8.124615475091439, "a_pp_3": 20.0}, "datetime": {"datetime": "2024-07-12 23:30:07", "elapsed": 5658.200521, "delta": 14.685494}}
{"target": -1297.668277319534, "params": {"a_c_1": 20.0, "a_c_2": 10.0, "a_mm_0": -40.0, "a_mm_1": 20.0, "a_mm_2": 20.0, "a_mm_3": 20.0, "a_mp_0": -40.0, "a_mp_1": 20.0, "a_mp_2": 20.0, "a_mp_3": 20.0, "a_pm_0": 20.0, "a_pm_1": 20.0, "a_pm_2": -12.34848587293447, "a_pm_3": 20.0, "a_pp_1": 20.0, "a_pp_2": 20.0, "a_pp_3": 20.0}, "datetime": {"datetime": "2024-07-12 23:30:13", "elapsed": 5500.876273, "delta": 10.285844}}
{"target": -5113.7772161627845, "params": {"a_c_1": 20.0, "a_c_2": 10.0, "a_mm_0": 20.0, "a_mm_1": -40.0, "a_mm_2": -40.0, "a_mm_3": 20.0, "a_mp_0": -40.0, "a_mp_1": 20.0, "a_mp_2": 20.0, "a_mp_3": 20.0, "a_pm_0": 20.0, "a_pm_1": 20.0, "a_pm_2": 20.0, "a_pm_3": 20.0, "a_pp_1": 20.0, "a_pp_2": 20.0, "a_pp_3": 20.0}, "datetime": {"datetime": "2024-07-12 23:30:15", "elapsed": 5523.774067, "delta": 12.159109}}
{"target": -45814.347968669674, "params": {"a_c_1": 0.0, "a_c_2": 10.0, "a_mm_0": 20.0, "a_mm_1": -40.0, "a_mm_2": 20.0, "a_mm_3": 20.0, "a_mp_0": 20.0, "a_mp_1": 20.0, "a_mp_2": 20.0, "a_mp_3": 20.0, "a_pm_0": 20.0, "a_pm_1": 20.0, "a_pm_2": 20.0, "a_pm_3": 20.0, "a_pp_1": 20.0, "a_pp_2": -33.42627836380826, "a_pp_3": 20.0}, "datetime": {"datetime": "2024-07-12 23:30:16", "elapsed": 5568.226717, "delta": 11.397366}}
{"target": -27062.51742588897, "params": {"a_c_1": 0.0, "a_c_2": 10.0, "a_mm_0": 20.0, "a_mm_1": 0.4558061118713127, "a_mm_2": -19.27229828648221, "a_mm_3": 11.817986736224395, "a_mp_0": 20.0, "a_mp_1": 3.386461338311164, "a_mp_2": 20.0, "a_mp_3": 20.0, "a_pm_0": 20.0, "a_pm_1": 20.0, "a_pm_2": -34.54814356687957, "a_pm_3": 20.0, "a_pp_1": 20.0, "a_pp_2": 20.0, "a_pp_3": -18.185692615708223}, "datetime": {"datetime": "2024-07-12 23:30:18", "elapsed": 5669.250921, "delta": 11.0504}}
{"target": -86677.29641043943, "params": {"a_c_1": 12.86103861667513, "a_c_2": 2.025395613688482, "a_mm_0": -27.1808258345404, "a_mm_1": -5.547517137862869, "a_mm_2": -30.178142265262494, "a_mm_3": -4.460252227832186, "a_mp_0": -2.3883688393978773, "a_mp_1": 1.526989857125244, "a_mp_2": -19.271214305311975, "a_mp_3": -37.2429670254117, "a_pm_0": 5.62079312921513, "a_pm_1": 8.351982994338904, "a_pm_2": 4.412654678447559, "a_pm_3": -25.161915934634674, "a_pp_1": -15.836089074444164, "a_pp_2": 17.416411428743636, "a_pp_3": 15.604645292131721}, "datetime": {"datetime": "2024-07-12 23:30:20", "elapsed": 5549.368114, "delta": 13.389691}}
{"target": -14800.312129201538, "params": {"a_c_1": 0.0, "a_c_2": 10.0, "a_mm_0": 20.0, "a_mm_1": 20.0, "a_mm_2": 20.0, "a_mm_3": -24.369556659574318, "a_mp_0": -40.0, "a_mp_1": -40.0, "a_mp_2": 20.0, "a_mp_3": 20.0, "a_pm_0": 20.0, "a_pm_1": -40.0, "a_pm_2": 20.0, "a_pm_3": 20.0, "a_pp_1": -32.4780487527367, "a_pp_2": 20.0, "a_pp_3": 20.0}, "datetime": {"datetime": "2024-07-12 23:30:27", "elapsed": 5514.835122, "delta": 13.958849}}
{"target": -6362.9356176576275, "params": {"a_c_1": 0.0, "a_c_2": 10.0, "a_mm_0": 20.0, "a_mm_1": -40.0, "a_mm_2": 20.0, "a_mm_3": 20.0, "a_mp_0": -40.0, "a_mp_1": -40.0, "a_mp_2": 20.0, "a_mp_3": 20.0, "a_pm_0": 20.0, "a_pm_1": 20.0, "a_pm_2": 20.0, "a_pm_3": 20.0, "a_pp_1": 20.0, "a_pp_2": -7.749877312236602, "a_pp_3": 20.0}, "datetime": {"datetime": "2024-07-12 23:30:29", "elapsed": 5679.746448, "delta": 10.495527}}
{"target": -8918.800496391892, "params": {"a_c_1": 0.0, "a_c_2": 10.0, "a_mm_0": 20.0, "a_mm_1": -40.0, "a_mm_2": -40.0, "a_mm_3": 20.0, "a_mp_0": 20.0, "a_mp_1": 20.0, "a_mp_2": 20.0, "a_mp_3": 20.0, "a_pm_0": -40.0, "a_pm_1": 20.0, "a_pm_2": 20.0, "a_pm_3": -24.531299360427383, "a_pp_1": 20.0, "a_pp_2": 20.0, "a_pp_3": 20.0}, "datetime": {"datetime": "2024-07-12 23:30:29", "elapsed": 5581.147795, "delta": 12.921078}}
{"target": -14622.149518426813, "params": {"a_c_1": 20.0, "a_c_2": 10.0, "a_mm_0": -40.0, "a_mm_1": 20.0, "a_mm_2": 14.937919040537665, "a_mm_3": 20.0, "a_mp_0": 20.0, "a_mp_1": -40.0, "a_mp_2": 20.0, "a_mp_3": 20.0, "a_pm_0": 20.0, "a_pm_1": 20.0, "a_pm_2": -40.0, "a_pm_3": -25.625283044087183, "a_pp_1": 20.0, "a_pp_2": 20.0, "a_pp_3": 20.0}, "datetime": {"datetime": "2024-07-12 23:30:29", "elapsed": 5537.657905, "delta": 13.883838}}
{"target": -3605.637252815397, "params": {"a_c_1": 20.0, "a_c_2": 10.0, "a_mm_0": 20.0, "a_mm_1": 20.0, "a_mm_2": -14.107496599641598, "a_mm_3": 20.0, "a_mp_0": 20.0, "a_mp_1": -40.0, "a_mp_2": 20.0, "a_mp_3": 20.0, "a_pm_0": 20.0, "a_pm_1": 20.0, "a_pm_2": -10.721167156858241, "a_pm_3": 20.0, "a_pp_1": -40.0, "a_pp_2": 20.0, "a_pp_3": 20.0}, "datetime": {"datetime": "2024-07-12 23:30:39", "elapsed": 5569.081256, "delta": 19.713142}}
{"target": -4012.853189798099, "params": {"a_c_1": 20.0, "a_c_2": 10.0, "a_mm_0": 20.0, "a_mm_1": -13.924234115487804, "a_mm_2": 20.0, "a_mm_3": 20.0, "a_mp_0": 20.0, "a_mp_1": -40.0, "a_mp_2": 20.0, "a_mp_3": 20.0, "a_pm_0": -40.0, "a_pm_1": 20.0, "a_pm_2": 20.0, "a_pm_3": 20.0, "a_pp_1": -40.0, "a_pp_2": 20.0, "a_pp_3": 20.0}, "datetime": {"datetime": "2024-07-12 23:30:40", "elapsed": 5591.949062, "delta": 10.801267}}
{"target": -39800.67542682765, "params": {"a_c_1": 1.748608088546857, "a_c_2": 8.058461347749251, "a_mm_0": -16.725166012687808, "a_mm_1": 16.516057594037882, "a_mm_2": -19.163308374353342, "a_mm_3": -29.718095653685786, "a_mp_0": 1.4639360757638542, "a_mp_1": -1.212321346125215, "a_mp_2": 17.940504205571628, "a_mp_3": 13.017917894369617, "a_pm_0": -37.01230744480883, "a_pm_1": -3.607745114621771, "a_pm_2": -28.209459497567117, "a_pm_3": -25.078736529309612, "a_pp_1": 3.1018608652243387, "a_pp_2": 7.134370159547927, "a_pp_3": 10.347646433776205}, "datetime": {"datetime": "2024-07-12 23:30:40", "elapsed": 5691.041184, "delta": 11.294736}}
{"target": -801.9235632996293, "params": {"a_c_1": 20.0, "a_c_2": 10.0, "a_mm_0": -18.650377535291717, "a_mm_1": 20.0, "a_mm_2": 20.0, "a_mm_3": 20.0, "a_mp_0": -40.0, "a_mp_1": 20.0, "a_mp_2": 20.0, "a_mp_3": 20.0, "a_pm_0": 20.0, "a_pm_1": -13.201043010149693, "a_pm_2": -16.37473134758884, "a_pm_3": 20.0, "a_pp_1": -13.318553620860184, "a_pp_2": 20.0, "a_pp_3": 20.0}, "datetime": {"datetime": "2024-07-12 23:30:40", "elapsed": 5527.829692, "delta": 12.99457}}
{"target": -6894.294357382838, "params": {"a_c_1": 20.0, "a_c_2": 10.0, "a_mm_0": 20.0, "a_mm_1": -40.0, "a_mm_2": 20.0, "a_mm_3": 20.0, "a_mp_0": -40.0, "a_mp_1": 20.0, "a_mp_2": -40.0, "a_mp_3": 20.0, "a_pm_0": 20.0, "a_pm_1": 20.0, "a_pm_2": 20.0, "a_pm_3": 20.0, "a_pp_1": -40.0, "a_pp_2": 20.0, "a_pp_3": 20.0}, "datetime": {"datetime": "2024-07-12 23:30:41", "elapsed": 5549.615282, "delta": 11.957377}}
{"target": -1648.2214865005508, "params": {"a_c_1": 0.0, "a_c_2": 10.0, "a_mm_0": -40.0, "a_mm_1": 20.0, "a_mm_2": 20.0, "a_mm_3": 20.0, "a_mp_0": -40.0, "a_mp_1": -1.7329951080303188, "a_mp_2": 20.0, "a_mp_3": 20.0, "a_pm_0": 20.0, "a_pm_1": 20.0, "a_pm_2": 20.0, "a_pm_3": -12.994482090586247, "a_pp_1": 20.0, "a_pp_2": -6.98556104128608, "a_pp_3": 20.0}, "datetime": {"datetime": "2024-07-12 23:30:49", "elapsed": 5700.399147, "delta": 9.357963}}
{"target": -6816.758038323009, "params": {"a_c_1": 20.0, "a_c_2": 10.0, "a_mm_0": 20.0, "a_mm_1": -40.0, "a_mm_2": 20.0, "a_mm_3": 20.0, "a_mp_0": 20.0, "a_mp_1": 20.0, "a_mp_2": -40.0, "a_mp_3": 20.0, "a_pm_0": -40.0, "a_pm_1": 20.0, "a_pm_2": 20.0, "a_pm_3": 20.0, "a_pp_1": 20.0, "a_pp_2": 20.0, "a_pp_3": 20.0}, "datetime": {"datetime": "2024-07-12 23:30:52", "elapsed": 5539.364042, "delta": 11.53435}}
{"target": -12708.242743286492, "params": {"a_c_1": 20.0, "a_c_2": 10.0, "a_mm_0": -40.0, "a_mm_1": -19.951769629726265, "a_mm_2": 20.0, "a_mm_3": -17.96075962093511, "a_mp_0": -17.00220202225263, "a_mp_1": -40.0, "a_mp_2": -19.172682327623182, "a_mp_3": 20.0, "a_pm_0": 20.0, "a_pm_1": 20.0, "a_pm_2": -11.011360918942437, "a_pm_3": 20.0, "a_pp_1": 20.0, "a_pp_2": 20.0, "a_pp_3": 20.0}, "datetime": {"datetime": "2024-07-12 23:30:53", "elapsed": 5582.35743, "delta": 13.276174}}
{"target": -4167.086274105814, "params": {"a_c_1": 0.0, "a_c_2": 10.0, "a_mm_0": 20.0, "a_mm_1": 20.0, "a_mm_2": -12.919956753018958, "a_mm_3": 20.0, "a_mp_0": 20.0, "a_mp_1": -40.0, "a_mp_2": 20.0, "a_mp_3": 20.0, "a_pm_0": 20.0, "a_pm_1": -23.417063888037415, "a_pm_2": -34.034762460321005, "a_pm_3": 20.0, "a_pp_1": 20.0, "a_pp_2": 20.0, "a_pp_3": 20.0}, "datetime": {"datetime": "2024-07-12 23:30:55", "elapsed": 5606.881746, "delta": 14.932684}}
{"target": -35351.94690393013, "params": {"a_c_1": 0.0, "a_c_2": 10.0, "a_mm_0": -40.0, "a_mm_1": 20.0, "a_mm_2": 20.0, "a_mm_3": -40.0, "a_mp_0": 20.0, "a_mp_1": -40.0, "a_mp_2": -27.367709469663325, "a_mp_3": 20.0, "a_pm_0": 20.0, "a_pm_1": -10.92258213847965, "a_pm_2": 20.0, "a_pm_3": 20.0, "a_pp_1": 20.0, "a_pp_2": 20.0, "a_pp_3": 20.0}, "datetime": {"datetime": "2024-07-12 23:30:56", "elapsed": 5564.475298, "delta": 14.860016}}
{"target": -19884.722076188904, "params": {"a_c_1": 20.0, "a_c_2": 0.0, "a_mm_0": 20.0, "a_mm_1": 20.0, "a_mm_2": 20.0, "a_mm_3": 20.0, "a_mp_0": 20.0, "a_mp_1": -40.0, "a_mp_2": 20.0, "a_mp_3": 20.0, "a_pm_0": 20.0, "a_pm_1": 20.0, "a_pm_2": 20.0, "a_pm_3": 20.0, "a_pp_1": 20.0, "a_pp_2": -16.114714713893136, "a_pp_3": 20.0}, "datetime": {"datetime": "2024-07-12 23:31:00", "elapsed": 5711.018748, "delta": 10.619601}}
{"target": -52932.268398768174, "params": {"a_c_1": 6.2904140370346395, "a_c_2": 8.093951092701232, "a_mm_0": 13.419234255249947, "a_mm_1": -8.193534719022193, "a_mm_2": 13.05590658605582, "a_mm_3": -13.889774890879146, "a_mp_0": 10.87097248640498, "a_mp_1": -27.280456376476685, "a_mp_2": 1.9367106559084348, "a_mp_3": -0.7149711492725928, "a_pm_0": -17.901143966737155, "a_pm_1": -1.4654921977376176, "a_pm_2": 18.373973050784166, "a_pm_3": -35.049628006895475, "a_pp_1": -19.41681973102277, "a_pp_2": 13.800668532775966, "a_pp_3": 2.300626270747429}, "datetime": {"datetime": "2024-07-12 23:31:02", "elapsed": 5549.151658, "delta": 9.787616}}
{"target": -13798.23547564446, "params": {"a_c_1": 12.739387905244575, "a_c_2": 3.345662987953845, "a_mm_0": -38.38959471491583, "a_mm_1": 6.2020094996276, "a_mm_2": 18.56635778386054, "a_mm_3": -10.64749079221453, "a_mp_0": -0.3701270242026098, "a_mp_1": 13.306578116948188, "a_mp_2": -3.905518322753096, "a_mp_3": 1.7011825293145861, "a_pm_0": -25.953328378184192, "a_pm_1": -32.0049956813074, "a_pm_2": -1.7008692231747489, "a_pm_3": -14.77133314770892, "a_pp_1": -6.708192152352659, "a_pp_2": 8.846787762638463, "a_pp_3": 8.172054433726402}, "datetime": {"datetime": "2024-07-12 23:31:03", "elapsed": 5593.189334, "delta": 10.831904}}
{"target": -136542.08850454196, "params": {"a_c_1": 1.403363100897852, "a_c_2": 9.271712643789845, "a_mm_0": -0.47399615322478184, "a_mm_1": 10.53992917976177, "a_mm_2": -1.462348391576164, "a_mm_3": 1.9835856550343962, "a_mp_0": 17.6473390436052, "a_mp_1": -1.422070607326802, "a_mp_2": 9.911200571794552, "a_mp_3": 15.022554672677401, "a_pm_0": -8.311411624518136, "a_pm_1": -1.5987487155872273, "a_pm_2": -29.383457829724122, "a_pm_3": -3.2085697347684814, "a_pp_1": -25.71865920063414, "a_pp_2": -17.439309834031384, "a_pp_3": -17.879532006467517}, "datetime": {"datetime": "2024-07-12 23:31:04", "elapsed": 5615.92775, "delta": 9.046004}}
