{"target": -20853.055379467005, "params": {"a_c_1": 20.0, "a_c_2": 0.0, "a_mm_0": 20.0, "a_mm_1": 20.0, "a_mm_2": 20.0, "a_mm_3": 20.0, "a_mp_0": 20.0, "a_mp_1": 20.0, "a_mp_2": 20.0, "a_mp_3": 20.0, "a_pm_0": 20.0, "a_pm_1": 20.0, "a_pm_2": -40.0, "a_pm_3": -28.2702533648163, "a_pp_1": 20.0, "a_pp_2": 20.0, "a_pp_3": 20.0}, "datetime": {"datetime": "2024-07-12 22:29:03", "elapsed": 1895.317755, "delta": 10.553709}}
{"target": -6061.1468179236645, "params": {"a_c_1": 0.0, "a_c_2": 10.0, "a_mm_0": -40.0, "a_mm_1": 20.0, "a_mm_2": 20.0, "a_mm_3": -13.241742975103849, "a_mp_0": -40.0, "a_mp_1": 20.0, "a_mp_2": 20.0, "a_mp_3": 20.0, "a_pm_0": -40.0, "a_pm_1": 20.0, "a_pm_2": -40.0, "a_pm_3": 20.0, "a_pp_1": -40.0, "a_pp_2": 20.0, "a_pp_3": 20.0}, "datetime": {"datetime": "2024-07-12 22:29:04", "elapsed": 1873.415781, "delta": 11.987414}}
{"target": -120657.62730595889, "params": {"a_c_1": 11.324437371961203, "a_c_2": 8.14049085507003, "a_mm_0": -0.24626824249240542, "a_mm_1": 17.136411573898656, "a_mm_2": 18.768732503312542, "a_mm_3": -2.7992017613055467, "a_mp_0": -34.35719941967918, "a_mp_1": 2.860470415635497, "a_mp_2": 8.418009440172192, "a_mp_3": -29.94050347459505, "a_pm_0": -4.628583149923216, "a_pm_1": 5.668441108318319, "a_pm_2": 4.939894098563556, "a_pm_3": -21.27268525262171, "a_pp_1": 7.875284973387458, "a_pp_2": 14.093807981130823, "a_pp_3": -7.918516899844171}, "datetime": {"datetime": "2024-07-12 22:29:06", "elapsed": 1854.923263, "delta": 7.735585}}
{"target": -26195.810018343574, "params": {"a_c_1": 0.0, "a_c_2": 10.0, "a_mm_0": 20.0, "a_mm_1": 20.0, "a_mm_2": 20.0, "a_mm_3": 20.0, "a_mp_0": -40.0, "a_mp_1": 20.0, "a_mp_2": -32.698240463662025, "a_mp_3": -32.6624999484168, "a_pm_0": -12.662268702093742, "a_pm_1": -35.787438601364926, "a_pm_2": 20.0, "a_pm_3": 20.0, "a_pp_1": -40.0, "a_pp_2": 20.0, "a_pp_3": 20.0}, "datetime": {"datetime": "2024-07-12 22:29:08", "elapsed": 1998.702257, "delta": 10.803421}}
{"target": -149072.36554325008, "params": {"a_c_1": 9.823682679279015, "a_c_2": 8.028723185034476, "a_mm_0": 7.9017995227711495, "a_mm_1": 14.006917713346056, "a_mm_2": -1.1057684244078843, "a_mm_3": 10.227262720592783, "a_mp_0": -19.824391848985158, "a_mp_1": 19.09872712737389, "a_mp_2": -26.07341211437107, "a_mp_3": -5.894692667430121, "a_pm_0": 4.0100964621339585, "a_pm_1": -3.432867101558479, "a_pm_2": -29.790971789604367, "a_pm_3": -32.549466694295425, "a_pp_1": 7.536227197177119, "a_pp_2": -16.223091933198848, "a_pp_3": -12.384749261517868}, "datetime": {"datetime": "2024-07-12 22:29:12", "elapsed": 1838.968328, "delta": 8.672957}}
{"target": -95476.59241898463, "params": {"a_c_1": 17.480557080341658, "a_c_2": 7.0853278617735205, "a_mm_0": 10.976910092289984, "a_mm_1": -20.990373036530116, "a_mm_2": -15.251855468612284, "a_mm_3": -11.767764881806624, "a_mp_0": -13.308331292138337, "a_mp_1": 19.261098000574513, "a_mp_2": -16.66361109924901, "a_mp_3": -18.33078493025106, "a_pm_0": -38.89908631017015, "a_pm_1": 18.807894154322312, "a_pm_2": 3.2775817418791746, "a_pm_3": -36.22928376257905, "a_pp_1": 17.532444514608535, "a_pp_2": 6.120185317869023, "a_pp_3": 10.332306907315818}, "datetime": {"datetime": "2024-07-12 22:29:14", "elapsed": 1883.449785, "delta": 10.034004}}
{"target": -26042.60127301231, "params": {"a_c_1": 20.0, "a_c_2": 10.0, "a_mm_0": -40.0, "a_mm_1": -8.471196491859185, "a_mm_2": 20.0, "a_mm_3": 20.0, "a_mp_0": -40.0, "a_mp_1": 20.0, "a_mp_2": -23.023371957370735, "a_mp_3": 20.0, "a_pm_0": -40.0, "a_pm_1": 20.0, "a_pm_2": -40.0, "a_pm_3": 20.0, "a_pp_1": 20.0, "a_pp_2": 20.0, "a_pp_3": 20.0}, "datetime": {"datetime": "2024-07-12 22:29:14", "elapsed": 1906.262509, "delta": 10.944754}}
{"target": -93060.1148565806, "params": {"a_c_1": 0.0, "a_c_2": 10.0, "a_mm_0": 20.0, "a_mm_1": 20.0, "a_mm_2": 20.0, "a_mm_3": 20.0, "a_mp_0": 20.0, "a_mp_1": 20.0, "a_mp_2": 20.0, "a_mp_3": 20.0, "a_pm_0": 20.0, "a_pm_1": -40.0, "a_pm_2": 20.0, "a_pm_3": -40.0, "a_pp_1": 20.0, "a_pp_2": -15.493726056451154, "a_pp_3": 20.0}, "datetime": {"datetime": "2024-07-12 22:29:17", "elapsed": 1865.977041, "delta": 11.053778}}
{"target": -6383.580497143858, "params": {"a_c_1": 20.0, "a_c_2": 10.0, "a_mm_0": -23.081302384415594, "a_mm_1": -40.0, "a_mm_2": -30.33381981243229, "a_mm_3": 20.0, "a_mp_0": 20.0, "a_mp_1": 20.0, "a_mp_2": 20.0, "a_mp_3": 20.0, "a_pm_0": 20.0, "a_pm_1": 20.0, "a_pm_2": 1.3030386892159105, "a_pm_3": -23.047060821061887, "a_pp_1": 20.0, "a_pp_2": 20.0, "a_pp_3": 20.0}, "datetime": {"datetime": "2024-07-12 22:29:18", "elapsed": 2009.582065, "delta": 10.879808}}
{"target": -4989.215500574791, "params": {"a_c_1": 20.0, "a_c_2": 10.0, "a_mm_0": 20.0, "a_mm_1": 5.963441196735422, "a_mm_2": 20.0, "a_mm_3": 20.0, "a_mp_0": 20.0, "a_mp_1": -40.0, "a_mp_2": 20.0, "a_mp_3": 14.965458490212425, "a_pm_0": -40.0, "a_pm_1": -40.0, "a_pm_2": 3.7149039622425892, "a_pm_3": 20.0, "a_pp_1": 20.0, "a_pp_2": 20.0, "a_pp_3": -1.2291374112709816}, "datetime": {"datetime": "2024-07-12 22:29:22", "elapsed": 1849.000118, "delta": 10.03179}}
{"target": -86755.9869188792, "params": {"a_c_1": 6.831396593613648, "a_c_2": 0.006648132767881343, "a_mm_0": -24.627345324057153, "a_mm_1": 2.607407249130219, "a_mm_2": 13.809650254264795, "a_mm_3": -20.55789129372802, "a_mp_0": -29.4009098945499, "a_mp_1": 13.800501464152589, "a_mp_2": 15.859483780403103, "a_mp_3": 15.963708249844437, "a_pm_0": 1.9369855405938026, "a_pm_1": -12.378942667248179, "a_pm_2": -3.909066890529026, "a_pm_3": 14.610644793883246, "a_pp_1": 0.1927771876554658, "a_pp_2": -0.39047536709297503, "a_pp_3": -20.234009922299414}, "datetime": {"datetime": "2024-07-12 22:29:23", "elapsed": 1915.322667, "delta": 9.060158}}
{"target": -215233.98982981005, "params": {"a_c_1": 18.52229201551787, "a_c_2": 6.979310405450272, "a_mm_0": -12.808783719193645, "a_mm_1": -20.29576367093891, "a_mm_2": -36.7248660196292, "a_mm_3": -27.43525878337973, "a_mp_0": -5.433646906288224, "a_mp_1": -32.690732586933784, "a_mp_2": 18.171872353102025, "a_mp_3": -27.865408769951124, "a_pm_0": 16.11952431163764, "a_pm_1": -7.164733254416653, "a_pm_2": 15.610334111096172, "a_pm_3": 14.364446865182693, "a_pp_1": 4.242977264542844, "a_pp_2": -16.83465975943118, "a_pp_3": -15.440788780551422}, "datetime": {"datetime": "2024-07-12 22:29:26", "elapsed": 1895.645753, "delta": 12.195968}}
{"target": -20659.918468053515, "params": {"a_c_1": 0.0, "a_c_2": 10.0, "a_mm_0": -7.986322053378933, "a_mm_1": -29.51919723496118, "a_mm_2": 20.0, "a_mm_3": 20.0, "a_mp_0": 20.0, "a_mp_1": 20.0, "a_mp_2": 20.0, "a_mp_3": -32.07724199836262, "a_pm_0": 4.763641524564732, "a_pm_1": -40.0, "a_pm_2": 2.6768940607851346, "a_pm_3": 20.0, "a_pp_1": -40.0, "a_pp_2": 20.0, "a_pp_3": 20.0}, "datetime": {"datetime": "2024-07-12 22:29:28", "elapsed": 1876.831683, "delta": 10.854642}}
{"target": -212115.26513850823, "params": {"a_c_1": 12.689194134920637, "a_c_2": 5.250341570913577, "a_mm_0": 10.631310632916552, "a_mm_1": -34.75359191606068, "a_mm_2": -0.7416047674378277, "a_mm_3": -25.539733160660116, "a_mp_0": 2.4852527697751654, "a_mp_1": -37.19096405843627, "a_mp_2": -33.96430776312853, "a_mp_3": -11.189449804408909, "a_pm_0": -33.05830511258226, "a_pm_1": 3.953728423887455, "a_pm_2": -10.52101987555815, "a_pm_3": -36.446310384582524, "a_pp_1": -14.371634994836125, "a_pp_2": 14.478279157763417, "a_pp_3": 2.8811642527957204}, "datetime": {"datetime": "2024-07-12 22:29:29", "elapsed": 2020.556467, "delta": 10.974402}}
{"target": -19385.786841962017, "params": {"a_c_1": 10.519138335349824, "a_c_2": 9.612652864426636, "a_mm_0": 19.51604699372649, "a_mm_1": -11.359314661919086, "a_mm_2": -2.7867100243277676, "a_mm_3": -17.034946414266773, "a_mp_0": 1.3168200683617073, "a_mp_1": -11.34873525188777, "a_mp_2": 4.8150898975240395, "a_mp_3": -2.946776466594436, "a_pm_0": -27.05273887823006, "a_pm_1": 0.27241740848906915, "a_pm_2": 15.379212801981232, "a_pm_3": 9.952515943151674, "a_pp_1": -20.956151400505558, "a_pp_2": 4.995201362160991, "a_pp_3": -7.962290422508708}, "datetime": {"datetime": "2024-07-12 22:29:31", "elapsed": 1858.607179, "delta": 9.607061}}
{"target": -250094.6330445638, "params": {"a_c_1": 9.626449481469697, "a_c_2": 8.141828010593672, "a_mm_0": -23.14662246048348, "a_mm_1": -33.97792829234544, "a_mm_2": 12.533198768226569, "a_mm_3": -38.81189763618932, "a_mp_0": -3.9059003522164986, "a_mp_1": -15.36841099420701, "a_mp_2": -22.15455297796803, "a_mp_3": -37.77656823959734, "a_pm_0": -9.270725189563635, "a_pm_1": -19.72488047695255, "a_pm_2": -11.168306696526834, "a_pm_3": 13.377370166820192, "a_pp_1": -10.249317455069992, "a_pp_2": 16.442919978131464, "a_pp_3": -29.680583002854018}, "datetime": {"datetime": "2024-07-12 22:29:33", "elapsed": 1925.561172, "delta": 10.238505}}
{"target": -87002.79078437753, "params": {"a_c_1": 3.2860860356504973, "a_c_2": 7.204433417717064, "a_mm_0": 2.029124345733649, "a_mm_1": -5.173107349502459, "a_mm_2": 0.8452440951076028, "a_mm_3": 0.6742246369701235, "a_mp_0": -37.29097553431277, "a_mp_1": -39.06994398989632, "a_mp_2": 19.01161043745668, "a_mp_3": -22.15078259550898, "a_pm_0": -34.883370202706544, "a_pm_1": 18.499821941115457, "a_pm_2": -30.205480230434922, "a_pm_3": 9.970223333976001, "a_pp_1": -38.656707002385474, "a_pp_2": 7.212843064835148, "a_pp_3": -4.353433243889867}, "datetime": {"datetime": "2024-07-12 22:29:35", "elapsed": 1904.869281, "delta": 9.223528}}
{"target": -251620.5282297344, "params": {"a_c_1": 0.0, "a_c_2": 10.0, "a_mm_0": 20.0, "a_mm_1": 20.0, "a_mm_2": 20.0, "a_mm_3": -40.0, "a_mp_0": -40.0, "a_mp_1": 20.0, "a_mp_2": -40.0, "a_mp_3": 20.0, "a_pm_0": 20.0, "a_pm_1": 20.0, "a_pm_2": 20.0, "a_pm_3": 20.0, "a_pp_1": 20.0, "a_pp_2": 20.0, "a_pp_3": -37.63849471087653}, "datetime": {"datetime": "2024-07-12 22:29:39", "elapsed": 2029.648669, "delta": 9.092202}}
{"target": -41687.93513821726, "params": {"a_c_1": 20.0, "a_c_2": 0.0, "a_mm_0": 20.0, "a_mm_1": -40.0, "a_mm_2": 20.0, "a_mm_3": -40.0, "a_mp_0": 20.0, "a_mp_1": -40.0, "a_mp_2": -40.0, "a_mp_3": 20.0, "a_pm_0": 20.0, "a_pm_1": 20.0, "a_pm_2": 20.0, "a_pm_3": 10.576972417858517, "a_pp_1": 20.0, "a_pp_2": 20.0, "a_pp_3": 20.0}, "datetime": {"datetime": "2024-07-12 22:29:41", "elapsed": 1889.460676, "delta": 12.628993}}
{"target": -16230.122210828044, "params": {"a_c_1": 20.0, "a_c_2": 10.0, "a_mm_0": 20.0, "a_mm_1": 20.0, "a_mm_2": 20.0, "a_mm_3": 20.0, "a_mp_0": -40.0, "a_mp_1": -40.0, "a_mp_2": -34.17547362563, "a_mp_3": 13.419569073469653, "a_pm_0": -40.0, "a_pm_1": 20.0, "a_pm_2": -19.29386138042192, "a_pm_3": 20.0, "a_pp_1": 20.0, "a_pp_2": 20.0, "a_pp_3": -4.075769868801766}, "datetime": {"datetime": "2024-07-12 22:29:43", "elapsed": 1870.056274, "delta": 11.449095}}
{"target": -8901.503323880326, "params": {"a_c_1": 20.0, "a_c_2": 0.0, "a_mm_0": -40.0, "a_mm_1": -27.004675585470167, "a_mm_2": -40.0, "a_mm_3": 20.0, "a_mp_0": 20.0, "a_mp_1": -40.0, "a_mp_2": 20.0, "a_mp_3": 20.0, "a_pm_0": -40.0, "a_pm_1": 20.0, "a_pm_2": 20.0, "a_pm_3": 20.0, "a_pp_1": 20.0, "a_pp_2": 20.0, "a_pp_3": 20.0}, "datetime": {"datetime": "2024-07-12 22:29:46", "elapsed": 1938.548563, "delta": 12.987391}}
{"target": -122971.62291909585, "params": {"a_c_1": 17.38158002389686, "a_c_2": 9.521888278814542, "a_mm_0": -32.57153165075807, "a_mm_1": -34.70345199188432, "a_mm_2": 7.923119355149538, "a_mm_3": 2.114846947702759, "a_mp_0": -6.360530693052134, "a_mp_1": 2.26261486301771, "a_mp_2": -17.131946327297285, "a_mp_3": -33.708183073456524, "a_pm_0": -1.4505001219842697, "a_pm_1": -12.98644002658606, "a_pm_2": 3.808574783157212, "a_pm_3": -15.195752262866094, "a_pp_1": -19.843127428133855, "a_pp_2": -16.141975641053083, "a_pp_3": 9.138683687847852}, "datetime": {"datetime": "2024-07-12 22:29:48", "elapsed": 2038.867016, "delta": 9.218347}}
{"target": -16102.520624764096, "params": {"a_c_1": 20.0, "a_c_2": 10.0, "a_mm_0": -40.0, "a_mm_1": 20.0, "a_mm_2": 20.0, "a_mm_3": -11.733117370094389, "a_mp_0": 20.0, "a_mp_1": -40.0, "a_mp_2": 20.0, "a_mp_3": 20.0, "a_pm_0": -40.0, "a_pm_1": 20.0, "a_pm_2": -30.161949479044722, "a_pm_3": 20.0, "a_pp_1": -40.0, "a_pp_2": 20.0, "a_pp_3": 20.0}, "datetime": {"datetime": "2024-07-12 22:29:49", "elapsed": 1918.798872, "delta": 13.929591}}
{"target": -33346.757548892114, "params": {"a_c_1": 3.463598765817366, "a_c_2": 3.0044116819980085, "a_mm_0": -12.022359263064022, "a_mm_1": 5.344418787941628, "a_mm_2": -5.846731952722848, "a_mm_3": -10.713120125958728, "a_mp_0": -30.828932977858962, "a_mp_1": -8.190914729093304, "a_mp_2": -4.2693578811827635, "a_mp_3": 10.46763793684842, "a_pm_0": -27.52294567437619, "a_pm_1": 4.209686915100271, "a_pm_2": -3.9102876858547333, "a_pm_3": 15.144478207336583, "a_pp_1": -0.5083647228623533, "a_pp_2": -22.47115532715463, "a_pp_3": 15.95053858936729}, "datetime": {"datetime": "2024-07-12 22:29:51", "elapsed": 1878.55039, "delta": 8.494116}}
{"target": -17806.420574714004, "params": {"a_c_1": 0.0, "a_c_2": 0.0, "a_mm_0": 20.0, "a_mm_1": 20.0, "a_mm_2": 20.0, "a_mm_3": 20.0, "a_mp_0": -40.0, "a_mp_1": 20.0, "a_mp_2": 20.0, "a_mp_3": 20.0, "a_pm_0": 20.0, "a_pm_1": 20.0, "a_pm_2": -21.027885319277857, "a_pm_3": -18.40000356879484, "a_pp_1": -40.0, "a_pp_2": 20.0, "a_pp_3": 20.0}, "datetime": {"datetime": "2024-07-12 22:29:54", "elapsed": 1902.69524, "delta": 13.234564}}
{"target": -277737.2979110546, "params": {"a_c_1": 8.273392159840206, "a_c_2": 1.8027167175367786, "a_mm_0": -31.52358668354661, "a_mm_1": -0.7368757735237139, "a_mm_2": -7.910928606510041, "a_mm_3": -7.58693494506668, "a_mp_0": 16.521135117891212, "a_mp_1": -39.67834265605163, "a_mp_2": 3.9865531237348506, "a_mp_3": -36.35833621873103, "a_pm_0": 1.493804071228702, "a_pm_1": 1.1843523074733042, "a_pm_2": -12.352824711262343, "a_pm_3": -2.181574172110004, "a_pp_1": -31.527250317404764, "a_pp_2": -30.017463705426504, "a_pp_3": -33.5808006217299}, "datetime": {"datetime": "2024-07-12 22:29:56", "elapsed": 2047.183908, "delta": 8.316892}}
{"target": -19731.23201297531, "params": {"a_c_1": 20.0, "a_c_2": 10.0, "a_mm_0": 2.9389690180492742, "a_mm_1": -40.0, "a_mm_2": 20.0, "a_mm_3": 20.0, "a_mp_0": -40.0, "a_mp_1": 20.0, "a_mp_2": -19.629397474992338, "a_mp_3": -31.44735812948538, "a_pm_0": -40.0, "a_pm_1": 20.0, "a_pm_2": 20.0, "a_pm_3": 20.0, "a_pp_1": -40.0, "a_pp_2": 20.0, "a_pp_3": 13.110228861986007}, "datetime": {"datetime": "2024-07-12 22:29:59", "elapsed": 1950.767167, "delta": 12.218604}}
{"target": -52053.78966622496, "params": {"a_c_1": 20.0, "a_c_2": 10.0, "a_mm_0": 20.0, "a_mm_1": 20.0, "a_mm_2": 20.0, "a_mm_3": -20.617723656385696, "a_mp_0": 20.0, "a_mp_1": -40.0, "a_mp_2": 20.0, "a_mp_3": 20.0, "a_pm_0": 20.0, "a_pm_1": 20.0, "a_pm_2": -40.0, "a_pm_3": 20.0, "a_pp_1": 20.0, "a_pp_2": -0.5404492846780031, "a_pp_3": 20.0}, "datetime": {"datetime": "2024-07-12 22:30:00", "elapsed": 1930.108718, "delta": 11.309846}}
{"target": -80963.36292110132, "params": {"a_c_1": 8.44220214831907, "a_c_2": 3.8861526924159993, "a_mm_0": -36.939495299167774, "a_mm_1": 1.0299038051406129, "a_mm_2": 15.855189879547027, "a_mm_3": -26.08699127517022, "a_mp_0": 9.791734213238684, "a_mp_1": 19.858986776204958, "a_mp_2": 5.862952518761595, "a_mp_3": 13.980417639841036, "a_pm_0": -39.07725447560259, "a_pm_1": 12.509514430737603, "a_pm_2": -17.577608941852386, "a_pm_3": -16.091036343721647, "a_pp_1": 0.5460280469759127, "a_pp_2": 18.665463346254285, "a_pp_3": -12.700328973919728}, "datetime": {"datetime": "2024-07-12 22:30:03", "elapsed": 1911.796036, "delta": 9.100796}}
{"target": -65072.92646144027, "params": {"a_c_1": 20.0, "a_c_2": 10.0, "a_mm_0": 20.0, "a_mm_1": 3.317207803509555, "a_mm_2": 20.0, "a_mm_3": 20.0, "a_mp_0": 20.0, "a_mp_1": 20.0, "a_mp_2": 20.0, "a_mp_3": 20.0, "a_pm_0": 20.0, "a_pm_1": -40.0, "a_pm_2": -40.0, "a_pm_3": 20.0, "a_pp_1": 20.0, "a_pp_2": 20.0, "a_pp_3": -17.378644208922804}, "datetime": {"datetime": "2024-07-12 22:30:04", "elapsed": 1891.516024, "delta": 12.965634}}
{"target": -26006.84317877417, "params": {"a_c_1": 20.0, "a_c_2": 10.0, "a_mm_0": 20.0, "a_mm_1": -40.0, "a_mm_2": 20.0, "a_mm_3": 20.0, "a_mp_0": 20.0, "a_mp_1": -40.0, "a_mp_2": -39.803690316472604, "a_mp_3": 20.0, "a_pm_0": -40.0, "a_pm_1": 20.0, "a_pm_2": 20.0, "a_pm_3": -8.259841485153773, "a_pp_1": -40.0, "a_pp_2": 20.0, "a_pp_3": 20.0}, "datetime": {"datetime": "2024-07-12 22:30:07", "elapsed": 2058.085154, "delta": 10.901246}}
{"target": -9549.572503407275, "params": {"a_c_1": 20.0, "a_c_2": 10.0, "a_mm_0": 20.0, "a_mm_1": 20.0, "a_mm_2": -38.95157706633467, "a_mm_3": 20.0, "a_mp_0": -40.0, "a_mp_1": -40.0, "a_mp_2": 20.0, "a_mp_3": 20.0, "a_pm_0": 20.0, "a_pm_1": 20.0, "a_pm_2": 20.0, "a_pm_3": 20.0, "a_pp_1": -40.0, "a_pp_2": 20.0, "a_pp_3": 20.0}, "datetime": {"datetime": "2024-07-12 22:30:10", "elapsed": 1962.423884, "delta": 11.656717}}
{"target": -11784.112262922004, "params": {"a_c_1": 0.0, "a_c_2": 10.0, "a_mm_0": -40.0, "a_mm_1": 20.0, "a_mm_2": 20.0, "a_mm_3": -22.90689594762977, "a_mp_0": -40.0, "a_mp_1": -40.0, "a_mp_2": 20.0, "a_mp_3": 20.0, "a_pm_0": 6.419176976831191, "a_pm_1": 20.0, "a_pm_2": -15.311475547640761, "a_pm_3": 20.0, "a_pp_1": -40.0, "a_pp_2": 20.0, "a_pp_3": 20.0}, "datetime": {"datetime": "2024-07-12 22:30:12", "elapsed": 1941.695371, "delta": 11.586653}}
{"target": -179433.5842269862, "params": {"a_c_1": 0.18475016229198005, "a_c_2": 1.4812728920584928, "a_mm_0": -27.494163261580514, "a_mm_1": -17.11720663795614, "a_mm_2": 6.542666401109436, "a_mm_3": -30.616376924722616, "a_mp_0": -30.071050568798576, "a_mp_1": -1.9261926765021755, "a_mp_2": 8.328235563378513, "a_mp_3": -9.537456643250422, "a_pm_0": 10.56238647982559, "a_pm_1": -3.643965877849652, "a_pm_2": -16.83847539281024, "a_pm_3": -29.696659518821797, "a_pp_1": -37.75480498249971, "a_pp_2": 2.007318320931958, "a_pp_3": -3.100455030417315}, "datetime": {"datetime": "2024-07-12 22:30:13", "elapsed": 1900.837264, "delta": 9.32124}}
{"target": -25751.515698943054, "params": {"a_c_1": 20.0, "a_c_2": 10.0, "a_mm_0": 20.0, "a_mm_1": -40.0, "a_mm_2": 20.0, "a_mm_3": -40.0, "a_mp_0": 20.0, "a_mp_1": 20.0, "a_mp_2": 20.0, "a_mp_3": 20.0, "a_pm_0": -40.0, "a_pm_1": -35.36853550462451, "a_pm_2": -8.382464309287778, "a_pm_3": 20.0, "a_pp_1": 20.0, "a_pp_2": 18.786764291025204, "a_pp_3": 20.0}, "datetime": {"datetime": "2024-07-12 22:30:15", "elapsed": 1923.502766, "delta": 11.70673}}
{"target": -18720.95546806769, "params": {"a_c_1": 20.0, "a_c_2": 10.0, "a_mm_0": 20.0, "a_mm_1": -40.0, "a_mm_2": 20.0, "a_mm_3": 20.0, "a_mp_0": -40.0, "a_mp_1": 20.0, "a_mp_2": -7.81121119530459, "a_mp_3": 20.0, "a_pm_0": 6.19567174722505, "a_pm_1": 20.0, "a_pm_2": 20.0, "a_pm_3": -35.761822273420066, "a_pp_1": -40.0, "a_pp_2": 20.0, "a_pp_3": 20.0}, "datetime": {"datetime": "2024-07-12 22:30:18", "elapsed": 2069.419728, "delta": 11.334574}}
{"target": -5775.548815369524, "params": {"a_c_1": 0.0, "a_c_2": 10.0, "a_mm_0": 20.0, "a_mm_1": -40.0, "a_mm_2": -11.62555643927414, "a_mm_3": 20.0, "a_mp_0": 20.0, "a_mp_1": 20.0, "a_mp_2": 20.0, "a_mp_3": 20.0, "a_pm_0": 20.0, "a_pm_1": -40.0, "a_pm_2": -40.0, "a_pm_3": 20.0, "a_pp_1": 20.0, "a_pp_2": 20.0, "a_pp_3": 20.0}, "datetime": {"datetime": "2024-07-12 22:30:21", "elapsed": 1973.496856, "delta": 11.072972}}
{"target": -141826.7430445834, "params": {"a_c_1": 4.693077377244772, "a_c_2": 4.740135966121278, "a_mm_0": 3.9690449359282027, "a_mm_1": -38.094496966901424, "a_mm_2": -26.96060564125297, "a_mm_3": -32.75633459082724, "a_mp_0": -12.725947213432669, "a_mp_1": -28.455749967552453, "a_mp_2": 18.279464193316016, "a_mp_3": 11.898660043806906, "a_pm_0": -10.847691001729977, "a_pm_1": 10.19531616897121, "a_pm_2": 1.8859418147197147, "a_pm_3": 9.133376386758442, "a_pp_1": -10.883803008813992, "a_pp_2": 5.2934547032090435, "a_pp_3": -5.2119715495417225}, "datetime": {"datetime": "2024-07-12 22:30:23", "elapsed": 1931.435902, "delta": 7.933136}}
{"target": -6178.953676464673, "params": {"a_c_1": 20.0, "a_c_2": 10.0, "a_mm_0": 20.0, "a_mm_1": 20.0, "a_mm_2": -40.0, "a_mm_3": 20.0, "a_mp_0": -40.0, "a_mp_1": 20.0, "a_mp_2": 20.0, "a_mp_3": 20.0, "a_pm_0": -40.0, "a_pm_1": -40.0, "a_pm_2": 20.0, "a_pm_3": -3.958622793938863, "a_pp_1": 20.0, "a_pp_2": 20.0, "a_pp_3": 20.0}, "datetime": {"datetime": "2024-07-12 22:30:23", "elapsed": 1953.142759, "delta": 11.447388}}
{"target": -12034.306432974854, "params": {"a_c_1": 0.0, "a_c_2": 10.0, "a_mm_0": 20.0, "a_mm_1": -4.900863013340483, "a_mm_2": 20.0, "a_mm_3": 20.0, "a_mp_0": 20.0, "a_mp_1": 20.0, "a_mp_2": 20.0, "a_mp_3": 20.0, "a_pm_0": -40.0, "a_pm_1": -40.0, "a_pm_2": 20.0, "a_pm_3": 20.0, "a_pp_1": -40.0, "a_pp_2": 20.0, "a_pp_3": 20.0}, "datetime": {"datetime": "2024-07-12 22:30:25", "elapsed": 1912.951527, "delta": 12.114263}}
{"target": -4905.4439324535915, "params": {"a_c_1": 20.0, "a_c_2": 10.0, "a_mm_0": -40.0, "a_mm_1": 20.0, "a_mm_2": -6.702363975718812, "a_mm_3": -18.122601693802597, "a_mp_0": 20.0, "a_mp_1": -40.0, "a_mp_2": 20.0, "a_mp_3": 20.0, "a_pm_0": 11.136446578645199, "a_pm_1": 20.0, "a_pm_2": -7.620945423688617, "a_pm_3": 20.0, "a_pp_1": 20.0, "a_pp_2": 20.0, "a_pp_3": 20.0}, "datetime": {"datetime": "2024-07-12 22:30:31", "elapsed": 2082.067996, "delta": 12.648268}}
{"target": -6285.377068485165, "params": {"a_c_1": 20.0, "a_c_2": 10.0, "a_mm_0": -40.0, "a_mm_1": -40.0, "a_mm_2": -40.0, "a_mm_3": 20.0, "a_mp_0": -40.0, "a_mp_1": -40.0, "a_mp_2": 20.0, "a_mp_3": 20.0, "a_pm_0": 20.0, "a_pm_1": 20.0, "a_pm_2": 20.0, "a_pm_3": 20.0, "a_pp_1": 20.0, "a_pp_2": 20.0, "a_pp_3": 20.0}, "datetime": {"datetime": "2024-07-12 22:30:32", "elapsed": 1983.671343, "delta": 10.174487}}
{"target": -21019.48244001729, "params": {"a_c_1": 20.0, "a_c_2": 10.0, "a_mm_0": 20.0, "a_mm_1": 20.0, "a_mm_2": 20.0, "a_mm_3": 20.0, "a_mp_0": 20.0, "a_mp_1": -40.0, "a_mp_2": 20.0, "a_mp_3": -40.0, "a_pm_0": 20.0, "a_pm_1": 20.0, "a_pm_2": 11.214693101286034, "a_pm_3": 20.0, "a_pp_1": -40.0, "a_pp_2": 10.525294116502875, "a_pp_3": 20.0}, "datetime": {"datetime": "2024-07-12 22:30:33", "elapsed": 1941.546966, "delta": 10.111064}}
