{"target": -223928.26004059604, "params": {"a_c_1": 14.454075294970352, "a_c_2": 3.8533921108312983, "a_mm_0": -26.60559404144614, "a_mm_1": -20.051551936355725, "a_mm_2": -22.928230568462396, "a_mm_3": -24.58463855543686, "a_mp_0": -2.1609731898234017, "a_mp_1": -30.06408652498951, "a_mp_2": -4.060980512174346, "a_mp_3": -32.84872954193643, "a_pm_0": 12.753413596755976, "a_pm_1": 7.534550872749662, "a_pm_2": -30.490707251060876, "a_pm_3": 5.565552478495867, "a_pp_1": -14.030421876979972, "a_pp_2": -1.685552913049996, "a_pp_3": -9.611033648466375}, "datetime": {"datetime": "2024-07-12 23:14:56", "elapsed": 4625.404449, "delta": 12.146284}}
{"target": -236807.21230365452, "params": {"a_c_1": 3.287387514090705, "a_c_2": 3.2402333556348237, "a_mm_0": -36.44716533843349, "a_mm_1": -34.46681039378867, "a_mm_2": 6.535797402644796, "a_mm_3": -24.307106811132694, "a_mp_0": -37.39727025580892, "a_mp_1": -31.873528509300698, "a_mp_2": 16.80548610269512, "a_mp_3": -7.7820104698611985, "a_pm_0": -6.995162453847833, "a_pm_1": -19.761090793481586, "a_pm_2": -15.656961566292274, "a_pm_3": -12.100148912891473, "a_pp_1": -35.45501453255984, "a_pp_2": 3.9357703609254173, "a_pp_3": -26.106678144253237}, "datetime": {"datetime": "2024-07-12 23:15:01", "elapsed": 4752.602225, "delta": 8.570912}}
{"target": -21167.224265585657, "params": {"a_c_1": 20.0, "a_c_2": 10.0, "a_mm_0": -40.0, "a_mm_1": 20.0, "a_mm_2": -9.209889128254105, "a_mm_3": -9.596609351702918, "a_mp_0": -40.0, "a_mp_1": 20.0, "a_mp_2": 9.562799015048158, "a_mp_3": 20.0, "a_pm_0": 20.0, "a_pm_1": -20.403022203396482, "a_pm_2": 20.0, "a_pm_3": -31.354830134970467, "a_pp_1": -40.0, "a_pp_2": 20.0, "a_pp_3": 20.0}, "datetime": {"datetime": "2024-07-12 23:15:04", "elapsed": 4612.554636, "delta": 12.762503}}
{"target": -472.68538866714823, "params": {"a_c_1": 20.0, "a_c_2": 10.0, "a_mm_0": 20.0, "a_mm_1": 20.0, "a_mm_2": 20.0, "a_mm_3": 20.0, "a_mp_0": -40.0, "a_mp_1": 20.0, "a_mp_2": 20.0, "a_mp_3": 20.0, "a_pm_0": 20.0, "a_pm_1": 20.0, "a_pm_2": -16.219449421853007, "a_pm_3": 20.0, "a_pp_1": 20.0, "a_pp_2": 20.0, "a_pp_3": 20.0}, "datetime": {"datetime": "2024-07-12 23:15:07", "elapsed": 4659.152241, "delta": 13.205045}}
{"target": -28388.764858371862, "params": {"a_c_1": 20.0, "a_c_2": 10.0, "a_mm_0": 20.0, "a_mm_1": 20.0, "a_mm_2": 20.0, "a_mm_3": 20.0, "a_mp_0": 20.0, "a_mp_1": -40.0, "a_mp_2": -40.0, "a_mp_3": 20.0, "a_pm_0": 20.0, "a_pm_1": 20.0, "a_pm_2": 20.0, "a_pm_3": -40.0, "a_pp_1": 20.0, "a_pp_2": 20.0, "a_pp_3": 20.0}, "datetime": {"datetime": "2024-07-12 23:15:07", "elapsed": 4594.869875, "delta": 13.310054}}
{"target": -16275.39532347236, "params": {"a_c_1": 0.0, "a_c_2": 10.0, "a_mm_0": 20.0, "a_mm_1": 20.0, "a_mm_2": 20.0, "a_mm_3": 20.0, "a_mp_0": 20.0, "a_mp_1": -40.0, "a_mp_2": -40.0, "a_mp_3": -29.153266645571552, "a_pm_0": 20.0, "a_pm_1": 20.0, "a_pm_2": 18.931404371549146, "a_pm_3": 20.0, "a_pp_1": 20.0, "a_pp_2": 20.0, "a_pp_3": 20.0}, "datetime": {"datetime": "2024-07-12 23:15:08", "elapsed": 4637.763944, "delta": 12.359495}}
{"target": -19348.579706565404, "params": {"a_c_1": 0.0, "a_c_2": 10.0, "a_mm_0": -40.0, "a_mm_1": 20.0, "a_mm_2": -10.863853148604113, "a_mm_3": 20.0, "a_mp_0": -40.0, "a_mp_1": -40.0, "a_mp_2": -26.363690217975574, "a_mp_3": -40.0, "a_pm_0": -40.0, "a_pm_1": 20.0, "a_pm_2": 20.0, "a_pm_3": 20.0, "a_pp_1": 20.0, "a_pp_2": 20.0, "a_pp_3": 20.0}, "datetime": {"datetime": "2024-07-12 23:15:13", "elapsed": 4764.329495, "delta": 11.72727}}
{"target": -88431.95110990654, "params": {"a_c_1": 8.673857765916665, "a_c_2": 1.078734037462279, "a_mm_0": -39.54387974867801, "a_mm_1": 8.829200210834138, "a_mm_2": 2.5407878768384577, "a_mm_3": 5.544042570061336, "a_mp_0": 19.706294890858672, "a_mp_1": 1.731259797920849, "a_mp_2": 6.026688984533351, "a_mp_3": 12.553378149096659, "a_pm_0": -4.215734509727952, "a_pm_1": -25.95922316524991, "a_pm_2": -18.428796255698373, "a_pm_3": 2.450647442204634, "a_pp_1": -17.47431355771591, "a_pp_2": -11.493941855010121, "a_pp_3": -5.7869947180293835}, "datetime": {"datetime": "2024-07-12 23:15:14", "elapsed": 4622.920959, "delta": 10.366323}}
{"target": -1498.816954049349, "params": {"a_c_1": 20.0, "a_c_2": 10.0, "a_mm_0": 20.0, "a_mm_1": 20.0, "a_mm_2": -17.080255260765135, "a_mm_3": 20.0, "a_mp_0": -40.0, "a_mp_1": 20.0, "a_mp_2": 20.0, "a_mp_3": 20.0, "a_pm_0": 20.0, "a_pm_1": -40.0, "a_pm_2": 20.0, "a_pm_3": 20.0, "a_pp_1": 20.0, "a_pp_2": 20.0, "a_pp_3": 20.0}, "datetime": {"datetime": "2024-07-12 23:15:20", "elapsed": 4672.075009, "delta": 12.922768}}
{"target": -3168.5431433760536, "params": {"a_c_1": 0.0, "a_c_2": 10.0, "a_mm_0": 20.0, "a_mm_1": 20.0, "a_mm_2": 20.0, "a_mm_3": 20.0, "a_mp_0": 20.0, "a_mp_1": -40.0, "a_mp_2": 20.0, "a_mp_3": 20.0, "a_pm_0": -40.0, "a_pm_1": 20.0, "a_pm_2": 20.0, "a_pm_3": 20.0, "a_pp_1": -40.0, "a_pp_2": 20.0, "a_pp_3": 20.0}, "datetime": {"datetime": "2024-07-12 23:15:21", "elapsed": 4650.574383, "delta": 12.810439}}
{"target": -19194.782718354167, "params": {"a_c_1": 0.0, "a_c_2": 10.0, "a_mm_0": 20.0, "a_mm_1": 20.0, "a_mm_2": -23.73102345629625, "a_mm_3": 20.0, "a_mp_0": -40.0, "a_mp_1": -40.0, "a_mp_2": -40.0, "a_mp_3": 20.0, "a_pm_0": -26.18098624491621, "a_pm_1": 20.0, "a_pm_2": 20.0, "a_pm_3": 20.0, "a_pp_1": 20.0, "a_pp_2": 20.0, "a_pp_3": 20.0}, "datetime": {"datetime": "2024-07-12 23:15:23", "elapsed": 4610.049638, "delta": 15.179763}}
{"target": -11272.887176789298, "params": {"a_c_1": 20.0, "a_c_2": 10.0, "a_mm_0": 20.0, "a_mm_1": -40.0, "a_mm_2": -12.085063896139294, "a_mm_3": 20.0, "a_mp_0": 20.0, "a_mp_1": 20.0, "a_mp_2": 20.0, "a_mp_3": 20.0, "a_pm_0": -40.0, "a_pm_1": 20.0, "a_pm_2": 20.0, "a_pm_3": -30.01758311389593, "a_pp_1": 20.0, "a_pp_2": 20.0, "a_pp_3": 20.0}, "datetime": {"datetime": "2024-07-12 23:15:23", "elapsed": 4774.31776, "delta": 9.988265}}
{"target": -14245.248115564835, "params": {"a_c_1": 20.0, "a_c_2": 10.0, "a_mm_0": 20.0, "a_mm_1": -40.0, "a_mm_2": 20.0, "a_mm_3": 20.0, "a_mp_0": 20.0, "a_mp_1": -40.0, "a_mp_2": 20.0, "a_mp_3": -19.932930870228425, "a_pm_0": 20.0, "a_pm_1": -40.0, "a_pm_2": 20.0, "a_pm_3": 20.0, "a_pp_1": -39.999999999638455, "a_pp_2": 20.0, "a_pp_3": 20.0}, "datetime": {"datetime": "2024-07-12 23:15:25", "elapsed": 4633.888446, "delta": 10.967487}}
{"target": -76606.13371623462, "params": {"a_c_1": 20.0, "a_c_2": 10.0, "a_mm_0": 20.0, "a_mm_1": -18.422638281243696, "a_mm_2": 20.0, "a_mm_3": 20.0, "a_mp_0": -40.0, "a_mp_1": 20.0, "a_mp_2": -36.755222691456595, "a_mp_3": -40.0, "a_pm_0": -40.0, "a_pm_1": 20.0, "a_pm_2": 20.0, "a_pm_3": 20.0, "a_pp_1": 20.0, "a_pp_2": -15.919267756915064, "a_pp_3": 17.943918506428787}, "datetime": {"datetime": "2024-07-12 23:15:30", "elapsed": 4682.234594, "delta": 10.159585}}
{"target": -231138.64392684677, "params": {"a_c_1": 14.46715066020455, "a_c_2": 6.020836487012341, "a_mm_0": -25.613112041381854, "a_mm_1": -25.474222442334813, "a_mm_2": -16.62621894927324, "a_mm_3": -36.03635391033944, "a_mp_0": -16.60145326348876, "a_mp_1": 7.017935294632274, "a_mp_2": -16.47440182567466, "a_mp_3": -18.186297757868672, "a_pm_0": -37.80766096000756, "a_pm_1": -35.34646803580439, "a_pm_2": 5.1088029143542855, "a_pm_3": 3.034576968780371, "a_pp_1": 8.272092304872189, "a_pp_2": 11.057924307013622, "a_pp_3": -29.797778990645412}, "datetime": {"datetime": "2024-07-12 23:15:31", "elapsed": 4660.544344, "delta": 9.969961}}
{"target": -136912.70040619874, "params": {"a_c_1": 0.8191880503768267, "a_c_2": 0.10326928889502707, "a_mm_0": -38.35188869269981, "a_mm_1": -4.285601973207314, "a_mm_2": 2.9015896218582853, "a_mm_3": 18.086616247420103, "a_mp_0": 12.68004779707561, "a_mp_1": 18.87337403914634, "a_mp_2": -25.337468804353172, "a_mp_3": -16.018673586854444, "a_pm_0": -33.02495475116847, "a_pm_1": -23.629129029146917, "a_pm_2": -9.92560251236021, "a_pm_3": 0.6529630314324919, "a_pp_1": -3.1840352854009524, "a_pp_2": -39.61628411035198, "a_pp_3": 17.732346542943375}, "datetime": {"datetime": "2024-07-12 23:15:33", "elapsed": 4784.1299, "delta": 9.81214}}
{"target": -18386.28448891356, "params": {"a_c_1": 20.0, "a_c_2": 10.0, "a_mm_0": 20.0, "a_mm_1": 20.0, "a_mm_2": 20.0, "a_mm_3": 20.0, "a_mp_0": 20.0, "a_mp_1": -40.0, "a_mp_2": 20.0, "a_mp_3": -40.0, "a_pm_0": 20.0, "a_pm_1": 20.0, "a_pm_2": 20.0, "a_pm_3": 20.0, "a_pp_1": 20.0, "a_pp_2": 20.0, "a_pp_3": 20.0}, "datetime": {"datetime": "2024-07-12 23:15:34", "elapsed": 4621.349687, "delta": 11.300049}}
{"target": -33934.4024470246, "params": {"a_c_1": 6.3485343468132704, "a_c_2": 5.864385573055531, "a_mm_0": -39.26485723788305, "a_mm_1": -36.27568240901514, "a_mm_2": 12.881032482612838, "a_mm_3": 13.524763256522142, "a_mp_0": -12.981132787241162, "a_mp_1": -15.597025117810208, "a_mp_2": 14.812454633447736, "a_mp_3": -9.151026069786784, "a_pm_0": 14.838795779153195, "a_pm_1": -37.2249188782044, "a_pm_2": -3.667178973705532, "a_pm_3": 19.75516385975918, "a_pp_1": -23.9947932027243, "a_pp_2": 11.006374137464562, "a_pp_3": 3.689463565457473}, "datetime": {"datetime": "2024-07-12 23:15:35", "elapsed": 4643.179565, "delta": 9.291119}}
{"target": -2533.8012438151063, "params": {"a_c_1": 0.0, "a_c_2": 10.0, "a_mm_0": 20.0, "a_mm_1": -40.0, "a_mm_2": 20.0, "a_mm_3": 20.0, "a_mp_0": 20.0, "a_mp_1": -6.250500797555223, "a_mp_2": -8.288809822646895, "a_mp_3": 20.0, "a_pm_0": 20.0, "a_pm_1": -11.259193270421443, "a_pm_2": -4.4987018036260915, "a_pm_3": 5.888821790432173, "a_pp_1": 7.051432046871902, "a_pp_2": 20.0, "a_pp_3": 20.0}, "datetime": {"datetime": "2024-07-12 23:15:41", "elapsed": 4693.203928, "delta": 10.969334}}
{"target": -5133.015760007036, "params": {"a_c_1": 0.0, "a_c_2": 10.0, "a_mm_0": 20.0, "a_mm_1": 20.0, "a_mm_2": 20.0, "a_mm_3": 20.0, "a_mp_0": 20.0, "a_mp_1": 20.0, "a_mp_2": -39.16797017311796, "a_mp_3": 20.0, "a_pm_0": -40.0, "a_pm_1": 20.0, "a_pm_2": 20.0, "a_pm_3": 20.0, "a_pp_1": -40.0, "a_pp_2": 20.0, "a_pp_3": 20.0}, "datetime": {"datetime": "2024-07-12 23:15:41", "elapsed": 4670.992655, "delta": 10.448311}}
{"target": -7105.934382551972, "params": {"a_c_1": 0.0, "a_c_2": 10.0, "a_mm_0": -40.0, "a_mm_1": 20.0, "a_mm_2": 20.0, "a_mm_3": 20.0, "a_mp_0": -40.0, "a_mp_1": 20.0, "a_mp_2": -40.0, "a_mp_3": 20.0, "a_pm_0": 20.0, "a_pm_1": -40.0, "a_pm_2": 20.0, "a_pm_3": 20.0, "a_pp_1": 20.0, "a_pp_2": 20.0, "a_pp_3": 20.0}, "datetime": {"datetime": "2024-07-12 23:15:44", "elapsed": 4795.328456, "delta": 11.198556}}
{"target": -7634.829726938644, "params": {"a_c_1": 20.0, "a_c_2": 10.0, "a_mm_0": 20.0, "a_mm_1": 20.0, "a_mm_2": 20.0, "a_mm_3": 20.0, "a_mp_0": -40.0, "a_mp_1": -40.0, "a_mp_2": 20.0, "a_mp_3": 20.0, "a_pm_0": 20.0, "a_pm_1": -40.0, "a_pm_2": 20.0, "a_pm_3": 20.0, "a_pp_1": -40.0, "a_pp_2": 20.0, "a_pp_3": 20.0}, "datetime": {"datetime": "2024-07-12 23:15:44", "elapsed": 4653.037752, "delta": 9.858187}}
{"target": -22218.860860211636, "params": {"a_c_1": 0.0, "a_c_2": 10.0, "a_mm_0": -40.0, "a_mm_1": 20.0, "a_mm_2": 20.0, "a_mm_3": 20.0, "a_mp_0": 20.0, "a_mp_1": -40.0, "a_mp_2": -40.0, "a_mp_3": 20.0, "a_pm_0": 20.0, "a_pm_1": 20.0, "a_pm_2": 20.0, "a_pm_3": 20.0, "a_pp_1": -40.0, "a_pp_2": 20.0, "a_pp_3": 20.0}, "datetime": {"datetime": "2024-07-12 23:15:45", "elapsed": 4632.902074, "delta": 11.552387}}
{"target": -10915.239238051337, "params": {"a_c_1": 0.0, "a_c_2": 0.0, "a_mm_0": 20.0, "a_mm_1": 20.0, "a_mm_2": 20.0, "a_mm_3": 20.0, "a_mp_0": 20.0, "a_mp_1": 20.0, "a_mp_2": 20.0, "a_mp_3": 20.0, "a_pm_0": -40.0, "a_pm_1": 20.0, "a_pm_2": 20.0, "a_pm_3": 11.244162630618431, "a_pp_1": -13.432505193930776, "a_pp_2": -24.00323883080419, "a_pp_3": 20.0}, "datetime": {"datetime": "2024-07-12 23:15:51", "elapsed": 4702.944337, "delta": 9.740409}}
{"target": -233027.53077201333, "params": {"a_c_1": 5.999853656445644, "a_c_2": 8.686351876748569, "a_mm_0": 3.832102614336719, "a_mm_1": 12.084330519284165, "a_mm_2": 4.793680008579081, "a_mm_3": -17.443615160523954, "a_mp_0": -32.93788270199158, "a_mp_1": -5.6956666456596, "a_mp_2": 7.531688006285748, "a_mp_3": -36.25767789473822, "a_pm_0": -7.7638300978999055, "a_pm_1": 6.6498637680662185, "a_pm_2": -17.425781144929967, "a_pm_3": -10.544509707585885, "a_pp_1": 14.039082317931651, "a_pp_2": -1.0528621993272296, "a_pp_3": -22.533629838231928}, "datetime": {"datetime": "2024-07-12 23:15:52", "elapsed": 4660.903932, "delta": 7.86618}}
{"target": -89062.24798252017, "params": {"a_c_1": 1.573721095691596, "a_c_2": 3.3950829338667488, "a_mm_0": -16.288786480956155, "a_mm_1": -7.461437497405157, "a_mm_2": -15.763509965240946, "a_mm_3": 7.180976340855018, "a_mp_0": -26.869921612784324, "a_mp_1": -7.3645429983483055, "a_mp_2": 16.613166050497874, "a_mp_3": -21.84899990789883, "a_pm_0": -28.234229280735896, "a_pm_1": -26.295530014940894, "a_pm_2": 9.159322287282677, "a_pm_3": 9.486321104960822, "a_pp_1": -18.57226561054845, "a_pp_2": 7.616934662191561, "a_pp_3": -22.39293628517204}, "datetime": {"datetime": "2024-07-12 23:15:53", "elapsed": 4804.054005, "delta": 8.725549}}
{"target": -5582.6560090584835, "params": {"a_c_1": 0.0, "a_c_2": 10.0, "a_mm_0": 20.0, "a_mm_1": 20.0, "a_mm_2": 20.0, "a_mm_3": 20.0, "a_mp_0": 20.0, "a_mp_1": -40.0, "a_mp_2": -40.0, "a_mp_3": 20.0, "a_pm_0": -40.0, "a_pm_1": 20.0, "a_pm_2": 20.0, "a_pm_3": 20.0, "a_pp_1": 20.0, "a_pp_2": 20.0, "a_pp_3": 20.0}, "datetime": {"datetime": "2024-07-12 23:15:53", "elapsed": 4683.016784, "delta": 12.024129}}
{"target": -5477.820572755082, "params": {"a_c_1": 20.0, "a_c_2": 10.0, "a_mm_0": 20.0, "a_mm_1": 20.0, "a_mm_2": 20.0, "a_mm_3": 20.0, "a_mp_0": 20.0, "a_mp_1": 20.0, "a_mp_2": 20.0, "a_mp_3": 20.0, "a_pm_0": -40.0, "a_pm_1": 20.0, "a_pm_2": -40.0, "a_pm_3": 20.0, "a_pp_1": 20.0, "a_pp_2": 20.0, "a_pp_3": 20.0}, "datetime": {"datetime": "2024-07-12 23:15:57", "elapsed": 4644.528386, "delta": 11.626312}}
{"target": -186687.59759789726, "params": {"a_c_1": 6.170017193203177, "a_c_2": 1.07712017257923, "a_mm_0": -34.57344549774957, "a_mm_1": -19.373802691297882, "a_mm_2": -12.696192120347774, "a_mm_3": -3.301748858669015, "a_mp_0": -20.561382612413833, "a_mp_1": -3.5301735163621117, "a_mp_2": 11.531277850512517, "a_mp_3": 3.4646056670975725, "a_pm_0": -34.33399681197575, "a_pm_1": 9.904437706092388, "a_pm_2": -6.623360626127848, "a_pm_3": 7.15373990249909, "a_pp_1": -14.079934554069862, "a_pp_2": -19.629627603526426, "a_pp_3": -34.22050485079215}, "datetime": {"datetime": "2024-07-12 23:16:01", "elapsed": 4712.796842, "delta": 9.852505}}
{"target": -193844.60005323493, "params": {"a_c_1": 6.940240534000102, "a_c_2": 0.03435717950808326, "a_mm_0": 1.1875858470504284, "a_mm_1": -9.440671768474129, "a_mm_2": 14.618722683914314, "a_mm_3": -25.821796345790325, "a_mp_0": -5.5706391020647885, "a_mp_1": -19.457080358921328, "a_mp_2": 0.720391896565765, "a_mp_3": -14.815369053691423, "a_pm_0": 19.827919401473416, "a_pm_1": 2.327334928675185, "a_pm_2": -11.72454092635218, "a_pm_3": -13.53273979357477, "a_pp_1": -28.444577479265675, "a_pp_2": -1.759967568183761, "a_pp_3": -31.279918917962725}, "datetime": {"datetime": "2024-07-12 23:16:01", "elapsed": 4812.290141, "delta": 8.236136}}
{"target": -8270.596504285879, "params": {"a_c_1": 0.0, "a_c_2": 0.0, "a_mm_0": -40.0, "a_mm_1": 20.0, "a_mm_2": -16.29640482105247, "a_mm_3": -8.330949137211276, "a_mp_0": -40.0, "a_mp_1": -15.28013077863446, "a_mp_2": 0.45617340562830316, "a_mp_3": 20.0, "a_pm_0": -25.815028632711446, "a_pm_1": -3.288578926305955, "a_pm_2": 20.0, "a_pm_3": -3.178595357660859, "a_pp_1": -11.902245143908415, "a_pp_2": 20.0, "a_pp_3": 20.0}, "datetime": {"datetime": "2024-07-12 23:16:03", "elapsed": 4671.7046, "delta": 10.800668}}
{"target": -11526.362206082295, "params": {"a_c_1": 20.0, "a_c_2": 10.0, "a_mm_0": -40.0, "a_mm_1": 20.0, "a_mm_2": 20.0, "a_mm_3": 20.0, "a_mp_0": -40.0, "a_mp_1": -40.0, "a_mp_2": 20.0, "a_mp_3": 20.0, "a_pm_0": 20.0, "a_pm_1": -40.0, "a_pm_2": 20.0, "a_pm_3": 20.0, "a_pp_1": 20.0, "a_pp_2": 20.0, "a_pp_3": 20.0}, "datetime": {"datetime": "2024-07-12 23:16:06", "elapsed": 4695.868681, "delta": 12.851897}}
{"target": -728.3557592846523, "params": {"a_c_1": 20.0, "a_c_2": 10.0, "a_mm_0": 20.0, "a_mm_1": 20.0, "a_mm_2": 20.0, "a_mm_3": 20.0, "a_mp_0": 20.0, "a_mp_1": 20.0, "a_mp_2": 20.0, "a_mp_3": 20.0, "a_pm_0": -40.0, "a_pm_1": 20.0, "a_pm_2": 20.0, "a_pm_3": 20.0, "a_pp_1": -40.0, "a_pp_2": 20.0, "a_pp_3": 20.0}, "datetime": {"datetime": "2024-07-12 23:16:08", "elapsed": 4655.264326, "delta": 10.73594}}
{"target": -402733.42255255434, "params": {"a_c_1": 2.5614448137731283, "a_c_2": 1.591587773694897, "a_mm_0": -38.37681274503684, "a_mm_1": 6.119399856965778, "a_mm_2": 18.110188706664914, "a_mm_3": 18.777195426505216, "a_mp_0": 14.182396870932202, "a_mp_1": 10.603363502679926, "a_mp_2": -37.21245451782047, "a_mp_3": -33.075613822488904, "a_pm_0": 5.49609290972289, "a_pm_1": 0.6483559827403838, "a_pm_2": -33.33045274425263, "a_pm_3": -32.312251172786006, "a_pp_1": -39.57510005788828, "a_pp_2": -27.074092345144244, "a_pp_3": -27.71797626988728}, "datetime": {"datetime": "2024-07-12 23:16:09", "elapsed": 4820.205459, "delta": 7.915318}}
{"target": -228477.4401267554, "params": {"a_c_1": 19.385851068231574, "a_c_2": 8.21178715446661, "a_mm_0": -39.676766266020465, "a_mm_1": 8.613537197454598, "a_mm_2": -30.464368179120463, "a_mm_3": -39.23326058147937, "a_mp_0": -5.595740064930737, "a_mp_1": -20.540451748023415, "a_mp_2": -20.25249234329084, "a_mp_3": 6.609865229739668, "a_pm_0": -4.362614728022578, "a_pm_1": -3.5860770526188332, "a_pm_2": -24.671261369721847, "a_pm_3": 7.441762185858558, "a_pp_1": -6.805643383799932, "a_pp_2": -20.542730048173986, "a_pp_3": 19.178194109437257}, "datetime": {"datetime": "2024-07-12 23:16:11", "elapsed": 4722.802282, "delta": 10.00544}}
{"target": -11562.843931005096, "params": {"a_c_1": 20.0, "a_c_2": 10.0, "a_mm_0": 20.0, "a_mm_1": 20.0, "a_mm_2": 20.0, "a_mm_3": 20.0, "a_mp_0": -40.0, "a_mp_1": -40.0, "a_mp_2": 20.0, "a_mp_3": -30.6374486025956, "a_pm_0": 20.0, "a_pm_1": -40.0, "a_pm_2": 20.0, "a_pm_3": 20.0, "a_pp_1": 20.0, "a_pp_2": 20.0, "a_pp_3": 20.0}, "datetime": {"datetime": "2024-07-12 23:16:17", "elapsed": 4685.225202, "delta": 13.520602}}
{"target": -813.7292130714208, "params": {"a_c_1": 20.0, "a_c_2": 10.0, "a_mm_0": 20.0, "a_mm_1": 20.0, "a_mm_2": 0.7033742523205188, "a_mm_3": 20.0, "a_mp_0": 20.0, "a_mp_1": 20.0, "a_mp_2": 20.0, "a_mp_3": 20.0, "a_pm_0": -40.0, "a_pm_1": 20.0, "a_pm_2": 20.0, "a_pm_3": 20.0, "a_pp_1": -40.0, "a_pp_2": 20.0, "a_pp_3": 20.0}, "datetime": {"datetime": "2024-07-12 23:16:18", "elapsed": 4707.757249, "delta": 11.888568}}
{"target": -224818.60999930504, "params": {"a_c_1": 17.567772624750432, "a_c_2": 4.981438012757717, "a_mm_0": -3.863858083293735, "a_mm_1": -37.31459877632516, "a_mm_2": 11.69646742045336, "a_mm_3": -5.978641418330753, "a_mp_0": -9.901560376482834, "a_mp_1": -30.66152835608485, "a_mp_2": -7.717705744921744, "a_mp_3": -23.14874188198234, "a_pm_0": 11.92213195260981, "a_pm_1": 2.6060792410453786, "a_pm_2": -26.554378827518676, "a_pm_3": 9.810274948171141, "a_pp_1": 1.2865570752030209, "a_pp_2": -10.669136354840159, "a_pp_3": -28.707183543157363}, "datetime": {"datetime": "2024-07-12 23:16:20", "elapsed": 4731.936402, "delta": 9.13412}}
{"target": -12291.664743287243, "params": {"a_c_1": 20.0, "a_c_2": 10.0, "a_mm_0": -40.0, "a_mm_1": -40.0, "a_mm_2": 20.0, "a_mm_3": 20.0, "a_mp_0": 20.0, "a_mp_1": 20.0, "a_mp_2": 20.0, "a_mp_3": -5.533228850216885, "a_pm_0": 20.0, "a_pm_1": -40.0, "a_pm_2": 20.0, "a_pm_3": 20.0, "a_pp_1": -40.0, "a_pp_2": 20.0, "a_pp_3": 20.0}, "datetime": {"datetime": "2024-07-12 23:16:21", "elapsed": 4831.864112, "delta": 11.658653}}
{"target": -6470.943930931922, "params": {"a_c_1": 20.0, "a_c_2": 0.0, "a_mm_0": 20.0, "a_mm_1": 20.0, "a_mm_2": -40.0, "a_mm_3": 20.0, "a_mp_0": 20.0, "a_mp_1": 20.0, "a_mp_2": 20.0, "a_mp_3": 20.0, "a_pm_0": -40.0, "a_pm_1": -40.0, "a_pm_2": 20.0, "a_pm_3": 20.0, "a_pp_1": 20.0, "a_pp_2": 20.0, "a_pp_3": 20.0}, "datetime": {"datetime": "2024-07-12 23:16:22", "elapsed": 4669.095273, "delta": 13.830947}}
{"target": -78068.35630260513, "params": {"a_c_1": 8.261382232506397, "a_c_2": 5.284065721059351, "a_mm_0": -19.815079922817063, "a_mm_1": -6.526409242517481, "a_mm_2": -35.89182788041375, "a_mm_3": -17.046798352587334, "a_mp_0": 16.962454799809933, "a_mp_1": 14.303849204741773, "a_mp_2": 3.6169777715301095, "a_mp_3": 9.292858367100848, "a_pm_0": -27.322224915597445, "a_pm_1": -3.702283075733007, "a_pm_2": -14.362889449125372, "a_pm_3": -25.68649490148583, "a_pp_1": 8.860088114469782, "a_pp_2": -6.527005048138129, "a_pp_3": 14.422610851622352}, "datetime": {"datetime": "2024-07-12 23:16:27", "elapsed": 4695.162416, "delta": 9.937214}}
{"target": -1721.02677715987, "params": {"a_c_1": 20.0, "a_c_2": 0.0, "a_mm_0": 20.0, "a_mm_1": -40.0, "a_mm_2": 20.0, "a_mm_3": 20.0, "a_mp_0": 20.0, "a_mp_1": 20.0, "a_mp_2": 20.0, "a_mp_3": 20.0, "a_pm_0": -40.0, "a_pm_1": 20.0, "a_pm_2": 20.0, "a_pm_3": 20.0, "a_pp_1": 20.0, "a_pp_2": 20.0, "a_pp_3": 20.0}, "datetime": {"datetime": "2024-07-12 23:16:29", "elapsed": 4741.35572, "delta": 9.419318}}
{"target": -3151.0464206232505, "params": {"a_c_1": 0.0, "a_c_2": 0.0, "a_mm_0": -40.0, "a_mm_1": -14.21644009365706, "a_mm_2": 20.0, "a_mm_3": -16.572309048329952, "a_mp_0": -40.0, "a_mp_1": 3.2808745774836177, "a_mp_2": 20.0, "a_mp_3": 20.0, "a_pm_0": 20.0, "a_pm_1": -17.576723016709394, "a_pm_2": -0.6951090551170847, "a_pm_3": 20.0, "a_pp_1": 20.0, "a_pp_2": 20.0, "a_pp_3": 20.0}, "datetime": {"datetime": "2024-07-12 23:16:30", "elapsed": 4841.483169, "delta": 9.619057}}
{"target": -3465.411988299169, "params": {"a_c_1": 0.0, "a_c_2": 10.0, "a_mm_0": -40.0, "a_mm_1": 20.0, "a_mm_2": 20.0, "a_mm_3": 20.0, "a_mp_0": 20.0, "a_mp_1": -40.0, "a_mp_2": -20.82042809481427, "a_mp_3": 20.0, "a_pm_0": -40.0, "a_pm_1": 20.0, "a_pm_2": -2.2705083526914662, "a_pm_3": 20.0, "a_pp_1": 20.0, "a_pp_2": 20.0, "a_pp_3": 20.0}, "datetime": {"datetime": "2024-07-12 23:16:31", "elapsed": 4720.739258, "delta": 12.982009}}
