{"target": -44642.993989752926, "params": {"a_c_1": 0.0, "a_c_2": 10.0, "a_mm_0": 20.0, "a_mm_1": 20.0, "a_mm_2": 18.37103990654465, "a_mm_3": 20.0, "a_mp_0": 20.0, "a_mp_1": 20.0, "a_mp_2": 20.0, "a_mp_3": 20.0, "a_pm_0": 20.0, "a_pm_1": -40.0, "a_pm_2": 7.2394431402915, "a_pm_3": -13.359207112149504, "a_pp_1": 20.0, "a_pp_2": -15.52256603748079, "a_pp_3": 20.0}, "datetime": {"datetime": "2024-07-12 22:33:34", "elapsed": 2165.724609, "delta": 9.871932}}
{"target": -202693.55283379598, "params": {"a_c_1": 2.160109031280084, "a_c_2": 5.21131293335923, "a_mm_0": -15.413207314136596, "a_mm_1": -14.027348186454045, "a_mm_2": 17.069142503590243, "a_mm_3": 17.75137978541909, "a_mp_0": 18.58061601885627, "a_mp_1": 7.40115164859548, "a_mp_2": -19.930711599055353, "a_mp_3": 9.673039973091853, "a_pm_0": -5.133049297349331, "a_pm_1": -28.563869833509756, "a_pm_2": -3.1311173552035214, "a_pm_3": -39.28284792254447, "a_pp_1": 15.176200296381744, "a_pp_2": -35.60271036557903, "a_pp_3": -6.799029180047619}, "datetime": {"datetime": "2024-07-12 22:33:37", "elapsed": 2125.442585, "delta": 8.521329}}
{"target": -277878.66103313764, "params": {"a_c_1": 0.3654844899827192, "a_c_2": 5.972024647839249, "a_mm_0": -21.24434116392505, "a_mm_1": 2.6486981473145192, "a_mm_2": -14.440990451894145, "a_mm_3": 13.930685565971743, "a_mp_0": -39.77258409322443, "a_mp_1": -30.019183219337016, "a_mp_2": -21.8979635436456, "a_mp_3": 3.2044459211419536, "a_pm_0": -23.051223953890375, "a_pm_1": -23.99951881998794, "a_pm_2": -23.40082636847162, "a_pm_3": 12.001987598753338, "a_pp_1": -11.477889675383327, "a_pp_2": -37.68423928772361, "a_pp_3": -24.969454504692425}, "datetime": {"datetime": "2024-07-12 22:33:37", "elapsed": 2146.969124, "delta": 9.933128}}
{"target": -327681.6883709974, "params": {"a_c_1": 14.473764500306185, "a_c_2": 2.6884564108314413, "a_mm_0": -11.26151103541137, "a_mm_1": -35.903593796376136, "a_mm_2": 4.68251743022212, "a_mm_3": 3.061500019325436, "a_mp_0": -9.554712157080651, "a_mp_1": -4.718783844598221, "a_mp_2": 16.5367688059084, "a_mp_3": -17.465972417565954, "a_pm_0": -22.30363315792917, "a_pm_1": -35.632424447586686, "a_pm_2": -31.402612367998184, "a_pm_3": -18.53318982650431, "a_pp_1": -35.65718351094425, "a_pp_2": -20.21043150328396, "a_pp_3": -4.124148012441935}, "datetime": {"datetime": "2024-07-12 22:33:37", "elapsed": 2104.667526, "delta": 8.522734}}
{"target": -20287.64393451341, "params": {"a_c_1": 0.0, "a_c_2": 10.0, "a_mm_0": 20.0, "a_mm_1": -40.0, "a_mm_2": 20.0, "a_mm_3": 20.0, "a_mp_0": -40.0, "a_mp_1": 20.0, "a_mp_2": -3.732250606349073, "a_mp_3": -40.0, "a_pm_0": -40.0, "a_pm_1": 20.0, "a_pm_2": 20.0, "a_pm_3": 20.0, "a_pp_1": -40.0, "a_pp_2": 20.0, "a_pp_3": 20.0}, "datetime": {"datetime": "2024-07-12 22:33:41", "elapsed": 2272.099065, "delta": 10.521829}}
{"target": -17989.521062706175, "params": {"a_c_1": 0.0, "a_c_2": 10.0, "a_mm_0": -40.0, "a_mm_1": 20.0, "a_mm_2": -24.468033243557702, "a_mm_3": 20.0, "a_mp_0": 20.0, "a_mp_1": 20.0, "a_mp_2": 20.0, "a_mp_3": -17.630501542206172, "a_pm_0": 20.0, "a_pm_1": -40.0, "a_pm_2": -40.0, "a_pm_3": 20.0, "a_pp_1": 20.0, "a_pp_2": 20.0, "a_pp_3": 20.0}, "datetime": {"datetime": "2024-07-12 22:33:45", "elapsed": 2177.254625, "delta": 11.530016}}
{"target": -113132.86378426106, "params": {"a_c_1": 18.575177461414636, "a_c_2": 9.584805911786162, "a_mm_0": -3.5212538073025286, "a_mm_1": -34.40879826508576, "a_mm_2": 10.638767030741064, "a_mm_3": 19.706460411829354, "a_mp_0": 7.7426226198149095, "a_mp_1": 10.231818920179116, "a_mp_2": 10.991165168123374, "a_mp_3": 14.438938403255634, "a_pm_0": -19.09245267673484, "a_pm_1": 5.615886478728875, "a_pm_2": -11.524379171069626, "a_pm_3": -18.67529278876854, "a_pp_1": -15.818273985788018, "a_pp_2": -17.7896473034925, "a_pp_3": -29.882629142679228}, "datetime": {"datetime": "2024-07-12 22:33:47", "elapsed": 2114.791198, "delta": 10.123672}}
{"target": -16013.517701458231, "params": {"a_c_1": 0.0, "a_c_2": 10.0, "a_mm_0": 20.0, "a_mm_1": 20.0, "a_mm_2": 20.0, "a_mm_3": 20.0, "a_mp_0": -40.0, "a_mp_1": -19.620284261592392, "a_mp_2": 20.0, "a_mp_3": -40.0, "a_pm_0": 20.0, "a_pm_1": 20.0, "a_pm_2": -22.499026959993113, "a_pm_3": 20.0, "a_pp_1": -40.0, "a_pp_2": 20.0, "a_pp_3": 20.0}, "datetime": {"datetime": "2024-07-12 22:33:50", "elapsed": 2138.247592, "delta": 12.805007}}
{"target": -354027.72031324013, "params": {"a_c_1": 12.1359958551878, "a_c_2": 0.48632171331895346, "a_mm_0": -5.885141655152687, "a_mm_1": -29.001689265508535, "a_mm_2": -36.69773771151601, "a_mm_3": -0.8343395592991385, "a_mp_0": -14.969859445943346, "a_mp_1": -31.613322255517105, "a_mp_2": 4.219822339634625, "a_mp_3": -35.49711748770142, "a_pm_0": -0.9733306939414064, "a_pm_1": -20.636057497162707, "a_pm_2": 4.976987756977458, "a_pm_3": 5.534590340612233, "a_pp_1": -24.5864114372748, "a_pp_2": -28.229498420377595, "a_pp_3": -16.024887818476778}, "datetime": {"datetime": "2024-07-12 22:33:50", "elapsed": 2281.250176, "delta": 9.151111}}
{"target": -2095.571396359755, "params": {"a_c_1": 0.0, "a_c_2": 10.0, "a_mm_0": 20.0, "a_mm_1": 20.0, "a_mm_2": 20.0, "a_mm_3": 7.461604423194869, "a_mp_0": -40.0, "a_mp_1": -4.440861742046231, "a_mp_2": -15.716153832988697, "a_mp_3": 20.0, "a_pm_0": -29.380843708693643, "a_pm_1": -40.0, "a_pm_2": -22.134256232982874, "a_pm_3": 20.0, "a_pp_1": 20.0, "a_pp_2": 20.0, "a_pp_3": 20.0}, "datetime": {"datetime": "2024-07-12 22:33:52", "elapsed": 2161.640514, "delta": 14.67139}}
{"target": -134505.24266432543, "params": {"a_c_1": 14.256237720947782, "a_c_2": 5.277119331930024, "a_mm_0": 3.225755814798994, "a_mm_1": 18.720243613169515, "a_mm_2": 14.69153463341781, "a_mm_3": -17.768300758774515, "a_mp_0": 16.92509057366715, "a_mp_1": 0.9182893039052331, "a_mp_2": 8.393078238893828, "a_mp_3": -15.564616746501823, "a_pm_0": -15.39425369934617, "a_pm_1": 14.831580151631329, "a_pm_2": -34.7961172403574, "a_pm_3": 15.694232554209819, "a_pp_1": 15.16330045469141, "a_pp_2": -25.17147506512065, "a_pp_3": -23.750267642910906}, "datetime": {"datetime": "2024-07-12 22:33:55", "elapsed": 2187.338628, "delta": 10.084003}}
{"target": -152405.89288075504, "params": {"a_c_1": 8.703187033019272, "a_c_2": 5.689014236140068, "a_mm_0": 0.15092805377653917, "a_mm_1": -36.970229808316304, "a_mm_2": -0.20686354770686677, "a_mm_3": 15.913600116643366, "a_mp_0": 12.535937127735977, "a_mp_1": -23.565249810512068, "a_mp_2": -24.82537383968091, "a_mp_3": -11.600395250902743, "a_pm_0": -11.233742788451885, "a_pm_1": -38.50665149725534, "a_pm_2": 8.23343569041021, "a_pm_3": -6.2064161076690425, "a_pp_1": -38.83655312084747, "a_pp_2": -0.06391325241402512, "a_pp_3": 17.955404901869734}, "datetime": {"datetime": "2024-07-12 22:33:57", "elapsed": 2124.507471, "delta": 9.716273}}
{"target": -11073.906103336232, "params": {"a_c_1": 20.0, "a_c_2": 10.0, "a_mm_0": 20.0, "a_mm_1": -40.0, "a_mm_2": 7.379761389030994, "a_mm_3": 20.0, "a_mp_0": 20.0, "a_mp_1": 20.0, "a_mp_2": 20.0, "a_mp_3": 20.0, "a_pm_0": -40.0, "a_pm_1": 20.0, "a_pm_2": 20.0, "a_pm_3": 20.0, "a_pp_1": 20.0, "a_pp_2": -12.012095293377108, "a_pp_3": 20.0}, "datetime": {"datetime": "2024-07-12 22:33:59", "elapsed": 2290.218618, "delta": 8.968442}}
{"target": -51354.43901284931, "params": {"a_c_1": 20.0, "a_c_2": 10.0, "a_mm_0": 20.0, "a_mm_1": -40.0, "a_mm_2": 20.0, "a_mm_3": 20.0, "a_mp_0": 20.0, "a_mp_1": -16.73302268651376, "a_mp_2": 20.0, "a_mp_3": 20.0, "a_pm_0": 20.0, "a_pm_1": -40.0, "a_pm_2": 20.0, "a_pm_3": 20.0, "a_pp_1": 20.0, "a_pp_2": 20.0, "a_pp_3": -34.05138154339014}, "datetime": {"datetime": "2024-07-12 22:33:59", "elapsed": 2148.006496, "delta": 9.758904}}
{"target": -23401.82465877159, "params": {"a_c_1": 20.0, "a_c_2": 10.0, "a_mm_0": -40.0, "a_mm_1": -40.0, "a_mm_2": 20.0, "a_mm_3": -29.391616547948725, "a_mp_0": 20.0, "a_mp_1": -40.0, "a_mp_2": 20.0, "a_mp_3": 20.0, "a_pm_0": 20.0, "a_pm_1": 20.0, "a_pm_2": 20.0, "a_pm_3": 5.968150890813066, "a_pp_1": -40.0, "a_pp_2": 20.0, "a_pp_3": 20.0}, "datetime": {"datetime": "2024-07-12 22:34:05", "elapsed": 2174.66295, "delta": 13.022436}}
{"target": -12595.361780424751, "params": {"a_c_1": 0.0, "a_c_2": 10.0, "a_mm_0": 20.0, "a_mm_1": 20.0, "a_mm_2": 20.0, "a_mm_3": 20.0, "a_mp_0": -40.0, "a_mp_1": 20.0, "a_mp_2": 20.0, "a_mp_3": 20.0, "a_pm_0": 20.0, "a_pm_1": 20.0, "a_pm_2": -40.0, "a_pm_3": 4.941983377763235, "a_pp_1": -40.0, "a_pp_2": 20.0, "a_pp_3": 20.0}, "datetime": {"datetime": "2024-07-12 22:34:07", "elapsed": 2198.713391, "delta": 11.374763}}
{"target": -39067.719660088376, "params": {"a_c_1": 0.0, "a_c_2": 10.0, "a_mm_0": 20.0, "a_mm_1": 20.0, "a_mm_2": -40.0, "a_mm_3": 20.0, "a_mp_0": 20.0, "a_mp_1": 20.0, "a_mp_2": 20.0, "a_mp_3": -40.0, "a_pm_0": 20.0, "a_pm_1": 20.0, "a_pm_2": 20.0, "a_pm_3": 20.0, "a_pp_1": 20.0, "a_pp_2": -16.133200211610518, "a_pp_3": 20.0}, "datetime": {"datetime": "2024-07-12 22:34:09", "elapsed": 2300.424092, "delta": 10.205474}}
{"target": -6839.60461274657, "params": {"a_c_1": 20.0, "a_c_2": 10.0, "a_mm_0": 20.0, "a_mm_1": 20.0, "a_mm_2": 20.0, "a_mm_3": 20.0, "a_mp_0": 20.0, "a_mp_1": 20.0, "a_mp_2": -40.0, "a_mp_3": 20.0, "a_pm_0": -40.0, "a_pm_1": -40.0, "a_pm_2": 20.0, "a_pm_3": 20.0, "a_pp_1": 7.976989839520646, "a_pp_2": 20.0, "a_pp_3": 20.0}, "datetime": {"datetime": "2024-07-12 22:34:09", "elapsed": 2136.880876, "delta": 12.373405}}
{"target": -21811.540031877277, "params": {"a_c_1": 20.0, "a_c_2": 10.0, "a_mm_0": -40.0, "a_mm_1": -40.0, "a_mm_2": 20.0, "a_mm_3": 20.0, "a_mp_0": 20.0, "a_mp_1": 20.0, "a_mp_2": 20.0, "a_mp_3": -40.0, "a_pm_0": -19.429308214946314, "a_pm_1": 20.0, "a_pm_2": -3.005129584844181, "a_pm_3": 20.0, "a_pp_1": -40.0, "a_pp_2": 20.0, "a_pp_3": 20.0}, "datetime": {"datetime": "2024-07-12 22:34:11", "elapsed": 2159.634547, "delta": 11.628051}}
{"target": -272419.5299023434, "params": {"a_c_1": 6.573714357235103, "a_c_2": 7.118698243032485, "a_mm_0": -24.762056570540253, "a_mm_1": -21.031017362858755, "a_mm_2": -33.90000743671309, "a_mm_3": 18.406776378227363, "a_mp_0": 5.912273883860038, "a_mp_1": -29.3427451245529, "a_mp_2": -10.345747154593976, "a_mp_3": 13.404579877520327, "a_pm_0": -21.57617433378323, "a_pm_1": -30.771191586667676, "a_pm_2": 5.708510286427455, "a_pm_3": 4.037094142375167, "a_pp_1": 19.961326662539463, "a_pp_2": -36.16956793974288, "a_pp_3": -38.171284354327}, "datetime": {"datetime": "2024-07-12 22:34:14", "elapsed": 2183.828103, "delta": 9.165153}}
{"target": -55117.42427889884, "params": {"a_c_1": 17.13463160797317, "a_c_2": 8.244551068713715, "a_mm_0": 5.89691058138839, "a_mm_1": -7.510469724667232, "a_mm_2": 3.1464580103527666, "a_mm_3": -26.879944627206736, "a_mp_0": -20.74108865834716, "a_mp_1": -15.310401990931577, "a_mp_2": 15.302902029225073, "a_mp_3": -26.549306460147577, "a_pm_0": -3.4549090993138094, "a_pm_1": -14.76677919715977, "a_pm_2": -11.74741331685409, "a_pm_3": -4.684461029437827, "a_pp_1": 1.9154589935623036, "a_pp_2": -1.1619263693856468, "a_pp_3": 13.883278511833645}, "datetime": {"datetime": "2024-07-12 22:34:17", "elapsed": 2308.593666, "delta": 8.169574}}
{"target": -17111.704725828164, "params": {"a_c_1": 20.0, "a_c_2": 10.0, "a_mm_0": -7.144732973571066, "a_mm_1": 20.0, "a_mm_2": -16.051126201702356, "a_mm_3": 20.0, "a_mp_0": 20.0, "a_mp_1": 20.0, "a_mp_2": 20.0, "a_mp_3": 20.0, "a_pm_0": 20.0, "a_pm_1": -32.86107766393737, "a_pm_2": -33.97634214710499, "a_pm_3": 20.0, "a_pp_1": -40.0, "a_pp_2": 20.0, "a_pp_3": 20.0}, "datetime": {"datetime": "2024-07-12 22:34:18", "elapsed": 2210.060859, "delta": 11.347468}}
{"target": -413978.3149140524, "params": {"a_c_1": 6.723755621471228, "a_c_2": 6.1178600794003355, "a_mm_0": -0.29866826849332284, "a_mm_1": -29.065972681887406, "a_mm_2": -3.963909795088874, "a_mm_3": 11.753971526719752, "a_mp_0": -31.056540493986247, "a_mp_1": -10.435060809031683, "a_mp_2": 4.997579693192705, "a_mp_3": 15.066527210721425, "a_pm_0": 11.287957454276146, "a_pm_1": -32.26493467419162, "a_pm_2": -16.87052233164905, "a_pm_3": -36.31514405060454, "a_pp_1": -31.557098198699023, "a_pp_2": -26.023500984165533, "a_pp_3": -32.521170655932046}, "datetime": {"datetime": "2024-07-12 22:34:19", "elapsed": 2146.325451, "delta": 9.444575}}
{"target": -194704.43943563174, "params": {"a_c_1": 13.21697748207, "a_c_2": 7.122352266248662, "a_mm_0": -22.73051089480402, "a_mm_1": -24.67594989427507, "a_mm_2": -20.02603125037743, "a_mm_3": -7.828805296662033, "a_mp_0": -25.49901932767384, "a_mp_1": 4.967410960922685, "a_mp_2": -37.04747834091866, "a_mp_3": -16.380993838939016, "a_pm_0": 14.366885298794351, "a_pm_1": -17.694513746313575, "a_pm_2": 1.4684695930461444, "a_pm_3": -2.695462091514493, "a_pp_1": -23.682357678879274, "a_pp_2": 10.016320675879392, "a_pp_3": -32.59382598897386}, "datetime": {"datetime": "2024-07-12 22:34:23", "elapsed": 2193.083696, "delta": 9.255593}}
{"target": -9550.107436655504, "params": {"a_c_1": 0.0, "a_c_2": 0.0, "a_mm_0": 20.0, "a_mm_1": 20.0, "a_mm_2": -40.0, "a_mm_3": 20.0, "a_mp_0": -40.0, "a_mp_1": -37.78665097482448, "a_mp_2": -3.893963752221577, "a_mp_3": 20.0, "a_pm_0": -40.0, "a_pm_1": 20.0, "a_pm_2": 20.0, "a_pm_3": 20.0, "a_pp_1": 20.0, "a_pp_2": 20.0, "a_pp_3": 20.0}, "datetime": {"datetime": "2024-07-12 22:34:25", "elapsed": 2173.312575, "delta": 13.678028}}
{"target": -7026.435138165981, "params": {"a_c_1": 20.0, "a_c_2": 10.0, "a_mm_0": -40.0, "a_mm_1": 20.0, "a_mm_2": -40.0, "a_mm_3": 20.0, "a_mp_0": -40.0, "a_mp_1": 20.0, "a_mp_2": 20.0, "a_mp_3": 20.0, "a_pm_0": 20.0, "a_pm_1": 20.0, "a_pm_2": 20.0, "a_pm_3": -21.25227350967033, "a_pp_1": 20.0, "a_pp_2": 20.0, "a_pp_3": 20.0}, "datetime": {"datetime": "2024-07-12 22:34:28", "elapsed": 2318.752052, "delta": 10.158386}}
{"target": -13020.711408365738, "params": {"a_c_1": 0.0, "a_c_2": 10.0, "a_mm_0": 20.0, "a_mm_1": 20.0, "a_mm_2": -11.296842139853265, "a_mm_3": 20.0, "a_mp_0": -40.0, "a_mp_1": 20.0, "a_mp_2": 20.0, "a_mp_3": 20.0, "a_pm_0": 20.0, "a_pm_1": -40.0, "a_pm_2": -40.0, "a_pm_3": 20.0, "a_pp_1": 20.0, "a_pp_2": 20.0, "a_pp_3": 20.0}, "datetime": {"datetime": "2024-07-12 22:34:28", "elapsed": 2220.166916, "delta": 10.106057}}
{"target": -295755.17670152173, "params": {"a_c_1": 5.142296455013722, "a_c_2": 0.345348162601834, "a_mm_0": -33.409782235131175, "a_mm_1": -19.210086876146683, "a_mm_2": 19.227880623440967, "a_mm_3": -27.10150659335607, "a_mp_0": 1.2485743271445742, "a_mp_1": -28.157892017870687, "a_mp_2": -16.65549473263407, "a_mp_3": -33.52080997893684, "a_pm_0": -5.522679607558267, "a_pm_1": 1.5526323310084464, "a_pm_2": 18.046117250509262, "a_pm_3": -30.795068972914336, "a_pp_1": -20.32519922025257, "a_pp_2": -5.689069090286587, "a_pp_3": -5.518563697278161}, "datetime": {"datetime": "2024-07-12 22:34:29", "elapsed": 2156.798766, "delta": 10.473315}}
{"target": -77844.54745578414, "params": {"a_c_1": 2.419599427349064, "a_c_2": 1.0225590457696931, "a_mm_0": -1.8521507438055878, "a_mm_1": -27.578463389850594, "a_mm_2": -0.8316508964269858, "a_mm_3": -30.525819041864494, "a_mp_0": 9.674306919851666, "a_mp_1": 2.894683912276342, "a_mp_2": -30.66570031566094, "a_mp_3": -6.462975933946488, "a_pm_0": -29.326202302114822, "a_pm_1": 10.946893763707877, "a_pm_2": 11.917414906943087, "a_pm_3": -15.167223946421885, "a_pp_1": -2.9802958506759936, "a_pp_2": 3.9244477277217413, "a_pp_3": 4.798496787606169}, "datetime": {"datetime": "2024-07-12 22:34:35", "elapsed": 2183.618259, "delta": 10.305684}}
{"target": -22137.560613961323, "params": {"a_c_1": 20.0, "a_c_2": 10.0, "a_mm_0": 20.0, "a_mm_1": -40.0, "a_mm_2": 20.0, "a_mm_3": 20.0, "a_mp_0": 20.0, "a_mp_1": -40.0, "a_mp_2": -29.889089587191947, "a_mp_3": 20.0, "a_pm_0": 20.0, "a_pm_1": 20.0, "a_pm_2": 20.0, "a_pm_3": -17.95280917568531, "a_pp_1": -20.612493989147385, "a_pp_2": 20.0, "a_pp_3": 20.0}, "datetime": {"datetime": "2024-07-12 22:34:37", "elapsed": 2206.81341, "delta": 13.729714}}
{"target": -411850.09549379157, "params": {"a_c_1": 3.897267041178394, "a_c_2": 8.711425515849418, "a_mm_0": -21.237832920221262, "a_mm_1": -17.102103487139907, "a_mm_2": -9.571289111552773, "a_mm_3": -6.783679535105577, "a_mp_0": -31.990991467038892, "a_mp_1": -27.79574435646358, "a_mp_2": -30.186123889252997, "a_mp_3": 13.496449434475132, "a_pm_0": -8.678415429289021, "a_pm_1": -10.721560371875423, "a_pm_2": -38.41297320306541, "a_pm_3": -12.924949520105372, "a_pp_1": -27.2362675076402, "a_pp_2": -18.938832071128026, "a_pp_3": -34.88190378925798}, "datetime": {"datetime": "2024-07-12 22:34:38", "elapsed": 2165.452595, "delta": 8.653829}}
{"target": -3540.471160973682, "params": {"a_c_1": 0.0, "a_c_2": 10.0, "a_mm_0": 20.0, "a_mm_1": -40.0, "a_mm_2": -35.532481163593815, "a_mm_3": 20.0, "a_mp_0": -40.0, "a_mp_1": 20.0, "a_mp_2": 20.0, "a_mp_3": 20.0, "a_pm_0": 20.0, "a_pm_1": 20.0, "a_pm_2": 20.0, "a_pm_3": 20.0, "a_pp_1": 20.0, "a_pp_2": 20.0, "a_pp_3": 20.0}, "datetime": {"datetime": "2024-07-12 22:34:38", "elapsed": 2230.543348, "delta": 10.376432}}
{"target": -77743.26577616356, "params": {"a_c_1": 19.684807477603627, "a_c_2": 3.089449674986019, "a_mm_0": 15.601519850676638, "a_mm_1": -28.802375717513833, "a_mm_2": -27.087636962099335, "a_mm_3": -36.42471885575702, "a_mp_0": 17.941393872711814, "a_mp_1": 19.89230130801866, "a_mp_2": -2.0100197555147545, "a_mp_3": 10.024740208942823, "a_pm_0": -8.044422367749672, "a_pm_1": -39.63027097674469, "a_pm_2": 9.911405488137241, "a_pm_3": -23.938760669062514, "a_pp_1": -16.170635987196967, "a_pp_2": 9.47175765215195, "a_pp_3": 15.267413561935157}, "datetime": {"datetime": "2024-07-12 22:34:39", "elapsed": 2329.67909, "delta": 10.927038}}
{"target": -21906.04100938514, "params": {"a_c_1": 20.0, "a_c_2": 0.0, "a_mm_0": -40.0, "a_mm_1": 20.0, "a_mm_2": 20.0, "a_mm_3": 20.0, "a_mp_0": 20.0, "a_mp_1": 20.0, "a_mp_2": 20.0, "a_mp_3": -40.0, "a_pm_0": 20.0, "a_pm_1": 20.0, "a_pm_2": 20.0, "a_pm_3": 20.0, "a_pp_1": -20.820367677823924, "a_pp_2": -29.544937224440304, "a_pp_3": 20.0}, "datetime": {"datetime": "2024-07-12 22:34:46", "elapsed": 2194.340895, "delta": 10.722636}}
{"target": -10016.610036168815, "params": {"a_c_1": 20.0, "a_c_2": 10.0, "a_mm_0": -40.0, "a_mm_1": 20.0, "a_mm_2": 20.0, "a_mm_3": 20.0, "a_mp_0": -40.0, "a_mp_1": -40.0, "a_mp_2": 20.0, "a_mp_3": 20.0, "a_pm_0": 20.0, "a_pm_1": -29.766087367964467, "a_pm_2": 20.0, "a_pm_3": 20.0, "a_pp_1": -40.0, "a_pp_2": 20.0, "a_pp_3": 20.0}, "datetime": {"datetime": "2024-07-12 22:34:47", "elapsed": 2174.84257, "delta": 9.389975}}
{"target": -80849.72093887725, "params": {"a_c_1": 13.144859597916017, "a_c_2": 5.34770714574778, "a_mm_0": -30.273248297441054, "a_mm_1": 15.685586622047055, "a_mm_2": 17.150617035031793, "a_mm_3": -6.930786639874675, "a_mp_0": 0.7780080424247942, "a_mp_1": -34.334770421705436, "a_mp_2": -2.0778722853484624, "a_mp_3": 6.100829635341682, "a_pm_0": 4.674979830593365, "a_pm_1": -29.448715590653936, "a_pm_2": -19.559975001652667, "a_pm_3": 15.956498796249257, "a_pp_1": -26.002026938280324, "a_pp_2": -19.54923629964701, "a_pp_3": -0.16315764206537864}, "datetime": {"datetime": "2024-07-12 22:34:49", "elapsed": 2241.206148, "delta": 10.6628}}
{"target": -36812.6115736146, "params": {"a_c_1": 20.0, "a_c_2": 10.0, "a_mm_0": -40.0, "a_mm_1": -40.0, "a_mm_2": 20.0, "a_mm_3": 20.0, "a_mp_0": -40.0, "a_mp_1": 20.0, "a_mp_2": 20.0, "a_mp_3": 20.0, "a_pm_0": 20.0, "a_pm_1": -40.0, "a_pm_2": -7.128030908669798, "a_pm_3": 1.2139941614512821, "a_pp_1": 20.0, "a_pp_2": 20.0, "a_pp_3": -20.354512301061114}, "datetime": {"datetime": "2024-07-12 22:34:49", "elapsed": 2219.131088, "delta": 12.317678}}
{"target": -23171.421438191537, "params": {"a_c_1": 20.0, "a_c_2": 10.0, "a_mm_0": 20.0, "a_mm_1": -20.23578297745695, "a_mm_2": 20.0, "a_mm_3": -39.978989857218785, "a_mp_0": 20.0, "a_mp_1": -7.214152118483952, "a_mp_2": 20.0, "a_mp_3": 20.0, "a_pm_0": 20.0, "a_pm_1": -40.0, "a_pm_2": 20.0, "a_pm_3": 20.0, "a_pp_1": 20.0, "a_pp_2": 20.0, "a_pp_3": 20.0}, "datetime": {"datetime": "2024-07-12 22:34:50", "elapsed": 2340.799339, "delta": 11.120249}}
{"target": -6830.176181521533, "params": {"a_c_1": 20.0, "a_c_2": 0.0, "a_mm_0": 20.0, "a_mm_1": 20.0, "a_mm_2": 20.0, "a_mm_3": 20.0, "a_mp_0": -40.0, "a_mp_1": -40.0, "a_mp_2": -14.895712823919935, "a_mp_3": -21.163782198224368, "a_pm_0": -40.0, "a_pm_1": 20.0, "a_pm_2": 20.0, "a_pm_3": 20.0, "a_pp_1": 20.0, "a_pp_2": 20.0, "a_pp_3": 20.0}, "datetime": {"datetime": "2024-07-12 22:34:56", "elapsed": 2205.069284, "delta": 10.728389}}
{"target": -14840.093319077194, "params": {"a_c_1": 20.0, "a_c_2": 10.0, "a_mm_0": -40.0, "a_mm_1": -33.52886138468833, "a_mm_2": 20.0, "a_mm_3": 4.681632836021277, "a_mp_0": 20.0, "a_mp_1": -27.550032503666007, "a_mp_2": 20.0, "a_mp_3": -2.495928823195712, "a_pm_0": 20.0, "a_pm_1": -31.092373937761433, "a_pm_2": 20.0, "a_pm_3": 20.0, "a_pp_1": -40.0, "a_pp_2": 20.0, "a_pp_3": 20.0}, "datetime": {"datetime": "2024-07-12 22:34:58", "elapsed": 2185.844277, "delta": 11.001707}}
{"target": -304454.6926279947, "params": {"a_c_1": 12.529737551273328, "a_c_2": 2.3648236952724133, "a_mm_0": -31.708243321053214, "a_mm_1": -32.485097911967955, "a_mm_2": -29.10632619683051, "a_mm_3": -37.43914309632411, "a_mp_0": -6.886115154300256, "a_mp_1": -12.493583359092039, "a_mp_2": -5.235082805691654, "a_mp_3": 5.687584203120615, "a_pm_0": 8.292315646399267, "a_pm_1": -28.40235577770195, "a_pm_2": 11.985771160362134, "a_pm_3": 19.77054450935384, "a_pp_1": -0.4325421826144691, "a_pp_2": 3.1745685931149623, "a_pp_3": -39.55552849958834}, "datetime": {"datetime": "2024-07-12 22:35:01", "elapsed": 2230.538818, "delta": 11.40773}}
{"target": -31148.33658421261, "params": {"a_c_1": 0.0, "a_c_2": 10.0, "a_mm_0": 20.0, "a_mm_1": 20.0, "a_mm_2": 20.0, "a_mm_3": 20.0, "a_mp_0": 20.0, "a_mp_1": 20.0, "a_mp_2": -26.83411176600678, "a_mp_3": -30.177055984452124, "a_pm_0": -40.0, "a_pm_1": 20.0, "a_pm_2": 20.0, "a_pm_3": 20.0, "a_pp_1": -40.0, "a_pp_2": -7.2376007353396865, "a_pp_3": 20.0}, "datetime": {"datetime": "2024-07-12 22:35:02", "elapsed": 2352.720427, "delta": 11.921088}}
