{"target": -118207.7924382847, "params": {"a_c_1": 1.5362079969234532, "a_c_2": 6.665570732051121, "a_mm_0": 13.019584541570609, "a_mm_1": -19.98349496967392, "a_mm_2": 7.652367093914819, "a_mm_3": -36.599822556997005, "a_mp_0": -7.967367790317084, "a_mp_1": 13.711981441921345, "a_mp_2": -14.510355925990336, "a_mp_3": 1.6135070493921475, "a_pm_0": -38.09166011499386, "a_pm_1": -8.857291086914138, "a_pm_2": -6.882187546188177, "a_pm_3": -0.36080160506143955, "a_pp_1": 10.408103131214183, "a_pp_2": -20.16205140291301, "a_pp_3": -12.281823358129913}, "datetime": {"datetime": "2024-07-12 23:18:09", "elapsed": 4797.358094, "delta": 9.749882}}
{"target": -12166.835145124887, "params": {"a_c_1": 20.0, "a_c_2": 10.0, "a_mm_0": 20.0, "a_mm_1": 20.0, "a_mm_2": 20.0, "a_mm_3": 20.0, "a_mp_0": -40.0, "a_mp_1": -4.782046567563171, "a_mp_2": -11.910403080904128, "a_mp_3": -9.749163490573343, "a_pm_0": -40.0, "a_pm_1": 20.0, "a_pm_2": 20.0, "a_pm_3": -7.41875883262305, "a_pp_1": 20.0, "a_pp_2": -13.62307027704154, "a_pp_3": 20.0}, "datetime": {"datetime": "2024-07-12 23:18:15", "elapsed": 4945.791472, "delta": 9.017555}}
{"target": -10866.83956045014, "params": {"a_c_1": 0.0, "a_c_2": 10.0, "a_mm_0": 20.0, "a_mm_1": -11.396589111543548, "a_mm_2": 20.0, "a_mm_3": 20.0, "a_mp_0": 20.0, "a_mp_1": 20.0, "a_mp_2": 20.0, "a_mp_3": -14.359325036588148, "a_pm_0": 20.0, "a_pm_1": -5.462441093038475, "a_pm_2": -40.0, "a_pm_3": 0.8382186341584138, "a_pp_1": 20.0, "a_pp_2": 20.0, "a_pp_3": 20.0}, "datetime": {"datetime": "2024-07-12 23:18:17", "elapsed": 4848.863732, "delta": 13.778673}}
{"target": -90147.17644445572, "params": {"a_c_1": 8.972003016258508, "a_c_2": 2.699219393908363, "a_mm_0": -11.16597957198264, "a_mm_1": -13.455454771209197, "a_mm_2": 12.079872165969014, "a_mm_3": -1.336748011597301, "a_mp_0": -16.101327143413645, "a_mp_1": -7.402938772305745, "a_mp_2": 9.933973569457272, "a_mp_3": 2.689397504958194, "a_pm_0": -26.37105475758623, "a_pm_1": 3.953503385857161, "a_pm_2": 7.475360873170118, "a_pm_3": -32.271624223188404, "a_pp_1": 12.731428355783422, "a_pp_2": 2.385056085602095, "a_pp_3": -11.191155606975194}, "datetime": {"datetime": "2024-07-12 23:18:18", "elapsed": 4806.306927, "delta": 8.948833}}
{"target": -24304.941065591487, "params": {"a_c_1": 0.0, "a_c_2": 10.0, "a_mm_0": -40.0, "a_mm_1": -40.0, "a_mm_2": 20.0, "a_mm_3": 20.0, "a_mp_0": 20.0, "a_mp_1": -40.0, "a_mp_2": -40.0, "a_mp_3": 20.0, "a_pm_0": 20.0, "a_pm_1": 20.0, "a_pm_2": 20.0, "a_pm_3": -6.755965587576067, "a_pp_1": 20.0, "a_pp_2": 20.0, "a_pp_3": 20.0}, "datetime": {"datetime": "2024-07-12 23:18:19", "elapsed": 4828.9743, "delta": 11.808081}}
{"target": -6617.423939513863, "params": {"a_c_1": 0.0, "a_c_2": 10.0, "a_mm_0": 20.0, "a_mm_1": -40.0, "a_mm_2": 20.0, "a_mm_3": 20.0, "a_mp_0": 20.0, "a_mp_1": -40.0, "a_mp_2": -40.0, "a_mp_3": 20.0, "a_pm_0": 20.0, "a_pm_1": 20.0, "a_pm_2": 20.0, "a_pm_3": 20.0, "a_pp_1": 20.0, "a_pp_2": 20.0, "a_pp_3": 20.0}, "datetime": {"datetime": "2024-07-12 23:18:20", "elapsed": 4787.716397, "delta": 11.88997}}
{"target": -12334.961784383573, "params": {"a_c_1": 0.0, "a_c_2": 10.0, "a_mm_0": -40.0, "a_mm_1": -40.0, "a_mm_2": -11.773948744668429, "a_mm_3": 20.0, "a_mp_0": -40.0, "a_mp_1": 20.0, "a_mp_2": -0.8945455352541724, "a_mp_3": -4.517907543420221, "a_pm_0": -14.142700886974092, "a_pm_1": -23.324298056173845, "a_pm_2": 20.0, "a_pm_3": -3.54345211375449, "a_pp_1": 20.0, "a_pp_2": 20.0, "a_pp_3": 20.0}, "datetime": {"datetime": "2024-07-12 23:18:25", "elapsed": 4956.078485, "delta": 10.287013}}
{"target": -4541.760307137914, "params": {"a_c_1": 0.0, "a_c_2": 10.0, "a_mm_0": 20.0, "a_mm_1": 20.0, "a_mm_2": 20.0, "a_mm_3": 20.0, "a_mp_0": 20.0, "a_mp_1": 20.0, "a_mp_2": 20.0, "a_mp_3": 20.0, "a_pm_0": 20.0, "a_pm_1": -40.0, "a_pm_2": 20.0, "a_pm_3": 20.0, "a_pp_1": -40.0, "a_pp_2": 20.0, "a_pp_3": 20.0}, "datetime": {"datetime": "2024-07-12 23:18:28", "elapsed": 4860.433125, "delta": 11.569393}}
{"target": -225379.4479411277, "params": {"a_c_1": 10.133261765777938, "a_c_2": 8.440571857263354, "a_mm_0": -17.225042942815087, "a_mm_1": 2.666273804478152, "a_mm_2": -18.8370622705756, "a_mm_3": -27.819328969862795, "a_mp_0": 3.584505812845059, "a_mp_1": -13.037708008647588, "a_mp_2": -22.564170032702414, "a_mp_3": 18.712522296161758, "a_pm_0": -0.0025987171082775262, "a_pm_1": -0.9932195756172888, "a_pm_2": -30.3537270925881, "a_pm_3": -9.300070893073755, "a_pp_1": -12.10958186709263, "a_pp_2": -28.78849195254282, "a_pp_3": 13.857975878285181}, "datetime": {"datetime": "2024-07-12 23:18:28", "elapsed": 4817.06178, "delta": 10.754853}}
{"target": -8672.72802326461, "params": {"a_c_1": 0.0, "a_c_2": 10.0, "a_mm_0": 20.0, "a_mm_1": 20.0, "a_mm_2": -10.318328878097708, "a_mm_3": 20.0, "a_mp_0": 20.0, "a_mp_1": 20.0, "a_mp_2": -16.353829311430268, "a_mp_3": 20.0, "a_pm_0": -40.0, "a_pm_1": 20.0, "a_pm_2": -7.182903412023901, "a_pm_3": -21.58904686022159, "a_pp_1": -13.676070785747148, "a_pp_2": 20.0, "a_pp_3": 20.0}, "datetime": {"datetime": "2024-07-12 23:18:33", "elapsed": 4842.715485, "delta": 13.741185}}
{"target": -4014.871144314249, "params": {"a_c_1": 20.0, "a_c_2": 10.0, "a_mm_0": 20.0, "a_mm_1": 20.0, "a_mm_2": -6.338399865698249, "a_mm_3": 20.0, "a_mp_0": -40.0, "a_mp_1": -19.149760041328328, "a_mp_2": 20.0, "a_mp_3": 20.0, "a_pm_0": -16.30873661533803, "a_pm_1": -40.0, "a_pm_2": -22.320298886871413, "a_pm_3": 20.0, "a_pp_1": 20.0, "a_pp_2": 20.0, "a_pp_3": 20.0}, "datetime": {"datetime": "2024-07-12 23:18:33", "elapsed": 4800.476133, "delta": 12.759736}}
{"target": -41725.16502488169, "params": {"a_c_1": 0.0, "a_c_2": 10.0, "a_mm_0": 20.0, "a_mm_1": 20.0, "a_mm_2": -40.0, "a_mm_3": 20.0, "a_mp_0": 20.0, "a_mp_1": 20.0, "a_mp_2": 20.0, "a_mp_3": -26.044109835851547, "a_pm_0": -40.0, "a_pm_1": 20.0, "a_pm_2": -35.39935890879267, "a_pm_3": 20.0, "a_pp_1": 20.0, "a_pp_2": 20.0, "a_pp_3": 20.0}, "datetime": {"datetime": "2024-07-12 23:18:36", "elapsed": 4967.212184, "delta": 11.133699}}
{"target": -726.0117958997965, "params": {"a_c_1": 20.0, "a_c_2": 10.0, "a_mm_0": -40.0, "a_mm_1": 20.0, "a_mm_2": 20.0, "a_mm_3": 20.0, "a_mp_0": 20.0, "a_mp_1": -40.0, "a_mp_2": 20.0, "a_mp_3": 20.0, "a_pm_0": 20.0, "a_pm_1": 20.0, "a_pm_2": 20.0, "a_pm_3": 20.0, "a_pp_1": 20.0, "a_pp_2": 20.0, "a_pp_3": 20.0}, "datetime": {"datetime": "2024-07-12 23:18:38", "elapsed": 4869.794751, "delta": 9.361626}}
{"target": -98388.75808295966, "params": {"a_c_1": 14.804027626103496, "a_c_2": 5.885839742090879, "a_mm_0": 6.063899396593314, "a_mm_1": -11.447771733614726, "a_mm_2": -13.299173465732395, "a_mm_3": 14.684366945876256, "a_mp_0": -13.223680806949126, "a_mp_1": -31.591987998273275, "a_mp_2": -18.46301342646472, "a_mp_3": 6.562140136260183, "a_pm_0": -34.5349474888285, "a_pm_1": 12.472088079883058, "a_pm_2": 12.311268599377094, "a_pm_3": 6.9842765171791825, "a_pp_1": 3.7882362695844307, "a_pp_2": -37.64487907937715, "a_pp_3": -26.083136907913918}, "datetime": {"datetime": "2024-07-12 23:18:38", "elapsed": 4826.343148, "delta": 9.281368}}
{"target": -184619.246774472, "params": {"a_c_1": 16.009396922893632, "a_c_2": 8.393743197501252, "a_mm_0": 8.518013033048383, "a_mm_1": 10.277460899244048, "a_mm_2": -24.304714485728105, "a_mm_3": -23.504189863373483, "a_mp_0": -4.196009506314809, "a_mp_1": -13.308018781654972, "a_mp_2": -14.040978076738636, "a_mp_3": 8.884685286929006, "a_pm_0": -5.748564234587171, "a_pm_1": -35.02203249083591, "a_pm_2": -8.4785414165084, "a_pm_3": -12.506329879358105, "a_pp_1": -6.314050116837414, "a_pp_2": -37.48406380766926, "a_pp_3": 18.179477578192788}, "datetime": {"datetime": "2024-07-12 23:18:42", "elapsed": 4809.276991, "delta": 8.800858}}
{"target": -18736.25106628351, "params": {"a_c_1": 20.0, "a_c_2": 10.0, "a_mm_0": -40.0, "a_mm_1": -40.0, "a_mm_2": 20.0, "a_mm_3": -26.57144270476006, "a_mp_0": -40.0, "a_mp_1": 20.0, "a_mp_2": 20.0, "a_mp_3": 20.0, "a_pm_0": 20.0, "a_pm_1": 20.0, "a_pm_2": -40.0, "a_pm_3": 20.0, "a_pp_1": 20.0, "a_pp_2": 20.0, "a_pp_3": 20.0}, "datetime": {"datetime": "2024-07-12 23:18:46", "elapsed": 4855.799576, "delta": 13.084091}}
{"target": -624.2030940815474, "params": {"a_c_1": 0.0, "a_c_2": 10.0, "a_mm_0": 20.0, "a_mm_1": 20.0, "a_mm_2": 20.0, "a_mm_3": 20.0, "a_mp_0": 20.0, "a_mp_1": -40.0, "a_mp_2": 20.0, "a_mp_3": 20.0, "a_pm_0": 20.0, "a_pm_1": 20.0, "a_pm_2": 20.0, "a_pm_3": 20.0, "a_pp_1": 20.0, "a_pp_2": 20.0, "a_pp_3": 20.0}, "datetime": {"datetime": "2024-07-12 23:18:47", "elapsed": 4879.19953, "delta": 9.404779}}
{"target": -16860.64508157239, "params": {"a_c_1": 20.0, "a_c_2": 10.0, "a_mm_0": 20.0, "a_mm_1": 20.0, "a_mm_2": 20.0, "a_mm_3": 20.0, "a_mp_0": 20.0, "a_mp_1": -40.0, "a_mp_2": 20.0, "a_mp_3": -40.0, "a_pm_0": -40.0, "a_pm_1": 20.0, "a_pm_2": -21.33850779370287, "a_pm_3": 20.0, "a_pp_1": -40.0, "a_pp_2": 20.0, "a_pp_3": 20.0}, "datetime": {"datetime": "2024-07-12 23:18:49", "elapsed": 4980.567538, "delta": 13.355354}}
{"target": -28199.513633433282, "params": {"a_c_1": 20.0, "a_c_2": 10.0, "a_mm_0": -40.0, "a_mm_1": 20.0, "a_mm_2": 20.0, "a_mm_3": -40.0, "a_mp_0": -3.0419371225848613, "a_mp_1": 20.0, "a_mp_2": 20.0, "a_mp_3": 20.0, "a_pm_0": 20.0, "a_pm_1": -40.0, "a_pm_2": -40.0, "a_pm_3": 20.0, "a_pp_1": 20.0, "a_pp_2": 20.0, "a_pp_3": 20.0}, "datetime": {"datetime": "2024-07-12 23:18:50", "elapsed": 4838.849157, "delta": 12.506009}}
{"target": -178052.89315932698, "params": {"a_c_1": 3.9569501819077835, "a_c_2": 3.9556591243472927, "a_mm_0": -16.115190997032542, "a_mm_1": -23.004900200158396, "a_mm_2": -13.873405943234221, "a_mm_3": -1.1514798304340985, "a_mp_0": -8.580423509518965, "a_mp_1": -13.407716385122434, "a_mp_2": -30.97391138477508, "a_mp_3": 2.6515194422753297, "a_pm_0": -38.4478454105177, "a_pm_1": -11.079920493263195, "a_pm_2": 12.714409903792244, "a_pm_3": -13.170727076535062, "a_pp_1": 12.916270719683936, "a_pp_2": -26.13225492942956, "a_pp_3": -18.149619572705497}, "datetime": {"datetime": "2024-07-12 23:18:55", "elapsed": 4864.662272, "delta": 8.862696}}
{"target": -13981.986962295903, "params": {"a_c_1": 0.0, "a_c_2": 10.0, "a_mm_0": 20.0, "a_mm_1": -40.0, "a_mm_2": -40.0, "a_mm_3": 20.0, "a_mp_0": 20.0, "a_mp_1": 20.0, "a_mp_2": 20.0, "a_mp_3": -27.50998120232841, "a_pm_0": 20.0, "a_pm_1": 20.0, "a_pm_2": 20.0, "a_pm_3": 20.0, "a_pp_1": 20.0, "a_pp_2": 20.0, "a_pp_3": 20.0}, "datetime": {"datetime": "2024-07-12 23:18:55", "elapsed": 4822.891069, "delta": 13.614078}}
{"target": -1967.2307297208886, "params": {"a_c_1": 20.0, "a_c_2": 10.0, "a_mm_0": -40.0, "a_mm_1": 20.0, "a_mm_2": -5.919313366100893, "a_mm_3": 20.0, "a_mp_0": 20.0, "a_mp_1": -13.200553901596223, "a_mp_2": -5.658779175325553, "a_mp_3": 20.0, "a_pm_0": 20.0, "a_pm_1": 20.0, "a_pm_2": -9.555994816111422, "a_pm_3": 20.0, "a_pp_1": -17.694617006899783, "a_pp_2": 20.0, "a_pp_3": 20.0}, "datetime": {"datetime": "2024-07-12 23:19:00", "elapsed": 4891.937192, "delta": 12.737662}}
{"target": -6374.187686390399, "params": {"a_c_1": 0.0, "a_c_2": 10.0, "a_mm_0": 20.0, "a_mm_1": 20.0, "a_mm_2": -14.464463823974196, "a_mm_3": 20.0, "a_mp_0": -40.0, "a_mp_1": 20.0, "a_mp_2": -40.0, "a_mp_3": 20.0, "a_pm_0": 20.0, "a_pm_1": 20.0, "a_pm_2": 20.0, "a_pm_3": 20.0, "a_pp_1": -40.0, "a_pp_2": 20.0, "a_pp_3": 20.0}, "datetime": {"datetime": "2024-07-12 23:19:01", "elapsed": 4992.158058, "delta": 11.59052}}
{"target": -32617.932664599917, "params": {"a_c_1": 10.256543604128879, "a_c_2": 3.7258060792825387, "a_mm_0": -39.17915673051537, "a_mm_1": -17.425487047898006, "a_mm_2": 16.43667909440063, "a_mm_3": -1.0637905830075312, "a_mp_0": 13.149950930483115, "a_mp_1": 4.971310657325503, "a_mp_2": 1.3932698320787225, "a_mp_3": -30.7276352525381, "a_pm_0": -20.517475302660916, "a_pm_1": -19.970326553489322, "a_pm_2": -6.256242113630478, "a_pm_3": -5.488512930742381, "a_pp_1": -20.49252477688569, "a_pp_2": 0.7555137246825581, "a_pp_3": 9.49888027696575}, "datetime": {"datetime": "2024-07-12 23:19:01", "elapsed": 4849.74006, "delta": 10.890903}}
{"target": -380000.03498643544, "params": {"a_c_1": 17.92688709864486, "a_c_2": 7.879783013300604, "a_mm_0": -35.28332552358816, "a_mm_1": -39.29057813216352, "a_mm_2": 1.0503243865625365, "a_mm_3": -29.491746313710504, "a_mp_0": -18.042431213758793, "a_mp_1": 0.46708322672558467, "a_mp_2": 12.558059453517963, "a_mp_3": -28.140994701794146, "a_pm_0": 16.368043043472888, "a_pm_1": 8.793373699419604, "a_pm_2": 5.194963213444922, "a_pm_3": -21.173844708567668, "a_pp_1": -12.940071418939713, "a_pp_2": 13.52450189989652, "a_pp_3": -34.038007546266854}, "datetime": {"datetime": "2024-07-12 23:19:04", "elapsed": 4873.501306, "delta": 8.839034}}
{"target": -283117.4925463927, "params": {"a_c_1": 0.5714986886680573, "a_c_2": 4.463070540466209, "a_mm_0": -18.625128824020067, "a_mm_1": 10.706099699976612, "a_mm_2": -38.55640783441381, "a_mm_3": -17.3854061436152, "a_mp_0": 19.91420746249046, "a_mp_1": -33.755235209831675, "a_mp_2": -6.058199339890663, "a_mp_3": -20.47690716718932, "a_pm_0": 18.229690327805606, "a_pm_1": -20.81153428787643, "a_pm_2": -9.264904353929463, "a_pm_3": -6.523189619317925, "a_pp_1": -4.467737664589336, "a_pp_2": -19.549355375954253, "a_pp_3": 8.652435277060576}, "datetime": {"datetime": "2024-07-12 23:19:04", "elapsed": 4831.878018, "delta": 8.986949}}
{"target": -2425.886371993196, "params": {"a_c_1": 0.0, "a_c_2": 10.0, "a_mm_0": 20.0, "a_mm_1": -40.0, "a_mm_2": 20.0, "a_mm_3": 20.0, "a_mp_0": -40.0, "a_mp_1": 20.0, "a_mp_2": 20.0, "a_mp_3": 20.0, "a_pm_0": -40.0, "a_pm_1": 20.0, "a_pm_2": 8.51592368877812, "a_pm_3": 20.0, "a_pp_1": -15.516303542799951, "a_pp_2": 20.0, "a_pp_3": 20.0}, "datetime": {"datetime": "2024-07-12 23:19:08", "elapsed": 4900.359377, "delta": 8.422185}}
{"target": -5518.03584025441, "params": {"a_c_1": 20.0, "a_c_2": 10.0, "a_mm_0": 20.0, "a_mm_1": 20.0, "a_mm_2": -2.6597037848506004, "a_mm_3": -12.525187004694148, "a_mp_0": 20.0, "a_mp_1": 20.0, "a_mp_2": 20.0, "a_mp_3": -7.551190723951655, "a_pm_0": 20.0, "a_pm_1": 20.0, "a_pm_2": -40.0, "a_pm_3": 20.0, "a_pp_1": 20.0, "a_pp_2": 20.0, "a_pp_3": 20.0}, "datetime": {"datetime": "2024-07-12 23:19:12", "elapsed": 4860.443001, "delta": 10.702941}}
{"target": -4288.124454046876, "params": {"a_c_1": 20.0, "a_c_2": 10.0, "a_mm_0": 20.0, "a_mm_1": 20.0, "a_mm_2": 20.0, "a_mm_3": 20.0, "a_mp_0": 20.0, "a_mp_1": -40.0, "a_mp_2": 20.0, "a_mp_3": 20.0, "a_pm_0": -40.0, "a_pm_1": -40.0, "a_pm_2": 20.0, "a_pm_3": 20.0, "a_pp_1": 20.0, "a_pp_2": 20.0, "a_pp_3": 20.0}, "datetime": {"datetime": "2024-07-12 23:19:13", "elapsed": 5003.731025, "delta": 11.572967}}
{"target": -14723.91702724629, "params": {"a_c_1": 0.0, "a_c_2": 10.0, "a_mm_0": 5.674869044448303, "a_mm_1": -17.80315938304056, "a_mm_2": 20.0, "a_mm_3": 20.0, "a_mp_0": 20.0, "a_mp_1": -40.0, "a_mp_2": 3.6424865582027146, "a_mp_3": 20.0, "a_pm_0": -40.0, "a_pm_1": 20.0, "a_pm_2": 20.0, "a_pm_3": 20.0, "a_pp_1": 20.0, "a_pp_2": -9.413821841097763, "a_pp_3": -7.30518178831203}, "datetime": {"datetime": "2024-07-12 23:19:16", "elapsed": 4885.987788, "delta": 12.486482}}
{"target": -4666.6513511367175, "params": {"a_c_1": 0.0, "a_c_2": 10.0, "a_mm_0": 20.0, "a_mm_1": -40.0, "a_mm_2": -20.645391192371044, "a_mm_3": 20.0, "a_mp_0": -40.0, "a_mp_1": -40.0, "a_mp_2": 20.0, "a_mp_3": -18.009302166533775, "a_pm_0": 20.0, "a_pm_1": 20.0, "a_pm_2": 20.0, "a_pm_3": 20.0, "a_pp_1": 20.0, "a_pp_2": 20.0, "a_pp_3": 20.0}, "datetime": {"datetime": "2024-07-12 23:19:17", "elapsed": 4844.785957, "delta": 12.907939}}
{"target": -8523.137416699063, "params": {"a_c_1": 20.0, "a_c_2": 0.0, "a_mm_0": -40.0, "a_mm_1": 20.0, "a_mm_2": -40.0, "a_mm_3": 20.0, "a_mp_0": -40.0, "a_mp_1": 20.0, "a_mp_2": 20.0, "a_mp_3": 20.0, "a_pm_0": -40.0, "a_pm_1": 20.0, "a_pm_2": 20.0, "a_pm_3": 20.0, "a_pp_1": -12.029738652238784, "a_pp_2": 20.0, "a_pp_3": 20.0}, "datetime": {"datetime": "2024-07-12 23:19:19", "elapsed": 4910.987615, "delta": 10.628238}}
{"target": -3851.461082963893, "params": {"a_c_1": 0.0, "a_c_2": 10.0, "a_mm_0": -40.0, "a_mm_1": -10.676330390688587, "a_mm_2": -7.7172774705888685, "a_mm_3": 4.223889423389808, "a_mp_0": -22.888727921876097, "a_mp_1": 20.0, "a_mp_2": 20.0, "a_mp_3": 20.0, "a_pm_0": -13.65452355938891, "a_pm_1": -17.166410152095864, "a_pm_2": -24.504085142825485, "a_pm_3": 20.0, "a_pp_1": 20.0, "a_pp_2": 20.0, "a_pp_3": 6.137538982661109}, "datetime": {"datetime": "2024-07-12 23:19:22", "elapsed": 4871.075534, "delta": 10.632533}}
{"target": -10842.996787391565, "params": {"a_c_1": 20.0, "a_c_2": 0.0, "a_mm_0": 20.0, "a_mm_1": 20.0, "a_mm_2": 20.0, "a_mm_3": -19.27429759990495, "a_mp_0": 20.0, "a_mp_1": -40.0, "a_mp_2": 20.0, "a_mp_3": 20.0, "a_pm_0": 20.0, "a_pm_1": -40.0, "a_pm_2": -2.9015391871550094, "a_pm_3": 20.0, "a_pp_1": 20.0, "a_pp_2": 20.0, "a_pp_3": 20.0}, "datetime": {"datetime": "2024-07-12 23:19:23", "elapsed": 5014.469345, "delta": 10.73832}}
{"target": -294787.6571200475, "params": {"a_c_1": 9.242615014321952, "a_c_2": 5.497216497238343, "a_mm_0": -17.833035968274494, "a_mm_1": -35.79385308052379, "a_mm_2": -37.80599779752609, "a_mm_3": -9.325173189971366, "a_mp_0": 12.620851967485514, "a_mp_1": -5.756097585891332, "a_mp_2": 18.949730855974856, "a_mp_3": 2.5643927122550707, "a_pm_0": 12.396467909157991, "a_pm_1": -39.76608831415072, "a_pm_2": 17.57604687591507, "a_pm_3": -10.113543932418594, "a_pp_1": 6.772178497814885, "a_pp_2": -38.92900162065031, "a_pp_3": -5.6949738503755825}, "datetime": {"datetime": "2024-07-12 23:19:27", "elapsed": 4854.093261, "delta": 9.307304}}
{"target": -3772.787132924251, "params": {"a_c_1": 0.0, "a_c_2": 10.0, "a_mm_0": -40.0, "a_mm_1": 20.0, "a_mm_2": 20.0, "a_mm_3": 20.0, "a_mp_0": 20.0, "a_mp_1": 20.0, "a_mp_2": 20.0, "a_mp_3": 20.0, "a_pm_0": 20.0, "a_pm_1": 20.0, "a_pm_2": 20.0, "a_pm_3": 20.0, "a_pp_1": 20.0, "a_pp_2": -19.90573179610885, "a_pp_3": 20.0}, "datetime": {"datetime": "2024-07-12 23:19:28", "elapsed": 4920.093201, "delta": 9.105586}}
{"target": -4004.116524016529, "params": {"a_c_1": 0.0, "a_c_2": 10.0, "a_mm_0": 20.0, "a_mm_1": -40.0, "a_mm_2": 20.0, "a_mm_3": 20.0, "a_mp_0": 20.0, "a_mp_1": 20.0, "a_mp_2": -28.46946015104977, "a_mp_3": 20.0, "a_pm_0": -40.0, "a_pm_1": 20.0, "a_pm_2": 20.0, "a_pm_3": 20.0, "a_pp_1": -40.0, "a_pp_2": 20.0, "a_pp_3": 20.0}, "datetime": {"datetime": "2024-07-12 23:19:30", "elapsed": 4899.321731, "delta": 13.333943}}
{"target": -63438.113693319, "params": {"a_c_1": 1.4339483613948079, "a_c_2": 5.797888700704696, "a_mm_0": 15.290663773590225, "a_mm_1": -31.927043341298372, "a_mm_2": 13.132586928048, "a_mm_3": 6.566664456280144, "a_mp_0": -2.221597968160829, "a_mp_1": 7.905120158709245, "a_mp_2": -29.475987300502744, "a_mp_3": 6.12347704349385, "a_pm_0": -36.92494535717802, "a_pm_1": 11.362754921615142, "a_pm_2": -36.401161695343895, "a_pm_3": 17.091965260166333, "a_pp_1": -38.3526394862573, "a_pp_2": -6.282709555034252, "a_pp_3": 12.705109330202632}, "datetime": {"datetime": "2024-07-12 23:19:34", "elapsed": 5024.972024, "delta": 10.502679}}
{"target": -5020.250177204424, "params": {"a_c_1": 20.0, "a_c_2": 10.0, "a_mm_0": 20.0, "a_mm_1": -40.0, "a_mm_2": 20.0, "a_mm_3": -1.0191430367953527, "a_mp_0": 20.0, "a_mp_1": 20.0, "a_mp_2": -9.848388864339226, "a_mp_3": -0.47583613133660857, "a_pm_0": -26.57489975848537, "a_pm_1": -8.16669690301491, "a_pm_2": -1.35865371257387, "a_pm_3": -8.445936806564522, "a_pp_1": 20.0, "a_pp_2": 20.0, "a_pp_3": 20.0}, "datetime": {"datetime": "2024-07-12 23:19:36", "elapsed": 4884.922013, "delta": 13.846479}}
{"target": -64358.692513448244, "params": {"a_c_1": 3.4199877941659684, "a_c_2": 3.7116636836987604, "a_mm_0": -2.7285338696319172, "a_mm_1": -5.3870657701945035, "a_mm_2": -8.164256921467128, "a_mm_3": -4.2747389342484965, "a_mp_0": -35.06187236685261, "a_mp_1": -12.267874389308709, "a_mp_2": 10.670256830667725, "a_mp_3": -16.553066457546816, "a_pm_0": 17.82170577007436, "a_pm_1": -35.17484572627073, "a_pm_2": -18.415227502026802, "a_pm_3": -9.41605849817223, "a_pp_1": -7.608642684404586, "a_pp_2": 7.894467649797512, "a_pp_3": 1.2820621805463972}, "datetime": {"datetime": "2024-07-12 23:19:38", "elapsed": 4865.001783, "delta": 10.908522}}
{"target": -205338.0432677174, "params": {"a_c_1": 12.53703579622147, "a_c_2": 5.512411212525641, "a_mm_0": 0.5115220353233951, "a_mm_1": -32.712323028861306, "a_mm_2": 13.53754780269287, "a_mm_3": 14.361886590276661, "a_mp_0": -20.57656150638501, "a_mp_1": -39.31257228186711, "a_mp_2": -14.421619454298135, "a_mp_3": 7.345400571163417, "a_pm_0": 7.147089902205117, "a_pm_1": -27.552210540345957, "a_pm_2": 7.992923256966101, "a_pm_3": -33.47847404336159, "a_pp_1": -30.26370967092697, "a_pp_2": -14.686905614441535, "a_pp_3": -30.31531088395908}, "datetime": {"datetime": "2024-07-12 23:19:38", "elapsed": 4930.473451, "delta": 10.38025}}
{"target": -5023.6755013381335, "params": {"a_c_1": 20.0, "a_c_2": 10.0, "a_mm_0": -40.0, "a_mm_1": -40.0, "a_mm_2": 20.0, "a_mm_3": 20.0, "a_mp_0": 20.0, "a_mp_1": 20.0, "a_mp_2": 20.0, "a_mp_3": 20.0, "a_pm_0": 20.0, "a_pm_1": 20.0, "a_pm_2": -40.0, "a_pm_3": 20.0, "a_pp_1": 20.0, "a_pp_2": 20.0, "a_pp_3": 20.0}, "datetime": {"datetime": "2024-07-12 23:19:41", "elapsed": 4910.754594, "delta": 11.432863}}
{"target": -728.3557592846523, "params": {"a_c_1": 20.0, "a_c_2": 10.0, "a_mm_0": 20.0, "a_mm_1": 20.0, "a_mm_2": 20.0, "a_mm_3": 20.0, "a_mp_0": 20.0, "a_mp_1": -40.0, "a_mp_2": 20.0, "a_mp_3": 20.0, "a_pm_0": -40.0, "a_pm_1": 20.0, "a_pm_2": 20.0, "a_pm_3": 20.0, "a_pp_1": 20.0, "a_pp_2": 20.0, "a_pp_3": 20.0}, "datetime": {"datetime": "2024-07-12 23:19:43", "elapsed": 5034.448741, "delta": 9.476717}}
