{"target": -244149.14814794753, "params": {"a_c_1": 17.755224800996228, "a_c_2": 9.689997515127093, "a_mm_0": -1.9529879968370167, "a_mm_1": -0.891093281285535, "a_mm_2": -27.290983480346696, "a_mm_3": -31.56312629273665, "a_mp_0": -33.47118059116859, "a_mp_1": -30.33597005966805, "a_mp_2": -2.772785618673751, "a_mp_3": -12.115869705157166, "a_pm_0": 9.93482433707539, "a_pm_1": -31.78805956012296, "a_pm_2": 6.121107767704061, "a_pm_3": -33.5341957645869, "a_pp_1": 10.8506914262651, "a_pp_2": -4.054414198632152, "a_pp_3": -16.11576961472234}, "datetime": {"datetime": "2024-07-12 23:21:18", "elapsed": 5007.683851, "delta": 9.192868}}
{"target": -7397.361848319506, "params": {"a_c_1": 20.0, "a_c_2": 0.0, "a_mm_0": 20.0, "a_mm_1": 20.0, "a_mm_2": 17.509608823373757, "a_mm_3": 20.0, "a_mp_0": 20.0, "a_mp_1": -0.6456672215063077, "a_mp_2": 20.0, "a_mp_3": -26.5540040410016, "a_pm_0": 20.0, "a_pm_1": 20.0, "a_pm_2": -13.553885149864524, "a_pm_3": -3.4356872084087016, "a_pp_1": 20.0, "a_pp_2": 2.3153960193817578, "a_pp_3": 20.0}, "datetime": {"datetime": "2024-07-12 23:21:21", "elapsed": 5131.883781, "delta": 9.090072}}
{"target": -23522.947943982526, "params": {"a_c_1": 0.0, "a_c_2": 10.0, "a_mm_0": 20.0, "a_mm_1": 20.0, "a_mm_2": -40.0, "a_mm_3": 20.0, "a_mp_0": 20.0, "a_mp_1": 20.0, "a_mp_2": 20.0, "a_mp_3": 20.0, "a_pm_0": 20.0, "a_pm_1": 20.0, "a_pm_2": 20.0, "a_pm_3": -39.89713807058447, "a_pp_1": -40.0, "a_pp_2": 20.0, "a_pp_3": 20.0}, "datetime": {"datetime": "2024-07-12 23:21:21", "elapsed": 5032.991328, "delta": 12.558002}}
{"target": -14280.466569802638, "params": {"a_c_1": 20.0, "a_c_2": 10.0, "a_mm_0": 20.0, "a_mm_1": 20.0, "a_mm_2": 20.0, "a_mm_3": 20.0, "a_mp_0": 20.0, "a_mp_1": -40.0, "a_mp_2": -40.0, "a_mp_3": -25.18064515391643, "a_pm_0": 20.0, "a_pm_1": 20.0, "a_pm_2": 20.0, "a_pm_3": 20.0, "a_pp_1": 20.0, "a_pp_2": 20.0, "a_pp_3": 20.0}, "datetime": {"datetime": "2024-07-12 23:21:21", "elapsed": 4989.44165, "delta": 11.328707}}
{"target": -19539.17067674467, "params": {"a_c_1": 20.0, "a_c_2": 10.0, "a_mm_0": 20.0, "a_mm_1": 20.0, "a_mm_2": -17.7022346168292, "a_mm_3": 20.0, "a_mp_0": 20.0, "a_mp_1": 20.0, "a_mp_2": -32.490021798122456, "a_mp_3": 20.0, "a_pm_0": 20.0, "a_pm_1": -40.0, "a_pm_2": 20.0, "a_pm_3": -30.12607938806331, "a_pp_1": 20.0, "a_pp_2": 20.0, "a_pp_3": 20.0}, "datetime": {"datetime": "2024-07-12 23:21:28", "elapsed": 4975.414033, "delta": 15.360947}}
{"target": -215504.13051275056, "params": {"a_c_1": 17.43370225640161, "a_c_2": 5.470963373289154, "a_mm_0": -18.286167226103178, "a_mm_1": 18.301438103866396, "a_mm_2": -3.775791514290404, "a_mm_3": -18.868574444221814, "a_mp_0": -21.949097478058015, "a_mp_1": -24.157471969017813, "a_mp_2": 6.832354164738476, "a_mp_3": -22.248117507547096, "a_pm_0": -32.03301061988523, "a_pm_1": -16.68561531745908, "a_pm_2": -31.378633392870718, "a_pm_3": -29.936062811277814, "a_pp_1": -7.264385112616758, "a_pp_2": -12.040101794172205, "a_pp_3": -10.375233575802365}, "datetime": {"datetime": "2024-07-12 23:21:31", "elapsed": 5042.771151, "delta": 9.779823}}
{"target": -4623.688404512811, "params": {"a_c_1": 0.0, "a_c_2": 10.0, "a_mm_0": -40.0, "a_mm_1": -15.723517690606801, "a_mm_2": 2.221961489576058, "a_mm_3": 20.0, "a_mp_0": -40.0, "a_mp_1": -9.750361926760037, "a_mp_2": 7.407825491213207, "a_mp_3": -2.5579185400334725, "a_pm_0": -2.141662989059585, "a_pm_1": -7.666189901718714, "a_pm_2": 20.0, "a_pm_3": 20.0, "a_pp_1": 14.602450094049916, "a_pp_2": 0.7908230458107618, "a_pp_3": -3.304658603642954}, "datetime": {"datetime": "2024-07-12 23:21:31", "elapsed": 4999.29344, "delta": 9.85179}}
{"target": -12078.547072896672, "params": {"a_c_1": 20.0, "a_c_2": 10.0, "a_mm_0": -40.0, "a_mm_1": -40.0, "a_mm_2": 20.0, "a_mm_3": 20.0, "a_mp_0": 20.0, "a_mp_1": 20.0, "a_mp_2": -9.40455247914579, "a_mp_3": 20.0, "a_pm_0": -40.0, "a_pm_1": 20.0, "a_pm_2": 20.0, "a_pm_3": -24.153752267028363, "a_pp_1": -40.0, "a_pp_2": 20.0, "a_pp_3": 20.0}, "datetime": {"datetime": "2024-07-12 23:21:32", "elapsed": 5021.316021, "delta": 13.63217}}
{"target": -6894.294357382838, "params": {"a_c_1": 20.0, "a_c_2": 10.0, "a_mm_0": 20.0, "a_mm_1": 20.0, "a_mm_2": 20.0, "a_mm_3": 20.0, "a_mp_0": -40.0, "a_mp_1": -40.0, "a_mp_2": -40.0, "a_mp_3": 20.0, "a_pm_0": 20.0, "a_pm_1": -40.0, "a_pm_2": 20.0, "a_pm_3": 20.0, "a_pp_1": 20.0, "a_pp_2": 20.0, "a_pp_3": 20.0}, "datetime": {"datetime": "2024-07-12 23:21:33", "elapsed": 5144.402877, "delta": 12.519096}}
{"target": -227459.22188091447, "params": {"a_c_1": 3.4254885844220673, "a_c_2": 0.1611161130358496, "a_mm_0": -2.30615760351845, "a_mm_1": 4.665961107666554, "a_mm_2": -21.921612512323406, "a_mm_3": 17.117856816743483, "a_mp_0": -10.349215904145204, "a_mp_1": -33.85730788693353, "a_mp_2": -8.468727576512421, "a_mp_3": 14.053206599614228, "a_pm_0": 9.76658849761455, "a_pm_1": -15.398958967936586, "a_pm_2": 18.870832885593707, "a_pm_3": -18.934740483669362, "a_pp_1": -10.357118869161642, "a_pp_2": -33.628470111561775, "a_pp_3": -38.837203362250825}, "datetime": {"datetime": "2024-07-12 23:21:37", "elapsed": 4984.588382, "delta": 9.174349}}
{"target": -12322.137488890952, "params": {"a_c_1": 20.0, "a_c_2": 10.0, "a_mm_0": -40.0, "a_mm_1": 20.0, "a_mm_2": 20.0, "a_mm_3": 20.0, "a_mp_0": -40.0, "a_mp_1": -31.953369324189023, "a_mp_2": 20.0, "a_mp_3": 20.0, "a_pm_0": -40.0, "a_pm_1": 20.0, "a_pm_2": 20.0, "a_pm_3": -24.531970420553428, "a_pp_1": -40.0, "a_pp_2": -10.802747821862214, "a_pp_3": 20.0}, "datetime": {"datetime": "2024-07-12 23:21:43", "elapsed": 5054.716802, "delta": 11.945651}}
{"target": -5089.42447840828, "params": {"a_c_1": 0.0, "a_c_2": 10.0, "a_mm_0": 20.0, "a_mm_1": 20.0, "a_mm_2": -40.0, "a_mm_3": 20.0, "a_mp_0": 20.0, "a_mp_1": 20.0, "a_mp_2": 20.0, "a_mp_3": 20.0, "a_pm_0": -40.0, "a_pm_1": -40.0, "a_pm_2": -11.965187759466758, "a_pm_3": 20.0, "a_pp_1": 20.0, "a_pp_2": 20.0, "a_pp_3": 20.0}, "datetime": {"datetime": "2024-07-12 23:21:43", "elapsed": 5032.944122, "delta": 11.628101}}
{"target": -6815.547563967158, "params": {"a_c_1": 20.0, "a_c_2": 10.0, "a_mm_0": 20.0, "a_mm_1": 20.0, "a_mm_2": -10.816215118338278, "a_mm_3": 20.0, "a_mp_0": -40.0, "a_mp_1": -40.0, "a_mp_2": 20.0, "a_mp_3": 20.0, "a_pm_0": -40.0, "a_pm_1": 20.0, "a_pm_2": -20.484947794363976, "a_pm_3": 20.0, "a_pp_1": -14.673555968966085, "a_pp_2": 20.0, "a_pp_3": 20.0}, "datetime": {"datetime": "2024-07-12 23:21:44", "elapsed": 5012.456635, "delta": 13.163195}}
{"target": -3335.0240774371655, "params": {"a_c_1": 20.0, "a_c_2": 10.0, "a_mm_0": 20.0, "a_mm_1": -40.0, "a_mm_2": -13.63300291838743, "a_mm_3": 20.0, "a_mp_0": -40.0, "a_mp_1": -1.3571929449636932, "a_mp_2": -28.898158835836057, "a_mp_3": 20.0, "a_pm_0": 20.0, "a_pm_1": 20.0, "a_pm_2": 20.0, "a_pm_3": 20.0, "a_pp_1": 20.0, "a_pp_2": 20.0, "a_pp_3": 20.0}, "datetime": {"datetime": "2024-07-12 23:21:46", "elapsed": 5156.821407, "delta": 12.41853}}
{"target": -630.835142132865, "params": {"a_c_1": 20.0, "a_c_2": 10.0, "a_mm_0": 20.0, "a_mm_1": 20.0, "a_mm_2": 0.9881179807755492, "a_mm_3": 20.0, "a_mp_0": 20.0, "a_mp_1": 20.0, "a_mp_2": -3.7034657991145488, "a_mp_3": 20.0, "a_pm_0": -40.0, "a_pm_1": -13.918483778023019, "a_pm_2": -4.068784776390015, "a_pm_3": 20.0, "a_pp_1": 20.0, "a_pp_2": 20.0, "a_pp_3": 20.0}, "datetime": {"datetime": "2024-07-12 23:21:49", "elapsed": 4996.71541, "delta": 12.127028}}
{"target": -12269.611290462854, "params": {"a_c_1": 20.0, "a_c_2": 10.0, "a_mm_0": -40.0, "a_mm_1": -40.0, "a_mm_2": 20.0, "a_mm_3": 20.0, "a_mp_0": -4.710781240651109, "a_mp_1": 20.0, "a_mp_2": -12.774438076225318, "a_mp_3": 20.0, "a_pm_0": 20.0, "a_pm_1": 20.0, "a_pm_2": 6.643759909767232, "a_pm_3": -25.553127640325435, "a_pp_1": -40.0, "a_pp_2": 20.0, "a_pp_3": 20.0}, "datetime": {"datetime": "2024-07-12 23:21:55", "elapsed": 5044.552813, "delta": 11.608691}}
{"target": -6817.316331655322, "params": {"a_c_1": 0.0, "a_c_2": 10.0, "a_mm_0": 20.0, "a_mm_1": 20.0, "a_mm_2": 20.0, "a_mm_3": -21.90992598714426, "a_mp_0": 20.0, "a_mp_1": 20.0, "a_mp_2": 20.0, "a_mp_3": 20.0, "a_pm_0": 20.0, "a_pm_1": 20.0, "a_pm_2": -40.0, "a_pm_3": 20.0, "a_pp_1": 20.0, "a_pp_2": 20.0, "a_pp_3": 20.0}, "datetime": {"datetime": "2024-07-12 23:21:55", "elapsed": 5067.517095, "delta": 12.800293}}
{"target": -11920.682098736783, "params": {"a_c_1": 20.0, "a_c_2": 10.0, "a_mm_0": -40.0, "a_mm_1": -40.0, "a_mm_2": 5.13801136624313, "a_mm_3": 20.0, "a_mp_0": 20.0, "a_mp_1": -40.0, "a_mp_2": 20.0, "a_mp_3": 20.0, "a_pm_0": -40.0, "a_pm_1": 20.0, "a_pm_2": 20.0, "a_pm_3": 20.0, "a_pp_1": 20.0, "a_pp_2": 20.0, "a_pp_3": 20.0}, "datetime": {"datetime": "2024-07-12 23:21:57", "elapsed": 5167.88656, "delta": 11.065153}}
{"target": -9048.45192436828, "params": {"a_c_1": 20.0, "a_c_2": 10.0, "a_mm_0": -40.0, "a_mm_1": 20.0, "a_mm_2": 20.0, "a_mm_3": -12.06443715889895, "a_mp_0": -40.0, "a_mp_1": 20.0, "a_mp_2": 20.0, "a_mp_3": 20.0, "a_pm_0": 20.0, "a_pm_1": 20.0, "a_pm_2": -22.108392661597097, "a_pm_3": 20.0, "a_pp_1": 20.0, "a_pp_2": -11.159469821790148, "a_pp_3": 20.0}, "datetime": {"datetime": "2024-07-12 23:21:58", "elapsed": 5026.808403, "delta": 14.351768}}
{"target": -299930.21001811716, "params": {"a_c_1": 13.823339398745123, "a_c_2": 8.176728106978663, "a_mm_0": -13.738007921570041, "a_mm_1": 10.320694284299954, "a_mm_2": 4.594560719395751, "a_mm_3": 1.0509418079583668, "a_mp_0": 19.491108632627956, "a_mp_1": -3.040512832350096, "a_mp_2": -28.765693037999846, "a_mp_3": -35.011848116960735, "a_pm_0": -5.260471967494716, "a_pm_1": -3.6902502141991746, "a_pm_2": -27.16502672134875, "a_pm_3": -34.188564255725574, "a_pp_1": -36.95112433378033, "a_pp_2": -14.734918379420257, "a_pp_3": -30.933390698326164}, "datetime": {"datetime": "2024-07-12 23:21:59", "elapsed": 5006.56545, "delta": 9.85004}}
{"target": -188295.84590566097, "params": {"a_c_1": 7.607977679671915, "a_c_2": 4.035238600956888, "a_mm_0": -30.995073316873512, "a_mm_1": -32.59239027342425, "a_mm_2": 18.25546055118496, "a_mm_3": -25.267107332046017, "a_mp_0": -31.18174870883495, "a_mp_1": 9.284106229561033, "a_mp_2": 13.726173715725942, "a_mp_3": 8.722266500642377, "a_pm_0": -21.091818915789776, "a_pm_1": -8.60307191528181, "a_pm_2": 7.31197783396361, "a_pm_3": -26.51807428157344, "a_pp_1": -5.1141756081295995, "a_pp_2": -37.185613951179434, "a_pp_3": -5.293988198827485}, "datetime": {"datetime": "2024-07-12 23:22:04", "elapsed": 5076.470182, "delta": 8.953087}}
{"target": -108446.31065361068, "params": {"a_c_1": 14.169100233824246, "a_c_2": 3.77621892446806, "a_mm_0": -12.847377193834646, "a_mm_1": -1.5302529213646636, "a_mm_2": -2.819149120238528, "a_mm_3": 4.877221790592351, "a_mp_0": -12.39572206301353, "a_mp_1": -31.68931419529737, "a_mp_2": -20.382951260677093, "a_mp_3": -39.58509263822448, "a_pm_0": -0.6631429431521454, "a_pm_1": -3.471085818691698, "a_pm_2": 2.486163008246457, "a_pm_3": 3.2485288077642736, "a_pp_1": -23.683860788061356, "a_pp_2": -11.97453113446948, "a_pp_3": 7.276707805226259}, "datetime": {"datetime": "2024-07-12 23:22:09", "elapsed": 5016.59885, "delta": 10.0334}}
{"target": -19654.432674577743, "params": {"a_c_1": 0.0, "a_c_2": 10.0, "a_mm_0": -5.7842080641874665, "a_mm_1": 20.0, "a_mm_2": -24.45063646562651, "a_mm_3": 20.0, "a_mp_0": 20.0, "a_mp_1": -40.0, "a_mp_2": 20.0, "a_mp_3": -40.0, "a_pm_0": -40.0, "a_pm_1": 20.0, "a_pm_2": 20.0, "a_pm_3": 20.0, "a_pp_1": 20.0, "a_pp_2": 20.0, "a_pp_3": 20.0}, "datetime": {"datetime": "2024-07-12 23:22:09", "elapsed": 5059.003243, "delta": 14.45043}}
{"target": -1443.330621962268, "params": {"a_c_1": 20.0, "a_c_2": 10.0, "a_mm_0": 20.0, "a_mm_1": 20.0, "a_mm_2": 20.0, "a_mm_3": 20.0, "a_mp_0": -40.0, "a_mp_1": 20.0, "a_mp_2": 20.0, "a_mp_3": 20.0, "a_pm_0": 20.0, "a_pm_1": -40.0, "a_pm_2": -11.22131656007957, "a_pm_3": 20.0, "a_pp_1": 20.0, "a_pp_2": 20.0, "a_pp_3": 20.0}, "datetime": {"datetime": "2024-07-12 23:22:11", "elapsed": 5039.262269, "delta": 12.453866}}
{"target": -32088.04774277997, "params": {"a_c_1": 20.0, "a_c_2": 10.0, "a_mm_0": -40.0, "a_mm_1": 20.0, "a_mm_2": 20.0, "a_mm_3": -22.316294254875526, "a_mp_0": -40.0, "a_mp_1": -32.81235647187752, "a_mp_2": -33.39486838056703, "a_mp_3": 20.0, "a_pm_0": 20.0, "a_pm_1": -40.0, "a_pm_2": 20.0, "a_pm_3": 20.0, "a_pp_1": 20.0, "a_pp_2": 20.0, "a_pp_3": 20.0}, "datetime": {"datetime": "2024-07-12 23:22:12", "elapsed": 5183.202354, "delta": 15.315794}}
{"target": -522165.4377649769, "params": {"a_c_1": 12.867265476489562, "a_c_2": 4.448639426807911, "a_mm_0": -28.48325314599978, "a_mm_1": -12.93488393602717, "a_mm_2": -38.548981185020196, "a_mm_3": -22.71203074986922, "a_mp_0": -37.91570697392804, "a_mp_1": -10.24430509772948, "a_mp_2": -9.037752005671713, "a_mp_3": -20.4875466504881, "a_pm_0": -5.639459819667863, "a_pm_1": -26.115102796504807, "a_pm_2": -20.343566279860884, "a_pm_3": 7.948139770692528, "a_pp_1": -39.798551463285996, "a_pp_2": -24.1850455158641, "a_pp_3": -30.65973605620746}, "datetime": {"datetime": "2024-07-12 23:22:12", "elapsed": 5084.595232, "delta": 8.12505}}
{"target": -295796.2086711679, "params": {"a_c_1": 16.558585012350324, "a_c_2": 5.633450916559587, "a_mm_0": -29.58844833122542, "a_mm_1": -35.37468097895343, "a_mm_2": 10.07635339447269, "a_mm_3": -15.863298005909108, "a_mp_0": 13.208286607161966, "a_mp_1": -17.64076566583302, "a_mp_2": -11.212862235387647, "a_mp_3": 13.21122123693361, "a_pm_0": -10.002925638088538, "a_pm_1": -27.779163902383246, "a_pm_2": -33.72867242289215, "a_pm_3": -6.960823425908821, "a_pp_1": 16.912805602622655, "a_pp_2": -34.39690529081653, "a_pp_3": -39.02468344138147}, "datetime": {"datetime": "2024-07-12 23:22:19", "elapsed": 5047.853483, "delta": 8.591214}}
{"target": -6044.697060195343, "params": {"a_c_1": 20.0, "a_c_2": 10.0, "a_mm_0": 20.0, "a_mm_1": 20.0, "a_mm_2": 20.0, "a_mm_3": 20.0, "a_mp_0": 20.0, "a_mp_1": 20.0, "a_mp_2": 20.0, "a_mp_3": 20.0, "a_pm_0": 20.0, "a_pm_1": 20.0, "a_pm_2": -40.0, "a_pm_3": 20.0, "a_pp_1": -40.0, "a_pp_2": 20.0, "a_pp_3": 20.0}, "datetime": {"datetime": "2024-07-12 23:22:20", "elapsed": 5027.497289, "delta": 10.898439}}
{"target": -520.0485235131589, "params": {"a_c_1": 20.0, "a_c_2": 10.0, "a_mm_0": -40.0, "a_mm_1": 20.0, "a_mm_2": 20.0, "a_mm_3": 20.0, "a_mp_0": 20.0, "a_mp_1": 20.0, "a_mp_2": 20.0, "a_mp_3": 20.0, "a_pm_0": 20.0, "a_pm_1": 20.0, "a_pm_2": 20.0, "a_pm_3": 20.0, "a_pp_1": 20.0, "a_pp_2": 20.0, "a_pp_3": 20.0}, "datetime": {"datetime": "2024-07-12 23:22:20", "elapsed": 5092.341309, "delta": 7.746077}}
{"target": -6881.313846625674, "params": {"a_c_1": 20.0, "a_c_2": 10.0, "a_mm_0": 20.0, "a_mm_1": -40.0, "a_mm_2": -40.0, "a_mm_3": 20.0, "a_mp_0": 20.0, "a_mp_1": 20.0, "a_mp_2": 20.0, "a_mp_3": 20.0, "a_pm_0": -40.0, "a_pm_1": 20.0, "a_pm_2": 20.0, "a_pm_3": -20.67752755443344, "a_pp_1": 20.0, "a_pp_2": 20.0, "a_pp_3": 20.0}, "datetime": {"datetime": "2024-07-12 23:22:23", "elapsed": 5072.418219, "delta": 13.414976}}
{"target": -9486.444198732379, "params": {"a_c_1": 20.0, "a_c_2": 10.0, "a_mm_0": -40.0, "a_mm_1": 20.0, "a_mm_2": 20.0, "a_mm_3": -28.562146266894697, "a_mp_0": -40.0, "a_mp_1": 20.0, "a_mp_2": 20.0, "a_mp_3": 20.0, "a_pm_0": 20.0, "a_pm_1": 20.0, "a_pm_2": 1.7435488104794554, "a_pm_3": 20.0, "a_pp_1": 20.0, "a_pp_2": -17.86693953067368, "a_pp_3": 20.0}, "datetime": {"datetime": "2024-07-12 23:22:24", "elapsed": 5195.281978, "delta": 12.079624}}
{"target": -10910.238617481547, "params": {"a_c_1": 0.0, "a_c_2": 0.0, "a_mm_0": 20.0, "a_mm_1": 20.0, "a_mm_2": -22.44949217161593, "a_mm_3": 20.0, "a_mp_0": -25.121081987887564, "a_mp_1": 20.0, "a_mp_2": 20.0, "a_mp_3": 20.0, "a_pm_0": -40.0, "a_pm_1": 20.0, "a_pm_2": -22.586447270439596, "a_pm_3": -13.182714363008888, "a_pp_1": 20.0, "a_pp_2": 20.0, "a_pp_3": 20.0}, "datetime": {"datetime": "2024-07-12 23:22:30", "elapsed": 5058.155269, "delta": 10.301786}}
{"target": -53241.755526888526, "params": {"a_c_1": 9.844926357097389, "a_c_2": 0.4754435925150191, "a_mm_0": 9.66469011598187, "a_mm_1": 5.80197584054352, "a_mm_2": -32.41343232139887, "a_mm_3": 2.1511392686846307, "a_mp_0": 16.401944868911656, "a_mp_1": -3.6545039715974283, "a_mp_2": 19.357300922069896, "a_mp_3": -21.09140130781841, "a_pm_0": 7.356816683351603, "a_pm_1": -18.261844648285155, "a_pm_2": -19.44000967856587, "a_pm_3": 2.7104540598161933, "a_pp_1": 3.790553575784415, "a_pp_2": 7.900011826107452, "a_pp_3": -2.2106471405013366}, "datetime": {"datetime": "2024-07-12 23:22:30", "elapsed": 5102.390306, "delta": 10.048997}}
{"target": -13150.627751936707, "params": {"a_c_1": 20.0, "a_c_2": 10.0, "a_mm_0": 20.0, "a_mm_1": -40.0, "a_mm_2": -6.300641565409285, "a_mm_3": 20.0, "a_mp_0": 20.0, "a_mp_1": -40.0, "a_mp_2": -12.92988537088047, "a_mp_3": 20.0, "a_pm_0": -40.0, "a_pm_1": 20.0, "a_pm_2": 20.0, "a_pm_3": 20.0, "a_pp_1": 20.0, "a_pp_2": 20.0, "a_pp_3": 20.0}, "datetime": {"datetime": "2024-07-12 23:22:33", "elapsed": 5040.446477, "delta": 12.949188}}
{"target": -21461.039737799278, "params": {"a_c_1": 20.0, "a_c_2": 10.0, "a_mm_0": -40.0, "a_mm_1": 20.0, "a_mm_2": 20.0, "a_mm_3": 4.065330752850996, "a_mp_0": 20.0, "a_mp_1": 20.0, "a_mp_2": -40.0, "a_mp_3": 20.0, "a_pm_0": 20.0, "a_pm_1": 20.0, "a_pm_2": 20.0, "a_pm_3": 20.0, "a_pp_1": 20.0, "a_pp_2": -10.347719885309209, "a_pp_3": 20.0}, "datetime": {"datetime": "2024-07-12 23:22:34", "elapsed": 5205.171178, "delta": 9.8892}}
{"target": -14708.42492626955, "params": {"a_c_1": 20.0, "a_c_2": 0.0, "a_mm_0": -40.0, "a_mm_1": -40.0, "a_mm_2": 20.0, "a_mm_3": -14.996948156353602, "a_mp_0": 9.533242543289411, "a_mp_1": 20.0, "a_mp_2": 20.0, "a_mp_3": 20.0, "a_pm_0": -40.0, "a_pm_1": 20.0, "a_pm_2": -30.291198318092885, "a_pm_3": 20.0, "a_pp_1": -29.219983040846124, "a_pp_2": 20.0, "a_pp_3": 20.0}, "datetime": {"datetime": "2024-07-12 23:22:36", "elapsed": 5085.961833, "delta": 13.543614}}
{"target": -944.147296253787, "params": {"a_c_1": 0.0, "a_c_2": 10.0, "a_mm_0": 20.0, "a_mm_1": 20.0, "a_mm_2": 20.0, "a_mm_3": 20.0, "a_mp_0": -40.0, "a_mp_1": 20.0, "a_mp_2": 20.0, "a_mp_3": 20.0, "a_pm_0": 20.0, "a_pm_1": 20.0, "a_pm_2": 20.0, "a_pm_3": 20.0, "a_pp_1": 20.0, "a_pp_2": 20.0, "a_pp_3": 20.0}, "datetime": {"datetime": "2024-07-12 23:22:41", "elapsed": 5048.911003, "delta": 8.464526}}
{"target": -17834.899125673575, "params": {"a_c_1": 20.0, "a_c_2": 10.0, "a_mm_0": -40.0, "a_mm_1": 20.0, "a_mm_2": -17.104538860706448, "a_mm_3": 20.0, "a_mp_0": 20.0, "a_mp_1": -40.0, "a_mp_2": -40.0, "a_mp_3": 20.0, "a_pm_0": -40.0, "a_pm_1": 20.0, "a_pm_2": 20.0, "a_pm_3": 20.0, "a_pp_1": 20.0, "a_pp_2": 20.0, "a_pp_3": 20.0}, "datetime": {"datetime": "2024-07-12 23:22:43", "elapsed": 5071.276336, "delta": 13.121067}}
{"target": -7042.967957771761, "params": {"a_c_1": 0.0, "a_c_2": 0.0, "a_mm_0": -40.0, "a_mm_1": -40.0, "a_mm_2": 20.0, "a_mm_3": 20.0, "a_mp_0": 20.0, "a_mp_1": 20.0, "a_mp_2": 20.0, "a_mp_3": 20.0, "a_pm_0": 20.0, "a_pm_1": 20.0, "a_pm_2": -2.6397494407929454, "a_pm_3": -20.5571786416173, "a_pp_1": 20.0, "a_pp_2": 20.0, "a_pp_3": 20.0}, "datetime": {"datetime": "2024-07-12 23:22:43", "elapsed": 5115.18487, "delta": 12.794564}}
{"target": -9406.910745677245, "params": {"a_c_1": 20.0, "a_c_2": 10.0, "a_mm_0": 20.0, "a_mm_1": -40.0, "a_mm_2": 20.0, "a_mm_3": -2.8260108728219033, "a_mp_0": -40.0, "a_mp_1": 9.024318246193834, "a_mp_2": 6.5203864606477175, "a_mp_3": 20.0, "a_pm_0": -19.670518720683965, "a_pm_1": -6.583441549617494, "a_pm_2": -11.299469287777317, "a_pm_3": -10.94023325467718, "a_pp_1": 20.0, "a_pp_2": 6.5845507406734525, "a_pp_3": 20.0}, "datetime": {"datetime": "2024-07-12 23:22:46", "elapsed": 5217.409286, "delta": 12.238108}}
{"target": -141019.0178995013, "params": {"a_c_1": 18.151920867790462, "a_c_2": 9.455763385789519, "a_mm_0": -22.337313335249007, "a_mm_1": 8.890702910202677, "a_mm_2": -9.268760145459936, "a_mm_3": 13.03626461719611, "a_mp_0": 17.02935428996883, "a_mp_1": 17.130651639892925, "a_mp_2": 12.14065669832656, "a_mp_3": -25.066473681173477, "a_pm_0": -14.463818495775325, "a_pm_1": -0.36136142448887654, "a_pm_2": 0.12624552636659558, "a_pm_3": -29.429345127142064, "a_pp_1": -27.555083955578375, "a_pp_2": -18.756493948090217, "a_pp_3": -25.6369662912954}, "datetime": {"datetime": "2024-07-12 23:22:47", "elapsed": 5096.661057, "delta": 10.699224}}
{"target": -89482.3703228725, "params": {"a_c_1": 1.875610449830003, "a_c_2": 5.077271318084811, "a_mm_0": 6.279710437845111, "a_mm_1": 8.166136306245193, "a_mm_2": -9.870442386299228, "a_mm_3": 0.6927875532276175, "a_mp_0": 10.652422752967148, "a_mp_1": 6.902951613948268, "a_mp_2": -8.662651071452718, "a_mp_3": -27.872491124890573, "a_pm_0": -6.405131558486218, "a_pm_1": -6.78429351136208, "a_pm_2": -20.469099137224017, "a_pm_3": -23.06720322587906, "a_pp_1": -5.595558398357831, "a_pp_2": 12.523575384014272, "a_pp_3": -9.287265914012583}, "datetime": {"datetime": "2024-07-12 23:22:52", "elapsed": 5124.537205, "delta": 9.352335}}
{"target": -4209.961473278854, "params": {"a_c_1": 0.0, "a_c_2": 10.0, "a_mm_0": 20.0, "a_mm_1": -40.0, "a_mm_2": 20.0, "a_mm_3": 20.0, "a_mp_0": 20.0, "a_mp_1": -40.0, "a_mp_2": 20.0, "a_mp_3": 20.0, "a_pm_0": 20.0, "a_pm_1": -40.0, "a_pm_2": 20.0, "a_pm_3": 20.0, "a_pp_1": 20.0, "a_pp_2": 20.0, "a_pp_3": 20.0}, "datetime": {"datetime": "2024-07-12 23:22:55", "elapsed": 5062.388649, "delta": 13.477646}}
{"target": -12789.455223644902, "params": {"a_c_1": 20.0, "a_c_2": 10.0, "a_mm_0": 20.0, "a_mm_1": 20.0, "a_mm_2": 20.0, "a_mm_3": 20.0, "a_mp_0": 20.0, "a_mp_1": 20.0, "a_mp_2": 20.0, "a_mp_3": 20.0, "a_pm_0": 20.0, "a_pm_1": -40.0, "a_pm_2": -18.31466366848096, "a_pm_3": 20.0, "a_pp_1": -40.0, "a_pp_2": 20.0, "a_pp_3": 20.0}, "datetime": {"datetime": "2024-07-12 23:22:55", "elapsed": 5083.686225, "delta": 12.409889}}
