{"target": -97985.39000281256, "params": {"a_c_1": 1.3074343008445277, "a_c_2": 4.5173314869147525, "a_mm_0": -17.473910009928534, "a_mm_1": 18.521002056217192, "a_mm_2": -29.921002408023107, "a_mm_3": 18.367255515959314, "a_mp_0": 6.048492131780783, "a_mp_1": 9.454270377469868, "a_mp_2": -2.043050993320165, "a_mp_3": 0.12396621240392136, "a_pm_0": -11.3870599887284, "a_pm_1": -39.21181858461566, "a_pm_2": -18.819634867490514, "a_pm_3": -10.475691910386494, "a_pp_1": 3.8054726654062563, "a_pp_2": -11.882299435233449, "a_pp_3": -12.555705034634098}, "datetime": {"datetime": "2024-07-12 22:00:34", "elapsed": 284.624022, "delta": 9.122616}}
{"target": -100153.91795302316, "params": {"a_c_1": 18.14924418039357, "a_c_2": 6.7706733270883035, "a_mm_0": -20.834488289831647, "a_mm_1": 3.7995793130749647, "a_mm_2": -11.502164849628404, "a_mm_3": -6.338046171072975, "a_mp_0": -5.690518381396913, "a_mp_1": -30.910645045310947, "a_mp_2": -18.281072903134262, "a_mp_3": -13.855915525360018, "a_pm_0": -36.53649404986105, "a_pm_1": 3.423950644930237, "a_pm_2": -20.391713837333764, "a_pm_3": -11.388828050131064, "a_pp_1": 16.883468319299546, "a_pp_2": 12.078099747704371, "a_pp_3": -23.614229401714177}, "datetime": {"datetime": "2024-07-12 22:00:35", "elapsed": 143.243082, "delta": 9.148857}}
{"target": -224130.31268614915, "params": {"a_c_1": 11.147347750604034, "a_c_2": 8.685546336404887, "a_mm_0": -12.879303017705482, "a_mm_1": -7.9014652821783145, "a_mm_2": 1.4578222259159048, "a_mm_3": -34.63030051629347, "a_mp_0": -14.084480866761414, "a_mp_1": -33.871946757730704, "a_mp_2": -31.731406425338, "a_mp_3": -39.87246649204546, "a_pm_0": -27.417613830302727, "a_pm_1": -27.001764253705947, "a_pm_2": -9.025331125933427, "a_pm_3": -5.787505690585412, "a_pp_1": 9.437670830194833, "a_pp_2": -10.797328670610572, "a_pp_3": 13.487275935307501}, "datetime": {"datetime": "2024-07-12 22:00:38", "elapsed": 167.579528, "delta": 10.387756}}
{"target": -148602.645614431, "params": {"a_c_1": 7.595567788364345, "a_c_2": 4.970103500750551, "a_mm_0": -19.699681061628205, "a_mm_1": 4.5650444910518715, "a_mm_2": -21.970247813593645, "a_mm_3": 7.927176474000092, "a_mp_0": -34.843013240211505, "a_mp_1": -25.860181740089644, "a_mp_2": -13.70986644363039, "a_mp_3": -32.43724881227593, "a_pm_0": -27.81808115273099, "a_pm_1": 10.49256451178811, "a_pm_2": -17.65405270501089, "a_pm_3": -26.879096232540615, "a_pp_1": 10.767969347045913, "a_pp_2": -5.477520096450874, "a_pp_3": -1.9770113625597716}, "datetime": {"datetime": "2024-07-12 22:00:38", "elapsed": 125.741488, "delta": 10.003117}}
{"target": -380926.20447728276, "params": {"a_c_1": 8.005434055764503, "a_c_2": 5.712342038851668, "a_mm_0": -32.83108493412367, "a_mm_1": 7.771062713071494, "a_mm_2": -20.57488239505525, "a_mm_3": -33.06228076798631, "a_mp_0": 2.4319909105401365, "a_mp_1": -9.105505714910201, "a_mp_2": -38.373975942373605, "a_mp_3": -6.232983211834899, "a_pm_0": 5.852530666855891, "a_pm_1": -38.13743991990211, "a_pm_2": -0.5447427577154329, "a_pm_3": -24.9914853317608, "a_pp_1": -13.883421508582902, "a_pp_2": -35.66995479594463, "a_pp_3": -8.066288625098792}, "datetime": {"datetime": "2024-07-12 22:00:43", "elapsed": 151.664718, "delta": 8.421636}}
{"target": -189258.75952041813, "params": {"a_c_1": 7.507628745074997, "a_c_2": 1.947943284958592, "a_mm_0": -36.23167371664964, "a_mm_1": -21.483464431587116, "a_mm_2": 2.791517636123359, "a_mm_3": 8.790902970793582, "a_mp_0": -20.404701926965632, "a_mp_1": -26.78260680353074, "a_mp_2": -20.35634898120755, "a_mp_3": 17.86201017834491, "a_pm_0": -34.234557989378146, "a_pm_1": -30.26899314136366, "a_pm_2": 1.6543471371656295, "a_pm_3": -31.61419005713406, "a_pp_1": -24.00244644221232, "a_pp_2": 8.190552347484605, "a_pp_3": -21.963292968498024}, "datetime": {"datetime": "2024-07-12 22:00:43", "elapsed": 195.392161, "delta": 10.259344}}
{"target": -200446.2706126692, "params": {"a_c_1": 2.753254818912063, "a_c_2": 0.1088873380347899, "a_mm_0": 5.496695628619776, "a_mm_1": -20.802829715339296, "a_mm_2": 19.063007011610644, "a_mm_3": -26.78594643045064, "a_mp_0": -19.67751847109922, "a_mp_1": -8.566231860032097, "a_mp_2": 5.293487423631966, "a_mp_3": -12.168532965982262, "a_pm_0": -32.510647413299424, "a_pm_1": -21.24991729047703, "a_pm_2": -9.728849817940322, "a_pm_3": 0.4309404810120583, "a_pp_1": 6.2089973787255275, "a_pp_2": -32.17985314273874, "a_pp_3": -38.625092120657094}, "datetime": {"datetime": "2024-07-12 22:00:43", "elapsed": 294.547907, "delta": 9.923885}}
{"target": -98214.61463314445, "params": {"a_c_1": 7.901215795503315, "a_c_2": 7.4461144708444245, "a_mm_0": -6.834564254957058, "a_mm_1": -2.570494853660435, "a_mm_2": -23.776480187001244, "a_mm_3": 16.25570047638734, "a_mp_0": 6.17928292147387, "a_mp_1": -31.264298255805603, "a_mp_2": -7.7539378033255915, "a_mp_3": 19.74717833333513, "a_pm_0": -37.0566200496921, "a_pm_1": -21.830809724943194, "a_pm_2": 4.4488022811299786, "a_pm_3": -37.63831314084311, "a_pp_1": 4.800265459535495, "a_pp_2": -5.594723200974336, "a_pp_3": 3.9023405337239936}, "datetime": {"datetime": "2024-07-12 22:00:46", "elapsed": 175.858593, "delta": 8.279065}}
{"target": -66638.42909899799, "params": {"a_c_1": 17.778570873522323, "a_c_2": 7.139590589682182, "a_mm_0": -24.093239904931295, "a_mm_1": -39.417501500011085, "a_mm_2": -7.032192428260572, "a_mm_3": 2.451573517519776, "a_mp_0": 8.341676578401383, "a_mp_1": -28.56061994810247, "a_mp_2": -1.9471434385218558, "a_mp_3": 16.313176046563406, "a_pm_0": -24.508816945281303, "a_pm_1": -22.451172422153963, "a_pm_2": -14.461359277646476, "a_pm_3": -5.72928390425615, "a_pp_1": 19.403333199384228, "a_pp_2": -4.7080232377225855, "a_pp_3": 13.273963817778409}, "datetime": {"datetime": "2024-07-12 22:00:47", "elapsed": 134.73869, "delta": 8.997202}}
{"target": -196335.83196818622, "params": {"a_c_1": 11.940330977425095, "a_c_2": 5.7281228776535675, "a_mm_0": -24.073391705279853, "a_mm_1": -25.075942666442185, "a_mm_2": -22.619470560279026, "a_mm_3": 12.556404345441877, "a_mp_0": -38.87451119375411, "a_mp_1": -34.501815273261826, "a_mp_2": -19.527402450744873, "a_mp_3": -26.781900692820944, "a_pm_0": -6.228556065056793, "a_pm_1": -7.632334325540398, "a_pm_2": -10.278279831740456, "a_pm_3": -21.95481579979875, "a_pp_1": -9.31307647970781, "a_pp_2": 7.17371100509321, "a_pp_3": 8.750334889532809}, "datetime": {"datetime": "2024-07-12 22:00:52", "elapsed": 204.525652, "delta": 9.133491}}
{"target": -70382.43408094335, "params": {"a_c_1": 18.776578173112487, "a_c_2": 3.048157076932431, "a_mm_0": -36.187757257486865, "a_mm_1": 10.893579640040478, "a_mm_2": 16.855613916150254, "a_mm_3": -10.535754964460644, "a_mp_0": 14.510569066514627, "a_mp_1": 14.518424754129121, "a_mp_2": 4.071150799764574, "a_mp_3": 9.879639929041957, "a_pm_0": -30.279745965756938, "a_pm_1": 10.732346024956342, "a_pm_2": -15.061460550540215, "a_pm_3": -22.798777816482886, "a_pp_1": -6.28826381783886, "a_pp_2": 11.449594089413772, "a_pp_3": -14.009880771469955}, "datetime": {"datetime": "2024-07-12 22:00:53", "elapsed": 161.440767, "delta": 9.776049}}
{"target": -110602.54717190303, "params": {"a_c_1": 10.38164644423979, "a_c_2": 8.099887106624163, "a_mm_0": -39.24377397820742, "a_mm_1": 0.34819067922403946, "a_mm_2": 1.208493599419512, "a_mm_3": -13.045194784801744, "a_mp_0": 14.887321204516056, "a_mp_1": -1.3383349145804218, "a_mp_2": -39.68560974091205, "a_mp_3": -10.934293269137466, "a_pm_0": 11.559068365856, "a_pm_1": 9.823974202240365, "a_pm_2": -1.0507481732513284, "a_pm_3": 0.4219054339178996, "a_pp_1": -5.2900252126479685, "a_pp_2": -23.55281348998887, "a_pp_3": -6.368200567836475}, "datetime": {"datetime": "2024-07-12 22:00:53", "elapsed": 304.255976, "delta": 9.708069}}
{"target": -175113.29488056074, "params": {"a_c_1": 11.016651917532664, "a_c_2": 9.394034783011588, "a_mm_0": -19.21589782598377, "a_mm_1": -5.531832403826321, "a_mm_2": -36.95320125986343, "a_mm_3": -6.79402995073859, "a_mp_0": -14.836423381123772, "a_mp_1": 18.989707267412086, "a_mp_2": 16.736439130222678, "a_mp_3": -31.70323510851398, "a_pm_0": -37.50306150814227, "a_pm_1": -32.75949597586557, "a_pm_2": -28.435181936810785, "a_pm_3": 3.5700796586331407, "a_pp_1": -7.361322787676585, "a_pp_2": -7.904479927883109, "a_pp_3": -12.127781232247784}, "datetime": {"datetime": "2024-07-12 22:00:55", "elapsed": 185.116802, "delta": 9.258209}}
{"target": -283943.65769869863, "params": {"a_c_1": 13.124225580881298, "a_c_2": 4.727788741100069, "a_mm_0": -21.667088216409677, "a_mm_1": -18.989225314198215, "a_mm_2": 6.6280575348338004, "a_mm_3": -29.349457160793182, "a_mp_0": -31.723878496233258, "a_mp_1": -27.2173021423329, "a_mp_2": 0.1348064085290801, "a_mp_3": -17.71570317907319, "a_pm_0": -27.609839285030162, "a_pm_1": -20.157735807519888, "a_pm_2": -35.102226255091686, "a_pm_3": -13.80786679181368, "a_pp_1": 8.672958951991724, "a_pp_2": -13.252452328558551, "a_pp_3": -13.16139076040442}, "datetime": {"datetime": "2024-07-12 22:00:56", "elapsed": 143.583882, "delta": 8.845192}}
{"target": -28516.86266428985, "params": {"a_c_1": 10.656817749916932, "a_c_2": 8.06335214410517, "a_mm_0": -37.94347122342129, "a_mm_1": -30.756032746029405, "a_mm_2": 4.891101660120555, "a_mm_3": -16.907806166663025, "a_mp_0": -20.92609058827938, "a_mp_1": -5.6794712219808545, "a_mp_2": -17.654769091817254, "a_mp_3": 14.571794599487724, "a_pm_0": -16.781726498621907, "a_pm_1": 10.174951725036479, "a_pm_2": -3.894176794346734, "a_pm_3": 14.721126646537947, "a_pp_1": -10.956785538719494, "a_pp_2": 17.510843995741027, "a_pp_3": -5.397420372822928}, "datetime": {"datetime": "2024-07-12 22:01:02", "elapsed": 214.168688, "delta": 9.643036}}
{"target": -260226.54994071095, "params": {"a_c_1": 13.434595696348406, "a_c_2": 3.524296302164088, "a_mm_0": 11.349702035235666, "a_mm_1": -28.297750839477562, "a_mm_2": 4.839248619915395, "a_mm_3": -22.623835228787353, "a_mp_0": 6.427957234650918, "a_mp_1": -14.335760239835427, "a_mp_2": 8.461904546732569, "a_mp_3": -18.787908239920576, "a_pm_0": -27.17840574222513, "a_pm_1": 6.037070505305991, "a_pm_2": -21.481483142160933, "a_pm_3": 3.994704063585651, "a_pp_1": 4.668389184663923, "a_pp_2": -26.716197945507936, "a_pp_3": -27.153271790761092}, "datetime": {"datetime": "2024-07-12 22:01:03", "elapsed": 313.661894, "delta": 9.405918}}
{"target": -128762.10663159101, "params": {"a_c_1": 1.555375358516895, "a_c_2": 2.8727828024231794, "a_mm_0": -22.881344084032772, "a_mm_1": 1.8230862729017332, "a_mm_2": 17.303956260389953, "a_mm_3": -6.991154344716904, "a_mp_0": -24.78324845398327, "a_mp_1": 2.1877928031023117, "a_mp_2": -31.136379299633184, "a_mp_3": -36.3022543644029, "a_pm_0": -1.0595359561763686, "a_pm_1": -17.454860768794973, "a_pm_2": -12.951536270062853, "a_pm_3": -35.56105319342764, "a_pp_1": -11.21873082598578, "a_pp_2": -3.6313472177087363, "a_pp_3": 18.950712077006045}, "datetime": {"datetime": "2024-07-12 22:01:03", "elapsed": 171.504247, "delta": 10.06348}}
{"target": -253781.46425714152, "params": {"a_c_1": 0.13388436763032585, "a_c_2": 3.9247191354446667, "a_mm_0": 19.936306475581617, "a_mm_1": 9.217472324716837, "a_mm_2": -5.628357343617672, "a_mm_3": -28.21222235828326, "a_mp_0": 15.22816547056123, "a_mp_1": -14.551165155732196, "a_mp_2": -2.840363615231034, "a_mp_3": -27.813540595529485, "a_pm_0": -20.316055371873297, "a_pm_1": -19.302792223924257, "a_pm_2": -16.31488777588235, "a_pm_3": -38.66608680656871, "a_pp_1": -0.3791768682880985, "a_pp_2": -29.800598920130547, "a_pp_3": -3.801984204803105}, "datetime": {"datetime": "2024-07-12 22:01:05", "elapsed": 194.786696, "delta": 9.669894}}
{"target": -174062.24508724106, "params": {"a_c_1": 0.5505692695539199, "a_c_2": 2.789776720743462, "a_mm_0": -35.48977000680146, "a_mm_1": -37.13569737318405, "a_mm_2": 11.815134791066598, "a_mm_3": 2.8590554187296604, "a_mp_0": 9.826262022574468, "a_mp_1": -32.02565221634827, "a_mp_2": -18.08281242729838, "a_mp_3": 14.793052538949077, "a_pm_0": -13.996726540743587, "a_pm_1": 15.53910878502073, "a_pm_2": 17.682084567887046, "a_pm_3": -39.603513520625526, "a_pp_1": -14.02416486919715, "a_pp_2": -5.013242269384676, "a_pp_3": -19.070345666614212}, "datetime": {"datetime": "2024-07-12 22:01:05", "elapsed": 152.730712, "delta": 9.14683}}
{"target": -72428.2367221659, "params": {"a_c_1": 0.5548859597217515, "a_c_2": 7.388708492176713, "a_mm_0": 11.68404779493985, "a_mm_1": -34.08699943579295, "a_mm_2": 17.80658245067437, "a_mm_3": -6.194437833901766, "a_mp_0": 4.442114656263115, "a_mp_1": -26.559920919237868, "a_mp_2": 16.47094974124829, "a_mp_3": -1.4002924422476468, "a_pm_0": -7.400881724019634, "a_pm_1": 17.683411830540386, "a_pm_2": -6.581876040000495, "a_pm_3": -8.099896483267877, "a_pp_1": -37.31398227681851, "a_pp_2": -7.216661802142525, "a_pp_3": 4.661653359706541}, "datetime": {"datetime": "2024-07-12 22:01:11", "elapsed": 222.751709, "delta": 8.583021}}
{"target": -37543.68988077584, "params": {"a_c_1": 0.4293977846302899, "a_c_2": 5.16746763881536, "a_mm_0": -10.793973188125872, "a_mm_1": -2.4915283131859454, "a_mm_2": 11.190405987310655, "a_mm_3": -10.118025453239468, "a_mp_0": -5.645129954535562, "a_mp_1": -9.846728933021552, "a_mp_2": 7.78652203705451, "a_mp_3": 14.416106842858042, "a_pm_0": -20.640339179507873, "a_pm_1": 3.4638203562551126, "a_pm_2": -0.7146430952082596, "a_pm_3": -17.60273007097507, "a_pp_1": 8.209759961563755, "a_pp_2": 1.7032206330100337, "a_pp_3": -10.48760382640431}, "datetime": {"datetime": "2024-07-12 22:01:12", "elapsed": 180.338397, "delta": 8.83415}}
{"target": -238993.907986667, "params": {"a_c_1": 3.9789584685413337, "a_c_2": 1.4251833776584466, "a_mm_0": -17.375044047559953, "a_mm_1": -38.40232691850271, "a_mm_2": -33.34477785794556, "a_mm_3": 0.47384142580462907, "a_mp_0": 7.986592213843174, "a_mp_1": -35.168228372296845, "a_mp_2": -26.097861370852478, "a_mp_3": -27.54246029177114, "a_pm_0": 15.040013784897837, "a_pm_1": 2.6788710881892044, "a_pm_2": -6.766923336915141, "a_pm_3": -21.728920724762787, "a_pp_1": 10.091242857907908, "a_pp_2": -13.881642542228803, "a_pp_3": 15.407372907126508}, "datetime": {"datetime": "2024-07-12 22:01:12", "elapsed": 323.110626, "delta": 9.448732}}
{"target": -185872.35456603387, "params": {"a_c_1": 12.391606930696138, "a_c_2": 6.979047464323436, "a_mm_0": -22.484128837219835, "a_mm_1": -22.478080806139232, "a_mm_2": 5.331768614170166, "a_mm_3": -16.70654828389394, "a_mp_0": -30.852204342515478, "a_mp_1": 14.31589407681286, "a_mp_2": -39.2150314028691, "a_mp_3": 13.189064459346937, "a_pm_0": -22.46459344287484, "a_pm_1": -17.090497593276442, "a_pm_2": 18.704309143763346, "a_pm_3": -13.799455513590267, "a_pp_1": 2.9529187245119815, "a_pp_2": -15.257033984066734, "a_pp_3": 14.812148730158547}, "datetime": {"datetime": "2024-07-12 22:01:13", "elapsed": 202.922678, "delta": 8.135982}}
{"target": -161503.6918869016, "params": {"a_c_1": 7.520640358095923, "a_c_2": 3.5582157615779844, "a_mm_0": -26.13802748961927, "a_mm_1": -38.43776533441843, "a_mm_2": 3.871039992094545, "a_mm_3": 19.910946035770046, "a_mp_0": -37.69948419039852, "a_mp_1": 11.545893017183161, "a_mp_2": -7.3417041417727305, "a_mp_3": -38.828802470609006, "a_pm_0": -35.871015485580656, "a_pm_1": -8.473031135350585, "a_pm_2": -33.72638761347204, "a_pm_3": -22.24015434038455, "a_pp_1": -23.509935759291757, "a_pp_2": 18.236342453705674, "a_pp_3": -11.820010903709843}, "datetime": {"datetime": "2024-07-12 22:01:17", "elapsed": 164.433767, "delta": 11.703055}}
{"target": -169088.0821946324, "params": {"a_c_1": 7.3680646006402455, "a_c_2": 6.793260135812208, "a_mm_0": -6.1535312869620356, "a_mm_1": -27.521499017018343, "a_mm_2": -7.191164612705471, "a_mm_3": -11.440675547244727, "a_mp_0": -19.736822757630584, "a_mp_1": -0.2418879619071248, "a_mp_2": -36.33077388440016, "a_mp_3": -17.63371446284637, "a_pm_0": -13.953439186872039, "a_pm_1": 18.43205728743044, "a_pm_2": 1.8919612742211882, "a_pm_3": -2.452682792233375, "a_pp_1": -30.643329252339136, "a_pp_2": -13.894454416560098, "a_pp_3": -17.725894066337414}, "datetime": {"datetime": "2024-07-12 22:01:19", "elapsed": 230.948553, "delta": 8.196844}}
{"target": -129486.7488325781, "params": {"a_c_1": 11.438450205790001, "a_c_2": 9.489394312159595, "a_mm_0": -1.5897944215833206, "a_mm_1": -1.9065325232330679, "a_mm_2": -17.16160650188051, "a_mm_3": 6.914269317270914, "a_mp_0": 12.343039052388363, "a_mp_1": -21.430541330112263, "a_mp_2": -20.415293731726567, "a_mp_3": 0.3917883512332594, "a_pm_0": -22.668704538745775, "a_pm_1": -35.097158468001986, "a_pm_2": -22.714055702708038, "a_pm_3": 1.824713446268035, "a_pp_1": -9.840070830110708, "a_pp_2": -5.196190331702972, "a_pp_3": -2.425747936184557}, "datetime": {"datetime": "2024-07-12 22:01:20", "elapsed": 188.535423, "delta": 8.197026}}
{"target": -129671.28909421849, "params": {"a_c_1": 14.121036086718664, "a_c_2": 4.780313079652833, "a_mm_0": -32.42739377503848, "a_mm_1": 18.56261302806486, "a_mm_2": -30.409980979354398, "a_mm_3": -27.843872486820246, "a_mp_0": -14.129094690377745, "a_mp_1": -15.747885653491164, "a_mp_2": -31.194911154142353, "a_mp_3": 3.759135161667402, "a_pm_0": -28.67529598736884, "a_pm_1": -1.3662613413002305, "a_pm_2": 5.258357034577919, "a_pm_3": -27.356056475000756, "a_pp_1": -3.942745113541605, "a_pp_2": 4.93570251475019, "a_pp_3": -1.7068773627799914}, "datetime": {"datetime": "2024-07-12 22:01:20", "elapsed": 331.337418, "delta": 8.226792}}
{"target": -127567.29656197684, "params": {"a_c_1": 14.389809984206751, "a_c_2": 4.8069178843538785, "a_mm_0": -34.94670106095279, "a_mm_1": -18.181967930277402, "a_mm_2": -10.5635978591644, "a_mm_3": -22.968148992916973, "a_mp_0": -7.921569434821102, "a_mp_1": -27.420935909100525, "a_mp_2": -10.340225467492527, "a_mp_3": -8.319688290573456, "a_pm_0": 0.40157843624696454, "a_pm_1": 4.721950704919685, "a_pm_2": 3.7984245215343435, "a_pm_3": -14.553045982687077, "a_pp_1": -12.642860133586304, "a_pp_2": 12.410426088187528, "a_pp_3": -18.23272464576159}, "datetime": {"datetime": "2024-07-12 22:01:22", "elapsed": 211.581955, "delta": 8.659277}}
{"target": -146672.27032734052, "params": {"a_c_1": 18.807951003692267, "a_c_2": 4.5281763118207685, "a_mm_0": 11.30599921534683, "a_mm_1": -0.7832889152196287, "a_mm_2": 12.757217325029266, "a_mm_3": -39.79987331205537, "a_mp_0": 15.487294176603072, "a_mp_1": 17.077625256788572, "a_mp_2": -30.703868998398878, "a_mp_3": -36.0573594364611, "a_pm_0": -20.96299855053716, "a_pm_1": -4.866673007345284, "a_pm_2": -8.55211929730698, "a_pm_3": -13.892642875289674, "a_pp_1": 14.76062915085258, "a_pp_2": -5.801400880446991, "a_pp_3": 16.048204921656875}, "datetime": {"datetime": "2024-07-12 22:01:27", "elapsed": 239.20572, "delta": 8.257167}}
{"target": -47959.384934988535, "params": {"a_c_1": 5.703621285409499, "a_c_2": 9.382420933421521, "a_mm_0": 18.003600130188786, "a_mm_1": 3.1639929701523286, "a_mm_2": -31.787258060747057, "a_mm_3": 13.393939126576711, "a_mp_0": -13.52438238671808, "a_mp_1": 7.16764269182368, "a_mp_2": 3.289323701118157, "a_mp_3": -0.8101553349676109, "a_pm_0": 6.018387957858593, "a_pm_1": 8.709815326362687, "a_pm_2": -12.300307558954398, "a_pm_3": -10.92276352082228, "a_pp_1": -34.156825315946435, "a_pp_2": -17.748234012860948, "a_pp_3": 13.168057569677138}, "datetime": {"datetime": "2024-07-12 22:01:27", "elapsed": 174.825017, "delta": 10.39125}}
{"target": -146227.02264161734, "params": {"a_c_1": 10.702085447600364, "a_c_2": 9.613037970526182, "a_mm_0": 8.639804525762507, "a_mm_1": 17.802930108105613, "a_mm_2": 1.6006694430388322, "a_mm_3": 8.10284537412528, "a_mp_0": 5.083007142623941, "a_mp_1": 16.4658508363688, "a_mp_2": -19.57284251434447, "a_mp_3": -20.53470469348559, "a_pm_0": -39.28472031733821, "a_pm_1": -35.93151042499622, "a_pm_2": 17.700475165275442, "a_pm_3": -11.504375659172844, "a_pp_1": -32.70174186019487, "a_pp_2": -33.52694645828385, "a_pp_3": -8.943992596664192}, "datetime": {"datetime": "2024-07-12 22:01:29", "elapsed": 197.19332, "delta": 8.657897}}
{"target": -128464.76842380296, "params": {"a_c_1": 11.942546058932981, "a_c_2": 2.9548228565549706, "a_mm_0": 3.8963882744905263, "a_mm_1": 16.718506399996983, "a_mm_2": -14.466316584307183, "a_mm_3": 6.930909009884317, "a_mp_0": -36.63153762028508, "a_mp_1": 10.116296149397954, "a_mp_2": -28.464998990671138, "a_mp_3": -16.294187866601607, "a_pm_0": -21.995137244478613, "a_pm_1": -35.193781371637044, "a_pm_2": 14.27786017617457, "a_pm_3": -17.790749346775705, "a_pp_1": -8.158153691431632, "a_pp_2": -10.353024046220497, "a_pp_3": -32.070331483423715}, "datetime": {"datetime": "2024-07-12 22:01:30", "elapsed": 341.251988, "delta": 9.91457}}
{"target": -301576.3825487779, "params": {"a_c_1": 14.760656619152709, "a_c_2": 9.940672316900104, "a_mm_0": 15.48850301221772, "a_mm_1": -7.045787932454324, "a_mm_2": -21.693316787521837, "a_mm_3": -2.6612418489489897, "a_mp_0": 1.0581000938728948, "a_mp_1": -8.382264705022365, "a_mp_2": -19.511402150599327, "a_mp_3": -12.674405719636312, "a_pm_0": -35.09255541908917, "a_pm_1": -22.523067700064374, "a_pm_2": -31.306194700886344, "a_pm_3": -0.011156150710938562, "a_pp_1": 17.55404849229975, "a_pp_2": -30.56591901606319, "a_pp_3": -38.302355688902374}, "datetime": {"datetime": "2024-07-12 22:01:30", "elapsed": 220.023562, "delta": 8.441607}}
{"target": -88667.1376494894, "params": {"a_c_1": 11.523087081121377, "a_c_2": 1.8518019414953268, "a_mm_0": 18.92472253320129, "a_mm_1": 19.910195624666223, "a_mm_2": -13.211913499986906, "a_mm_3": 5.745833498163208, "a_mp_0": -1.8061949089251002, "a_mp_1": -28.885361505214107, "a_mp_2": -5.247882395905833, "a_mp_3": -0.7454839221349872, "a_pm_0": -4.375577788263044, "a_pm_1": -7.511401660389971, "a_pm_2": -4.487255887852982, "a_pm_3": 2.5394703376146737, "a_pp_1": 6.258678419678667, "a_pp_2": -34.65698822213474, "a_pp_3": 14.809729424796792}, "datetime": {"datetime": "2024-07-12 22:01:35", "elapsed": 247.315287, "delta": 8.109567}}
