{"target": -20192.830962908916, "params": {"a_c_1": 0.0, "a_c_2": 10.0, "a_mm_0": 7.639569965580602, "a_mm_1": 3.360728979208269, "a_mm_2": 0.8356730555355796, "a_mm_3": 20.0, "a_mp_0": -40.0, "a_mp_1": -12.772251508915394, "a_mp_2": 4.365364426153478, "a_mp_3": 9.06181508666884, "a_pm_0": 20.0, "a_pm_1": -40.0, "a_pm_2": 20.0, "a_pm_3": -35.971852113332424, "a_pp_1": -18.42004055138393, "a_pp_2": 20.0, "a_pp_3": 20.0}, "datetime": {"datetime": "2024-07-12 22:24:31", "elapsed": 1579.668733, "delta": 12.365831}}
{"target": -22320.172436203775, "params": {"a_c_1": 0.0, "a_c_2": 10.0, "a_mm_0": -40.0, "a_mm_1": 20.0, "a_mm_2": 20.0, "a_mm_3": -27.20876345694635, "a_mp_0": 20.0, "a_mp_1": -40.0, "a_mp_2": 20.0, "a_mp_3": 20.0, "a_pm_0": 20.0, "a_pm_1": -40.0, "a_pm_2": 20.0, "a_pm_3": 20.0, "a_pp_1": -40.0, "a_pp_2": 20.0, "a_pp_3": 20.0}, "datetime": {"datetime": "2024-07-12 22:24:31", "elapsed": 1601.192576, "delta": 12.22298}}
{"target": -250642.12819558877, "params": {"a_c_1": 13.10587912744565, "a_c_2": 2.8421671510394186, "a_mm_0": -19.27434489815711, "a_mm_1": 12.179043309756537, "a_mm_2": 7.675594534008518, "a_mm_3": -3.49233383680221, "a_mp_0": -24.041679022234113, "a_mp_1": 18.496069298987095, "a_mp_2": -12.325680378903641, "a_mp_3": -26.01849068316291, "a_pm_0": -37.08932637013657, "a_pm_1": 7.469251263761208, "a_pm_2": -1.256341189807749, "a_pm_3": -23.839526747898134, "a_pp_1": -18.282097287271466, "a_pp_2": -6.330216365881462, "a_pp_3": -29.532713324827967}, "datetime": {"datetime": "2024-07-12 22:24:32", "elapsed": 1559.847276, "delta": 9.466701}}
{"target": -20568.336402901852, "params": {"a_c_1": 0.0, "a_c_2": 10.0, "a_mm_0": 20.0, "a_mm_1": 20.0, "a_mm_2": -18.40259663315952, "a_mm_3": 20.0, "a_mp_0": 20.0, "a_mp_1": -40.0, "a_mp_2": 20.0, "a_mp_3": -31.999210233309352, "a_pm_0": -40.0, "a_pm_1": 20.0, "a_pm_2": 20.0, "a_pm_3": 20.0, "a_pp_1": 20.0, "a_pp_2": -1.2706643795869488, "a_pp_3": 20.0}, "datetime": {"datetime": "2024-07-12 22:24:36", "elapsed": 1726.976386, "delta": 11.132599}}
{"target": -5908.363388918413, "params": {"a_c_1": 20.0, "a_c_2": 10.0, "a_mm_0": -40.0, "a_mm_1": 20.0, "a_mm_2": 5.425063885105938, "a_mm_3": 20.0, "a_mp_0": 20.0, "a_mp_1": -2.016135056332187, "a_mp_2": 20.0, "a_mp_3": 20.0, "a_pm_0": -40.0, "a_pm_1": 20.0, "a_pm_2": -39.72922672011479, "a_pm_3": 20.0, "a_pp_1": -40.0, "a_pp_2": 20.0, "a_pp_3": 20.0}, "datetime": {"datetime": "2024-07-12 22:24:36", "elapsed": 1628.295735, "delta": 11.475892}}
{"target": -11531.042359760122, "params": {"a_c_1": 20.0, "a_c_2": 10.0, "a_mm_0": 20.0, "a_mm_1": 20.0, "a_mm_2": 20.0, "a_mm_3": -20.775480751002473, "a_mp_0": -40.0, "a_mp_1": -40.0, "a_mp_2": 20.0, "a_mp_3": 20.0, "a_pm_0": 20.0, "a_pm_1": -40.0, "a_pm_2": 20.0, "a_pm_3": 20.0, "a_pp_1": 20.0, "a_pp_2": 7.574159653326768, "a_pp_3": 20.0}, "datetime": {"datetime": "2024-07-12 22:24:43", "elapsed": 1612.957155, "delta": 11.764579}}
{"target": -12173.889666019448, "params": {"a_c_1": 20.0, "a_c_2": 10.0, "a_mm_0": 20.0, "a_mm_1": 20.0, "a_mm_2": -4.704500333737777, "a_mm_3": -28.28026679494273, "a_mp_0": -20.362069740627955, "a_mp_1": -20.55621296013615, "a_mp_2": 17.964268729093885, "a_mp_3": 19.748806955913967, "a_pm_0": -40.0, "a_pm_1": -21.215772522304725, "a_pm_2": -8.002413891729871, "a_pm_3": 20.0, "a_pp_1": 20.0, "a_pp_2": 3.367385988958006, "a_pp_3": 20.0}, "datetime": {"datetime": "2024-07-12 22:24:44", "elapsed": 1592.092258, "delta": 12.423525}}
{"target": -32323.378470417545, "params": {"a_c_1": 20.0, "a_c_2": 10.0, "a_mm_0": 20.0, "a_mm_1": -40.0, "a_mm_2": 20.0, "a_mm_3": 20.0, "a_mp_0": -40.0, "a_mp_1": -15.144208214359505, "a_mp_2": 20.0, "a_mp_3": 20.0, "a_pm_0": -40.0, "a_pm_1": -40.0, "a_pm_2": 20.0, "a_pm_3": 20.0, "a_pp_1": -40.0, "a_pp_2": 20.0, "a_pp_3": 20.0}, "datetime": {"datetime": "2024-07-12 22:24:45", "elapsed": 1637.106626, "delta": 8.810891}}
{"target": -7505.456787722598, "params": {"a_c_1": 20.0, "a_c_2": 10.0, "a_mm_0": -19.974669811793934, "a_mm_1": 20.0, "a_mm_2": -32.50579845801158, "a_mm_3": 9.495971748950648, "a_mp_0": -8.726687411145631, "a_mp_1": 20.0, "a_mp_2": 1.9532065006869956, "a_mp_3": 20.0, "a_pm_0": 20.0, "a_pm_1": -26.048633646237906, "a_pm_2": 20.0, "a_pm_3": -18.4617397385133, "a_pp_1": -40.0, "a_pp_2": 20.0, "a_pp_3": 20.0}, "datetime": {"datetime": "2024-07-12 22:24:47", "elapsed": 1574.084001, "delta": 14.236725}}
{"target": -7403.9097254153085, "params": {"a_c_1": 0.0, "a_c_2": 10.0, "a_mm_0": -40.0, "a_mm_1": 20.0, "a_mm_2": -13.859563134092282, "a_mm_3": 20.0, "a_mp_0": 20.0, "a_mp_1": -40.0, "a_mp_2": 20.0, "a_mp_3": -33.08519235532636, "a_pm_0": 20.0, "a_pm_1": 20.0, "a_pm_2": 20.0, "a_pm_3": 20.0, "a_pp_1": 20.0, "a_pp_2": 20.0, "a_pp_3": 20.0}, "datetime": {"datetime": "2024-07-12 22:24:47", "elapsed": 1738.287895, "delta": 11.311509}}
{"target": -4336.027470677349, "params": {"a_c_1": 0.0, "a_c_2": 10.0, "a_mm_0": -11.496586286087597, "a_mm_1": 20.0, "a_mm_2": 10.734853046751597, "a_mm_3": -20.55582973903446, "a_mp_0": 20.0, "a_mp_1": 20.0, "a_mp_2": -1.227954627598638, "a_mp_3": 8.568841644678653, "a_pm_0": -7.308248546493619, "a_pm_1": -30.896083310115678, "a_pm_2": -8.29946086829784, "a_pm_3": 20.0, "a_pp_1": 20.0, "a_pp_2": 8.26293707063695, "a_pp_3": 20.0}, "datetime": {"datetime": "2024-07-12 22:24:54", "elapsed": 1603.016101, "delta": 10.923843}}
{"target": -16944.093687156892, "params": {"a_c_1": 20.0, "a_c_2": 10.0, "a_mm_0": 20.0, "a_mm_1": 20.0, "a_mm_2": 20.0, "a_mm_3": 20.0, "a_mp_0": 20.0, "a_mp_1": 18.909928924022687, "a_mp_2": -8.648238955074858, "a_mp_3": 10.6649876699167, "a_pm_0": 20.0, "a_pm_1": -40.0, "a_pm_2": 20.0, "a_pm_3": 20.0, "a_pp_1": -40.0, "a_pp_2": 20.0, "a_pp_3": -20.0655746613771}, "datetime": {"datetime": "2024-07-12 22:24:56", "elapsed": 1648.249021, "delta": 11.142395}}
{"target": -58603.19422642537, "params": {"a_c_1": 0.0, "a_c_2": 10.0, "a_mm_0": -40.0, "a_mm_1": 20.0, "a_mm_2": 20.0, "a_mm_3": -40.0, "a_mp_0": 20.0, "a_mp_1": 20.0, "a_mp_2": -13.489138040472982, "a_mp_3": 20.0, "a_pm_0": 10.453390234380013, "a_pm_1": -40.0, "a_pm_2": -40.0, "a_pm_3": 20.0, "a_pp_1": 20.0, "a_pp_2": 20.0, "a_pp_3": 20.0}, "datetime": {"datetime": "2024-07-12 22:24:58", "elapsed": 1627.775676, "delta": 14.818521}}
{"target": -4559.030380818, "params": {"a_c_1": 20.0, "a_c_2": 10.0, "a_mm_0": 6.9383400835368585, "a_mm_1": 20.0, "a_mm_2": 20.0, "a_mm_3": 5.73523137279702, "a_mp_0": 20.0, "a_mp_1": 20.0, "a_mp_2": -25.88008191513737, "a_mp_3": 20.0, "a_pm_0": 20.0, "a_pm_1": 20.0, "a_pm_2": -13.997108260695903, "a_pm_3": -12.177985858222709, "a_pp_1": -40.0, "a_pp_2": 20.0, "a_pp_3": 20.0}, "datetime": {"datetime": "2024-07-12 22:24:59", "elapsed": 1586.448759, "delta": 12.364758}}
{"target": -19243.338172853913, "params": {"a_c_1": 0.0, "a_c_2": 10.0, "a_mm_0": -40.0, "a_mm_1": 20.0, "a_mm_2": -20.003131411232914, "a_mm_3": 20.0, "a_mp_0": -40.0, "a_mp_1": 20.0, "a_mp_2": 20.0, "a_mp_3": -40.0, "a_pm_0": -30.685880583197086, "a_pm_1": 20.0, "a_pm_2": 20.0, "a_pm_3": 20.0, "a_pp_1": 20.0, "a_pp_2": 3.1544591969500786, "a_pp_3": 20.0}, "datetime": {"datetime": "2024-07-12 22:25:00", "elapsed": 1751.249365, "delta": 12.96147}}
{"target": -21509.2082577333, "params": {"a_c_1": 20.0, "a_c_2": 10.0, "a_mm_0": -8.744819044859712, "a_mm_1": 20.0, "a_mm_2": 20.0, "a_mm_3": 20.0, "a_mp_0": -40.0, "a_mp_1": 20.0, "a_mp_2": -14.986841563480265, "a_mp_3": -30.762824181766327, "a_pm_0": 20.0, "a_pm_1": 7.31141811811759, "a_pm_2": 20.0, "a_pm_3": 20.0, "a_pp_1": -40.0, "a_pp_2": -5.3235970382750555, "a_pp_3": 20.0}, "datetime": {"datetime": "2024-07-12 22:25:05", "elapsed": 1613.890866, "delta": 10.874765}}
{"target": -11181.093989342899, "params": {"a_c_1": 20.0, "a_c_2": 10.0, "a_mm_0": -40.0, "a_mm_1": -16.203551671492537, "a_mm_2": 20.0, "a_mm_3": 20.0, "a_mp_0": 20.0, "a_mp_1": -40.0, "a_mp_2": 18.110757059817733, "a_mp_3": 20.0, "a_pm_0": -40.0, "a_pm_1": 20.0, "a_pm_2": 20.0, "a_pm_3": 20.0, "a_pp_1": -40.0, "a_pp_2": -8.209791279996331, "a_pp_3": 20.0}, "datetime": {"datetime": "2024-07-12 22:25:05", "elapsed": 1657.619142, "delta": 9.370121}}
{"target": -27032.849314248335, "params": {"a_c_1": 20.0, "a_c_2": 10.0, "a_mm_0": -40.0, "a_mm_1": 20.0, "a_mm_2": 20.0, "a_mm_3": 20.0, "a_mp_0": 20.0, "a_mp_1": -40.0, "a_mp_2": 20.0, "a_mp_3": 20.0, "a_pm_0": 20.0, "a_pm_1": -40.0, "a_pm_2": 20.0, "a_pm_3": -12.196792458128106, "a_pp_1": 20.0, "a_pp_2": -6.874817142337862, "a_pp_3": 20.0}, "datetime": {"datetime": "2024-07-12 22:25:08", "elapsed": 1638.04146, "delta": 10.265784}}
{"target": -54667.073211997376, "params": {"a_c_1": 0.0, "a_c_2": 10.0, "a_mm_0": 6.805900443811957, "a_mm_1": 20.0, "a_mm_2": 15.58009543716754, "a_mm_3": -31.79394591864698, "a_mp_0": -40.0, "a_mp_1": 20.0, "a_mp_2": 20.0, "a_mp_3": -38.97076374280819, "a_pm_0": 20.0, "a_pm_1": 20.0, "a_pm_2": -21.431693031282098, "a_pm_3": 20.0, "a_pp_1": 20.0, "a_pp_2": 20.0, "a_pp_3": 20.0}, "datetime": {"datetime": "2024-07-12 22:25:10", "elapsed": 1760.937763, "delta": 9.688398}}
{"target": -12157.952550214784, "params": {"a_c_1": 20.0, "a_c_2": 10.0, "a_mm_0": -40.0, "a_mm_1": 20.0, "a_mm_2": 20.0, "a_mm_3": 20.0, "a_mp_0": -40.0, "a_mp_1": 20.0, "a_mp_2": -40.0, "a_mp_3": 20.0, "a_pm_0": 20.0, "a_pm_1": 20.0, "a_pm_2": -8.604119655626073, "a_pm_3": 20.0, "a_pp_1": -40.0, "a_pp_2": 20.0, "a_pp_3": 20.0}, "datetime": {"datetime": "2024-07-12 22:25:11", "elapsed": 1598.867532, "delta": 12.418773}}
{"target": -2111.573684423277, "params": {"a_c_1": 20.0, "a_c_2": 10.0, "a_mm_0": -7.754490143847668, "a_mm_1": -1.2595446819424407, "a_mm_2": -0.7343677041769661, "a_mm_3": -6.209502557930186, "a_mp_0": -22.777339604370415, "a_mp_1": -5.63977036655358, "a_mp_2": -1.9828014973887478, "a_mp_3": 0.13422218790626117, "a_pm_0": 12.301629665642377, "a_pm_1": -13.39599773330274, "a_pm_2": 7.0657892061136724, "a_pm_3": -7.33430152809715, "a_pp_1": -7.907032548631187, "a_pp_2": 10.643242934256525, "a_pp_3": 20.0}, "datetime": {"datetime": "2024-07-12 22:25:15", "elapsed": 1623.70066, "delta": 9.809794}}
{"target": -19800.299554847457, "params": {"a_c_1": 3.54794602285444, "a_c_2": 2.657012298345396, "a_mm_0": 1.7203617435931307, "a_mm_1": 12.7723649897166, "a_mm_2": 13.695634640665524, "a_mm_3": -32.97101249493382, "a_mp_0": 13.491713022936338, "a_mp_1": 15.023985578668658, "a_mp_2": -26.609266210996587, "a_mp_3": 9.082054363669364, "a_pm_0": 6.547335253013564, "a_pm_1": 3.411921407485778, "a_pm_2": 2.389262831816943, "a_pm_3": -10.770670237543879, "a_pp_1": -13.006525061164588, "a_pp_2": 2.764153467425544, "a_pp_3": 18.649498161118032}, "datetime": {"datetime": "2024-07-12 22:25:18", "elapsed": 1670.100166, "delta": 12.481024}}
{"target": -17405.51747340756, "params": {"a_c_1": 16.084415235709077, "a_c_2": 2.982180156579317, "a_mm_0": 17.39509354208598, "a_mm_1": -16.922118750572924, "a_mm_2": 15.859978500507694, "a_mm_3": 10.193290674975778, "a_mp_0": 4.616216192839161, "a_mp_1": 13.492495943963938, "a_mp_2": -12.262183076688128, "a_mp_3": -27.587358742824662, "a_pm_0": 7.630821548909353, "a_pm_1": -28.98075715426774, "a_pm_2": 4.2609592878880775, "a_pm_3": 5.196114116846935, "a_pp_1": 12.422781524307673, "a_pp_2": 9.367058956802282, "a_pp_3": 18.503324823425046}, "datetime": {"datetime": "2024-07-12 22:25:20", "elapsed": 1770.760625, "delta": 9.822862}}
{"target": -213857.12887469796, "params": {"a_c_1": 9.232965827820045, "a_c_2": 3.34786741996691, "a_mm_0": -30.758094868640036, "a_mm_1": -1.7702460223861323, "a_mm_2": -27.602766926522257, "a_mm_3": 5.219544725872225, "a_mp_0": -13.588526260645207, "a_mp_1": -1.657549788694375, "a_mp_2": -19.77945836540626, "a_mp_3": -17.028641576465194, "a_pm_0": -36.74620726342684, "a_pm_1": -3.962613784285651, "a_pm_2": -1.7311675008316385, "a_pm_3": -2.149952507093772, "a_pp_1": -29.381851652178597, "a_pp_2": -23.189617727301783, "a_pp_3": -21.51111939726328}, "datetime": {"datetime": "2024-07-12 22:25:20", "elapsed": 1607.731125, "delta": 8.863593}}
{"target": -21409.099396998634, "params": {"a_c_1": 15.999462178759195, "a_c_2": 9.472418376275535, "a_mm_0": -25.173276008343613, "a_mm_1": -29.343086885287413, "a_mm_2": -12.14391279090593, "a_mm_3": 0.3884505385283248, "a_mp_0": -31.406188396698553, "a_mp_1": -7.806708048620408, "a_mp_2": -0.09526633641561233, "a_mp_3": -32.274540623090694, "a_pm_0": -32.2324502330828, "a_pm_1": -18.26819622840678, "a_pm_2": 9.324808564322183, "a_pm_3": 18.536278760705294, "a_pp_1": 1.4431417523068646, "a_pp_2": 19.612512802923604, "a_pp_3": 17.404716071464165}, "datetime": {"datetime": "2024-07-12 22:25:21", "elapsed": 1650.68479, "delta": 12.64333}}
{"target": -132360.23980334477, "params": {"a_c_1": 3.761478097613522, "a_c_2": 1.644118019392079, "a_mm_0": -23.854257393570084, "a_mm_1": 15.543846282858112, "a_mm_2": -26.36841470649191, "a_mm_3": 17.966770865027925, "a_mp_0": -13.7612549829752, "a_mp_1": -5.543577009601734, "a_mp_2": 9.290033670281012, "a_mp_3": 18.28371625205856, "a_pm_0": -9.068319309279381, "a_pm_1": -31.610798417138014, "a_pm_2": -34.17959178588859, "a_pm_3": 1.4816352738307543, "a_pp_1": -13.29991834368867, "a_pp_2": -28.91139594212637, "a_pp_3": 15.577787425757265}, "datetime": {"datetime": "2024-07-12 22:25:24", "elapsed": 1632.871571, "delta": 9.170911}}
{"target": -107291.58602351468, "params": {"a_c_1": 20.0, "a_c_2": 10.0, "a_mm_0": -40.0, "a_mm_1": 20.0, "a_mm_2": 20.0, "a_mm_3": 20.0, "a_mp_0": 20.0, "a_mp_1": -40.0, "a_mp_2": 20.0, "a_mp_3": 20.0, "a_pm_0": -40.0, "a_pm_1": 20.0, "a_pm_2": -25.580137840913398, "a_pm_3": 20.0, "a_pp_1": 20.0, "a_pp_2": -40.0, "a_pp_3": 20.0}, "datetime": {"datetime": "2024-07-12 22:25:27", "elapsed": 1679.291569, "delta": 9.191403}}
{"target": -10517.41233180199, "params": {"a_c_1": 0.0, "a_c_2": 0.0, "a_mm_0": -9.81985420297587, "a_mm_1": 20.0, "a_mm_2": -7.976389331796856, "a_mm_3": 20.0, "a_mp_0": -24.26141472763461, "a_mp_1": -17.342700188173104, "a_mp_2": 1.4349087897271522, "a_mp_3": -19.984333464168248, "a_pm_0": -13.8113668653182, "a_pm_1": 20.0, "a_pm_2": 20.0, "a_pm_3": -6.933982602696189, "a_pp_1": -4.157704766387969, "a_pp_2": -5.8635354393257275, "a_pp_3": 20.0}, "datetime": {"datetime": "2024-07-12 22:25:32", "elapsed": 1783.041374, "delta": 12.280749}}
{"target": -28903.937793388075, "params": {"a_c_1": 0.0, "a_c_2": 10.0, "a_mm_0": 20.0, "a_mm_1": 20.0, "a_mm_2": 20.0, "a_mm_3": 20.0, "a_mp_0": 20.0, "a_mp_1": 20.0, "a_mp_2": -40.0, "a_mp_3": -25.79630016856375, "a_pm_0": 20.0, "a_pm_1": -40.0, "a_pm_2": 20.0, "a_pm_3": 20.0, "a_pp_1": -40.0, "a_pp_2": 20.0, "a_pp_3": 20.0}, "datetime": {"datetime": "2024-07-12 22:25:32", "elapsed": 1619.603098, "delta": 11.871973}}
{"target": -38796.39699628464, "params": {"a_c_1": 20.0, "a_c_2": 0.0, "a_mm_0": 20.0, "a_mm_1": 20.0, "a_mm_2": -31.8176796193774, "a_mm_3": -24.748829596962697, "a_mp_0": -40.0, "a_mp_1": -40.0, "a_mp_2": 20.0, "a_mp_3": 20.0, "a_pm_0": 20.0, "a_pm_1": 20.0, "a_pm_2": 20.0, "a_pm_3": 20.0, "a_pp_1": -40.0, "a_pp_2": 20.0, "a_pp_3": 20.0}, "datetime": {"datetime": "2024-07-12 22:25:33", "elapsed": 1663.159772, "delta": 12.474982}}
{"target": -58590.59070969146, "params": {"a_c_1": 4.0416496888525755, "a_c_2": 4.392835994249539, "a_mm_0": -34.42487629539892, "a_mm_1": 2.4576791925742256, "a_mm_2": -3.809151729827647, "a_mm_3": 0.5586372071624197, "a_mp_0": -10.096222176807942, "a_mp_1": 1.9949004299616604, "a_mp_2": -39.92884067961626, "a_mp_3": -14.615657822127993, "a_pm_0": -2.32035041807427, "a_pm_1": 5.663509002890052, "a_pm_2": -1.2537910184849466, "a_pm_3": -13.711975809948182, "a_pp_1": -26.979257992994555, "a_pp_2": 15.363363451748128, "a_pp_3": 2.1033330060280306}, "datetime": {"datetime": "2024-07-12 22:25:35", "elapsed": 1643.727052, "delta": 10.855481}}
{"target": -181391.68889284428, "params": {"a_c_1": 9.370719429049739, "a_c_2": 0.9262954088741115, "a_mm_0": 7.770730165448555, "a_mm_1": -5.559021617404589, "a_mm_2": 1.920082457830567, "a_mm_3": 13.423687637764672, "a_mp_0": 13.481296133575995, "a_mp_1": 4.463457179140121, "a_mp_2": -25.889837513088903, "a_mp_3": -33.56636050311802, "a_pm_0": -18.389542052253244, "a_pm_1": -17.212403074912572, "a_pm_2": -27.03389299725155, "a_pm_3": 11.058379968784024, "a_pp_1": -32.799608024775594, "a_pp_2": -2.975774120518629, "a_pp_3": -27.18843746467037}, "datetime": {"datetime": "2024-07-12 22:25:36", "elapsed": 1687.902326, "delta": 8.610757}}
{"target": -7693.8134548876105, "params": {"a_c_1": 20.0, "a_c_2": 10.0, "a_mm_0": -40.0, "a_mm_1": -40.0, "a_mm_2": 20.0, "a_mm_3": 20.0, "a_mp_0": -40.0, "a_mp_1": 20.0, "a_mp_2": 20.0, "a_mp_3": -24.722707698096123, "a_pm_0": -40.0, "a_pm_1": 20.0, "a_pm_2": 2.089778884447769, "a_pm_3": 20.0, "a_pp_1": 20.0, "a_pp_2": 20.0, "a_pp_3": 20.0}, "datetime": {"datetime": "2024-07-12 22:25:42", "elapsed": 1793.053969, "delta": 10.012595}}
{"target": -206698.49560737825, "params": {"a_c_1": 17.70826563960279, "a_c_2": 6.429738713356548, "a_mm_0": -18.910494080337454, "a_mm_1": -20.988858406141517, "a_mm_2": -29.48691004581066, "a_mm_3": -39.164873443126176, "a_mp_0": 12.52130115475883, "a_mp_1": -32.1615750605922, "a_mp_2": -21.16653326460425, "a_mp_3": 14.370908609639407, "a_pm_0": -9.594140297375162, "a_pm_1": 12.40178883305164, "a_pm_2": 7.600154387082718, "a_pm_3": -1.661780804409915, "a_pp_1": -5.928583176630944, "a_pp_2": -0.1573636302067385, "a_pp_3": -23.94479443192115}, "datetime": {"datetime": "2024-07-12 22:25:42", "elapsed": 1672.042794, "delta": 8.883022}}
{"target": -9732.764188367772, "params": {"a_c_1": 0.0, "a_c_2": 10.0, "a_mm_0": -40.0, "a_mm_1": 20.0, "a_mm_2": -35.603112073537105, "a_mm_3": 20.0, "a_mp_0": -40.0, "a_mp_1": 20.0, "a_mp_2": -9.490937817869426, "a_mp_3": 20.0, "a_pm_0": -40.0, "a_pm_1": -31.372680506859965, "a_pm_2": 20.0, "a_pm_3": 20.0, "a_pp_1": -21.809616504807085, "a_pp_2": 20.0, "a_pp_3": 20.0}, "datetime": {"datetime": "2024-07-12 22:25:45", "elapsed": 1632.015591, "delta": 12.412493}}
{"target": -19161.201654437788, "params": {"a_c_1": 0.0, "a_c_2": 0.0, "a_mm_0": 20.0, "a_mm_1": 20.0, "a_mm_2": 20.0, "a_mm_3": 20.0, "a_mp_0": -40.0, "a_mp_1": -40.0, "a_mp_2": -40.0, "a_mp_3": 20.0, "a_pm_0": 20.0, "a_pm_1": 20.0, "a_pm_2": 20.0, "a_pm_3": 20.0, "a_pp_1": 20.0, "a_pp_2": 17.32358619879261, "a_pp_3": 7.0905823094992835}, "datetime": {"datetime": "2024-07-12 22:25:46", "elapsed": 1654.651865, "delta": 10.924813}}
{"target": -22091.532113120466, "params": {"a_c_1": 20.0, "a_c_2": 10.0, "a_mm_0": -40.0, "a_mm_1": 20.0, "a_mm_2": -39.03989452854829, "a_mm_3": 20.0, "a_mp_0": 20.0, "a_mp_1": -18.541742240308263, "a_mp_2": 20.0, "a_mp_3": 20.0, "a_pm_0": -40.0, "a_pm_1": -40.0, "a_pm_2": 20.0, "a_pm_3": 20.0, "a_pp_1": -40.0, "a_pp_2": 20.0, "a_pp_3": 20.0}, "datetime": {"datetime": "2024-07-12 22:25:48", "elapsed": 1700.20646, "delta": 12.304134}}
{"target": -12565.278856241404, "params": {"a_c_1": 20.0, "a_c_2": 0.0, "a_mm_0": -3.100537054689135, "a_mm_1": 0.5933418395672645, "a_mm_2": 20.0, "a_mm_3": 20.0, "a_mp_0": 20.0, "a_mp_1": -40.0, "a_mp_2": 20.0, "a_mp_3": 20.0, "a_pm_0": 20.0, "a_pm_1": 20.0, "a_pm_2": 20.0, "a_pm_3": 19.823637440584086, "a_pp_1": 20.0, "a_pp_2": 20.0, "a_pp_3": -19.721911505510736}, "datetime": {"datetime": "2024-07-12 22:25:51", "elapsed": 1802.478286, "delta": 9.424317}}
{"target": -326145.07834152033, "params": {"a_c_1": 1.9898345395002037, "a_c_2": 2.938534077905465, "a_mm_0": -35.6869228364034, "a_mm_1": -24.401620893414666, "a_mm_2": 9.629998841249204, "a_mm_3": -24.43504774008155, "a_mp_0": -31.240140052634366, "a_mp_1": -9.431833796989388, "a_mp_2": -7.76887009903016, "a_mp_3": -21.87158255413724, "a_pm_0": -31.64309232307534, "a_pm_1": -28.446364196338898, "a_pm_2": -34.63397459295005, "a_pm_3": -28.49341936259599, "a_pp_1": 14.183692399256003, "a_pp_2": 12.53204502201477, "a_pp_3": -17.84887669856546}, "datetime": {"datetime": "2024-07-12 22:25:52", "elapsed": 1639.740311, "delta": 7.72472}}
{"target": -214668.6509673758, "params": {"a_c_1": 18.80579622089356, "a_c_2": 6.994569287065002, "a_mm_0": -24.572278861731995, "a_mm_1": -6.336952089101345, "a_mm_2": 1.7073669781787117, "a_mm_3": -15.828096155328211, "a_mp_0": 0.6863351589664504, "a_mp_1": -1.401429161841591, "a_mp_2": -25.15797144161383, "a_mp_3": -25.939568193190308, "a_pm_0": -24.39339776620521, "a_pm_1": 9.52942580010015, "a_pm_2": -39.57754690986755, "a_pm_3": -37.822054007799025, "a_pp_1": -28.46373819805012, "a_pp_2": -0.6861850243564689, "a_pp_3": 4.864332059985337}, "datetime": {"datetime": "2024-07-12 22:25:55", "elapsed": 1684.681778, "delta": 12.638984}}
{"target": -14150.211964333404, "params": {"a_c_1": 0.0, "a_c_2": 10.0, "a_mm_0": -34.98945790233432, "a_mm_1": 20.0, "a_mm_2": 20.0, "a_mm_3": 20.0, "a_mp_0": -40.0, "a_mp_1": -40.0, "a_mp_2": -29.971794817562934, "a_mp_3": 20.0, "a_pm_0": -30.366039307106234, "a_pm_1": -33.22550170522924, "a_pm_2": 20.0, "a_pm_3": 20.0, "a_pp_1": 20.0, "a_pp_2": 20.0, "a_pp_3": -4.45745485936273}, "datetime": {"datetime": "2024-07-12 22:25:56", "elapsed": 1665.018268, "delta": 10.366403}}
{"target": -138231.12983028183, "params": {"a_c_1": 5.309452878167646, "a_c_2": 8.386130435345343, "a_mm_0": 16.24786935644407, "a_mm_1": -22.795982329861783, "a_mm_2": -5.691924078985288, "a_mm_3": -21.874631979888758, "a_mp_0": -25.0147602381213, "a_mp_1": -3.0514175018583245, "a_mp_2": -7.178706800284424, "a_mp_3": -21.682589947339093, "a_pm_0": -6.336045472688902, "a_pm_1": -16.79115272583787, "a_pm_2": 14.142496926000348, "a_pm_3": -36.176950177112964, "a_pp_1": -17.37350415282815, "a_pp_2": 16.253879945026597, "a_pp_3": 9.046705028854788}, "datetime": {"datetime": "2024-07-12 22:25:56", "elapsed": 1708.613641, "delta": 8.407181}}
