{"target": -288670.24289921805, "params": {"a_c_1": 2.1482425341500355, "a_c_2": 5.799523590738776, "a_mm_0": 2.61409384122841, "a_mm_1": -11.937422126389382, "a_mm_2": -21.01268946859679, "a_mm_3": -34.75535097567168, "a_mp_0": -22.5499250814142, "a_mp_1": 0.694163481521116, "a_mp_2": 0.8359694657536352, "a_mp_3": -13.99289280849991, "a_pm_0": -19.704784064307276, "a_pm_1": -30.929950513989397, "a_pm_2": -32.88531527480178, "a_pm_3": -8.185429408591297, "a_pp_1": -10.923939564586991, "a_pp_2": -38.296244497500666, "a_pp_3": 12.90592002152907}, "datetime": {"datetime": "2024-07-12 22:20:13", "elapsed": 1342.851315, "delta": 9.484927}}
{"target": -170157.72102699042, "params": {"a_c_1": 7.235178531370066, "a_c_2": 6.2157619349562925, "a_mm_0": -35.85225070772085, "a_mm_1": 4.211510627382815, "a_mm_2": -24.39312332442444, "a_mm_3": -31.71726438676119, "a_mp_0": 11.89731155169725, "a_mp_1": 8.363569367127717, "a_mp_2": 6.940930329568452, "a_mp_3": -19.728945486479436, "a_pm_0": -7.939080943028955, "a_pm_1": -5.939703336941264, "a_pm_2": -21.083037834214792, "a_pm_3": -36.95476338009063, "a_pp_1": 8.450533246848536, "a_pp_2": 14.85251615604853, "a_pp_3": 11.93735734862127}, "datetime": {"datetime": "2024-07-12 22:20:17", "elapsed": 1468.368282, "delta": 10.163333}}
{"target": -11036.06526984195, "params": {"a_c_1": 20.0, "a_c_2": 10.0, "a_mm_0": -40.0, "a_mm_1": -26.51784195741764, "a_mm_2": 20.0, "a_mm_3": 20.0, "a_mp_0": -40.0, "a_mp_1": 20.0, "a_mp_2": 20.0, "a_mp_3": 2.728852652549299, "a_pm_0": 20.0, "a_pm_1": -40.0, "a_pm_2": 20.0, "a_pm_3": 20.0, "a_pp_1": -40.0, "a_pp_2": 20.0, "a_pp_3": 20.0}, "datetime": {"datetime": "2024-07-12 22:20:17", "elapsed": 1304.943893, "delta": 10.919772}}
{"target": -5515.097205106885, "params": {"a_c_1": 0.0, "a_c_2": 10.0, "a_mm_0": 20.0, "a_mm_1": 20.0, "a_mm_2": 4.823449914333178, "a_mm_3": 20.0, "a_mp_0": -40.0, "a_mp_1": -8.670839311946102, "a_mp_2": 20.0, "a_mp_3": -17.785465378577186, "a_pm_0": -18.658891819006087, "a_pm_1": -40.0, "a_pm_2": -26.370982416073847, "a_pm_3": 20.0, "a_pp_1": 20.0, "a_pp_2": 18.762484495822314, "a_pp_3": 20.0}, "datetime": {"datetime": "2024-07-12 22:20:18", "elapsed": 1327.086211, "delta": 14.313087}}
{"target": -34406.75220141925, "params": {"a_c_1": 2.58548753163798, "a_c_2": 4.844668907428238, "a_mm_0": -2.8333500887456466, "a_mm_1": -6.103869610984702, "a_mm_2": 15.026333084894496, "a_mm_3": 13.523767227500237, "a_mp_0": 14.643652192698127, "a_mp_1": 3.804614708732231, "a_mp_2": -26.97133595212684, "a_mp_3": -18.711597404225447, "a_pm_0": -24.47937209062198, "a_pm_1": 14.290771753308775, "a_pm_2": 6.832546657641615, "a_pm_3": -30.75212300642304, "a_pp_1": -16.360501067597145, "a_pp_2": 10.585831563972498, "a_pp_3": 3.9697818551939292}, "datetime": {"datetime": "2024-07-12 22:20:25", "elapsed": 1377.106747, "delta": 11.984909}}
{"target": -17225.393306486196, "params": {"a_c_1": 0.0, "a_c_2": 10.0, "a_mm_0": 20.0, "a_mm_1": -40.0, "a_mm_2": -8.368698080318302, "a_mm_3": 20.0, "a_mp_0": 20.0, "a_mp_1": -4.787531911300406, "a_mp_2": 20.0, "a_mp_3": 20.0, "a_pm_0": 20.0, "a_pm_1": -36.799685444092184, "a_pm_2": 20.0, "a_pm_3": -35.39366208117504, "a_pp_1": 20.0, "a_pp_2": 20.0, "a_pp_3": 20.0}, "datetime": {"datetime": "2024-07-12 22:20:27", "elapsed": 1356.301299, "delta": 13.449984}}
{"target": -137008.75458394727, "params": {"a_c_1": 7.910884725287726, "a_c_2": 5.390365695573433, "a_mm_0": 3.4435600702529783, "a_mm_1": -22.91955128499455, "a_mm_2": -34.923179452518376, "a_mm_3": -14.512767976240983, "a_mp_0": -36.927994744388556, "a_mp_1": -14.993035667288524, "a_mp_2": -20.938195295629797, "a_mp_3": -10.964571697174247, "a_pm_0": 4.659185884528824, "a_pm_1": -0.4864118339337722, "a_pm_2": 8.099273298271243, "a_pm_3": -16.445084379251774, "a_pp_1": -10.057478851109078, "a_pp_2": 5.853889779967318, "a_pp_3": -7.330870937570751}, "datetime": {"datetime": "2024-07-12 22:20:28", "elapsed": 1336.290919, "delta": 9.204708}}
{"target": -271915.9266203558, "params": {"a_c_1": 16.451276678227284, "a_c_2": 5.912983502972501, "a_mm_0": 19.290057935112692, "a_mm_1": -37.51225784517593, "a_mm_2": 11.795788851736532, "a_mm_3": -11.223163080334029, "a_mp_0": -36.41527622815394, "a_mp_1": 18.41363381306011, "a_mp_2": -27.477351586175693, "a_mp_3": -11.31521942353806, "a_pm_0": -14.310288430096719, "a_pm_1": -18.493242706697504, "a_pm_2": -36.94974002830626, "a_pm_3": -35.38429119556167, "a_pp_1": 6.363925847930844, "a_pp_2": 1.2914551867834803, "a_pp_3": -37.15586131128205}, "datetime": {"datetime": "2024-07-12 22:20:30", "elapsed": 1480.717547, "delta": 12.349265}}
{"target": -9484.057051955815, "params": {"a_c_1": 20.0, "a_c_2": 10.0, "a_mm_0": 20.0, "a_mm_1": 20.0, "a_mm_2": -26.17377078762445, "a_mm_3": -8.460751575179753, "a_mp_0": 20.0, "a_mp_1": 20.0, "a_mp_2": -9.523615102918924, "a_mp_3": 20.0, "a_pm_0": -40.0, "a_pm_1": -18.70211920723064, "a_pm_2": 12.674607542649941, "a_pm_3": 20.0, "a_pp_1": -40.0, "a_pp_2": 20.0, "a_pp_3": 20.0}, "datetime": {"datetime": "2024-07-12 22:20:31", "elapsed": 1318.60252, "delta": 13.658627}}
{"target": -320218.9817756153, "params": {"a_c_1": 10.160451636127245, "a_c_2": 7.37559596482491, "a_mm_0": -20.29982466019074, "a_mm_1": -0.7040764483659672, "a_mm_2": -10.774007568310893, "a_mm_3": -11.270503302621172, "a_mp_0": 7.191992254636119, "a_mp_1": -23.018161393407695, "a_mp_2": -11.625377146233731, "a_mp_3": -4.7393132458829825, "a_pm_0": -5.381530796381199, "a_pm_1": -39.863252799906135, "a_pm_2": -8.443681854037951, "a_pm_3": -31.963488364784858, "a_pp_1": 3.77719991449473, "a_pp_2": -33.24298759892622, "a_pp_3": -37.10022689533529}, "datetime": {"datetime": "2024-07-12 22:20:34", "elapsed": 1386.159715, "delta": 9.052968}}
{"target": -453494.0822778809, "params": {"a_c_1": 0.16865034178709548, "a_c_2": 6.057376261088296, "a_mm_0": -32.73030935782446, "a_mm_1": -37.83534416168577, "a_mm_2": -12.300530400722444, "a_mm_3": -39.4469032842431, "a_mp_0": -38.20236272571449, "a_mp_1": -39.27591754458618, "a_mp_2": -1.116090859502222, "a_mp_3": -14.033871788381653, "a_pm_0": -32.75879939226168, "a_pm_1": -14.613812692739096, "a_pm_2": -25.19231242456202, "a_pm_3": -8.798327508976872, "a_pp_1": 1.6740054186433966, "a_pp_2": -15.589085366650657, "a_pp_3": -38.87341491693696}, "datetime": {"datetime": "2024-07-12 22:20:36", "elapsed": 1345.008721, "delta": 8.717802}}
{"target": -34884.9551220717, "params": {"a_c_1": 18.424684322237198, "a_c_2": 9.385399894389245, "a_mm_0": 12.518723037974802, "a_mm_1": -26.691877049946143, "a_mm_2": 2.969401908483242, "a_mm_3": -5.744878305376147, "a_mp_0": -20.036218213781904, "a_mp_1": 12.264387166181017, "a_mp_2": 0.6652810987828133, "a_mp_3": -6.996040348884733, "a_pm_0": -27.944431440402994, "a_pm_1": 16.40232444486046, "a_pm_2": -6.542703614669151, "a_pm_3": -37.67087912812804, "a_pp_1": 12.09924161547, "a_pp_2": -3.86538992386798, "a_pp_3": 15.45441262297878}, "datetime": {"datetime": "2024-07-12 22:20:38", "elapsed": 1368.229143, "delta": 11.927844}}
{"target": -63121.28737154533, "params": {"a_c_1": 0.0, "a_c_2": 0.0, "a_mm_0": 20.0, "a_mm_1": -40.0, "a_mm_2": 20.0, "a_mm_3": 20.0, "a_mp_0": -36.9856270755585, "a_mp_1": -40.0, "a_mp_2": 15.967062164285064, "a_mp_3": 20.0, "a_pm_0": -40.0, "a_pm_1": -40.0, "a_pm_2": 20.0, "a_pm_3": 20.0, "a_pp_1": -40.0, "a_pp_2": 12.556526129066588, "a_pp_3": 20.0}, "datetime": {"datetime": "2024-07-12 22:20:41", "elapsed": 1492.003726, "delta": 11.286179}}
{"target": -19702.297698320137, "params": {"a_c_1": 20.0, "a_c_2": 10.0, "a_mm_0": -40.0, "a_mm_1": 20.0, "a_mm_2": 20.0, "a_mm_3": -14.231577834213663, "a_mp_0": 7.512910515595046, "a_mp_1": -40.0, "a_mp_2": -34.36003257779984, "a_mp_3": -4.511949224849631, "a_pm_0": 20.0, "a_pm_1": 20.0, "a_pm_2": 20.0, "a_pm_3": 20.0, "a_pp_1": -18.503199199294087, "a_pp_2": 20.0, "a_pp_3": 20.0}, "datetime": {"datetime": "2024-07-12 22:20:43", "elapsed": 1330.814594, "delta": 12.212074}}
{"target": -125266.63655463704, "params": {"a_c_1": 4.989809821064841, "a_c_2": 0.11820376076874806, "a_mm_0": 11.729710726651113, "a_mm_1": -3.0346480168291663, "a_mm_2": -6.3443793278051785, "a_mm_3": -7.263075180557593, "a_mp_0": -8.482675449652717, "a_mp_1": 7.237161187026075, "a_mp_2": -13.875467181179467, "a_mp_3": -13.54374329309653, "a_pm_0": -9.939941382657107, "a_pm_1": 4.638054335465242, "a_pm_2": 11.251763103991536, "a_pm_3": -12.185102719340758, "a_pp_1": -13.778191325427112, "a_pp_2": 16.554002968366966, "a_pp_3": -32.457221950574215}, "datetime": {"datetime": "2024-07-12 22:20:45", "elapsed": 1353.141202, "delta": 8.132481}}
{"target": -24307.62861745722, "params": {"a_c_1": 20.0, "a_c_2": 0.0, "a_mm_0": -40.0, "a_mm_1": 20.0, "a_mm_2": 20.0, "a_mm_3": 20.0, "a_mp_0": 20.0, "a_mp_1": 4.3079703412786206, "a_mp_2": -40.0, "a_mp_3": 20.0, "a_pm_0": 20.0, "a_pm_1": 20.0, "a_pm_2": -20.858905557831243, "a_pm_3": -22.985697656496153, "a_pp_1": 20.0, "a_pp_2": 20.0, "a_pp_3": 20.0}, "datetime": {"datetime": "2024-07-12 22:20:45", "elapsed": 1397.506624, "delta": 11.346909}}
{"target": -75377.61109126765, "params": {"a_c_1": 11.936819252018658, "a_c_2": 0.8712056864943463, "a_mm_0": -14.287061663476006, "a_mm_1": -18.354975082242223, "a_mm_2": -1.094627144224816, "a_mm_3": -19.083725862315866, "a_mp_0": -9.2062519376679, "a_mp_1": -25.193890723059855, "a_mp_2": -15.217079555603476, "a_mp_3": 12.542569413866751, "a_pm_0": -3.837833853761069, "a_pm_1": 18.386571995935114, "a_pm_2": -1.8161465801475174, "a_pm_3": -29.696153338964137, "a_pp_1": 18.226797939264678, "a_pp_2": 10.583224719279926, "a_pp_3": -9.721584732113179}, "datetime": {"datetime": "2024-07-12 22:20:48", "elapsed": 1377.69144, "delta": 9.462297}}
{"target": -9479.443592353617, "params": {"a_c_1": 0.0, "a_c_2": 10.0, "a_mm_0": 20.0, "a_mm_1": -20.40515359086221, "a_mm_2": 20.0, "a_mm_3": 3.598521758149479, "a_mp_0": -12.35001058974349, "a_mp_1": -22.883204233510142, "a_mp_2": -9.232910604237777, "a_mp_3": 20.0, "a_pm_0": -3.0362354289453957, "a_pm_1": -8.127020581767077, "a_pm_2": 20.0, "a_pm_3": 11.066160352388085, "a_pp_1": 9.645307523379811, "a_pp_2": -11.28276548078765, "a_pp_3": 20.0}, "datetime": {"datetime": "2024-07-12 22:20:52", "elapsed": 1502.881962, "delta": 10.878236}}
{"target": -202963.4044849159, "params": {"a_c_1": 8.448344280808058, "a_c_2": 2.3422679167705365, "a_mm_0": -10.155320394711879, "a_mm_1": -35.41730114373772, "a_mm_2": 16.70404438242882, "a_mm_3": -3.8408326830500314, "a_mp_0": 10.67541545324299, "a_mp_1": 15.834824884806928, "a_mp_2": -26.388192412508214, "a_mp_3": -0.0970200129572163, "a_pm_0": -3.2526866816754563, "a_pm_1": 19.624562503232404, "a_pm_2": -33.653471333592705, "a_pm_3": -34.55371710150495, "a_pp_1": -24.76993512976253, "a_pp_2": -25.44260906277063, "a_pp_3": -6.250276492500333}, "datetime": {"datetime": "2024-07-12 22:20:52", "elapsed": 1339.884941, "delta": 9.070347}}
{"target": -81325.2950951812, "params": {"a_c_1": 17.315288060636277, "a_c_2": 7.300821256044026, "a_mm_0": 19.42752759707352, "a_mm_1": -30.2723368159967, "a_mm_2": -11.14369710970539, "a_mm_3": -38.35276090745799, "a_mp_0": -23.5880124057867, "a_mp_1": 16.02923407892068, "a_mp_2": -4.454046323913076, "a_mp_3": -9.746985800275585, "a_pm_0": -2.703841186284315, "a_pm_1": 5.757817134300353, "a_pm_2": 9.375712497393813, "a_pm_3": -16.43291933555195, "a_pp_1": -5.829195420862618, "a_pp_2": 4.341074728669142, "a_pp_3": 9.182762897847319}, "datetime": {"datetime": "2024-07-12 22:20:54", "elapsed": 1406.527146, "delta": 9.020522}}
{"target": -25596.652034923827, "params": {"a_c_1": 20.0, "a_c_2": 0.0, "a_mm_0": -9.480767802777224, "a_mm_1": 20.0, "a_mm_2": -28.421276897734455, "a_mm_3": -17.306629905473752, "a_mp_0": -40.0, "a_mp_1": -40.0, "a_mp_2": -8.589408372789514, "a_mp_3": 20.0, "a_pm_0": 20.0, "a_pm_1": -10.462403398697482, "a_pm_2": 20.0, "a_pm_3": 1.430235560997236, "a_pp_1": 20.0, "a_pp_2": 20.0, "a_pp_3": 20.0}, "datetime": {"datetime": "2024-07-12 22:20:56", "elapsed": 1364.214709, "delta": 11.073507}}
{"target": -41988.68955277405, "params": {"a_c_1": 6.411054686569764, "a_c_2": 3.655749180048171, "a_mm_0": 3.71304977505325, "a_mm_1": -3.726919482490892, "a_mm_2": -0.8217671281009231, "a_mm_3": -13.592231072537821, "a_mp_0": -25.034117313034564, "a_mp_1": -37.64792146095905, "a_mp_2": 9.623143031240438, "a_mp_3": -8.714102818302699, "a_pm_0": -30.025505346635523, "a_pm_1": 9.442689885825445, "a_pm_2": -12.875159359908452, "a_pm_3": 19.669955866397224, "a_pp_1": -37.91824899804281, "a_pp_2": 14.587613740573786, "a_pp_3": -6.119267692669958}, "datetime": {"datetime": "2024-07-12 22:20:58", "elapsed": 1387.442135, "delta": 9.750695}}
{"target": -110808.36815059265, "params": {"a_c_1": 1.6805289174203675, "a_c_2": 9.409261602023419, "a_mm_0": 4.287203452974325, "a_mm_1": -36.32382613957992, "a_mm_2": 4.463104504135963, "a_mm_3": 12.697592476348177, "a_mp_0": 2.8692544585085997, "a_mp_1": -13.798223312612457, "a_mp_2": -32.11892910730736, "a_mp_3": 0.24193998258930094, "a_pm_0": -16.362792323123156, "a_pm_1": -38.09948356182636, "a_pm_2": 19.87142198072754, "a_pm_3": 2.164048658380729, "a_pp_1": -34.584954900027284, "a_pp_2": -2.6800069138590032, "a_pp_3": 7.4224852905454455}, "datetime": {"datetime": "2024-07-12 22:21:03", "elapsed": 1350.010607, "delta": 10.125666}}
{"target": -40162.245668352705, "params": {"a_c_1": 17.367309233439805, "a_c_2": 6.883861086943293, "a_mm_0": -16.96613190910088, "a_mm_1": 3.594341232015502, "a_mm_2": 14.419968537601271, "a_mm_3": -34.49924727600242, "a_mp_0": -18.6335615128259, "a_mp_1": 11.373714623239202, "a_mp_2": -0.6695658341961632, "a_mp_3": -1.9086015388373312, "a_pm_0": 4.676502887562037, "a_pm_1": -34.06487451290308, "a_pm_2": -5.6648166928614785, "a_pm_3": -20.161618905536574, "a_pp_1": -34.99655625265013, "a_pp_2": 7.449225517605292, "a_pp_3": 19.174000889207278}, "datetime": {"datetime": "2024-07-12 22:21:06", "elapsed": 1374.676058, "delta": 10.461349}}
{"target": -3166.7360802498965, "params": {"a_c_1": 0.0, "a_c_2": 10.0, "a_mm_0": -40.0, "a_mm_1": 20.0, "a_mm_2": -24.40221378801298, "a_mm_3": 18.617552801625095, "a_mp_0": 20.0, "a_mp_1": -40.0, "a_mp_2": 20.0, "a_mp_3": 20.0, "a_pm_0": -40.0, "a_pm_1": 20.0, "a_pm_2": 8.038374436580886, "a_pm_3": 6.565920830608389, "a_pp_1": 20.0, "a_pp_2": 20.0, "a_pp_3": 20.0}, "datetime": {"datetime": "2024-07-12 22:21:07", "elapsed": 1517.798611, "delta": 14.916649}}
{"target": -37605.30830405934, "params": {"a_c_1": 20.0, "a_c_2": 10.0, "a_mm_0": -40.0, "a_mm_1": 20.0, "a_mm_2": 0.5508388265678259, "a_mm_3": 20.0, "a_mp_0": 20.0, "a_mp_1": -40.0, "a_mp_2": 20.0, "a_mp_3": -40.0, "a_pm_0": 20.0, "a_pm_1": 6.700798762733643, "a_pm_2": -40.0, "a_pm_3": 20.0, "a_pp_1": 20.0, "a_pp_2": 20.0, "a_pp_3": 20.0}, "datetime": {"datetime": "2024-07-12 22:21:07", "elapsed": 1419.166087, "delta": 12.638941}}
{"target": -21843.320795599066, "params": {"a_c_1": 0.0, "a_c_2": 10.0, "a_mm_0": 20.0, "a_mm_1": -40.0, "a_mm_2": -17.037213901073194, "a_mm_3": 20.0, "a_mp_0": -40.0, "a_mp_1": 20.0, "a_mp_2": 20.0, "a_mp_3": 20.0, "a_pm_0": -9.116921834171222, "a_pm_1": 20.0, "a_pm_2": -8.128942945382283, "a_pm_3": -37.47402987429412, "a_pp_1": 20.0, "a_pp_2": 20.0, "a_pp_3": 20.0}, "datetime": {"datetime": "2024-07-12 22:21:08", "elapsed": 1397.732677, "delta": 10.290542}}
{"target": -148051.19410612035, "params": {"a_c_1": 17.282121994422678, "a_c_2": 4.010586060601974, "a_mm_0": -38.38658599367511, "a_mm_1": -2.5815262714367933, "a_mm_2": -28.909690463409603, "a_mm_3": -14.076448527236984, "a_mp_0": 6.34758386980284, "a_mp_1": -7.891441511887351, "a_mp_2": -18.85932110831439, "a_mp_3": 19.18231440374167, "a_pm_0": -16.46076511642721, "a_pm_1": -13.97574828751494, "a_pm_2": -3.119465231545149, "a_pm_3": 17.16639664876974, "a_pp_1": -24.80808857725885, "a_pp_2": -7.723561644296531, "a_pp_3": -13.52849696056412}, "datetime": {"datetime": "2024-07-12 22:21:12", "elapsed": 1359.885988, "delta": 9.875381}}
{"target": -7616.25356974795, "params": {"a_c_1": 0.0, "a_c_2": 10.0, "a_mm_0": -6.7197874624082585, "a_mm_1": 20.0, "a_mm_2": 6.595464947683061, "a_mm_3": 20.0, "a_mp_0": 20.0, "a_mp_1": -40.0, "a_mp_2": 11.47065674498503, "a_mp_3": -11.181858929976274, "a_pm_0": -40.0, "a_pm_1": 20.0, "a_pm_2": 20.0, "a_pm_3": 20.0, "a_pp_1": -40.0, "a_pp_2": 20.0, "a_pp_3": 20.0}, "datetime": {"datetime": "2024-07-12 22:21:16", "elapsed": 1527.460128, "delta": 9.661517}}
{"target": -4789.179098843983, "params": {"a_c_1": 0.0, "a_c_2": 10.0, "a_mm_0": 20.0, "a_mm_1": 20.0, "a_mm_2": -8.81659636823944, "a_mm_3": 20.0, "a_mp_0": -40.0, "a_mp_1": 20.0, "a_mp_2": 20.0, "a_mp_3": -2.8690929191980206, "a_pm_0": 20.0, "a_pm_1": -15.156699146589323, "a_pm_2": -19.65306869490289, "a_pm_3": 20.0, "a_pp_1": -40.0, "a_pp_2": 20.0, "a_pp_3": 20.0}, "datetime": {"datetime": "2024-07-12 22:21:18", "elapsed": 1386.157821, "delta": 11.481763}}
{"target": -12037.068658671387, "params": {"a_c_1": 20.0, "a_c_2": 10.0, "a_mm_0": 15.451035141382757, "a_mm_1": -40.0, "a_mm_2": 20.0, "a_mm_3": 20.0, "a_mp_0": -14.943902945378134, "a_mp_1": 20.0, "a_mp_2": -40.0, "a_mp_3": 20.0, "a_pm_0": -40.0, "a_pm_1": 20.0, "a_pm_2": 20.0, "a_pm_3": 20.0, "a_pp_1": 20.0, "a_pp_2": 20.0, "a_pp_3": 1.969095587385141}, "datetime": {"datetime": "2024-07-12 22:21:18", "elapsed": 1429.720124, "delta": 10.554037}}
{"target": -24892.900506343893, "params": {"a_c_1": 0.0, "a_c_2": 10.0, "a_mm_0": -40.0, "a_mm_1": -27.212915082846838, "a_mm_2": 20.0, "a_mm_3": 20.0, "a_mp_0": -21.018702397616188, "a_mp_1": 9.406466063297364, "a_mp_2": 20.0, "a_mp_3": 20.0, "a_pm_0": -40.0, "a_pm_1": 20.0, "a_pm_2": -30.285691603273552, "a_pm_3": -39.3884490884269, "a_pp_1": 20.0, "a_pp_2": 20.0, "a_pp_3": 20.0}, "datetime": {"datetime": "2024-07-12 22:21:18", "elapsed": 1408.120084, "delta": 10.387407}}
{"target": -226470.72693911588, "params": {"a_c_1": 8.935258131858069, "a_c_2": 8.982604201503513, "a_mm_0": 3.5799717503234376, "a_mm_1": -9.552063287222246, "a_mm_2": 3.0774751310732427, "a_mm_3": -14.97728142132065, "a_mp_0": 0.09926501826415546, "a_mp_1": -19.202185465091777, "a_mp_2": -34.2750269019721, "a_mp_3": -3.617472992273015, "a_pm_0": 8.154725962569948, "a_pm_1": -38.16214492155728, "a_pm_2": -30.618276665929407, "a_pm_3": 13.029907766912352, "a_pp_1": -15.625078577725866, "a_pp_2": -4.041956419911017, "a_pp_3": -20.970700391155745}, "datetime": {"datetime": "2024-07-12 22:21:22", "elapsed": 1369.877709, "delta": 9.991721}}
{"target": -122842.35987830636, "params": {"a_c_1": 12.44525952494584, "a_c_2": 9.888475198721578, "a_mm_0": -24.819956828712275, "a_mm_1": 13.701620688411516, "a_mm_2": -6.008902637018046, "a_mm_3": -13.050960629627014, "a_mp_0": -24.34072792760043, "a_mp_1": -37.764617085514054, "a_mp_2": -4.239815905133909, "a_mp_3": 5.5759926781252105, "a_pm_0": 9.574202319932112, "a_pm_1": -31.574745001895657, "a_pm_2": 1.4608646395359344, "a_pm_3": -5.967152216477643, "a_pp_1": -30.17644523780335, "a_pp_2": -15.800267211891267, "a_pp_3": -1.378942855967658}, "datetime": {"datetime": "2024-07-12 22:21:25", "elapsed": 1437.624124, "delta": 7.904}}
{"target": -18633.306004812715, "params": {"a_c_1": 0.0, "a_c_2": 10.0, "a_mm_0": 20.0, "a_mm_1": 20.0, "a_mm_2": -1.409390478705439, "a_mm_3": 20.0, "a_mp_0": 20.0, "a_mp_1": 0.8923154067666832, "a_mp_2": 20.0, "a_mp_3": 20.0, "a_pm_0": -40.0, "a_pm_1": -40.0, "a_pm_2": 10.186909544759805, "a_pm_3": 20.0, "a_pp_1": 20.0, "a_pp_2": -2.2022087907149523, "a_pp_3": -17.10290247668989}, "datetime": {"datetime": "2024-07-12 22:21:28", "elapsed": 1396.445031, "delta": 10.28721}}
{"target": -30283.546838116763, "params": {"a_c_1": 20.0, "a_c_2": 10.0, "a_mm_0": -40.0, "a_mm_1": -40.0, "a_mm_2": 20.0, "a_mm_3": 20.0, "a_mp_0": 20.0, "a_mp_1": 14.325112681945612, "a_mp_2": 20.0, "a_mp_3": -4.53860328980428, "a_pm_0": 20.0, "a_pm_1": -14.269637992028212, "a_pm_2": 20.0, "a_pm_3": -19.410539611018727, "a_pp_1": 20.0, "a_pp_2": -20.62583147016915, "a_pp_3": 20.0}, "datetime": {"datetime": "2024-07-12 22:21:29", "elapsed": 1418.502854, "delta": 10.38277}}
{"target": -13433.977870168696, "params": {"a_c_1": 0.0, "a_c_2": 10.0, "a_mm_0": 20.0, "a_mm_1": 20.0, "a_mm_2": -40.0, "a_mm_3": -26.493919439052274, "a_mp_0": 4.791221154495398, "a_mp_1": -40.0, "a_mp_2": 20.0, "a_mp_3": 20.0, "a_pm_0": 20.0, "a_pm_1": 20.0, "a_pm_2": 10.569114932080426, "a_pm_3": 20.0, "a_pp_1": 20.0, "a_pp_2": 20.0, "a_pp_3": 20.0}, "datetime": {"datetime": "2024-07-12 22:21:32", "elapsed": 1542.671696, "delta": 15.211568}}
{"target": -6305.602171567059, "params": {"a_c_1": 20.0, "a_c_2": 10.0, "a_mm_0": -40.0, "a_mm_1": -2.4093949602187656, "a_mm_2": 20.0, "a_mm_3": -19.70060063109479, "a_mp_0": -8.391331885672558, "a_mp_1": 20.0, "a_mp_2": 20.0, "a_mp_3": 20.0, "a_pm_0": 20.0, "a_pm_1": 3.304726527510041, "a_pm_2": -19.74197327401199, "a_pm_3": 20.0, "a_pp_1": -40.0, "a_pp_2": 20.0, "a_pp_3": 20.0}, "datetime": {"datetime": "2024-07-12 22:21:35", "elapsed": 1381.986809, "delta": 12.1091}}
{"target": -14106.496715146883, "params": {"a_c_1": 20.0, "a_c_2": 10.0, "a_mm_0": 4.237737019332269, "a_mm_1": 20.0, "a_mm_2": 2.552122300930403, "a_mm_3": 20.0, "a_mp_0": 20.0, "a_mp_1": -40.0, "a_mp_2": 20.0, "a_mp_3": 20.0, "a_pm_0": 20.0, "a_pm_1": -4.6335022160549055, "a_pm_2": -3.114850212539621, "a_pm_3": -2.2422980390834852, "a_pp_1": 0.5848875931623305, "a_pp_2": 0.9957780097692344, "a_pp_3": -18.439329419609127}, "datetime": {"datetime": "2024-07-12 22:21:37", "elapsed": 1448.7564, "delta": 11.132276}}
