{"target": -22335.193138335413, "params": {"a_c_1": 8.868105948622514, "a_c_2": 8.829326829637345, "a_mm_0": -5.220599321967761, "a_mm_1": 14.035616356746488, "a_mm_2": 12.82000114109799, "a_mm_3": 8.849990529056868, "a_mp_0": 13.036127847108972, "a_mp_1": -9.226863222397927, "a_mp_2": -29.871307172654873, "a_mp_3": 6.768890834426109, "a_pm_0": 19.54187881543828, "a_pm_1": -0.26248757310972337, "a_pm_2": -25.17133575245895, "a_pm_3": 15.687452070773595, "a_pp_1": 15.42298314841645, "a_pp_2": 15.445313208500629, "a_pp_3": -0.22104455180644322}, "datetime": {"datetime": "2024-07-12 22:05:50", "elapsed": 480.096612, "delta": 10.114307}}
{"target": -273507.7261492785, "params": {"a_c_1": 17.40849713646132, "a_c_2": 7.013802946333463, "a_mm_0": -3.7043876215430984, "a_mm_1": 3.9424939507598324, "a_mm_2": -24.793657450013153, "a_mm_3": -3.970662683527337, "a_mp_0": 8.877150875699321, "a_mp_1": -36.75318038056, "a_mp_2": -32.16935971964404, "a_mp_3": 10.54674859738482, "a_pm_0": -2.899247840326872, "a_pm_1": -8.12273137113652, "a_pm_2": -25.102556260174083, "a_pm_3": -22.29528548503025, "a_pp_1": 12.36116989516772, "a_pp_2": -14.700043909017445, "a_pp_3": -36.13418466522359}, "datetime": {"datetime": "2024-07-12 22:05:51", "elapsed": 601.83346, "delta": 10.219222}}
{"target": -67515.48599327309, "params": {"a_c_1": 3.545663744856422, "a_c_2": 3.6973965700072284, "a_mm_0": 1.1437154101920157, "a_mm_1": 12.951578419227275, "a_mm_2": -3.5544324080268197, "a_mm_3": 2.7204428810798333, "a_mp_0": 7.50326647660016, "a_mp_1": -0.03981525732450564, "a_mp_2": 9.992754512261143, "a_mp_3": 0.9451868998777115, "a_pm_0": 12.218417992140147, "a_pm_1": 12.531369693658029, "a_pm_2": 15.08280988767467, "a_pm_3": 5.054367669468874, "a_pp_1": -39.366722129885396, "a_pp_2": -6.781477674053868, "a_pp_3": -34.323921367659075}, "datetime": {"datetime": "2024-07-12 22:05:53", "elapsed": 461.95717, "delta": 10.571619}}
{"target": -164785.42688751937, "params": {"a_c_1": 5.420035430654256, "a_c_2": 5.434548861719604, "a_mm_0": -37.213498979702514, "a_mm_1": -18.134479863274052, "a_mm_2": -24.689102832424865, "a_mm_3": -34.16607830189302, "a_mp_0": -9.838828974989777, "a_mp_1": -18.65353863895659, "a_mp_2": 12.690896765564858, "a_mp_3": -8.396992094766482, "a_pm_0": -31.250065456086762, "a_pm_1": -35.35284549091991, "a_pm_2": -5.881370585891993, "a_pm_3": 6.764839890008382, "a_pp_1": -15.391536082440822, "a_pp_2": -7.915889044796906, "a_pp_3": 8.382803372808581}, "datetime": {"datetime": "2024-07-12 22:05:54", "elapsed": 441.344157, "delta": 9.200901}}
{"target": -461107.1312331387, "params": {"a_c_1": 5.290311922732065, "a_c_2": 7.202579498312028, "a_mm_0": 1.3759695689648623, "a_mm_1": -23.71864365927276, "a_mm_2": 16.758628672336656, "a_mm_3": 8.08251136428639, "a_mp_0": -28.082436142031995, "a_mp_1": -10.206947458839629, "a_mp_2": -34.46226591541728, "a_mp_3": -8.502977325691326, "a_pm_0": -5.835313409179776, "a_pm_1": -29.119868870861012, "a_pm_2": -35.52532545516749, "a_pm_3": -29.19520452477063, "a_pp_1": -10.731705033428032, "a_pp_2": -36.64399355633407, "a_pp_3": -29.557820213647112}, "datetime": {"datetime": "2024-07-12 22:05:57", "elapsed": 509.282955, "delta": 8.973925}}
{"target": -156040.15392952287, "params": {"a_c_1": 18.76629750788584, "a_c_2": 2.327680603553024, "a_mm_0": -5.500433421277805, "a_mm_1": 19.60409694526451, "a_mm_2": 19.692525502414433, "a_mm_3": 8.059675337006546, "a_mp_0": -4.781341162385488, "a_mp_1": -2.3395426234019254, "a_mp_2": -16.460673948076593, "a_mp_3": -26.63697637764789, "a_pm_0": 13.790264459522817, "a_pm_1": -4.895169330842656, "a_pm_2": -18.469687095356978, "a_pm_3": -20.361837787352755, "a_pp_1": -29.652770718586368, "a_pp_2": -28.897157257977238, "a_pp_3": 0.05873761403147171}, "datetime": {"datetime": "2024-07-12 22:05:59", "elapsed": 488.898586, "delta": 8.801974}}
{"target": -264702.3598060869, "params": {"a_c_1": 17.93970139015165, "a_c_2": 2.033808328240511, "a_mm_0": 9.573652129543483, "a_mm_1": 12.906237384968435, "a_mm_2": -10.794955310899713, "a_mm_3": -4.0921184137218205, "a_mp_0": -8.363952610874982, "a_mp_1": -2.510722348870061, "a_mp_2": 11.302503280841087, "a_mp_3": -23.071633095708364, "a_pm_0": 13.025330490836055, "a_pm_1": -5.938580192851042, "a_pm_2": -33.0938175419858, "a_pm_3": -26.37993008712052, "a_pp_1": -4.241056863219171, "a_pp_2": -25.633225785719176, "a_pp_3": -32.11506036775236}, "datetime": {"datetime": "2024-07-12 22:06:01", "elapsed": 611.999512, "delta": 10.166052}}
{"target": -68771.26978551339, "params": {"a_c_1": 17.205322341434414, "a_c_2": 4.668330369576266, "a_mm_0": -39.19533869972735, "a_mm_1": -18.74260433502593, "a_mm_2": 8.725637281334528, "a_mm_3": 8.401636118467422, "a_mp_0": 15.520899789385204, "a_mp_1": -2.461630882119401, "a_mp_2": 3.0924055640762163, "a_mp_3": -34.074854366353975, "a_pm_0": -21.71808066404697, "a_pm_1": -33.353310591655074, "a_pm_2": -4.142504134434816, "a_pm_3": -12.88783057128553, "a_pp_1": -28.35103259471481, "a_pp_2": 2.131058403729547, "a_pp_3": 9.871697020607087}, "datetime": {"datetime": "2024-07-12 22:06:03", "elapsed": 471.662473, "delta": 9.705303}}
{"target": -226436.9765089558, "params": {"a_c_1": 13.033358162730446, "a_c_2": 6.073147775796077, "a_mm_0": 13.617466816500759, "a_mm_1": -30.123124040320157, "a_mm_2": -29.63432287596236, "a_mm_3": 16.6881543836804, "a_mp_0": 8.436702865593084, "a_mp_1": 18.605647508305715, "a_mp_2": -8.450028785241916, "a_mp_3": -14.501201378923426, "a_pm_0": 17.21520687477237, "a_pm_1": -2.7483762630963966, "a_pm_2": -14.997592347704536, "a_pm_3": -13.93849622453762, "a_pp_1": -11.272489035134562, "a_pp_2": -36.38077929136878, "a_pp_3": -30.596908361823555}, "datetime": {"datetime": "2024-07-12 22:06:04", "elapsed": 451.394733, "delta": 10.050576}}
{"target": -50270.97948596752, "params": {"a_c_1": 3.8821992203757016, "a_c_2": 4.291038498036689, "a_mm_0": -7.827067480963869, "a_mm_1": -17.949027498544606, "a_mm_2": -1.2763653452205332, "a_mm_3": 15.923036031397537, "a_mp_0": -26.02463772636008, "a_mp_1": 19.40121694650192, "a_mp_2": -19.979693821249647, "a_mp_3": -4.089719693034226, "a_pm_0": -18.46479198087444, "a_pm_1": 0.8234890282374963, "a_pm_2": 11.191988723704384, "a_pm_3": 7.570551686204794, "a_pp_1": -2.689444346276481, "a_pp_2": -6.0652590096938965, "a_pp_3": -30.839742273952858}, "datetime": {"datetime": "2024-07-12 22:06:06", "elapsed": 517.678713, "delta": 8.395758}}
{"target": -149351.86489812683, "params": {"a_c_1": 5.7269038093674896, "a_c_2": 3.1686328028628497, "a_mm_0": 10.705331844499995, "a_mm_1": -34.38526537076067, "a_mm_2": 16.94816191890925, "a_mm_3": -15.09900858260523, "a_mp_0": 9.646948187740676, "a_mp_1": 9.434915760522088, "a_mp_2": 0.9511086719605615, "a_mp_3": -36.83256832503108, "a_pm_0": -0.7175766866179103, "a_pm_1": -13.206352048160149, "a_pm_2": -21.37353989831265, "a_pm_3": -8.867133688235494, "a_pp_1": -0.12578852829454235, "a_pp_2": -16.593738070567635, "a_pp_3": -15.46940940887793}, "datetime": {"datetime": "2024-07-12 22:06:08", "elapsed": 497.925743, "delta": 9.027157}}
{"target": -200395.49836044415, "params": {"a_c_1": 3.236954282476703, "a_c_2": 8.448725182357391, "a_mm_0": -3.8689807664373532, "a_mm_1": 17.81402523130052, "a_mm_2": -19.259247202238473, "a_mm_3": -4.262494111903017, "a_mp_0": -4.0608826615948175, "a_mp_1": -3.0577427677630737, "a_mp_2": -36.44936756885666, "a_mp_3": 5.0190310744811555, "a_pm_0": 16.892569891257516, "a_pm_1": -7.919256569224672, "a_pm_2": -28.446638742695896, "a_pm_3": 5.175554898796534, "a_pp_1": -39.56086184032817, "a_pp_2": -20.30463378095315, "a_pp_3": 15.056380858663594}, "datetime": {"datetime": "2024-07-12 22:06:11", "elapsed": 621.67062, "delta": 9.671108}}
{"target": -131252.67043886913, "params": {"a_c_1": 3.3339230825521526, "a_c_2": 8.60871391353899, "a_mm_0": -22.344404289364032, "a_mm_1": 9.084931741079657, "a_mm_2": -2.499861702169156, "a_mm_3": -9.021069419793307, "a_mp_0": -13.587727937403514, "a_mp_1": 12.276735637997902, "a_mp_2": -4.560017827762209, "a_mp_3": 7.666412892129756, "a_pm_0": 17.817756714336987, "a_pm_1": -29.506816698655573, "a_pm_2": -24.853473777696905, "a_pm_3": -1.7607551324161648, "a_pp_1": -29.11690168061651, "a_pp_2": -31.094012122992552, "a_pp_3": 16.712511909461938}, "datetime": {"datetime": "2024-07-12 22:06:12", "elapsed": 480.941083, "delta": 9.27861}}
{"target": -146851.4902326789, "params": {"a_c_1": 12.69508278519137, "a_c_2": 6.896764767182459, "a_mm_0": 13.039635378424897, "a_mm_1": -5.5339062239777945, "a_mm_2": -31.175754185166333, "a_mm_3": 1.3124097561501458, "a_mp_0": -30.31967213167686, "a_mp_1": -8.088119204227418, "a_mp_2": -27.89982303426752, "a_mp_3": -23.420452701684667, "a_pm_0": 12.236896210446211, "a_pm_1": -6.733268456525536, "a_pm_2": 4.885758066953947, "a_pm_3": -30.873949471004906, "a_pp_1": -13.245288243007732, "a_pp_2": -16.454047742453128, "a_pp_3": 18.602562782986887}, "datetime": {"datetime": "2024-07-12 22:06:13", "elapsed": 460.637431, "delta": 9.242698}}
{"target": -327414.05763583764, "params": {"a_c_1": 16.26873698096435, "a_c_2": 9.83461979939352, "a_mm_0": -1.985490977371235, "a_mm_1": -5.1137482546924105, "a_mm_2": -31.084522123545767, "a_mm_3": -23.399595018972416, "a_mp_0": -18.36863799608943, "a_mp_1": -28.497397676099798, "a_mp_2": 19.42362371003727, "a_mp_3": 15.396141762031405, "a_pm_0": -17.675477866467595, "a_pm_1": -31.290662170147023, "a_pm_2": -16.265590511574242, "a_pm_3": -30.141731659420916, "a_pp_1": -7.706860292407107, "a_pp_2": -29.298742902441113, "a_pp_3": -37.05733918813545}, "datetime": {"datetime": "2024-07-12 22:06:14", "elapsed": 526.341273, "delta": 8.66256}}
{"target": -131894.05175642978, "params": {"a_c_1": 4.308150652929809, "a_c_2": 1.6647742269902144, "a_mm_0": -2.634576967021026, "a_mm_1": 18.483480821852496, "a_mm_2": -34.11402822397007, "a_mm_3": -0.5834869986086559, "a_mp_0": -4.018345650708191, "a_mp_1": 4.8587933989258545, "a_mp_2": -20.851568347563703, "a_mp_3": -24.30259212833846, "a_pm_0": -22.772985004411634, "a_pm_1": 10.268934714352504, "a_pm_2": 10.929461992291067, "a_pm_3": 8.76594648082952, "a_pp_1": -23.28366557481508, "a_pp_2": -17.32955776669585, "a_pp_3": -22.5848783180087}, "datetime": {"datetime": "2024-07-12 22:06:17", "elapsed": 506.642162, "delta": 8.716419}}
{"target": -276429.6243638604, "params": {"a_c_1": 17.81060077865417, "a_c_2": 8.80760164243301, "a_mm_0": -24.72205226645582, "a_mm_1": -8.477956320445248, "a_mm_2": -10.742823386036463, "a_mm_3": -37.819035219636575, "a_mp_0": -37.9566914261992, "a_mp_1": -30.59829123938936, "a_mp_2": -15.985282117872398, "a_mp_3": -29.734053446047994, "a_pm_0": -37.316870552957944, "a_pm_1": -14.638608389123448, "a_pm_2": 6.1973956570431525, "a_pm_3": -38.06650789271902, "a_pp_1": -3.380352825485609, "a_pp_2": -19.270106565867888, "a_pp_3": 18.324831886681288}, "datetime": {"datetime": "2024-07-12 22:06:20", "elapsed": 488.865753, "delta": 7.92467}}
{"target": -346392.1167153776, "params": {"a_c_1": 11.767346657877535, "a_c_2": 8.551902839041354, "a_mm_0": -3.7196768590487324, "a_mm_1": 9.354689151432261, "a_mm_2": 12.769011405759016, "a_mm_3": -20.74081752853281, "a_mp_0": -32.62271370686929, "a_mp_1": 3.278200651194247, "a_mp_2": -13.579174790125705, "a_mp_3": -32.395857451479486, "a_pm_0": -4.610581113406646, "a_pm_1": -37.835901125808405, "a_pm_2": -27.989073015340786, "a_pm_3": 7.2980713800781345, "a_pp_1": -39.274194399078524, "a_pp_2": -21.799259697485855, "a_pp_3": -38.717442334715756}, "datetime": {"datetime": "2024-07-12 22:06:21", "elapsed": 632.314708, "delta": 10.644088}}
{"target": -101727.03342156121, "params": {"a_c_1": 14.826713910517705, "a_c_2": 8.230099537383568, "a_mm_0": 0.8321171474292797, "a_mm_1": -35.973401800176795, "a_mm_2": 6.998724811592581, "a_mm_3": 3.53259944496952, "a_mp_0": 1.9363088092491125, "a_mp_1": -14.337669180704303, "a_mp_2": -23.653231288296737, "a_mp_3": -10.34060670689749, "a_pm_0": -15.637098367071967, "a_pm_1": -33.6428697837787, "a_pm_2": 6.3549079956766334, "a_pm_3": -0.2842051848728815, "a_pp_1": -30.96893756527885, "a_pp_2": -3.218029591450467, "a_pp_3": 16.989717329857662}, "datetime": {"datetime": "2024-07-12 22:06:23", "elapsed": 470.201661, "delta": 9.56423}}
{"target": -131219.8174836347, "params": {"a_c_1": 12.286784415319795, "a_c_2": 3.8100548510647503, "a_mm_0": 1.0084935512363273, "a_mm_1": -8.64980652267548, "a_mm_2": -2.3421355946383784, "a_mm_3": -20.890449285547646, "a_mp_0": -5.066338947817258, "a_mp_1": -10.325620468190344, "a_mp_2": -4.340979499487034, "a_mp_3": -39.538979077348934, "a_pm_0": 17.89387469811355, "a_pm_1": -25.89354737083223, "a_pm_2": -35.39886266906011, "a_pm_3": -22.310652922124078, "a_pp_1": 1.5760788268837231, "a_pp_2": 15.964008323423606, "a_pp_3": 10.64905646714471}, "datetime": {"datetime": "2024-07-12 22:06:23", "elapsed": 535.137172, "delta": 8.795899}}
{"target": -158934.8624527288, "params": {"a_c_1": 13.727386385198288, "a_c_2": 2.351115398141669, "a_mm_0": 4.582134571247543, "a_mm_1": 7.576696995125914, "a_mm_2": -7.998700377518205, "a_mm_3": -29.52942086755478, "a_mp_0": -24.248478146574964, "a_mp_1": -5.967256134708357, "a_mp_2": 4.108792255308103, "a_mp_3": -27.949795992740576, "a_pm_0": -1.1073758945028942, "a_pm_1": 14.515983145672621, "a_pm_2": 3.933596284233701, "a_pm_3": 13.305015476791205, "a_pp_1": 17.526543971399107, "a_pp_2": -23.531053749714115, "a_pp_3": -27.51759130553216}, "datetime": {"datetime": "2024-07-12 22:06:26", "elapsed": 516.113177, "delta": 9.471015}}
{"target": -150429.75236288636, "params": {"a_c_1": 14.800402083538238, "a_c_2": 8.86514307809929, "a_mm_0": 6.7935689200674645, "a_mm_1": -1.5679023529254081, "a_mm_2": -36.16589215561173, "a_mm_3": -14.479642682649924, "a_mp_0": -36.408367823077654, "a_mp_1": 16.601081943239052, "a_mp_2": -3.48457387366458, "a_mp_3": -29.114638447778944, "a_pm_0": -24.486513833386557, "a_pm_1": -19.45573715300088, "a_pm_2": -1.3682345950430346, "a_pm_3": -22.970867939721604, "a_pp_1": 16.6370109872789, "a_pp_2": -23.289334270074143, "a_pp_3": 11.806281941150672}, "datetime": {"datetime": "2024-07-12 22:06:29", "elapsed": 497.637037, "delta": 8.771284}}
{"target": -264517.68470788666, "params": {"a_c_1": 10.649542365940254, "a_c_2": 0.4486082254784973, "a_mm_0": 18.023093475177312, "a_mm_1": -1.0574695421638225, "a_mm_2": -11.17650529181725, "a_mm_3": 17.202357546525697, "a_mp_0": -13.252909961665551, "a_mp_1": -27.15952041283107, "a_mp_2": -39.783878076530094, "a_mp_3": 7.702103888127667, "a_pm_0": -31.101273399604416, "a_pm_1": 7.81719032460704, "a_pm_2": -35.12152674309617, "a_pm_3": -1.9964934170442987, "a_pp_1": -38.59374196059846, "a_pp_2": 3.24821781653516, "a_pp_3": -39.15874824415016}, "datetime": {"datetime": "2024-07-12 22:06:32", "elapsed": 479.10184, "delta": 8.900179}}
{"target": -166171.27026360738, "params": {"a_c_1": 6.533872494846369, "a_c_2": 8.321709215829122, "a_mm_0": -36.73624978691766, "a_mm_1": -34.43017217573898, "a_mm_2": -28.81914819181771, "a_mm_3": 7.265980736829071, "a_mp_0": 3.4546289449018985, "a_mp_1": -32.13172963680196, "a_mp_2": 2.487718398236325, "a_mp_3": 5.7066908602093775, "a_pm_0": -28.548372862775956, "a_pm_1": 0.24183043664161374, "a_pm_2": -15.663965972619689, "a_pm_3": -35.59552109725123, "a_pp_1": -8.952729383258738, "a_pp_2": -10.445967953448147, "a_pp_3": 12.914521852178154}, "datetime": {"datetime": "2024-07-12 22:06:32", "elapsed": 543.992636, "delta": 8.855464}}
{"target": -106834.23554764605, "params": {"a_c_1": 19.94969985456659, "a_c_2": 5.820299763434617, "a_mm_0": -22.397423290836603, "a_mm_1": 15.736967713586942, "a_mm_2": -9.572834587107732, "a_mm_3": -12.718466346855585, "a_mp_0": -4.727709622228815, "a_mp_1": -24.15174134736582, "a_mp_2": -21.682702039154, "a_mp_3": -17.700725396549053, "a_pm_0": -25.333120037703345, "a_pm_1": -4.927164033002214, "a_pm_2": 1.7507680359395863, "a_pm_3": -35.68316679015993, "a_pp_1": 18.264999177527827, "a_pp_2": 5.184239352167296, "a_pp_3": 8.369789777204495}, "datetime": {"datetime": "2024-07-12 22:06:32", "elapsed": 643.120297, "delta": 10.805589}}
{"target": -191782.6456331343, "params": {"a_c_1": 18.01235679567232, "a_c_2": 3.895193680834544, "a_mm_0": -33.52523930999819, "a_mm_1": -2.590918137061486, "a_mm_2": -11.287972380944574, "a_mm_3": -28.477872041805643, "a_mp_0": 14.97078354381641, "a_mp_1": -11.211156091555228, "a_mp_2": 19.47061614356943, "a_mp_3": -23.12181479825878, "a_pm_0": -36.42215118040571, "a_pm_1": 14.45855981909554, "a_pm_2": -22.225436621409692, "a_pm_3": 15.428218784011086, "a_pp_1": -10.92312686098522, "a_pp_2": 1.600565152320229, "a_pp_3": -33.02581136694158}, "datetime": {"datetime": "2024-07-12 22:06:35", "elapsed": 524.440172, "delta": 8.326995}}
{"target": -124859.18036636998, "params": {"a_c_1": 10.936189750622102, "a_c_2": 1.172871469194695, "a_mm_0": -19.046747369373744, "a_mm_1": -21.61850867141407, "a_mm_2": 19.489417948532328, "a_mm_3": -14.871486748433448, "a_mp_0": -2.073066924220008, "a_mp_1": -19.102380778945157, "a_mp_2": 10.575165460739363, "a_mp_3": -10.617539844697077, "a_pm_0": -8.800010912258244, "a_pm_1": 12.151901259760919, "a_pm_2": -27.091327158552165, "a_pm_3": -14.84009517011285, "a_pp_1": 0.9536105184230053, "a_pp_2": -2.8908456711313093, "a_pp_3": 0.5553835982800592}, "datetime": {"datetime": "2024-07-12 22:06:37", "elapsed": 505.667545, "delta": 8.030508}}
{"target": -306431.58567218855, "params": {"a_c_1": 11.203834487219941, "a_c_2": 8.402487318957162, "a_mm_0": -12.804603971455233, "a_mm_1": 2.9323744914853975, "a_mm_2": 18.191839944794417, "a_mm_3": -38.73306749903191, "a_mp_0": -12.921610832551906, "a_mp_1": -14.208743433703766, "a_mp_2": 6.804199488678812, "a_mp_3": -38.8876900707494, "a_pm_0": -5.208828586571315, "a_pm_1": -23.270541004150157, "a_pm_2": -11.405288651700154, "a_pm_3": 3.0352654426835386, "a_pp_1": -2.2062375613673666, "a_pp_2": -25.228215459343943, "a_pp_3": -27.675639235940153}, "datetime": {"datetime": "2024-07-12 22:06:39", "elapsed": 551.533003, "delta": 7.540367}}
{"target": -205784.5270662712, "params": {"a_c_1": 17.934741289205554, "a_c_2": 5.88065513394617, "a_mm_0": 7.569469935637336, "a_mm_1": 15.437551939299965, "a_mm_2": -5.2962223198286935, "a_mm_3": -6.963685602188306, "a_mp_0": 15.700155385400578, "a_mp_1": 1.4884884217928729, "a_mp_2": 7.547667959679615, "a_mp_3": -9.614451654059462, "a_pm_0": 19.654655182896335, "a_pm_1": -6.24616593653861, "a_pm_2": -31.53879996357852, "a_pm_3": -37.55165746903488, "a_pp_1": 10.496391208967424, "a_pp_2": -34.471060286102734, "a_pp_3": -4.791979152798106}, "datetime": {"datetime": "2024-07-12 22:06:41", "elapsed": 487.977473, "delta": 8.875633}}
{"target": -148398.1777197088, "params": {"a_c_1": 15.03280808162581, "a_c_2": 0.800609772712173, "a_mm_0": -11.098223018729378, "a_mm_1": -13.259622615900636, "a_mm_2": 0.3483590314957894, "a_mm_3": -13.075764470540683, "a_mp_0": 2.2588039030345755, "a_mp_1": 0.8987202561573753, "a_mp_2": 1.8289117251653764, "a_mp_3": -2.883955446307816, "a_pm_0": -30.941156003221252, "a_pm_1": 5.648147378345364, "a_pm_2": 6.862749331637424, "a_pm_3": 14.24617915482829, "a_pp_1": -25.973878443753645, "a_pp_2": -29.399266415659515, "a_pp_3": -16.534052613594255}, "datetime": {"datetime": "2024-07-12 22:06:41", "elapsed": 652.484626, "delta": 9.364329}}
{"target": -352788.3120201805, "params": {"a_c_1": 5.292122418508251, "a_c_2": 6.788829057632292, "a_mm_0": 17.136604774248063, "a_mm_1": 9.200140272825244, "a_mm_2": 14.27153925587438, "a_mm_3": 6.481475550995285, "a_mp_0": 18.321339129444453, "a_mp_1": -25.715859324762583, "a_mp_2": -32.657403632169554, "a_mp_3": -25.56878406863129, "a_pm_0": -5.195087081490179, "a_pm_1": -17.75810983431078, "a_pm_2": -37.890076555907704, "a_pm_3": -32.51837441316159, "a_pp_1": -23.12886251009322, "a_pp_2": -19.87465257836601, "a_pp_3": -20.946740661774093}, "datetime": {"datetime": "2024-07-12 22:06:43", "elapsed": 532.370552, "delta": 7.93038}}
{"target": -241491.29814540225, "params": {"a_c_1": 19.273051761329654, "a_c_2": 2.6004543586644346, "a_mm_0": -22.801860057411204, "a_mm_1": 10.688934932509731, "a_mm_2": -11.696972158595212, "a_mm_3": -39.630743019844395, "a_mp_0": 13.756865917320411, "a_mp_1": 13.324812569862367, "a_mp_2": -16.974521198486094, "a_mp_3": -16.75500482815005, "a_pm_0": 17.930905751060365, "a_pm_1": -19.872730742720492, "a_pm_2": -32.593194174696094, "a_pm_3": 0.4716664723313002, "a_pp_1": -24.32070788164708, "a_pp_2": -29.772851761388754, "a_pp_3": 0.7242905023451129}, "datetime": {"datetime": "2024-07-12 22:06:45", "elapsed": 513.924454, "delta": 8.256909}}
{"target": -262027.7295418097, "params": {"a_c_1": 17.01312805624243, "a_c_2": 5.075354593210375, "a_mm_0": 18.773597235308017, "a_mm_1": -0.18875697670310387, "a_mm_2": -26.45970391176275, "a_mm_3": -29.838329948355543, "a_mp_0": -20.54425481720778, "a_mp_1": 5.821103249039119, "a_mp_2": -12.384492883479947, "a_mp_3": -5.924278978300691, "a_pm_0": -4.287650304167151, "a_pm_1": -29.526177166975984, "a_pm_2": -19.409848125968544, "a_pm_3": -22.329779039012855, "a_pp_1": 16.176851633293033, "a_pp_2": -39.54671342338541, "a_pp_3": 17.37072783310593}, "datetime": {"datetime": "2024-07-12 22:06:47", "elapsed": 559.059806, "delta": 7.526803}}
{"target": -231326.92259648512, "params": {"a_c_1": 9.980279311787108, "a_c_2": 8.14577500417953, "a_mm_0": -17.82357732407884, "a_mm_1": -30.074005929892216, "a_mm_2": -29.284355905436822, "a_mm_3": -32.95094152004906, "a_mp_0": -8.841386164233619, "a_mp_1": -35.72991898504925, "a_mp_2": -14.764822693543746, "a_mp_3": -26.159041371442555, "a_pm_0": -31.465696609102665, "a_pm_1": 3.853642012351017, "a_pm_2": 7.911795084875507, "a_pm_3": 4.4606657513435835, "a_pp_1": -16.319354323814938, "a_pp_2": -11.567488002769373, "a_pp_3": 3.1401514137954294}, "datetime": {"datetime": "2024-07-12 22:06:49", "elapsed": 496.89242, "delta": 8.914947}}
