{"target": -194224.93951789758, "params": {"a_c_1": 6.9034410231043, "a_c_2": 2.250399578140846, "a_mm_0": -4.449287874052196, "a_mm_1": -21.263809737884984, "a_mm_2": 14.978333208101041, "a_mm_3": 14.578131497093423, "a_mp_0": -24.572902373068228, "a_mp_1": -33.34652195535825, "a_mp_2": -28.42223607885323, "a_mp_3": -10.024949759266836, "a_pm_0": 3.715140078475777, "a_pm_1": -27.508333695472512, "a_pm_2": -25.117986497366154, "a_pm_3": 11.10031249618202, "a_pp_1": -15.049076903948361, "a_pp_2": -2.9988959706858296, "a_pp_3": -25.980031645644996}, "datetime": {"datetime": "2024-07-12 21:58:30", "elapsed": 161.374717, "delta": 10.129658}}
{"target": -210550.5304148626, "params": {"a_c_1": 4.43986342179479, "a_c_2": 8.707323061773764, "a_mm_0": -27.596850679634414, "a_mm_1": 15.116654476275293, "a_mm_2": -10.69532867231025, "a_mm_3": -3.2953682258412584, "a_mp_0": 5.954471388818931, "a_mp_1": -8.894920727623404, "a_mp_2": -22.19196990542668, "a_mp_3": -28.736726280324902, "a_pm_0": -35.15552387410751, "a_pm_1": 4.3064177719382, "a_pm_2": -13.521446626242813, "a_pm_3": -30.501407937240927, "a_pp_1": 12.796221872076728, "a_pp_2": -23.55481228046652, "a_pp_3": -15.14589885513692}, "datetime": {"datetime": "2024-07-12 21:58:33", "elapsed": 0.0, "delta": 0.0}}
{"target": -377976.9626559695, "params": {"a_c_1": 16.90226231149403, "a_c_2": 9.885097007841644, "a_mm_0": -37.06791482623892, "a_mm_1": -26.072904913830165, "a_mm_2": -1.4013143651058897, "a_mm_3": -30.3120062264994, "a_mp_0": 12.208753602140092, "a_mp_1": -26.955854421698444, "a_mp_2": 4.505302333006938, "a_mp_3": -0.8187692061339362, "a_pm_0": 7.933130690277778, "a_pm_1": -38.12514626408431, "a_pm_2": -26.22555827533929, "a_pm_3": 2.2776499472275518, "a_pp_1": -34.74624945993263, "a_pp_2": -38.16463100834084, "a_pp_3": -18.571903978026356}, "datetime": {"datetime": "2024-07-12 21:58:34", "elapsed": 66.253645, "delta": 9.409574}}
{"target": -88047.31362908507, "params": {"a_c_1": 10.820393467195423, "a_c_2": 7.071806008078977, "a_mm_0": -24.166799742849197, "a_mm_1": 15.603541055223666, "a_mm_2": 10.351583467998239, "a_mm_3": 3.5791699056822353, "a_mp_0": -11.185602634875398, "a_mp_1": 10.526191152598805, "a_mp_2": 4.685139405461555, "a_mp_3": -0.3804456160232519, "a_pm_0": 14.838516020356266, "a_pm_1": -1.9800661727455164, "a_pm_2": -18.043564908843436, "a_pm_3": -6.829325610973264, "a_pp_1": -28.21716539799179, "a_pp_2": -28.47566221638381, "a_pp_3": 3.5401774359692553}, "datetime": {"datetime": "2024-07-12 21:58:36", "elapsed": 45.492476, "delta": 10.534768}}
{"target": -89332.77571311411, "params": {"a_c_1": 7.257071768662529, "a_c_2": 6.375570730187366, "a_mm_0": -28.513215872862197, "a_mm_1": -10.132353122961657, "a_mm_2": -29.053275725727588, "a_mm_3": 15.102982348385765, "a_mp_0": -14.090675719526342, "a_mp_1": 9.811286125900779, "a_mp_2": -14.993421719298247, "a_mp_3": 14.280055324602017, "a_pm_0": -15.710486961345637, "a_pm_1": -20.129529814532635, "a_pm_2": -5.671673783635086, "a_pm_3": 10.726618945646798, "a_pp_1": 11.660858705184317, "a_pp_2": -4.2587129758999325, "a_pp_3": -34.92030333877538}, "datetime": {"datetime": "2024-07-12 21:58:38", "elapsed": 27.048377, "delta": 8.801652}}
{"target": -196023.86188990445, "params": {"a_c_1": 2.0393451885159486, "a_c_2": 5.158570169685298, "a_mm_0": -11.37154077701306, "a_mm_1": -30.839701354410206, "a_mm_2": -2.6916260955750673, "a_mm_3": -7.359392871163713, "a_mp_0": -0.7517591817553395, "a_mp_1": -31.32726759252041, "a_mp_2": 5.09166902811463, "a_mp_3": -26.67705161200464, "a_pm_0": -8.838890538038019, "a_pm_1": 7.117761693297133, "a_pm_2": -38.66017432049163, "a_pm_3": -20.53825241642881, "a_pp_1": 12.37534258400666, "a_pp_2": 10.682576456124174, "a_pp_3": -7.693564444327379}, "datetime": {"datetime": "2024-07-12 21:58:40", "elapsed": 170.870868, "delta": 9.496151}}
{"target": -289680.0419536432, "params": {"a_c_1": 5.921598654672959, "a_c_2": 6.287879088794833, "a_mm_0": -5.209731388627297, "a_mm_1": -4.004248202500747, "a_mm_2": -24.050852947869565, "a_mm_3": -22.918847161518173, "a_mp_0": -24.784707653572752, "a_mp_1": -20.346163138675955, "a_mp_2": -31.350141960794772, "a_mp_3": -30.063228327923945, "a_pm_0": 17.835831744076515, "a_pm_1": 17.613602917141627, "a_pm_2": -28.695120664243888, "a_pm_3": -38.54160630223078, "a_pp_1": -27.72666721720296, "a_pp_2": 1.9906168475934507, "a_pp_3": 6.770875133331785}, "datetime": {"datetime": "2024-07-12 21:58:41", "elapsed": 8.835773, "delta": 8.835773}}
{"target": -192408.4524757559, "params": {"a_c_1": 11.795639829435276, "a_c_2": 0.5222272738416023, "a_mm_0": -36.06018002761735, "a_mm_1": -37.38992883641706, "a_mm_2": -16.290954491949773, "a_mm_3": 0.10562276096346324, "a_mp_0": -28.118373291029823, "a_mp_1": 12.575987102249542, "a_mp_2": -14.056654273309157, "a_mp_3": -2.82151217740212, "a_pm_0": -22.574395423900697, "a_pm_1": -3.0847255921434282, "a_pm_2": 17.219597742939357, "a_pm_3": -13.119117008554621, "a_pp_1": -27.577009704801146, "a_pp_2": -14.477962485676812, "a_pp_3": -13.325544114174537}, "datetime": {"datetime": "2024-07-12 21:58:42", "elapsed": 74.183232, "delta": 7.929587}}
{"target": -291239.81270320434, "params": {"a_c_1": 15.698734068622622, "a_c_2": 9.720983636837659, "a_mm_0": 11.058285022490104, "a_mm_1": -7.384340404250636, "a_mm_2": -34.612547828616115, "a_mm_3": -10.667605323033232, "a_mp_0": 15.676180853727537, "a_mp_1": 7.257091970208577, "a_mp_2": -10.894346436754713, "a_mp_3": -12.68323831114682, "a_pm_0": -26.920853895438785, "a_pm_1": -29.367197151890586, "a_pm_2": -35.58257984683854, "a_pm_3": 13.54359125522555, "a_pp_1": -1.589402986056463, "a_pp_2": -31.400060951720718, "a_pp_3": -15.152384817027563}, "datetime": {"datetime": "2024-07-12 21:58:43", "elapsed": 53.148885, "delta": 7.656409}}
{"target": -264415.4423374575, "params": {"a_c_1": 11.945332146383498, "a_c_2": 2.454537085831021, "a_mm_0": 3.9556069153980644, "a_mm_1": 13.679077539004325, "a_mm_2": -9.115961745211294, "a_mm_3": -3.7861893783876184, "a_mp_0": -36.09593125703156, "a_mp_1": -7.595516221431623, "a_mp_2": -32.24879297977374, "a_mp_3": -3.126229218980079, "a_pm_0": -18.180979177309727, "a_pm_1": 6.065482059844747, "a_pm_2": -37.08795181482685, "a_pm_3": -33.41091291292936, "a_pp_1": 1.0413929074176593, "a_pp_2": -9.120778174980611, "a_pp_3": -5.7015177031150515}, "datetime": {"datetime": "2024-07-12 21:58:46", "elapsed": 34.606561, "delta": 7.558184}}
{"target": -129596.08552697666, "params": {"a_c_1": 17.33216548333026, "a_c_2": 9.498059913536265, "a_mm_0": 9.58441985776048, "a_mm_1": 11.24692663019232, "a_mm_2": -34.0753958907791, "a_mm_3": -0.9217400595405394, "a_mp_0": 2.211019289159175, "a_mp_1": -3.385551241202222, "a_mp_2": 7.976915704161684, "a_mp_3": -37.92572680770194, "a_pm_0": 6.214324073298798, "a_pm_1": 3.9037160443716203, "a_pm_2": -24.418096402098815, "a_pm_3": -24.5758420706712, "a_pp_1": -2.0618009541923357, "a_pp_2": -19.282152304535106, "a_pp_3": 7.79532068043725}, "datetime": {"datetime": "2024-07-12 21:58:49", "elapsed": 180.401469, "delta": 9.530601}}
{"target": -43930.50428736894, "params": {"a_c_1": 10.152349733439227, "a_c_2": 5.257332498109579, "a_mm_0": -37.45424848704723, "a_mm_1": -30.1348548297928, "a_mm_2": -12.986369222957606, "a_mm_3": 2.4782702371352485, "a_mp_0": 6.6552744983320125, "a_mp_1": 6.626179968178683, "a_mp_2": -9.833274849446713, "a_mp_3": 17.404855598434857, "a_pm_0": -20.08757724760745, "a_pm_1": -11.112510259238007, "a_pm_2": 4.902439960462182, "a_pm_3": 11.470371106370834, "a_pp_1": -15.13239669202531, "a_pp_2": 10.921070856039407, "a_pp_3": -13.325743494957447}, "datetime": {"datetime": "2024-07-12 21:58:51", "elapsed": 82.683037, "delta": 8.499805}}
{"target": -10829.12750927504, "params": {"a_c_1": 0.45866184878162963, "a_c_2": 5.77662858129756, "a_mm_0": -39.90146963703728, "a_mm_1": -9.071643285676391, "a_mm_2": -1.6122894321485717, "a_mm_3": 19.137464168251327, "a_mp_0": -24.454144215333656, "a_mp_1": 8.149813115772211, "a_mp_2": 12.228985220088987, "a_mp_3": 15.364976836740198, "a_pm_0": -39.867147248053385, "a_pm_1": -11.830697694545364, "a_pm_2": 18.888124256360626, "a_pm_3": -16.06331176582897, "a_pp_1": 8.82394865521509, "a_pp_2": -7.212610121651338, "a_pp_3": 6.251245228413474}, "datetime": {"datetime": "2024-07-12 21:58:51", "elapsed": 18.297255, "delta": 9.461482}}
{"target": -263081.87805581855, "params": {"a_c_1": 0.9821784879574724, "a_c_2": 2.0937334952236366, "a_mm_0": 3.8424874477423003, "a_mm_1": -0.9326337735040369, "a_mm_2": -11.261302157381337, "a_mm_3": -23.513169670261643, "a_mp_0": -0.8666124960289139, "a_mp_1": 17.386970679042825, "a_mp_2": -13.86876662948843, "a_mp_3": -35.79204969473979, "a_pm_0": -36.53611073062195, "a_pm_1": -35.02773887214656, "a_pm_2": 17.58243123519327, "a_pm_3": -7.554349828810366, "a_pp_1": 10.247745960183344, "a_pp_2": -29.79798734577192, "a_pp_3": -24.37929563626509}, "datetime": {"datetime": "2024-07-12 21:58:54", "elapsed": 63.601995, "delta": 10.45311}}
{"target": -125064.38237746831, "params": {"a_c_1": 16.874139879813107, "a_c_2": 4.8773763914967425, "a_mm_0": 8.608665327568694, "a_mm_1": -9.385382242303596, "a_mm_2": 15.603241594415074, "a_mm_3": 0.0156662923775599, "a_mp_0": -31.07638963395658, "a_mp_1": -18.12680948045465, "a_mp_2": 11.946494956645957, "a_mp_3": -18.98288734866906, "a_pm_0": -28.65845443263071, "a_pm_1": -11.642721450053617, "a_pm_2": -16.433129510672202, "a_pm_3": -2.8642044013543853, "a_pp_1": -13.794022483629206, "a_pp_2": -24.34467056233027, "a_pp_3": -15.25166730023459}, "datetime": {"datetime": "2024-07-12 21:58:55", "elapsed": 43.238174, "delta": 8.631613}}
{"target": -218197.73831404187, "params": {"a_c_1": 8.922924640069144, "a_c_2": 7.827494147841719, "a_mm_0": 19.42830701743044, "a_mm_1": -21.985099627965997, "a_mm_2": -31.419650304514036, "a_mm_3": 14.078506180956431, "a_mp_0": -7.506437266757601, "a_mp_1": 18.484422251304935, "a_mp_2": -1.8037359998861646, "a_mp_3": 19.63478147662874, "a_pm_0": -7.235751751422903, "a_pm_1": -8.414443965668724, "a_pm_2": -31.874325815669806, "a_pm_3": -18.657689740967133, "a_pp_1": -38.426885962217604, "a_pp_2": -30.376289228821054, "a_pp_3": 4.738231562449762}, "datetime": {"datetime": "2024-07-12 21:58:59", "elapsed": 189.634496, "delta": 9.233027}}
{"target": -292978.3847660813, "params": {"a_c_1": 9.69862149976916, "a_c_2": 0.2911156367271772, "a_mm_0": -34.80845869586769, "a_mm_1": -33.3127712573186, "a_mm_2": -24.92529329856714, "a_mm_3": 17.894917551581898, "a_mp_0": -2.094036835735274, "a_mp_1": 8.999612156921714, "a_mp_2": -6.035080234434616, "a_mp_3": -1.8786276650864124, "a_pm_0": 8.714143470824638, "a_pm_1": 15.600956914632455, "a_pm_2": 14.757605822226992, "a_pm_3": 9.488643226311524, "a_pp_1": -34.34783606936064, "a_pp_2": -18.337094892171454, "a_pp_3": -37.869458094380185}, "datetime": {"datetime": "2024-07-12 21:58:59", "elapsed": 26.064372, "delta": 7.767117}}
{"target": -229537.68815604842, "params": {"a_c_1": 14.314941685727085, "a_c_2": 0.08448363578819729, "a_mm_0": -38.48791457975506, "a_mm_1": 16.42702961252531, "a_mm_2": -33.87172310612839, "a_mm_3": -0.28193257361753865, "a_mp_0": -23.004475370732752, "a_mp_1": -27.949459373473275, "a_mp_2": -16.699949073114453, "a_mp_3": 15.554095790509955, "a_pm_0": -5.783547414956857, "a_pm_1": 15.002876717472951, "a_pm_2": 2.1358544491834976, "a_pm_3": -9.927012898774784, "a_pp_1": -9.634789989241671, "a_pp_2": -26.870752820237634, "a_pp_3": -39.72018863589701}, "datetime": {"datetime": "2024-07-12 21:59:00", "elapsed": 91.814694, "delta": 9.131657}}
{"target": -186705.23947930496, "params": {"a_c_1": 8.380680691046008, "a_c_2": 9.024218558761408, "a_mm_0": 18.77697572242912, "a_mm_1": -2.585869635585169, "a_mm_2": -35.00895264574833, "a_mm_3": 3.9799230557596985, "a_mp_0": 0.7211241487390438, "a_mp_1": 9.561372021513172, "a_mp_2": -19.15291979733666, "a_mp_3": -36.467194350512614, "a_pm_0": -3.2906910126824727, "a_pm_1": -32.55912290120368, "a_pm_2": 5.571771749799886, "a_pm_3": 7.665399054598531, "a_pp_1": -15.482392795006124, "a_pp_2": 16.627850352982733, "a_pp_3": -29.57321237468345}, "datetime": {"datetime": "2024-07-12 21:59:03", "elapsed": 51.945686, "delta": 8.707512}}
{"target": -94195.8363302475, "params": {"a_c_1": 13.839550237456855, "a_c_2": 8.955703281419837, "a_mm_0": -19.558690932390427, "a_mm_1": -36.119608120583, "a_mm_2": 11.84718016463863, "a_mm_3": -22.547653250231438, "a_mp_0": 4.4649443839737515, "a_mp_1": -30.517980717910362, "a_mp_2": 1.6978061084525535, "a_mp_3": 10.485177141868888, "a_pm_0": 3.6291247248025584, "a_pm_1": -18.453548508190515, "a_pm_2": 3.6013850894118704, "a_pm_3": -31.63197254905238, "a_pp_1": -21.170853086006677, "a_pp_2": -14.82503459902333, "a_pp_3": 12.632722336659029}, "datetime": {"datetime": "2024-07-12 21:59:04", "elapsed": 73.446503, "delta": 9.844508}}
{"target": -311612.3984817556, "params": {"a_c_1": 10.927166970816138, "a_c_2": 7.961427208560043, "a_mm_0": -36.931431813919176, "a_mm_1": -28.679935852413525, "a_mm_2": -18.07133392527011, "a_mm_3": -25.3425479825255, "a_mp_0": 7.705248375261917, "a_mp_1": -18.87430385401789, "a_mp_2": -1.6673390763780773, "a_mp_3": -10.395096886194416, "a_pm_0": -4.990015376796606, "a_pm_1": 16.357961117891094, "a_pm_2": 16.612404920952777, "a_pm_3": -33.298454368985716, "a_pp_1": 10.613297966613423, "a_pp_2": -19.238310894642858, "a_pp_3": -33.95036362824129}, "datetime": {"datetime": "2024-07-12 21:59:07", "elapsed": 33.994824, "delta": 7.930452}}
{"target": -283540.82708321966, "params": {"a_c_1": 0.6079937985757766, "a_c_2": 3.665430972437443, "a_mm_0": 11.740775170282646, "a_mm_1": 1.5606630504412564, "a_mm_2": 1.456528523970114, "a_mm_3": -28.681791942681347, "a_mp_0": -13.4857431550946, "a_mp_1": -5.105355559342527, "a_mp_2": 19.385102459822313, "a_mp_3": -27.76562648601269, "a_pm_0": -25.136025894258708, "a_pm_1": -24.269614973625284, "a_pm_2": 5.0103447978795685, "a_pm_3": -12.581480353858431, "a_pp_1": -36.5842336953343, "a_pp_2": -9.489025563385624, "a_pp_3": -27.282390121379443}, "datetime": {"datetime": "2024-07-12 21:59:07", "elapsed": 198.383758, "delta": 8.749262}}
{"target": -91671.12653618073, "params": {"a_c_1": 3.07480417142286, "a_c_2": 8.801247902493156, "a_mm_0": 7.937859153248233, "a_mm_1": 18.297457824678844, "a_mm_2": -17.937821001792376, "a_mm_3": -27.703613865533256, "a_mp_0": -25.565780779924058, "a_mp_1": 9.671768085285251, "a_mp_2": 17.91368891563492, "a_mp_3": 1.928599902825411, "a_pm_0": -11.050177493570207, "a_pm_1": -22.77701411913203, "a_pm_2": 10.021273060589579, "a_pm_3": 12.330770503965553, "a_pp_1": -34.4721044919645, "a_pp_2": -27.043031738813397, "a_pp_3": 9.905665427471988}, "datetime": {"datetime": "2024-07-12 21:59:12", "elapsed": 81.767298, "delta": 8.320795}}
{"target": -16080.444397034638, "params": {"a_c_1": 8.356724880054315, "a_c_2": 5.633761103390351, "a_mm_0": 12.593712105399625, "a_mm_1": 0.6550904136745643, "a_mm_2": 10.539982766208276, "a_mm_3": 15.569677215495197, "a_mp_0": 16.466952418017335, "a_mp_1": 8.961149115463641, "a_mp_2": -32.116323671233374, "a_mp_3": -19.20219910058416, "a_pm_0": -27.48985032846865, "a_pm_1": 12.042892229391406, "a_pm_2": 7.539813158375473, "a_pm_3": -19.059901558968434, "a_pp_1": -5.851568076661877, "a_pp_2": 8.307892415342096, "a_pp_3": 9.989674684038576}, "datetime": {"datetime": "2024-07-12 21:59:12", "elapsed": 104.336141, "delta": 12.521447}}
{"target": -45705.53082635661, "params": {"a_c_1": 18.851716994539604, "a_c_2": 4.654896748175357, "a_mm_0": 5.779618476521968, "a_mm_1": 5.169211728824777, "a_mm_2": 18.872595147875643, "a_mm_3": 18.396679647735837, "a_mp_0": -37.5945325215299, "a_mp_1": -39.04172334810636, "a_mp_2": -7.402581098587952, "a_mp_3": -37.96734292609545, "a_pm_0": -0.5509218498836503, "a_pm_1": -7.905843900132844, "a_pm_2": -0.0064962339843930295, "a_pm_3": -13.519557737639797, "a_pp_1": -23.65171247657583, "a_pp_2": 16.980136396870634, "a_pp_3": 3.6961664115948167}, "datetime": {"datetime": "2024-07-12 21:59:14", "elapsed": 62.589111, "delta": 10.643425}}
{"target": -81328.65503776555, "params": {"a_c_1": 7.6681813213423045, "a_c_2": 5.103547973392479, "a_mm_0": 17.666184917907792, "a_mm_1": -17.709243080319563, "a_mm_2": -39.25783530397854, "a_mm_3": 11.582413219291489, "a_mp_0": -33.33335502757809, "a_mp_1": -11.299657360792903, "a_mp_2": 10.998801943171614, "a_mp_3": -9.115721979959254, "a_pm_0": -13.203530324661205, "a_pm_1": 8.02858524503418, "a_pm_2": -38.77651729311096, "a_pm_3": -5.642881071532045, "a_pp_1": -15.316983053237408, "a_pp_2": 19.10820786174827, "a_pp_3": 8.084091824664206}, "datetime": {"datetime": "2024-07-12 21:59:15", "elapsed": 42.543941, "delta": 8.549117}}
{"target": -127493.56189999572, "params": {"a_c_1": 15.972084895204205, "a_c_2": 2.9733138150727223, "a_mm_0": -38.34363928272978, "a_mm_1": -4.394053032122741, "a_mm_2": 10.630425735871327, "a_mm_3": -17.13903255626715, "a_mp_0": 4.991498643568605, "a_mp_1": -9.33151130217231, "a_mp_2": -7.542891702268683, "a_mp_3": 17.566059263705142, "a_pm_0": 8.237653489918806, "a_pm_1": -38.06061600258556, "a_pm_2": 2.5632350738777063, "a_pm_3": -12.099911106189637, "a_pp_1": 16.85293648370599, "a_pp_2": -26.7140359405907, "a_pp_3": -23.975678818938054}, "datetime": {"datetime": "2024-07-12 21:59:16", "elapsed": 207.265661, "delta": 8.881903}}
{"target": -91353.85369121465, "params": {"a_c_1": 4.11587353900144, "a_c_2": 7.306802005261156, "a_mm_0": 8.20484984956694, "a_mm_1": -37.41225781879824, "a_mm_2": -33.568755746105204, "a_mm_3": -13.894981008470342, "a_mp_0": -26.747126688355355, "a_mp_1": 12.83732396994084, "a_mp_2": 3.1812522634646783, "a_mp_3": 2.780437612818858, "a_pm_0": 6.191579419562117, "a_pm_1": -20.155178429835715, "a_pm_2": -26.283384890014066, "a_pm_3": -2.4193624479384184, "a_pp_1": -15.131245028476648, "a_pp_2": 16.206864334051154, "a_pp_3": -1.4528548658324638}, "datetime": {"datetime": "2024-07-12 21:59:20", "elapsed": 112.433607, "delta": 8.097466}}
{"target": -144767.80804992607, "params": {"a_c_1": 0.12647874530965497, "a_c_2": 0.993277648941745, "a_mm_0": -2.098465292501224, "a_mm_1": -22.71779038013751, "a_mm_2": -15.542699362500542, "a_mm_3": 6.891867433862586, "a_mp_0": -18.75126770923808, "a_mp_1": 15.548515836755541, "a_mp_2": 3.227127285476982, "a_mp_3": -6.884413556117522, "a_pm_0": -29.14210983849386, "a_pm_1": -15.424516619941034, "a_pm_2": 5.772907390599407, "a_pm_3": 19.44780911102343, "a_pp_1": -35.5808575527624, "a_pp_2": -31.914843579893365, "a_pp_3": 4.402683800115554}, "datetime": {"datetime": "2024-07-12 21:59:21", "elapsed": 70.080152, "delta": 7.491041}}
{"target": -250623.58437213826, "params": {"a_c_1": 16.966077941589923, "a_c_2": 3.1465299876399735, "a_mm_0": -23.242324189188622, "a_mm_1": -14.1510986788924, "a_mm_2": -7.633209984119993, "a_mm_3": -34.265991099603184, "a_mp_0": 10.21472832281691, "a_mp_1": -7.91590777892074, "a_mp_2": 6.498068902455415, "a_mp_3": -26.14982406542039, "a_pm_0": 17.91760106638194, "a_pm_1": 5.061638439102758, "a_pm_2": -19.414368136482313, "a_pm_3": 16.911658817597285, "a_pp_1": 2.0307067379763666, "a_pp_2": 10.433665129174216, "a_pp_3": -37.27016164864787}, "datetime": {"datetime": "2024-07-12 21:59:24", "elapsed": 93.285003, "delta": 11.517705}}
{"target": -377278.01192859013, "params": {"a_c_1": 1.62947929754524, "a_c_2": 4.2861882866378656, "a_mm_0": -33.458874158855906, "a_mm_1": -1.972794363284926, "a_mm_2": 8.17779424242427, "a_mm_3": 1.808029767210705, "a_mp_0": 5.972682864546229, "a_mp_1": -19.452752809388812, "a_mp_2": 10.751088981660658, "a_mp_3": -14.273873500033446, "a_pm_0": 9.440592224739127, "a_pm_1": -2.4102304825423744, "a_pm_2": -31.394617079785306, "a_pm_3": -35.29678600870312, "a_pp_1": -38.90004142521956, "a_pp_2": -35.99650014163861, "a_pp_3": -12.484971177494092}, "datetime": {"datetime": "2024-07-12 21:59:24", "elapsed": 215.120797, "delta": 7.855136}}
{"target": -22346.758270766073, "params": {"a_c_1": 1.079242042902937, "a_c_2": 1.9047777345550265, "a_mm_0": -12.854869250981473, "a_mm_1": 2.1765246270786918, "a_mm_2": -20.077111027859356, "a_mm_3": -18.401008289721542, "a_mp_0": 15.288233957550617, "a_mp_1": 17.217830343640827, "a_mp_2": -15.538856279371384, "a_mp_3": 13.914269293083393, "a_pm_0": -20.184804882429624, "a_pm_1": -35.03568585520074, "a_pm_2": -8.396946072484518, "a_pm_3": -0.3493365424968786, "a_pp_1": 13.579057661317904, "a_pp_2": 17.909452820860437, "a_pp_3": 6.195960613478881}, "datetime": {"datetime": "2024-07-12 21:59:26", "elapsed": 53.659983, "delta": 11.116042}}
{"target": -208056.2322500545, "params": {"a_c_1": 7.7380068602473635, "a_c_2": 8.551196608041906, "a_mm_0": -17.152444977027518, "a_mm_1": -29.30141033333679, "a_mm_2": 6.8995655399648825, "a_mm_3": -11.667484755051916, "a_mp_0": -24.431175735743373, "a_mp_1": 1.5439547528738586, "a_mp_2": 18.829104739926706, "a_mp_3": -25.22478466193261, "a_pm_0": 7.414628155642717, "a_pm_1": 5.740114653443534, "a_pm_2": -32.79761246935516, "a_pm_3": 10.334155673540039, "a_pp_1": -12.295665714608099, "a_pp_2": -32.45311704681475, "a_pp_3": -7.819391614235883}, "datetime": {"datetime": "2024-07-12 21:59:29", "elapsed": 120.858657, "delta": 8.42505}}
{"target": -124035.4110153113, "params": {"a_c_1": 16.675627398427824, "a_c_2": 0.8877285739020269, "a_mm_0": 9.765076983260343, "a_mm_1": 7.203938866105069, "a_mm_2": 1.293276392247563, "a_mm_3": -19.604415011070696, "a_mp_0": -13.327560127941975, "a_mp_1": -18.019831644907942, "a_mp_2": 10.427963883330932, "a_mp_3": -20.30067178714551, "a_pm_0": -20.645501424804657, "a_pm_1": 16.11745143402125, "a_pm_2": 15.199240861873868, "a_pm_3": 18.12044752263091, "a_pp_1": 8.452937192876043, "a_pp_2": -34.785062941434084, "a_pp_3": -34.545366902745386}, "datetime": {"datetime": "2024-07-12 21:59:29", "elapsed": 77.677242, "delta": 7.59709}}
