{"target": -70322.81439306248, "params": {"a_c_1": 12.057968002602315, "a_c_2": 5.238023296476539, "a_mm_0": -31.17617861548983, "a_mm_1": 18.829970914644967, "a_mm_2": -12.768241132557108, "a_mm_3": -5.5308747021598705, "a_mp_0": -13.330098077580463, "a_mp_1": 3.814486852640009, "a_mp_2": -36.21740335253486, "a_mp_3": 1.273479248782067, "a_pm_0": 1.3878104855262876, "a_pm_1": 18.06207620226577, "a_pm_2": 1.3980103191506927, "a_pm_3": -7.238074550070159, "a_pp_1": -21.79216892573983, "a_pp_2": -2.879179271965185, "a_pp_3": 6.9540051835034475}, "datetime": {"datetime": "2024-07-12 23:11:43", "elapsed": 4411.400697, "delta": 9.803867}}
{"target": -180079.29441661786, "params": {"a_c_1": 2.6936512756127184, "a_c_2": 0.5774067616243683, "a_mm_0": -38.10235269837123, "a_mm_1": -36.69542260429567, "a_mm_2": -18.56995282189663, "a_mm_3": 16.833533216667433, "a_mp_0": -24.979105089608044, "a_mp_1": 1.3047920963075725, "a_mp_2": -11.5231111075266, "a_mp_3": -20.868671138641837, "a_pm_0": 1.0944319923646617, "a_pm_1": 14.754444379401932, "a_pm_2": -10.970320158014598, "a_pm_3": -27.177726566604807, "a_pp_1": -27.71078504791212, "a_pp_2": -1.5635720471915846, "a_pp_3": -26.416803516326794}, "datetime": {"datetime": "2024-07-12 23:11:44", "elapsed": 4391.206465, "delta": 10.473585}}
{"target": -10944.94388562605, "params": {"a_c_1": 6.748790194348924, "a_c_2": 5.5144794947431555, "a_mm_0": -24.687666958187407, "a_mm_1": -8.045104595826594, "a_mm_2": 18.84118313640362, "a_mm_3": 14.724273829325305, "a_mp_0": 3.5594054508808455, "a_mp_1": -27.990102651850616, "a_mp_2": 1.5776397546040357, "a_mp_3": -19.403240216535952, "a_pm_0": -26.39770268524977, "a_pm_1": -33.17249445884753, "a_pm_2": 14.272126300935192, "a_pm_3": -0.37092147428805333, "a_pp_1": 19.716439144027234, "a_pp_2": 16.86194043065165, "a_pp_3": 8.645148158006428}, "datetime": {"datetime": "2024-07-12 23:11:44", "elapsed": 4433.851526, "delta": 10.541411}}
{"target": -8337.959250419528, "params": {"a_c_1": 20.0, "a_c_2": 10.0, "a_mm_0": 20.0, "a_mm_1": -40.0, "a_mm_2": 0.5552036985272621, "a_mm_3": -19.54760227800567, "a_mp_0": -9.262839576688506, "a_mp_1": 20.0, "a_mp_2": 20.0, "a_mp_3": 20.0, "a_pm_0": -40.0, "a_pm_1": -26.997708966486876, "a_pm_2": -19.391651986548393, "a_pm_3": 20.0, "a_pp_1": -23.94375834799634, "a_pp_2": 20.0, "a_pp_3": 20.0}, "datetime": {"datetime": "2024-07-12 23:11:48", "elapsed": 4558.62525, "delta": 14.431156}}
{"target": -5477.820572755082, "params": {"a_c_1": 20.0, "a_c_2": 10.0, "a_mm_0": 20.0, "a_mm_1": 20.0, "a_mm_2": 20.0, "a_mm_3": 20.0, "a_mp_0": 20.0, "a_mp_1": 20.0, "a_mp_2": 20.0, "a_mp_3": 20.0, "a_pm_0": -40.0, "a_pm_1": 20.0, "a_pm_2": -40.0, "a_pm_3": 20.0, "a_pp_1": 20.0, "a_pp_2": 20.0, "a_pp_3": 20.0}, "datetime": {"datetime": "2024-07-12 23:11:52", "elapsed": 4464.145579, "delta": 12.164882}}
{"target": -86520.16463199639, "params": {"a_c_1": 4.658933797140927, "a_c_2": 3.261395665000845, "a_mm_0": -17.955106646883713, "a_mm_1": 14.537793753118187, "a_mm_2": 9.828360949647958, "a_mm_3": -18.72357914362431, "a_mp_0": 6.673139067981452, "a_mp_1": -3.222647156734716, "a_mp_2": 15.386223957414316, "a_mp_3": -17.824615906733104, "a_pm_0": -8.743248866437689, "a_pm_1": -4.277456935678181, "a_pm_2": 13.808931569066807, "a_pm_3": 5.5174552364227765, "a_pp_1": -9.848332483601588, "a_pp_2": -3.868237434573274, "a_pp_3": -21.497996720932875}, "datetime": {"datetime": "2024-07-12 23:11:53", "elapsed": 4400.924639, "delta": 9.718174}}
{"target": -18425.77622296009, "params": {"a_c_1": 20.0, "a_c_2": 10.0, "a_mm_0": 20.0, "a_mm_1": 20.0, "a_mm_2": 20.0, "a_mm_3": 20.0, "a_mp_0": -40.0, "a_mp_1": 20.0, "a_mp_2": 20.0, "a_mp_3": -40.0, "a_pm_0": 20.0, "a_pm_1": 20.0, "a_pm_2": 20.0, "a_pm_3": 20.0, "a_pp_1": 20.0, "a_pp_2": -27.218459759846983, "a_pp_3": 20.0}, "datetime": {"datetime": "2024-07-12 23:11:54", "elapsed": 4422.860856, "delta": 11.460159}}
{"target": -6731.049753327126, "params": {"a_c_1": 20.0, "a_c_2": 10.0, "a_mm_0": -40.0, "a_mm_1": 20.0, "a_mm_2": -2.744398711064208, "a_mm_3": -4.909358292621937, "a_mp_0": -40.0, "a_mp_1": -17.586436681863002, "a_mp_2": -5.6034443434952, "a_mp_3": 20.0, "a_pm_0": -40.0, "a_pm_1": 20.0, "a_pm_2": 20.0, "a_pm_3": -17.19748587742604, "a_pp_1": 20.0, "a_pp_2": 8.294811703145552, "a_pp_3": 20.0}, "datetime": {"datetime": "2024-07-12 23:11:58", "elapsed": 4569.287143, "delta": 10.661893}}
{"target": -5330.285721118228, "params": {"a_c_1": 20.0, "a_c_2": 10.0, "a_mm_0": 20.0, "a_mm_1": 20.0, "a_mm_2": -40.0, "a_mm_3": 20.0, "a_mp_0": -40.0, "a_mp_1": -40.0, "a_mp_2": 20.0, "a_mp_3": 20.0, "a_pm_0": 20.0, "a_pm_1": 20.0, "a_pm_2": 20.0, "a_pm_3": 20.0, "a_pp_1": 20.0, "a_pp_2": 20.0, "a_pp_3": 20.0}, "datetime": {"datetime": "2024-07-12 23:11:59", "elapsed": 4449.040632, "delta": 15.189106}}
{"target": -399021.08590652957, "params": {"a_c_1": 3.18951842371918, "a_c_2": 4.333276549757201, "a_mm_0": -20.96863642255867, "a_mm_1": -29.542060194472803, "a_mm_2": -15.659477984153693, "a_mm_3": 9.502344270841768, "a_mp_0": -18.182940395792983, "a_mp_1": -24.65473608877986, "a_mp_2": -39.45442535147293, "a_mp_3": -29.940686494224668, "a_pm_0": -39.58911474125771, "a_pm_1": -37.009556978587995, "a_pm_2": -23.26086466983818, "a_pm_3": -21.55881507041705, "a_pp_1": 5.50143396091962, "a_pp_2": -9.026476737580992, "a_pp_3": 10.162253566244644}, "datetime": {"datetime": "2024-07-12 23:12:03", "elapsed": 4431.495614, "delta": 8.634758}}
{"target": -9667.68483958048, "params": {"a_c_1": 20.0, "a_c_2": 0.0, "a_mm_0": -40.0, "a_mm_1": 20.0, "a_mm_2": 20.0, "a_mm_3": 20.0, "a_mp_0": 20.0, "a_mp_1": 20.0, "a_mp_2": -29.587173601140027, "a_mp_3": 20.0, "a_pm_0": -40.0, "a_pm_1": 20.0, "a_pm_2": -6.380808587253636, "a_pm_3": 20.0, "a_pp_1": -27.642295045610727, "a_pp_2": 20.0, "a_pp_3": 20.0}, "datetime": {"datetime": "2024-07-12 23:12:03", "elapsed": 4475.194513, "delta": 11.048934}}
{"target": -6401.588098750842, "params": {"a_c_1": 20.0, "a_c_2": 10.0, "a_mm_0": -40.0, "a_mm_1": 20.0, "a_mm_2": -25.69369030217235, "a_mm_3": -2.877335872935349, "a_mp_0": 20.0, "a_mp_1": 20.0, "a_mp_2": -24.673477972581505, "a_mp_3": 9.473921896072493, "a_pm_0": 7.597902897093396, "a_pm_1": -9.546456274907046, "a_pm_2": 20.0, "a_pm_3": 20.0, "a_pp_1": 1.2597895025865187, "a_pp_2": 20.0, "a_pp_3": 20.0}, "datetime": {"datetime": "2024-07-12 23:12:07", "elapsed": 4414.525742, "delta": 13.601103}}
{"target": -36808.708960103366, "params": {"a_c_1": 0.0, "a_c_2": 10.0, "a_mm_0": -40.0, "a_mm_1": -40.0, "a_mm_2": 20.0, "a_mm_3": 20.0, "a_mp_0": 20.0, "a_mp_1": 20.0, "a_mp_2": -40.0, "a_mp_3": 20.0, "a_pm_0": 20.0, "a_pm_1": 20.0, "a_pm_2": 20.0, "a_pm_3": -17.963401360700633, "a_pp_1": 20.0, "a_pp_2": 20.0, "a_pp_3": 20.0}, "datetime": {"datetime": "2024-07-12 23:12:11", "elapsed": 4582.436751, "delta": 13.149608}}
{"target": -229355.6112812003, "params": {"a_c_1": 17.141506799401423, "a_c_2": 0.6914235476947594, "a_mm_0": 16.730337329407106, "a_mm_1": 10.488996350014979, "a_mm_2": 15.465101257945058, "a_mm_3": -21.922345927794055, "a_mp_0": -38.66032449427232, "a_mp_1": 6.947357065059748, "a_mp_2": 4.129326464694458, "a_mp_3": -34.24324371425284, "a_pm_0": -32.59638937302505, "a_pm_1": -18.975210697910928, "a_pm_2": -21.7080337716818, "a_pm_3": -14.524488731210749, "a_pp_1": -15.607490482120042, "a_pp_2": 8.058960722971399, "a_pp_3": -11.454345068204816}, "datetime": {"datetime": "2024-07-12 23:12:11", "elapsed": 4440.067096, "delta": 8.571482}}
{"target": -15747.236973079916, "params": {"a_c_1": 20.0, "a_c_2": 10.0, "a_mm_0": 20.0, "a_mm_1": 20.0, "a_mm_2": 20.0, "a_mm_3": -9.482607343873067, "a_mp_0": -40.0, "a_mp_1": 20.0, "a_mp_2": 20.0, "a_mp_3": 20.0, "a_pm_0": -40.0, "a_pm_1": -40.0, "a_pm_2": 20.0, "a_pm_3": 20.0, "a_pp_1": 20.0, "a_pp_2": -17.308094658738572, "a_pp_3": 20.0}, "datetime": {"datetime": "2024-07-12 23:12:13", "elapsed": 4484.734544, "delta": 9.540031}}
{"target": -1486.7073419140786, "params": {"a_c_1": 0.0, "a_c_2": 10.0, "a_mm_0": 20.0, "a_mm_1": 20.0, "a_mm_2": 20.0, "a_mm_3": 20.0, "a_mp_0": 20.0, "a_mp_1": -12.022821523765842, "a_mp_2": -15.455852946132824, "a_mp_3": 20.0, "a_pm_0": 20.0, "a_pm_1": -40.0, "a_pm_2": 8.305338962852975, "a_pm_3": 20.0, "a_pp_1": 20.0, "a_pp_2": 20.0, "a_pp_3": 20.0}, "datetime": {"datetime": "2024-07-12 23:12:14", "elapsed": 4463.388937, "delta": 14.348305}}
{"target": -5654.639267885958, "params": {"a_c_1": 0.0, "a_c_2": 10.0, "a_mm_0": -40.0, "a_mm_1": 20.0, "a_mm_2": 20.0, "a_mm_3": 20.0, "a_mp_0": 20.0, "a_mp_1": -40.0, "a_mp_2": -40.0, "a_mp_3": 20.0, "a_pm_0": -40.0, "a_pm_1": 20.0, "a_pm_2": 20.0, "a_pm_3": 20.0, "a_pp_1": 20.0, "a_pp_2": 20.0, "a_pp_3": 20.0}, "datetime": {"datetime": "2024-07-12 23:12:19", "elapsed": 4426.084434, "delta": 11.558692}}
{"target": -256666.2126904434, "params": {"a_c_1": 14.306970070522844, "a_c_2": 2.022015701417874, "a_mm_0": 9.998117775341441, "a_mm_1": 16.291311553812122, "a_mm_2": -24.651120149330545, "a_mm_3": -0.042333816552975634, "a_mp_0": -30.349323423415072, "a_mp_1": -27.87968580514966, "a_mp_2": -11.826414135416432, "a_mp_3": -25.751978659392044, "a_pm_0": -20.27944841981606, "a_pm_1": -14.452690140661414, "a_pm_2": 14.150948269490243, "a_pm_3": -19.685927887688617, "a_pp_1": 4.845014160070249, "a_pp_2": -26.86336295099673, "a_pp_3": -19.220708076518875}, "datetime": {"datetime": "2024-07-12 23:12:22", "elapsed": 4471.712062, "delta": 8.323125}}
{"target": -15931.736109386238, "params": {"a_c_1": 20.0, "a_c_2": 10.0, "a_mm_0": -40.0, "a_mm_1": 20.0, "a_mm_2": 20.0, "a_mm_3": 20.0, "a_mp_0": -40.0, "a_mp_1": -40.0, "a_mp_2": 3.2968467105139703, "a_mp_3": -15.433237164747107, "a_pm_0": -40.0, "a_pm_1": -16.24513180655115, "a_pm_2": 20.0, "a_pm_3": 20.0, "a_pp_1": -1.8309967998160845, "a_pp_2": -3.268510064323637, "a_pp_3": 20.0}, "datetime": {"datetime": "2024-07-12 23:12:23", "elapsed": 4451.168689, "delta": 11.101593}}
{"target": -988.8710577058107, "params": {"a_c_1": 8.524098803960186, "a_c_2": 5.7341900355276385, "a_mm_0": -38.12538883337295, "a_mm_1": 18.57916939911987, "a_mm_2": 6.026605200607008, "a_mm_3": -11.43153098880315, "a_mp_0": 8.144868908295216, "a_mp_1": 12.626353092076627, "a_mp_2": 11.412409836780874, "a_mp_3": 3.3654422469986116, "a_pm_0": 14.494841801008398, "a_pm_1": -7.006307332668477, "a_pm_2": -2.083574496934858, "a_pm_3": 10.079886995188922, "a_pp_1": -18.817881796197476, "a_pp_2": 16.49029077596623, "a_pp_3": 11.408855839740916}, "datetime": {"datetime": "2024-07-12 23:12:24", "elapsed": 4495.72226, "delta": 10.987716}}
{"target": -6376.1444902272715, "params": {"a_c_1": 0.0, "a_c_2": 10.0, "a_mm_0": -40.0, "a_mm_1": -40.0, "a_mm_2": -31.87137150318634, "a_mm_3": 20.0, "a_mp_0": 20.0, "a_mp_1": 20.0, "a_mp_2": 20.0, "a_mp_3": 20.0, "a_pm_0": -40.0, "a_pm_1": 20.0, "a_pm_2": -24.11944421463092, "a_pm_3": 20.0, "a_pp_1": 20.0, "a_pp_2": 20.0, "a_pp_3": 20.0}, "datetime": {"datetime": "2024-07-12 23:12:24", "elapsed": 4595.289587, "delta": 12.852836}}
{"target": -164136.0626609926, "params": {"a_c_1": 4.202734301679978, "a_c_2": 8.005254639824077, "a_mm_0": -36.92587133834928, "a_mm_1": 12.45824009506957, "a_mm_2": -31.362774023715748, "a_mm_3": 1.7460757792049861, "a_mp_0": -4.9971091385059765, "a_mp_1": -8.121965701473034, "a_mp_2": 8.55785833134086, "a_mp_3": 0.5080491539919549, "a_pm_0": 3.7651857007657057, "a_pm_1": -20.59894248048956, "a_pm_2": -34.56444123395127, "a_pm_3": -21.05845005857343, "a_pp_1": 1.348501055869221, "a_pp_2": -20.925170014219166, "a_pp_3": -8.119007051126395}, "datetime": {"datetime": "2024-07-12 23:12:30", "elapsed": 4459.090218, "delta": 7.921529}}
{"target": -5114.553500241697, "params": {"a_c_1": 0.0, "a_c_2": 10.0, "a_mm_0": 20.0, "a_mm_1": -7.648325874720513, "a_mm_2": -40.0, "a_mm_3": 20.0, "a_mp_0": -40.0, "a_mp_1": 20.0, "a_mp_2": 20.0, "a_mp_3": 20.0, "a_pm_0": -14.106349879607242, "a_pm_1": -13.942060639012178, "a_pm_2": 20.0, "a_pm_3": 20.0, "a_pp_1": 20.0, "a_pp_2": 20.0, "a_pp_3": 20.0}, "datetime": {"datetime": "2024-07-12 23:12:31", "elapsed": 4438.351583, "delta": 12.267149}}
{"target": -1162.5349695526425, "params": {"a_c_1": 20.0, "a_c_2": 10.0, "a_mm_0": 20.0, "a_mm_1": 20.0, "a_mm_2": 20.0, "a_mm_3": 20.0, "a_mp_0": -40.0, "a_mp_1": -40.0, "a_mp_2": 20.0, "a_mp_3": 20.0, "a_pm_0": 20.0, "a_pm_1": 20.0, "a_pm_2": 20.0, "a_pm_3": 20.0, "a_pp_1": 20.0, "a_pp_2": 20.0, "a_pp_3": 20.0}, "datetime": {"datetime": "2024-07-12 23:12:34", "elapsed": 4604.830515, "delta": 9.540928}}
{"target": -3147.096705689623, "params": {"a_c_1": 20.0, "a_c_2": 10.0, "a_mm_0": 1.2517722835044311, "a_mm_1": 11.796191081713364, "a_mm_2": 20.0, "a_mm_3": -9.664188975118225, "a_mp_0": -40.0, "a_mp_1": 20.0, "a_mp_2": -5.846523110384049, "a_mp_3": -8.193331478125698, "a_pm_0": -14.653353476688661, "a_pm_1": 20.0, "a_pm_2": 20.0, "a_pm_3": -1.445130634477273, "a_pp_1": -27.663297623084944, "a_pp_2": -5.768816945793266, "a_pp_3": 20.0}, "datetime": {"datetime": "2024-07-12 23:12:34", "elapsed": 4506.393883, "delta": 10.671623}}
{"target": -5122.163775581776, "params": {"a_c_1": 20.0, "a_c_2": 10.0, "a_mm_0": -40.0, "a_mm_1": -40.0, "a_mm_2": -23.41273110155395, "a_mm_3": 20.0, "a_mp_0": -40.0, "a_mp_1": -15.867253100004152, "a_mp_2": 20.0, "a_mp_3": 20.0, "a_pm_0": 20.0, "a_pm_1": 20.0, "a_pm_2": 20.0, "a_pm_3": -17.460455615324246, "a_pp_1": 20.0, "a_pp_2": 20.0, "a_pp_3": 20.0}, "datetime": {"datetime": "2024-07-12 23:12:36", "elapsed": 4485.457868, "delta": 13.745806}}
{"target": -5338.08771096001, "params": {"a_c_1": 0.0, "a_c_2": 0.0, "a_mm_0": 20.0, "a_mm_1": 20.0, "a_mm_2": 20.0, "a_mm_3": 20.0, "a_mp_0": 20.0, "a_mp_1": 20.0, "a_mp_2": 20.0, "a_mp_3": 20.0, "a_pm_0": 20.0, "a_pm_1": -40.0, "a_pm_2": 20.0, "a_pm_3": 20.0, "a_pp_1": -40.0, "a_pp_2": 20.0, "a_pp_3": 20.0}, "datetime": {"datetime": "2024-07-12 23:12:45", "elapsed": 4615.646857, "delta": 10.816342}}
{"target": -9484.308600846167, "params": {"a_c_1": 0.0, "a_c_2": 10.0, "a_mm_0": -40.0, "a_mm_1": -12.093434823605495, "a_mm_2": 20.0, "a_mm_3": 20.0, "a_mp_0": -40.0, "a_mp_1": 20.0, "a_mp_2": 20.0, "a_mp_3": 20.0, "a_pm_0": -40.0, "a_pm_1": 20.0, "a_pm_2": -24.76722288106002, "a_pm_3": 20.0, "a_pp_1": -40.0, "a_pp_2": 20.0, "a_pp_3": 20.0}, "datetime": {"datetime": "2024-07-12 23:12:45", "elapsed": 4517.433898, "delta": 11.040015}}
{"target": -2827.6922116197975, "params": {"a_c_1": 20.0, "a_c_2": 10.0, "a_mm_0": 20.0, "a_mm_1": 20.0, "a_mm_2": -27.101571169936772, "a_mm_3": 20.0, "a_mp_0": 20.0, "a_mp_1": -40.0, "a_mp_2": 20.0, "a_mp_3": 20.0, "a_pm_0": 20.0, "a_pm_1": 20.0, "a_pm_2": 20.0, "a_pm_3": 20.0, "a_pp_1": -40.0, "a_pp_2": 20.0, "a_pp_3": 20.0}, "datetime": {"datetime": "2024-07-12 23:12:46", "elapsed": 4453.287272, "delta": 14.935689}}
{"target": -10771.233480304312, "params": {"a_c_1": 20.0, "a_c_2": 0.0, "a_mm_0": -40.0, "a_mm_1": 20.0, "a_mm_2": -27.298019933261607, "a_mm_3": 20.0, "a_mp_0": 20.0, "a_mp_1": -40.0, "a_mp_2": 20.0, "a_mp_3": 20.0, "a_pm_0": 20.0, "a_pm_1": 20.0, "a_pm_2": -40.0, "a_pm_3": 20.0, "a_pp_1": -13.467227583777216, "a_pp_2": 20.0, "a_pp_3": 20.0}, "datetime": {"datetime": "2024-07-12 23:12:48", "elapsed": 4476.486137, "delta": 17.395919}}
{"target": -9583.987762551904, "params": {"a_c_1": 20.0, "a_c_2": 10.0, "a_mm_0": -40.0, "a_mm_1": 20.0, "a_mm_2": -14.319146917014184, "a_mm_3": 20.0, "a_mp_0": 20.0, "a_mp_1": -40.0, "a_mp_2": -2.416653993828019, "a_mp_3": -31.780894822674206, "a_pm_0": 20.0, "a_pm_1": 20.0, "a_pm_2": 20.0, "a_pm_3": 20.0, "a_pp_1": -13.017384876920255, "a_pp_2": 20.0, "a_pp_3": 20.0}, "datetime": {"datetime": "2024-07-12 23:12:48", "elapsed": 4498.17276, "delta": 12.714892}}
{"target": -214130.54097662232, "params": {"a_c_1": 12.02305547018719, "a_c_2": 2.7543463395895564, "a_mm_0": -8.459820788331324, "a_mm_1": 15.407686649829536, "a_mm_2": -8.14153046579079, "a_mm_3": -12.271619492741074, "a_mp_0": -18.515961016073014, "a_mp_1": -13.84288420161764, "a_mp_2": -24.85247922109494, "a_mp_3": -20.433197695961866, "a_pm_0": -35.252508128266555, "a_pm_1": -22.796452343982068, "a_pm_2": -5.76018593861086, "a_pm_3": -29.456683881832113, "a_pp_1": -3.9350179628222293, "a_pp_2": -7.351421332497516, "a_pp_3": -16.769415230980012}, "datetime": {"datetime": "2024-07-12 23:12:57", "elapsed": 4507.00959, "delta": 8.83683}}
{"target": -5718.61476701742, "params": {"a_c_1": 20.0, "a_c_2": 10.0, "a_mm_0": -40.0, "a_mm_1": -40.0, "a_mm_2": -40.0, "a_mm_3": 20.0, "a_mp_0": 20.0, "a_mp_1": 20.0, "a_mp_2": 20.0, "a_mp_3": 20.0, "a_pm_0": -40.0, "a_pm_1": 20.0, "a_pm_2": 20.0, "a_pm_3": -13.984402062327781, "a_pp_1": 20.0, "a_pp_2": 20.0, "a_pp_3": 20.0}, "datetime": {"datetime": "2024-07-12 23:12:58", "elapsed": 4628.833562, "delta": 13.186705}}
{"target": -19723.451929835966, "params": {"a_c_1": 0.0, "a_c_2": 10.0, "a_mm_0": 20.0, "a_mm_1": 20.0, "a_mm_2": 20.0, "a_mm_3": -37.57984111385298, "a_mp_0": -40.0, "a_mp_1": 20.0, "a_mp_2": 20.0, "a_mp_3": 20.0, "a_pm_0": 20.0, "a_pm_1": 20.0, "a_pm_2": -40.0, "a_pm_3": 20.0, "a_pp_1": 20.0, "a_pp_2": 20.0, "a_pp_3": 20.0}, "datetime": {"datetime": "2024-07-12 23:12:58", "elapsed": 4530.291287, "delta": 12.857389}}
{"target": -13291.845217143102, "params": {"a_c_1": 20.0, "a_c_2": 10.0, "a_mm_0": 20.0, "a_mm_1": 20.0, "a_mm_2": 20.0, "a_mm_3": -23.405332871472574, "a_mp_0": 20.0, "a_mp_1": 20.0, "a_mp_2": -17.08529104886548, "a_mp_3": 20.0, "a_pm_0": 20.0, "a_pm_1": -40.0, "a_pm_2": 20.0, "a_pm_3": 20.0, "a_pp_1": -40.0, "a_pp_2": 20.0, "a_pp_3": 20.0}, "datetime": {"datetime": "2024-07-12 23:13:03", "elapsed": 4491.106866, "delta": 14.620729}}
{"target": -1851.663420735894, "params": {"a_c_1": 0.0, "a_c_2": 10.0, "a_mm_0": 20.0, "a_mm_1": 20.0, "a_mm_2": -22.89717448419459, "a_mm_3": 20.0, "a_mp_0": 20.0, "a_mp_1": -40.0, "a_mp_2": 20.0, "a_mp_3": -2.143341731482306, "a_pm_0": -40.0, "a_pm_1": 20.0, "a_pm_2": 20.0, "a_pm_3": 20.0, "a_pp_1": 20.0, "a_pp_2": 20.0, "a_pp_3": 20.0}, "datetime": {"datetime": "2024-07-12 23:13:05", "elapsed": 4472.285465, "delta": 18.998193}}
{"target": -89950.73175421655, "params": {"a_c_1": 6.353409024838665, "a_c_2": 5.405866772809771, "a_mm_0": -12.83188555211175, "a_mm_1": 2.3355231881552, "a_mm_2": -23.33916993480887, "a_mm_3": -0.2178036114244719, "a_mp_0": -22.205831851063355, "a_mp_1": -17.554828501569972, "a_mp_2": -22.570933708687427, "a_mp_3": -5.430494212358155, "a_pm_0": -17.679251644299573, "a_pm_1": 11.863530007621812, "a_pm_2": 2.771867965081306, "a_pm_3": -8.66308784119041, "a_pp_1": -36.225978690018884, "a_pp_2": 11.673716082033842, "a_pp_3": -16.370755690521317}, "datetime": {"datetime": "2024-07-12 23:13:07", "elapsed": 4516.665221, "delta": 9.655631}}
{"target": -289337.9425781212, "params": {"a_c_1": 9.052445611962927, "a_c_2": 8.258737869411034, "a_mm_0": -11.22999689838532, "a_mm_1": -28.740437241745518, "a_mm_2": 14.959041836933281, "a_mm_3": -25.393442240850696, "a_mp_0": -20.58984791469176, "a_mp_1": -28.22424027343422, "a_mp_2": -31.596153596994604, "a_mp_3": -0.8622861460202529, "a_pm_0": -2.7508950428059364, "a_pm_1": -31.757833469570578, "a_pm_2": -19.975020421267132, "a_pm_3": -3.7042797820955826, "a_pp_1": 9.25040118853748, "a_pp_2": -12.502304628788199, "a_pp_3": -39.34847467786605}, "datetime": {"datetime": "2024-07-12 23:13:07", "elapsed": 4539.214816, "delta": 8.923529}}
{"target": -5505.052049956087, "params": {"a_c_1": 0.0, "a_c_2": 10.0, "a_mm_0": 20.0, "a_mm_1": -40.0, "a_mm_2": -40.0, "a_mm_3": 20.0, "a_mp_0": 20.0, "a_mp_1": 20.0, "a_mp_2": 20.0, "a_mp_3": 20.0, "a_pm_0": -40.0, "a_pm_1": -40.0, "a_pm_2": 20.0, "a_pm_3": 20.0, "a_pp_1": 20.0, "a_pp_2": 20.0, "a_pp_3": 20.0}, "datetime": {"datetime": "2024-07-12 23:13:09", "elapsed": 4640.481678, "delta": 11.648116}}
{"target": -256384.57304194916, "params": {"a_c_1": 18.177891890317063, "a_c_2": 8.664476145492017, "a_mm_0": -19.170794106602585, "a_mm_1": 10.031760084854163, "a_mm_2": -37.98395860289054, "a_mm_3": -12.01238475076045, "a_mp_0": -14.423418696782257, "a_mp_1": -8.419613876385892, "a_mp_2": -5.773964180069953, "a_mp_3": -19.689148077828513, "a_pm_0": -34.386903972440074, "a_pm_1": 14.755673174225116, "a_pm_2": -10.961708878439222, "a_pm_3": 11.701121338422311, "a_pp_1": -7.329579065740738, "a_pp_2": -31.685131420487913, "a_pp_3": -26.02028829466194}, "datetime": {"datetime": "2024-07-12 23:13:12", "elapsed": 4500.440675, "delta": 9.333809}}
{"target": -10451.391967022728, "params": {"a_c_1": 20.0, "a_c_2": 10.0, "a_mm_0": -10.49519241501888, "a_mm_1": -40.0, "a_mm_2": 20.0, "a_mm_3": 20.0, "a_mp_0": -6.051163795373204, "a_mp_1": -14.391573299355654, "a_mp_2": 20.0, "a_mp_3": -13.435950548377239, "a_pm_0": -13.997239307118734, "a_pm_1": -6.895784038629612, "a_pm_2": 20.0, "a_pm_3": 20.0, "a_pp_1": -13.776201938972472, "a_pp_2": 0.8750866369951067, "a_pp_3": -6.030219140523568}, "datetime": {"datetime": "2024-07-12 23:13:16", "elapsed": 4526.181095, "delta": 9.515874}}
{"target": -4106.19919296738, "params": {"a_c_1": 20.0, "a_c_2": 10.0, "a_mm_0": 20.0, "a_mm_1": -40.0, "a_mm_2": -11.089224795752221, "a_mm_3": -14.604636228079992, "a_mp_0": -13.772089293937237, "a_mp_1": 20.0, "a_mp_2": 10.068936928753022, "a_mp_3": 20.0, "a_pm_0": -5.248503686406797, "a_pm_1": -0.026342052698349407, "a_pm_2": -22.248027073726508, "a_pm_3": -7.663737265065129, "a_pp_1": 20.0, "a_pp_2": 20.0, "a_pp_3": 20.0}, "datetime": {"datetime": "2024-07-12 23:13:19", "elapsed": 4486.02294, "delta": 13.737475}}
{"target": -26346.0509857243, "params": {"a_c_1": 20.0, "a_c_2": 10.0, "a_mm_0": -40.0, "a_mm_1": -40.0, "a_mm_2": 20.0, "a_mm_3": -20.039104935551208, "a_mp_0": 20.0, "a_mp_1": -40.0, "a_mp_2": 20.0, "a_mp_3": 20.0, "a_pm_0": -40.0, "a_pm_1": -24.52060383610443, "a_pm_2": 20.0, "a_pm_3": 20.0, "a_pp_1": -24.174274301402928, "a_pp_2": 20.0, "a_pp_3": 20.0}, "datetime": {"datetime": "2024-07-12 23:13:19", "elapsed": 4551.369635, "delta": 12.154819}}
