{"target": -299810.1370859966, "params": {"a_c_1": 12.000763447323436, "a_c_2": 9.128649283907317, "a_mm_0": 10.09000757702529, "a_mm_1": -37.63268981498602, "a_mm_2": -33.5369318279034, "a_mm_3": -25.875799515197805, "a_mp_0": 6.884183944899561, "a_mp_1": -4.4171406189511515, "a_mp_2": -14.19406755407929, "a_mp_3": 16.065364234739135, "a_pm_0": -9.793737736980962, "a_pm_1": -30.793688404388515, "a_pm_2": 10.66391082667446, "a_pm_3": -9.23629282062064, "a_pp_1": -28.6636161518467, "a_pp_2": -6.782470988019206, "a_pp_3": -22.04895715101612}, "datetime": {"datetime": "2024-07-12 23:05:32", "elapsed": 4183.320979, "delta": 9.259749}}
{"target": -21795.558068483162, "params": {"a_c_1": 20.0, "a_c_2": 10.0, "a_mm_0": 20.0, "a_mm_1": 20.0, "a_mm_2": 20.0, "a_mm_3": -40.0, "a_mp_0": 20.0, "a_mp_1": 20.0, "a_mp_2": 20.0, "a_mp_3": 20.0, "a_pm_0": 20.0, "a_pm_1": 20.0, "a_pm_2": -31.12181299842607, "a_pm_3": 20.0, "a_pp_1": 20.0, "a_pp_2": 20.0, "a_pp_3": 20.0}, "datetime": {"datetime": "2024-07-12 23:05:35", "elapsed": 4022.060747, "delta": 12.101238}}
{"target": -4326.999691138132, "params": {"a_c_1": 20.0, "a_c_2": 10.0, "a_mm_0": -40.0, "a_mm_1": -40.0, "a_mm_2": 20.0, "a_mm_3": 20.0, "a_mp_0": 20.0, "a_mp_1": -40.0, "a_mp_2": 20.0, "a_mp_3": 20.0, "a_pm_0": 20.0, "a_pm_1": 20.0, "a_pm_2": 20.0, "a_pm_3": 20.0, "a_pp_1": 20.0, "a_pp_2": 20.0, "a_pp_3": 20.0}, "datetime": {"datetime": "2024-07-12 23:05:37", "elapsed": 4066.569352, "delta": 11.398055}}
{"target": -225901.53309554362, "params": {"a_c_1": 15.27351863468371, "a_c_2": 3.1998097259586356, "a_mm_0": 4.238447611388665, "a_mm_1": -1.6700414139368505, "a_mm_2": -22.84049859854203, "a_mm_3": 19.929388526224336, "a_mp_0": 14.543146612579449, "a_mp_1": 5.447661465495685, "a_mp_2": -21.08952749153962, "a_mp_3": -11.734316811022158, "a_pm_0": -0.5191210764988341, "a_pm_1": -29.85697486895752, "a_pm_2": -12.622313774033259, "a_pm_3": -34.94986963232442, "a_pp_1": -37.718664850628784, "a_pp_2": 12.592132218076948, "a_pp_3": -34.17120879517764}, "datetime": {"datetime": "2024-07-12 23:05:37", "elapsed": 4045.466675, "delta": 8.330885}}
{"target": -5064.262484133866, "params": {"a_c_1": 20.0, "a_c_2": 10.0, "a_mm_0": -40.0, "a_mm_1": 20.0, "a_mm_2": -0.7842543881409502, "a_mm_3": 20.0, "a_mp_0": -40.0, "a_mp_1": 20.0, "a_mp_2": 6.449520786662415, "a_mp_3": -19.696447976313436, "a_pm_0": 20.0, "a_pm_1": -40.0, "a_pm_2": 20.0, "a_pm_3": 20.0, "a_pp_1": 20.0, "a_pp_2": 20.0, "a_pp_3": 20.0}, "datetime": {"datetime": "2024-07-12 23:05:40", "elapsed": 4091.946554, "delta": 11.605084}}
{"target": -10552.020904941704, "params": {"a_c_1": 0.0, "a_c_2": 10.0, "a_mm_0": -40.0, "a_mm_1": -40.0, "a_mm_2": -7.990374552595305, "a_mm_3": 20.0, "a_mp_0": -40.0, "a_mp_1": 20.0, "a_mp_2": -30.16387018825498, "a_mp_3": -24.455844015790493, "a_pm_0": 20.0, "a_pm_1": 20.0, "a_pm_2": 20.0, "a_pm_3": 20.0, "a_pp_1": 20.0, "a_pp_2": 20.0, "a_pp_3": 20.0}, "datetime": {"datetime": "2024-07-12 23:05:44", "elapsed": 4194.798568, "delta": 11.477589}}
{"target": -73160.88538456231, "params": {"a_c_1": 3.6649380204718884, "a_c_2": 2.101263201397625, "a_mm_0": -27.575310617928494, "a_mm_1": -9.026938162666355, "a_mm_2": 9.110203157328414, "a_mm_3": 14.189461941191645, "a_mp_0": -18.4125024747182, "a_mp_1": -2.425115595943957, "a_mp_2": -7.622914094272609, "a_mp_3": -22.57228414561386, "a_pm_0": -10.627906005218339, "a_pm_1": -9.70543090574629, "a_pm_2": -36.81519079161174, "a_pm_3": -23.640262833847004, "a_pp_1": -17.832873975388917, "a_pp_2": 17.650776642505782, "a_pp_3": 3.224222903574031}, "datetime": {"datetime": "2024-07-12 23:05:46", "elapsed": 4033.074939, "delta": 11.014192}}
{"target": -4064.303307754421, "params": {"a_c_1": 20.0, "a_c_2": 10.0, "a_mm_0": 20.0, "a_mm_1": -40.0, "a_mm_2": 20.0, "a_mm_3": 20.0, "a_mp_0": 20.0, "a_mp_1": -40.0, "a_mp_2": 20.0, "a_mp_3": 20.0, "a_pm_0": 20.0, "a_pm_1": -40.0, "a_pm_2": 20.0, "a_pm_3": 20.0, "a_pp_1": 20.0, "a_pp_2": 20.0, "a_pp_3": 20.0}, "datetime": {"datetime": "2024-07-12 23:05:49", "elapsed": 4078.629054, "delta": 12.059702}}
{"target": -7981.13193210108, "params": {"a_c_1": 0.0, "a_c_2": 10.0, "a_mm_0": 20.0, "a_mm_1": -22.002646227525492, "a_mm_2": 20.0, "a_mm_3": 1.9407312781476473, "a_mp_0": -40.0, "a_mp_1": -30.787857593793778, "a_mp_2": -22.15933828812869, "a_mp_3": 20.0, "a_pm_0": -40.0, "a_pm_1": 20.0, "a_pm_2": 20.0, "a_pm_3": 20.0, "a_pp_1": 20.0, "a_pp_2": -2.0168024042332413, "a_pp_3": 20.0}, "datetime": {"datetime": "2024-07-12 23:05:50", "elapsed": 4058.205481, "delta": 12.738806}}
{"target": -6129.74137693606, "params": {"a_c_1": 0.0, "a_c_2": 0.0, "a_mm_0": -40.0, "a_mm_1": 20.0, "a_mm_2": 20.0, "a_mm_3": 20.0, "a_mp_0": 20.0, "a_mp_1": 20.0, "a_mp_2": 0.5732761434521461, "a_mp_3": 20.0, "a_pm_0": 20.0, "a_pm_1": 20.0, "a_pm_2": -40.0, "a_pm_3": 20.0, "a_pp_1": 20.0, "a_pp_2": 20.0, "a_pp_3": 20.0}, "datetime": {"datetime": "2024-07-12 23:05:50", "elapsed": 4102.378762, "delta": 10.432208}}
{"target": -4920.178624930887, "params": {"a_c_1": 20.0, "a_c_2": 10.0, "a_mm_0": 20.0, "a_mm_1": 20.0, "a_mm_2": -40.0, "a_mm_3": 20.0, "a_mp_0": 20.0, "a_mp_1": 20.0, "a_mp_2": 20.0, "a_mp_3": 20.0, "a_pm_0": 20.0, "a_pm_1": 20.0, "a_pm_2": 20.0, "a_pm_3": 20.0, "a_pp_1": 20.0, "a_pp_2": 20.0, "a_pp_3": 20.0}, "datetime": {"datetime": "2024-07-12 23:05:56", "elapsed": 4043.60427, "delta": 10.529331}}
{"target": -63.98295457244029, "params": {"a_c_1": 0.0, "a_c_2": 0.0, "a_mm_0": 20.0, "a_mm_1": 20.0, "a_mm_2": 20.0, "a_mm_3": 20.0, "a_mp_0": 20.0, "a_mp_1": 20.0, "a_mp_2": 20.0, "a_mp_3": 20.0, "a_pm_0": 20.0, "a_pm_1": 20.0, "a_pm_2": 20.0, "a_pm_3": 20.0, "a_pp_1": 20.0, "a_pp_2": 20.0, "a_pp_3": 20.0}, "datetime": {"datetime": "2024-07-12 23:05:57", "elapsed": 4108.894263, "delta": 6.515501}}
{"target": -22129.90403979173, "params": {"a_c_1": 0.0, "a_c_2": 10.0, "a_mm_0": 20.0, "a_mm_1": -40.0, "a_mm_2": 20.0, "a_mm_3": -33.92496704628867, "a_mp_0": -5.034035867842898, "a_mp_1": 20.0, "a_mp_2": -19.154757664227137, "a_mp_3": 20.0, "a_pm_0": -40.0, "a_pm_1": 20.0, "a_pm_2": -18.010097608825127, "a_pm_3": 20.0, "a_pp_1": -40.0, "a_pp_2": 20.0, "a_pp_3": 20.0}, "datetime": {"datetime": "2024-07-12 23:05:57", "elapsed": 4208.101805, "delta": 13.303237}}
{"target": -25218.673772522852, "params": {"a_c_1": 20.0, "a_c_2": 10.0, "a_mm_0": -40.0, "a_mm_1": -40.0, "a_mm_2": 20.0, "a_mm_3": 20.0, "a_mp_0": -40.0, "a_mp_1": 20.0, "a_mp_2": 20.0, "a_mp_3": -15.2017002358811, "a_pm_0": -24.802843441680764, "a_pm_1": -40.0, "a_pm_2": 20.0, "a_pm_3": 20.0, "a_pp_1": -40.0, "a_pp_2": 20.0, "a_pp_3": 20.0}, "datetime": {"datetime": "2024-07-12 23:05:59", "elapsed": 4067.643066, "delta": 9.437585}}
{"target": -1483.7638849696116, "params": {"a_c_1": 20.0, "a_c_2": 10.0, "a_mm_0": -40.0, "a_mm_1": -6.456359013449186, "a_mm_2": 2.0226673559947312, "a_mm_3": -1.0452704528663697, "a_mp_0": 20.0, "a_mp_1": 5.545319466345547, "a_mp_2": 20.0, "a_mp_3": -9.280629422378437, "a_pm_0": -16.145293263010633, "a_pm_1": -13.89428124709976, "a_pm_2": 2.8564355735563636, "a_pm_3": 20.0, "a_pp_1": -7.634023721863791, "a_pp_2": -4.785148557392583, "a_pp_3": 20.0}, "datetime": {"datetime": "2024-07-12 23:06:00", "elapsed": 4089.35488, "delta": 10.725826}}
{"target": -411537.1648268991, "params": {"a_c_1": 16.612996232296588, "a_c_2": 0.10811592270977388, "a_mm_0": 6.9792894779343015, "a_mm_1": 7.824359693860927, "a_mm_2": -37.8924557671173, "a_mm_3": -10.463755164070726, "a_mp_0": 4.684233898188495, "a_mp_1": -0.46199167519795026, "a_mp_2": -35.62311238855311, "a_mp_3": -37.540355997476354, "a_pm_0": -3.0908193050036132, "a_pm_1": -22.207643830635448, "a_pm_2": -28.65651291418701, "a_pm_3": -32.13552650659079, "a_pp_1": -7.720523661949038, "a_pp_2": -3.421587129032055, "a_pp_3": -22.26174924123679}, "datetime": {"datetime": "2024-07-12 23:06:07", "elapsed": 4118.656747, "delta": 9.762484}}
{"target": -21657.782140131567, "params": {"a_c_1": 0.0, "a_c_2": 0.0, "a_mm_0": 20.0, "a_mm_1": -26.77378168855631, "a_mm_2": -6.352697216497078, "a_mm_3": -22.010496082953082, "a_mp_0": -40.0, "a_mp_1": 20.0, "a_mp_2": 20.0, "a_mp_3": 20.0, "a_pm_0": 2.415111705040677, "a_pm_1": 20.0, "a_pm_2": -11.174431905404937, "a_pm_3": -9.515720312275581, "a_pp_1": -40.0, "a_pp_2": 20.0, "a_pp_3": 20.0}, "datetime": {"datetime": "2024-07-12 23:06:07", "elapsed": 4218.061714, "delta": 9.959909}}
{"target": -7874.466713880645, "params": {"a_c_1": 20.0, "a_c_2": 10.0, "a_mm_0": 20.0, "a_mm_1": 20.0, "a_mm_2": -35.1868772020907, "a_mm_3": 20.0, "a_mp_0": 20.0, "a_mp_1": 20.0, "a_mp_2": 20.0, "a_mp_3": -9.296819363697276, "a_pm_0": 20.0, "a_pm_1": -2.98166816913864, "a_pm_2": 20.0, "a_pm_3": 20.0, "a_pp_1": -40.0, "a_pp_2": -0.036694130424028526, "a_pp_3": 20.0}, "datetime": {"datetime": "2024-07-12 23:06:08", "elapsed": 4055.770862, "delta": 12.166592}}
{"target": -3918.625860845092, "params": {"a_c_1": 0.0, "a_c_2": 0.0, "a_mm_0": -40.0, "a_mm_1": 20.0, "a_mm_2": 20.0, "a_mm_3": 20.0, "a_mp_0": 20.0, "a_mp_1": 20.0, "a_mp_2": 20.0, "a_mp_3": 20.0, "a_pm_0": 20.0, "a_pm_1": 20.0, "a_pm_2": -29.882378493766918, "a_pm_3": 20.0, "a_pp_1": -40.0, "a_pp_2": 20.0, "a_pp_3": 20.0}, "datetime": {"datetime": "2024-07-12 23:06:10", "elapsed": 4078.875952, "delta": 11.232886}}
{"target": -10883.622582010094, "params": {"a_c_1": 15.266908852473568, "a_c_2": 6.601784118416392, "a_mm_0": 6.749109517883852, "a_mm_1": 10.910092082958741, "a_mm_2": 17.86893212074102, "a_mm_3": 14.98597864044175, "a_mp_0": -16.28066692542681, "a_mp_1": -12.328008656431088, "a_mp_2": -1.676043699215576, "a_mp_3": 19.542937390492874, "a_pm_0": 13.861153586006246, "a_pm_1": -27.141791161872746, "a_pm_2": -13.17201141347936, "a_pm_3": -27.998164028290713, "a_pp_1": 14.827289090826838, "a_pp_2": 16.70306120240179, "a_pp_3": 12.655957162544013}, "datetime": {"datetime": "2024-07-12 23:06:14", "elapsed": 4103.739648, "delta": 14.384768}}
{"target": -25095.35188978901, "params": {"a_c_1": 0.0, "a_c_2": 10.0, "a_mm_0": -40.0, "a_mm_1": -40.0, "a_mm_2": 20.0, "a_mm_3": -40.0, "a_mp_0": -40.0, "a_mp_1": 20.0, "a_mp_2": 20.0, "a_mp_3": 20.0, "a_pm_0": 20.0, "a_pm_1": 20.0, "a_pm_2": 20.0, "a_pm_3": 20.0, "a_pp_1": 20.0, "a_pp_2": 20.0, "a_pp_3": 20.0}, "datetime": {"datetime": "2024-07-12 23:06:17", "elapsed": 4128.941324, "delta": 10.284577}}
{"target": -19771.97740183745, "params": {"a_c_1": 20.0, "a_c_2": 10.0, "a_mm_0": 20.0, "a_mm_1": 20.0, "a_mm_2": 20.0, "a_mm_3": 20.0, "a_mp_0": 20.0, "a_mp_1": 20.0, "a_mp_2": 20.0, "a_mp_3": 20.0, "a_pm_0": -40.0, "a_pm_1": 20.0, "a_pm_2": 20.0, "a_pm_3": -25.22031861819655, "a_pp_1": 20.0, "a_pp_2": -31.089959147658792, "a_pp_3": 20.0}, "datetime": {"datetime": "2024-07-12 23:06:17", "elapsed": 4228.353758, "delta": 10.292044}}
{"target": -87268.32994537255, "params": {"a_c_1": 15.20807038312294, "a_c_2": 8.074575664293059, "a_mm_0": 0.748299158517213, "a_mm_1": -5.539349851771846, "a_mm_2": -37.60622318525824, "a_mm_3": 8.053380829631209, "a_mp_0": -9.033186353401838, "a_mp_1": -32.24106797392995, "a_mp_2": -10.736230874021466, "a_mp_3": 3.152200457561122, "a_pm_0": -23.792063266706954, "a_pm_1": -5.329156881025774, "a_pm_2": -16.244305196258164, "a_pm_3": 3.795514428453167, "a_pp_1": 1.3655869934534408, "a_pp_2": 14.890232151689844, "a_pp_3": -19.403740346342037}, "datetime": {"datetime": "2024-07-12 23:06:20", "elapsed": 4067.19799, "delta": 11.427128}}
{"target": -6671.059961798186, "params": {"a_c_1": 20.0, "a_c_2": 0.0, "a_mm_0": -40.0, "a_mm_1": -40.0, "a_mm_2": 9.172256001367169, "a_mm_3": 20.0, "a_mp_0": -40.0, "a_mp_1": -40.0, "a_mp_2": 20.0, "a_mp_3": 20.0, "a_pm_0": 20.0, "a_pm_1": 8.699208678990251, "a_pm_2": 20.0, "a_pm_3": 20.0, "a_pp_1": 20.0, "a_pp_2": 20.0, "a_pp_3": 20.0}, "datetime": {"datetime": "2024-07-12 23:06:22", "elapsed": 4090.370474, "delta": 11.494522}}
{"target": -624.2030940815474, "params": {"a_c_1": 20.0, "a_c_2": 10.0, "a_mm_0": 20.0, "a_mm_1": 20.0, "a_mm_2": 20.0, "a_mm_3": 20.0, "a_mp_0": 20.0, "a_mp_1": -40.0, "a_mp_2": 20.0, "a_mp_3": 20.0, "a_pm_0": 20.0, "a_pm_1": 20.0, "a_pm_2": 20.0, "a_pm_3": 20.0, "a_pp_1": 20.0, "a_pp_2": 20.0, "a_pp_3": 20.0}, "datetime": {"datetime": "2024-07-12 23:06:23", "elapsed": 4113.125726, "delta": 9.386078}}
{"target": -7618.256119105998, "params": {"a_c_1": 17.818396847681633, "a_c_2": 5.7094753776467275, "a_mm_0": 15.791519386491757, "a_mm_1": -7.4102727548402285, "a_mm_2": 12.92915459487729, "a_mm_3": 4.290813215691941, "a_mp_0": 8.396414108284468, "a_mp_1": -18.90501431636572, "a_mp_2": -14.469764830836045, "a_mp_3": 10.886921727516572, "a_pm_0": -26.44100156873812, "a_pm_1": 16.683253156943316, "a_pm_2": 12.70803236756651, "a_pm_3": 13.980068793136489, "a_pp_1": -30.333063084124312, "a_pp_2": 10.871761389182439, "a_pp_3": 4.69007464049011}, "datetime": {"datetime": "2024-07-12 23:06:26", "elapsed": 4237.341444, "delta": 8.987686}}
{"target": -7696.366805266163, "params": {"a_c_1": 20.0, "a_c_2": 10.0, "a_mm_0": 20.0, "a_mm_1": 20.0, "a_mm_2": 20.0, "a_mm_3": -26.730839614111627, "a_mp_0": -40.0, "a_mp_1": 20.0, "a_mp_2": 20.0, "a_mp_3": 20.0, "a_pm_0": 20.0, "a_pm_1": 20.0, "a_pm_2": 20.0, "a_pm_3": 20.0, "a_pp_1": 20.0, "a_pp_2": -6.2435910773776495, "a_pp_3": 20.0}, "datetime": {"datetime": "2024-07-12 23:06:29", "elapsed": 4140.771863, "delta": 11.830539}}
{"target": -68881.36968342325, "params": {"a_c_1": 6.339611077574785, "a_c_2": 5.574240648673322, "a_mm_0": -10.969242406284945, "a_mm_1": -12.111938782574331, "a_mm_2": -27.677232463935567, "a_mm_3": -13.400997867145605, "a_mp_0": -24.800509981398008, "a_mp_1": 7.15811790673844, "a_mp_2": 15.86035925091688, "a_mp_3": -1.9854841945881532, "a_pm_0": -8.30631514595084, "a_pm_1": 14.33072744326828, "a_pm_2": -9.912358725218766, "a_pm_3": -19.57156401357199, "a_pp_1": 4.908167669155397, "a_pp_2": 2.9961950310308225, "a_pp_3": -10.410505853782908}, "datetime": {"datetime": "2024-07-12 23:06:30", "elapsed": 4098.446282, "delta": 8.075808}}
{"target": -12789.549098504116, "params": {"a_c_1": 0.0, "a_c_2": 10.0, "a_mm_0": 20.0, "a_mm_1": -40.0, "a_mm_2": -7.836759654091233, "a_mm_3": -7.38231158190039, "a_mp_0": 20.0, "a_mp_1": -40.0, "a_mp_2": 20.0, "a_mp_3": 20.0, "a_pm_0": -40.0, "a_pm_1": -21.257688856509734, "a_pm_2": 20.0, "a_pm_3": 20.0, "a_pp_1": 20.0, "a_pp_2": 20.0, "a_pp_3": 20.0}, "datetime": {"datetime": "2024-07-12 23:06:32", "elapsed": 4079.442312, "delta": 12.244322}}
{"target": -130036.31045623774, "params": {"a_c_1": 18.727104434879514, "a_c_2": 9.419105963688784, "a_mm_0": 17.44362996428874, "a_mm_1": -13.472624107866412, "a_mm_2": 17.163483928609985, "a_mm_3": 15.917208760220063, "a_mp_0": -31.893430370943754, "a_mp_1": -12.728407855340873, "a_mp_2": 18.566569737626885, "a_mp_3": -29.641156913145906, "a_pm_0": 6.260952630477988, "a_pm_1": -32.17903288238537, "a_pm_2": -26.379795023711587, "a_pm_3": -7.250778212839357, "a_pp_1": -17.946436060040586, "a_pp_2": -24.551302392818602, "a_pp_3": 9.63207921807436}, "datetime": {"datetime": "2024-07-12 23:06:32", "elapsed": 4122.012534, "delta": 8.886808}}
{"target": -1344.7896275327569, "params": {"a_c_1": 0.0, "a_c_2": 10.0, "a_mm_0": -40.0, "a_mm_1": -40.0, "a_mm_2": 20.0, "a_mm_3": 20.0, "a_mp_0": 20.0, "a_mp_1": 20.0, "a_mp_2": 20.0, "a_mp_3": 20.0, "a_pm_0": 20.0, "a_pm_1": 20.0, "a_pm_2": 20.0, "a_pm_3": 20.0, "a_pp_1": 20.0, "a_pp_2": 20.0, "a_pp_3": 20.0}, "datetime": {"datetime": "2024-07-12 23:06:37", "elapsed": 4248.11444, "delta": 10.772996}}
{"target": -173496.89000706736, "params": {"a_c_1": 13.215710333328206, "a_c_2": 0.49493336433999224, "a_mm_0": -4.888924395561155, "a_mm_1": -37.4922533357419, "a_mm_2": -39.71509660120643, "a_mm_3": -34.24035350279451, "a_mp_0": 3.1321334237113447, "a_mp_1": -28.7763471867202, "a_mp_2": -6.053324329259226, "a_mp_3": 10.403329926677692, "a_pm_0": 1.747077867676488, "a_pm_1": 16.995661138653738, "a_pm_2": -20.42972003681654, "a_pm_3": -15.085875403218175, "a_pp_1": 19.10814490696692, "a_pp_2": 9.95615111452426, "a_pp_3": -23.402959327812166}, "datetime": {"datetime": "2024-07-12 23:06:39", "elapsed": 4107.336981, "delta": 8.890699}}
{"target": -55996.99730969901, "params": {"a_c_1": 0.0, "a_c_2": 0.0, "a_mm_0": -40.0, "a_mm_1": 20.0, "a_mm_2": 20.0, "a_mm_3": 20.0, "a_mp_0": -40.0, "a_mp_1": 20.0, "a_mp_2": -36.033738028539204, "a_mp_3": -32.811508197594115, "a_pm_0": 20.0, "a_pm_1": 20.0, "a_pm_2": 20.0, "a_pm_3": 20.0, "a_pp_1": 20.0, "a_pp_2": -2.2414770856435067, "a_pp_3": 20.0}, "datetime": {"datetime": "2024-07-12 23:06:39", "elapsed": 4150.973741, "delta": 10.201878}}
{"target": -10652.601856445212, "params": {"a_c_1": 20.0, "a_c_2": 10.0, "a_mm_0": -40.0, "a_mm_1": 20.0, "a_mm_2": 20.0, "a_mm_3": 20.0, "a_mp_0": -40.0, "a_mp_1": -23.84293506937908, "a_mp_2": -40.0, "a_mp_3": 20.0, "a_pm_0": -40.0, "a_pm_1": 1.876984500296693, "a_pm_2": 20.0, "a_pm_3": 20.0, "a_pp_1": -15.461033900123168, "a_pp_2": 20.0, "a_pp_3": 20.0}, "datetime": {"datetime": "2024-07-12 23:06:43", "elapsed": 4090.36937, "delta": 10.927058}}
{"target": -18275.109931789375, "params": {"a_c_1": 20.0, "a_c_2": 10.0, "a_mm_0": 20.0, "a_mm_1": 20.0, "a_mm_2": 20.0, "a_mm_3": 20.0, "a_mp_0": -40.0, "a_mp_1": -22.466453739292053, "a_mp_2": 20.0, "a_mp_3": -36.07438707620503, "a_pm_0": 20.0, "a_pm_1": -40.0, "a_pm_2": -11.861843294706672, "a_pm_3": 20.0, "a_pp_1": 20.0, "a_pp_2": 20.0, "a_pp_3": 20.0}, "datetime": {"datetime": "2024-07-12 23:06:43", "elapsed": 4133.054878, "delta": 11.042344}}
{"target": -286062.87404116977, "params": {"a_c_1": 6.188244301671267, "a_c_2": 3.144934891340432, "a_mm_0": -22.96531657245129, "a_mm_1": -33.19043921218412, "a_mm_2": -27.956498538413477, "a_mm_3": 1.857372383026437, "a_mp_0": -5.262289518871974, "a_mp_1": -2.9057662670296054, "a_mp_2": -7.158456234269806, "a_mp_3": -18.70869074030297, "a_pm_0": -26.80345594026675, "a_pm_1": 17.65053271462365, "a_pm_2": 18.71177901586806, "a_pm_3": 18.12756264367622, "a_pp_1": -36.223826462918844, "a_pp_2": -20.424441827904708, "a_pp_3": -18.733558171533904}, "datetime": {"datetime": "2024-07-12 23:06:46", "elapsed": 4158.422151, "delta": 7.44841}}
{"target": -11135.003022223285, "params": {"a_c_1": 0.0, "a_c_2": 10.0, "a_mm_0": 20.0, "a_mm_1": 20.0, "a_mm_2": 20.0, "a_mm_3": 20.0, "a_mp_0": -40.0, "a_mp_1": -40.0, "a_mp_2": -40.0, "a_mp_3": -10.359406340032008, "a_pm_0": -40.0, "a_pm_1": 20.0, "a_pm_2": 20.0, "a_pm_3": 20.0, "a_pp_1": 20.0, "a_pp_2": 20.0, "a_pp_3": 20.0}, "datetime": {"datetime": "2024-07-12 23:06:47", "elapsed": 4258.552516, "delta": 10.438076}}
{"target": -10753.845908812824, "params": {"a_c_1": 20.0, "a_c_2": 0.0, "a_mm_0": -40.0, "a_mm_1": 20.0, "a_mm_2": -5.132316346636731, "a_mm_3": 20.0, "a_mp_0": -40.0, "a_mp_1": 20.0, "a_mp_2": 20.0, "a_mp_3": 20.0, "a_pm_0": 20.0, "a_pm_1": -40.0, "a_pm_2": -3.9668963204263834, "a_pm_3": 20.0, "a_pp_1": -40.0, "a_pp_2": 20.0, "a_pp_3": 20.0}, "datetime": {"datetime": "2024-07-12 23:06:49", "elapsed": 4117.631582, "delta": 10.294601}}
{"target": -186123.5592156993, "params": {"a_c_1": 13.84975410360866, "a_c_2": 5.452932449153675, "a_mm_0": -10.673292805288362, "a_mm_1": -1.822671381719708, "a_mm_2": -18.630752474891846, "a_mm_3": -22.658463817880854, "a_mp_0": 2.5556476376139656, "a_mp_1": -34.487375850227664, "a_mp_2": -22.682673237330647, "a_mp_3": 15.649268830171621, "a_pm_0": -8.131690979746214, "a_pm_1": -33.79700645957672, "a_pm_2": -11.713729828452419, "a_pm_3": -16.115774538645574, "a_pp_1": -20.169487309556395, "a_pp_2": -2.673334853954863, "a_pp_3": 17.30410683659467}, "datetime": {"datetime": "2024-07-12 23:06:52", "elapsed": 4141.896511, "delta": 8.841633}}
{"target": -624.2030940815474, "params": {"a_c_1": 20.0, "a_c_2": 10.0, "a_mm_0": 20.0, "a_mm_1": 20.0, "a_mm_2": 20.0, "a_mm_3": 20.0, "a_mp_0": 20.0, "a_mp_1": -40.0, "a_mp_2": 20.0, "a_mp_3": 20.0, "a_pm_0": 20.0, "a_pm_1": 20.0, "a_pm_2": 20.0, "a_pm_3": 20.0, "a_pp_1": 20.0, "a_pp_2": 20.0, "a_pp_3": 20.0}, "datetime": {"datetime": "2024-07-12 23:06:53", "elapsed": 4100.298861, "delta": 9.929491}}
{"target": -213812.68390662796, "params": {"a_c_1": 3.5687996668269606, "a_c_2": 5.164767775476527, "a_mm_0": -0.9347689878306511, "a_mm_1": -36.99426175155453, "a_mm_2": -27.629135887060237, "a_mm_3": -4.443367996884675, "a_mp_0": -19.29776868911543, "a_mp_1": -9.463517797988963, "a_mp_2": -5.510321257793379, "a_mp_3": 11.073991873041955, "a_pm_0": -28.042831024519202, "a_pm_1": -27.34910441850298, "a_pm_2": 1.9202514801540502, "a_pm_3": -6.4314009860387955, "a_pp_1": 18.64055132631529, "a_pp_2": -30.682350152422877, "a_pp_3": -31.53320594111289}, "datetime": {"datetime": "2024-07-12 23:06:54", "elapsed": 4166.62503, "delta": 8.202879}}
{"target": -1523.3319598620021, "params": {"a_c_1": 20.0, "a_c_2": 10.0, "a_mm_0": 20.0, "a_mm_1": 20.0, "a_mm_2": 20.0, "a_mm_3": 20.0, "a_mp_0": -40.0, "a_mp_1": 20.0, "a_mp_2": 20.0, "a_mp_3": 20.0, "a_pm_0": 20.0, "a_pm_1": -40.0, "a_pm_2": -16.360740588917153, "a_pm_3": 20.0, "a_pp_1": 20.0, "a_pp_2": 20.0, "a_pp_3": 20.0}, "datetime": {"datetime": "2024-07-12 23:07:00", "elapsed": 4270.949711, "delta": 12.397195}}
{"target": -12343.48429098236, "params": {"a_c_1": 0.0, "a_c_2": 10.0, "a_mm_0": -40.0, "a_mm_1": -40.0, "a_mm_2": 20.0, "a_mm_3": 20.0, "a_mp_0": -40.0, "a_mp_1": 20.0, "a_mp_2": -40.0, "a_mp_3": 20.0, "a_pm_0": -30.402738110988256, "a_pm_1": 20.0, "a_pm_2": 20.0, "a_pm_3": 20.0, "a_pp_1": -40.0, "a_pp_2": 20.0, "a_pp_3": 20.0}, "datetime": {"datetime": "2024-07-12 23:07:01", "elapsed": 4129.34419, "delta": 11.712608}}
{"target": -5615.577849446438, "params": {"a_c_1": 0.0, "a_c_2": 10.0, "a_mm_0": 20.0, "a_mm_1": 20.0, "a_mm_2": -12.657434964005423, "a_mm_3": 20.0, "a_mp_0": 20.0, "a_mp_1": -19.556608012172898, "a_mp_2": -23.08899201206457, "a_mp_3": 20.0, "a_pm_0": 20.0, "a_pm_1": 20.0, "a_pm_2": 20.0, "a_pm_3": 20.0, "a_pp_1": -40.0, "a_pp_2": 20.0, "a_pp_3": 20.0}, "datetime": {"datetime": "2024-07-12 23:07:04", "elapsed": 4153.273548, "delta": 11.377037}}
