{"target": -244192.41106506923, "params": {"a_c_1": 0.2204694710067434, "a_c_2": 6.357784458836898, "a_mm_0": -38.217416964292696, "a_mm_1": -11.687508280695592, "a_mm_2": -18.0234523857025, "a_mm_3": 14.418809016543122, "a_mp_0": -4.715577555373386, "a_mp_1": -35.33779903174181, "a_mp_2": -16.442573344228585, "a_mp_3": -27.211880002737615, "a_pm_0": -37.82010327811518, "a_pm_1": 6.893021680706887, "a_pm_2": -30.160311293129283, "a_pm_3": 0.05691246616950707, "a_pp_1": -17.590324865215745, "a_pp_2": -18.16567336204042, "a_pp_3": 3.659477240294315}, "datetime": {"datetime": "2024-07-12 22:43:59", "elapsed": 2791.417512, "delta": 8.898046}}
{"target": -48850.00426571205, "params": {"a_c_1": 1.1320881593864462, "a_c_2": 2.1329309886856107, "a_mm_0": 11.883856825604788, "a_mm_1": -5.701277887681094, "a_mm_2": 15.583046445119187, "a_mm_3": -17.99311328360341, "a_mp_0": -25.508215003864162, "a_mp_1": -24.938343278458284, "a_mp_2": 7.841954732255857, "a_mp_3": -34.403622092098104, "a_pm_0": -28.48165743477495, "a_pm_1": -10.529366434669008, "a_pm_2": 5.913649871878462, "a_pm_3": 16.770718556203256, "a_pp_1": 9.858808105963043, "a_pp_2": 11.711417457708976, "a_pp_3": 8.248595811283636}, "datetime": {"datetime": "2024-07-12 22:44:02", "elapsed": 2729.305558, "delta": 11.367837}}
{"target": -5990.76628140283, "params": {"a_c_1": 20.0, "a_c_2": 10.0, "a_mm_0": 20.0, "a_mm_1": 20.0, "a_mm_2": -40.0, "a_mm_3": 20.0, "a_mp_0": 20.0, "a_mp_1": 20.0, "a_mp_2": 20.0, "a_mp_3": 20.0, "a_pm_0": -40.0, "a_pm_1": 20.0, "a_pm_2": 20.0, "a_pm_3": 20.0, "a_pp_1": -40.0, "a_pp_2": 20.0, "a_pp_3": 20.0}, "datetime": {"datetime": "2024-07-12 22:44:05", "elapsed": 2753.261715, "delta": 9.851013}}
{"target": -161233.99226109526, "params": {"a_c_1": 10.5721955151704, "a_c_2": 0.6627478862042091, "a_mm_0": 6.75086997253932, "a_mm_1": -19.151537977581143, "a_mm_2": 0.959170120229885, "a_mm_3": 5.1201225948667854, "a_mp_0": -25.829182339178097, "a_mp_1": 1.0053535920950765, "a_mp_2": -28.9316807094661, "a_mp_3": 19.851237288655206, "a_pm_0": 15.01073021800903, "a_pm_1": 1.918613034570896, "a_pm_2": -35.461854916652364, "a_pm_3": -18.75883369974794, "a_pp_1": -18.973377028849566, "a_pp_2": -13.65146373281059, "a_pp_3": -15.533395611123797}, "datetime": {"datetime": "2024-07-12 22:44:06", "elapsed": 2896.907111, "delta": 8.793023}}
{"target": -95399.24355122216, "params": {"a_c_1": 8.59629083570063, "a_c_2": 0.7132299431749312, "a_mm_0": 14.18625335407134, "a_mm_1": -25.28724035834353, "a_mm_2": 4.0095815616693855, "a_mm_3": 15.894980052871368, "a_mp_0": -23.104483872481584, "a_mp_1": -7.0139699549462335, "a_mp_2": 15.536126349829253, "a_mp_3": -7.238023098078031, "a_pm_0": 12.163006457361824, "a_pm_1": -23.526777630475387, "a_pm_2": 2.1290836043893933, "a_pm_3": -32.81528989719058, "a_pp_1": 3.374724939496204, "a_pp_2": -3.040213376205884, "a_pp_3": -14.618724351744923}, "datetime": {"datetime": "2024-07-12 22:44:07", "elapsed": 2776.729961, "delta": 9.035137}}
{"target": -30204.747172684325, "params": {"a_c_1": 20.0, "a_c_2": 10.0, "a_mm_0": 20.0, "a_mm_1": -40.0, "a_mm_2": 20.0, "a_mm_3": -40.0, "a_mp_0": -40.0, "a_mp_1": 20.0, "a_mp_2": 20.0, "a_mp_3": 20.0, "a_pm_0": -40.0, "a_pm_1": 20.0, "a_pm_2": 20.0, "a_pm_3": 20.0, "a_pp_1": -40.0, "a_pp_2": 20.0, "a_pp_3": 20.0}, "datetime": {"datetime": "2024-07-12 22:44:10", "elapsed": 2802.627551, "delta": 11.210039}}
{"target": -133953.4695235529, "params": {"a_c_1": 14.368611094047331, "a_c_2": 2.7321268134364085, "a_mm_0": -13.801122952095298, "a_mm_1": -35.266996942761246, "a_mm_2": -4.5969182330894185, "a_mm_3": -16.10942425503874, "a_mp_0": -21.70662037865246, "a_mp_1": 17.55383086350264, "a_mp_2": 1.7044722623864104, "a_mp_3": -13.257423926864067, "a_pm_0": -38.445233981248464, "a_pm_1": -7.164501899873031, "a_pm_2": -35.29599873551305, "a_pm_3": -14.559000947780198, "a_pp_1": -11.643157679234967, "a_pp_2": -4.646935798521625, "a_pp_3": 1.7620808972358262}, "datetime": {"datetime": "2024-07-12 22:44:12", "elapsed": 2739.079905, "delta": 9.774347}}
{"target": -156172.8523500969, "params": {"a_c_1": 6.867005243021715, "a_c_2": 2.758316618277521, "a_mm_0": -0.07189023367871528, "a_mm_1": -34.028658426119016, "a_mm_2": -16.356963325985806, "a_mm_3": -29.275073200951724, "a_mp_0": -29.280657796920003, "a_mp_1": -26.366460642980798, "a_mp_2": -12.417580696548466, "a_mp_3": -24.12515996902082, "a_pm_0": -17.641779857947064, "a_pm_1": -3.938143757290881, "a_pm_2": 16.535464453211603, "a_pm_3": -23.019269664141202, "a_pp_1": 8.834288701265535, "a_pp_2": -0.5226532759751947, "a_pp_3": 7.740389675148059}, "datetime": {"datetime": "2024-07-12 22:44:13", "elapsed": 2761.838711, "delta": 8.576996}}
{"target": -1423.0971701270785, "params": {"a_c_1": 0.0, "a_c_2": 10.0, "a_mm_0": -40.0, "a_mm_1": 20.0, "a_mm_2": 20.0, "a_mm_3": 20.0, "a_mp_0": 20.0, "a_mp_1": 20.0, "a_mp_2": 20.0, "a_mp_3": 20.0, "a_pm_0": 20.0, "a_pm_1": -40.0, "a_pm_2": -8.497204219543672, "a_pm_3": 20.0, "a_pp_1": 20.0, "a_pp_2": 20.0, "a_pp_3": 20.0}, "datetime": {"datetime": "2024-07-12 22:44:17", "elapsed": 2908.175969, "delta": 11.268858}}
{"target": -293904.9962018996, "params": {"a_c_1": 0.28286643322176896, "a_c_2": 0.19679128336060225, "a_mm_0": -23.51314114488661, "a_mm_1": -36.20376115262974, "a_mm_2": 2.3478294903784445, "a_mm_3": 12.946974076024155, "a_mp_0": -8.072036844769613, "a_mp_1": -39.674481954189794, "a_mp_2": -32.386697604107496, "a_mp_3": -34.928834631257075, "a_pm_0": -24.49916375680447, "a_pm_1": 11.049740492233532, "a_pm_2": 8.963412567669707, "a_pm_3": 7.277308042754434, "a_pp_1": -15.336041467750604, "a_pp_2": -34.61047227724367, "a_pp_3": -22.735509371122976}, "datetime": {"datetime": "2024-07-12 22:44:18", "elapsed": 2810.293248, "delta": 7.665697}}
{"target": -1934.3524885600755, "params": {"a_c_1": 20.0, "a_c_2": 10.0, "a_mm_0": 20.0, "a_mm_1": -40.0, "a_mm_2": 20.0, "a_mm_3": 20.0, "a_mp_0": -17.8652703569412, "a_mp_1": 20.0, "a_mp_2": -13.921213985784123, "a_mp_3": -4.751855609645723, "a_pm_0": -19.05708244499404, "a_pm_1": 20.0, "a_pm_2": -6.286314651775537, "a_pm_3": 20.0, "a_pp_1": -27.064072528050385, "a_pp_2": 20.0, "a_pp_3": 20.0}, "datetime": {"datetime": "2024-07-12 22:44:19", "elapsed": 2788.594457, "delta": 11.864496}}
{"target": -7397.520831345993, "params": {"a_c_1": 20.0, "a_c_2": 10.0, "a_mm_0": -40.0, "a_mm_1": 20.0, "a_mm_2": 20.0, "a_mm_3": 20.0, "a_mp_0": -40.0, "a_mp_1": 20.0, "a_mp_2": 20.0, "a_mp_3": 20.0, "a_pm_0": -40.0, "a_pm_1": 20.0, "a_pm_2": 20.0, "a_pm_3": 20.0, "a_pp_1": 20.0, "a_pp_2": 20.0, "a_pp_3": 20.0}, "datetime": {"datetime": "2024-07-12 22:44:24", "elapsed": 2915.028504, "delta": 6.852535}}
{"target": -43892.50091429187, "params": {"a_c_1": 20.0, "a_c_2": 10.0, "a_mm_0": 20.0, "a_mm_1": -26.260465722085694, "a_mm_2": 20.0, "a_mm_3": 7.493870865072505, "a_mp_0": -40.0, "a_mp_1": -40.0, "a_mp_2": -40.0, "a_mp_3": 20.0, "a_pm_0": 20.0, "a_pm_1": 20.0, "a_pm_2": 20.0, "a_pm_3": -32.61252782358369, "a_pp_1": 20.0, "a_pp_2": 20.0, "a_pp_3": 20.0}, "datetime": {"datetime": "2024-07-12 22:44:25", "elapsed": 2773.404113, "delta": 11.565402}}
{"target": -34115.2712332313, "params": {"a_c_1": 20.0, "a_c_2": 10.0, "a_mm_0": 20.0, "a_mm_1": -40.0, "a_mm_2": 20.0, "a_mm_3": 20.0, "a_mp_0": -40.0, "a_mp_1": 20.0, "a_mp_2": 20.0, "a_mp_3": -18.37815904834563, "a_pm_0": 20.0, "a_pm_1": 20.0, "a_pm_2": -40.0, "a_pm_3": -22.380203680416066, "a_pp_1": 9.479398081600317, "a_pp_2": 20.0, "a_pp_3": 20.0}, "datetime": {"datetime": "2024-07-12 22:44:25", "elapsed": 2752.920993, "delta": 13.841088}}
{"target": -25124.15378556646, "params": {"a_c_1": 0.0, "a_c_2": 10.0, "a_mm_0": 20.0, "a_mm_1": -40.0, "a_mm_2": 20.0, "a_mm_3": 20.0, "a_mp_0": -40.0, "a_mp_1": 20.0, "a_mp_2": 20.0, "a_mp_3": 20.0, "a_pm_0": -40.0, "a_pm_1": 20.0, "a_pm_2": 20.0, "a_pm_3": -5.986771473823423, "a_pp_1": 20.0, "a_pp_2": -22.725743414995726, "a_pp_3": 20.0}, "datetime": {"datetime": "2024-07-12 22:44:27", "elapsed": 2819.405575, "delta": 9.112327}}
{"target": -304778.4572785673, "params": {"a_c_1": 2.3144966775648923, "a_c_2": 5.616600867557414, "a_mm_0": -32.46746172607148, "a_mm_1": 6.958910339767989, "a_mm_2": -34.87809788326613, "a_mm_3": 18.154140805362147, "a_mp_0": -10.24077051171001, "a_mp_1": -11.500233305540561, "a_mp_2": -35.47838269054055, "a_mp_3": 2.435823015369003, "a_pm_0": -31.80798490199287, "a_pm_1": -19.345152061386074, "a_pm_2": -18.60700978354031, "a_pm_3": -22.495613980452248, "a_pp_1": -34.17653715950439, "a_pp_2": 8.193137345888886, "a_pp_3": -32.45679336367489}, "datetime": {"datetime": "2024-07-12 22:44:33", "elapsed": 2923.693486, "delta": 8.664982}}
{"target": -28435.24886189633, "params": {"a_c_1": 20.0, "a_c_2": 10.0, "a_mm_0": 20.0, "a_mm_1": 20.0, "a_mm_2": 20.0, "a_mm_3": -29.379632457557392, "a_mp_0": 20.0, "a_mp_1": -40.0, "a_mp_2": -25.824989450932716, "a_mp_3": 20.0, "a_pm_0": 20.0, "a_pm_1": -40.0, "a_pm_2": 20.0, "a_pm_3": 20.0, "a_pp_1": -16.30190182887283, "a_pp_2": 20.0, "a_pp_3": 20.0}, "datetime": {"datetime": "2024-07-12 22:44:33", "elapsed": 2803.061804, "delta": 14.467347}}
{"target": -51172.296679442086, "params": {"a_c_1": 10.167180818522139, "a_c_2": 2.2974043027943134, "a_mm_0": -37.36965140386538, "a_mm_1": 9.818649157779241, "a_mm_2": -2.621726659636032, "a_mm_3": -0.46827864834249766, "a_mp_0": -6.566686519480754, "a_mp_1": -4.324734139347655, "a_mp_2": -32.36371354656238, "a_mp_3": -21.430994145013152, "a_pm_0": -9.300081135991029, "a_pm_1": -10.160973112259441, "a_pm_2": 11.399493138612165, "a_pm_3": -11.274189887169634, "a_pp_1": -26.20081626005141, "a_pp_2": 11.964704919487183, "a_pp_3": 0.9695482725957021}, "datetime": {"datetime": "2024-07-12 22:44:35", "elapsed": 2783.284097, "delta": 9.879984}}
{"target": -468113.95587658783, "params": {"a_c_1": 0.44523657815144446, "a_c_2": 9.620500462805984, "a_mm_0": 13.111086355765714, "a_mm_1": 15.652401773433454, "a_mm_2": -20.672833185349443, "a_mm_3": -20.999935165219064, "a_mp_0": -4.373041081694446, "a_mp_1": -17.06137068033001, "a_mp_2": 4.030082447754218, "a_mp_3": -38.880363773245925, "a_pm_0": -31.024252984193783, "a_pm_1": -9.87717730034612, "a_pm_2": 18.803149979147165, "a_pm_3": -37.414562808743185, "a_pp_1": -9.331050367858019, "a_pp_2": 18.891567579386397, "a_pp_3": -29.778493739576852}, "datetime": {"datetime": "2024-07-12 22:44:36", "elapsed": 2828.60709, "delta": 9.201515}}
{"target": -5711.5122862187545, "params": {"a_c_1": 20.0, "a_c_2": 10.0, "a_mm_0": -40.0, "a_mm_1": 20.0, "a_mm_2": 20.0, "a_mm_3": 20.0, "a_mp_0": 20.0, "a_mp_1": 20.0, "a_mp_2": -16.159229016766464, "a_mp_3": 20.0, "a_pm_0": -40.0, "a_pm_1": 20.0, "a_pm_2": -21.823307860895092, "a_pm_3": 20.0, "a_pp_1": -40.0, "a_pp_2": 20.0, "a_pp_3": 20.0}, "datetime": {"datetime": "2024-07-12 22:44:41", "elapsed": 2768.777653, "delta": 15.85666}}
{"target": -331741.17944974604, "params": {"a_c_1": 15.002134535725705, "a_c_2": 5.796418394820125, "a_mm_0": -32.03404195933164, "a_mm_1": 15.00336795273018, "a_mm_2": -38.42720706674825, "a_mm_3": -27.65363745959102, "a_mp_0": 1.7188234028894058, "a_mp_1": -4.770627331955005, "a_mp_2": -27.50754531814134, "a_mp_3": -37.976776290351715, "a_pm_0": 13.016848782636458, "a_pm_1": -5.781797794496569, "a_pm_2": -12.791684896426258, "a_pm_3": -7.5210027932165815, "a_pp_1": -1.7606679970363146, "a_pp_2": 7.337253447342867, "a_pp_3": -34.4895344679044}, "datetime": {"datetime": "2024-07-12 22:44:45", "elapsed": 2836.683819, "delta": 8.076729}}
{"target": -21757.069061448405, "params": {"a_c_1": 0.0, "a_c_2": 0.0, "a_mm_0": 20.0, "a_mm_1": -40.0, "a_mm_2": 20.0, "a_mm_3": 20.0, "a_mp_0": -40.0, "a_mp_1": 20.0, "a_mp_2": 20.0, "a_mp_3": -17.537330133965458, "a_pm_0": 20.0, "a_pm_1": 20.0, "a_pm_2": -26.172492490074852, "a_pm_3": 20.0, "a_pp_1": -40.0, "a_pp_2": 20.0, "a_pp_3": 20.0}, "datetime": {"datetime": "2024-07-12 22:44:46", "elapsed": 2936.961068, "delta": 13.267582}}
{"target": -5120.063222453555, "params": {"a_c_1": 20.0, "a_c_2": 10.0, "a_mm_0": 20.0, "a_mm_1": -0.1690785767151617, "a_mm_2": -2.3222015769995092, "a_mm_3": 20.0, "a_mp_0": 20.0, "a_mp_1": 20.0, "a_mp_2": 20.0, "a_mp_3": 20.0, "a_pm_0": 20.0, "a_pm_1": -40.0, "a_pm_2": -40.0, "a_pm_3": 20.0, "a_pp_1": 20.0, "a_pp_2": 20.0, "a_pp_3": 20.0}, "datetime": {"datetime": "2024-07-12 22:44:46", "elapsed": 2795.01985, "delta": 11.735753}}
{"target": -12839.091689621513, "params": {"a_c_1": 20.0, "a_c_2": 10.0, "a_mm_0": -40.0, "a_mm_1": 20.0, "a_mm_2": -27.57709675603379, "a_mm_3": 20.0, "a_mp_0": 20.0, "a_mp_1": 20.0, "a_mp_2": 20.0, "a_mp_3": 20.0, "a_pm_0": -40.0, "a_pm_1": 20.0, "a_pm_2": -10.119309890215227, "a_pm_3": -28.95068940077405, "a_pp_1": -40.0, "a_pp_2": 20.0, "a_pp_3": 20.0}, "datetime": {"datetime": "2024-07-12 22:44:49", "elapsed": 2818.363126, "delta": 15.301322}}
{"target": -105548.19001522857, "params": {"a_c_1": 3.7390956468902314, "a_c_2": 6.6749767491054435, "a_mm_0": -22.863442944127087, "a_mm_1": -16.39929562093551, "a_mm_2": -22.50157280682346, "a_mm_3": 19.693620459647235, "a_mp_0": 13.543384827101157, "a_mp_1": 18.7690119554278, "a_mp_2": -9.365381991421206, "a_mp_3": 7.313811593790803, "a_pm_0": -22.976829798277436, "a_pm_1": -37.110967323036014, "a_pm_2": 15.292156182524195, "a_pm_3": 9.228660856518005, "a_pp_1": -26.224832774511867, "a_pp_2": -21.1813278855322, "a_pp_3": -12.122944261017224}, "datetime": {"datetime": "2024-07-12 22:44:50", "elapsed": 2777.804809, "delta": 9.027156}}
{"target": -297664.79557595233, "params": {"a_c_1": 6.961045402456245, "a_c_2": 4.019378224856338, "a_mm_0": -2.792043108249281, "a_mm_1": 5.350502915178559, "a_mm_2": -18.928037011470238, "a_mm_3": -28.108472988706012, "a_mp_0": -24.871132357862784, "a_mp_1": -6.724906385914771, "a_mp_2": -15.366123385722894, "a_mp_3": 11.932740427734544, "a_pm_0": -3.5402763606046364, "a_pm_1": -13.323207606941313, "a_pm_2": 8.173794226927896, "a_pm_3": -15.089555404177428, "a_pp_1": -34.585258379845726, "a_pp_2": -31.08330055398363, "a_pp_3": -31.116382275371528}, "datetime": {"datetime": "2024-07-12 22:44:54", "elapsed": 2802.896774, "delta": 7.876924}}
{"target": -30759.06847948962, "params": {"a_c_1": 20.0, "a_c_2": 10.0, "a_mm_0": 20.0, "a_mm_1": -40.0, "a_mm_2": -40.0, "a_mm_3": 20.0, "a_mp_0": -40.0, "a_mp_1": 20.0, "a_mp_2": 20.0, "a_mp_3": 20.0, "a_pm_0": 20.0, "a_pm_1": 20.0, "a_pm_2": 20.0, "a_pm_3": 20.0, "a_pp_1": -40.0, "a_pp_2": 20.0, "a_pp_3": 20.0}, "datetime": {"datetime": "2024-07-12 22:44:54", "elapsed": 2846.587181, "delta": 9.903362}}
{"target": -149641.2112461711, "params": {"a_c_1": 16.031674016643954, "a_c_2": 5.499952075957548, "a_mm_0": -12.965223376394853, "a_mm_1": -28.92469178935176, "a_mm_2": -14.847734333326965, "a_mm_3": -17.514600918751142, "a_mp_0": 15.799889086068134, "a_mp_1": 12.778375274761444, "a_mp_2": -38.42815385891207, "a_mp_3": -1.6455591300711703, "a_pm_0": -14.788685464946902, "a_pm_1": -33.3486708378972, "a_pm_2": 15.005595631134064, "a_pm_3": 13.26891512363266, "a_pp_1": -31.95779836995044, "a_pp_2": -2.815707777179618, "a_pp_3": -5.922265289163207}, "datetime": {"datetime": "2024-07-12 22:44:56", "elapsed": 2947.472028, "delta": 10.51096}}
{"target": -28530.29636278867, "params": {"a_c_1": 20.0, "a_c_2": 10.0, "a_mm_0": 20.0, "a_mm_1": -40.0, "a_mm_2": -39.213530268431946, "a_mm_3": 20.0, "a_mp_0": 20.0, "a_mp_1": 20.0, "a_mp_2": 20.0, "a_mp_3": 20.0, "a_pm_0": 20.0, "a_pm_1": 20.0, "a_pm_2": 20.0, "a_pm_3": -35.416288475529285, "a_pp_1": -40.0, "a_pp_2": 20.0, "a_pp_3": 20.0}, "datetime": {"datetime": "2024-07-12 22:45:01", "elapsed": 2831.172988, "delta": 12.809862}}
{"target": -8483.653533174922, "params": {"a_c_1": 20.0, "a_c_2": 10.0, "a_mm_0": 20.0, "a_mm_1": 20.0, "a_mm_2": 20.0, "a_mm_3": 20.0, "a_mp_0": 20.0, "a_mp_1": 20.0, "a_mp_2": -16.056147300475896, "a_mp_3": -22.014199760920274, "a_pm_0": -40.0, "a_pm_1": 20.0, "a_pm_2": -3.077656329209417, "a_pm_3": 20.0, "a_pp_1": -40.0, "a_pp_2": 20.0, "a_pp_3": 20.0}, "datetime": {"datetime": "2024-07-12 22:45:03", "elapsed": 2790.670176, "delta": 12.865367}}
{"target": -246032.93208404223, "params": {"a_c_1": 9.218677943428371, "a_c_2": 8.121476274668932, "a_mm_0": -27.46683447040563, "a_mm_1": 3.5840126156833207, "a_mm_2": 10.55568968649856, "a_mm_3": -14.027648892619613, "a_mp_0": -14.83160006072838, "a_mp_1": -32.04477658738808, "a_mp_2": -2.8170594692002098, "a_mp_3": -31.208214863411353, "a_pm_0": -24.79569200141153, "a_pm_1": -26.295668227486836, "a_pm_2": -36.36450289072584, "a_pm_3": 4.99383202871595, "a_pp_1": -9.549790613705305, "a_pp_2": -30.94402978599218, "a_pp_3": 11.453799881505276}, "datetime": {"datetime": "2024-07-12 22:45:05", "elapsed": 2956.209902, "delta": 8.737874}}
{"target": -5450.349198150435, "params": {"a_c_1": 0.0, "a_c_2": 0.0, "a_mm_0": -40.0, "a_mm_1": -40.0, "a_mm_2": -37.046580114383566, "a_mm_3": 20.0, "a_mp_0": -40.0, "a_mp_1": 20.0, "a_mp_2": 20.0, "a_mp_3": 20.0, "a_pm_0": 20.0, "a_pm_1": 20.0, "a_pm_2": 20.0, "a_pm_3": 20.0, "a_pp_1": 20.0, "a_pp_2": 20.0, "a_pp_3": 20.0}, "datetime": {"datetime": "2024-07-12 22:45:05", "elapsed": 2813.685748, "delta": 10.788974}}
{"target": -27117.17689593449, "params": {"a_c_1": 0.0, "a_c_2": 10.0, "a_mm_0": -40.0, "a_mm_1": -40.0, "a_mm_2": -38.895349793037, "a_mm_3": 20.0, "a_mp_0": -40.0, "a_mp_1": 20.0, "a_mp_2": 20.0, "a_mp_3": 20.0, "a_pm_0": 20.0, "a_pm_1": 20.0, "a_pm_2": 20.0, "a_pm_3": -40.0, "a_pp_1": 20.0, "a_pp_2": 20.0, "a_pp_3": 20.0}, "datetime": {"datetime": "2024-07-12 22:45:06", "elapsed": 2857.807726, "delta": 11.220545}}
{"target": -487505.23315662943, "params": {"a_c_1": 2.92487197653738, "a_c_2": 5.129008687654288, "a_mm_0": 3.5264390296196737, "a_mm_1": 13.380402631252856, "a_mm_2": -20.36804967828363, "a_mm_3": -39.313060505979145, "a_mp_0": -25.463640320048153, "a_mp_1": 5.171410986487622, "a_mp_2": -34.683329828584945, "a_mp_3": -11.015352736045962, "a_pm_0": -39.50563797857895, "a_pm_1": -29.446241860179175, "a_pm_2": -35.606467490668926, "a_pm_3": 1.809291368122068, "a_pp_1": -18.14876192053785, "a_pp_2": -36.45184301834565, "a_pp_3": 12.892018682096193}, "datetime": {"datetime": "2024-07-12 22:45:13", "elapsed": 2821.252706, "delta": 7.566958}}
{"target": -48013.43639496688, "params": {"a_c_1": 0.21030742726688922, "a_c_2": 2.9639802856649853, "a_mm_0": -0.11391038879567361, "a_mm_1": 17.782340212227176, "a_mm_2": -24.468748095461095, "a_mm_3": -23.535958343072814, "a_mp_0": -9.981510844480926, "a_mp_1": 3.0263019666978224, "a_mp_2": -15.361936975128373, "a_mp_3": -14.29308156126299, "a_pm_0": -21.38113623809733, "a_pm_1": -24.133683617451034, "a_pm_2": 9.235779615334195, "a_pm_3": 10.922276925524486, "a_pp_1": -3.386335686913, "a_pp_2": 9.214064269298127, "a_pp_3": 3.3975102556452157}, "datetime": {"datetime": "2024-07-12 22:45:13", "elapsed": 2800.777416, "delta": 10.10724}}
{"target": -352456.510852323, "params": {"a_c_1": 14.994450545676676, "a_c_2": 3.1941755222035395, "a_mm_0": 14.278758248305017, "a_mm_1": 0.21486175317710376, "a_mm_2": 6.352803660605758, "a_mm_3": -35.06152883528182, "a_mp_0": 3.967719683183006, "a_mp_1": 13.895006382855527, "a_mp_2": 0.5380536707519283, "a_mp_3": -15.511406655879497, "a_pm_0": -23.413224251237416, "a_pm_1": 14.102459474092527, "a_pm_2": -25.051378729857255, "a_pm_3": -31.113139850325286, "a_pp_1": -26.152811972871227, "a_pp_2": -4.0802558829525495, "a_pp_3": -30.904360244304556}, "datetime": {"datetime": "2024-07-12 22:45:13", "elapsed": 2865.612144, "delta": 7.804418}}
{"target": -15822.000977356014, "params": {"a_c_1": 0.0, "a_c_2": 10.0, "a_mm_0": 20.0, "a_mm_1": 20.0, "a_mm_2": -26.278548191920482, "a_mm_3": 20.0, "a_mp_0": -40.0, "a_mp_1": -40.0, "a_mp_2": -12.264627196318886, "a_mp_3": 20.0, "a_pm_0": 6.040506903935514, "a_pm_1": 20.0, "a_pm_2": 3.726383286158943, "a_pm_3": -17.284911081183726, "a_pp_1": 20.0, "a_pp_2": 20.0, "a_pp_3": 20.0}, "datetime": {"datetime": "2024-07-12 22:45:14", "elapsed": 2843.367844, "delta": 12.194856}}
{"target": -9645.67638116166, "params": {"a_c_1": 0.0, "a_c_2": 10.0, "a_mm_0": -40.0, "a_mm_1": 20.0, "a_mm_2": 20.0, "a_mm_3": -16.636192588663377, "a_mp_0": -40.0, "a_mp_1": -40.0, "a_mp_2": 20.0, "a_mp_3": 20.0, "a_pm_0": -40.0, "a_pm_1": 20.0, "a_pm_2": 20.0, "a_pm_3": 20.0, "a_pp_1": 20.0, "a_pp_2": -10.569014659294831, "a_pp_3": 20.0}, "datetime": {"datetime": "2024-07-12 22:45:16", "elapsed": 2966.68785, "delta": 10.477948}}
{"target": -255256.40277017484, "params": {"a_c_1": 13.719024715061545, "a_c_2": 4.440378609778135, "a_mm_0": -21.66862123742445, "a_mm_1": 5.837418435807457, "a_mm_2": -36.27675642015589, "a_mm_3": -33.944406128373146, "a_mp_0": -21.882308274191885, "a_mp_1": 0.26443695477088625, "a_mp_2": -10.380302479914405, "a_mp_3": -2.168423188087779, "a_pm_0": -10.260503579518382, "a_pm_1": -5.755504535807177, "a_pm_2": 4.939260293028802, "a_pm_3": 3.362701242448942, "a_pp_1": 5.287303863085455, "a_pp_2": 13.933760218395093, "a_pp_3": -38.30438267981245}, "datetime": {"datetime": "2024-07-12 22:45:22", "elapsed": 2874.121344, "delta": 8.5092}}
{"target": -78519.91396599956, "params": {"a_c_1": 20.0, "a_c_2": 10.0, "a_mm_0": 20.0, "a_mm_1": 20.0, "a_mm_2": 20.0, "a_mm_3": 20.0, "a_mp_0": 20.0, "a_mp_1": -40.0, "a_mp_2": 20.0, "a_mp_3": -28.27187403860508, "a_pm_0": -40.0, "a_pm_1": 20.0, "a_pm_2": 20.0, "a_pm_3": 20.0, "a_pp_1": -40.0, "a_pp_2": -28.63297709052608, "a_pp_3": 20.0}, "datetime": {"datetime": "2024-07-12 22:45:24", "elapsed": 2853.369455, "delta": 10.001611}}
{"target": -9525.111486892285, "params": {"a_c_1": 20.0, "a_c_2": 0.0, "a_mm_0": -40.0, "a_mm_1": 20.0, "a_mm_2": 20.0, "a_mm_3": -8.96515458564123, "a_mp_0": -40.0, "a_mp_1": 20.0, "a_mp_2": -40.0, "a_mp_3": 20.0, "a_pm_0": -12.266179382125921, "a_pm_1": 20.0, "a_pm_2": 20.0, "a_pm_3": -14.14473321950849, "a_pp_1": -40.0, "a_pp_2": 20.0, "a_pp_3": 20.0}, "datetime": {"datetime": "2024-07-12 22:45:25", "elapsed": 2833.742069, "delta": 12.489363}}
