{"target": -57554.670535198995, "params": {"a_c_1": 13.767358556931914, "a_c_2": 9.723608030413711, "a_mm_0": -14.889327279286487, "a_mm_1": -19.486430077969747, "a_mm_2": -5.4518149854838, "a_mm_3": -2.5671111643000657, "a_mp_0": -39.47663289787465, "a_mp_1": 19.352538558328426, "a_mp_2": -5.429249651820861, "a_mp_3": -2.703161924765027, "a_pm_0": -12.266178850597157, "a_pm_1": 15.500224469355537, "a_pm_2": -37.26518033870327, "a_pm_3": -18.209062643088544, "a_pp_1": -0.7661366282539461, "a_pp_2": 6.767329270855505, "a_pp_3": 5.315509560152016}, "datetime": {"datetime": "2024-07-12 22:45:25", "elapsed": 2976.518902, "delta": 9.831052}}
{"target": -78368.59819240354, "params": {"a_c_1": 15.271935362395537, "a_c_2": 7.951482718149436, "a_mm_0": 15.761497367346784, "a_mm_1": 11.376618106563853, "a_mm_2": 19.2768633616774, "a_mm_3": -1.7907596353395476, "a_mp_0": -19.125197948961823, "a_mp_1": -39.98168887497878, "a_mp_2": -25.40608560479131, "a_mp_3": -25.101439463278737, "a_pm_0": 15.172207501637644, "a_pm_1": 6.462418189157702, "a_pm_2": -26.71458180069606, "a_pm_3": 17.150489673352844, "a_pp_1": -22.310621689388686, "a_pp_2": 9.319479229033071, "a_pp_3": -21.006535613293238}, "datetime": {"datetime": "2024-07-12 22:45:26", "elapsed": 2813.100488, "delta": 12.323072}}
{"target": -14146.138774542049, "params": {"a_c_1": 20.0, "a_c_2": 0.0, "a_mm_0": -40.0, "a_mm_1": -40.0, "a_mm_2": 20.0, "a_mm_3": 20.0, "a_mp_0": 20.0, "a_mp_1": 20.0, "a_mp_2": 20.0, "a_mp_3": 20.0, "a_pm_0": -40.0, "a_pm_1": 20.0, "a_pm_2": 20.0, "a_pm_3": 20.0, "a_pp_1": -40.0, "a_pp_2": 20.0, "a_pp_3": 20.0}, "datetime": {"datetime": "2024-07-12 22:45:32", "elapsed": 2883.729076, "delta": 9.607732}}
{"target": -5213.386791061823, "params": {"a_c_1": 0.0, "a_c_2": 10.0, "a_mm_0": 20.0, "a_mm_1": 20.0, "a_mm_2": 20.0, "a_mm_3": 20.0, "a_mp_0": 20.0, "a_mp_1": 20.0, "a_mp_2": 20.0, "a_mp_3": 20.0, "a_pm_0": -21.0353172791441, "a_pm_1": -40.0, "a_pm_2": -40.0, "a_pm_3": 20.0, "a_pp_1": 20.0, "a_pp_2": 20.0, "a_pp_3": 20.0}, "datetime": {"datetime": "2024-07-12 22:45:34", "elapsed": 2864.036523, "delta": 10.667068}}
{"target": -250550.0312061005, "params": {"a_c_1": 6.771745401158043, "a_c_2": 2.461841199805601, "a_mm_0": 6.035904886420255, "a_mm_1": 13.66017085360847, "a_mm_2": -24.888182167037993, "a_mm_3": 17.558774034840496, "a_mp_0": 18.414684094165494, "a_mp_1": -13.820558137272137, "a_mp_2": 19.99258769635739, "a_mp_3": -19.00220825660986, "a_pm_0": -38.12797434401495, "a_pm_1": -31.639246125637534, "a_pm_2": -33.59897098396506, "a_pm_3": -9.587268070913538, "a_pp_1": -38.41554575755151, "a_pp_2": 19.81021710740334, "a_pp_3": -38.64266886636798}, "datetime": {"datetime": "2024-07-12 22:45:35", "elapsed": 2822.288523, "delta": 9.188035}}
{"target": -15472.62898583083, "params": {"a_c_1": 20.0, "a_c_2": 10.0, "a_mm_0": 20.0, "a_mm_1": -18.434582167654877, "a_mm_2": -21.231928117082376, "a_mm_3": -9.21229861185793, "a_mp_0": -20.58224373016471, "a_mp_1": 20.0, "a_mp_2": 20.0, "a_mp_3": 20.0, "a_pm_0": 20.0, "a_pm_1": -40.0, "a_pm_2": 20.0, "a_pm_3": 20.0, "a_pp_1": -40.0, "a_pp_2": 20.0, "a_pp_3": 20.0}, "datetime": {"datetime": "2024-07-12 22:45:35", "elapsed": 2986.465045, "delta": 9.946143}}
{"target": -18624.744422442433, "params": {"a_c_1": 20.0, "a_c_2": 0.0, "a_mm_0": -40.0, "a_mm_1": 20.0, "a_mm_2": -2.189385208022824, "a_mm_3": 20.0, "a_mp_0": -40.0, "a_mp_1": -16.574824478068336, "a_mp_2": -40.0, "a_mp_3": 20.0, "a_pm_0": -11.351885880138873, "a_pm_1": -13.309841573359435, "a_pm_2": 20.0, "a_pm_3": -25.981892186251603, "a_pp_1": 6.39967334200535, "a_pp_2": 20.0, "a_pp_3": 20.0}, "datetime": {"datetime": "2024-07-12 22:45:38", "elapsed": 2846.408833, "delta": 12.666764}}
{"target": -366487.0174029981, "params": {"a_c_1": 6.407155139574718, "a_c_2": 4.870634431023552, "a_mm_0": -20.937702256571114, "a_mm_1": 8.00787977863753, "a_mm_2": -19.393929693439617, "a_mm_3": -4.89775839433878, "a_mp_0": -22.67237723738331, "a_mp_1": -23.349481084762882, "a_mp_2": -16.50708491048171, "a_mp_3": -25.577087383137624, "a_pm_0": -25.504267019274156, "a_pm_1": -0.08464183932198921, "a_pm_2": 5.573236339775519, "a_pm_3": -38.87986845303761, "a_pp_1": -5.813389220798605, "a_pp_2": -30.987449269048657, "a_pp_3": -36.02720396740919}, "datetime": {"datetime": "2024-07-12 22:45:43", "elapsed": 2872.567842, "delta": 8.531319}}
{"target": -29134.293100856492, "params": {"a_c_1": 0.0, "a_c_2": 10.0, "a_mm_0": 20.0, "a_mm_1": -40.0, "a_mm_2": 20.0, "a_mm_3": 20.0, "a_mp_0": 20.0, "a_mp_1": -40.0, "a_mp_2": 20.0, "a_mp_3": 20.0, "a_pm_0": 20.0, "a_pm_1": 20.0, "a_pm_2": 20.0, "a_pm_3": -40.0, "a_pp_1": 20.0, "a_pp_2": 3.0647381004326486, "a_pp_3": 20.0}, "datetime": {"datetime": "2024-07-12 22:45:44", "elapsed": 2896.144206, "delta": 12.41513}}
{"target": -138378.686363304, "params": {"a_c_1": 8.031983020505177, "a_c_2": 1.976322651922352, "a_mm_0": 1.1658429869132405, "a_mm_1": -3.0227077269769467, "a_mm_2": -6.347914333143628, "a_mm_3": -33.675441094163524, "a_mp_0": -20.234543923466, "a_mp_1": 8.523596808828643, "a_mp_2": -8.50235532271818, "a_mp_3": -24.753045840342836, "a_pm_0": -13.299590989894025, "a_pm_1": -38.32843898145365, "a_pm_2": 0.835182407325533, "a_pm_3": 5.3222917947507895, "a_pp_1": -5.014782086149992, "a_pp_2": -21.598750017733753, "a_pp_3": 10.802273832790846}, "datetime": {"datetime": "2024-07-12 22:45:46", "elapsed": 2997.41615, "delta": 10.951105}}
{"target": -6035.5122064748675, "params": {"a_c_1": 20.0, "a_c_2": 10.0, "a_mm_0": -40.0, "a_mm_1": 20.0, "a_mm_2": 20.0, "a_mm_3": 20.0, "a_mp_0": 20.0, "a_mp_1": 20.0, "a_mp_2": 20.0, "a_mp_3": -16.98170655191798, "a_pm_0": 20.0, "a_pm_1": 20.0, "a_pm_2": -40.0, "a_pm_3": 20.0, "a_pp_1": -40.0, "a_pp_2": 20.0, "a_pp_3": 20.0}, "datetime": {"datetime": "2024-07-12 22:45:47", "elapsed": 2834.194184, "delta": 11.905661}}
{"target": -204655.3401800262, "params": {"a_c_1": 14.22721605653189, "a_c_2": 0.03265980666092627, "a_mm_0": -15.331750793145275, "a_mm_1": -0.12909197327575583, "a_mm_2": 15.632489326597998, "a_mm_3": 5.928483429536058, "a_mp_0": 10.380493790213457, "a_mp_1": -9.8919605360134, "a_mp_2": -29.637169750573893, "a_mp_3": -29.356631302678295, "a_pm_0": 9.74857173021956, "a_pm_1": -23.24589812242358, "a_pm_2": -10.871183251118278, "a_pm_3": -31.01329371873377, "a_pp_1": 14.44484010974169, "a_pp_2": 13.834297123397889, "a_pp_3": -31.002502032737926}, "datetime": {"datetime": "2024-07-12 22:45:48", "elapsed": 2856.098166, "delta": 9.689333}}
{"target": -48455.70343448453, "params": {"a_c_1": 15.764639924263555, "a_c_2": 4.878255117774955, "a_mm_0": -2.3003068135392297, "a_mm_1": 15.057660552811058, "a_mm_2": 14.388554876304468, "a_mm_3": -10.482273198584195, "a_mp_0": -22.468643647002676, "a_mp_1": 2.5601075765433094, "a_mp_2": 6.711163257784207, "a_mp_3": 5.961828504903821, "a_pm_0": -18.22302373980601, "a_pm_1": -28.208445370685244, "a_pm_2": 12.762114810177295, "a_pm_3": -25.96803564649473, "a_pp_1": 8.419594865261331, "a_pp_2": -4.553640858536042, "a_pp_3": -6.091842761461876}, "datetime": {"datetime": "2024-07-12 22:45:52", "elapsed": 2904.199106, "delta": 8.0549}}
{"target": -15805.735257044053, "params": {"a_c_1": 0.0, "a_c_2": 10.0, "a_mm_0": -40.0, "a_mm_1": 20.0, "a_mm_2": 20.0, "a_mm_3": -5.894371935332161, "a_mp_0": 20.0, "a_mp_1": -40.0, "a_mp_2": 20.0, "a_mp_3": 20.0, "a_pm_0": -19.777670221951425, "a_pm_1": 20.0, "a_pm_2": -9.278743009604218, "a_pm_3": -1.3428619766225038, "a_pp_1": 20.0, "a_pp_2": -16.976594350770895, "a_pp_3": 20.0}, "datetime": {"datetime": "2024-07-12 22:45:53", "elapsed": 2882.349163, "delta": 9.781321}}
{"target": -189555.35426896744, "params": {"a_c_1": 17.175000195648895, "a_c_2": 1.8732139633425549, "a_mm_0": -0.9998356076820585, "a_mm_1": 10.790987041658823, "a_mm_2": -23.810139296085897, "a_mm_3": -14.505959845494331, "a_mp_0": 0.9225424789486709, "a_mp_1": -7.917203776429133, "a_mp_2": -19.89454413830966, "a_mp_3": -31.06192860455767, "a_pm_0": -14.22728752650248, "a_pm_1": 5.324731522043066, "a_pm_2": -15.836097438717836, "a_pm_3": -4.8512917693737165, "a_pp_1": -34.91736275294676, "a_pp_2": -17.25505047765064, "a_pp_3": 8.081928844808537}, "datetime": {"datetime": "2024-07-12 22:45:56", "elapsed": 2864.92862, "delta": 8.830454}}
{"target": -58523.837513904225, "params": {"a_c_1": 0.0, "a_c_2": 10.0, "a_mm_0": 20.0, "a_mm_1": 20.0, "a_mm_2": -40.0, "a_mm_3": 20.0, "a_mp_0": -40.0, "a_mp_1": 20.0, "a_mp_2": 20.0, "a_mp_3": 20.0, "a_pm_0": -40.0, "a_pm_1": 20.0, "a_pm_2": 20.0, "a_pm_3": 20.0, "a_pp_1": 20.0, "a_pp_2": -19.651394809898143, "a_pp_3": 20.0}, "datetime": {"datetime": "2024-07-12 22:45:59", "elapsed": 3010.126167, "delta": 12.710017}}
{"target": -5314.650740428732, "params": {"a_c_1": 20.0, "a_c_2": 10.0, "a_mm_0": 20.0, "a_mm_1": 20.0, "a_mm_2": -40.0, "a_mm_3": 20.0, "a_mp_0": -40.0, "a_mp_1": 20.0, "a_mp_2": 20.0, "a_mp_3": 20.0, "a_pm_0": -40.0, "a_pm_1": 20.0, "a_pm_2": 20.0, "a_pm_3": 20.0, "a_pp_1": -40.0, "a_pp_2": 20.0, "a_pp_3": 20.0}, "datetime": {"datetime": "2024-07-12 22:46:01", "elapsed": 2848.500244, "delta": 14.30606}}
{"target": -2896.6282241271606, "params": {"a_c_1": 0.0, "a_c_2": 10.0, "a_mm_0": -9.73416921288826, "a_mm_1": 20.0, "a_mm_2": 20.0, "a_mm_3": 20.0, "a_mp_0": -40.0, "a_mp_1": 20.0, "a_mp_2": 20.0, "a_mp_3": 20.0, "a_pm_0": 20.0, "a_pm_1": -40.0, "a_pm_2": 20.0, "a_pm_3": 20.0, "a_pp_1": -40.0, "a_pp_2": 20.0, "a_pp_3": 20.0}, "datetime": {"datetime": "2024-07-12 22:46:02", "elapsed": 2892.246228, "delta": 9.897065}}
{"target": -11855.436159277013, "params": {"a_c_1": 20.0, "a_c_2": 10.0, "a_mm_0": 20.0, "a_mm_1": -40.0, "a_mm_2": 20.0, "a_mm_3": 20.0, "a_mp_0": 20.0, "a_mp_1": 20.0, "a_mp_2": -23.762417897046266, "a_mp_3": 20.0, "a_pm_0": -40.0, "a_pm_1": 20.0, "a_pm_2": 20.0, "a_pm_3": -13.32275517940419, "a_pp_1": -40.0, "a_pp_2": 20.0, "a_pp_3": 20.0}, "datetime": {"datetime": "2024-07-12 22:46:05", "elapsed": 2917.616681, "delta": 13.417575}}
{"target": -179418.52729503828, "params": {"a_c_1": 18.720497550387616, "a_c_2": 2.862205947387424, "a_mm_0": -11.780341247519338, "a_mm_1": -24.11736355172323, "a_mm_2": -6.756071606506737, "a_mm_3": -31.415464691201187, "a_mp_0": 5.810709664223701, "a_mp_1": 11.070346499324991, "a_mp_2": 5.979607893367856, "a_mp_3": 5.795596681804547, "a_pm_0": -23.797850546847386, "a_pm_1": -33.64451097186074, "a_pm_2": -21.766570159582756, "a_pm_3": 1.228417003398853, "a_pp_1": -20.559422154543626, "a_pp_2": 3.3044641526451244, "a_pp_3": -31.71409351890422}, "datetime": {"datetime": "2024-07-12 22:46:07", "elapsed": 3018.486804, "delta": 8.360637}}
{"target": -5774.851302401556, "params": {"a_c_1": 20.0, "a_c_2": 10.0, "a_mm_0": -40.0, "a_mm_1": -40.0, "a_mm_2": -18.696667400115942, "a_mm_3": 20.0, "a_mp_0": 20.0, "a_mp_1": 20.0, "a_mp_2": 20.0, "a_mp_3": 20.0, "a_pm_0": 20.0, "a_pm_1": 20.0, "a_pm_2": -40.0, "a_pm_3": 20.0, "a_pp_1": 20.0, "a_pp_2": 20.0, "a_pp_3": 20.0}, "datetime": {"datetime": "2024-07-12 22:46:08", "elapsed": 2876.371577, "delta": 11.442957}}
{"target": -154780.2065663671, "params": {"a_c_1": 7.581875680216639, "a_c_2": 1.0980553560022255, "a_mm_0": -38.04717235538966, "a_mm_1": -30.95294449210254, "a_mm_2": -2.724328215439641, "a_mm_3": 12.74399469735777, "a_mp_0": -5.233051058103314, "a_mp_1": -1.6403685638574927, "a_mp_2": 4.906206599551567, "a_mp_3": 7.845098960670569, "a_pm_0": -35.00474073178232, "a_pm_1": -26.689552343427856, "a_pm_2": 12.956825609406351, "a_pm_3": -22.830102099459832, "a_pp_1": 18.521146742691656, "a_pp_2": -32.49530889852028, "a_pp_3": -22.937838188185854}, "datetime": {"datetime": "2024-07-12 22:46:11", "elapsed": 2900.909875, "delta": 8.663647}}
{"target": -4354.569033722179, "params": {"a_c_1": 20.0, "a_c_2": 10.0, "a_mm_0": 20.0, "a_mm_1": 20.0, "a_mm_2": -12.34254096821707, "a_mm_3": 20.0, "a_mp_0": -40.0, "a_mp_1": -40.0, "a_mp_2": 20.0, "a_mp_3": 20.0, "a_pm_0": -40.0, "a_pm_1": -12.63036837463723, "a_pm_2": 20.0, "a_pm_3": 20.0, "a_pp_1": -14.48696672525786, "a_pp_2": 20.0, "a_pp_3": 20.0}, "datetime": {"datetime": "2024-07-12 22:46:12", "elapsed": 2859.951366, "delta": 11.451122}}
{"target": -32542.974221546054, "params": {"a_c_1": 0.0, "a_c_2": 10.0, "a_mm_0": 20.0, "a_mm_1": -40.0, "a_mm_2": 1.4835281034951637, "a_mm_3": 20.0, "a_mp_0": 20.0, "a_mp_1": 18.540414435202997, "a_mp_2": 20.0, "a_mp_3": 20.0, "a_pm_0": 20.0, "a_pm_1": -40.0, "a_pm_2": 20.0, "a_pm_3": -7.655074049054913, "a_pp_1": 20.0, "a_pp_2": 20.0, "a_pp_3": -21.205275394774258}, "datetime": {"datetime": "2024-07-12 22:46:16", "elapsed": 2927.838388, "delta": 10.221707}}
{"target": -189169.60421453987, "params": {"a_c_1": 12.522397350908038, "a_c_2": 3.0631440098207507, "a_mm_0": -36.31243356334725, "a_mm_1": 12.00785112916035, "a_mm_2": -28.097511137712388, "a_mm_3": 15.093115333914945, "a_mp_0": -21.00000414841135, "a_mp_1": -29.64316620361437, "a_mp_2": -23.369995845684354, "a_mp_3": 12.306892826095321, "a_pm_0": -23.88230401479101, "a_pm_1": -20.770286024645742, "a_pm_2": -28.447646082811257, "a_pm_3": 8.737815521109887, "a_pp_1": -8.246165254822898, "a_pp_2": 0.672477034679595, "a_pp_3": -33.121144268271394}, "datetime": {"datetime": "2024-07-12 22:46:17", "elapsed": 2885.473366, "delta": 9.101789}}
{"target": -470731.9524716018, "params": {"a_c_1": 0.9011233131763818, "a_c_2": 5.423836412923229, "a_mm_0": -13.802774693960743, "a_mm_1": 1.8243555106371403, "a_mm_2": -29.581713949246016, "a_mm_3": -26.66617532621465, "a_mp_0": -23.656290719620017, "a_mp_1": -2.5948341571840388, "a_mp_2": -29.15284276792196, "a_mp_3": -27.711857903451193, "a_pm_0": -38.404644919542335, "a_pm_1": -19.64077302132422, "a_pm_2": -8.325574959254066, "a_pm_3": -33.337344120825605, "a_pp_1": 5.7099202517686365, "a_pp_2": -3.2840390754344213, "a_pp_3": -30.32186852847986}, "datetime": {"datetime": "2024-07-12 22:46:21", "elapsed": 2868.066258, "delta": 8.114892}}
{"target": -10440.84046276986, "params": {"a_c_1": 20.0, "a_c_2": 10.0, "a_mm_0": -16.77066509576964, "a_mm_1": -23.15613007043498, "a_mm_2": -3.962319950380177, "a_mm_3": 20.0, "a_mp_0": 20.0, "a_mp_1": -1.8973667048613934, "a_mp_2": -7.914486487674888, "a_mp_3": -11.958534989261945, "a_pm_0": -9.750549583657902, "a_pm_1": 20.0, "a_pm_2": -7.735849606805742, "a_pm_3": -19.840476776219653, "a_pp_1": -11.41744449124655, "a_pp_2": 20.0, "a_pp_3": 20.0}, "datetime": {"datetime": "2024-07-12 22:46:22", "elapsed": 2911.871946, "delta": 10.962071}}
{"target": -1363.436912204793, "params": {"a_c_1": 0.0, "a_c_2": 10.0, "a_mm_0": 20.0, "a_mm_1": 20.0, "a_mm_2": 20.0, "a_mm_3": 20.0, "a_mp_0": 20.0, "a_mp_1": -40.0, "a_mp_2": 20.0, "a_mp_3": 20.0, "a_pm_0": 20.0, "a_pm_1": 20.0, "a_pm_2": -16.903291682739074, "a_pm_3": 20.0, "a_pp_1": 20.0, "a_pp_2": 20.0, "a_pp_3": 20.0}, "datetime": {"datetime": "2024-07-12 22:46:24", "elapsed": 3035.544601, "delta": 17.057797}}
{"target": -117739.63275194175, "params": {"a_c_1": 0.0, "a_c_2": 10.0, "a_mm_0": 20.0, "a_mm_1": -40.0, "a_mm_2": 20.0, "a_mm_3": -40.0, "a_mp_0": 20.0, "a_mp_1": -40.0, "a_mp_2": 20.0, "a_mp_3": 20.0, "a_pm_0": -40.0, "a_pm_1": 20.0, "a_pm_2": -40.0, "a_pm_3": 20.0, "a_pp_1": 20.0, "a_pp_2": 20.0, "a_pp_3": 20.0}, "datetime": {"datetime": "2024-07-12 22:46:26", "elapsed": 2937.931722, "delta": 10.093334}}
{"target": -10058.20384678043, "params": {"a_c_1": 0.0, "a_c_2": 10.0, "a_mm_0": 20.0, "a_mm_1": -19.76490887356845, "a_mm_2": 20.0, "a_mm_3": 20.0, "a_mp_0": -40.0, "a_mp_1": -40.0, "a_mp_2": 20.0, "a_mp_3": 20.0, "a_pm_0": 20.0, "a_pm_1": -40.0, "a_pm_2": -30.913846100958587, "a_pm_3": 20.0, "a_pp_1": 20.0, "a_pp_2": 20.0, "a_pp_3": 20.0}, "datetime": {"datetime": "2024-07-12 22:46:28", "elapsed": 2896.148448, "delta": 10.675082}}
{"target": -159164.5802316, "params": {"a_c_1": 13.657182059820357, "a_c_2": 1.2339114926030226, "a_mm_0": 17.314022022869146, "a_mm_1": 3.1023494731468944, "a_mm_2": 16.711081169678174, "a_mm_3": 15.654834916898594, "a_mp_0": 19.231292258321808, "a_mp_1": 19.165515246639288, "a_mp_2": 7.425984719943486, "a_mp_3": -14.715684718863756, "a_pm_0": 2.3993007225597935, "a_pm_1": -29.125072885013452, "a_pm_2": -18.96007397480339, "a_pm_3": -5.502440741139004, "a_pp_1": -15.813728879646998, "a_pp_2": -5.554574704046821, "a_pp_3": -31.76603857742809}, "datetime": {"datetime": "2024-07-12 22:46:31", "elapsed": 2920.753606, "delta": 8.88166}}
{"target": -358957.9831081071, "params": {"a_c_1": 2.565003229362779, "a_c_2": 7.745616100774346, "a_mm_0": 9.658567678191709, "a_mm_1": -11.143345132573582, "a_mm_2": -35.253885440798356, "a_mm_3": -9.750223901113596, "a_mp_0": -3.380220719818354, "a_mp_1": -29.903403712117225, "a_mp_2": -30.10330481704164, "a_mp_3": 0.7560829673309684, "a_pm_0": -27.17454200871084, "a_pm_1": -15.463843691551048, "a_pm_2": -13.020685521302799, "a_pm_3": -30.41242790457627, "a_pp_1": -19.67863825342682, "a_pp_2": 18.429062719235006, "a_pp_3": -39.02258714225143}, "datetime": {"datetime": "2024-07-12 22:46:33", "elapsed": 3043.985025, "delta": 8.440424}}
{"target": -31478.390223917777, "params": {"a_c_1": 20.0, "a_c_2": 10.0, "a_mm_0": -40.0, "a_mm_1": 20.0, "a_mm_2": 20.0, "a_mm_3": 20.0, "a_mp_0": -40.0, "a_mp_1": -40.0, "a_mp_2": -40.0, "a_mp_3": 20.0, "a_pm_0": 20.0, "a_pm_1": 20.0, "a_pm_2": -3.209938629070861, "a_pm_3": 20.0, "a_pp_1": 20.0, "a_pp_2": 20.0, "a_pp_3": -11.656076607407762}, "datetime": {"datetime": "2024-07-12 22:46:33", "elapsed": 2880.493774, "delta": 12.427516}}
{"target": -3052.7675861458406, "params": {"a_c_1": 0.0, "a_c_2": 10.0, "a_mm_0": -40.0, "a_mm_1": 20.0, "a_mm_2": -30.64808698902076, "a_mm_3": 20.0, "a_mp_0": -40.0, "a_mp_1": -40.0, "a_mp_2": 20.0, "a_mp_3": 20.0, "a_pm_0": 20.0, "a_pm_1": 20.0, "a_pm_2": 20.0, "a_pm_3": 20.0, "a_pp_1": 20.0, "a_pp_2": 20.0, "a_pp_3": 20.0}, "datetime": {"datetime": "2024-07-12 22:46:37", "elapsed": 2948.838894, "delta": 10.907172}}
{"target": -15586.690979687557, "params": {"a_c_1": 15.272296051790246, "a_c_2": 2.517976036413577, "a_mm_0": -9.40892905943026, "a_mm_1": 19.04479916824227, "a_mm_2": 5.0483025412356355, "a_mm_3": 14.384885763083318, "a_mp_0": 0.6569700257815612, "a_mp_1": -37.68362618420618, "a_mp_2": 9.520367207008377, "a_mp_3": -3.4942371894205024, "a_pm_0": -31.04589884227608, "a_pm_1": -13.229967976568553, "a_pm_2": -23.473162422631304, "a_pm_3": -14.394473784496892, "a_pp_1": 8.549073565873229, "a_pp_2": 12.377966047250105, "a_pp_3": -1.2645577923744185}, "datetime": {"datetime": "2024-07-12 22:46:39", "elapsed": 2907.478536, "delta": 11.330088}}
{"target": -5063.702836053461, "params": {"a_c_1": 0.0, "a_c_2": 10.0, "a_mm_0": 20.0, "a_mm_1": 20.0, "a_mm_2": 20.0, "a_mm_3": 20.0, "a_mp_0": -40.0, "a_mp_1": 20.0, "a_mp_2": 20.0, "a_mp_3": 20.0, "a_pm_0": 20.0, "a_pm_1": 20.0, "a_pm_2": -40.0, "a_pm_3": 20.0, "a_pp_1": 20.0, "a_pp_2": 20.0, "a_pp_3": 20.0}, "datetime": {"datetime": "2024-07-12 22:46:40", "elapsed": 2930.073887, "delta": 9.320281}}
{"target": -89007.45740934093, "params": {"a_c_1": 1.8804818211984542, "a_c_2": 6.74653838644447, "a_mm_0": -9.569593282790862, "a_mm_1": -38.08230929447711, "a_mm_2": -17.865387858080027, "a_mm_3": -32.72183964083246, "a_mp_0": 9.958365088558438, "a_mp_1": -10.249849563049715, "a_mp_2": -24.957494106106722, "a_mp_3": -0.34043747124130164, "a_pm_0": -0.3410025021756269, "a_pm_1": -10.42926017133987, "a_pm_2": -1.1832278795544227, "a_pm_3": -16.18805869544522, "a_pp_1": 8.633828658535926, "a_pp_2": 15.807630578102867, "a_pp_3": 2.5674646971060753}, "datetime": {"datetime": "2024-07-12 22:46:44", "elapsed": 2891.15971, "delta": 10.665936}}
{"target": -11618.340086919412, "params": {"a_c_1": 0.0, "a_c_2": 10.0, "a_mm_0": 20.0, "a_mm_1": -40.0, "a_mm_2": 20.0, "a_mm_3": 5.076625948402307, "a_mp_0": 20.0, "a_mp_1": -40.0, "a_mp_2": -40.0, "a_mp_3": 20.0, "a_pm_0": -40.0, "a_pm_1": 20.0, "a_pm_2": 20.0, "a_pm_3": 20.0, "a_pp_1": 20.0, "a_pp_2": 20.0, "a_pp_3": 20.0}, "datetime": {"datetime": "2024-07-12 22:46:45", "elapsed": 3055.93738, "delta": 11.952355}}
{"target": -16214.438244623652, "params": {"a_c_1": 20.0, "a_c_2": 10.0, "a_mm_0": 3.7504582868524197, "a_mm_1": 4.259118659306114, "a_mm_2": 15.798890138580447, "a_mm_3": -20.201891877277173, "a_mp_0": 1.8877039109798437, "a_mp_1": -2.747467984171248, "a_mp_2": -7.254731697716668, "a_mp_3": 20.0, "a_pm_0": -40.0, "a_pm_1": -10.223480023813556, "a_pm_2": 20.0, "a_pm_3": -4.858840180409267, "a_pp_1": 0.6626879272152545, "a_pp_2": -19.89223891955228, "a_pp_3": 20.0}, "datetime": {"datetime": "2024-07-12 22:46:48", "elapsed": 2960.269466, "delta": 11.430572}}
{"target": -41621.03866514592, "params": {"a_c_1": 0.0, "a_c_2": 10.0, "a_mm_0": 20.0, "a_mm_1": -13.075703888869512, "a_mm_2": 17.30095150645471, "a_mm_3": 20.0, "a_mp_0": -40.0, "a_mp_1": 20.0, "a_mp_2": 20.0, "a_mp_3": 20.0, "a_pm_0": 20.0, "a_pm_1": -40.0, "a_pm_2": -20.807549882877186, "a_pm_3": 20.0, "a_pp_1": 20.0, "a_pp_2": 20.0, "a_pp_3": -17.99440688417826}, "datetime": {"datetime": "2024-07-12 22:46:49", "elapsed": 2917.944052, "delta": 10.465516}}
{"target": -27438.182702729697, "params": {"a_c_1": 20.0, "a_c_2": 10.0, "a_mm_0": 20.0, "a_mm_1": -15.570560963428283, "a_mm_2": 6.136185386185348, "a_mm_3": 20.0, "a_mp_0": -40.0, "a_mp_1": -40.0, "a_mp_2": -18.685905649470165, "a_mp_3": 20.0, "a_pm_0": 20.0, "a_pm_1": 20.0, "a_pm_2": -0.08682327861861854, "a_pm_3": 9.205681232072411, "a_pp_1": -1.7952042999259499, "a_pp_2": 20.0, "a_pp_3": -18.637019516507443}, "datetime": {"datetime": "2024-07-12 22:46:52", "elapsed": 2941.518437, "delta": 11.44455}}
{"target": -32255.37321265373, "params": {"a_c_1": 0.0, "a_c_2": 10.0, "a_mm_0": 20.0, "a_mm_1": 20.0, "a_mm_2": -30.026508327070022, "a_mm_3": 20.0, "a_mp_0": 20.0, "a_mp_1": 20.0, "a_mp_2": -40.0, "a_mp_3": -1.9710173245926008, "a_pm_0": -40.0, "a_pm_1": -13.856766117917422, "a_pm_2": 20.0, "a_pm_3": 6.023002628485744, "a_pp_1": -8.389119894648797, "a_pp_2": 20.0, "a_pp_3": 20.0}, "datetime": {"datetime": "2024-07-12 22:46:56", "elapsed": 2902.974791, "delta": 11.815081}}
