{"target": -143564.78546083346, "params": {"a_c_1": 17.253102921321364, "a_c_2": 6.414924498703152, "a_mm_0": 0.8880052573204935, "a_mm_1": 13.663758022548066, "a_mm_2": -7.797937852696684, "a_mm_3": -8.675492003285832, "a_mp_0": -3.579135927798035, "a_mp_1": -35.506330327803184, "a_mp_2": -36.99862555000193, "a_mp_3": 11.52233386779136, "a_pm_0": -6.4037252339654955, "a_pm_1": -15.658422764035222, "a_pm_2": -5.389941302328275, "a_pm_3": 2.0701281797331745, "a_pp_1": -12.101423000321098, "a_pp_2": -11.938420594266269, "a_pp_3": -21.75558762396821}, "datetime": {"datetime": "2024-07-12 23:10:08", "elapsed": 4337.838359, "delta": 8.878174}}
{"target": -9538.051512256998, "params": {"a_c_1": 20.0, "a_c_2": 10.0, "a_mm_0": 20.0, "a_mm_1": 20.0, "a_mm_2": -3.572883471369147, "a_mm_3": 20.0, "a_mp_0": -40.0, "a_mp_1": 20.0, "a_mp_2": -1.046815775370032, "a_mp_3": 20.0, "a_pm_0": -40.0, "a_pm_1": 20.0, "a_pm_2": 20.0, "a_pm_3": -27.75411306727045, "a_pp_1": -40.0, "a_pp_2": 20.0, "a_pp_3": 20.0}, "datetime": {"datetime": "2024-07-12 23:10:12", "elapsed": 4463.234925, "delta": 10.051903}}
{"target": -47215.65335445105, "params": {"a_c_1": 8.433434368075899, "a_c_2": 4.972771776635968, "a_mm_0": -24.044906437449566, "a_mm_1": -9.521730762136574, "a_mm_2": -1.0162513973310041, "a_mm_3": 5.99058831252885, "a_mp_0": 9.115005641105007, "a_mp_1": 3.938799254385458, "a_mp_2": -28.057125095764604, "a_mp_3": -12.229462105129748, "a_pm_0": -4.343979621938459, "a_pm_1": -12.281807783331459, "a_pm_2": -6.74958579831479, "a_pm_3": -1.50679223476115, "a_pp_1": -26.54790761442957, "a_pp_2": 6.262812050864454, "a_pp_3": 7.4516507109283765}, "datetime": {"datetime": "2024-07-12 23:10:14", "elapsed": 4322.632181, "delta": 9.992487}}
{"target": -1555.1333253408184, "params": {"a_c_1": 20.0, "a_c_2": 10.0, "a_mm_0": -40.0, "a_mm_1": 20.0, "a_mm_2": 20.0, "a_mm_3": 20.0, "a_mp_0": 20.0, "a_mp_1": 20.0, "a_mp_2": 20.0, "a_mp_3": 20.0, "a_pm_0": -40.0, "a_pm_1": 20.0, "a_pm_2": 20.0, "a_pm_3": 20.0, "a_pp_1": 20.0, "a_pp_2": -14.884411666108878, "a_pp_3": 20.0}, "datetime": {"datetime": "2024-07-12 23:10:14", "elapsed": 4301.806014, "delta": 10.780134}}
{"target": -12373.132266016675, "params": {"a_c_1": 20.0, "a_c_2": 10.0, "a_mm_0": 20.0, "a_mm_1": 20.0, "a_mm_2": 20.0, "a_mm_3": 20.0, "a_mp_0": -40.0, "a_mp_1": 20.0, "a_mp_2": 20.0, "a_mp_3": 20.0, "a_pm_0": 20.0, "a_pm_1": -40.0, "a_pm_2": 20.0, "a_pm_3": -8.72311714836025, "a_pp_1": -40.0, "a_pp_2": 20.0, "a_pp_3": -0.582814269183831}, "datetime": {"datetime": "2024-07-12 23:10:17", "elapsed": 4369.521054, "delta": 11.86888}}
{"target": -469385.7136103058, "params": {"a_c_1": 11.720770626690102, "a_c_2": 9.13856612829014, "a_mm_0": 5.764961036859624, "a_mm_1": -16.338267044238577, "a_mm_2": -7.704294601242822, "a_mm_3": -28.926938329154876, "a_mp_0": -31.896166924693176, "a_mp_1": -31.78565318047855, "a_mp_2": -31.303467488284028, "a_mp_3": 16.82803177484749, "a_pm_0": 1.5098386242745434, "a_pm_1": -27.955079903437934, "a_pm_2": -34.67214513332374, "a_pm_3": -39.416616975939206, "a_pp_1": -28.78292821439144, "a_pp_2": -9.233420899043562, "a_pp_3": -21.92152161495612}, "datetime": {"datetime": "2024-07-12 23:10:18", "elapsed": 4347.497279, "delta": 9.65892}}
{"target": -18417.324035945072, "params": {"a_c_1": 0.0, "a_c_2": 10.0, "a_mm_0": 20.0, "a_mm_1": 20.0, "a_mm_2": 20.0, "a_mm_3": 20.0, "a_mp_0": -40.0, "a_mp_1": -40.0, "a_mp_2": 20.0, "a_mp_3": 20.0, "a_pm_0": 20.0, "a_pm_1": 20.0, "a_pm_2": 20.0, "a_pm_3": 20.0, "a_pp_1": -40.0, "a_pp_2": 20.0, "a_pp_3": -11.92723519779197}, "datetime": {"datetime": "2024-07-12 23:10:23", "elapsed": 4473.665515, "delta": 10.43059}}
{"target": -215213.8285786917, "params": {"a_c_1": 9.22598586721447, "a_c_2": 7.082271822664156, "a_mm_0": -6.986091743818079, "a_mm_1": 10.743500235248867, "a_mm_2": -29.364854422397528, "a_mm_3": -26.79533111504681, "a_mp_0": -20.604536143364676, "a_mp_1": -5.32606822836982, "a_mp_2": -35.264078554456574, "a_mp_3": 8.210220293008945, "a_pm_0": 10.930225002762398, "a_pm_1": -3.137355567285475, "a_pm_2": -2.523966545370186, "a_pm_3": -18.32906402732607, "a_pp_1": -31.718464856216073, "a_pp_2": -15.564105228032755, "a_pp_3": -13.322775540798123}, "datetime": {"datetime": "2024-07-12 23:10:26", "elapsed": 4377.785451, "delta": 8.264397}}
{"target": -1425.205220571364, "params": {"a_c_1": 20.0, "a_c_2": 10.0, "a_mm_0": 20.0, "a_mm_1": -40.0, "a_mm_2": -6.551484714027565, "a_mm_3": 20.0, "a_mp_0": 20.0, "a_mp_1": 20.0, "a_mp_2": 20.0, "a_mp_3": 20.0, "a_pm_0": 20.0, "a_pm_1": 20.0, "a_pm_2": 20.0, "a_pm_3": 20.0, "a_pp_1": 20.0, "a_pp_2": 20.0, "a_pp_3": 20.0}, "datetime": {"datetime": "2024-07-12 23:10:26", "elapsed": 4313.326831, "delta": 11.520817}}
{"target": -2452.7454558510985, "params": {"a_c_1": 0.0, "a_c_2": 10.0, "a_mm_0": 20.0, "a_mm_1": -8.755312622795989, "a_mm_2": -13.100431129242548, "a_mm_3": 20.0, "a_mp_0": -40.0, "a_mp_1": 1.508829750034845, "a_mp_2": -13.67339925744522, "a_mp_3": -3.0546931902814074, "a_pm_0": -18.892422721559118, "a_pm_1": 20.0, "a_pm_2": 20.0, "a_pm_3": 4.793030799269401, "a_pp_1": 20.0, "a_pp_2": 20.0, "a_pp_3": 20.0}, "datetime": {"datetime": "2024-07-12 23:10:27", "elapsed": 4335.189126, "delta": 12.556945}}
{"target": -230723.79629612472, "params": {"a_c_1": 8.2417945535647, "a_c_2": 1.9422587092584576, "a_mm_0": 13.033961499724576, "a_mm_1": -18.56612295032252, "a_mm_2": 16.47064509162047, "a_mm_3": -17.125246852106276, "a_mp_0": 19.07012116349388, "a_mp_1": 11.941199231011993, "a_mp_2": -30.362287151439794, "a_mp_3": 6.050595376432192, "a_pm_0": 2.965636817289962, "a_pm_1": -29.120838013529074, "a_pm_2": -9.002220047323817, "a_pm_3": -35.75906068776228, "a_pp_1": -16.880605146372666, "a_pp_2": -15.936162635328557, "a_pp_3": -23.390371292960886}, "datetime": {"datetime": "2024-07-12 23:10:31", "elapsed": 4482.31768, "delta": 8.652165}}
{"target": -5923.772333630432, "params": {"a_c_1": 20.0, "a_c_2": 10.0, "a_mm_0": 20.0, "a_mm_1": -40.0, "a_mm_2": -15.838375311092408, "a_mm_3": -11.323979225070307, "a_mp_0": 20.0, "a_mp_1": 20.0, "a_mp_2": 20.0, "a_mp_3": 20.0, "a_pm_0": -5.447997566716528, "a_pm_1": -40.0, "a_pm_2": -16.211700335499614, "a_pm_3": -7.075587226904069, "a_pp_1": 20.0, "a_pp_2": 20.0, "a_pp_3": 20.0}, "datetime": {"datetime": "2024-07-12 23:10:34", "elapsed": 4363.579311, "delta": 16.082032}}
{"target": -4627.89740313347, "params": {"a_c_1": 20.0, "a_c_2": 10.0, "a_mm_0": -40.0, "a_mm_1": -40.0, "a_mm_2": 20.0, "a_mm_3": 20.0, "a_mp_0": -40.0, "a_mp_1": 20.0, "a_mp_2": 0.9729344330700758, "a_mp_3": 20.0, "a_pm_0": -18.596522147005594, "a_pm_1": 20.0, "a_pm_2": 20.0, "a_pm_3": 20.0, "a_pp_1": 20.0, "a_pp_2": 20.0, "a_pp_3": 20.0}, "datetime": {"datetime": "2024-07-12 23:10:35", "elapsed": 4387.532682, "delta": 9.747231}}
{"target": -125180.74236505914, "params": {"a_c_1": 19.075700275681143, "a_c_2": 3.9587384376198864, "a_mm_0": 8.059433318644778, "a_mm_1": -18.61914152395955, "a_mm_2": -29.41711167941209, "a_mm_3": -34.39195884804473, "a_mp_0": -11.567465758146152, "a_mp_1": 9.972750955607175, "a_mp_2": -8.185557940293386, "a_mp_3": 7.2983832081548385, "a_pm_0": 4.276006312569621, "a_pm_1": 1.8800561318427214, "a_pm_2": -25.76829450408549, "a_pm_3": -33.825557261065825, "a_pp_1": 2.7499040075879506, "a_pp_2": 2.3375278369746297, "a_pp_3": -6.03369641396457}, "datetime": {"datetime": "2024-07-12 23:10:36", "elapsed": 4323.81756, "delta": 10.490729}}
{"target": -178114.58585503337, "params": {"a_c_1": 0.6626444552392008, "a_c_2": 2.1887927745316205, "a_mm_0": -38.11573832305476, "a_mm_1": 8.82989419878227, "a_mm_2": -33.797312933434114, "a_mm_3": -18.68457892657186, "a_mp_0": -25.128795884718684, "a_mp_1": -22.013146861523552, "a_mp_2": 2.365429616795339, "a_mp_3": -12.036770441044997, "a_pm_0": 11.050795617324596, "a_pm_1": 1.6548026411731698, "a_pm_2": -2.4715981336907333, "a_pm_3": 6.754371623036704, "a_pp_1": 16.549218948224308, "a_pp_2": -13.076584436008915, "a_pp_3": -39.763142245700706}, "datetime": {"datetime": "2024-07-12 23:10:37", "elapsed": 4345.352338, "delta": 10.163212}}
{"target": -181211.4539571754, "params": {"a_c_1": 9.902544550868598, "a_c_2": 8.87409780712202, "a_mm_0": 14.492236319489628, "a_mm_1": 4.543172242656212, "a_mm_2": -12.2425133420769, "a_mm_3": -0.292803032892337, "a_mp_0": -0.3809285357818837, "a_mp_1": -26.91084873330412, "a_mp_2": -8.150452580780431, "a_mp_3": -17.013382474885436, "a_pm_0": -11.499773050867901, "a_pm_1": -26.61239311455123, "a_pm_2": -33.734229635633184, "a_pm_3": 2.0167144616188395, "a_pp_1": -38.97660452580121, "a_pp_2": -7.811407218068197, "a_pp_3": 8.615274222258172}, "datetime": {"datetime": "2024-07-12 23:10:41", "elapsed": 4491.973275, "delta": 9.655595}}
{"target": -439617.4090925884, "params": {"a_c_1": 0.6655782441698488, "a_c_2": 1.2354520919983236, "a_mm_0": 19.190606549120865, "a_mm_1": 17.260321217759845, "a_mm_2": 8.597312418142216, "a_mm_3": -32.467083057215184, "a_mp_0": -9.223874032729206, "a_mp_1": -7.8610334603882706, "a_mp_2": -12.171846064614801, "a_mp_3": -27.73413783729783, "a_pm_0": 14.856189017960276, "a_pm_1": -27.37060084988023, "a_pm_2": -38.89312214589033, "a_pm_3": -30.647561186233453, "a_pp_1": -37.246738786808024, "a_pp_2": -34.06387727585697, "a_pp_3": -1.6610602936157761}, "datetime": {"datetime": "2024-07-12 23:10:45", "elapsed": 4397.367501, "delta": 9.834819}}
{"target": -20091.169003995154, "params": {"a_c_1": 20.0, "a_c_2": 10.0, "a_mm_0": 20.0, "a_mm_1": -40.0, "a_mm_2": 20.0, "a_mm_3": 20.0, "a_mp_0": 20.0, "a_mp_1": -40.0, "a_mp_2": 20.0, "a_mp_3": -30.939916415598343, "a_pm_0": -40.0, "a_pm_1": -40.0, "a_pm_2": 20.0, "a_pm_3": 20.0, "a_pp_1": 20.0, "a_pp_2": 20.0, "a_pp_3": 20.0}, "datetime": {"datetime": "2024-07-12 23:10:46", "elapsed": 4376.067989, "delta": 12.488678}}
{"target": -3120.413794529005, "params": {"a_c_1": 0.0, "a_c_2": 10.0, "a_mm_0": 20.0, "a_mm_1": -40.0, "a_mm_2": 20.0, "a_mm_3": 20.0, "a_mp_0": -40.0, "a_mp_1": 20.0, "a_mp_2": 20.0, "a_mp_3": 20.0, "a_pm_0": -40.0, "a_pm_1": 20.0, "a_pm_2": 20.0, "a_pm_3": 20.0, "a_pp_1": -20.214930645727243, "a_pp_2": 20.0, "a_pp_3": 20.0}, "datetime": {"datetime": "2024-07-12 23:10:47", "elapsed": 4334.808764, "delta": 10.991204}}
{"target": -5602.950123051627, "params": {"a_c_1": 0.0, "a_c_2": 0.0, "a_mm_0": 20.0, "a_mm_1": 20.0, "a_mm_2": 20.0, "a_mm_3": 20.0, "a_mp_0": 20.0, "a_mp_1": -40.0, "a_mp_2": -19.376207204136435, "a_mp_3": 20.0, "a_pm_0": 20.0, "a_pm_1": -40.0, "a_pm_2": 20.0, "a_pm_3": 20.0, "a_pp_1": 20.0, "a_pp_2": 20.0, "a_pp_3": 20.0}, "datetime": {"datetime": "2024-07-12 23:10:48", "elapsed": 4356.886142, "delta": 11.533804}}
{"target": -17774.153733721345, "params": {"a_c_1": 20.0, "a_c_2": 10.0, "a_mm_0": 20.0, "a_mm_1": 20.0, "a_mm_2": 20.0, "a_mm_3": 20.0, "a_mp_0": 20.0, "a_mp_1": -40.0, "a_mp_2": 20.0, "a_mp_3": 20.0, "a_pm_0": 20.0, "a_pm_1": 20.0, "a_pm_2": 20.0, "a_pm_3": -36.634513641653434, "a_pp_1": 20.0, "a_pp_2": 20.0, "a_pp_3": 20.0}, "datetime": {"datetime": "2024-07-12 23:10:52", "elapsed": 4502.908941, "delta": 10.935666}}
{"target": -4963.766367641347, "params": {"a_c_1": 20.0, "a_c_2": 10.0, "a_mm_0": 20.0, "a_mm_1": -40.0, "a_mm_2": 20.0, "a_mm_3": 20.0, "a_mp_0": 20.0, "a_mp_1": 20.0, "a_mp_2": 20.0, "a_mp_3": 20.0, "a_pm_0": 20.0, "a_pm_1": 20.0, "a_pm_2": -40.0, "a_pm_3": 20.0, "a_pp_1": 20.0, "a_pp_2": 20.0, "a_pp_3": 20.0}, "datetime": {"datetime": "2024-07-12 23:10:56", "elapsed": 4408.503319, "delta": 11.135818}}
{"target": -67393.8976334978, "params": {"a_c_1": 4.362534515682586, "a_c_2": 1.1787487955706533, "a_mm_0": -25.17626733154006, "a_mm_1": -8.937813439798244, "a_mm_2": -28.10753295102419, "a_mm_3": 10.989538217836333, "a_mp_0": 4.017133104168472, "a_mp_1": -27.445038565617338, "a_mp_2": -29.179054914536692, "a_mp_3": -4.019242423021289, "a_pm_0": 12.961336262246604, "a_pm_1": 14.157699227006667, "a_pm_2": 8.599332482212745, "a_pm_3": 15.153454781580223, "a_pp_1": -34.980035605979644, "a_pp_2": 6.08210089711249, "a_pp_3": 4.059727552142256}, "datetime": {"datetime": "2024-07-12 23:10:58", "elapsed": 4345.429283, "delta": 10.620519}}
{"target": -59171.861655840665, "params": {"a_c_1": 9.636177227415333, "a_c_2": 0.12823813430367315, "a_mm_0": -8.3944382316397, "a_mm_1": 13.773690036986167, "a_mm_2": 19.023944938900286, "a_mm_3": 6.974366603575092, "a_mp_0": -23.19543906221116, "a_mp_1": 3.4308071220265646, "a_mp_2": 11.47206721964372, "a_mp_3": -6.012583788084278, "a_pm_0": 11.532147735275487, "a_pm_1": -29.751179590707395, "a_pm_2": 10.764323992360822, "a_pm_3": 3.860664164312297, "a_pp_1": -21.57665670595917, "a_pp_2": -29.45020818538501, "a_pp_3": 12.851845041287568}, "datetime": {"datetime": "2024-07-12 23:10:58", "elapsed": 4366.708715, "delta": 9.822573}}
{"target": -40285.67385340928, "params": {"a_c_1": 0.0, "a_c_2": 10.0, "a_mm_0": -40.0, "a_mm_1": 20.0, "a_mm_2": 20.0, "a_mm_3": 20.0, "a_mp_0": -40.0, "a_mp_1": 20.0, "a_mp_2": -40.0, "a_mp_3": 20.0, "a_pm_0": 20.0, "a_pm_1": 20.0, "a_pm_2": -40.0, "a_pm_3": -14.71179600305204, "a_pp_1": 20.0, "a_pp_2": 20.0, "a_pp_3": 20.0}, "datetime": {"datetime": "2024-07-12 23:10:59", "elapsed": 4388.492438, "delta": 12.424449}}
{"target": -3055.2207451323516, "params": {"a_c_1": 20.0, "a_c_2": 10.0, "a_mm_0": 20.0, "a_mm_1": -40.0, "a_mm_2": 1.7610590789259213, "a_mm_3": 20.0, "a_mp_0": 20.0, "a_mp_1": 20.0, "a_mp_2": 20.0, "a_mp_3": 20.0, "a_pm_0": -40.0, "a_pm_1": -40.0, "a_pm_2": -13.194722306640466, "a_pm_3": -8.470311906113512, "a_pp_1": 20.0, "a_pp_2": 20.0, "a_pp_3": 20.0}, "datetime": {"datetime": "2024-07-12 23:11:05", "elapsed": 4515.925584, "delta": 13.016643}}
{"target": -7591.99079018879, "params": {"a_c_1": 20.0, "a_c_2": 10.0, "a_mm_0": -40.0, "a_mm_1": 20.0, "a_mm_2": -19.4805750248113, "a_mm_3": 20.0, "a_mp_0": -40.0, "a_mp_1": 20.0, "a_mp_2": 20.0, "a_mp_3": 20.0, "a_pm_0": 20.0, "a_pm_1": -40.0, "a_pm_2": 20.0, "a_pm_3": -24.644786787805458, "a_pp_1": 20.0, "a_pp_2": 20.0, "a_pp_3": 20.0}, "datetime": {"datetime": "2024-07-12 23:11:08", "elapsed": 4420.329033, "delta": 11.825714}}
{"target": -33103.93605295642, "params": {"a_c_1": 0.09174966935356021, "a_c_2": 6.144664672460602, "a_mm_0": -3.611683766985621, "a_mm_1": -2.4154220195584557, "a_mm_2": -2.7544542285683065, "a_mm_3": 10.312058835421546, "a_mp_0": 9.449392860466105, "a_mp_1": -39.32442150664174, "a_mp_2": -25.169566844304597, "a_mp_3": -5.983707162261972, "a_pm_0": -22.187370172892514, "a_pm_1": -24.389661629475167, "a_pm_2": 11.235309225452873, "a_pm_3": 9.5859617461713, "a_pp_1": -6.983130541942323, "a_pp_2": 12.791296821419046, "a_pp_3": -2.311727495529169}, "datetime": {"datetime": "2024-07-12 23:11:08", "elapsed": 4376.965395, "delta": 10.25668}}
{"target": -6508.954756469147, "params": {"a_c_1": 0.0, "a_c_2": 10.0, "a_mm_0": -40.0, "a_mm_1": 20.0, "a_mm_2": 20.0, "a_mm_3": 20.0, "a_mp_0": -40.0, "a_mp_1": -40.0, "a_mp_2": 20.0, "a_mp_3": 20.0, "a_pm_0": -40.0, "a_pm_1": 20.0, "a_pm_2": -11.133653486336401, "a_pm_3": 20.0, "a_pp_1": 20.0, "a_pp_2": 20.0, "a_pp_3": 20.0}, "datetime": {"datetime": "2024-07-12 23:11:10", "elapsed": 4399.291664, "delta": 10.799226}}
{"target": -6985.206391344776, "params": {"a_c_1": 20.0, "a_c_2": 10.0, "a_mm_0": -40.0, "a_mm_1": -40.0, "a_mm_2": 20.0, "a_mm_3": 20.0, "a_mp_0": -40.0, "a_mp_1": -40.0, "a_mp_2": -40.0, "a_mp_3": 20.0, "a_pm_0": 20.0, "a_pm_1": 20.0, "a_pm_2": 20.0, "a_pm_3": 20.0, "a_pp_1": 20.0, "a_pp_2": 20.0, "a_pp_3": 20.0}, "datetime": {"datetime": "2024-07-12 23:11:10", "elapsed": 4357.198255, "delta": 11.768972}}
{"target": -329800.5403593796, "params": {"a_c_1": 14.731438152496011, "a_c_2": 0.7095879883215095, "a_mm_0": -2.0193358193590925, "a_mm_1": -6.065531162367243, "a_mm_2": -35.605655403282846, "a_mm_3": -18.687893616315726, "a_mp_0": -35.02723244070407, "a_mp_1": -10.943863541114439, "a_mp_2": -12.403712332148402, "a_mp_3": 5.976169994110265, "a_pm_0": -2.534832509131313, "a_pm_1": -15.863140934489632, "a_pm_2": 1.185282615073099, "a_pm_3": -16.776773872285958, "a_pp_1": -24.465009483122692, "a_pp_2": -35.072513427051035, "a_pp_3": -17.034054589307924}, "datetime": {"datetime": "2024-07-12 23:11:13", "elapsed": 4523.783308, "delta": 7.857724}}
{"target": -4527.6446017195985, "params": {"a_c_1": 0.0, "a_c_2": 10.0, "a_mm_0": 20.0, "a_mm_1": -40.0, "a_mm_2": 20.0, "a_mm_3": 20.0, "a_mp_0": 20.0, "a_mp_1": 20.0, "a_mp_2": 20.0, "a_mp_3": 20.0, "a_pm_0": 20.0, "a_pm_1": 20.0, "a_pm_2": 20.0, "a_pm_3": -18.394188658395812, "a_pp_1": -40.0, "a_pp_2": 20.0, "a_pp_3": 20.0}, "datetime": {"datetime": "2024-07-12 23:11:20", "elapsed": 4432.026282, "delta": 11.697249}}
{"target": -4288.124454046876, "params": {"a_c_1": 20.0, "a_c_2": 10.0, "a_mm_0": 20.0, "a_mm_1": 20.0, "a_mm_2": 20.0, "a_mm_3": 20.0, "a_mp_0": 20.0, "a_mp_1": -40.0, "a_mp_2": 20.0, "a_mp_3": 20.0, "a_pm_0": -40.0, "a_pm_1": -40.0, "a_pm_2": 20.0, "a_pm_3": 20.0, "a_pp_1": 20.0, "a_pp_2": 20.0, "a_pp_3": 20.0}, "datetime": {"datetime": "2024-07-12 23:11:20", "elapsed": 4388.661716, "delta": 11.696321}}
{"target": -32991.77277944714, "params": {"a_c_1": 1.7660226051018646, "a_c_2": 6.62230207572052, "a_mm_0": -6.621023162437069, "a_mm_1": 16.764790009338775, "a_mm_2": -21.11815822919353, "a_mm_3": -17.86839620927048, "a_mp_0": -7.364269887217432, "a_mp_1": 5.713339893276142, "a_mp_2": -2.823576141263409, "a_mp_3": -28.242840729090048, "a_pm_0": -12.389571361811115, "a_pm_1": -20.143429509029872, "a_pm_2": 9.147474310539266, "a_pm_3": 8.013180295871386, "a_pp_1": 7.440550131205249, "a_pp_2": 17.91835471466878, "a_pp_3": 7.5354128864525265}, "datetime": {"datetime": "2024-07-12 23:11:21", "elapsed": 4367.977813, "delta": 10.779558}}
{"target": -12039.054886794042, "params": {"a_c_1": 0.0, "a_c_2": 10.0, "a_mm_0": 20.0, "a_mm_1": -40.0, "a_mm_2": 20.0, "a_mm_3": 20.0, "a_mp_0": 20.0, "a_mp_1": -40.0, "a_mp_2": -16.57950440063626, "a_mp_3": 20.0, "a_pm_0": -40.0, "a_pm_1": -40.0, "a_pm_2": 20.0, "a_pm_3": 20.0, "a_pp_1": 20.0, "a_pp_2": 20.0, "a_pp_3": 20.0}, "datetime": {"datetime": "2024-07-12 23:11:23", "elapsed": 4412.285122, "delta": 12.993458}}
{"target": -3378.5191763352077, "params": {"a_c_1": 20.0, "a_c_2": 10.0, "a_mm_0": 20.0, "a_mm_1": 20.0, "a_mm_2": -10.138735007328759, "a_mm_3": -15.202112473164071, "a_mp_0": 20.0, "a_mp_1": 20.0, "a_mp_2": -3.917635332121729, "a_mp_3": 20.0, "a_pm_0": 20.0, "a_pm_1": -40.0, "a_pm_2": -4.044688481132162, "a_pm_3": 20.0, "a_pp_1": -8.23878234426058, "a_pp_2": 20.0, "a_pp_3": 20.0}, "datetime": {"datetime": "2024-07-12 23:11:24", "elapsed": 4534.87989, "delta": 11.096582}}
{"target": -15579.49501079233, "params": {"a_c_1": 0.0, "a_c_2": 0.0, "a_mm_0": 20.0, "a_mm_1": -40.0, "a_mm_2": 20.0, "a_mm_3": 20.0, "a_mp_0": 20.0, "a_mp_1": -38.71003111207801, "a_mp_2": -32.39313987649773, "a_mp_3": 20.0, "a_pm_0": -40.0, "a_pm_1": 20.0, "a_pm_2": 20.0, "a_pm_3": 20.0, "a_pp_1": 20.0, "a_pp_2": 20.0, "a_pp_3": 20.0}, "datetime": {"datetime": "2024-07-12 23:11:32", "elapsed": 4443.723633, "delta": 11.697351}}
{"target": -1687.940031965225, "params": {"a_c_1": 0.0, "a_c_2": 10.0, "a_mm_0": 20.0, "a_mm_1": 20.0, "a_mm_2": -12.412281536483789, "a_mm_3": 2.793639473047867, "a_mp_0": 20.0, "a_mp_1": -22.60901819823612, "a_mp_2": -2.2654238617944684, "a_mp_3": 20.0, "a_pm_0": -18.848533396348387, "a_pm_1": -5.576439715719836, "a_pm_2": -8.899059671217895, "a_pm_3": -6.462657481175405, "a_pp_1": 20.0, "a_pp_2": 20.0, "a_pp_3": 20.0}, "datetime": {"datetime": "2024-07-12 23:11:33", "elapsed": 4401.59683, "delta": 12.935114}}
{"target": -3713.506128443465, "params": {"a_c_1": 0.0, "a_c_2": 0.0, "a_mm_0": 20.0, "a_mm_1": 20.0, "a_mm_2": 20.0, "a_mm_3": 20.0, "a_mp_0": 20.0, "a_mp_1": -40.0, "a_mp_2": 20.0, "a_mp_3": -10.206290023747597, "a_pm_0": 20.0, "a_pm_1": 20.0, "a_pm_2": 20.0, "a_pm_3": 20.0, "a_pp_1": 20.0, "a_pp_2": 20.0, "a_pp_3": 20.0}, "datetime": {"datetime": "2024-07-12 23:11:33", "elapsed": 4544.194094, "delta": 9.314204}}
{"target": -5137.061873228985, "params": {"a_c_1": 0.0, "a_c_2": 10.0, "a_mm_0": 20.0, "a_mm_1": 20.0, "a_mm_2": -40.0, "a_mm_3": 20.0, "a_mp_0": -40.0, "a_mp_1": -40.0, "a_mp_2": 20.0, "a_mp_3": 20.0, "a_pm_0": 20.0, "a_pm_1": 20.0, "a_pm_2": 20.0, "a_pm_3": 20.0, "a_pp_1": 20.0, "a_pp_2": 20.0, "a_pp_3": 20.0}, "datetime": {"datetime": "2024-07-12 23:11:33", "elapsed": 4380.73288, "delta": 12.755067}}
{"target": -208233.36210213005, "params": {"a_c_1": 1.6986409577012984, "a_c_2": 2.5836904649457884, "a_mm_0": 0.25118067759591867, "a_mm_1": -17.116934895720583, "a_mm_2": -13.599232373598987, "a_mm_3": -5.059912368694327, "a_mp_0": 6.319158170275884, "a_mp_1": -28.177414981012525, "a_mp_2": -13.306133625506181, "a_mp_3": -20.951622481803575, "a_pm_0": -39.01347722513663, "a_pm_1": -15.34154662769717, "a_pm_2": -27.163548537010307, "a_pm_3": -19.726430011226068, "a_pp_1": 2.0122839663469065, "a_pp_2": 7.259271608963907, "a_pp_3": -18.028697610896906}, "datetime": {"datetime": "2024-07-12 23:11:34", "elapsed": 4423.310115, "delta": 11.024993}}
{"target": -2012.4309749456859, "params": {"a_c_1": 0.0, "a_c_2": 10.0, "a_mm_0": 20.0, "a_mm_1": -40.0, "a_mm_2": 20.0, "a_mm_3": 20.0, "a_mp_0": -40.0, "a_mp_1": 20.0, "a_mp_2": 20.0, "a_mp_3": 20.0, "a_pm_0": 20.0, "a_pm_1": 20.0, "a_pm_2": 20.0, "a_pm_3": 20.0, "a_pp_1": 20.0, "a_pp_2": 20.0, "a_pp_3": 20.0}, "datetime": {"datetime": "2024-07-12 23:11:40", "elapsed": 4451.980697, "delta": 8.257064}}
