{"target": -10390.384136503058, "params": {"a_c_1": 20.0, "a_c_2": 10.0, "a_mm_0": 20.0, "a_mm_1": -15.671002298474246, "a_mm_2": 20.0, "a_mm_3": 20.0, "a_mp_0": 20.0, "a_mp_1": -40.0, "a_mp_2": 20.0, "a_mp_3": -22.846221107696916, "a_pm_0": 20.0, "a_pm_1": -4.416130347208539, "a_pm_2": 20.0, "a_pm_3": 20.0, "a_pp_1": -40.0, "a_pp_2": 20.0, "a_pp_3": 20.0}, "datetime": {"datetime": "2024-07-12 23:16:33", "elapsed": 4680.699229, "delta": 11.603956}}
{"target": -40405.14280817958, "params": {"a_c_1": 10.369611590031596, "a_c_2": 1.5653879458793651, "a_mm_0": 9.252767572296797, "a_mm_1": -23.298528191794276, "a_mm_2": -3.131241688846778, "a_mm_3": -32.43979813427181, "a_mp_0": -12.27731393027846, "a_mp_1": -26.160917763380905, "a_mp_2": -5.311950459033021, "a_mp_3": -1.4000964163653649, "a_pm_0": -11.270586126480609, "a_pm_1": -21.95414201413175, "a_pm_2": -8.124687140717786, "a_pm_3": 17.70868175455268, "a_pp_1": 19.647566417969834, "a_pp_2": 16.543957086039136, "a_pp_3": 8.14222560271999}, "datetime": {"datetime": "2024-07-12 23:16:36", "elapsed": 4704.778708, "delta": 9.616292}}
{"target": -6101.235538372916, "params": {"a_c_1": 0.0, "a_c_2": 10.0, "a_mm_0": -40.0, "a_mm_1": 20.0, "a_mm_2": -40.0, "a_mm_3": 20.0, "a_mp_0": -40.0, "a_mp_1": 20.0, "a_mp_2": 20.0, "a_mp_3": 20.0, "a_pm_0": 20.0, "a_pm_1": -13.89071127992394, "a_pm_2": 20.0, "a_pm_3": 20.0, "a_pp_1": 20.0, "a_pp_2": 20.0, "a_pp_3": 20.0}, "datetime": {"datetime": "2024-07-12 23:16:40", "elapsed": 4751.67416, "delta": 10.31844}}
{"target": -163762.61821736165, "params": {"a_c_1": 4.833303299211158, "a_c_2": 2.1042572434683757, "a_mm_0": 14.623743841505089, "a_mm_1": -19.84839152125322, "a_mm_2": 1.4216156281289969, "a_mm_3": -36.03348943590544, "a_mp_0": -6.269112431562874, "a_mp_1": -33.900758385050246, "a_mp_2": 7.724448550875991, "a_mp_3": -28.341727682458746, "a_pm_0": 13.563496403933968, "a_pm_1": -6.535673234119315, "a_pm_2": -26.6263581726339, "a_pm_3": -0.6772466422774244, "a_pp_1": -11.50914477484622, "a_pp_2": 3.3223686168503335, "a_pp_3": 0.4748454663982926}, "datetime": {"datetime": "2024-07-12 23:16:41", "elapsed": 4852.315409, "delta": 10.83224}}
{"target": -23272.59958869139, "params": {"a_c_1": 20.0, "a_c_2": 10.0, "a_mm_0": 20.0, "a_mm_1": 20.0, "a_mm_2": 20.0, "a_mm_3": 20.0, "a_mp_0": 20.0, "a_mp_1": 20.0, "a_mp_2": -40.0, "a_mp_3": -19.988967869990155, "a_pm_0": 20.0, "a_pm_1": 20.0, "a_pm_2": 20.0, "a_pm_3": 20.0, "a_pp_1": -40.0, "a_pp_2": 20.0, "a_pp_3": 20.0}, "datetime": {"datetime": "2024-07-12 23:16:44", "elapsed": 4733.386004, "delta": 12.646746}}
{"target": -28651.49848501636, "params": {"a_c_1": 20.0, "a_c_2": 10.0, "a_mm_0": 20.0, "a_mm_1": -40.0, "a_mm_2": -12.711065075281422, "a_mm_3": -40.0, "a_mp_0": 20.0, "a_mp_1": 20.0, "a_mp_2": 20.0, "a_mp_3": 20.0, "a_pm_0": 20.0, "a_pm_1": -40.0, "a_pm_2": -39.384624269437886, "a_pm_3": 20.0, "a_pp_1": 20.0, "a_pp_2": 20.0, "a_pp_3": 20.0}, "datetime": {"datetime": "2024-07-12 23:16:45", "elapsed": 4692.593853, "delta": 11.894624}}
{"target": -18967.495156486682, "params": {"a_c_1": 20.0, "a_c_2": 10.0, "a_mm_0": 20.0, "a_mm_1": 20.0, "a_mm_2": 20.0, "a_mm_3": 20.0, "a_mp_0": 20.0, "a_mp_1": 9.619564667948902, "a_mp_2": -1.1231319844409304, "a_mp_3": -40.0, "a_pm_0": 20.0, "a_pm_1": -40.0, "a_pm_2": 20.0, "a_pm_3": 20.0, "a_pp_1": -40.0, "a_pp_2": 20.0, "a_pp_3": 20.0}, "datetime": {"datetime": "2024-07-12 23:16:49", "elapsed": 4717.191935, "delta": 12.413227}}
{"target": -38500.658764591826, "params": {"a_c_1": 0.0, "a_c_2": 10.0, "a_mm_0": -40.0, "a_mm_1": 20.0, "a_mm_2": 20.0, "a_mm_3": 20.0, "a_mp_0": -40.0, "a_mp_1": -40.0, "a_mp_2": -40.0, "a_mp_3": 20.0, "a_pm_0": 20.0, "a_pm_1": 20.0, "a_pm_2": -26.68535577046577, "a_pm_3": 20.0, "a_pp_1": 20.0, "a_pp_2": 20.0, "a_pp_3": -6.0664551554061426}, "datetime": {"datetime": "2024-07-12 23:16:51", "elapsed": 4762.768511, "delta": 11.094351}}
{"target": -9753.427909943786, "params": {"a_c_1": 0.0, "a_c_2": 10.0, "a_mm_0": 20.0, "a_mm_1": 20.0, "a_mm_2": 20.0, "a_mm_3": 20.0, "a_mp_0": 20.0, "a_mp_1": 20.0, "a_mp_2": 20.0, "a_mp_3": 20.0, "a_pm_0": -40.0, "a_pm_1": 20.0, "a_pm_2": 9.6313187896654, "a_pm_3": 20.0, "a_pp_1": -40.0, "a_pp_2": -11.390627705965032, "a_pp_3": 20.0}, "datetime": {"datetime": "2024-07-12 23:16:51", "elapsed": 4861.800615, "delta": 9.485206}}
{"target": -43660.32297600529, "params": {"a_c_1": 0.0, "a_c_2": 0.0, "a_mm_0": 20.0, "a_mm_1": -14.09303577865398, "a_mm_2": 20.0, "a_mm_3": -25.061445448394903, "a_mp_0": -40.0, "a_mp_1": -40.0, "a_mp_2": 20.0, "a_mp_3": 20.0, "a_pm_0": -40.0, "a_pm_1": -40.0, "a_pm_2": 20.0, "a_pm_3": 20.0, "a_pp_1": -40.0, "a_pp_2": 20.0, "a_pp_3": 20.0}, "datetime": {"datetime": "2024-07-12 23:16:54", "elapsed": 4743.803246, "delta": 10.417242}}
{"target": -10148.716081061513, "params": {"a_c_1": 20.0, "a_c_2": 10.0, "a_mm_0": 20.0, "a_mm_1": 20.0, "a_mm_2": 20.0, "a_mm_3": -12.035607260407513, "a_mp_0": 20.0, "a_mp_1": -0.9996369105661828, "a_mp_2": -23.475703138453156, "a_mp_3": -23.073567780705837, "a_pm_0": 20.0, "a_pm_1": -40.0, "a_pm_2": 20.0, "a_pm_3": 20.0, "a_pp_1": 20.0, "a_pp_2": 20.0, "a_pp_3": 20.0}, "datetime": {"datetime": "2024-07-12 23:16:58", "elapsed": 4705.291928, "delta": 12.698075}}
{"target": -186437.10102462125, "params": {"a_c_1": 8.031507335679429, "a_c_2": 8.04014971591036, "a_mm_0": -33.24683249281425, "a_mm_1": -6.39982906943861, "a_mm_2": 5.765627308476205, "a_mm_3": -35.04195378130911, "a_mp_0": -25.69285706779096, "a_mp_1": -39.68165706056395, "a_mp_2": -23.01568572999639, "a_mp_3": -17.68719990537957, "a_pm_0": 14.892814271079658, "a_pm_1": -15.213524549860445, "a_pm_2": 12.561547247804377, "a_pm_3": -1.4838074783667068, "a_pp_1": 10.91694117540898, "a_pp_2": -9.872687839787183, "a_pp_3": -23.519948750067133}, "datetime": {"datetime": "2024-07-12 23:16:59", "elapsed": 4870.378114, "delta": 8.577499}}
{"target": -2776.427477720352, "params": {"a_c_1": 0.0, "a_c_2": 10.0, "a_mm_0": 20.0, "a_mm_1": -40.0, "a_mm_2": 20.0, "a_mm_3": 20.0, "a_mp_0": 20.0, "a_mp_1": 20.0, "a_mp_2": -7.359299011320423, "a_mp_3": 20.0, "a_pm_0": -40.0, "a_pm_1": 20.0, "a_pm_2": -19.60368885254041, "a_pm_3": -10.537409142401243, "a_pp_1": 3.6109146856501253, "a_pp_2": 20.0, "a_pp_3": 20.0}, "datetime": {"datetime": "2024-07-12 23:17:02", "elapsed": 4774.641801, "delta": 11.87329}}
{"target": -8370.091714843895, "params": {"a_c_1": 20.0, "a_c_2": 10.0, "a_mm_0": -40.0, "a_mm_1": 20.0, "a_mm_2": 20.0, "a_mm_3": 20.0, "a_mp_0": 20.0, "a_mp_1": -40.0, "a_mp_2": -26.445088899060387, "a_mp_3": -25.780861677877578, "a_pm_0": 20.0, "a_pm_1": 20.0, "a_pm_2": 20.0, "a_pm_3": 20.0, "a_pp_1": 20.0, "a_pp_2": 20.0, "a_pp_3": 20.0}, "datetime": {"datetime": "2024-07-12 23:17:03", "elapsed": 4731.233384, "delta": 14.041449}}
{"target": -278058.92181397136, "params": {"a_c_1": 6.297140117490738, "a_c_2": 8.376118938398156, "a_mm_0": -20.618241516500554, "a_mm_1": 18.172557234765634, "a_mm_2": -20.679876317549834, "a_mm_3": -36.70002460009027, "a_mp_0": 12.504072438135516, "a_mp_1": -28.219601766080793, "a_mp_2": -6.322412890879654, "a_mp_3": -35.720738922075164, "a_pm_0": -33.80258935200392, "a_pm_1": -9.434781143729257, "a_pm_2": -4.572276414549201, "a_pm_3": 11.64808298476703, "a_pp_1": -8.290055589799618, "a_pp_2": -33.68687369020205, "a_pp_3": -29.756944682455952}, "datetime": {"datetime": "2024-07-12 23:17:09", "elapsed": 4716.07411, "delta": 10.782182}}
{"target": -5315.353077924823, "params": {"a_c_1": 0.0, "a_c_2": 10.0, "a_mm_0": 20.0, "a_mm_1": 20.0, "a_mm_2": 20.0, "a_mm_3": 20.0, "a_mp_0": 20.0, "a_mp_1": 20.0, "a_mp_2": -40.0, "a_mp_3": 20.0, "a_pm_0": 20.0, "a_pm_1": 20.0, "a_pm_2": -4.054723642614645, "a_pm_3": 20.0, "a_pp_1": 20.0, "a_pp_2": 20.0, "a_pp_3": 20.0}, "datetime": {"datetime": "2024-07-12 23:17:09", "elapsed": 4759.100265, "delta": 15.297019}}
{"target": -12521.003020540324, "params": {"a_c_1": 0.0, "a_c_2": 10.0, "a_mm_0": -40.0, "a_mm_1": 20.0, "a_mm_2": 20.0, "a_mm_3": 20.0, "a_mp_0": -40.0, "a_mp_1": 20.0, "a_mp_2": -40.0, "a_mp_3": -27.9256116918639, "a_pm_0": -40.0, "a_pm_1": 20.0, "a_pm_2": 20.0, "a_pm_3": 20.0, "a_pp_1": 20.0, "a_pp_2": 20.0, "a_pp_3": 20.0}, "datetime": {"datetime": "2024-07-12 23:17:11", "elapsed": 4882.063881, "delta": 11.685767}}
{"target": -415174.9291368909, "params": {"a_c_1": 0.03143282831100658, "a_c_2": 7.358682429817199, "a_mm_0": -38.00801891117034, "a_mm_1": 0.42412648926442387, "a_mm_2": -39.09076130689572, "a_mm_3": 17.910749762912104, "a_mp_0": -38.99322784856217, "a_mp_1": -35.83170990119211, "a_mp_2": 4.400248478891626, "a_mp_3": 1.2650531602920623, "a_pm_0": -33.63073299542006, "a_pm_1": -27.158719750362632, "a_pm_2": -31.919877470202035, "a_pm_3": -13.188665284435196, "a_pp_1": -20.918941422488682, "a_pp_2": -29.071953881390435, "a_pp_3": -30.166231066506853}, "datetime": {"datetime": "2024-07-12 23:17:11", "elapsed": 4739.80203, "delta": 8.568646}}
{"target": -67564.34649867855, "params": {"a_c_1": 15.312280692099634, "a_c_2": 6.724491665498665, "a_mm_0": -30.444854952774556, "a_mm_1": -29.763676718591014, "a_mm_2": -8.567599930787871, "a_mm_3": 7.127268468061523, "a_mp_0": -16.550852315071836, "a_mp_1": 17.244374573181872, "a_mp_2": -19.74943885536679, "a_mp_3": -16.6981255812251, "a_pm_0": -26.228290986794384, "a_pm_1": 0.08949793430316078, "a_pm_2": 8.342683967084227, "a_pm_3": 2.5242447827103547, "a_pp_1": -1.7121669372308759, "a_pp_2": -15.853412430254217, "a_pp_3": -12.630736809166663}, "datetime": {"datetime": "2024-07-12 23:17:12", "elapsed": 4784.542686, "delta": 9.900885}}
{"target": -88960.66634378987, "params": {"a_c_1": 7.512278555046059, "a_c_2": 0.5341236611924904, "a_mm_0": -10.905296919564396, "a_mm_1": 5.353991440375026, "a_mm_2": 11.334337018023469, "a_mm_3": -34.86304822585564, "a_mp_0": 14.040986349479994, "a_mp_1": -3.6730627518760173, "a_mp_2": 19.911013827649, "a_mp_3": -7.335390549822371, "a_pm_0": 13.027371884416894, "a_pm_1": -38.902706762290535, "a_pm_2": -25.383135692283965, "a_pm_3": 16.05662486891893, "a_pp_1": 17.888445877935006, "a_pp_2": -25.77084877669766, "a_pp_3": -2.8680076648852193}, "datetime": {"datetime": "2024-07-12 23:17:19", "elapsed": 4768.634922, "delta": 9.534657}}
{"target": -213882.01279580058, "params": {"a_c_1": 1.5969397406173758, "a_c_2": 7.250105380069657, "a_mm_0": 1.6919200850752318, "a_mm_1": -7.12599524944909, "a_mm_2": 4.709655605304306, "a_mm_3": -33.44941123906815, "a_mp_0": -8.415791603193142, "a_mp_1": 4.210787897272404, "a_mp_2": 3.676465295621661, "a_mp_3": -9.046306759297849, "a_pm_0": 3.676067406494802, "a_pm_1": -13.428638765025617, "a_pm_2": -21.75285535399852, "a_pm_3": -23.814667162957043, "a_pp_1": -20.478389550144506, "a_pp_2": -29.738422352785523, "a_pp_3": -21.83861370877419}, "datetime": {"datetime": "2024-07-12 23:17:22", "elapsed": 4793.904783, "delta": 9.362097}}
{"target": -41575.308811796254, "params": {"a_c_1": 0.0, "a_c_2": 0.0, "a_mm_0": 20.0, "a_mm_1": -40.0, "a_mm_2": -40.0, "a_mm_3": 20.0, "a_mp_0": -40.0, "a_mp_1": 20.0, "a_mp_2": 20.0, "a_mp_3": -40.0, "a_pm_0": 20.0, "a_pm_1": 20.0, "a_pm_2": 20.0, "a_pm_3": 20.0, "a_pp_1": 20.0, "a_pp_2": 20.0, "a_pp_3": 20.0}, "datetime": {"datetime": "2024-07-12 23:17:23", "elapsed": 4893.905918, "delta": 11.842037}}
{"target": -9498.881581546415, "params": {"a_c_1": 0.0, "a_c_2": 10.0, "a_mm_0": -40.0, "a_mm_1": 20.0, "a_mm_2": -33.792359862450645, "a_mm_3": 20.0, "a_mp_0": 20.0, "a_mp_1": 20.0, "a_mp_2": 20.0, "a_mp_3": -27.629705888789626, "a_pm_0": -40.0, "a_pm_1": 20.0, "a_pm_2": 20.0, "a_pm_3": 20.0, "a_pp_1": 20.0, "a_pp_2": 20.0, "a_pp_3": 20.0}, "datetime": {"datetime": "2024-07-12 23:17:23", "elapsed": 4730.356756, "delta": 14.282646}}
{"target": -27467.12645964544, "params": {"a_c_1": 20.0, "a_c_2": 10.0, "a_mm_0": 20.0, "a_mm_1": 20.0, "a_mm_2": 20.0, "a_mm_3": -21.946685177886273, "a_mp_0": -40.0, "a_mp_1": -40.0, "a_mp_2": -30.535279946757328, "a_mp_3": 20.0, "a_pm_0": 20.0, "a_pm_1": -40.0, "a_pm_2": 20.0, "a_pm_3": -4.149670082467577, "a_pp_1": 20.0, "a_pp_2": 20.0, "a_pp_3": 20.0}, "datetime": {"datetime": "2024-07-12 23:17:26", "elapsed": 4754.137053, "delta": 14.335023}}
{"target": -11643.839177420958, "params": {"a_c_1": 0.0, "a_c_2": 10.0, "a_mm_0": -40.0, "a_mm_1": -40.0, "a_mm_2": 20.0, "a_mm_3": 20.0, "a_mp_0": 20.0, "a_mp_1": 20.0, "a_mp_2": -40.0, "a_mp_3": 20.0, "a_pm_0": 20.0, "a_pm_1": 20.0, "a_pm_2": 20.0, "a_pm_3": 20.0, "a_pp_1": -40.0, "a_pp_2": 20.0, "a_pp_3": 20.0}, "datetime": {"datetime": "2024-07-12 23:17:31", "elapsed": 4781.230006, "delta": 12.595084}}
{"target": -5524.16584551508, "params": {"a_c_1": 0.0, "a_c_2": 10.0, "a_mm_0": -40.0, "a_mm_1": -40.0, "a_mm_2": 20.0, "a_mm_3": 20.0, "a_mp_0": 20.0, "a_mp_1": 20.0, "a_mp_2": 20.0, "a_mp_3": 20.0, "a_pm_0": 20.0, "a_pm_1": -40.0, "a_pm_2": -40.0, "a_pm_3": 20.0, "a_pp_1": 20.0, "a_pp_2": 20.0, "a_pp_3": 20.0}, "datetime": {"datetime": "2024-07-12 23:17:33", "elapsed": 4804.790243, "delta": 10.88546}}
{"target": -17960.79243663449, "params": {"a_c_1": 0.0, "a_c_2": 10.0, "a_mm_0": -40.0, "a_mm_1": 20.0, "a_mm_2": 20.0, "a_mm_3": 20.0, "a_mp_0": -40.0, "a_mp_1": 20.0, "a_mp_2": 20.0, "a_mp_3": 20.0, "a_pm_0": -40.0, "a_pm_1": -32.55220618072025, "a_pm_2": -16.42898308403073, "a_pm_3": 20.0, "a_pp_1": -40.0, "a_pp_2": 20.0, "a_pp_3": 20.0}, "datetime": {"datetime": "2024-07-12 23:17:33", "elapsed": 4904.455458, "delta": 10.54954}}
{"target": -1909.3847627363189, "params": {"a_c_1": 20.0, "a_c_2": 10.0, "a_mm_0": 20.0, "a_mm_1": 20.0, "a_mm_2": -25.928301528746516, "a_mm_3": 20.0, "a_mp_0": 20.0, "a_mp_1": 20.0, "a_mp_2": 20.0, "a_mp_3": 20.0, "a_pm_0": 20.0, "a_pm_1": -40.0, "a_pm_2": -14.171745345093896, "a_pm_3": 20.0, "a_pp_1": 20.0, "a_pp_2": 20.0, "a_pp_3": 20.0}, "datetime": {"datetime": "2024-07-12 23:17:36", "elapsed": 4743.891187, "delta": 13.534431}}
{"target": -3181.8599729949697, "params": {"a_c_1": 20.0, "a_c_2": 10.0, "a_mm_0": 20.0, "a_mm_1": -21.547973001624204, "a_mm_2": 20.0, "a_mm_3": 20.0, "a_mp_0": 20.0, "a_mp_1": -40.0, "a_mp_2": -0.7078082026243445, "a_mp_3": -11.226090023806856, "a_pm_0": 20.0, "a_pm_1": -14.06835796314645, "a_pm_2": 20.0, "a_pm_3": -5.9662753057960005, "a_pp_1": 20.0, "a_pp_2": 20.0, "a_pp_3": 20.0}, "datetime": {"datetime": "2024-07-12 23:17:36", "elapsed": 4765.055244, "delta": 10.918191}}
{"target": -22388.227971874425, "params": {"a_c_1": 0.0, "a_c_2": 10.0, "a_mm_0": 20.0, "a_mm_1": 20.0, "a_mm_2": 20.0, "a_mm_3": 20.0, "a_mp_0": 20.0, "a_mp_1": -40.0, "a_mp_2": -40.0, "a_mp_3": 20.0, "a_pm_0": 20.0, "a_pm_1": 20.0, "a_pm_2": 20.0, "a_pm_3": 20.0, "a_pp_1": -40.0, "a_pp_2": 20.0, "a_pp_3": 20.0}, "datetime": {"datetime": "2024-07-12 23:17:43", "elapsed": 4814.794488, "delta": 10.004245}}
{"target": -20124.87026446137, "params": {"a_c_1": 0.0, "a_c_2": 10.0, "a_mm_0": -40.0, "a_mm_1": -40.0, "a_mm_2": -7.706222416016427, "a_mm_3": 20.0, "a_mp_0": 20.0, "a_mp_1": 20.0, "a_mp_2": 20.0, "a_mp_3": 20.0, "a_pm_0": 20.0, "a_pm_1": 20.0, "a_pm_2": 20.0, "a_pm_3": 20.0, "a_pp_1": -40.0, "a_pp_2": 20.0, "a_pp_3": 20.0}, "datetime": {"datetime": "2024-07-12 23:17:44", "elapsed": 4793.434578, "delta": 12.204572}}
{"target": -6418.223346308672, "params": {"a_c_1": 0.0, "a_c_2": 0.0, "a_mm_0": -40.0, "a_mm_1": 20.0, "a_mm_2": 20.0, "a_mm_3": 20.0, "a_mp_0": -40.0, "a_mp_1": 20.0, "a_mp_2": 20.0, "a_mp_3": 20.0, "a_pm_0": 20.0, "a_pm_1": -40.0, "a_pm_2": -40.0, "a_pm_3": 20.0, "a_pp_1": 20.0, "a_pp_2": 20.0, "a_pp_3": 20.0}, "datetime": {"datetime": "2024-07-12 23:17:45", "elapsed": 4916.366662, "delta": 11.911204}}
{"target": -458273.17058574146, "params": {"a_c_1": 17.979267751520783, "a_c_2": 3.7527518922374603, "a_mm_0": -24.359326592651122, "a_mm_1": -19.350947617692658, "a_mm_2": -30.461039923941506, "a_mm_3": -11.82426744650375, "a_mp_0": 0.6297460542376996, "a_mp_1": -36.51207560116564, "a_mp_2": 9.982936948674713, "a_mp_3": -33.60050183626312, "a_pm_0": 9.836478069204055, "a_pm_1": 1.3792445971262381, "a_pm_2": -28.26619667661138, "a_pm_3": -13.650962377742136, "a_pp_1": -28.36404384150251, "a_pp_2": -31.75695146828425, "a_pp_3": -29.244315861385473}, "datetime": {"datetime": "2024-07-12 23:17:46", "elapsed": 4753.163305, "delta": 9.272118}}
{"target": -6042.5470935171315, "params": {"a_c_1": 20.0, "a_c_2": 10.0, "a_mm_0": -20.574916373847312, "a_mm_1": -26.96523778794873, "a_mm_2": -23.0176184159163, "a_mm_3": 20.0, "a_mp_0": -40.0, "a_mp_1": 20.0, "a_mp_2": 20.0, "a_mp_3": -3.826951072214915, "a_pm_0": -25.015099772517843, "a_pm_1": 2.4183099612179726, "a_pm_2": 20.0, "a_pm_3": -9.054970805089203, "a_pp_1": 20.0, "a_pp_2": 0.5145132323368838, "a_pp_3": 20.0}, "datetime": {"datetime": "2024-07-12 23:17:49", "elapsed": 4777.95488, "delta": 12.899636}}
{"target": -76666.14620891177, "params": {"a_c_1": 5.048448022385275, "a_c_2": 1.6555922381429822, "a_mm_0": -0.8116895659608474, "a_mm_1": -17.99058067039581, "a_mm_2": -17.80810590526344, "a_mm_3": -32.64317785834649, "a_mp_0": -8.592516944789242, "a_mp_1": -10.635492005125442, "a_mp_2": 1.5382699965834163, "a_mp_3": 6.694033789999601, "a_pm_0": 17.671872415312464, "a_pm_1": 8.197295112826005, "a_pm_2": -1.05360263772711, "a_pm_3": -20.17549914376157, "a_pp_1": -13.728687306030785, "a_pp_2": 4.092183320699043, "a_pp_3": -0.46014070082193825}, "datetime": {"datetime": "2024-07-12 23:17:52", "elapsed": 4823.920428, "delta": 9.12594}}
{"target": -362539.8988492421, "params": {"a_c_1": 7.546608262719269, "a_c_2": 6.889083086174748, "a_mm_0": 11.330951331336152, "a_mm_1": -34.32113987465378, "a_mm_2": -21.099270040266624, "a_mm_3": -39.280209244698916, "a_mp_0": 4.964291137724942, "a_mp_1": -35.061789729867215, "a_mp_2": -37.147719516953224, "a_mp_3": -2.3486050898718673, "a_pm_0": -38.21432049938917, "a_pm_1": -20.284814501779895, "a_pm_2": 5.358899441689346, "a_pm_3": 12.546580173308534, "a_pp_1": 6.866410554320112, "a_pp_2": -30.55998759027657, "a_pp_3": -21.545432815736646}, "datetime": {"datetime": "2024-07-12 23:17:54", "elapsed": 4925.485651, "delta": 9.118989}}
{"target": -14401.335274251374, "params": {"a_c_1": 0.0, "a_c_2": 10.0, "a_mm_0": -40.0, "a_mm_1": -40.0, "a_mm_2": 20.0, "a_mm_3": 20.0, "a_mp_0": 20.0, "a_mp_1": 20.0, "a_mp_2": -31.144024873077, "a_mp_3": 20.0, "a_pm_0": 20.0, "a_pm_1": 20.0, "a_pm_2": -21.20643774649629, "a_pm_3": 20.0, "a_pp_1": 20.0, "a_pp_2": 20.0, "a_pp_3": 20.0}, "datetime": {"datetime": "2024-07-12 23:17:56", "elapsed": 4805.926484, "delta": 12.491906}}
{"target": -4256.678451665257, "params": {"a_c_1": 20.0, "a_c_2": 10.0, "a_mm_0": 20.0, "a_mm_1": 20.0, "a_mm_2": -36.224251498095576, "a_mm_3": 20.0, "a_mp_0": 20.0, "a_mp_1": 20.0, "a_mp_2": 20.0, "a_mp_3": 20.0, "a_pm_0": -40.0, "a_pm_1": 20.0, "a_pm_2": -2.7066827912920957, "a_pm_3": 20.0, "a_pp_1": -40.0, "a_pp_2": 20.0, "a_pp_3": 20.0}, "datetime": {"datetime": "2024-07-12 23:17:57", "elapsed": 4764.093177, "delta": 10.929872}}
{"target": -328822.7871142938, "params": {"a_c_1": 9.744877324392993, "a_c_2": 7.184059566369022, "a_mm_0": -9.647366342785155, "a_mm_1": -36.57355394264183, "a_mm_2": -16.538513315592958, "a_mm_3": -31.253187890926796, "a_mp_0": -24.690618580013012, "a_mp_1": 15.305175425817616, "a_mp_2": -0.2800497298116795, "a_mp_3": -5.127540737072906, "a_pm_0": -24.21598487850997, "a_pm_1": -6.1011408194047405, "a_pm_2": -8.773780992691474, "a_pm_3": -26.607438620633616, "a_pp_1": -24.57794301782078, "a_pp_2": -17.384950120293727, "a_pp_3": -31.609357683409776}, "datetime": {"datetime": "2024-07-12 23:17:59", "elapsed": 4787.608212, "delta": 9.653332}}
{"target": -5802.255024169958, "params": {"a_c_1": 20.0, "a_c_2": 0.0, "a_mm_0": 20.0, "a_mm_1": 20.0, "a_mm_2": 20.0, "a_mm_3": 20.0, "a_mp_0": -40.0, "a_mp_1": -40.0, "a_mp_2": 20.0, "a_mp_3": 20.0, "a_pm_0": -40.0, "a_pm_1": -40.0, "a_pm_2": 20.0, "a_pm_3": 20.0, "a_pp_1": 20.0, "a_pp_2": 20.0, "a_pp_3": 20.0}, "datetime": {"datetime": "2024-07-12 23:18:03", "elapsed": 4835.085059, "delta": 11.164631}}
{"target": -12854.535642452713, "params": {"a_c_1": 20.0, "a_c_2": 10.0, "a_mm_0": -40.0, "a_mm_1": -40.0, "a_mm_2": 20.0, "a_mm_3": 20.0, "a_mp_0": 20.0, "a_mp_1": -40.0, "a_mp_2": 20.0, "a_mp_3": 20.0, "a_pm_0": 20.0, "a_pm_1": 20.0, "a_pm_2": 20.0, "a_pm_3": 20.0, "a_pp_1": -40.0, "a_pp_2": 20.0, "a_pp_3": 20.0}, "datetime": {"datetime": "2024-07-12 23:18:06", "elapsed": 4936.773917, "delta": 11.288266}}
{"target": -286358.57388271467, "params": {"a_c_1": 11.598035551790552, "a_c_2": 9.816995414358804, "a_mm_0": 14.766092540203438, "a_mm_1": -0.19987921659996033, "a_mm_2": 3.5476423596175195, "a_mm_3": -17.449075506809457, "a_mp_0": -3.1908757797876035, "a_mp_1": -16.9874782276638, "a_mp_2": -1.9004558172424595, "a_mp_3": 11.492622346988348, "a_pm_0": -29.39399052454057, "a_pm_1": -27.64815668817122, "a_pm_2": -4.088940257405902, "a_pm_3": -39.103663111397424, "a_pp_1": 11.928639429501267, "a_pp_2": 2.8971502405747813, "a_pp_3": -37.69869561966121}, "datetime": {"datetime": "2024-07-12 23:18:07", "elapsed": 4817.166219, "delta": 11.239735}}
{"target": -177808.16679569246, "params": {"a_c_1": 1.3932033841856883, "a_c_2": 1.691421271934812, "a_mm_0": -13.959953450857217, "a_mm_1": -15.480007506599417, "a_mm_2": -4.933431361458133, "a_mm_3": -14.065436603216497, "a_mp_0": -27.117906368017493, "a_mp_1": -1.2312215171629433, "a_mp_2": -12.706286095387135, "a_mp_3": -36.03776816211768, "a_pm_0": -12.454259708605345, "a_pm_1": -30.02827085103391, "a_pm_2": -35.0460287635073, "a_pm_3": -19.363800597966218, "a_pp_1": 16.160932280948288, "a_pp_2": 7.867083801357758, "a_pp_3": -0.9523522236504363}, "datetime": {"datetime": "2024-07-12 23:18:08", "elapsed": 4775.826427, "delta": 11.73325}}
