{"target": -99093.64204139022, "params": {"a_c_1": 8.688351516075258, "a_c_2": 6.859364391476888, "a_mm_0": -6.942381695569303, "a_mm_1": 4.754002800814504, "a_mm_2": 6.146987602729311, "a_mm_3": -9.442825065633357, "a_mp_0": -28.090138642435143, "a_mp_1": 7.8681684846715, "a_mp_2": -20.276996174771327, "a_mp_3": -6.980148725994667, "a_pm_0": -10.051713911795009, "a_pm_1": -0.42369465323884725, "a_pm_2": -13.047045969943888, "a_pm_3": 5.869738772487473, "a_pp_1": 5.607405169911388, "a_pp_2": 9.05955302545879, "a_pp_3": -37.6858878734408}, "datetime": {"datetime": "2024-07-12 22:51:25", "elapsed": 3172.623903, "delta": 9.015608}}
{"target": -10031.986851949245, "params": {"a_c_1": 19.90276934841078, "a_c_2": 9.754162036427891, "a_mm_0": 19.34935539140564, "a_mm_1": 0.7595932752974685, "a_mm_2": -3.7108552900409495, "a_mm_3": 5.607424717834159, "a_mp_0": -5.127271499038182, "a_mp_1": -6.338895087282516, "a_mp_2": 12.4008475706885, "a_mp_3": 5.015668209853665, "a_pm_0": -34.037557989596976, "a_pm_1": -3.0724250893721807, "a_pm_2": -2.204161780828886, "a_pm_3": 19.69254671126744, "a_pp_1": -2.8558158083273364, "a_pp_2": 18.98683460210427, "a_pp_3": -17.065644338248642}, "datetime": {"datetime": "2024-07-12 22:51:26", "elapsed": 3216.178697, "delta": 10.064487}}
{"target": -89032.52711160886, "params": {"a_c_1": 17.302682639168143, "a_c_2": 8.621636988472005, "a_mm_0": -24.110467871192068, "a_mm_1": -11.378861993555535, "a_mm_2": -6.191934259367599, "a_mm_3": 13.62177755015859, "a_mp_0": -22.05235981920289, "a_mp_1": 16.767936741715054, "a_mp_2": -26.966547496547754, "a_mp_3": -28.4809860447081, "a_pm_0": -28.698570088852065, "a_pm_1": -35.52804073397372, "a_pm_2": -6.183546967237213, "a_pm_3": -18.701023901067465, "a_pp_1": -25.258322021956772, "a_pp_2": 12.241823375739912, "a_pp_3": 13.187834476644255}, "datetime": {"datetime": "2024-07-12 22:51:31", "elapsed": 3341.804288, "delta": 8.994961}}
{"target": -12345.941338842891, "params": {"a_c_1": 0.0, "a_c_2": 10.0, "a_mm_0": -40.0, "a_mm_1": 20.0, "a_mm_2": 20.0, "a_mm_3": -19.111264259961395, "a_mp_0": -40.0, "a_mp_1": -40.0, "a_mp_2": 20.0, "a_mp_3": 20.0, "a_pm_0": -15.50907798160765, "a_pm_1": -24.356341281155043, "a_pm_2": -4.298166198053652, "a_pm_3": 20.0, "a_pp_1": 20.0, "a_pp_2": 9.371339884860086, "a_pp_3": 20.0}, "datetime": {"datetime": "2024-07-12 22:51:31", "elapsed": 3199.966157, "delta": 11.71258}}
{"target": -77443.38628133481, "params": {"a_c_1": 11.809587359363139, "a_c_2": 7.072177463418505, "a_mm_0": 17.049276418040613, "a_mm_1": -34.67299816069295, "a_mm_2": 6.100514884304673, "a_mm_3": 12.383815280352039, "a_mp_0": -21.955928234387216, "a_mp_1": 5.264056694458759, "a_mp_2": 19.8593021729492, "a_mp_3": -4.16523066339429, "a_pm_0": -11.908929853906049, "a_pm_1": 16.255819792673748, "a_pm_2": -3.534346629577925, "a_pm_3": -20.49859087047024, "a_pp_1": 9.224738057001218, "a_pp_2": -37.966274787587665, "a_pp_3": 14.360883329212534}, "datetime": {"datetime": "2024-07-12 22:51:35", "elapsed": 3182.367466, "delta": 9.743563}}
{"target": -8589.80151451083, "params": {"a_c_1": 20.0, "a_c_2": 0.0, "a_mm_0": 20.0, "a_mm_1": 20.0, "a_mm_2": -11.498239389633815, "a_mm_3": 20.0, "a_mp_0": -40.0, "a_mp_1": 20.0, "a_mp_2": -23.631876203172315, "a_mp_3": 20.0, "a_pm_0": -40.0, "a_pm_1": -40.0, "a_pm_2": 20.0, "a_pm_3": 20.0, "a_pp_1": 20.0, "a_pp_2": 20.0, "a_pp_3": 20.0}, "datetime": {"datetime": "2024-07-12 22:51:36", "elapsed": 3247.946521, "delta": 12.45309}}
{"target": -5972.754932783155, "params": {"a_c_1": 0.0, "a_c_2": 10.0, "a_mm_0": 20.0, "a_mm_1": 20.0, "a_mm_2": -14.927060489056542, "a_mm_3": 20.0, "a_mp_0": 20.0, "a_mp_1": 20.0, "a_mp_2": 20.0, "a_mp_3": 20.0, "a_pm_0": -40.0, "a_pm_1": 20.0, "a_pm_2": -40.0, "a_pm_3": 20.0, "a_pp_1": -40.0, "a_pp_2": 20.0, "a_pp_3": 20.0}, "datetime": {"datetime": "2024-07-12 22:51:38", "elapsed": 3228.043, "delta": 11.864303}}
{"target": -12578.46882703622, "params": {"a_c_1": 0.0, "a_c_2": 10.0, "a_mm_0": 8.889121544946349, "a_mm_1": -40.0, "a_mm_2": 20.0, "a_mm_3": 20.0, "a_mp_0": -40.0, "a_mp_1": -26.01555218507938, "a_mp_2": -25.926936321792425, "a_mp_3": -30.17148138225666, "a_pm_0": -40.0, "a_pm_1": 20.0, "a_pm_2": 20.0, "a_pm_3": 20.0, "a_pp_1": 20.0, "a_pp_2": 20.0, "a_pp_3": 20.0}, "datetime": {"datetime": "2024-07-12 22:51:43", "elapsed": 3353.814581, "delta": 12.010293}}
{"target": -19537.354211953218, "params": {"a_c_1": 20.0, "a_c_2": 10.0, "a_mm_0": -40.0, "a_mm_1": -23.07768090143866, "a_mm_2": 20.0, "a_mm_3": -18.990765883322965, "a_mp_0": 20.0, "a_mp_1": 20.0, "a_mp_2": -25.00729418743029, "a_mp_3": 20.0, "a_pm_0": -15.548734325449528, "a_pm_1": -21.828625460504465, "a_pm_2": 20.0, "a_pm_3": 20.0, "a_pp_1": -40.0, "a_pp_2": 20.0, "a_pp_3": 20.0}, "datetime": {"datetime": "2024-07-12 22:51:43", "elapsed": 3211.615904, "delta": 11.649747}}
{"target": -179211.84234972732, "params": {"a_c_1": 10.467435069647884, "a_c_2": 6.212256708893095, "a_mm_0": -18.84183425916156, "a_mm_1": 11.570900931484069, "a_mm_2": -7.998391192835584, "a_mm_3": -9.935779080198593, "a_mp_0": -16.63843329741535, "a_mp_1": 9.03102006931357, "a_mp_2": -31.478324061179723, "a_mp_3": -0.6496494586547783, "a_pm_0": -4.472646913079032, "a_pm_1": -8.851746043358212, "a_pm_2": -0.4517944893250174, "a_pm_3": -30.14007281417353, "a_pp_1": 15.568068518378382, "a_pp_2": 17.354490319974005, "a_pp_3": -33.571575647424716}, "datetime": {"datetime": "2024-07-12 22:51:43", "elapsed": 3190.671489, "delta": 8.304023}}
{"target": -6445.434340839157, "params": {"a_c_1": 20.0, "a_c_2": 10.0, "a_mm_0": -40.0, "a_mm_1": 20.0, "a_mm_2": -40.0, "a_mm_3": 20.0, "a_mp_0": -40.0, "a_mp_1": 20.0, "a_mp_2": 20.0, "a_mp_3": 20.0, "a_pm_0": -40.0, "a_pm_1": -40.0, "a_pm_2": 20.0, "a_pm_3": 20.0, "a_pp_1": 20.0, "a_pp_2": 20.0, "a_pp_3": 20.0}, "datetime": {"datetime": "2024-07-12 22:51:46", "elapsed": 3257.958103, "delta": 10.011582}}
{"target": -33312.69999025511, "params": {"a_c_1": 0.0, "a_c_2": 10.0, "a_mm_0": 20.0, "a_mm_1": 20.0, "a_mm_2": 20.0, "a_mm_3": 20.0, "a_mp_0": -40.0, "a_mp_1": -40.0, "a_mp_2": -28.888862107190274, "a_mp_3": 20.0, "a_pm_0": -40.0, "a_pm_1": 20.0, "a_pm_2": 16.745858293666725, "a_pm_3": 20.0, "a_pp_1": 20.0, "a_pp_2": -5.320846728390698, "a_pp_3": -12.397611869233987}, "datetime": {"datetime": "2024-07-12 22:51:48", "elapsed": 3237.619964, "delta": 9.576964}}
{"target": -175023.59076565277, "params": {"a_c_1": 9.882082566444081, "a_c_2": 1.5196060156575042, "a_mm_0": -35.286315952576594, "a_mm_1": -14.458437778443265, "a_mm_2": 17.646249670630638, "a_mm_3": -6.291460301035649, "a_mp_0": -25.9733415351306, "a_mp_1": 18.151230528349394, "a_mp_2": 9.742589690885104, "a_mp_3": -29.13103533786194, "a_pm_0": -36.98688830895317, "a_pm_1": -26.3456622650027, "a_pm_2": -24.3435435673137, "a_pm_3": -1.636592928831199, "a_pp_1": 0.3106881652042759, "a_pp_2": 9.641708297493665, "a_pp_3": -26.669644965228393}, "datetime": {"datetime": "2024-07-12 22:51:51", "elapsed": 3219.231956, "delta": 7.616052}}
{"target": -92023.4233777933, "params": {"a_c_1": 12.231843526607602, "a_c_2": 9.26078192504243, "a_mm_0": 12.364971207912106, "a_mm_1": 11.661348528375783, "a_mm_2": -13.136074532097247, "a_mm_3": -13.701999803640518, "a_mp_0": -25.461558092082576, "a_mp_1": 8.949863090188003, "a_mp_2": 9.304195792337296, "a_mp_3": -1.9090604302647733, "a_pm_0": -7.111657938506468, "a_pm_1": -13.933198982153879, "a_pm_2": -2.7326642994776833, "a_pm_3": 4.669067037937616, "a_pp_1": -7.53467488827512, "a_pp_2": -27.12344248176512, "a_pp_3": -26.50449167891611}, "datetime": {"datetime": "2024-07-12 22:51:51", "elapsed": 3361.864523, "delta": 8.049942}}
{"target": -6348.098976805114, "params": {"a_c_1": 20.0, "a_c_2": 10.0, "a_mm_0": 20.0, "a_mm_1": -40.0, "a_mm_2": -32.043843448552856, "a_mm_3": 20.0, "a_mp_0": -40.0, "a_mp_1": 20.0, "a_mp_2": 20.0, "a_mp_3": 20.0, "a_pm_0": -40.0, "a_pm_1": 20.0, "a_pm_2": -5.416878018342524, "a_pm_3": -21.04401930767559, "a_pp_1": 5.576952145510485, "a_pp_2": 20.0, "a_pp_3": 20.0}, "datetime": {"datetime": "2024-07-12 22:51:56", "elapsed": 3203.337025, "delta": 12.665536}}
{"target": -12854.535642452713, "params": {"a_c_1": 20.0, "a_c_2": 10.0, "a_mm_0": -40.0, "a_mm_1": -40.0, "a_mm_2": 20.0, "a_mm_3": 20.0, "a_mp_0": 20.0, "a_mp_1": -40.0, "a_mp_2": 20.0, "a_mp_3": 20.0, "a_pm_0": 20.0, "a_pm_1": 20.0, "a_pm_2": 20.0, "a_pm_3": 20.0, "a_pp_1": -40.0, "a_pp_2": 20.0, "a_pp_3": 20.0}, "datetime": {"datetime": "2024-07-12 22:51:57", "elapsed": 3269.216402, "delta": 11.258299}}
{"target": -21398.338445744175, "params": {"a_c_1": 20.0, "a_c_2": 10.0, "a_mm_0": -12.884262111099531, "a_mm_1": -40.0, "a_mm_2": 20.0, "a_mm_3": 20.0, "a_mp_0": -40.0, "a_mp_1": 20.0, "a_mp_2": 20.0, "a_mp_3": -40.0, "a_pm_0": -40.0, "a_pm_1": 20.0, "a_pm_2": 20.0, "a_pm_3": 20.0, "a_pp_1": -5.095480874777786, "a_pp_2": -10.934683446917983, "a_pp_3": 20.0}, "datetime": {"datetime": "2024-07-12 22:51:58", "elapsed": 3247.898439, "delta": 10.278475}}
{"target": -1344.9125048320675, "params": {"a_c_1": 20.0, "a_c_2": 10.0, "a_mm_0": 20.0, "a_mm_1": -40.0, "a_mm_2": 20.0, "a_mm_3": 20.0, "a_mp_0": 20.0, "a_mp_1": 20.0, "a_mp_2": 20.0, "a_mp_3": 20.0, "a_pm_0": -40.0, "a_pm_1": 20.0, "a_pm_2": 20.0, "a_pm_3": 20.0, "a_pp_1": 20.0, "a_pp_2": 20.0, "a_pp_3": 20.0}, "datetime": {"datetime": "2024-07-12 22:52:00", "elapsed": 3228.540047, "delta": 9.308091}}
{"target": -2408.9357908016846, "params": {"a_c_1": 20.0, "a_c_2": 10.0, "a_mm_0": -40.0, "a_mm_1": 20.0, "a_mm_2": 20.0, "a_mm_3": 20.0, "a_mp_0": 20.0, "a_mp_1": -40.0, "a_mp_2": 20.0, "a_mp_3": 20.0, "a_pm_0": 20.0, "a_pm_1": 20.0, "a_pm_2": 20.0, "a_pm_3": 20.0, "a_pp_1": -40.0, "a_pp_2": 20.0, "a_pp_3": 20.0}, "datetime": {"datetime": "2024-07-12 22:52:02", "elapsed": 3372.764053, "delta": 10.89953}}
{"target": -69324.82273362017, "params": {"a_c_1": 11.137315182411518, "a_c_2": 3.9627359661749884, "a_mm_0": -28.84938953416647, "a_mm_1": 1.8415226122162025, "a_mm_2": -14.06587486921503, "a_mm_3": -15.918842735893769, "a_mp_0": -1.1940884094449018, "a_mp_1": -9.061840191974323, "a_mp_2": -19.944854164618494, "a_mp_3": 2.6405089919776614, "a_pm_0": -29.864450746830784, "a_pm_1": 1.210144212676127, "a_pm_2": 18.449148120379668, "a_pm_3": 17.42018801374126, "a_pp_1": -26.498677154522216, "a_pp_2": -22.93851775189515, "a_pp_3": 16.274275201668722}, "datetime": {"datetime": "2024-07-12 22:52:06", "elapsed": 3213.269644, "delta": 9.932619}}
{"target": -1499.7080831602507, "params": {"a_c_1": 20.0, "a_c_2": 0.0, "a_mm_0": -12.807344845445494, "a_mm_1": -15.591082665775001, "a_mm_2": -1.7811450727445242, "a_mm_3": 20.0, "a_mp_0": -2.899159566626337, "a_mp_1": 20.0, "a_mp_2": -7.130281247199904, "a_mp_3": 20.0, "a_pm_0": -40.0, "a_pm_1": 20.0, "a_pm_2": -8.704774245786547, "a_pm_3": 20.0, "a_pp_1": -12.80099733633395, "a_pp_2": 20.0, "a_pp_3": 20.0}, "datetime": {"datetime": "2024-07-12 22:52:08", "elapsed": 3280.049162, "delta": 10.83276}}
{"target": -34059.000167813, "params": {"a_c_1": 0.0, "a_c_2": 10.0, "a_mm_0": 20.0, "a_mm_1": 20.0, "a_mm_2": 20.0, "a_mm_3": 20.0, "a_mp_0": 20.0, "a_mp_1": 20.0, "a_mp_2": 20.0, "a_mp_3": 20.0, "a_pm_0": -40.0, "a_pm_1": 20.0, "a_pm_2": -17.924132582819773, "a_pm_3": 13.344717652534388, "a_pp_1": 20.0, "a_pp_2": -22.43233288158418, "a_pp_3": 20.0}, "datetime": {"datetime": "2024-07-12 22:52:09", "elapsed": 3258.30571, "delta": 10.407271}}
{"target": -399443.77024485683, "params": {"a_c_1": 17.516356989978565, "a_c_2": 8.443250694487967, "a_mm_0": 17.061987722777147, "a_mm_1": -31.133881859137766, "a_mm_2": -25.300694358477962, "a_mm_3": 10.925070438633277, "a_mp_0": -8.460585871872766, "a_mp_1": -20.04725588665477, "a_mp_2": -5.38561792231264, "a_mp_3": -6.862047908146536, "a_pm_0": -1.677900032074504, "a_pm_1": -4.184390535958649, "a_pm_2": -18.09013255717154, "a_pm_3": -27.612853829660246, "a_pp_1": -38.34149724335006, "a_pp_2": -36.684033674439284, "a_pp_3": -35.861089339984076}, "datetime": {"datetime": "2024-07-12 22:52:09", "elapsed": 3237.860008, "delta": 9.319961}}
{"target": -5983.870288975743, "params": {"a_c_1": 0.0, "a_c_2": 10.0, "a_mm_0": -40.0, "a_mm_1": 20.0, "a_mm_2": 9.595550812296878, "a_mm_3": 20.0, "a_mp_0": 20.0, "a_mp_1": 20.0, "a_mp_2": 20.0, "a_mp_3": -15.982773940033743, "a_pm_0": 20.0, "a_pm_1": 20.0, "a_pm_2": -40.0, "a_pm_3": 20.0, "a_pp_1": 20.0, "a_pp_2": 20.0, "a_pp_3": 20.0}, "datetime": {"datetime": "2024-07-12 22:52:13", "elapsed": 3383.959302, "delta": 11.195249}}
{"target": -207220.6854797989, "params": {"a_c_1": 9.531586201554703, "a_c_2": 4.662263797871783, "a_mm_0": 15.25570842296925, "a_mm_1": -39.40019025371158, "a_mm_2": -28.316984486954325, "a_mm_3": 4.382823468154996, "a_mp_0": -24.129340277077716, "a_mp_1": -24.600163104619728, "a_mp_2": -18.28178464451158, "a_mp_3": -18.250209932865374, "a_pm_0": -9.246641506534495, "a_pm_1": -22.80146020858578, "a_pm_2": 18.947310425584632, "a_pm_3": -27.92027053353788, "a_pp_1": -32.622072202982906, "a_pp_2": 2.013369598292627, "a_pp_3": 18.145632361813774}, "datetime": {"datetime": "2024-07-12 22:52:16", "elapsed": 3288.42571, "delta": 8.376548}}
{"target": -16417.71581452323, "params": {"a_c_1": 20.0, "a_c_2": 10.0, "a_mm_0": -40.0, "a_mm_1": 20.0, "a_mm_2": 3.081608329074972, "a_mm_3": 20.0, "a_mp_0": 20.0, "a_mp_1": 20.0, "a_mp_2": 20.0, "a_mp_3": -11.513377839522871, "a_pm_0": 20.0, "a_pm_1": 20.0, "a_pm_2": 20.0, "a_pm_3": -18.920558117385863, "a_pp_1": -40.0, "a_pp_2": -19.24576581505108, "a_pp_3": 20.0}, "datetime": {"datetime": "2024-07-12 22:52:17", "elapsed": 3224.148041, "delta": 10.878397}}
{"target": -24397.966382541184, "params": {"a_c_1": 0.0, "a_c_2": 10.0, "a_mm_0": -40.0, "a_mm_1": 20.0, "a_mm_2": 20.0, "a_mm_3": 20.0, "a_mp_0": -40.0, "a_mp_1": -40.0, "a_mp_2": 20.0, "a_mp_3": 20.0, "a_pm_0": -40.0, "a_pm_1": -10.879930975236316, "a_pm_2": 20.0, "a_pm_3": 20.0, "a_pp_1": 20.0, "a_pp_2": -16.031614381861566, "a_pp_3": -14.669029981224169}, "datetime": {"datetime": "2024-07-12 22:52:18", "elapsed": 3267.899426, "delta": 9.593716}}
{"target": -5477.820572755082, "params": {"a_c_1": 20.0, "a_c_2": 10.0, "a_mm_0": 20.0, "a_mm_1": 20.0, "a_mm_2": 20.0, "a_mm_3": 20.0, "a_mp_0": 20.0, "a_mp_1": 20.0, "a_mp_2": 20.0, "a_mp_3": 20.0, "a_pm_0": -40.0, "a_pm_1": 20.0, "a_pm_2": -40.0, "a_pm_3": 20.0, "a_pp_1": 20.0, "a_pp_2": 20.0, "a_pp_3": 20.0}, "datetime": {"datetime": "2024-07-12 22:52:21", "elapsed": 3249.829302, "delta": 11.969294}}
{"target": -5022.6894383665995, "params": {"a_c_1": 0.0, "a_c_2": 10.0, "a_mm_0": 20.0, "a_mm_1": 20.0, "a_mm_2": -15.061532209787874, "a_mm_3": -20.810124123022277, "a_mp_0": 20.0, "a_mp_1": 20.0, "a_mp_2": 20.0, "a_mp_3": 20.0, "a_pm_0": -40.0, "a_pm_1": -40.0, "a_pm_2": -29.197290707417785, "a_pm_3": 20.0, "a_pp_1": 20.0, "a_pp_2": 20.0, "a_pp_3": 20.0}, "datetime": {"datetime": "2024-07-12 22:52:25", "elapsed": 3395.84079, "delta": 11.881488}}
{"target": -16135.417791192285, "params": {"a_c_1": 20.0, "a_c_2": 10.0, "a_mm_0": -8.145358477982603, "a_mm_1": 20.0, "a_mm_2": 12.697669754783268, "a_mm_3": 20.0, "a_mp_0": 20.0, "a_mp_1": 20.0, "a_mp_2": 1.0494158529281687, "a_mp_3": -29.96271531790968, "a_pm_0": -40.0, "a_pm_1": 20.0, "a_pm_2": 20.0, "a_pm_3": 20.0, "a_pp_1": -40.0, "a_pp_2": -14.48402326958274, "a_pp_3": 20.0}, "datetime": {"datetime": "2024-07-12 22:52:26", "elapsed": 3298.469493, "delta": 10.043783}}
{"target": -7077.054647873732, "params": {"a_c_1": 20.0, "a_c_2": 10.0, "a_mm_0": -40.0, "a_mm_1": 20.0, "a_mm_2": 20.0, "a_mm_3": 20.0, "a_mp_0": -40.0, "a_mp_1": 20.0, "a_mp_2": 20.0, "a_mp_3": 20.0, "a_pm_0": -40.0, "a_pm_1": 20.0, "a_pm_2": -40.0, "a_pm_3": 20.0, "a_pp_1": -17.891497031649312, "a_pp_2": 20.0, "a_pp_3": 20.0}, "datetime": {"datetime": "2024-07-12 22:52:27", "elapsed": 3234.56878, "delta": 10.420739}}
{"target": -72650.69798454744, "params": {"a_c_1": 13.395173779154153, "a_c_2": 5.757975337515241, "a_mm_0": -30.390754934340535, "a_mm_1": -2.9490829722742404, "a_mm_2": 14.738579924100137, "a_mm_3": -8.973327873992176, "a_mp_0": -15.692554088617023, "a_mp_1": -1.417101563380264, "a_mp_2": -26.45914288757515, "a_mp_3": -2.1716635609724264, "a_pm_0": -17.286783995218276, "a_pm_1": 9.236181245833109, "a_pm_2": -18.40301575887751, "a_pm_3": -21.723544928887883, "a_pp_1": -23.437087446389583, "a_pp_2": 3.6688420673751665, "a_pp_3": -12.433155540317856}, "datetime": {"datetime": "2024-07-12 22:52:30", "elapsed": 3258.841746, "delta": 9.012444}}
{"target": -2582.4078693067395, "params": {"a_c_1": 20.0, "a_c_2": 10.0, "a_mm_0": 20.0, "a_mm_1": 20.0, "a_mm_2": 20.0, "a_mm_3": 20.0, "a_mp_0": -40.0, "a_mp_1": 20.0, "a_mp_2": 20.0, "a_mp_3": -17.017723737549, "a_pm_0": 20.0, "a_pm_1": 20.0, "a_pm_2": 20.0, "a_pm_3": 20.0, "a_pp_1": -40.0, "a_pp_2": 20.0, "a_pp_3": 20.0}, "datetime": {"datetime": "2024-07-12 22:52:31", "elapsed": 3280.988877, "delta": 13.089451}}
{"target": -8287.046632926707, "params": {"a_c_1": 0.0, "a_c_2": 10.0, "a_mm_0": 1.3340742211191488, "a_mm_1": 20.0, "a_mm_2": 12.598959577434545, "a_mm_3": 9.348022789520318, "a_mp_0": -40.0, "a_mp_1": -14.517918549076244, "a_mp_2": -9.766989200251425, "a_mp_3": -8.10204533649524, "a_pm_0": -40.0, "a_pm_1": -23.855662147269157, "a_pm_2": 20.0, "a_pm_3": 20.0, "a_pp_1": 20.0, "a_pp_2": -6.131376063120699, "a_pp_3": -1.3629206333749353}, "datetime": {"datetime": "2024-07-12 22:52:34", "elapsed": 3404.694051, "delta": 8.853261}}
{"target": -39376.32775210239, "params": {"a_c_1": 20.0, "a_c_2": 10.0, "a_mm_0": -40.0, "a_mm_1": -40.0, "a_mm_2": 20.0, "a_mm_3": 20.0, "a_mp_0": -40.0, "a_mp_1": 20.0, "a_mp_2": 20.0, "a_mp_3": -31.870680530160666, "a_pm_0": -40.0, "a_pm_1": 20.0, "a_pm_2": -31.17100383331192, "a_pm_3": 20.0, "a_pp_1": -5.914628441627836, "a_pp_2": 20.0, "a_pp_3": 20.0}, "datetime": {"datetime": "2024-07-12 22:52:39", "elapsed": 3246.335925, "delta": 11.767145}}
{"target": -5904.021080962934, "params": {"a_c_1": 0.0, "a_c_2": 10.0, "a_mm_0": 20.0, "a_mm_1": -40.0, "a_mm_2": 20.0, "a_mm_3": 20.0, "a_mp_0": 20.0, "a_mp_1": 20.0, "a_mp_2": 20.0, "a_mp_3": 20.0, "a_pm_0": 20.0, "a_pm_1": 20.0, "a_pm_2": -40.0, "a_pm_3": 20.0, "a_pp_1": -40.0, "a_pp_2": 20.0, "a_pp_3": 20.0}, "datetime": {"datetime": "2024-07-12 22:52:39", "elapsed": 3311.060249, "delta": 12.590756}}
{"target": -94799.19436635515, "params": {"a_c_1": 5.015915509377562, "a_c_2": 5.044231982758025, "a_mm_0": 0.4723795061176119, "a_mm_1": -24.97970982705214, "a_mm_2": 7.753514674909901, "a_mm_3": -31.843934444772877, "a_mp_0": -17.366815010029253, "a_mp_1": 19.055715473430283, "a_mp_2": 19.78692365818099, "a_mp_3": 4.576679774154449, "a_pm_0": 8.650166604627884, "a_pm_1": -18.7703341348547, "a_pm_2": -1.9880993783922207, "a_pm_3": 14.092444489120872, "a_pp_1": 6.33634250074455, "a_pp_2": -23.1222209467285, "a_pp_3": 7.837347991646105}, "datetime": {"datetime": "2024-07-12 22:52:39", "elapsed": 3267.998115, "delta": 9.156369}}
{"target": -11483.526841801395, "params": {"a_c_1": 0.0, "a_c_2": 10.0, "a_mm_0": -40.0, "a_mm_1": 20.0, "a_mm_2": -8.944395181250025, "a_mm_3": 20.0, "a_mp_0": -40.0, "a_mp_1": 20.0, "a_mp_2": 20.0, "a_mp_3": 20.0, "a_pm_0": 20.0, "a_pm_1": -40.0, "a_pm_2": 20.0, "a_pm_3": -30.840315523396782, "a_pp_1": 20.0, "a_pp_2": 20.0, "a_pp_3": 20.0}, "datetime": {"datetime": "2024-07-12 22:52:43", "elapsed": 3413.719515, "delta": 9.025464}}
{"target": -26165.27943738422, "params": {"a_c_1": 0.0, "a_c_2": 10.0, "a_mm_0": 20.0, "a_mm_1": 20.0, "a_mm_2": -40.0, "a_mm_3": 20.0, "a_mp_0": 20.0, "a_mp_1": 20.0, "a_mp_2": 20.0, "a_mp_3": 20.0, "a_pm_0": 20.0, "a_pm_1": -40.0, "a_pm_2": 20.0, "a_pm_3": -37.29177906814153, "a_pp_1": -40.0, "a_pp_2": 20.0, "a_pp_3": 20.0}, "datetime": {"datetime": "2024-07-12 22:52:45", "elapsed": 3294.861373, "delta": 13.872496}}
{"target": -111332.30176389187, "params": {"a_c_1": 4.976248475162743, "a_c_2": 9.228089288833237, "a_mm_0": 11.888880775763624, "a_mm_1": 5.14225277364239, "a_mm_2": -27.159510813987737, "a_mm_3": -2.259927546830369, "a_mp_0": 1.7376582117048898, "a_mp_1": 15.317099848921501, "a_mp_2": 11.38256631794524, "a_mp_3": -24.205789007513726, "a_pm_0": -37.260882596401416, "a_pm_1": -10.877725941391677, "a_pm_2": -30.263287388536682, "a_pm_3": 6.228802354557828, "a_pp_1": -13.46031802702462, "a_pp_2": -16.471864285814444, "a_pp_3": -14.022132147542411}, "datetime": {"datetime": "2024-07-12 22:52:50", "elapsed": 3278.321067, "delta": 10.322952}}
{"target": -3583.9560779931503, "params": {"a_c_1": 12.997370542324262, "a_c_2": 2.2080499708524783, "a_mm_0": 9.600743451707274, "a_mm_1": 12.445924745344875, "a_mm_2": -8.283854831993832, "a_mm_3": -2.805508149139655, "a_mp_0": -39.96234870477586, "a_mp_1": -7.885408350518482, "a_mp_2": 19.30825254691713, "a_mp_3": 5.774688062211666, "a_pm_0": -33.74045830388368, "a_pm_1": -5.74309302345506, "a_pm_2": 12.293196280210253, "a_pm_3": 11.216894586067738, "a_pp_1": -18.761509791634975, "a_pp_2": 10.296311543389052, "a_pp_3": 13.276287620156623}, "datetime": {"datetime": "2024-07-12 22:52:50", "elapsed": 3322.478308, "delta": 11.418059}}
{"target": -34994.29677251606, "params": {"a_c_1": 0.0, "a_c_2": 10.0, "a_mm_0": 20.0, "a_mm_1": 20.0, "a_mm_2": 20.0, "a_mm_3": 20.0, "a_mp_0": 20.0, "a_mp_1": 20.0, "a_mp_2": 20.0, "a_mp_3": -40.0, "a_pm_0": 20.0, "a_pm_1": -40.0, "a_pm_2": 20.0, "a_pm_3": 20.0, "a_pp_1": -9.269728061074543, "a_pp_2": -28.289779605585487, "a_pp_3": 20.0}, "datetime": {"datetime": "2024-07-12 22:52:51", "elapsed": 3258.049967, "delta": 11.714042}}
{"target": -44664.45588695739, "params": {"a_c_1": 20.0, "a_c_2": 10.0, "a_mm_0": 20.0, "a_mm_1": -40.0, "a_mm_2": 20.0, "a_mm_3": 20.0, "a_mp_0": -40.0, "a_mp_1": 20.0, "a_mp_2": 20.0, "a_mp_3": -25.22726707144569, "a_pm_0": -40.0, "a_pm_1": 20.0, "a_pm_2": -40.0, "a_pm_3": 20.0, "a_pp_1": 20.0, "a_pp_2": 20.0, "a_pp_3": 20.0}, "datetime": {"datetime": "2024-07-12 22:52:53", "elapsed": 3424.131986, "delta": 10.412471}}
