{"target": -1705.554557397781, "params": {"a_c_1": 20.0, "a_c_2": 10.0, "a_mm_0": 1.203548233420095, "a_mm_1": -13.362528170708257, "a_mm_2": -17.43354185358648, "a_mm_3": -3.889097111698754, "a_mp_0": 6.839960193666764, "a_mp_1": -3.729057260928727, "a_mp_2": 20.0, "a_mp_3": 20.0, "a_pm_0": 2.617782255110776, "a_pm_1": -7.877778110101996, "a_pm_2": 5.752187296232663, "a_pm_3": 1.4988688350207067, "a_pp_1": 20.0, "a_pp_2": 3.211303521773659, "a_pp_3": 20.0}, "datetime": {"datetime": "2024-07-12 22:42:34", "elapsed": 2805.190972, "delta": 13.637394}}
{"target": -199070.78835351078, "params": {"a_c_1": 9.623220321597918, "a_c_2": 2.434072955652687, "a_mm_0": -23.613176948244995, "a_mm_1": 7.435971005437111, "a_mm_2": -27.050740021131773, "a_mm_3": -13.097521705215016, "a_mp_0": -6.347833388371313, "a_mp_1": 1.3991226906345915, "a_mp_2": 6.818373983893672, "a_mp_3": 0.40188050535139297, "a_pm_0": -38.718678750030904, "a_pm_1": 1.165904335752053, "a_pm_2": -17.168465830283083, "a_pm_3": 10.572271503087599, "a_pp_1": -14.185017722886144, "a_pp_2": -39.191870091745066, "a_pp_3": -3.64964874363789}, "datetime": {"datetime": "2024-07-12 22:42:36", "elapsed": 2643.401017, "delta": 9.455113}}
{"target": -1282.1434792490732, "params": {"a_c_1": 0.0, "a_c_2": 10.0, "a_mm_0": 20.0, "a_mm_1": -23.77338582016378, "a_mm_2": -9.343911161970654, "a_mm_3": 20.0, "a_mp_0": 20.0, "a_mp_1": 20.0, "a_mp_2": 20.0, "a_mp_3": 20.0, "a_pm_0": -40.0, "a_pm_1": -17.709475486694984, "a_pm_2": -14.138664349748192, "a_pm_3": -13.110773968527422, "a_pp_1": 20.0, "a_pp_2": 20.0, "a_pp_3": 20.0}, "datetime": {"datetime": "2024-07-12 22:42:36", "elapsed": 2664.885659, "delta": 12.117933}}
{"target": -25395.431672457256, "params": {"a_c_1": 3.88796480310438, "a_c_2": 1.0606643267640137, "a_mm_0": 1.555123674555773, "a_mm_1": -19.59295805763504, "a_mm_2": 18.64940399673317, "a_mm_3": 9.561779035108223, "a_mp_0": -39.46299807059624, "a_mp_1": -14.367879607230911, "a_mp_2": 4.982684251439629, "a_mp_3": 2.3567926762883005, "a_pm_0": 9.269342913725687, "a_pm_1": -3.3227188237029495, "a_pm_2": 12.562855320394966, "a_pm_3": -27.059901712880922, "a_pp_1": 18.153056288369314, "a_pp_2": 15.075141411941296, "a_pp_3": 0.9160369003542499}, "datetime": {"datetime": "2024-07-12 22:42:41", "elapsed": 2690.374143, "delta": 10.316546}}
{"target": -12965.078796123697, "params": {"a_c_1": 17.5095023362991, "a_c_2": 4.6602111463506315, "a_mm_0": -25.58293033279505, "a_mm_1": 4.867289296332743, "a_mm_2": 18.284196477402304, "a_mm_3": 0.8785448011318238, "a_mp_0": -18.790481951749932, "a_mp_1": -28.313109943028923, "a_mp_2": -1.4233113753828874, "a_mp_3": -25.982809508762692, "a_pm_0": 1.8942792828562318, "a_pm_1": 4.89969605230511, "a_pm_2": 6.766687951677866, "a_pm_3": -0.5044826093788188, "a_pp_1": 1.4802944971096466, "a_pp_2": 1.8625754134633965, "a_pp_3": 12.303055539703529}, "datetime": {"datetime": "2024-07-12 22:42:43", "elapsed": 2813.963941, "delta": 8.772969}}
{"target": -24880.54471606286, "params": {"a_c_1": 0.0, "a_c_2": 10.0, "a_mm_0": 20.0, "a_mm_1": -40.0, "a_mm_2": 20.0, "a_mm_3": 20.0, "a_mp_0": -40.0, "a_mp_1": 20.0, "a_mp_2": -21.15952295690948, "a_mp_3": 20.0, "a_pm_0": -40.0, "a_pm_1": 20.0, "a_pm_2": -40.0, "a_pm_3": 20.0, "a_pp_1": 20.0, "a_pp_2": 20.0, "a_pp_3": -13.866965575221592}, "datetime": {"datetime": "2024-07-12 22:42:43", "elapsed": 2715.271555, "delta": 11.889533}}
{"target": -4192.565798496028, "params": {"a_c_1": 20.0, "a_c_2": 10.0, "a_mm_0": -40.0, "a_mm_1": -36.7186033631391, "a_mm_2": 5.421479048027575, "a_mm_3": 20.0, "a_mp_0": 20.0, "a_mp_1": 20.0, "a_mp_2": 20.0, "a_mp_3": 5.886727954050772, "a_pm_0": -31.316253994497526, "a_pm_1": -37.586699145738194, "a_pm_2": -6.668456695209473, "a_pm_3": 20.0, "a_pp_1": 7.832284716876941, "a_pp_2": 20.0, "a_pp_3": -2.1171166012701566}, "datetime": {"datetime": "2024-07-12 22:42:46", "elapsed": 2675.009572, "delta": 10.123913}}
{"target": -10019.170771248979, "params": {"a_c_1": 0.0, "a_c_2": 10.0, "a_mm_0": 20.0, "a_mm_1": 20.0, "a_mm_2": 20.0, "a_mm_3": 20.0, "a_mp_0": 20.0, "a_mp_1": 20.0, "a_mp_2": -22.525062443667668, "a_mp_3": -27.622888229394654, "a_pm_0": -40.0, "a_pm_1": -40.0, "a_pm_2": -11.808448271836271, "a_pm_3": 20.0, "a_pp_1": 20.0, "a_pp_2": 20.0, "a_pp_3": 20.0}, "datetime": {"datetime": "2024-07-12 22:42:49", "elapsed": 2656.552429, "delta": 13.151412}}
{"target": -2053.132394273725, "params": {"a_c_1": 0.0, "a_c_2": 10.0, "a_mm_0": -40.0, "a_mm_1": 20.0, "a_mm_2": -1.1112403321851523, "a_mm_3": 20.0, "a_mp_0": -40.0, "a_mp_1": 20.0, "a_mp_2": 20.0, "a_mp_3": 20.0, "a_pm_0": 20.0, "a_pm_1": 20.0, "a_pm_2": 20.0, "a_pm_3": 20.0, "a_pp_1": 20.0, "a_pp_2": 20.0, "a_pp_3": 20.0}, "datetime": {"datetime": "2024-07-12 22:42:50", "elapsed": 2821.23849, "delta": 7.274549}}
{"target": -177072.13492818104, "params": {"a_c_1": 7.5532380143335605, "a_c_2": 2.779460967957903, "a_mm_0": 0.05297320127080951, "a_mm_1": -32.5041841170423, "a_mm_2": -7.430940651820009, "a_mm_3": -10.774928024974987, "a_mp_0": -29.81337155871579, "a_mp_1": 3.0252838245756877, "a_mp_2": 1.356959926224711, "a_mp_3": -27.980499725100756, "a_pm_0": -35.90439268939073, "a_pm_1": 11.419188657618484, "a_pm_2": -39.83705573669599, "a_pm_3": -0.8127292543651379, "a_pp_1": -7.857216133328826, "a_pp_2": 18.74652977633469, "a_pp_3": -27.29334406709237}, "datetime": {"datetime": "2024-07-12 22:42:52", "elapsed": 2724.562415, "delta": 9.29086}}
{"target": -14676.354627843193, "params": {"a_c_1": 0.0, "a_c_2": 10.0, "a_mm_0": 20.0, "a_mm_1": -16.560870952555856, "a_mm_2": 20.0, "a_mm_3": 20.0, "a_mp_0": -40.0, "a_mp_1": -40.0, "a_mp_2": 7.7399649292143815, "a_mp_3": 20.0, "a_pm_0": 20.0, "a_pm_1": 20.0, "a_pm_2": 20.0, "a_pm_3": -27.145443688296652, "a_pp_1": -40.0, "a_pp_2": 20.0, "a_pp_3": 20.0}, "datetime": {"datetime": "2024-07-12 22:42:52", "elapsed": 2702.203777, "delta": 11.829634}}
{"target": -18897.868486087937, "params": {"a_c_1": 20.0, "a_c_2": 10.0, "a_mm_0": 20.0, "a_mm_1": 20.0, "a_mm_2": 20.0, "a_mm_3": 20.0, "a_mp_0": 20.0, "a_mp_1": 20.0, "a_mp_2": 20.0, "a_mp_3": -40.0, "a_pm_0": -40.0, "a_pm_1": 20.0, "a_pm_2": 20.0, "a_pm_3": 20.0, "a_pp_1": -40.0, "a_pp_2": -13.163512629373768, "a_pp_3": 20.0}, "datetime": {"datetime": "2024-07-12 22:42:56", "elapsed": 2685.045408, "delta": 10.035836}}
{"target": -35943.74165638122, "params": {"a_c_1": 11.288228478242717, "a_c_2": 8.42906975204213, "a_mm_0": -25.907314900868606, "a_mm_1": -20.76850736389419, "a_mm_2": -23.246451086311257, "a_mm_3": 13.911514405644319, "a_mp_0": 18.416050416145197, "a_mp_1": 3.7790566720266057, "a_mp_2": -31.526526419727542, "a_mp_3": 3.332366275660945, "a_pm_0": -29.43025941577693, "a_pm_1": -0.00875825182907164, "a_pm_2": 11.612465608609575, "a_pm_3": 0.1100779048510816, "a_pp_1": -17.911181172512805, "a_pp_2": 2.2315759855511956, "a_pp_3": 6.667221998438649}, "datetime": {"datetime": "2024-07-12 22:43:00", "elapsed": 2667.407846, "delta": 10.855417}}
{"target": -306330.7404027313, "params": {"a_c_1": 1.4473139553346215, "a_c_2": 4.816143575506708, "a_mm_0": -26.970436054870973, "a_mm_1": -7.995160423679039, "a_mm_2": -12.224336695496312, "a_mm_3": -21.53676829367374, "a_mp_0": -33.429646850877205, "a_mp_1": -21.545302001508322, "a_mp_2": -16.557487230521645, "a_mp_3": -11.650057805430912, "a_pm_0": -27.318233491065374, "a_pm_1": -3.516559060510012, "a_pm_2": -5.772148365905522, "a_pm_3": 4.875110811099425, "a_pp_1": -39.36689265328391, "a_pp_2": -31.618063692823405, "a_pp_3": -14.557262231775074}, "datetime": {"datetime": "2024-07-12 22:43:01", "elapsed": 2710.844869, "delta": 8.641092}}
{"target": -57897.627236198576, "params": {"a_c_1": 0.0, "a_c_2": 10.0, "a_mm_0": 20.0, "a_mm_1": 20.0, "a_mm_2": 20.0, "a_mm_3": 20.0, "a_mp_0": -40.0, "a_mp_1": -28.969026635178622, "a_mp_2": -17.555013599792826, "a_mp_3": 20.0, "a_pm_0": -40.0, "a_pm_1": 20.0, "a_pm_2": 20.0, "a_pm_3": 20.0, "a_pp_1": -40.0, "a_pp_2": -0.26771075299138475, "a_pp_3": -15.800637520182304}, "datetime": {"datetime": "2024-07-12 22:43:02", "elapsed": 2733.889462, "delta": 9.327047}}
{"target": -21503.05872447592, "params": {"a_c_1": 0.0, "a_c_2": 10.0, "a_mm_0": -40.0, "a_mm_1": 20.0, "a_mm_2": 20.0, "a_mm_3": 20.0, "a_mp_0": -40.0, "a_mp_1": 20.0, "a_mp_2": 20.0, "a_mp_3": -37.25977411136835, "a_pm_0": 20.0, "a_pm_1": -40.0, "a_pm_2": -18.655873351674717, "a_pm_3": 20.0, "a_pp_1": 20.0, "a_pp_2": 20.0, "a_pp_3": 20.0}, "datetime": {"datetime": "2024-07-12 22:43:02", "elapsed": 2832.996088, "delta": 11.757598}}
{"target": -58500.219419663576, "params": {"a_c_1": 8.130088596512064, "a_c_2": 2.245645614737608, "a_mm_0": 8.237428371908571, "a_mm_1": 13.701380227622103, "a_mm_2": 19.72425349452925, "a_mm_3": -23.06129245520991, "a_mp_0": 5.250677033184857, "a_mp_1": -33.576703158863246, "a_mp_2": -4.345981514386452, "a_mp_3": -18.537693522749453, "a_pm_0": -34.18640639608435, "a_pm_1": -34.39638518367715, "a_pm_2": 2.5389092955362287, "a_pm_3": 8.402125589547843, "a_pp_1": -2.3872548895195465, "a_pp_2": 7.810257798496664, "a_pp_3": -8.3067572534916}, "datetime": {"datetime": "2024-07-12 22:43:05", "elapsed": 2694.019341, "delta": 8.973933}}
{"target": -103639.48206896266, "params": {"a_c_1": 0.3786156472138913, "a_c_2": 7.393591034185504, "a_mm_0": -25.001154913071524, "a_mm_1": -19.42676438353447, "a_mm_2": -22.02446155882275, "a_mm_3": -20.885401168704004, "a_mp_0": -24.796246748738984, "a_mp_1": 15.837568459292214, "a_mp_2": -16.457312578642956, "a_mp_3": -8.011878197553298, "a_pm_0": 0.1492753471112067, "a_pm_1": 1.6127418584651707, "a_pm_2": -21.742532703678236, "a_pm_3": -2.2377940081512335, "a_pp_1": -12.78182648027154, "a_pp_2": 2.7262141352520572, "a_pp_3": 9.650342992772593}, "datetime": {"datetime": "2024-07-12 22:43:08", "elapsed": 2675.594558, "delta": 8.186712}}
{"target": -90873.84395805266, "params": {"a_c_1": 2.3132000313960543, "a_c_2": 3.3965089484651356, "a_mm_0": -3.006704351857664, "a_mm_1": -34.16877469458092, "a_mm_2": -35.340599600318505, "a_mm_3": 9.300283461840252, "a_mp_0": 10.667906223788812, "a_mp_1": -15.202841255479651, "a_mp_2": -13.735284641504716, "a_mp_3": -11.772352139331439, "a_pm_0": -39.24789203554883, "a_pm_1": -29.373992865793813, "a_pm_2": -7.272707498569723, "a_pm_3": 17.35132376473525, "a_pp_1": 1.7067199076186625, "a_pp_2": 15.049112730024305, "a_pp_3": 15.096416444870428}, "datetime": {"datetime": "2024-07-12 22:43:12", "elapsed": 2744.142318, "delta": 10.252856}}
{"target": -21479.19569949814, "params": {"a_c_1": 0.0, "a_c_2": 10.0, "a_mm_0": -40.0, "a_mm_1": 20.0, "a_mm_2": -12.30177790506617, "a_mm_3": 20.0, "a_mp_0": -40.0, "a_mp_1": 20.0, "a_mp_2": -37.54083380622901, "a_mp_3": -34.617023383095386, "a_pm_0": -40.0, "a_pm_1": -40.0, "a_pm_2": 20.0, "a_pm_3": 20.0, "a_pp_1": 20.0, "a_pp_2": 20.0, "a_pp_3": 20.0}, "datetime": {"datetime": "2024-07-12 22:43:13", "elapsed": 2844.062492, "delta": 11.066404}}
{"target": -8047.433240526458, "params": {"a_c_1": 20.0, "a_c_2": 10.0, "a_mm_0": 20.0, "a_mm_1": 20.0, "a_mm_2": 20.0, "a_mm_3": 20.0, "a_mp_0": 20.0, "a_mp_1": 6.537695301130336, "a_mp_2": -17.32476557835106, "a_mp_3": 20.0, "a_pm_0": 4.804774667200509, "a_pm_1": 20.0, "a_pm_2": -24.241341598991603, "a_pm_3": -8.475916904192118, "a_pp_1": -40.0, "a_pp_2": 20.0, "a_pp_3": 20.0}, "datetime": {"datetime": "2024-07-12 22:43:13", "elapsed": 2722.994736, "delta": 12.149867}}
{"target": -22469.153509133284, "params": {"a_c_1": 20.0, "a_c_2": 10.0, "a_mm_0": 20.0, "a_mm_1": 20.0, "a_mm_2": -23.110813538813062, "a_mm_3": 20.0, "a_mp_0": 20.0, "a_mp_1": 20.0, "a_mp_2": 20.0, "a_mp_3": 20.0, "a_pm_0": 20.0, "a_pm_1": 20.0, "a_pm_2": -33.22068326995051, "a_pm_3": -40.0, "a_pp_1": 20.0, "a_pp_2": 20.0, "a_pp_3": 20.0}, "datetime": {"datetime": "2024-07-12 22:43:16", "elapsed": 2704.489389, "delta": 10.470048}}
{"target": -17325.371889765614, "params": {"a_c_1": 20.0, "a_c_2": 0.0, "a_mm_0": 20.0, "a_mm_1": 11.576873882486332, "a_mm_2": -31.287458733524034, "a_mm_3": 20.0, "a_mp_0": -40.0, "a_mp_1": 20.0, "a_mp_2": -11.768368079727034, "a_mp_3": 20.0, "a_pm_0": -40.0, "a_pm_1": -40.0, "a_pm_2": -3.8004498715673347, "a_pm_3": 20.0, "a_pp_1": 20.0, "a_pp_2": 20.0, "a_pp_3": 20.0}, "datetime": {"datetime": "2024-07-12 22:43:21", "elapsed": 2688.422337, "delta": 12.827779}}
{"target": -18999.273597086383, "params": {"a_c_1": 0.0, "a_c_2": 10.0, "a_mm_0": 20.0, "a_mm_1": 20.0, "a_mm_2": 4.148756037774712, "a_mm_3": 20.0, "a_mp_0": 20.0, "a_mp_1": 20.0, "a_mp_2": 20.0, "a_mp_3": -40.0, "a_pm_0": 20.0, "a_pm_1": 20.0, "a_pm_2": -16.20423874817269, "a_pm_3": 20.0, "a_pp_1": -40.0, "a_pp_2": 20.0, "a_pp_3": 20.0}, "datetime": {"datetime": "2024-07-12 22:43:23", "elapsed": 2854.428099, "delta": 10.365607}}
{"target": -1363.1378678419405, "params": {"a_c_1": 20.0, "a_c_2": 10.0, "a_mm_0": 20.0, "a_mm_1": 20.0, "a_mm_2": 20.0, "a_mm_3": 20.0, "a_mp_0": -40.0, "a_mp_1": 20.0, "a_mp_2": 20.0, "a_mp_3": 20.0, "a_pm_0": -40.0, "a_pm_1": 20.0, "a_pm_2": -4.509812772693475, "a_pm_3": 20.0, "a_pp_1": -40.0, "a_pp_2": 20.0, "a_pp_3": 20.0}, "datetime": {"datetime": "2024-07-12 22:43:24", "elapsed": 2734.041947, "delta": 11.047211}}
{"target": -9966.824001570203, "params": {"a_c_1": 0.0, "a_c_2": 10.0, "a_mm_0": 20.0, "a_mm_1": 20.0, "a_mm_2": -8.945200315485456, "a_mm_3": 20.0, "a_mp_0": 20.0, "a_mp_1": -13.287233301842765, "a_mp_2": -33.26816806384997, "a_mp_3": 20.0, "a_pm_0": 20.0, "a_pm_1": -40.0, "a_pm_2": 20.0, "a_pm_3": 6.430941038935232, "a_pp_1": 20.0, "a_pp_2": 20.0, "a_pp_3": -0.4486503955321919}, "datetime": {"datetime": "2024-07-12 22:43:25", "elapsed": 2757.248051, "delta": 13.105733}}
{"target": -4963.766367641347, "params": {"a_c_1": 0.0, "a_c_2": 10.0, "a_mm_0": 20.0, "a_mm_1": -40.0, "a_mm_2": 20.0, "a_mm_3": 20.0, "a_mp_0": 20.0, "a_mp_1": 20.0, "a_mp_2": 20.0, "a_mp_3": 20.0, "a_pm_0": 20.0, "a_pm_1": 20.0, "a_pm_2": -40.0, "a_pm_3": 20.0, "a_pp_1": 20.0, "a_pp_2": 20.0, "a_pp_3": 20.0}, "datetime": {"datetime": "2024-07-12 22:43:27", "elapsed": 2715.404084, "delta": 10.914695}}
{"target": -16588.173743923213, "params": {"a_c_1": 19.76841328014249, "a_c_2": 6.553623896207293, "a_mm_0": 0.5188954603231934, "a_mm_1": 6.9507723456252535, "a_mm_2": 4.1939886709325975, "a_mm_3": -21.41411569991082, "a_mp_0": -6.741358550487043, "a_mp_1": 4.553909750584481, "a_mp_2": 6.216580364469877, "a_mp_3": 2.5310800696550118, "a_pm_0": 13.333435807819221, "a_pm_1": -4.839508244060987, "a_pm_2": 11.814612068402887, "a_pm_3": 9.637284099266843, "a_pp_1": -35.85077622738803, "a_pp_2": -8.107943871491987, "a_pp_3": 14.408853559640782}, "datetime": {"datetime": "2024-07-12 22:43:31", "elapsed": 2698.643779, "delta": 10.221442}}
{"target": -270361.2648920502, "params": {"a_c_1": 6.195477498909677, "a_c_2": 4.135256129058039, "a_mm_0": 4.064746585861812, "a_mm_1": 4.626163918753875, "a_mm_2": -39.12749291629786, "a_mm_3": -35.37180841834588, "a_mp_0": -19.979717659358833, "a_mp_1": -17.960075855849617, "a_mp_2": 1.9650353835643628, "a_mp_3": 6.9540916011900435, "a_pm_0": 15.876530678192218, "a_pm_1": 13.822494051233193, "a_pm_2": 16.55131172736597, "a_pm_3": 15.651789464927916, "a_pp_1": -5.54765161351952, "a_pp_2": -21.503188784337702, "a_pp_3": -30.102755977980852}, "datetime": {"datetime": "2024-07-12 22:43:37", "elapsed": 2725.152439, "delta": 9.748355}}
{"target": -15941.071999451216, "params": {"a_c_1": 0.0, "a_c_2": 10.0, "a_mm_0": -40.0, "a_mm_1": 20.0, "a_mm_2": 20.0, "a_mm_3": 20.0, "a_mp_0": 20.0, "a_mp_1": -40.0, "a_mp_2": -4.477441237354719, "a_mp_3": 20.0, "a_pm_0": 20.0, "a_pm_1": -40.0, "a_pm_2": 20.0, "a_pm_3": 20.0, "a_pp_1": -40.0, "a_pp_2": 20.0, "a_pp_3": -8.01662557832051}, "datetime": {"datetime": "2024-07-12 22:43:37", "elapsed": 2769.121115, "delta": 11.873064}}
{"target": -9769.484006189825, "params": {"a_c_1": 20.0, "a_c_2": 10.0, "a_mm_0": 20.0, "a_mm_1": -40.0, "a_mm_2": 20.0, "a_mm_3": -19.14008328360766, "a_mp_0": -40.0, "a_mp_1": -25.346664161641606, "a_mp_2": 20.0, "a_mp_3": 20.0, "a_pm_0": 20.0, "a_pm_1": 20.0, "a_pm_2": 5.586276469263886, "a_pm_3": 20.0, "a_pp_1": -40.0, "a_pp_2": 20.0, "a_pp_3": 20.0}, "datetime": {"datetime": "2024-07-12 22:43:37", "elapsed": 2868.558541, "delta": 14.130442}}
{"target": -45804.29326464928, "params": {"a_c_1": 18.07022757780164, "a_c_2": 3.593650878755341, "a_mm_0": 13.71557597228027, "a_mm_1": -37.96956110140428, "a_mm_2": 17.520527031554366, "a_mm_3": 11.55717876005901, "a_mp_0": 12.969525231309674, "a_mp_1": 8.637827759765088, "a_mp_2": -10.071086779555166, "a_mp_3": -23.314643390427914, "a_pm_0": -9.349634207748561, "a_pm_1": 9.239788502608604, "a_pm_2": 9.910332343481002, "a_pm_3": -28.483379184882242, "a_pp_1": -23.534365438964404, "a_pp_2": -10.519258414674916, "a_pp_3": 15.96582572407356}, "datetime": {"datetime": "2024-07-12 22:43:38", "elapsed": 2747.864443, "delta": 13.822496}}
{"target": -29960.90354320138, "params": {"a_c_1": 4.7629961139135135, "a_c_2": 1.1086001686256364, "a_mm_0": 8.786432374058457, "a_mm_1": -0.07210098920658936, "a_mm_2": -5.31406939355454, "a_mm_3": -14.92744715774796, "a_mp_0": -7.586308616598174, "a_mp_1": -9.983608696409544, "a_mp_2": 7.468557429442178, "a_mp_3": -2.1624304761562954, "a_pm_0": -25.538072531964033, "a_pm_1": 6.578697106569976, "a_pm_2": 12.937547854336671, "a_pm_3": 0.3885288792835624, "a_pp_1": -17.19870698025575, "a_pp_2": -4.299404048016477, "a_pp_3": -8.353108511448688}, "datetime": {"datetime": "2024-07-12 22:43:41", "elapsed": 2708.367092, "delta": 9.723313}}
{"target": -21854.8305355031, "params": {"a_c_1": 0.0, "a_c_2": 10.0, "a_mm_0": 20.0, "a_mm_1": -40.0, "a_mm_2": -7.25757980085759, "a_mm_3": 20.0, "a_mp_0": -40.0, "a_mp_1": 20.0, "a_mp_2": 20.0, "a_mp_3": -40.0, "a_pm_0": 20.0, "a_pm_1": 20.0, "a_pm_2": 20.0, "a_pm_3": 20.0, "a_pp_1": -40.0, "a_pp_2": 20.0, "a_pp_3": 20.0}, "datetime": {"datetime": "2024-07-12 22:43:46", "elapsed": 2735.049253, "delta": 9.896814}}
{"target": -42464.28390835042, "params": {"a_c_1": 20.0, "a_c_2": 10.0, "a_mm_0": 20.0, "a_mm_1": -40.0, "a_mm_2": 5.98908207441404, "a_mm_3": 20.0, "a_mp_0": -40.0, "a_mp_1": -40.0, "a_mp_2": 20.0, "a_mp_3": 20.0, "a_pm_0": 20.0, "a_pm_1": 20.0, "a_pm_2": 20.0, "a_pm_3": 20.0, "a_pp_1": 20.0, "a_pp_2": 20.0, "a_pp_3": -26.22793227901616}, "datetime": {"datetime": "2024-07-12 22:43:47", "elapsed": 2877.796212, "delta": 9.237671}}
{"target": -148853.44954400338, "params": {"a_c_1": 10.202192190266066, "a_c_2": 4.504026752051839, "a_mm_0": -30.01314901679779, "a_mm_1": 8.069230675530143, "a_mm_2": -13.15044381355207, "a_mm_3": -24.749361616545915, "a_mp_0": 4.621426825815995, "a_mp_1": 7.1712155184565916, "a_mp_2": 19.041590278969274, "a_mp_3": 9.10572820431458, "a_pm_0": 15.351979128752632, "a_pm_1": 4.352263751730447, "a_pm_2": -32.99853948428393, "a_pm_3": 3.7765321740847355, "a_pp_1": 3.35958438682718, "a_pp_2": -17.041915113417442, "a_pp_3": -29.802292007431372}, "datetime": {"datetime": "2024-07-12 22:43:47", "elapsed": 2756.75482, "delta": 8.890377}}
{"target": -1903.398219060732, "params": {"a_c_1": 20.0, "a_c_2": 10.0, "a_mm_0": -40.0, "a_mm_1": 20.0, "a_mm_2": -18.363907051415485, "a_mm_3": 20.0, "a_mp_0": -0.6966199275740869, "a_mp_1": 19.336154644660315, "a_mp_2": -18.82263513047694, "a_mp_3": 20.0, "a_pm_0": 20.0, "a_pm_1": -40.0, "a_pm_2": 20.0, "a_pm_3": 20.0, "a_pp_1": -2.2694612749603507, "a_pp_2": 20.0, "a_pp_3": 20.0}, "datetime": {"datetime": "2024-07-12 22:43:50", "elapsed": 2782.519466, "delta": 13.398351}}
{"target": -92101.98338008771, "params": {"a_c_1": 8.46634711973917, "a_c_2": 9.806550085960275, "a_mm_0": 1.375292561676062, "a_mm_1": -35.54935969696711, "a_mm_2": -4.7358937916446, "a_mm_3": -3.7237827269750454, "a_mp_0": -10.319571158629763, "a_mp_1": 13.256714166588253, "a_mp_2": -5.399950250096381, "a_mp_3": -16.566655345424298, "a_pm_0": -12.227549268628248, "a_pm_1": 19.328257228533538, "a_pm_2": -35.31203575383596, "a_pm_3": -11.274050834272678, "a_pp_1": -31.271563549119346, "a_pp_2": -8.750941457652967, "a_pp_3": 10.573848234015763}, "datetime": {"datetime": "2024-07-12 22:43:50", "elapsed": 2717.937721, "delta": 9.570629}}
{"target": -43382.849038129265, "params": {"a_c_1": 15.594286128518636, "a_c_2": 3.0654100781802796, "a_mm_0": 3.654769402871416, "a_mm_1": 14.17236197078929, "a_mm_2": -9.235617475038584, "a_mm_3": 0.7820276342669175, "a_mp_0": 11.179911091979712, "a_mp_1": 1.1673008037297024, "a_mp_2": 15.544678923147075, "a_mp_3": 10.876778819671706, "a_pm_0": 14.65011415333273, "a_pm_1": 4.934429716946269, "a_pm_2": 17.18491130937891, "a_pm_3": 10.850130774218115, "a_pp_1": -32.92140307287168, "a_pp_2": -1.5556671897950736, "a_pp_3": -27.917174873951925}, "datetime": {"datetime": "2024-07-12 22:43:55", "elapsed": 2743.410702, "delta": 8.361449}}
{"target": -5077.600732630427, "params": {"a_c_1": 20.0, "a_c_2": 10.0, "a_mm_0": -40.0, "a_mm_1": 20.0, "a_mm_2": 20.0, "a_mm_3": 20.0, "a_mp_0": -40.0, "a_mp_1": -40.0, "a_mp_2": -35.00037767995016, "a_mp_3": 20.0, "a_pm_0": -40.0, "a_pm_1": 20.0, "a_pm_2": 20.0, "a_pm_3": 20.0, "a_pp_1": 20.0, "a_pp_2": 20.0, "a_pp_3": 20.0}, "datetime": {"datetime": "2024-07-12 22:43:57", "elapsed": 2888.114088, "delta": 10.317876}}
{"target": -202991.73929208063, "params": {"a_c_1": 17.441819021764598, "a_c_2": 8.743625786409638, "a_mm_0": -1.101944546987795, "a_mm_1": -29.79124625460104, "a_mm_2": -36.392293519273004, "a_mm_3": 11.552961447167334, "a_mp_0": 13.989334995767152, "a_mp_1": 4.760097095035249, "a_mp_2": -1.641394319930619, "a_mp_3": -11.01361427657855, "a_pm_0": -31.609688757405962, "a_pm_1": -15.3034885779713, "a_pm_2": -21.028017139309856, "a_pm_3": -36.29938089310426, "a_pp_1": -20.819011238038666, "a_pp_2": -11.75727341848292, "a_pp_3": -3.549554791328525}, "datetime": {"datetime": "2024-07-12 22:43:58", "elapsed": 2767.694824, "delta": 10.940004}}
