{"target": -18409.94728202626, "params": {"a_c_1": 0.0, "a_c_2": 0.0, "a_mm_0": 20.0, "a_mm_1": 20.0, "a_mm_2": 20.0, "a_mm_3": 20.0, "a_mp_0": 7.443812264341032, "a_mp_1": -40.0, "a_mp_2": -40.0, "a_mp_3": 20.0, "a_pm_0": -40.0, "a_pm_1": 20.0, "a_pm_2": 20.0, "a_pm_3": -2.084811103253449, "a_pp_1": -12.491888227958626, "a_pp_2": 20.0, "a_pp_3": 20.0}, "datetime": {"datetime": "2024-07-12 22:36:37", "elapsed": 2305.803297, "delta": 9.518277}}
{"target": -275784.2519826869, "params": {"a_c_1": 16.77838669176206, "a_c_2": 7.41934476121248, "a_mm_0": -18.684017845812583, "a_mm_1": -3.185282768591371, "a_mm_2": -30.52378006551116, "a_mm_3": -38.97743726397242, "a_mp_0": -37.18182733420072, "a_mp_1": 9.37003167656578, "a_mp_2": -22.10259694257551, "a_mp_3": -34.37992432593427, "a_pm_0": 14.665461327660509, "a_pm_1": -24.816851652418137, "a_pm_2": -17.42470289699818, "a_pm_3": 8.855683760853559, "a_pp_1": 8.028943280021593, "a_pp_2": -7.498327541979407, "a_pp_3": -30.13968911671767}, "datetime": {"datetime": "2024-07-12 22:36:38", "elapsed": 2449.097769, "delta": 8.927453}}
{"target": -14837.027471996686, "params": {"a_c_1": 20.0, "a_c_2": 10.0, "a_mm_0": 20.0, "a_mm_1": -40.0, "a_mm_2": 3.551190661697023, "a_mm_3": 20.0, "a_mp_0": -40.0, "a_mp_1": 6.977394787945163, "a_mp_2": 20.0, "a_mp_3": -9.763943925380271, "a_pm_0": 20.0, "a_pm_1": -40.0, "a_pm_2": 20.0, "a_pm_3": 20.0, "a_pp_1": 20.0, "a_pp_2": 20.0, "a_pp_3": 20.0}, "datetime": {"datetime": "2024-07-12 22:36:39", "elapsed": 2328.526357, "delta": 9.603144}}
{"target": -65483.97029610949, "params": {"a_c_1": 17.12032692072694, "a_c_2": 8.367672380131747, "a_mm_0": 17.23323422087666, "a_mm_1": -17.62575453010106, "a_mm_2": 16.515357324635467, "a_mm_3": -28.022501485647986, "a_mp_0": 7.143243797986628, "a_mp_1": -27.410658971167955, "a_mp_2": 2.6142861291583657, "a_mp_3": -4.511756119889661, "a_pm_0": -19.244093643398603, "a_pm_1": -5.382252206579722, "a_pm_2": 7.472422806362474, "a_pm_3": -24.419251359482168, "a_pp_1": -21.85299395239617, "a_pp_2": 11.28942629234011, "a_pp_3": 3.3454034304247173}, "datetime": {"datetime": "2024-07-12 22:36:39", "elapsed": 2286.719856, "delta": 11.295406}}
{"target": -309309.1510263829, "params": {"a_c_1": 15.529966036778543, "a_c_2": 6.597209556967102, "a_mm_0": 13.003907784877967, "a_mm_1": -20.20552935365509, "a_mm_2": -34.132155740598826, "a_mm_3": -11.678082496534998, "a_mp_0": 1.155068073142445, "a_mp_1": 14.90789602397276, "a_mp_2": -13.601539819147298, "a_mp_3": -6.73305411833514, "a_pm_0": 0.876613183155925, "a_pm_1": -26.8321640469188, "a_pm_2": -8.507555843327037, "a_pm_3": -34.01085380291437, "a_pp_1": -0.40133289956057183, "a_pp_2": -36.14570261103217, "a_pp_3": -30.852287830959767}, "datetime": {"datetime": "2024-07-12 22:36:46", "elapsed": 2314.389547, "delta": 8.58625}}
{"target": -4265.818543732953, "params": {"a_c_1": 0.0, "a_c_2": 10.0, "a_mm_0": 20.0, "a_mm_1": -40.0, "a_mm_2": -22.50145853440069, "a_mm_3": 20.0, "a_mp_0": 1.2776518084864077, "a_mp_1": 20.0, "a_mp_2": 20.0, "a_mp_3": 20.0, "a_pm_0": -40.0, "a_pm_1": 9.245711506169439, "a_pm_2": -20.19926425068182, "a_pm_3": 20.0, "a_pp_1": 20.0, "a_pp_2": 20.0, "a_pp_3": 20.0}, "datetime": {"datetime": "2024-07-12 22:36:46", "elapsed": 2358.021729, "delta": 10.973457}}
{"target": -316123.26239486574, "params": {"a_c_1": 2.340586661867927, "a_c_2": 9.801447482201844, "a_mm_0": 14.306168784493813, "a_mm_1": -0.6659870279860058, "a_mm_2": 13.649655150340308, "a_mm_3": -10.3818473584063, "a_mp_0": 18.638742334448303, "a_mp_1": -28.20979032460452, "a_mp_2": -7.332592056839459, "a_mp_3": -26.325729699091532, "a_pm_0": -8.030800312800189, "a_pm_1": -28.584746769003853, "a_pm_2": -26.35256715616435, "a_pm_3": -27.71447212307257, "a_pp_1": -24.696280509746266, "a_pp_2": -24.856088290104168, "a_pp_3": -17.865083252579012}, "datetime": {"datetime": "2024-07-12 22:36:48", "elapsed": 2295.34293, "delta": 8.623074}}
{"target": -5717.52761174359, "params": {"a_c_1": 0.0, "a_c_2": 10.0, "a_mm_0": -40.0, "a_mm_1": 20.0, "a_mm_2": -40.0, "a_mm_3": 20.0, "a_mp_0": -40.0, "a_mp_1": 20.0, "a_mp_2": 20.0, "a_mp_3": 20.0, "a_pm_0": 20.0, "a_pm_1": -40.0, "a_pm_2": 20.0, "a_pm_3": 20.0, "a_pp_1": 20.0, "a_pp_2": 20.0, "a_pp_3": 20.0}, "datetime": {"datetime": "2024-07-12 22:36:48", "elapsed": 2459.517049, "delta": 10.41928}}
{"target": -27239.455025315798, "params": {"a_c_1": 20.0, "a_c_2": 10.0, "a_mm_0": -40.0, "a_mm_1": -40.0, "a_mm_2": 20.0, "a_mm_3": 20.0, "a_mp_0": -5.407448304278761, "a_mp_1": -31.219048155942033, "a_mp_2": 20.0, "a_mp_3": 20.0, "a_pm_0": 20.0, "a_pm_1": -40.0, "a_pm_2": 20.0, "a_pm_3": -40.0, "a_pp_1": -6.052659115797699, "a_pp_2": 20.0, "a_pp_3": 20.0}, "datetime": {"datetime": "2024-07-12 22:36:52", "elapsed": 2342.031083, "delta": 13.504726}}
{"target": -42912.24466444723, "params": {"a_c_1": 20.0, "a_c_2": 0.0, "a_mm_0": -14.16018487924272, "a_mm_1": -6.866736547674511, "a_mm_2": 20.0, "a_mm_3": -7.144265261906739, "a_mp_0": -4.2142168992906806, "a_mp_1": -21.099365982655723, "a_mp_2": -17.600126427504726, "a_mp_3": 20.0, "a_pm_0": -40.0, "a_pm_1": -9.479278959517952, "a_pm_2": 5.601007258080703, "a_pm_3": 20.0, "a_pp_1": 20.0, "a_pp_2": 20.0, "a_pp_3": -18.07887725922524}, "datetime": {"datetime": "2024-07-12 22:36:55", "elapsed": 2323.987182, "delta": 9.597635}}
{"target": -17232.851058670247, "params": {"a_c_1": 20.0, "a_c_2": 10.0, "a_mm_0": 20.0, "a_mm_1": 20.0, "a_mm_2": 20.0, "a_mm_3": 20.0, "a_mp_0": 20.0, "a_mp_1": 20.0, "a_mp_2": -6.331612095187235, "a_mp_3": 20.0, "a_pm_0": -40.0, "a_pm_1": 20.0, "a_pm_2": 20.0, "a_pm_3": -29.73004401954131, "a_pp_1": -40.0, "a_pp_2": -15.795963743365139, "a_pp_3": 20.0}, "datetime": {"datetime": "2024-07-12 22:36:58", "elapsed": 2369.750913, "delta": 11.729184}}
{"target": -12123.94712010289, "params": {"a_c_1": 20.0, "a_c_2": 10.0, "a_mm_0": 20.0, "a_mm_1": -40.0, "a_mm_2": 20.0, "a_mm_3": 20.0, "a_mp_0": -40.0, "a_mp_1": -40.0, "a_mp_2": 20.0, "a_mp_3": 20.0, "a_pm_0": -40.0, "a_pm_1": 20.0, "a_pm_2": 20.0, "a_pm_3": 20.0, "a_pp_1": 20.0, "a_pp_2": 20.0, "a_pp_3": 20.0}, "datetime": {"datetime": "2024-07-12 22:37:00", "elapsed": 2470.755307, "delta": 11.238258}}
{"target": -14154.573218941945, "params": {"a_c_1": 0.0, "a_c_2": 10.0, "a_mm_0": 20.0, "a_mm_1": 18.019828086890655, "a_mm_2": -16.13730242114097, "a_mm_3": 20.0, "a_mp_0": 20.0, "a_mp_1": 20.0, "a_mp_2": 13.110320410780746, "a_mp_3": -7.269721980722077, "a_pm_0": -40.0, "a_pm_1": -40.0, "a_pm_2": 20.0, "a_pm_3": 20.0, "a_pp_1": 20.0, "a_pp_2": -13.411890697914709, "a_pp_3": 20.0}, "datetime": {"datetime": "2024-07-12 22:37:00", "elapsed": 2307.884172, "delta": 12.541242}}
{"target": -332772.94269269874, "params": {"a_c_1": 3.9728778623319294, "a_c_2": 1.8458665580087208, "a_mm_0": -7.623115760228508, "a_mm_1": -12.137169807919303, "a_mm_2": 12.334272119495978, "a_mm_3": -23.742359187164336, "a_mp_0": -30.97745262266491, "a_mp_1": 5.410949537868426, "a_mp_2": -27.35262795323944, "a_mp_3": -20.260051112325755, "a_pm_0": -26.196260049598504, "a_pm_1": -23.542506395468653, "a_pm_2": -16.13477818540827, "a_pm_3": -33.497503410187065, "a_pp_1": 7.23777193172517, "a_pp_2": -27.2101811413039, "a_pp_3": -21.086837214115345}, "datetime": {"datetime": "2024-07-12 22:37:01", "elapsed": 2350.870336, "delta": 8.839253}}
{"target": -28184.45684831081, "params": {"a_c_1": 20.0, "a_c_2": 10.0, "a_mm_0": 20.0, "a_mm_1": 20.0, "a_mm_2": 20.0, "a_mm_3": -40.0, "a_mp_0": 20.0, "a_mp_1": 20.0, "a_mp_2": -16.517938701699197, "a_mp_3": 11.63064246984378, "a_pm_0": -40.0, "a_pm_1": 20.0, "a_pm_2": -24.49170277002767, "a_pm_3": 20.0, "a_pp_1": -12.12159426424717, "a_pp_2": 20.0, "a_pp_3": 20.0}, "datetime": {"datetime": "2024-07-12 22:37:08", "elapsed": 2336.191194, "delta": 12.204012}}
{"target": -30138.695810714784, "params": {"a_c_1": 0.0, "a_c_2": 10.0, "a_mm_0": 20.0, "a_mm_1": 20.0, "a_mm_2": 20.0, "a_mm_3": -6.494372883311032, "a_mp_0": -40.0, "a_mp_1": -40.0, "a_mp_2": 20.0, "a_mp_3": 20.0, "a_pm_0": 20.0, "a_pm_1": 20.0, "a_pm_2": 20.0, "a_pm_3": -21.52127902532801, "a_pp_1": -40.0, "a_pp_2": -16.089624094273592, "a_pp_3": 20.0}, "datetime": {"datetime": "2024-07-12 22:37:09", "elapsed": 2381.507373, "delta": 11.75646}}
{"target": -156368.5550616691, "params": {"a_c_1": 16.733576268293742, "a_c_2": 7.903891055756169, "a_mm_0": -28.506761652865205, "a_mm_1": 14.567701711920186, "a_mm_2": -31.425339463464788, "a_mm_3": -34.65552199846445, "a_mp_0": 9.066816856116368, "a_mp_1": 7.526626556478597, "a_mp_2": 4.961000386535915, "a_mp_3": 5.78275906450078, "a_pm_0": 5.304287965033453, "a_pm_1": -30.32458245945442, "a_pm_2": 12.958693836257446, "a_pm_3": 7.072927396590508, "a_pp_1": -4.857997826949983, "a_pp_2": -0.5905898212229843, "a_pp_3": -22.986895198304147}, "datetime": {"datetime": "2024-07-12 22:37:10", "elapsed": 2480.831292, "delta": 10.075985}}
{"target": -22016.624177635604, "params": {"a_c_1": 13.482491805739802, "a_c_2": 4.181210712218314, "a_mm_0": 0.4412635890066241, "a_mm_1": 11.543639705352724, "a_mm_2": -2.7838060839186554, "a_mm_3": -2.031818035325003, "a_mp_0": -29.75321808794999, "a_mp_1": -19.106827213815123, "a_mp_2": 2.405363733161579, "a_mp_3": -3.9546770096022428, "a_pm_0": 17.06626378320521, "a_pm_1": -20.392867794498347, "a_pm_2": -16.33924511352526, "a_pm_3": -0.1203393345316428, "a_pp_1": -18.8980724993409, "a_pp_2": 15.466496173015209, "a_pp_3": -2.719654148500716}, "datetime": {"datetime": "2024-07-12 22:37:10", "elapsed": 2317.793382, "delta": 9.90921}}
{"target": -37934.61396330615, "params": {"a_c_1": 11.491689958332941, "a_c_2": 0.24964115217387395, "a_mm_0": 12.694753223221099, "a_mm_1": 19.154102791746247, "a_mm_2": -37.10507832345023, "a_mm_3": -19.661417020953852, "a_mp_0": -9.679205219398291, "a_mp_1": -14.88781949458727, "a_mp_2": 11.245340648554404, "a_mp_3": 3.1346282371252414, "a_pm_0": -8.431882421238214, "a_pm_1": 11.481192379668087, "a_pm_2": 8.674861156213325, "a_pm_3": 13.601238978934312, "a_pp_1": -26.73447407220378, "a_pp_2": 6.271350809524797, "a_pp_3": 17.58498744749574}, "datetime": {"datetime": "2024-07-12 22:37:11", "elapsed": 2361.255766, "delta": 10.38543}}
{"target": -414761.1538861768, "params": {"a_c_1": 2.2905633519920965, "a_c_2": 8.459513222584292, "a_mm_0": -9.435611269944392, "a_mm_1": -31.926219705577886, "a_mm_2": -4.5042365863689895, "a_mm_3": -37.093326538700595, "a_mp_0": -33.64659294574484, "a_mp_1": 4.628602246176818, "a_mp_2": 18.80776291850055, "a_mp_3": -5.945623481407139, "a_pm_0": -20.982097418667216, "a_pm_1": -15.732585776954224, "a_pm_2": -34.90929513386111, "a_pm_3": -38.70947762875644, "a_pp_1": -9.57366134752657, "a_pp_2": -22.933932516028243, "a_pp_3": -31.40563580682791}, "datetime": {"datetime": "2024-07-12 22:37:18", "elapsed": 2389.931947, "delta": 8.424574}}
{"target": -84656.82385089717, "params": {"a_c_1": 20.0, "a_c_2": 10.0, "a_mm_0": 20.0, "a_mm_1": -40.0, "a_mm_2": 20.0, "a_mm_3": -40.0, "a_mp_0": 20.0, "a_mp_1": 20.0, "a_mp_2": 20.0, "a_mp_3": 20.0, "a_pm_0": 20.0, "a_pm_1": -40.0, "a_pm_2": 20.0, "a_pm_3": 20.0, "a_pp_1": 20.0, "a_pp_2": -13.30222293320733, "a_pp_3": 20.0}, "datetime": {"datetime": "2024-07-12 22:37:19", "elapsed": 2347.661274, "delta": 11.47008}}
{"target": -26027.05753804063, "params": {"a_c_1": 20.0, "a_c_2": 10.0, "a_mm_0": 20.0, "a_mm_1": -40.0, "a_mm_2": -40.0, "a_mm_3": 20.0, "a_mp_0": 20.0, "a_mp_1": 20.0, "a_mp_2": 20.0, "a_mp_3": 20.0, "a_pm_0": 20.0, "a_pm_1": -40.0, "a_pm_2": 20.0, "a_pm_3": -33.850877270706285, "a_pp_1": 20.0, "a_pp_2": 20.0, "a_pp_3": 20.0}, "datetime": {"datetime": "2024-07-12 22:37:21", "elapsed": 2492.187178, "delta": 11.355886}}
{"target": -380005.95263039786, "params": {"a_c_1": 15.962800057549524, "a_c_2": 6.2062556984572606, "a_mm_0": 19.18358921757364, "a_mm_1": 6.820951677787789, "a_mm_2": -15.414766939360916, "a_mm_3": -16.169307850435196, "a_mp_0": 11.244371068689105, "a_mp_1": -34.86409758644611, "a_mp_2": -8.758605108960776, "a_mp_3": -36.063206476554086, "a_pm_0": -19.462767532559266, "a_pm_1": -33.55845178127381, "a_pm_2": -16.045551143355773, "a_pm_3": -32.06530070039148, "a_pp_1": -37.840830713301465, "a_pp_2": -9.50747156131182, "a_pp_3": -19.835107615608422}, "datetime": {"datetime": "2024-07-12 22:37:21", "elapsed": 2371.033262, "delta": 9.777496}}
{"target": -8110.3767233191365, "params": {"a_c_1": 0.0, "a_c_2": 10.0, "a_mm_0": 20.0, "a_mm_1": -28.37627004454828, "a_mm_2": -19.465149435592316, "a_mm_3": 20.0, "a_mp_0": 20.0, "a_mp_1": 20.0, "a_mp_2": -7.876441839572, "a_mp_3": -3.6839557010574793, "a_pm_0": -40.0, "a_pm_1": -40.0, "a_pm_2": 20.0, "a_pm_3": -12.745479032095021, "a_pp_1": 14.986397397075647, "a_pp_2": 20.0, "a_pp_3": 20.0}, "datetime": {"datetime": "2024-07-12 22:37:22", "elapsed": 2329.785346, "delta": 11.991964}}
{"target": -3795.6358756664836, "params": {"a_c_1": 20.0, "a_c_2": 10.0, "a_mm_0": -40.0, "a_mm_1": -7.489606688466408, "a_mm_2": -7.679928028296453, "a_mm_3": 20.0, "a_mp_0": -40.0, "a_mp_1": 20.0, "a_mp_2": -34.00305967321562, "a_mp_3": 20.0, "a_pm_0": 20.0, "a_pm_1": 20.0, "a_pm_2": 20.0, "a_pm_3": 20.0, "a_pp_1": 20.0, "a_pp_2": 20.0, "a_pp_3": 20.0}, "datetime": {"datetime": "2024-07-12 22:37:30", "elapsed": 2402.066323, "delta": 12.134376}}
{"target": -24836.294420885435, "params": {"a_c_1": 0.0, "a_c_2": 10.0, "a_mm_0": 20.0, "a_mm_1": 20.0, "a_mm_2": 20.0, "a_mm_3": -40.0, "a_mp_0": 20.0, "a_mp_1": -40.0, "a_mp_2": -5.834482820943544, "a_mp_3": 20.0, "a_pm_0": -40.0, "a_pm_1": 20.0, "a_pm_2": 7.465577263179706, "a_pm_3": 20.0, "a_pp_1": 20.0, "a_pp_2": -6.879762515973778, "a_pp_3": 20.0}, "datetime": {"datetime": "2024-07-12 22:37:31", "elapsed": 2359.117058, "delta": 11.455784}}
{"target": -24297.79786268261, "params": {"a_c_1": 0.0, "a_c_2": 10.0, "a_mm_0": -40.0, "a_mm_1": -40.0, "a_mm_2": 20.0, "a_mm_3": -7.854332177123619, "a_mp_0": -40.0, "a_mp_1": -22.430243569722894, "a_mp_2": 20.0, "a_mp_3": 20.0, "a_pm_0": -40.0, "a_pm_1": 20.0, "a_pm_2": 6.891357676695412, "a_pm_3": 20.0, "a_pp_1": -40.0, "a_pp_2": 20.0, "a_pp_3": 20.0}, "datetime": {"datetime": "2024-07-12 22:37:32", "elapsed": 2381.406145, "delta": 10.372883}}
{"target": -3502.8658840543676, "params": {"a_c_1": 20.0, "a_c_2": 10.0, "a_mm_0": -40.0, "a_mm_1": 20.0, "a_mm_2": 20.0, "a_mm_3": 20.0, "a_mp_0": 20.0, "a_mp_1": -21.833059868403122, "a_mp_2": 20.0, "a_mp_3": 20.0, "a_pm_0": 20.0, "a_pm_1": 20.0, "a_pm_2": 20.0, "a_pm_3": 20.0, "a_pp_1": 20.0, "a_pp_2": -16.433077135994864, "a_pp_3": 20.0}, "datetime": {"datetime": "2024-07-12 22:37:33", "elapsed": 2504.41415, "delta": 12.226972}}
{"target": -223104.91326025547, "params": {"a_c_1": 14.852023851668935, "a_c_2": 2.6597677285520307, "a_mm_0": -7.393689189126377, "a_mm_1": -19.095230510899665, "a_mm_2": -38.198563392813305, "a_mm_3": -10.894826642504583, "a_mp_0": -33.68051324468501, "a_mp_1": -5.901195528522159, "a_mp_2": -21.136719966377363, "a_mp_3": -32.070649241116875, "a_pm_0": 13.72119026841925, "a_pm_1": -8.672356151851169, "a_pm_2": -3.768226735204216, "a_pm_3": -25.351478233780156, "a_pp_1": 12.080756215734759, "a_pp_2": -1.421588799300899, "a_pp_3": -13.904983913503681}, "datetime": {"datetime": "2024-07-12 22:37:34", "elapsed": 2341.20924, "delta": 11.423894}}
{"target": -12172.793694398024, "params": {"a_c_1": 20.0, "a_c_2": 10.0, "a_mm_0": -40.0, "a_mm_1": 20.0, "a_mm_2": -10.189484428403672, "a_mm_3": 20.0, "a_mp_0": -40.0, "a_mp_1": 3.0705166936440693, "a_mp_2": 20.0, "a_mp_3": 20.0, "a_pm_0": 20.0, "a_pm_1": 20.0, "a_pm_2": -40.0, "a_pm_3": 20.0, "a_pp_1": 20.0, "a_pp_2": 20.0, "a_pp_3": 20.0}, "datetime": {"datetime": "2024-07-12 22:37:39", "elapsed": 2411.568578, "delta": 9.502255}}
{"target": -83119.28640042777, "params": {"a_c_1": 17.958568528569238, "a_c_2": 0.3241153297992472, "a_mm_0": -17.767689887837733, "a_mm_1": 16.200789451758766, "a_mm_2": -8.133356631078414, "a_mm_3": 6.03303128986343, "a_mp_0": 3.591526475600851, "a_mp_1": -0.4836452506912181, "a_mp_2": 1.0890076626199061, "a_mp_3": 10.070070968470965, "a_pm_0": 13.443567018621799, "a_pm_1": -26.37448454022502, "a_pm_2": -7.175496013567006, "a_pm_3": 16.252048096995665, "a_pp_1": 9.539541101580681, "a_pp_2": -23.875691496060508, "a_pp_3": -32.32285341229861}, "datetime": {"datetime": "2024-07-12 22:37:41", "elapsed": 2369.216261, "delta": 10.099203}}
{"target": -30110.115204586036, "params": {"a_c_1": 0.0, "a_c_2": 10.0, "a_mm_0": -40.0, "a_mm_1": 20.0, "a_mm_2": 20.0, "a_mm_3": 20.0, "a_mp_0": 20.0, "a_mp_1": -40.0, "a_mp_2": 20.0, "a_mp_3": 20.0, "a_pm_0": -40.0, "a_pm_1": -40.0, "a_pm_2": 20.0, "a_pm_3": 20.0, "a_pp_1": -2.292607481980325, "a_pp_2": -21.529846510933066, "a_pp_3": 20.0}, "datetime": {"datetime": "2024-07-12 22:37:42", "elapsed": 2392.150627, "delta": 10.744482}}
{"target": -94437.52769978982, "params": {"a_c_1": 1.7268066883894018, "a_c_2": 7.555550696890957, "a_mm_0": -35.530743857418486, "a_mm_1": -5.673385936957423, "a_mm_2": 17.85900104575171, "a_mm_3": 11.271774561813686, "a_mp_0": -2.727501987189747, "a_mp_1": 10.783682669549677, "a_mp_2": 6.249831785170485, "a_mp_3": 5.286917225854758, "a_pm_0": -38.7940219861058, "a_pm_1": -11.53715237556425, "a_pm_2": -4.307818504116206, "a_pm_3": -4.35900403616467, "a_pp_1": -30.799698667289988, "a_pp_2": -4.032784046564117, "a_pp_3": -28.386417768582483}, "datetime": {"datetime": "2024-07-12 22:37:44", "elapsed": 2351.375174, "delta": 10.165934}}
{"target": -98659.97493177392, "params": {"a_c_1": 7.877437043556226, "a_c_2": 5.866658621749112, "a_mm_0": 4.442552565294207, "a_mm_1": -31.547531177200305, "a_mm_2": -33.8855675159543, "a_mm_3": 11.14487072870768, "a_mp_0": -0.7805778444028135, "a_mp_1": 2.4542219102296414, "a_mp_2": -36.258004912689735, "a_mp_3": 13.018422885231594, "a_pm_0": 16.388861049648106, "a_pm_1": -18.48785576512115, "a_pm_2": -9.878278269365438, "a_pm_3": 15.701579832105935, "a_pp_1": -26.349869540422358, "a_pp_2": 11.84783579876349, "a_pp_3": -0.05794697838830842}, "datetime": {"datetime": "2024-07-12 22:37:44", "elapsed": 2515.10422, "delta": 10.69007}}
{"target": -290876.01762065844, "params": {"a_c_1": 14.348294346276955, "a_c_2": 6.07227385622536, "a_mm_0": 17.824245898778003, "a_mm_1": -13.576155112140825, "a_mm_2": -10.364473002999329, "a_mm_3": -14.100655839802133, "a_mp_0": -17.75664505578288, "a_mp_1": -26.570013637961008, "a_mp_2": 4.096845685870932, "a_mp_3": -21.30643456368822, "a_pm_0": -4.158191587514338, "a_pm_1": -21.206036742068694, "a_pm_2": -35.36027726203409, "a_pm_3": -14.292794072128771, "a_pp_1": 12.415273906586954, "a_pp_2": -35.770400102103565, "a_pp_3": 7.009060312331677}, "datetime": {"datetime": "2024-07-12 22:37:49", "elapsed": 2378.013122, "delta": 8.796861}}
{"target": -16655.88190920568, "params": {"a_c_1": 20.0, "a_c_2": 10.0, "a_mm_0": -40.0, "a_mm_1": 20.0, "a_mm_2": -21.45838870694855, "a_mm_3": 20.0, "a_mp_0": 20.0, "a_mp_1": -40.0, "a_mp_2": -35.07069542376628, "a_mp_3": 20.0, "a_pm_0": -40.0, "a_pm_1": 20.0, "a_pm_2": 20.0, "a_pm_3": 20.0, "a_pp_1": -1.4597857420197557, "a_pp_2": 20.0, "a_pp_3": 20.0}, "datetime": {"datetime": "2024-07-12 22:37:51", "elapsed": 2423.465152, "delta": 11.896574}}
{"target": -247822.99860475742, "params": {"a_c_1": 18.59625019500252, "a_c_2": 3.811183155382266, "a_mm_0": -26.27558277391451, "a_mm_1": -38.25819182170966, "a_mm_2": -28.047185108163553, "a_mm_3": -5.151687794539981, "a_mp_0": 9.761422048090957, "a_mp_1": -18.33614879787506, "a_mp_2": -6.801453334292383, "a_mp_3": -17.860558200730697, "a_pm_0": 0.07003283986870912, "a_pm_1": -14.857328720199312, "a_pm_2": 18.24572943577936, "a_pm_3": 7.862277106574616, "a_pp_1": -38.200524601700614, "a_pp_2": -29.167856354675624, "a_pp_3": 14.678274011070165}, "datetime": {"datetime": "2024-07-12 22:37:52", "elapsed": 2523.252403, "delta": 8.148183}}
{"target": -114641.15415241585, "params": {"a_c_1": 0.2945585429584452, "a_c_2": 0.25908525931246595, "a_mm_0": -1.843054856524347, "a_mm_1": -15.44818329979742, "a_mm_2": 12.944222596147831, "a_mm_3": -26.77469075347002, "a_mp_0": 17.510855494772727, "a_mp_1": -0.7356654757115137, "a_mp_2": 9.983239389359817, "a_mp_3": -32.92620453493066, "a_pm_0": -5.586069727517014, "a_pm_1": -31.786994399948398, "a_pm_2": 7.047764606328755, "a_pm_3": -21.707927043160087, "a_pp_1": 7.923450721294557, "a_pp_2": 2.1731708151702662, "a_pp_3": 15.62676629907056}, "datetime": {"datetime": "2024-07-12 22:37:53", "elapsed": 2360.052149, "delta": 8.676975}}
{"target": -35063.68887978358, "params": {"a_c_1": 0.0, "a_c_2": 10.0, "a_mm_0": 20.0, "a_mm_1": 20.0, "a_mm_2": -40.0, "a_mm_3": -40.0, "a_mp_0": -40.0, "a_mp_1": 20.0, "a_mp_2": 20.0, "a_mp_3": 20.0, "a_pm_0": -40.0, "a_pm_1": -40.0, "a_pm_2": -34.163016423238446, "a_pm_3": 20.0, "a_pp_1": 20.0, "a_pp_2": 20.0, "a_pp_3": 20.0}, "datetime": {"datetime": "2024-07-12 22:37:55", "elapsed": 2404.418608, "delta": 12.267981}}
{"target": -257945.40285080296, "params": {"a_c_1": 4.010780172446243, "a_c_2": 9.548501419515175, "a_mm_0": -36.30404706723908, "a_mm_1": -18.32060924734821, "a_mm_2": -37.80226636596009, "a_mm_3": 5.07262491414761, "a_mp_0": 7.682724768355527, "a_mp_1": 9.276183941725577, "a_mp_2": -39.806666456537016, "a_mp_3": -6.7115054900100475, "a_pm_0": -22.844927907348875, "a_pm_1": -5.154782346429357, "a_pm_2": -24.47610936083756, "a_pm_3": -27.739520969865545, "a_pp_1": 16.57887812762445, "a_pp_2": 14.672018238757097, "a_pp_3": -28.0565518073131}, "datetime": {"datetime": "2024-07-12 22:37:58", "elapsed": 2386.651452, "delta": 8.63833}}
