{"target": -355173.8717963137, "params": {"a_c_1": 7.671625099565372, "a_c_2": 1.872328708573211, "a_mm_0": -21.007234826018916, "a_mm_1": -10.256247101906261, "a_mm_2": -18.372393548987255, "a_mm_3": -6.457053441322948, "a_mp_0": 12.093875659698718, "a_mp_1": 18.32017406986104, "a_mp_2": -38.67765034529992, "a_mp_3": -12.678824426433799, "a_pm_0": 6.212494478547235, "a_pm_1": 7.40443335531392, "a_pm_2": -23.36820254383491, "a_pm_3": -1.299389034151119, "a_pp_1": -15.696718236327051, "a_pp_2": -31.794406094621873, "a_pp_3": -23.496786077108272}, "datetime": {"datetime": "2024-07-12 22:35:04", "elapsed": 2212.787347, "delta": 7.718063}}
{"target": -1670.077527692639, "params": {"a_c_1": 20.0, "a_c_2": 10.0, "a_mm_0": 20.0, "a_mm_1": 20.0, "a_mm_2": -21.667710800753582, "a_mm_3": 20.0, "a_mp_0": 1.0420949134556123, "a_mp_1": 20.0, "a_mp_2": 20.0, "a_mp_3": 20.0, "a_pm_0": 20.0, "a_pm_1": 20.0, "a_pm_2": 20.0, "a_pm_3": 20.0, "a_pp_1": -40.0, "a_pp_2": 20.0, "a_pp_3": 20.0}, "datetime": {"datetime": "2024-07-12 22:35:04", "elapsed": 2256.633, "delta": 15.426852}}
{"target": -68546.27150515476, "params": {"a_c_1": 1.5544929141206132, "a_c_2": 6.050162614340156, "a_mm_0": -21.35189819723902, "a_mm_1": -23.780968336681134, "a_mm_2": 1.0522885675948572, "a_mm_3": 5.472254104453775, "a_mp_0": -7.898630305531142, "a_mp_1": -25.28811203782631, "a_mp_2": -0.688305387142826, "a_mp_3": -6.099607268738154, "a_pm_0": 4.117868190424765, "a_pm_1": 1.3258020624894868, "a_pm_2": -9.159408175790073, "a_pm_3": -3.697649037681586, "a_pp_1": -11.750844942435485, "a_pp_2": -15.28120150119901, "a_pp_3": -1.0708503963162812}, "datetime": {"datetime": "2024-07-12 22:35:07", "elapsed": 2194.512092, "delta": 8.667815}}
{"target": -7772.879349804772, "params": {"a_c_1": 0.0, "a_c_2": 10.0, "a_mm_0": -40.0, "a_mm_1": 20.0, "a_mm_2": 20.0, "a_mm_3": 20.0, "a_mp_0": -40.0, "a_mp_1": 20.0, "a_mp_2": 20.0, "a_mp_3": 20.0, "a_pm_0": -40.0, "a_pm_1": 20.0, "a_pm_2": -40.0, "a_pm_3": 20.0, "a_pp_1": 20.0, "a_pp_2": 20.0, "a_pp_3": 20.0}, "datetime": {"datetime": "2024-07-12 22:35:11", "elapsed": 2361.744562, "delta": 9.024135}}
{"target": -34468.764394323225, "params": {"a_c_1": 0.0, "a_c_2": 10.0, "a_mm_0": -40.0, "a_mm_1": 20.0, "a_mm_2": 20.0, "a_mm_3": -29.466316531858617, "a_mp_0": 20.0, "a_mp_1": -40.0, "a_mp_2": -40.0, "a_mp_3": 20.0, "a_pm_0": -10.552833907445736, "a_pm_1": 20.0, "a_pm_2": -8.190374010146058, "a_pm_3": 20.0, "a_pp_1": -19.925367615628726, "a_pp_2": 20.0, "a_pp_3": 20.0}, "datetime": {"datetime": "2024-07-12 22:35:13", "elapsed": 2242.591414, "delta": 12.052596}}
{"target": -124001.16980380256, "params": {"a_c_1": 11.080936481745436, "a_c_2": 7.620300661824972, "a_mm_0": 9.266666743123018, "a_mm_1": -11.72884475214224, "a_mm_2": -18.09726897449599, "a_mm_3": -2.97737971109801, "a_mp_0": -27.253497881974347, "a_mp_1": 15.901068090590066, "a_mp_2": -10.827890261319574, "a_mp_3": -38.233902887257216, "a_pm_0": -3.5680308115497397, "a_pm_1": -25.868630841078232, "a_pm_2": 5.99994224808222, "a_pm_3": -12.43004176075566, "a_pp_1": -39.93508162432036, "a_pp_2": 12.748447698630393, "a_pp_3": -12.644188810478362}, "datetime": {"datetime": "2024-07-12 22:35:14", "elapsed": 2222.999647, "delta": 10.2123}}
{"target": -6180.32501640606, "params": {"a_c_1": 0.0, "a_c_2": 10.0, "a_mm_0": 20.0, "a_mm_1": -18.299465752342233, "a_mm_2": 20.0, "a_mm_3": 20.0, "a_mp_0": -12.887365986582418, "a_mp_1": 20.0, "a_mp_2": -15.727813552744166, "a_mp_3": 20.0, "a_pm_0": 20.0, "a_pm_1": 20.0, "a_pm_2": -40.0, "a_pm_3": 20.0, "a_pp_1": 20.0, "a_pp_2": 20.0, "a_pp_3": 20.0}, "datetime": {"datetime": "2024-07-12 22:35:16", "elapsed": 2267.697896, "delta": 11.064896}}
{"target": -10751.590367645942, "params": {"a_c_1": 20.0, "a_c_2": 10.0, "a_mm_0": -40.0, "a_mm_1": 20.0, "a_mm_2": 20.0, "a_mm_3": 20.0, "a_mp_0": -40.0, "a_mp_1": 20.0, "a_mp_2": 20.0, "a_mp_3": -17.52254961636764, "a_pm_0": 20.0, "a_pm_1": -29.962362397651553, "a_pm_2": -24.797249443749187, "a_pm_3": 20.0, "a_pp_1": -40.0, "a_pp_2": 20.0, "a_pp_3": 20.0}, "datetime": {"datetime": "2024-07-12 22:35:19", "elapsed": 2206.940309, "delta": 12.428217}}
{"target": -4603.516693700143, "params": {"a_c_1": 0.0, "a_c_2": 10.0, "a_mm_0": 20.0, "a_mm_1": 20.0, "a_mm_2": 20.0, "a_mm_3": -14.828842191545856, "a_mp_0": 20.0, "a_mp_1": -40.0, "a_mp_2": 20.0, "a_mp_3": -1.4740183267342297, "a_pm_0": 20.0, "a_pm_1": -3.237309292793979, "a_pm_2": 20.0, "a_pm_3": 20.0, "a_pp_1": -40.0, "a_pp_2": 20.0, "a_pp_3": 20.0}, "datetime": {"datetime": "2024-07-12 22:35:21", "elapsed": 2372.394386, "delta": 10.649824}}
{"target": -156867.96283327526, "params": {"a_c_1": 8.37589081638064, "a_c_2": 4.192758559511018, "a_mm_0": 14.313683966314358, "a_mm_1": 10.603497428727394, "a_mm_2": -4.228201841091291, "a_mm_3": -32.12218318115559, "a_mp_0": -18.5740441863593, "a_mp_1": 8.886615037213375, "a_mp_2": -19.88135485637309, "a_mp_3": -31.691840886090866, "a_pm_0": 10.329005228128608, "a_pm_1": 13.597952049693212, "a_pm_2": -29.72476890878229, "a_pm_3": 17.283598958131336, "a_pp_1": 14.910485177302384, "a_pp_2": 14.585627132351163, "a_pp_3": -27.52041539660486}, "datetime": {"datetime": "2024-07-12 22:35:23", "elapsed": 2231.864598, "delta": 8.864951}}
{"target": -52541.01132054973, "params": {"a_c_1": 16.049552207027105, "a_c_2": 5.815351580086723, "a_mm_0": 17.416591456194617, "a_mm_1": 8.501753820451768, "a_mm_2": -15.688389474600864, "a_mm_3": 3.7870073380746874, "a_mp_0": -17.37850173249922, "a_mp_1": -25.657367082765685, "a_mp_2": -7.936199638101655, "a_mp_3": 8.82710157110202, "a_pm_0": 1.5939022512346952, "a_pm_1": -8.072537005146224, "a_pm_2": 2.6560645613121707, "a_pm_3": 2.9066557101659143, "a_pp_1": 18.85268475064069, "a_pp_2": -27.369532692394674, "a_pp_3": 16.540512717204614}, "datetime": {"datetime": "2024-07-12 22:35:24", "elapsed": 2276.521003, "delta": 8.823107}}
{"target": -144838.36131216335, "params": {"a_c_1": 0.0, "a_c_2": 10.0, "a_mm_0": 20.0, "a_mm_1": -40.0, "a_mm_2": 20.0, "a_mm_3": -21.995014699617865, "a_mp_0": 20.0, "a_mp_1": -2.8847278715935625, "a_mp_2": 20.0, "a_mp_3": 20.0, "a_pm_0": 20.0, "a_pm_1": 20.0, "a_pm_2": 20.0, "a_pm_3": 20.0, "a_pp_1": 20.0, "a_pp_2": -36.81151233402789, "a_pp_3": 20.0}, "datetime": {"datetime": "2024-07-12 22:35:25", "elapsed": 2254.330913, "delta": 11.739499}}
{"target": -8505.944149553177, "params": {"a_c_1": 0.0, "a_c_2": 10.0, "a_mm_0": -40.0, "a_mm_1": 20.0, "a_mm_2": 20.0, "a_mm_3": 20.0, "a_mp_0": -40.0, "a_mp_1": -40.0, "a_mp_2": 20.0, "a_mp_3": 20.0, "a_pm_0": 20.0, "a_pm_1": -40.0, "a_pm_2": 20.0, "a_pm_3": 20.0, "a_pp_1": 20.0, "a_pp_2": 20.0, "a_pp_3": 20.0}, "datetime": {"datetime": "2024-07-12 22:35:31", "elapsed": 2381.826779, "delta": 9.432393}}
{"target": -42318.20692016474, "params": {"a_c_1": 0.599846727383333, "a_c_2": 6.645362100266908, "a_mm_0": -0.6122466492052396, "a_mm_1": 10.98047503158999, "a_mm_2": -6.142338336392122, "a_mm_3": -6.948518382656232, "a_mp_0": -13.480797652572921, "a_mp_1": 16.75442355009382, "a_mp_2": -23.92852601115982, "a_mp_3": -24.27322712375942, "a_pm_0": -19.89186752829911, "a_pm_1": -15.887497526599304, "a_pm_2": 3.21055665251658, "a_pm_3": 2.668594495451636, "a_pp_1": -22.726093634918808, "a_pp_2": 2.9527749864579746, "a_pp_3": 3.0334017065474796}, "datetime": {"datetime": "2024-07-12 22:35:32", "elapsed": 2219.223974, "delta": 12.283665}}
{"target": -178495.91595949582, "params": {"a_c_1": 19.01701380021182, "a_c_2": 7.837212050600821, "a_mm_0": 3.0697816705153755, "a_mm_1": 12.091358784365148, "a_mm_2": 0.9310047987764349, "a_mm_3": -31.947548075541654, "a_mp_0": -1.4188514946928947, "a_mp_1": 19.188717754931474, "a_mp_2": -5.816580103835506, "a_mp_3": -32.73475117827946, "a_pm_0": -12.114211004987443, "a_pm_1": 14.027780307152796, "a_pm_2": -26.30532388553138, "a_pm_3": -27.297495447100207, "a_pp_1": -33.158385153383556, "a_pp_2": -27.19266429499698, "a_pp_3": 10.008952197132373}, "datetime": {"datetime": "2024-07-12 22:35:34", "elapsed": 2286.237554, "delta": 9.716551}}
{"target": -30581.842827385208, "params": {"a_c_1": 20.0, "a_c_2": 10.0, "a_mm_0": 20.0, "a_mm_1": 20.0, "a_mm_2": -40.0, "a_mm_3": 20.0, "a_mp_0": -40.0, "a_mp_1": 20.0, "a_mp_2": 20.0, "a_mp_3": 20.0, "a_pm_0": 20.0, "a_pm_1": -40.0, "a_pm_2": 20.0, "a_pm_3": -40.0, "a_pp_1": 20.0, "a_pp_2": 20.0, "a_pp_3": 20.0}, "datetime": {"datetime": "2024-07-12 22:35:36", "elapsed": 2265.906509, "delta": 11.575596}}
{"target": -49129.98218831676, "params": {"a_c_1": 10.95698260040088, "a_c_2": 0.5865250451649717, "a_mm_0": -20.258887470196274, "a_mm_1": -1.5878419970770992, "a_mm_2": 10.804084193026029, "a_mm_3": -28.71087376212632, "a_mp_0": -33.16878965864937, "a_mp_1": -20.871480715409042, "a_mp_2": -4.482502865360388, "a_mp_3": 8.843409236936537, "a_pm_0": 11.523968528365948, "a_pm_1": -12.214817806637146, "a_pm_2": -8.165796147044627, "a_pm_3": 9.432299781646634, "a_pp_1": -2.7290632031609334, "a_pp_2": 10.234117598609942, "a_pp_3": 0.7900692959525131}, "datetime": {"datetime": "2024-07-12 22:35:43", "elapsed": 2294.990113, "delta": 8.752559}}
{"target": -18725.961347398632, "params": {"a_c_1": 11.338104498870278, "a_c_2": 10.0, "a_mm_0": 20.0, "a_mm_1": -40.0, "a_mm_2": -40.0, "a_mm_3": 20.0, "a_mp_0": -40.0, "a_mp_1": 20.0, "a_mp_2": 20.0, "a_mp_3": 20.0, "a_pm_0": -18.458956929656576, "a_pm_1": 20.0, "a_pm_2": 20.0, "a_pm_3": -34.04598183932095, "a_pp_1": 20.0, "a_pp_2": 20.0, "a_pp_3": 20.0}, "datetime": {"datetime": "2024-07-12 22:35:43", "elapsed": 2393.982979, "delta": 12.1562}}
{"target": -26141.784264702244, "params": {"a_c_1": 20.0, "a_c_2": 10.0, "a_mm_0": 20.0, "a_mm_1": -40.0, "a_mm_2": 20.0, "a_mm_3": 20.0, "a_mp_0": -40.0, "a_mp_1": 20.0, "a_mp_2": 20.0, "a_mp_3": -35.08847610291512, "a_pm_0": -40.0, "a_pm_1": -40.0, "a_pm_2": 17.124771029721103, "a_pm_3": 20.0, "a_pp_1": 20.0, "a_pp_2": 20.0, "a_pp_3": 20.0}, "datetime": {"datetime": "2024-07-12 22:35:44", "elapsed": 2231.946189, "delta": 12.722215}}
{"target": -44914.98444486985, "params": {"a_c_1": 0.0, "a_c_2": 0.0, "a_mm_0": 20.0, "a_mm_1": 20.0, "a_mm_2": -40.0, "a_mm_3": 20.0, "a_mp_0": -40.0, "a_mp_1": 20.0, "a_mp_2": -24.356596635706506, "a_mp_3": 20.0, "a_pm_0": 20.0, "a_pm_1": 20.0, "a_pm_2": 20.0, "a_pm_3": -39.56642157062013, "a_pp_1": -40.0, "a_pp_2": 20.0, "a_pp_3": 20.0}, "datetime": {"datetime": "2024-07-12 22:35:45", "elapsed": 2253.644911, "delta": 13.288774}}
{"target": -14159.246864632689, "params": {"a_c_1": 0.0, "a_c_2": 10.0, "a_mm_0": 20.0, "a_mm_1": -40.0, "a_mm_2": 20.0, "a_mm_3": 20.0, "a_mp_0": -40.0, "a_mp_1": -28.78723019181614, "a_mp_2": -40.0, "a_mp_3": 20.0, "a_pm_0": 8.737995341601124, "a_pm_1": 20.0, "a_pm_2": -22.916910482239526, "a_pm_3": 1.43723188863033, "a_pp_1": 20.0, "a_pp_2": 20.0, "a_pp_3": 20.0}, "datetime": {"datetime": "2024-07-12 22:35:50", "elapsed": 2279.287723, "delta": 13.381214}}
{"target": -234473.65647565198, "params": {"a_c_1": 14.174263499178359, "a_c_2": 9.719317788439671, "a_mm_0": -23.255311919096325, "a_mm_1": -12.232868711918353, "a_mm_2": -1.511841911566691, "a_mm_3": -39.81165229674503, "a_mp_0": -32.2584258354886, "a_mp_1": 18.577776810300882, "a_mp_2": -31.49912722893496, "a_mp_3": 10.452361046590411, "a_pm_0": 17.84271389880159, "a_pm_1": 14.91497734897954, "a_pm_2": 14.487789226512568, "a_pm_3": 5.5203685531091224, "a_pp_1": -36.35029336655102, "a_pp_2": -30.367745426809453, "a_pp_3": -10.438713574657989}, "datetime": {"datetime": "2024-07-12 22:35:51", "elapsed": 2303.229776, "delta": 8.239663}}
{"target": -566008.3430321866, "params": {"a_c_1": 4.8983038165933435, "a_c_2": 8.730158793617402, "a_mm_0": 3.1613161599760886, "a_mm_1": -38.52386988762597, "a_mm_2": -36.74104173625588, "a_mm_3": -37.72639535145775, "a_mp_0": -21.99695667558151, "a_mp_1": -8.730777593341603, "a_mp_2": 0.6953956158951939, "a_mp_3": 17.474694275551286, "a_pm_0": -32.71460778575637, "a_pm_1": -34.37972756901391, "a_pm_2": -8.340898834969344, "a_pm_3": -5.847764130263613, "a_pp_1": -29.55679722860976, "a_pp_2": -28.948749435445116, "a_pp_3": -28.680462224478966}, "datetime": {"datetime": "2024-07-12 22:35:53", "elapsed": 2239.986801, "delta": 8.040612}}
{"target": -7886.057050026359, "params": {"a_c_1": 20.0, "a_c_2": 10.0, "a_mm_0": -40.0, "a_mm_1": 20.0, "a_mm_2": -16.532942573220467, "a_mm_3": 20.0, "a_mp_0": -40.0, "a_mp_1": -40.0, "a_mp_2": 20.0, "a_mp_3": 20.0, "a_pm_0": -40.0, "a_pm_1": 20.0, "a_pm_2": 20.0, "a_pm_3": 20.0, "a_pp_1": 20.0, "a_pp_2": 20.0, "a_pp_3": -12.416028489613044}, "datetime": {"datetime": "2024-07-12 22:35:55", "elapsed": 2405.985208, "delta": 12.002229}}
{"target": -22669.524593141858, "params": {"a_c_1": 3.5196702139150737, "a_c_2": 5.905875747644734, "a_mm_0": -14.767868889022512, "a_mm_1": 8.397121195389168, "a_mm_2": 3.178684048265197, "a_mm_3": -21.492044000035776, "a_mp_0": 12.274513930418273, "a_mp_1": -35.06893117049909, "a_mp_2": 2.515468030587286, "a_mp_3": 1.877947871780762, "a_pm_0": -38.51623957334837, "a_pm_1": -10.216700524114252, "a_pm_2": 9.01940905894508, "a_pm_3": 19.2238323871632, "a_pp_1": -23.11180526527481, "a_pp_2": 15.764969931344758, "a_pp_3": -0.668370030267063}, "datetime": {"datetime": "2024-07-12 22:35:57", "elapsed": 2265.093127, "delta": 11.448216}}
{"target": -230813.13728170135, "params": {"a_c_1": 6.216237280073223, "a_c_2": 5.992838560531872, "a_mm_0": -36.84199935912986, "a_mm_1": 6.417336478391746, "a_mm_2": -24.69416533008871, "a_mm_3": 17.517369429447783, "a_mp_0": -14.353452086824202, "a_mp_1": -18.24780203240667, "a_mp_2": -23.980198740176167, "a_mp_3": -29.545283545138496, "a_pm_0": 12.324918504238276, "a_pm_1": 8.39172156943166, "a_pm_2": 10.158415864212422, "a_pm_3": -32.02042984083821, "a_pp_1": -24.78563920952354, "a_pp_2": -21.876861139444383, "a_pp_3": -35.86345005090611}, "datetime": {"datetime": "2024-07-12 22:36:00", "elapsed": 2312.612117, "delta": 9.382341}}
{"target": -6994.701270663508, "params": {"a_c_1": 0.0, "a_c_2": 10.0, "a_mm_0": -40.0, "a_mm_1": 20.0, "a_mm_2": -40.0, "a_mm_3": 20.0, "a_mp_0": -40.0, "a_mp_1": 20.0, "a_mp_2": 20.0, "a_mp_3": 20.0, "a_pm_0": -40.0, "a_pm_1": -40.0, "a_pm_2": 20.0, "a_pm_3": 20.0, "a_pp_1": 20.0, "a_pp_2": 20.0, "a_pp_3": 20.0}, "datetime": {"datetime": "2024-07-12 22:36:01", "elapsed": 2290.46634, "delta": 11.178617}}
{"target": -13338.457968400373, "params": {"a_c_1": 20.0, "a_c_2": 10.0, "a_mm_0": -40.0, "a_mm_1": 20.0, "a_mm_2": 20.0, "a_mm_3": 20.0, "a_mp_0": -40.0, "a_mp_1": 20.0, "a_mp_2": 20.0, "a_mp_3": 20.0, "a_pm_0": -40.0, "a_pm_1": -40.0, "a_pm_2": 20.0, "a_pm_3": 20.0, "a_pp_1": -40.0, "a_pp_2": 20.0, "a_pp_3": 20.0}, "datetime": {"datetime": "2024-07-12 22:36:03", "elapsed": 2250.344397, "delta": 10.357596}}
{"target": -118616.28038530033, "params": {"a_c_1": 15.630514032255363, "a_c_2": 9.599304495958757, "a_mm_0": -29.415167762560223, "a_mm_1": -11.305679176171374, "a_mm_2": -18.951230021814236, "a_mm_3": -2.4983365724890803, "a_mp_0": -6.3615965015333344, "a_mp_1": -15.076383147975562, "a_mp_2": -10.145477225865221, "a_mp_3": -22.95938664131033, "a_pm_0": -13.107064564147432, "a_pm_1": -29.231101808534945, "a_pm_2": 19.86189369792551, "a_pm_3": -32.127441293657476, "a_pp_1": 4.973871331757941, "a_pp_2": 3.875704080643928, "a_pp_3": -5.026421616083354}, "datetime": {"datetime": "2024-07-12 22:36:06", "elapsed": 2275.032797, "delta": 9.93967}}
{"target": -15869.039975793758, "params": {"a_c_1": 0.0, "a_c_2": 10.0, "a_mm_0": -40.0, "a_mm_1": 20.0, "a_mm_2": 10.332849402435015, "a_mm_3": 20.0, "a_mp_0": 20.0, "a_mp_1": -40.0, "a_mp_2": 20.0, "a_mp_3": -1.7416185231306358, "a_pm_0": -2.7608669209495584, "a_pm_1": -17.28769231992542, "a_pm_2": 20.0, "a_pm_3": 20.0, "a_pp_1": 20.0, "a_pp_2": 4.821558293564871, "a_pp_3": -18.15595023436754}, "datetime": {"datetime": "2024-07-12 22:36:07", "elapsed": 2418.459416, "delta": 12.474208}}
{"target": -209243.97580336515, "params": {"a_c_1": 13.386385895204276, "a_c_2": 9.140240109750078, "a_mm_0": -5.946769458909152, "a_mm_1": -23.875987265789163, "a_mm_2": 6.296379914794315, "a_mm_3": 1.9696066295320804, "a_mp_0": -39.377204894055446, "a_mp_1": 7.767365877871789, "a_mp_2": 9.380570147077094, "a_mp_3": 13.951996032199737, "a_pm_0": -27.54008759984758, "a_pm_1": -21.073615564586223, "a_pm_2": -32.059184341581656, "a_pm_3": -32.8374236594796, "a_pp_1": -11.278064244463629, "a_pp_2": -11.255263738756948, "a_pp_3": -10.023133514397063}, "datetime": {"datetime": "2024-07-12 22:36:09", "elapsed": 2298.94611, "delta": 8.47977}}
{"target": -25931.301351704034, "params": {"a_c_1": 0.0, "a_c_2": 10.0, "a_mm_0": 20.0, "a_mm_1": 20.0, "a_mm_2": -22.89763438807384, "a_mm_3": -40.0, "a_mp_0": 20.0, "a_mp_1": 20.0, "a_mp_2": 20.0, "a_mp_3": 20.0, "a_pm_0": 20.0, "a_pm_1": -40.0, "a_pm_2": -40.0, "a_pm_3": 20.0, "a_pp_1": 20.0, "a_pp_2": 20.0, "a_pp_3": 20.0}, "datetime": {"datetime": "2024-07-12 22:36:12", "elapsed": 2324.036563, "delta": 11.424446}}
{"target": -17194.21242224143, "params": {"a_c_1": 20.0, "a_c_2": 10.0, "a_mm_0": 20.0, "a_mm_1": 20.0, "a_mm_2": 20.0, "a_mm_3": 8.903398816644051, "a_mp_0": 20.0, "a_mp_1": -40.0, "a_mp_2": -29.840655041496476, "a_mp_3": 20.0, "a_pm_0": -40.0, "a_pm_1": 20.0, "a_pm_2": 20.0, "a_pm_3": 20.0, "a_pp_1": -40.0, "a_pp_2": 20.0, "a_pp_3": 20.0}, "datetime": {"datetime": "2024-07-12 22:36:15", "elapsed": 2262.0757, "delta": 11.731303}}
{"target": -1311.854376601318, "params": {"a_c_1": 20.0, "a_c_2": 10.0, "a_mm_0": -40.0, "a_mm_1": 20.0, "a_mm_2": 20.0, "a_mm_3": 20.0, "a_mp_0": -40.0, "a_mp_1": -40.0, "a_mp_2": 20.0, "a_mp_3": 20.0, "a_pm_0": 20.0, "a_pm_1": 20.0, "a_pm_2": 20.0, "a_pm_3": 20.0, "a_pp_1": 20.0, "a_pp_2": 20.0, "a_pp_3": 20.0}, "datetime": {"datetime": "2024-07-12 22:36:17", "elapsed": 2428.176869, "delta": 9.717453}}
{"target": -67191.71023430943, "params": {"a_c_1": 10.243454642120318, "a_c_2": 0.08914855667811805, "a_mm_0": -35.58812893138855, "a_mm_1": -37.96968520050303, "a_mm_2": -29.689057137760145, "a_mm_3": 17.64954233871091, "a_mp_0": -33.42074731777401, "a_mp_1": -35.545917858366494, "a_mp_2": 16.480231466021863, "a_mp_3": -17.14339021320113, "a_pm_0": 9.810258703342335, "a_pm_1": 8.144333126766568, "a_pm_2": 17.04961712667658, "a_pm_3": 12.662532195920939, "a_pp_1": -21.76990450957907, "a_pp_2": 16.247942972910614, "a_pp_3": -9.41505389948589}, "datetime": {"datetime": "2024-07-12 22:36:18", "elapsed": 2286.181947, "delta": 11.14915}}
{"target": -194549.79530294728, "params": {"a_c_1": 0.9066591651697609, "a_c_2": 1.878791269749045, "a_mm_0": 5.679353185359453, "a_mm_1": -25.493958234640047, "a_mm_2": -8.952987302453995, "a_mm_3": -30.349302647779282, "a_mp_0": -21.582060621041943, "a_mp_1": -2.370958094989163, "a_mp_2": 15.309845634945049, "a_mp_3": -0.193799493132218, "a_pm_0": -1.2528170279488506, "a_pm_1": -1.2363663639670648, "a_pm_2": 14.151462626661882, "a_pm_3": -17.90229029531375, "a_pp_1": -17.71793835456803, "a_pp_2": -19.40815741958009, "a_pp_3": -19.56680453517871}, "datetime": {"datetime": "2024-07-12 22:36:19", "elapsed": 2309.163247, "delta": 10.217137}}
{"target": -65349.194021343494, "params": {"a_c_1": 0.0, "a_c_2": 10.0, "a_mm_0": -40.0, "a_mm_1": 20.0, "a_mm_2": -27.929794913252362, "a_mm_3": 20.0, "a_mp_0": 20.0, "a_mp_1": 20.0, "a_mp_2": 20.0, "a_mp_3": 20.0, "a_pm_0": 20.0, "a_pm_1": 20.0, "a_pm_2": -40.0, "a_pm_3": -40.0, "a_pp_1": -40.0, "a_pp_2": 20.0, "a_pp_3": 20.0}, "datetime": {"datetime": "2024-07-12 22:36:24", "elapsed": 2335.738859, "delta": 11.702296}}
{"target": -1724.343942192496, "params": {"a_c_1": 0.0, "a_c_2": 0.0, "a_mm_0": 20.0, "a_mm_1": 20.0, "a_mm_2": 20.0, "a_mm_3": 13.651092133739601, "a_mp_0": -40.0, "a_mp_1": -11.585831747490356, "a_mp_2": -10.202176129897556, "a_mp_3": 20.0, "a_pm_0": -40.0, "a_pm_1": 20.0, "a_pm_2": -20.471448056378854, "a_pm_3": 20.0, "a_pp_1": 20.0, "a_pp_2": 20.0, "a_pp_3": 20.0}, "datetime": {"datetime": "2024-07-12 22:36:28", "elapsed": 2296.28502, "delta": 10.103073}}
{"target": -22247.466519007437, "params": {"a_c_1": 20.0, "a_c_2": 10.0, "a_mm_0": 20.0, "a_mm_1": -40.0, "a_mm_2": 20.0, "a_mm_3": -26.531149765610174, "a_mp_0": 20.0, "a_mp_1": 20.0, "a_mp_2": 20.0, "a_mp_3": 20.0, "a_pm_0": 20.0, "a_pm_1": 20.0, "a_pm_2": -36.769260972750644, "a_pm_3": -12.152661767697733, "a_pp_1": -40.0, "a_pp_2": 20.0, "a_pp_3": 20.0}, "datetime": {"datetime": "2024-07-12 22:36:28", "elapsed": 2275.42445, "delta": 13.34875}}
{"target": -38667.07412951675, "params": {"a_c_1": 20.0, "a_c_2": 10.0, "a_mm_0": 20.0, "a_mm_1": 2.900252609460602, "a_mm_2": 20.0, "a_mm_3": -15.34341317236458, "a_mp_0": 20.0, "a_mp_1": -10.38874760149198, "a_mp_2": -37.575040763502656, "a_mp_3": 20.0, "a_pm_0": -8.137011315676228, "a_pm_1": -40.0, "a_pm_2": 20.0, "a_pm_3": 20.0, "a_pp_1": -40.0, "a_pp_2": 20.0, "a_pp_3": 20.0}, "datetime": {"datetime": "2024-07-12 22:36:29", "elapsed": 2440.170316, "delta": 11.993447}}
{"target": -43577.211585352714, "params": {"a_c_1": 7.018749760256902, "a_c_2": 9.381887469922916, "a_mm_0": 17.661568215277462, "a_mm_1": -0.06500572553743922, "a_mm_2": -20.383173524804228, "a_mm_3": 0.3463340898583951, "a_mp_0": 0.41012595665497287, "a_mp_1": -4.644047469036032, "a_mp_2": -6.456936519837697, "a_mp_3": -4.670789392549018, "a_pm_0": 16.935953696411218, "a_pm_1": -27.163785003003923, "a_pm_2": -20.689446575931743, "a_pm_3": 15.07556089902787, "a_pp_1": 8.904495118650345, "a_pp_2": 13.079313204258078, "a_pp_3": -14.265847996798897}, "datetime": {"datetime": "2024-07-12 22:36:29", "elapsed": 2318.923213, "delta": 9.759966}}
{"target": -5155.632496189752, "params": {"a_c_1": 0.0, "a_c_2": 10.0, "a_mm_0": 20.0, "a_mm_1": 20.0, "a_mm_2": 20.0, "a_mm_3": 20.0, "a_mp_0": -40.0, "a_mp_1": -40.0, "a_mp_2": 20.0, "a_mp_3": 20.0, "a_pm_0": 20.0, "a_pm_1": 20.0, "a_pm_2": -40.0, "a_pm_3": 20.0, "a_pp_1": 20.0, "a_pp_2": 20.0, "a_pp_3": 20.0}, "datetime": {"datetime": "2024-07-12 22:36:35", "elapsed": 2347.048272, "delta": 11.309413}}
