{"target": -95420.20508100186, "params": {"a_c_1": 19.045289345036867, "a_c_2": 7.9161982250975775, "a_mm_0": 1.5482085050423606, "a_mm_1": -29.506918589332308, "a_mm_2": -1.3834223259799074, "a_mm_3": -3.936302349197298, "a_mp_0": -22.128559688637345, "a_mp_1": 7.182613865701853, "a_mp_2": -16.729572904047888, "a_mp_3": -0.5165068631891003, "a_pm_0": -38.16238677880832, "a_pm_1": -5.543610386968723, "a_pm_2": 15.751851987621556, "a_pm_3": 12.705989186842118, "a_pp_1": -3.9774115569083577, "a_pp_2": -35.27559846491669, "a_pp_3": 16.363954960480136}, "datetime": {"datetime": "2024-07-12 22:18:47", "elapsed": 1214.82957, "delta": 10.242183}}
{"target": -221321.9637672632, "params": {"a_c_1": 11.773917872233815, "a_c_2": 2.643352783598311, "a_mm_0": -31.566672943758586, "a_mm_1": -8.436840055167622, "a_mm_2": 19.386346656085543, "a_mm_3": -4.16739904379569, "a_mp_0": -9.906825284732562, "a_mp_1": -26.80767526769243, "a_mp_2": -6.514124291260835, "a_mp_3": -22.354766127018518, "a_pm_0": 19.458909549485902, "a_pm_1": 19.95217310203502, "a_pm_2": -35.80585532378695, "a_pm_3": -32.82755571820069, "a_pp_1": 9.476677660013905, "a_pp_2": -22.217577736386918, "a_pp_3": 4.417533133268023}, "datetime": {"datetime": "2024-07-12 22:18:49", "elapsed": 1380.161399, "delta": 10.289588}}
{"target": -78.23864160598397, "params": {"a_c_1": 20.0, "a_c_2": 10.0, "a_mm_0": 20.0, "a_mm_1": 20.0, "a_mm_2": -5.230424432318296, "a_mm_3": 20.0, "a_mp_0": 1.7049502295446597, "a_mp_1": 15.180831302930851, "a_mp_2": 3.3209400196459, "a_mp_3": 1.6388678310316902, "a_pm_0": -4.381810146518396, "a_pm_1": 1.7966577994995647, "a_pm_2": 12.788423429831948, "a_pm_3": -4.450251181928907, "a_pp_1": -10.759964174683128, "a_pp_2": -4.1875644473908595, "a_pp_3": 20.0}, "datetime": {"datetime": "2024-07-12 22:18:51", "elapsed": 1239.840735, "delta": 10.401413}}
{"target": -7144.927450582352, "params": {"a_c_1": 0.0, "a_c_2": 10.0, "a_mm_0": -13.22805222755464, "a_mm_1": -40.0, "a_mm_2": 20.0, "a_mm_3": 20.0, "a_mp_0": 20.0, "a_mp_1": 20.0, "a_mp_2": 7.19033559506086, "a_mp_3": 20.0, "a_pm_0": 20.0, "a_pm_1": 20.0, "a_pm_2": -17.92522842873528, "a_pm_3": -23.22829920016284, "a_pp_1": 4.519022860287367, "a_pp_2": 20.0, "a_pp_3": 20.0}, "datetime": {"datetime": "2024-07-12 22:18:54", "elapsed": 1263.8096, "delta": 11.216777}}
{"target": -76867.12824067619, "params": {"a_c_1": 3.9840766968759156, "a_c_2": 0.3448568167624755, "a_mm_0": -9.094142097271604, "a_mm_1": -7.38690708297203, "a_mm_2": 0.5363892624748203, "a_mm_3": -1.1594590295397893, "a_mp_0": 16.552136151463664, "a_mp_1": 8.086550947876312, "a_mp_2": -3.3601389242523325, "a_mp_3": -3.9174005223986086, "a_pm_0": -21.087280011619615, "a_pm_1": 19.930196003595327, "a_pm_2": -21.848333419809023, "a_pm_3": -10.606160857046923, "a_pp_1": -28.40777306365014, "a_pp_2": -14.796630179873517, "a_pp_3": -4.486501575428363}, "datetime": {"datetime": "2024-07-12 22:18:58", "elapsed": 1389.342212, "delta": 9.180813}}
{"target": -27746.348831461102, "params": {"a_c_1": 5.355563018426242, "a_c_2": 6.298126020536002, "a_mm_0": 3.9412265229900214, "a_mm_1": 13.2220254474978, "a_mm_2": -18.723030040928244, "a_mm_3": 12.524670475724577, "a_mp_0": -38.9117762129485, "a_mp_1": -3.2771793095696324, "a_mp_2": -10.875471338725333, "a_mp_3": 0.6436164134251996, "a_pm_0": 4.08790764298746, "a_pm_1": 18.608235300410783, "a_pm_2": -30.70426077626343, "a_pm_3": 8.810414709327006, "a_pp_1": 8.685558638738385, "a_pp_2": 19.01430401331048, "a_pp_3": 15.75335742960197}, "datetime": {"datetime": "2024-07-12 22:18:59", "elapsed": 1226.051702, "delta": 11.222132}}
{"target": -9990.752814681671, "params": {"a_c_1": 20.0, "a_c_2": 10.0, "a_mm_0": -40.0, "a_mm_1": -40.0, "a_mm_2": -16.451034367819783, "a_mm_3": 20.0, "a_mp_0": -3.860749081538626, "a_mp_1": 20.0, "a_mp_2": 20.0, "a_mp_3": 20.0, "a_pm_0": -40.0, "a_pm_1": -40.0, "a_pm_2": -34.196131065366, "a_pm_3": 20.0, "a_pp_1": 20.0, "a_pp_2": 20.0, "a_pp_3": 20.0}, "datetime": {"datetime": "2024-07-12 22:18:59", "elapsed": 1290.929293, "delta": 12.077446}}
{"target": -13540.138422165319, "params": {"a_c_1": 0.0, "a_c_2": 10.0, "a_mm_0": -40.0, "a_mm_1": 20.0, "a_mm_2": 20.0, "a_mm_3": 20.0, "a_mp_0": -40.0, "a_mp_1": -23.789834034388818, "a_mp_2": -9.200311574021056, "a_mp_3": 5.489844168744343, "a_pm_0": 20.0, "a_pm_1": -10.207580433397917, "a_pm_2": 20.0, "a_pm_3": 3.8601981050075866, "a_pp_1": -40.0, "a_pp_2": 20.0, "a_pp_3": 20.0}, "datetime": {"datetime": "2024-07-12 22:19:02", "elapsed": 1250.403304, "delta": 10.562569}}
{"target": -17955.236190656287, "params": {"a_c_1": 0.0, "a_c_2": 10.0, "a_mm_0": -40.0, "a_mm_1": -40.0, "a_mm_2": 20.0, "a_mm_3": 20.0, "a_mp_0": 20.0, "a_mp_1": -40.0, "a_mp_2": 20.0, "a_mp_3": 20.0, "a_pm_0": -17.117861843660506, "a_pm_1": 18.19672822388287, "a_pm_2": 20.0, "a_pm_3": -28.083957673162402, "a_pp_1": -13.853514282651892, "a_pp_2": 20.0, "a_pp_3": 20.0}, "datetime": {"datetime": "2024-07-12 22:19:06", "elapsed": 1275.328155, "delta": 11.518555}}
{"target": -120383.57224928071, "params": {"a_c_1": 6.1124353879600495, "a_c_2": 6.782209245271997, "a_mm_0": -35.246937267866564, "a_mm_1": 13.297292375186608, "a_mm_2": 15.187103977280259, "a_mm_3": -8.3780740784387, "a_mp_0": -3.525016047511677, "a_mp_1": -16.114728766912236, "a_mp_2": 2.2488635829100687, "a_mp_3": -0.5923456282875463, "a_pm_0": 5.229401794711144, "a_pm_1": -4.416494465200749, "a_pm_2": -25.27036182098424, "a_pm_3": -39.19009061690814, "a_pp_1": -24.953137465119546, "a_pp_2": 0.06935014605069512, "a_pp_3": -4.912675413320287}, "datetime": {"datetime": "2024-07-12 22:19:07", "elapsed": 1299.495023, "delta": 8.56573}}
{"target": -16741.990399114493, "params": {"a_c_1": 20.0, "a_c_2": 10.0, "a_mm_0": 20.0, "a_mm_1": 20.0, "a_mm_2": 20.0, "a_mm_3": 14.260330979342587, "a_mp_0": -40.0, "a_mp_1": 20.0, "a_mp_2": 20.0, "a_mp_3": 20.0, "a_pm_0": 20.0, "a_pm_1": 20.0, "a_pm_2": -39.28006371555563, "a_pm_3": -1.915633250024239, "a_pp_1": -40.0, "a_pp_2": 20.0, "a_pp_3": 20.0}, "datetime": {"datetime": "2024-07-12 22:19:10", "elapsed": 1237.943218, "delta": 11.891516}}
{"target": -20323.192006078374, "params": {"a_c_1": 0.0, "a_c_2": 10.0, "a_mm_0": 20.0, "a_mm_1": -40.0, "a_mm_2": 20.0, "a_mm_3": 20.0, "a_mp_0": 20.0, "a_mp_1": -40.0, "a_mp_2": 20.0, "a_mp_3": 20.0, "a_pm_0": -40.0, "a_pm_1": 20.0, "a_pm_2": -7.312680338442496, "a_pm_3": 20.0, "a_pp_1": -25.787055353925066, "a_pp_2": 20.0, "a_pp_3": 20.0}, "datetime": {"datetime": "2024-07-12 22:19:11", "elapsed": 1401.849232, "delta": 12.50702}}
{"target": -102206.03433210289, "params": {"a_c_1": 14.858624843687435, "a_c_2": 0.012684533793430042, "a_mm_0": -30.01182575975491, "a_mm_1": 8.055390569571856, "a_mm_2": -0.9551145996522408, "a_mm_3": -1.7778276285541708, "a_mp_0": -11.325219961700327, "a_mp_1": -6.837433490356858, "a_mp_2": -33.504176011992286, "a_mp_3": -12.753141703281944, "a_pm_0": -14.087820483613513, "a_pm_1": 14.654267823489782, "a_pm_2": -17.014142081609393, "a_pm_3": -22.92595726617962, "a_pp_1": -23.719606500472832, "a_pp_2": 2.2355654881572136, "a_pp_3": 1.8778250878315745}, "datetime": {"datetime": "2024-07-12 22:19:11", "elapsed": 1259.588703, "delta": 9.185399}}
{"target": -29979.82812747533, "params": {"a_c_1": 20.0, "a_c_2": 10.0, "a_mm_0": -40.0, "a_mm_1": 6.049886099044196, "a_mm_2": -4.885402454137768, "a_mm_3": 20.0, "a_mp_0": 20.0, "a_mp_1": 20.0, "a_mp_2": 20.0, "a_mp_3": 20.0, "a_pm_0": 20.0, "a_pm_1": -37.18880910929788, "a_pm_2": -40.0, "a_pm_3": -35.92796256371691, "a_pp_1": 20.0, "a_pp_2": 20.0, "a_pp_3": 20.0}, "datetime": {"datetime": "2024-07-12 22:19:16", "elapsed": 1286.066555, "delta": 10.7384}}
{"target": -5284.011628134545, "params": {"a_c_1": 20.0, "a_c_2": 0.0, "a_mm_0": -40.0, "a_mm_1": 20.0, "a_mm_2": -19.3971627124251, "a_mm_3": 20.0, "a_mp_0": 20.0, "a_mp_1": -40.0, "a_mp_2": 20.0, "a_mp_3": -0.21818069983058835, "a_pm_0": 20.0, "a_pm_1": 20.0, "a_pm_2": 3.2499259365404902, "a_pm_3": 9.973467018712615, "a_pp_1": -40.0, "a_pp_2": 20.0, "a_pp_3": 20.0}, "datetime": {"datetime": "2024-07-12 22:19:18", "elapsed": 1310.525432, "delta": 11.030409}}
{"target": -253421.12235161188, "params": {"a_c_1": 2.532406966349461, "a_c_2": 2.6698959701738967, "a_mm_0": -23.95953761492351, "a_mm_1": -26.094024824571758, "a_mm_2": -38.1753503310573, "a_mm_3": 6.370798865392025, "a_mp_0": -15.885235052218473, "a_mp_1": -10.278899302024804, "a_mp_2": -25.39412206254889, "a_mp_3": -36.28268414494456, "a_pm_0": -16.162513931326483, "a_pm_1": -18.097154462696466, "a_pm_2": -2.317139595698471, "a_pm_3": -14.711929884075268, "a_pp_1": -17.701266578915746, "a_pp_2": 10.532922236439681, "a_pp_3": -0.5088382350121847}, "datetime": {"datetime": "2024-07-12 22:19:20", "elapsed": 1268.622814, "delta": 9.034111}}
{"target": -271489.79326551664, "params": {"a_c_1": 5.7349566827777405, "a_c_2": 4.478830923581515, "a_mm_0": -34.38361241923127, "a_mm_1": -19.41128895273384, "a_mm_2": 18.886827691911023, "a_mm_3": 17.780612553618823, "a_mp_0": -3.033208135108957, "a_mp_1": -30.534585770711313, "a_mp_2": 11.903760394256302, "a_mp_3": -21.938620997092027, "a_pm_0": -8.199696200517874, "a_pm_1": 9.86659439777052, "a_pm_2": -39.07942888426626, "a_pm_3": 19.808022852026077, "a_pp_1": -19.812841587427485, "a_pp_2": -35.62757099606887, "a_pp_3": -10.366332531879443}, "datetime": {"datetime": "2024-07-12 22:19:22", "elapsed": 1413.368753, "delta": 11.519521}}
{"target": -6851.467806741098, "params": {"a_c_1": 20.0, "a_c_2": 10.0, "a_mm_0": -40.0, "a_mm_1": -14.709345414508542, "a_mm_2": 9.531454318303012, "a_mm_3": -16.04317255642952, "a_mp_0": -40.0, "a_mp_1": -40.0, "a_mp_2": -26.346671169717602, "a_mp_3": 20.0, "a_pm_0": -40.0, "a_pm_1": 20.0, "a_pm_2": 20.0, "a_pm_3": 20.0, "a_pp_1": 20.0, "a_pp_2": 20.0, "a_pp_3": 20.0}, "datetime": {"datetime": "2024-07-12 22:19:25", "elapsed": 1252.091313, "delta": 14.148095}}
{"target": -123433.68390732187, "params": {"a_c_1": 9.795877740422277, "a_c_2": 5.229980918812722, "a_mm_0": -20.72359298764829, "a_mm_1": 1.0180822142987793, "a_mm_2": 14.308237567519043, "a_mm_3": -3.432659640026813, "a_mp_0": -4.800100528560947, "a_mp_1": -13.514844316307936, "a_mp_2": 7.829110850955267, "a_mp_3": 13.685399911136798, "a_pm_0": -25.13655410211126, "a_pm_1": 9.384105429688589, "a_pm_2": -11.118180141905828, "a_pm_3": -23.198685887330385, "a_pp_1": 2.376285813745646, "a_pp_2": -8.363443560471978, "a_pp_3": -26.52953261398737}, "datetime": {"datetime": "2024-07-12 22:19:29", "elapsed": 1277.366397, "delta": 8.743583}}
{"target": -6430.303860570304, "params": {"a_c_1": 20.0, "a_c_2": 0.0, "a_mm_0": 20.0, "a_mm_1": 20.0, "a_mm_2": 20.0, "a_mm_3": 11.96442038762572, "a_mp_0": 20.0, "a_mp_1": -3.27908912039161, "a_mp_2": 20.0, "a_mp_3": 20.0, "a_pm_0": 20.0, "a_pm_1": -40.0, "a_pm_2": -40.0, "a_pm_3": 20.0, "a_pp_1": 20.0, "a_pp_2": 20.0, "a_pp_3": 20.0}, "datetime": {"datetime": "2024-07-12 22:19:30", "elapsed": 1322.108148, "delta": 11.582716}}
{"target": -91528.06700588437, "params": {"a_c_1": 18.666063315840475, "a_c_2": 5.813548214063886, "a_mm_0": -33.581421576133806, "a_mm_1": 18.301670512128723, "a_mm_2": 3.018563445309219, "a_mm_3": -11.473921473869588, "a_mp_0": -2.5295337344560735, "a_mp_1": 11.407151958872497, "a_mp_2": 15.527861474975445, "a_mp_3": 1.949932367993462, "a_pm_0": -10.754151960131729, "a_pm_1": 5.184867365563193, "a_pm_2": -21.84562960813119, "a_pm_3": -17.33823989817946, "a_pp_1": 6.965673796856969, "a_pp_2": -24.600463444001925, "a_pp_3": -16.488239663561203}, "datetime": {"datetime": "2024-07-12 22:19:30", "elapsed": 1299.812364, "delta": 13.745809}}
{"target": -1915.4904916625405, "params": {"a_c_1": 0.0, "a_c_2": 10.0, "a_mm_0": 20.0, "a_mm_1": -21.57293087985542, "a_mm_2": -11.785828136113361, "a_mm_3": 20.0, "a_mp_0": -10.156415229012925, "a_mp_1": -1.6821060305316566, "a_mp_2": 20.0, "a_mp_3": -2.9495334618917117, "a_pm_0": -5.459567504579181, "a_pm_1": 2.3424332313121723, "a_pm_2": -13.021324546446513, "a_pm_3": -6.6193861071641305, "a_pp_1": -4.26487467194435, "a_pp_2": 20.0, "a_pp_3": 20.0}, "datetime": {"datetime": "2024-07-12 22:19:37", "elapsed": 1427.725542, "delta": 14.356789}}
{"target": -12296.988854956591, "params": {"a_c_1": 20.0, "a_c_2": 10.0, "a_mm_0": -40.0, "a_mm_1": -33.9487718566389, "a_mm_2": 20.0, "a_mm_3": 20.0, "a_mp_0": -40.0, "a_mp_1": -40.0, "a_mp_2": -29.054668165995782, "a_mp_3": -29.252404557777773, "a_pm_0": -7.480823957825544, "a_pm_1": 20.0, "a_pm_2": 20.0, "a_pm_3": 20.0, "a_pp_1": 20.0, "a_pp_2": 20.0, "a_pp_3": 20.0}, "datetime": {"datetime": "2024-07-12 22:19:37", "elapsed": 1264.600934, "delta": 12.509621}}
{"target": -406832.66955919616, "params": {"a_c_1": 6.040289326350932, "a_c_2": 9.356736547854323, "a_mm_0": 12.042122648926096, "a_mm_1": -36.55957858981165, "a_mm_2": -38.06950690957153, "a_mm_3": 4.346725609300009, "a_mp_0": -36.55367102201507, "a_mp_1": -37.76412503727053, "a_mp_2": -28.070684905484704, "a_mp_3": -1.3563686274527171, "a_pm_0": -19.30473233373965, "a_pm_1": 15.401561923969147, "a_pm_2": -8.641349175301588, "a_pm_3": -21.542897039390624, "a_pp_1": -25.994208378770907, "a_pp_2": -7.032616450383436, "a_pp_3": -37.58599634426014}, "datetime": {"datetime": "2024-07-12 22:19:39", "elapsed": 1287.24092, "delta": 9.874523}}
{"target": -28338.39749198853, "params": {"a_c_1": 15.54461163734479, "a_c_2": 6.597800955923349, "a_mm_0": 1.0195441531739675, "a_mm_1": -25.321421569332102, "a_mm_2": -12.099914354731151, "a_mm_3": -13.56544827260732, "a_mp_0": -23.813682058866736, "a_mp_1": -15.624146212349103, "a_mp_2": 6.952578225688718, "a_mp_3": -4.925570676721861, "a_pm_0": -14.916468416868017, "a_pm_1": 13.881644323724771, "a_pm_2": -5.1056596777628585, "a_pm_3": 16.909795761201273, "a_pp_1": 10.455481519215994, "a_pp_2": -3.3225949674669124, "a_pp_3": 9.854992292701382}, "datetime": {"datetime": "2024-07-12 22:19:40", "elapsed": 1309.799975, "delta": 9.987611}}
{"target": -27449.2492130209, "params": {"a_c_1": 20.0, "a_c_2": 0.0, "a_mm_0": -8.502194679491145, "a_mm_1": -40.0, "a_mm_2": 20.0, "a_mm_3": 20.0, "a_mp_0": 20.0, "a_mp_1": -7.42385509365744, "a_mp_2": 20.0, "a_mp_3": -29.305340162231612, "a_pm_0": 20.0, "a_pm_1": -37.461187494833595, "a_pm_2": -12.925230965668622, "a_pm_3": 20.0, "a_pp_1": 20.0, "a_pp_2": 20.0, "a_pp_3": 20.0}, "datetime": {"datetime": "2024-07-12 22:19:42", "elapsed": 1333.952166, "delta": 11.844018}}
{"target": -387802.7176159347, "params": {"a_c_1": 11.630486909648639, "a_c_2": 5.650847684976377, "a_mm_0": 3.6431712743876403, "a_mm_1": -7.07091962953001, "a_mm_2": -11.305130139686355, "a_mm_3": -17.075183218259983, "a_mp_0": 6.273156780136368, "a_mp_1": -38.615896062424596, "a_mp_2": 0.6786919728070799, "a_mp_3": -8.573926826213793, "a_pm_0": -35.027180874226346, "a_pm_1": -4.504607768118568, "a_pm_2": -33.958921951196764, "a_pm_3": -23.595995035032832, "a_pp_1": -9.259878639027036, "a_pp_2": -35.33665230337243, "a_pp_3": -24.987418462737395}, "datetime": {"datetime": "2024-07-12 22:19:46", "elapsed": 1273.024055, "delta": 8.423121}}
{"target": -191532.47352042602, "params": {"a_c_1": 0.8929983776154726, "a_c_2": 6.851990227145165, "a_mm_0": -10.347575620440768, "a_mm_1": -11.647019573625013, "a_mm_2": -26.953605990365606, "a_mm_3": -9.439618757617545, "a_mp_0": -34.29478943665174, "a_mp_1": -20.021430532679055, "a_mp_2": -18.53641990285378, "a_mp_3": -31.666498900829055, "a_pm_0": -22.235235605522917, "a_pm_1": -10.179379171407085, "a_pm_2": 1.3864551014219586, "a_pm_3": -34.10430596093671, "a_pp_1": -14.166711859500506, "a_pp_2": 2.214786938494285, "a_pp_3": 14.803054185178318}, "datetime": {"datetime": "2024-07-12 22:19:48", "elapsed": 1438.98806, "delta": 11.262518}}
{"target": -26399.49031223354, "params": {"a_c_1": 20.0, "a_c_2": 10.0, "a_mm_0": -20.993974243378837, "a_mm_1": 20.0, "a_mm_2": 17.48317313581287, "a_mm_3": -40.0, "a_mp_0": 20.0, "a_mp_1": 20.0, "a_mp_2": 0.4669788099132509, "a_mp_3": 20.0, "a_pm_0": -40.0, "a_pm_1": 20.0, "a_pm_2": 20.0, "a_pm_3": 20.0, "a_pp_1": -11.895730761270586, "a_pp_2": -18.17910903717177, "a_pp_3": 20.0}, "datetime": {"datetime": "2024-07-12 22:19:50", "elapsed": 1298.438588, "delta": 11.197668}}
{"target": -16670.74013041908, "params": {"a_c_1": 0.0, "a_c_2": 10.0, "a_mm_0": 20.0, "a_mm_1": 20.0, "a_mm_2": -10.194464669350747, "a_mm_3": 20.0, "a_mp_0": 20.0, "a_mp_1": -4.186241390845564, "a_mp_2": 20.0, "a_mp_3": 20.0, "a_pm_0": 6.503652727520019, "a_pm_1": 20.0, "a_pm_2": -40.0, "a_pm_3": -28.74556675005649, "a_pp_1": 20.0, "a_pp_2": 20.0, "a_pp_3": 20.0}, "datetime": {"datetime": "2024-07-12 22:19:51", "elapsed": 1320.820126, "delta": 11.020151}}
{"target": -12212.867912526493, "params": {"a_c_1": 20.0, "a_c_2": 10.0, "a_mm_0": 20.0, "a_mm_1": -40.0, "a_mm_2": -24.42140622036361, "a_mm_3": 20.0, "a_mp_0": -40.0, "a_mp_1": 20.0, "a_mp_2": 20.0, "a_mp_3": 20.0, "a_pm_0": -40.0, "a_pm_1": -40.0, "a_pm_2": 20.0, "a_pm_3": 20.0, "a_pp_1": 20.0, "a_pp_2": 20.0, "a_pp_3": 20.0}, "datetime": {"datetime": "2024-07-12 22:19:51", "elapsed": 1343.489669, "delta": 9.537503}}
{"target": -307437.3243595635, "params": {"a_c_1": 17.007144051493842, "a_c_2": 5.065092834383686, "a_mm_0": 11.320438375312882, "a_mm_1": -24.19627506078116, "a_mm_2": -22.114983890093463, "a_mm_3": 0.5120676189970936, "a_mp_0": -37.12347055762535, "a_mp_1": -35.562815233034556, "a_mp_2": -6.303811447354967, "a_mp_3": 15.569960822826872, "a_pm_0": -21.524157445809887, "a_pm_1": -26.791867376565474, "a_pm_2": -11.801800635070311, "a_pm_3": -19.293529892360045, "a_pp_1": -29.687055519065122, "a_pp_2": -17.496903037293283, "a_pp_3": -11.223904569387038}, "datetime": {"datetime": "2024-07-12 22:19:54", "elapsed": 1281.807227, "delta": 8.783172}}
{"target": -323420.47279609094, "params": {"a_c_1": 18.030010157748475, "a_c_2": 5.847280475841573, "a_mm_0": -20.93686719901683, "a_mm_1": -24.911401727748995, "a_mm_2": -29.21709859944427, "a_mm_3": -31.079222956562948, "a_mp_0": 12.746308914008587, "a_mp_1": -18.460471322920885, "a_mp_2": 17.545613165395295, "a_mp_3": -7.28406306249456, "a_pm_0": -15.549407297627141, "a_pm_1": -17.556494273111475, "a_pm_2": -38.18851709351929, "a_pm_3": -31.871287168699396, "a_pp_1": 0.1905604336837925, "a_pp_2": -2.808831948503631, "a_pp_3": -36.748518580123175}, "datetime": {"datetime": "2024-07-12 22:19:58", "elapsed": 1449.279973, "delta": 10.291913}}
{"target": -253658.84481221362, "params": {"a_c_1": 15.854108681987872, "a_c_2": 4.445258556620342, "a_mm_0": -10.766646679649664, "a_mm_1": -2.9379757489306115, "a_mm_2": 9.798536422264966, "a_mm_3": -34.738529328553604, "a_mp_0": 0.23059963922109716, "a_mp_1": 5.204048685100112, "a_mp_2": 18.307882862369, "a_mp_3": -9.671908025080242, "a_pm_0": 12.559038865428633, "a_pm_1": 11.637417913708731, "a_pm_2": -18.076910141799615, "a_pm_3": -21.64632366064714, "a_pp_1": -33.653292996998275, "a_pp_2": -15.173737502716246, "a_pp_3": -31.22116433910349}, "datetime": {"datetime": "2024-07-12 22:20:02", "elapsed": 1354.157556, "delta": 10.667887}}
{"target": -12879.351785156345, "params": {"a_c_1": 0.0, "a_c_2": 10.0, "a_mm_0": -18.094080520921317, "a_mm_1": -40.0, "a_mm_2": -26.5722063229531, "a_mm_3": 20.0, "a_mp_0": -40.0, "a_mp_1": 20.0, "a_mp_2": 20.0, "a_mp_3": 20.0, "a_pm_0": 20.0, "a_pm_1": -40.0, "a_pm_2": 20.0, "a_pm_3": -23.760195925747777, "a_pp_1": 20.0, "a_pp_2": 20.0, "a_pp_3": 20.0}, "datetime": {"datetime": "2024-07-12 22:20:04", "elapsed": 1333.366388, "delta": 12.546262}}
{"target": -4250.245009947504, "params": {"a_c_1": 20.0, "a_c_2": 10.0, "a_mm_0": -15.56556779815918, "a_mm_1": -16.459307455007096, "a_mm_2": 20.0, "a_mm_3": 20.0, "a_mp_0": -13.488630298826276, "a_mp_1": -7.782603576079232, "a_mp_2": -11.239375838446799, "a_mp_3": 0.16682420091805597, "a_pm_0": -22.411151647618976, "a_pm_1": 2.661410140953032, "a_pm_2": 20.0, "a_pm_3": -8.306127728091, "a_pp_1": -34.74931080491511, "a_pp_2": 20.0, "a_pp_3": 20.0}, "datetime": {"datetime": "2024-07-12 22:20:04", "elapsed": 1312.773124, "delta": 14.334536}}
{"target": -21154.44621842443, "params": {"a_c_1": 0.0, "a_c_2": 10.0, "a_mm_0": -40.0, "a_mm_1": -40.0, "a_mm_2": -22.98083167315684, "a_mm_3": -14.610678265969598, "a_mp_0": 20.0, "a_mp_1": 20.0, "a_mp_2": 19.732651219345108, "a_mp_3": 20.0, "a_pm_0": -40.0, "a_pm_1": -29.075820755246927, "a_pm_2": 20.0, "a_pm_3": 20.0, "a_pp_1": -8.420605873704126, "a_pp_2": 20.0, "a_pp_3": 20.0}, "datetime": {"datetime": "2024-07-12 22:20:07", "elapsed": 1294.024121, "delta": 12.216894}}
{"target": -444520.12140165607, "params": {"a_c_1": 16.324699728059027, "a_c_2": 7.017294676799563, "a_mm_0": -18.932703428700975, "a_mm_1": 19.59836672083484, "a_mm_2": -2.433273454449022, "a_mm_3": -0.6280442318453154, "a_mp_0": -4.731897000801467, "a_mp_1": -18.964854945618047, "a_mp_2": -0.5098525682513042, "a_mp_3": 16.98177222539247, "a_pm_0": 7.329695002634992, "a_pm_1": -9.047310806348037, "a_pm_2": -28.16961311089864, "a_pm_3": -28.34093322086968, "a_pp_1": -37.95094440466849, "a_pp_2": -33.27517025151987, "a_pp_3": -36.546801608074894}, "datetime": {"datetime": "2024-07-12 22:20:07", "elapsed": 1458.204949, "delta": 8.924976}}
{"target": -12189.34971399526, "params": {"a_c_1": 20.0, "a_c_2": 10.0, "a_mm_0": 20.0, "a_mm_1": -40.0, "a_mm_2": 17.453391696615448, "a_mm_3": -31.748189701547957, "a_mp_0": 20.0, "a_mp_1": 20.0, "a_mp_2": 20.0, "a_mp_3": 20.0, "a_pm_0": -40.0, "a_pm_1": -40.0, "a_pm_2": -26.779816975710347, "a_pm_3": 20.0, "a_pp_1": 20.0, "a_pp_2": 20.0, "a_pp_3": 20.0}, "datetime": {"datetime": "2024-07-12 22:20:13", "elapsed": 1365.121838, "delta": 10.964282}}
