{"target": -11538.528922154557, "params": {"a_c_1": 20.0, "a_c_2": 10.0, "a_mm_0": -40.0, "a_mm_1": 20.0, "a_mm_2": 20.0, "a_mm_3": 20.0, "a_mp_0": 20.0, "a_mp_1": -40.0, "a_mp_2": 20.0, "a_mp_3": 20.0, "a_pm_0": 20.0, "a_pm_1": 20.0, "a_pm_2": 20.0, "a_pm_3": 20.0, "a_pp_1": -40.0, "a_pp_2": -13.68655893637184, "a_pp_3": 20.0}, "datetime": {"datetime": "2024-07-12 22:56:07", "elapsed": 3496.98944, "delta": 15.347349}}
{"target": -51506.757014804156, "params": {"a_c_1": 16.82907222300789, "a_c_2": 2.144228579565901, "a_mm_0": -18.666912121084213, "a_mm_1": -23.45706706176491, "a_mm_2": -38.51885524225588, "a_mm_3": 18.68566608913561, "a_mp_0": -7.515318159217159, "a_mp_1": -3.0562708504541334, "a_mp_2": -7.977802879132845, "a_mp_3": 5.812738892038951, "a_pm_0": 6.3689352540171384, "a_pm_1": -10.037455114393108, "a_pm_2": 9.059704759619379, "a_pm_3": -12.80825160930305, "a_pp_1": 11.374849372393008, "a_pp_2": -6.058698160163253, "a_pp_3": 17.328057354365555}, "datetime": {"datetime": "2024-07-12 22:56:07", "elapsed": 3519.535005, "delta": 8.006108}}
{"target": -24824.710938117045, "params": {"a_c_1": 0.0, "a_c_2": 10.0, "a_mm_0": 20.0, "a_mm_1": -40.0, "a_mm_2": 20.0, "a_mm_3": 20.0, "a_mp_0": -40.0, "a_mp_1": 20.0, "a_mp_2": -11.595736260793416, "a_mp_3": 20.0, "a_pm_0": -40.0, "a_pm_1": 20.0, "a_pm_2": 20.0, "a_pm_3": -26.998097742260487, "a_pp_1": 20.0, "a_pp_2": -10.25743882138531, "a_pp_3": 20.0}, "datetime": {"datetime": "2024-07-12 22:56:11", "elapsed": 3621.828274, "delta": 10.882382}}
{"target": -52888.04786421768, "params": {"a_c_1": 19.135933808402974, "a_c_2": 3.2495331365922553, "a_mm_0": -13.244349505688113, "a_mm_1": -21.12713729037042, "a_mm_2": -5.678416119038964, "a_mm_3": 16.165522284208095, "a_mp_0": 17.812837925733717, "a_mp_1": 3.033815518019516, "a_mp_2": 1.6548885367353208, "a_mp_3": -29.150305468051272, "a_pm_0": 11.506142040504258, "a_pm_1": 11.055972093948206, "a_pm_2": 8.488963027009191, "a_pm_3": 18.7400067865956, "a_pp_1": -17.100441604141658, "a_pp_2": -30.59756052975018, "a_pp_3": 3.5670490230549348}, "datetime": {"datetime": "2024-07-12 22:56:14", "elapsed": 3461.490262, "delta": 11.622776}}
{"target": -3825.202285528407, "params": {"a_c_1": 20.0, "a_c_2": 0.0, "a_mm_0": -40.0, "a_mm_1": -40.0, "a_mm_2": 20.0, "a_mm_3": 20.0, "a_mp_0": 20.0, "a_mp_1": 20.0, "a_mp_2": 20.0, "a_mp_3": 20.0, "a_pm_0": 20.0, "a_pm_1": -34.81589784214237, "a_pm_2": -32.70369011003997, "a_pm_3": 20.0, "a_pp_1": 20.0, "a_pp_2": 20.0, "a_pp_3": 20.0}, "datetime": {"datetime": "2024-07-12 22:56:15", "elapsed": 3483.56238, "delta": 10.343336}}
{"target": -22652.086460279104, "params": {"a_c_1": 20.0, "a_c_2": 10.0, "a_mm_0": 20.0, "a_mm_1": 20.0, "a_mm_2": 20.0, "a_mm_3": 20.0, "a_mp_0": 20.0, "a_mp_1": -40.0, "a_mp_2": -40.0, "a_mp_3": 20.0, "a_pm_0": -27.930663557125012, "a_pm_1": -40.0, "a_pm_2": 20.0, "a_pm_3": 20.0, "a_pp_1": -40.0, "a_pp_2": 20.0, "a_pp_3": 20.0}, "datetime": {"datetime": "2024-07-12 22:56:18", "elapsed": 3530.356922, "delta": 10.821917}}
{"target": -27173.08907712728, "params": {"a_c_1": 0.0, "a_c_2": 10.0, "a_mm_0": -40.0, "a_mm_1": 20.0, "a_mm_2": -29.377114881723422, "a_mm_3": 20.0, "a_mp_0": -40.0, "a_mp_1": 20.0, "a_mp_2": 20.0, "a_mp_3": 20.0, "a_pm_0": 20.0, "a_pm_1": 20.0, "a_pm_2": -40.0, "a_pm_3": -40.0, "a_pp_1": 20.0, "a_pp_2": 20.0, "a_pp_3": 20.0}, "datetime": {"datetime": "2024-07-12 22:56:20", "elapsed": 3509.403202, "delta": 12.413762}}
{"target": -11565.897463366891, "params": {"a_c_1": 0.0, "a_c_2": 10.0, "a_mm_0": 20.0, "a_mm_1": 20.0, "a_mm_2": -27.395318227515983, "a_mm_3": 20.0, "a_mp_0": -40.0, "a_mp_1": 20.0, "a_mp_2": -20.894089945882534, "a_mp_3": -31.940504111541234, "a_pm_0": -40.0, "a_pm_1": 20.0, "a_pm_2": 20.0, "a_pm_3": 20.0, "a_pp_1": 20.0, "a_pp_2": 20.0, "a_pp_3": 20.0}, "datetime": {"datetime": "2024-07-12 22:56:23", "elapsed": 3634.089182, "delta": 12.260908}}
{"target": -17488.19335693211, "params": {"a_c_1": 20.0, "a_c_2": 10.0, "a_mm_0": 20.0, "a_mm_1": 20.0, "a_mm_2": 20.0, "a_mm_3": 20.0, "a_mp_0": -40.0, "a_mp_1": 20.0, "a_mp_2": -29.514281138992235, "a_mp_3": -22.93139066542423, "a_pm_0": -40.0, "a_pm_1": 20.0, "a_pm_2": 20.0, "a_pm_3": 20.0, "a_pp_1": -40.0, "a_pp_2": 20.0, "a_pp_3": 20.0}, "datetime": {"datetime": "2024-07-12 22:56:25", "elapsed": 3493.746186, "delta": 10.183806}}
{"target": -65957.25392331458, "params": {"a_c_1": 11.54218590043368, "a_c_2": 2.654276031086008, "a_mm_0": -34.70789779045889, "a_mm_1": -34.717302477427346, "a_mm_2": -4.028883836271845, "a_mm_3": -19.664024367551438, "a_mp_0": 12.250572385758701, "a_mp_1": 9.29672259706529, "a_mp_2": -37.339239501830804, "a_mp_3": -8.562314011744451, "a_pm_0": -25.64240686855524, "a_pm_1": -14.663048240737979, "a_pm_2": -10.265830328826858, "a_pm_3": 10.957983397628794, "a_pp_1": 9.592138678853132, "a_pp_2": 14.041638875263757, "a_pp_3": 19.486034245762674}, "datetime": {"datetime": "2024-07-12 22:56:26", "elapsed": 3473.352355, "delta": 11.862093}}
{"target": -31638.785247062446, "params": {"a_c_1": 20.0, "a_c_2": 10.0, "a_mm_0": -40.0, "a_mm_1": -31.085482661006235, "a_mm_2": -34.137155348847344, "a_mm_3": 20.0, "a_mp_0": 20.0, "a_mp_1": 20.0, "a_mp_2": 20.0, "a_mp_3": -22.52217265781982, "a_pm_0": -4.132737418752573, "a_pm_1": -40.0, "a_pm_2": 20.0, "a_pm_3": 20.0, "a_pp_1": 20.0, "a_pp_2": 20.0, "a_pp_3": 20.0}, "datetime": {"datetime": "2024-07-12 22:56:30", "elapsed": 3541.93602, "delta": 11.579098}}
{"target": -9856.736324646454, "params": {"a_c_1": 20.0, "a_c_2": 0.0, "a_mm_0": 20.0, "a_mm_1": -40.0, "a_mm_2": -5.919601835187505, "a_mm_3": 20.0, "a_mp_0": -40.0, "a_mp_1": 20.0, "a_mp_2": 20.0, "a_mp_3": 20.0, "a_pm_0": 20.0, "a_pm_1": -12.304302145150535, "a_pm_2": 20.0, "a_pm_3": -4.261359046697608, "a_pp_1": -40.0, "a_pp_2": 20.0, "a_pp_3": 20.0}, "datetime": {"datetime": "2024-07-12 22:56:30", "elapsed": 3519.896798, "delta": 10.493596}}
{"target": -38308.67196532927, "params": {"a_c_1": 11.029074030830214, "a_c_2": 9.283286899815677, "a_mm_0": -5.09983149024044, "a_mm_1": 15.282224197129345, "a_mm_2": -16.860207939477576, "a_mm_3": 6.637487320481284, "a_mp_0": -15.644012984565322, "a_mp_1": -18.36024756336675, "a_mp_2": -14.311629591620225, "a_mp_3": -10.192143106272898, "a_pm_0": -30.76862884977281, "a_pm_1": -7.408471767187045, "a_pm_2": -9.052685480608947, "a_pm_3": 11.404508655380958, "a_pp_1": 12.353703188556423, "a_pp_2": 4.116423891661114, "a_pp_3": -18.98054816358785}, "datetime": {"datetime": "2024-07-12 22:56:33", "elapsed": 3644.098921, "delta": 10.009739}}
{"target": -8160.068090824789, "params": {"a_c_1": 0.0, "a_c_2": 10.0, "a_mm_0": 20.0, "a_mm_1": -40.0, "a_mm_2": -22.472909238233047, "a_mm_3": 20.0, "a_mp_0": -40.0, "a_mp_1": -18.386370522973106, "a_mp_2": 20.0, "a_mp_3": 20.0, "a_pm_0": -40.0, "a_pm_1": -23.17873649837386, "a_pm_2": 20.0, "a_pm_3": 20.0, "a_pp_1": 20.0, "a_pp_2": 20.0, "a_pp_3": 20.0}, "datetime": {"datetime": "2024-07-12 22:56:37", "elapsed": 3483.97493, "delta": 10.622575}}
{"target": -8942.054034377554, "params": {"a_c_1": 20.0, "a_c_2": 10.0, "a_mm_0": 20.0, "a_mm_1": -40.0, "a_mm_2": 20.0, "a_mm_3": 20.0, "a_mp_0": -40.0, "a_mp_1": 20.0, "a_mp_2": 20.0, "a_mp_3": -26.627330313559277, "a_pm_0": -40.0, "a_pm_1": 20.0, "a_pm_2": 20.0, "a_pm_3": 20.0, "a_pp_1": 20.0, "a_pp_2": 20.0, "a_pp_3": 20.0}, "datetime": {"datetime": "2024-07-12 22:56:37", "elapsed": 3505.678788, "delta": 11.932602}}
{"target": -319316.5349571318, "params": {"a_c_1": 18.622932976992402, "a_c_2": 2.8759409608959174, "a_mm_0": 7.194196931898006, "a_mm_1": -35.40896792158131, "a_mm_2": -0.4108254809805132, "a_mm_3": -33.98094616162159, "a_mp_0": 14.347921355387193, "a_mp_1": -33.16113985193273, "a_mp_2": -32.81278671451948, "a_mp_3": 16.54345401752702, "a_pm_0": -9.562750110446238, "a_pm_1": -9.090129497112208, "a_pm_2": 15.839448822400158, "a_pm_3": 13.161633164347194, "a_pp_1": -25.091500825216922, "a_pp_2": -34.38258685218274, "a_pp_3": -24.552652639849555}, "datetime": {"datetime": "2024-07-12 22:56:40", "elapsed": 3552.267254, "delta": 10.331234}}
{"target": -192299.9804933961, "params": {"a_c_1": 18.401634092242062, "a_c_2": 1.857039219896962, "a_mm_0": -18.54313324882205, "a_mm_1": 1.0773510567813531, "a_mm_2": -10.390249894631278, "a_mm_3": -36.90958875863872, "a_mp_0": -12.111160752718199, "a_mp_1": -18.72387941941995, "a_mp_2": -1.1678318025723584, "a_mp_3": -13.756846935885044, "a_pm_0": -25.004603572659786, "a_pm_1": -16.179054950585552, "a_pm_2": -15.348246513752283, "a_pm_3": 0.005864774619666946, "a_pp_1": 8.107663269040216, "a_pp_2": -3.740928832503265, "a_pp_3": -27.073744776376635}, "datetime": {"datetime": "2024-07-12 22:56:42", "elapsed": 3653.33701, "delta": 9.238089}}
{"target": -2517.546558502038, "params": {"a_c_1": 20.0, "a_c_2": 10.0, "a_mm_0": 20.0, "a_mm_1": -40.0, "a_mm_2": -28.21409507566871, "a_mm_3": 20.0, "a_mp_0": 20.0, "a_mp_1": 20.0, "a_mp_2": 20.0, "a_mp_3": 20.0, "a_pm_0": -40.0, "a_pm_1": -40.0, "a_pm_2": 20.0, "a_pm_3": 20.0, "a_pp_1": 20.0, "a_pp_2": 20.0, "a_pp_3": 20.0}, "datetime": {"datetime": "2024-07-12 22:56:44", "elapsed": 3533.97101, "delta": 14.074212}}
{"target": -45435.032417716335, "params": {"a_c_1": 7.29784388053448, "a_c_2": 1.9191584629629088, "a_mm_0": -26.25622087850596, "a_mm_1": -13.305751502872813, "a_mm_2": 8.567553219256602, "a_mm_3": -35.78335139417148, "a_mp_0": -32.723696816382, "a_mp_1": -16.771290783653342, "a_mp_2": -1.3365582803182647, "a_mp_3": 13.414629638937939, "a_pm_0": 3.9754758772385514, "a_pm_1": -18.08155945193101, "a_pm_2": 16.3263159151224, "a_pm_3": 2.4877477383752407, "a_pp_1": -26.7511366142574, "a_pp_2": -4.41610617790527, "a_pp_3": 11.712025704019872}, "datetime": {"datetime": "2024-07-12 22:56:47", "elapsed": 3494.104995, "delta": 10.130065}}
{"target": -151646.4671166291, "params": {"a_c_1": 8.346583426353725, "a_c_2": 2.2075024501900673, "a_mm_0": -29.886400290589535, "a_mm_1": 4.3499089173971015, "a_mm_2": 0.12122710708719353, "a_mm_3": -38.43607888047674, "a_mp_0": -27.19378709885575, "a_mp_1": 4.366134446554099, "a_mp_2": -6.203091954804776, "a_mp_3": -35.92934281939323, "a_pm_0": 11.307351877302409, "a_pm_1": -14.123958136132945, "a_pm_2": -29.46424787005121, "a_pm_3": 7.954665396130771, "a_pp_1": -1.9478783449401504, "a_pp_2": 2.435201221477726, "a_pp_3": -0.6329299527606551}, "datetime": {"datetime": "2024-07-12 22:56:47", "elapsed": 3515.830932, "delta": 10.152144}}
{"target": -1241.3694698359834, "params": {"a_c_1": 20.0, "a_c_2": 10.0, "a_mm_0": 20.0, "a_mm_1": -40.0, "a_mm_2": 4.614309210818728, "a_mm_3": 20.0, "a_mp_0": 20.0, "a_mp_1": 20.0, "a_mp_2": 20.0, "a_mp_3": 20.0, "a_pm_0": 20.0, "a_pm_1": 20.0, "a_pm_2": 20.0, "a_pm_3": 20.0, "a_pp_1": 20.0, "a_pp_2": 20.0, "a_pp_3": 20.0}, "datetime": {"datetime": "2024-07-12 22:56:49", "elapsed": 3561.303033, "delta": 9.035779}}
{"target": -18071.077217340968, "params": {"a_c_1": 0.0, "a_c_2": 10.0, "a_mm_0": -40.0, "a_mm_1": 20.0, "a_mm_2": 20.0, "a_mm_3": 20.0, "a_mp_0": -40.0, "a_mp_1": 20.0, "a_mp_2": 20.0, "a_mp_3": 20.0, "a_pm_0": 20.0, "a_pm_1": -40.0, "a_pm_2": 20.0, "a_pm_3": 20.0, "a_pp_1": 20.0, "a_pp_2": -18.282021813351264, "a_pp_3": 20.0}, "datetime": {"datetime": "2024-07-12 22:56:52", "elapsed": 3662.890791, "delta": 9.553781}}
{"target": -1353.4489489154096, "params": {"a_c_1": 20.0, "a_c_2": 10.0, "a_mm_0": -40.0, "a_mm_1": 20.0, "a_mm_2": 20.0, "a_mm_3": 20.0, "a_mp_0": -40.0, "a_mp_1": 20.0, "a_mp_2": 20.0, "a_mp_3": 20.0, "a_pm_0": 20.0, "a_pm_1": -40.0, "a_pm_2": 20.0, "a_pm_3": 20.0, "a_pp_1": 15.464712543293023, "a_pp_2": 20.0, "a_pp_3": 20.0}, "datetime": {"datetime": "2024-07-12 22:56:56", "elapsed": 3503.263533, "delta": 9.158538}}
{"target": -10771.236438857835, "params": {"a_c_1": 20.0, "a_c_2": 10.0, "a_mm_0": 20.0, "a_mm_1": -40.0, "a_mm_2": -30.69669095515151, "a_mm_3": -19.880942892010935, "a_mp_0": -40.0, "a_mp_1": 20.0, "a_mp_2": 20.0, "a_mp_3": 20.0, "a_pm_0": -40.0, "a_pm_1": -40.0, "a_pm_2": 20.0, "a_pm_3": 20.0, "a_pp_1": 20.0, "a_pp_2": 20.0, "a_pp_3": 20.0}, "datetime": {"datetime": "2024-07-12 22:56:56", "elapsed": 3545.798243, "delta": 11.827233}}
{"target": -313935.9884977662, "params": {"a_c_1": 16.433050940627826, "a_c_2": 3.2599276410037223, "a_mm_0": -13.693256904711205, "a_mm_1": -34.49063639475364, "a_mm_2": -34.568696168465806, "a_mm_3": 17.554673161489987, "a_mp_0": -3.463811798151802, "a_mp_1": -34.01680176835083, "a_mp_2": 5.55715414462869, "a_mp_3": 18.048495960073232, "a_pm_0": -0.09848179766180465, "a_pm_1": -37.83135913071114, "a_pm_2": -14.916788061946338, "a_pm_3": -22.6810774083412, "a_pp_1": -24.272660347553785, "a_pp_2": -34.56063582734307, "a_pp_3": 8.102528339644252}, "datetime": {"datetime": "2024-07-12 22:56:58", "elapsed": 3569.882352, "delta": 8.579319}}
{"target": -35354.714026785194, "params": {"a_c_1": 20.0, "a_c_2": 10.0, "a_mm_0": 20.0, "a_mm_1": 20.0, "a_mm_2": 20.0, "a_mm_3": 20.0, "a_mp_0": 20.0, "a_mp_1": 20.0, "a_mp_2": 8.241869189773167, "a_mp_3": 20.0, "a_pm_0": -40.0, "a_pm_1": 20.0, "a_pm_2": 20.0, "a_pm_3": 20.0, "a_pp_1": -40.0, "a_pp_2": -4.230667258409805, "a_pp_3": -18.363634373131493}, "datetime": {"datetime": "2024-07-12 22:56:58", "elapsed": 3526.790077, "delta": 10.959145}}
{"target": -114797.14030604874, "params": {"a_c_1": 19.689143300500383, "a_c_2": 1.2207512657800024, "a_mm_0": -9.081241828597829, "a_mm_1": -20.209054451986987, "a_mm_2": 4.046516655344739, "a_mm_3": -38.50566698522795, "a_mp_0": -1.6919183255242984, "a_mp_1": 4.8864916112437555, "a_mp_2": 2.367997979530365, "a_mp_3": 2.856606736693209, "a_pm_0": -3.4815499996599613, "a_pm_1": -21.649030423959694, "a_pm_2": -35.61161471886691, "a_pm_3": 16.276570355487316, "a_pp_1": -24.382260900094018, "a_pp_2": -17.489532551142513, "a_pp_3": 17.416376436894296}, "datetime": {"datetime": "2024-07-12 22:57:01", "elapsed": 3672.136953, "delta": 9.246162}}
{"target": -1331.5867783736735, "params": {"a_c_1": 20.0, "a_c_2": 10.0, "a_mm_0": -40.0, "a_mm_1": 20.0, "a_mm_2": 20.0, "a_mm_3": 20.0, "a_mp_0": 20.0, "a_mp_1": 20.0, "a_mp_2": 20.0, "a_mp_3": 20.0, "a_pm_0": -40.0, "a_pm_1": -40.0, "a_pm_2": 20.0, "a_pm_3": 20.0, "a_pp_1": 20.0, "a_pp_2": 20.0, "a_pp_3": 20.0}, "datetime": {"datetime": "2024-07-12 22:57:06", "elapsed": 3513.403638, "delta": 10.140105}}
{"target": -157252.85225765748, "params": {"a_c_1": 18.33363536198621, "a_c_2": 6.874859868549246, "a_mm_0": -0.9235358201797439, "a_mm_1": -18.771758756856425, "a_mm_2": 16.43099914301459, "a_mm_3": -37.99822810979452, "a_mp_0": -32.07587879024267, "a_mp_1": -22.38838400443653, "a_mp_2": 18.449278876770272, "a_mp_3": 12.09298854626634, "a_pm_0": -16.21058495991267, "a_pm_1": 16.267433399950058, "a_pm_2": -18.35327039642482, "a_pm_3": 13.655257278060347, "a_pp_1": -15.539683143716399, "a_pp_2": -26.327227923610792, "a_pp_3": -16.34250983941176}, "datetime": {"datetime": "2024-07-12 22:57:07", "elapsed": 3535.550583, "delta": 8.760506}}
{"target": -4287.957552478124, "params": {"a_c_1": 0.0, "a_c_2": 10.0, "a_mm_0": 20.0, "a_mm_1": -40.0, "a_mm_2": 20.0, "a_mm_3": 20.0, "a_mp_0": 20.0, "a_mp_1": 20.0, "a_mp_2": 20.0, "a_mp_3": 20.0, "a_pm_0": -40.0, "a_pm_1": 20.0, "a_pm_2": 20.0, "a_pm_3": 20.0, "a_pp_1": -40.0, "a_pp_2": 20.0, "a_pp_3": 20.0}, "datetime": {"datetime": "2024-07-12 22:57:09", "elapsed": 3580.821235, "delta": 10.938883}}
{"target": -11880.327733085032, "params": {"a_c_1": 20.0, "a_c_2": 10.0, "a_mm_0": 20.0, "a_mm_1": 20.0, "a_mm_2": -40.0, "a_mm_3": 20.0, "a_mp_0": 20.0, "a_mp_1": 20.0, "a_mp_2": 20.0, "a_mp_3": 20.0, "a_pm_0": -40.0, "a_pm_1": -40.0, "a_pm_2": 20.0, "a_pm_3": 20.0, "a_pp_1": -40.0, "a_pp_2": 20.0, "a_pp_3": 20.0}, "datetime": {"datetime": "2024-07-12 22:57:11", "elapsed": 3560.502474, "delta": 14.704231}}
{"target": -12440.789323638177, "params": {"a_c_1": 20.0, "a_c_2": 10.0, "a_mm_0": -40.0, "a_mm_1": 20.0, "a_mm_2": 20.0, "a_mm_3": 20.0, "a_mp_0": 20.0, "a_mp_1": -39.99999999999999, "a_mp_2": 20.0, "a_mp_3": 20.0, "a_pm_0": 20.0, "a_pm_1": -40.0, "a_pm_2": 20.0, "a_pm_3": 20.0, "a_pp_1": 20.0, "a_pp_2": 20.0, "a_pp_3": 20.0}, "datetime": {"datetime": "2024-07-12 22:57:12", "elapsed": 3682.871011, "delta": 10.734058}}
{"target": -111041.63615739591, "params": {"a_c_1": 3.457890443469016, "a_c_2": 3.6178296738445925, "a_mm_0": -24.37290769293094, "a_mm_1": -21.711784159591836, "a_mm_2": 5.442681721818282, "a_mm_3": 8.832184307036663, "a_mp_0": 12.879524483326868, "a_mp_1": -25.978428715857866, "a_mp_2": -7.722505563855343, "a_mp_3": 11.903520090431037, "a_pm_0": -38.87417479859444, "a_pm_1": 18.025709094389, "a_pm_2": -15.649530107977032, "a_pm_3": -10.038751626702116, "a_pp_1": 15.976335273636138, "a_pp_2": 7.665826098714703, "a_pp_3": -35.95635192196208}, "datetime": {"datetime": "2024-07-12 22:57:18", "elapsed": 3546.145782, "delta": 10.595199}}
{"target": -83253.01360616433, "params": {"a_c_1": 12.31533841435613, "a_c_2": 1.5115715217966286, "a_mm_0": -0.8546501275274778, "a_mm_1": -38.59439241088188, "a_mm_2": 5.099989800321197, "a_mm_3": 7.507233472045975, "a_mp_0": -10.667044844040088, "a_mp_1": -9.422241115615272, "a_mp_2": 8.106201411431414, "a_mp_3": 16.63644140099315, "a_pm_0": -32.52403260052709, "a_pm_1": -17.875375709118895, "a_pm_2": -6.003383167082006, "a_pm_3": -12.358205094452462, "a_pp_1": 15.292630830664784, "a_pp_2": -3.243943272274578, "a_pp_3": -27.24556177502785}, "datetime": {"datetime": "2024-07-12 22:57:18", "elapsed": 3589.920178, "delta": 9.098943}}
{"target": -4696.4866214078775, "params": {"a_c_1": 0.0, "a_c_2": 10.0, "a_mm_0": 20.0, "a_mm_1": 20.0, "a_mm_2": 20.0, "a_mm_3": 20.0, "a_mp_0": 20.0, "a_mp_1": -40.0, "a_mp_2": 20.0, "a_mp_3": -19.543221149966584, "a_pm_0": 20.0, "a_pm_1": -40.0, "a_pm_2": 20.0, "a_pm_3": 20.0, "a_pp_1": 20.0, "a_pp_2": 20.0, "a_pp_3": 20.0}, "datetime": {"datetime": "2024-07-12 22:57:19", "elapsed": 3526.814, "delta": 13.410362}}
{"target": -5972.967359148032, "params": {"a_c_1": 0.0, "a_c_2": 10.0, "a_mm_0": -40.0, "a_mm_1": 20.0, "a_mm_2": 20.0, "a_mm_3": 20.0, "a_mp_0": 20.0, "a_mp_1": 20.0, "a_mp_2": 20.0, "a_mp_3": 20.0, "a_pm_0": 20.0, "a_pm_1": 20.0, "a_pm_2": -40.0, "a_pm_3": 20.0, "a_pp_1": -40.0, "a_pp_2": 20.0, "a_pp_3": 20.0}, "datetime": {"datetime": "2024-07-12 22:57:21", "elapsed": 3570.854743, "delta": 10.352269}}
{"target": -3255.165088683259, "params": {"a_c_1": 0.0, "a_c_2": 10.0, "a_mm_0": 20.0, "a_mm_1": 20.0, "a_mm_2": -14.694820539680435, "a_mm_3": -6.473152914560009, "a_mp_0": 1.4281005213012847, "a_mp_1": 20.0, "a_mp_2": -3.2137701525186086, "a_mp_3": 20.0, "a_pm_0": -40.0, "a_pm_1": 20.0, "a_pm_2": 20.0, "a_pm_3": -6.215657402016948, "a_pp_1": -40.0, "a_pp_2": 20.0, "a_pp_3": 20.0}, "datetime": {"datetime": "2024-07-12 22:57:23", "elapsed": 3694.541911, "delta": 11.6709}}
{"target": -240798.94448934685, "params": {"a_c_1": 7.664686555060092, "a_c_2": 8.776195583711532, "a_mm_0": -28.348961936064654, "a_mm_1": 14.302137687435717, "a_mm_2": -5.660299718171643, "a_mm_3": -34.311031552112084, "a_mp_0": -34.171269197988536, "a_mp_1": 18.848782618491796, "a_mp_2": 6.322965746532063, "a_mp_3": 3.0515136766683213, "a_pm_0": -13.245400896712955, "a_pm_1": 4.916647247799489, "a_pm_2": -7.982034950345458, "a_pm_3": -28.75342848264694, "a_pp_1": -17.258377180914415, "a_pp_2": -19.458733360921233, "a_pp_3": -24.601855307359337}, "datetime": {"datetime": "2024-07-12 22:57:25", "elapsed": 3597.387415, "delta": 7.467237}}
{"target": -4952.603284490583, "params": {"a_c_1": 20.0, "a_c_2": 10.0, "a_mm_0": -40.0, "a_mm_1": 20.0, "a_mm_2": 20.0, "a_mm_3": 20.0, "a_mp_0": 20.0, "a_mp_1": 20.0, "a_mp_2": 20.0, "a_mp_3": 20.0, "a_pm_0": 20.0, "a_pm_1": 20.0, "a_pm_2": -40.0, "a_pm_3": 20.0, "a_pp_1": 20.0, "a_pp_2": 20.0, "a_pp_3": 20.0}, "datetime": {"datetime": "2024-07-12 22:57:31", "elapsed": 3580.295923, "delta": 9.44118}}
{"target": -11151.127111154494, "params": {"a_c_1": 20.0, "a_c_2": 10.0, "a_mm_0": 20.0, "a_mm_1": 20.0, "a_mm_2": -40.0, "a_mm_3": -20.277125544486065, "a_mp_0": 20.0, "a_mp_1": 20.0, "a_mp_2": 20.0, "a_mp_3": 20.0, "a_pm_0": -12.696168249214855, "a_pm_1": -27.85237147892302, "a_pm_2": -0.46931881777998036, "a_pm_3": -13.32394336985298, "a_pp_1": 20.0, "a_pp_2": 20.0, "a_pp_3": 20.0}, "datetime": {"datetime": "2024-07-12 22:57:31", "elapsed": 3559.683758, "delta": 13.537976}}
{"target": -376980.5657586113, "params": {"a_c_1": 10.435982814078406, "a_c_2": 3.1778170048351395, "a_mm_0": -17.350939517370346, "a_mm_1": -31.597804643083908, "a_mm_2": -31.1065774602895, "a_mm_3": -25.373957272345, "a_mp_0": -36.6216322002256, "a_mp_1": -16.549922369166996, "a_mp_2": -11.40647052097566, "a_mp_3": -32.81899431416397, "a_pm_0": -8.299877344606486, "a_pm_1": -8.520973164299189, "a_pm_2": -22.787407001804056, "a_pm_3": -26.713811973289978, "a_pp_1": 4.441466819892376, "a_pp_2": 3.2020185607688347, "a_pp_3": -21.42355101135528}, "datetime": {"datetime": "2024-07-12 22:57:33", "elapsed": 3604.752239, "delta": 7.364824}}
{"target": -4111.389749062748, "params": {"a_c_1": 20.0, "a_c_2": 10.0, "a_mm_0": -40.0, "a_mm_1": 1.1972532055930019, "a_mm_2": -9.737535799894289, "a_mm_3": -15.61216929505611, "a_mp_0": -40.0, "a_mp_1": 20.0, "a_mp_2": 20.0, "a_mp_3": 20.0, "a_pm_0": -9.764689672460735, "a_pm_1": -40.0, "a_pm_2": -2.6481496530614113, "a_pm_3": 20.0, "a_pp_1": -2.1171433722579573, "a_pp_2": 20.0, "a_pp_3": 20.0}, "datetime": {"datetime": "2024-07-12 22:57:33", "elapsed": 3540.577612, "delta": 13.763612}}
{"target": -404.75168202127986, "params": {"a_c_1": 0.0, "a_c_2": 10.0, "a_mm_0": -40.0, "a_mm_1": 20.0, "a_mm_2": 20.0, "a_mm_3": 20.0, "a_mp_0": 20.0, "a_mp_1": -11.156679726230482, "a_mp_2": 20.0, "a_mp_3": 20.0, "a_pm_0": -9.799904415475936, "a_pm_1": 20.0, "a_pm_2": -2.251177575912951, "a_pm_3": 20.0, "a_pp_1": 20.0, "a_pp_2": 20.0, "a_pp_3": 20.0}, "datetime": {"datetime": "2024-07-12 22:57:36", "elapsed": 3707.468955, "delta": 12.927044}}
