{"target": -296010.6045654746, "params": {"a_c_1": 10.27768766889988, "a_c_2": 0.9307361477035148, "a_mm_0": -3.485177871226348, "a_mm_1": -1.7386647552193182, "a_mm_2": -1.2772048523029653, "a_mm_3": -5.384292430684553, "a_mp_0": -17.32398021633712, "a_mp_1": 15.810475010202019, "a_mp_2": -4.3074898985583445, "a_mp_3": -4.507718413084866, "a_pm_0": -18.76673164633719, "a_pm_1": -11.635611643894674, "a_pm_2": -24.30972662501187, "a_pm_3": -34.93716887258206, "a_pp_1": -23.13542690354121, "a_pp_2": -21.673266198972545, "a_pp_3": -19.842791211661197}, "datetime": {"datetime": "2024-07-12 22:39:27", "elapsed": 2519.331317, "delta": 8.069547}}
{"target": -13994.609849084363, "params": {"a_c_1": 20.0, "a_c_2": 10.0, "a_mm_0": 20.0, "a_mm_1": -40.0, "a_mm_2": 20.0, "a_mm_3": 20.0, "a_mp_0": 20.0, "a_mp_1": -40.0, "a_mp_2": 20.0, "a_mp_3": -24.93248875913785, "a_pm_0": -40.0, "a_pm_1": -40.0, "a_pm_2": 20.0, "a_pm_3": 20.0, "a_pp_1": 20.0, "a_pp_2": 20.0, "a_pp_3": 20.0}, "datetime": {"datetime": "2024-07-12 22:39:31", "elapsed": 2458.733047, "delta": 12.264381}}
{"target": -22502.384610144367, "params": {"a_c_1": 0.0, "a_c_2": 10.0, "a_mm_0": -40.0, "a_mm_1": 20.0, "a_mm_2": -13.21051129234952, "a_mm_3": 20.0, "a_mp_0": 20.0, "a_mp_1": -40.0, "a_mp_2": 20.0, "a_mp_3": 1.3585840396778261, "a_pm_0": -40.0, "a_pm_1": -34.23729256691403, "a_pm_2": -20.725961691513486, "a_pm_3": 20.0, "a_pp_1": 20.0, "a_pp_2": 20.0, "a_pp_3": 8.34488358759122}, "datetime": {"datetime": "2024-07-12 22:39:35", "elapsed": 2483.695015, "delta": 9.912849}}
{"target": -5180.178139462137, "params": {"a_c_1": 0.0, "a_c_2": 10.0, "a_mm_0": 20.0, "a_mm_1": 20.0, "a_mm_2": 20.0, "a_mm_3": 20.0, "a_mp_0": -40.0, "a_mp_1": 20.0, "a_mp_2": 20.0, "a_mp_3": 20.0, "a_pm_0": 20.0, "a_pm_1": 20.0, "a_pm_2": -40.0, "a_pm_3": 20.0, "a_pp_1": -40.0, "a_pp_2": 20.0, "a_pp_3": 20.0}, "datetime": {"datetime": "2024-07-12 22:39:35", "elapsed": 2504.924552, "delta": 12.435488}}
{"target": -17341.147913749268, "params": {"a_c_1": 20.0, "a_c_2": 10.0, "a_mm_0": 20.0, "a_mm_1": -40.0, "a_mm_2": 20.0, "a_mm_3": 20.0, "a_mp_0": 20.0, "a_mp_1": -40.0, "a_mp_2": 20.0, "a_mp_3": -35.32707099202839, "a_pm_0": 20.0, "a_pm_1": 20.0, "a_pm_2": 20.0, "a_pm_3": 20.0, "a_pp_1": -40.0, "a_pp_2": 20.0, "a_pp_3": 20.0}, "datetime": {"datetime": "2024-07-12 22:39:36", "elapsed": 2626.719204, "delta": 10.558142}}
{"target": -43517.52826950729, "params": {"a_c_1": 0.0, "a_c_2": 10.0, "a_mm_0": -13.040588763408733, "a_mm_1": -40.0, "a_mm_2": 20.0, "a_mm_3": 20.0, "a_mp_0": -40.0, "a_mp_1": -22.094488569666513, "a_mp_2": -13.3474748707279, "a_mp_3": 20.0, "a_pm_0": -40.0, "a_pm_1": 20.0, "a_pm_2": 20.0, "a_pm_3": 20.0, "a_pp_1": 20.0, "a_pp_2": -5.057830579645886, "a_pp_3": -31.805146004344376}, "datetime": {"datetime": "2024-07-12 22:39:37", "elapsed": 2528.921679, "delta": 9.590362}}
{"target": -685922.0105909815, "params": {"a_c_1": 13.565456760433205, "a_c_2": 0.12093562106874511, "a_mm_0": -6.682766512630451, "a_mm_1": -24.757613185314238, "a_mm_2": -33.024508839936146, "a_mm_3": -1.370944424867865, "a_mp_0": 3.788672372918512, "a_mp_1": -20.63592433790143, "a_mp_2": -37.43985521436622, "a_mp_3": -38.57916123935635, "a_pm_0": -9.656624772514494, "a_pm_1": 16.434919464436973, "a_pm_2": -38.53369940814986, "a_pm_3": 2.2564555063221263, "a_pp_1": 3.9842727139261527, "a_pp_2": -39.71903760877151, "a_pp_3": -37.616944793597405}, "datetime": {"datetime": "2024-07-12 22:39:40", "elapsed": 2467.166847, "delta": 8.4338}}
{"target": -89049.63662921268, "params": {"a_c_1": 18.42457993461466, "a_c_2": 0.3711328676504999, "a_mm_0": -7.2642248978655815, "a_mm_1": -32.0102185048599, "a_mm_2": -4.924358933020372, "a_mm_3": 13.26581754984003, "a_mp_0": -12.679634673979628, "a_mp_1": -12.076245722549466, "a_mp_2": 6.265043942062853, "a_mp_3": 10.598512826326271, "a_pm_0": -8.980174818446326, "a_pm_1": 6.537551217238438, "a_pm_2": -11.876630408215696, "a_pm_3": -34.306476727523965, "a_pp_1": -34.61170074696843, "a_pp_2": 8.368265891032713, "a_pp_3": -9.900977716613362}, "datetime": {"datetime": "2024-07-12 22:39:45", "elapsed": 2636.063984, "delta": 9.34478}}
{"target": -20434.03533758278, "params": {"a_c_1": 20.0, "a_c_2": 10.0, "a_mm_0": 20.0, "a_mm_1": -40.0, "a_mm_2": 20.0, "a_mm_3": 20.0, "a_mp_0": 20.0, "a_mp_1": 20.0, "a_mp_2": 20.0, "a_mp_3": -40.0, "a_pm_0": 20.0, "a_pm_1": 20.0, "a_pm_2": 20.0, "a_pm_3": 20.0, "a_pp_1": 20.0, "a_pp_2": 16.829025181856267, "a_pp_3": 20.0}, "datetime": {"datetime": "2024-07-12 22:39:45", "elapsed": 2493.742756, "delta": 10.047741}}
{"target": -27066.475784789338, "params": {"a_c_1": 20.0, "a_c_2": 10.0, "a_mm_0": 20.0, "a_mm_1": -40.0, "a_mm_2": 20.0, "a_mm_3": 20.0, "a_mp_0": 20.0, "a_mp_1": -40.0, "a_mp_2": 20.0, "a_mp_3": 20.0, "a_pm_0": -40.0, "a_pm_1": -40.0, "a_pm_2": 20.0, "a_pm_3": 20.0, "a_pp_1": -40.0, "a_pp_2": 20.0, "a_pp_3": 20.0}, "datetime": {"datetime": "2024-07-12 22:39:46", "elapsed": 2515.716487, "delta": 10.791935}}
{"target": -24907.36714576024, "params": {"a_c_1": 20.0, "a_c_2": 10.0, "a_mm_0": 20.0, "a_mm_1": 20.0, "a_mm_2": 8.3183726333696, "a_mm_3": -40.0, "a_mp_0": -5.150160507134508, "a_mp_1": 20.0, "a_mp_2": 20.0, "a_mp_3": 20.0, "a_pm_0": 20.0, "a_pm_1": 20.0, "a_pm_2": -40.0, "a_pm_3": 20.0, "a_pp_1": -40.0, "a_pp_2": 20.0, "a_pp_3": 20.0}, "datetime": {"datetime": "2024-07-12 22:39:50", "elapsed": 2542.067419, "delta": 13.14574}}
{"target": -63206.302252165195, "params": {"a_c_1": 15.806824138094079, "a_c_2": 0.794991876772474, "a_mm_0": -4.808353388571284, "a_mm_1": -17.809951608137368, "a_mm_2": 19.989352849726423, "a_mm_3": -7.053549817361187, "a_mp_0": -30.932608664493735, "a_mp_1": -30.053696204886123, "a_mp_2": -2.7207681794599807, "a_mp_3": 12.658628482566236, "a_pm_0": -38.20255751632085, "a_pm_1": -16.418981399239282, "a_pm_2": -26.31391355678982, "a_pm_3": 15.786865848782035, "a_pp_1": -15.573316679471517, "a_pp_2": 6.220117786410803, "a_pp_3": -4.948408699411644}, "datetime": {"datetime": "2024-07-12 22:39:50", "elapsed": 2477.535936, "delta": 10.369089}}
{"target": -17627.86519897066, "params": {"a_c_1": 20.0, "a_c_2": 10.0, "a_mm_0": 20.0, "a_mm_1": -40.0, "a_mm_2": -27.27951759956369, "a_mm_3": 20.0, "a_mp_0": 20.0, "a_mp_1": 20.0, "a_mp_2": 20.0, "a_mp_3": 20.0, "a_pm_0": 20.0, "a_pm_1": 20.0, "a_pm_2": 20.0, "a_pm_3": 4.984438107886346, "a_pp_1": -40.0, "a_pp_2": 20.0, "a_pp_3": 20.0}, "datetime": {"datetime": "2024-07-12 22:39:55", "elapsed": 2646.301731, "delta": 10.237747}}
{"target": -227113.68406422102, "params": {"a_c_1": 4.30970692302169, "a_c_2": 9.997070604555386, "a_mm_0": -9.600087297376227, "a_mm_1": 18.956099204366296, "a_mm_2": -33.26171095700026, "a_mm_3": -15.80225833173024, "a_mp_0": 14.058498039579135, "a_mp_1": 0.7860796223765192, "a_mp_2": 15.25888722185833, "a_mp_3": -31.520943580593315, "a_pm_0": 16.89654533480926, "a_pm_1": 3.766108167466207, "a_pm_2": -39.219357730705774, "a_pm_3": 8.095980908816344, "a_pp_1": -23.203536797390328, "a_pp_2": -34.82058365605704, "a_pp_3": -12.768225656662459}, "datetime": {"datetime": "2024-07-12 22:39:55", "elapsed": 2525.20729, "delta": 9.490803}}
{"target": -26387.667581209593, "params": {"a_c_1": 20.0, "a_c_2": 10.0, "a_mm_0": 20.0, "a_mm_1": 20.0, "a_mm_2": -40.0, "a_mm_3": 20.0, "a_mp_0": 20.0, "a_mp_1": 20.0, "a_mp_2": -2.9461627563460895, "a_mp_3": 20.0, "a_pm_0": -40.0, "a_pm_1": 20.0, "a_pm_2": 20.0, "a_pm_3": -40.0, "a_pp_1": 20.0, "a_pp_2": 20.0, "a_pp_3": 20.0}, "datetime": {"datetime": "2024-07-12 22:39:56", "elapsed": 2504.23351, "delta": 10.490754}}
{"target": -526765.467097034, "params": {"a_c_1": 9.760356231229188, "a_c_2": 1.859469851053085, "a_mm_0": -4.763311173779677, "a_mm_1": -21.0934258257633, "a_mm_2": -6.349646100279557, "a_mm_3": -8.868285843088628, "a_mp_0": -2.8179829897403152, "a_mp_1": -39.82844970371847, "a_mp_2": -35.42537414122288, "a_mp_3": -22.390355381026183, "a_pm_0": -28.615769380940854, "a_pm_1": -31.813243031736963, "a_pm_2": -31.207697600456882, "a_pm_3": -30.174854634741983, "a_pp_1": -0.6800810718151808, "a_pp_2": -6.058642433441712, "a_pp_3": -30.800865116653615}, "datetime": {"datetime": "2024-07-12 22:39:59", "elapsed": 2550.664267, "delta": 8.596848}}
{"target": -112667.85929981722, "params": {"a_c_1": 4.9810014150394055, "a_c_2": 6.815667270871225, "a_mm_0": -39.24999175821388, "a_mm_1": -29.94104465637279, "a_mm_2": -14.759610239361983, "a_mm_3": -10.835304544186076, "a_mp_0": -7.522761535254901, "a_mp_1": -34.05254069542249, "a_mp_2": 0.2542874587056687, "a_mp_3": -0.9477358064041326, "a_pm_0": -20.699722385391684, "a_pm_1": -24.831551102080862, "a_pm_2": -24.936106718132105, "a_pm_3": 8.841345577337933, "a_pp_1": 11.489849255287048, "a_pp_2": 15.281368532017133, "a_pp_3": -9.531687056631341}, "datetime": {"datetime": "2024-07-12 22:40:02", "elapsed": 2489.670791, "delta": 12.134855}}
{"target": -199370.4743621099, "params": {"a_c_1": 19.757514346103434, "a_c_2": 4.2044493309676465, "a_mm_0": -32.77270331809878, "a_mm_1": -24.171139949808286, "a_mm_2": 1.0169708669648045, "a_mm_3": -16.449280417038917, "a_mp_0": -9.853394998806753, "a_mp_1": 18.181987828264198, "a_mp_2": -1.508046634518898, "a_mp_3": -3.502260626762734, "a_pm_0": 4.423006539690839, "a_pm_1": -4.891759830074271, "a_pm_2": 19.78197666179534, "a_pm_3": -32.09820483019946, "a_pp_1": -11.790787301734316, "a_pp_2": 0.5459757269345076, "a_pp_3": -28.76571929105114}, "datetime": {"datetime": "2024-07-12 22:40:04", "elapsed": 2533.43131, "delta": 8.22402}}
{"target": -20898.648758355477, "params": {"a_c_1": 20.0, "a_c_2": 10.0, "a_mm_0": 20.0, "a_mm_1": -40.0, "a_mm_2": -39.132437675700515, "a_mm_3": 20.0, "a_mp_0": 20.0, "a_mp_1": 20.0, "a_mp_2": -1.9044999970252177, "a_mp_3": 20.0, "a_pm_0": -40.0, "a_pm_1": -40.0, "a_pm_2": 20.0, "a_pm_3": 20.0, "a_pp_1": -30.39812927077407, "a_pp_2": 20.0, "a_pp_3": 20.0}, "datetime": {"datetime": "2024-07-12 22:40:06", "elapsed": 2657.501916, "delta": 11.200185}}
{"target": -5633.805513696649, "params": {"a_c_1": 0.0, "a_c_2": 10.0, "a_mm_0": 20.0, "a_mm_1": 20.0, "a_mm_2": 6.60582852426526, "a_mm_3": 20.0, "a_mp_0": -40.0, "a_mp_1": -40.0, "a_mp_2": -19.343564317887676, "a_mp_3": 20.0, "a_pm_0": -40.0, "a_pm_1": -19.006089860998074, "a_pm_2": 20.0, "a_pm_3": -20.29964548866018, "a_pp_1": 20.0, "a_pp_2": 20.0, "a_pp_3": 20.0}, "datetime": {"datetime": "2024-07-12 22:40:09", "elapsed": 2517.290542, "delta": 13.057032}}
{"target": -9667.957281745545, "params": {"a_c_1": 0.0, "a_c_2": 10.0, "a_mm_0": -40.0, "a_mm_1": -38.376001274829456, "a_mm_2": -39.774607045705146, "a_mm_3": 20.0, "a_mp_0": -40.0, "a_mp_1": 20.0, "a_mp_2": 20.0, "a_mp_3": 20.0, "a_pm_0": 20.0, "a_pm_1": -40.0, "a_pm_2": 20.0, "a_pm_3": 20.0, "a_pp_1": 20.0, "a_pp_2": 20.0, "a_pp_3": 20.0}, "datetime": {"datetime": "2024-07-12 22:40:10", "elapsed": 2561.779691, "delta": 11.115424}}
{"target": -17074.614973174506, "params": {"a_c_1": 0.0, "a_c_2": 10.0, "a_mm_0": 20.0, "a_mm_1": 20.0, "a_mm_2": 20.0, "a_mm_3": 20.0, "a_mp_0": 20.0, "a_mp_1": 20.0, "a_mp_2": -40.0, "a_mp_3": 20.0, "a_pm_0": -40.0, "a_pm_1": 20.0, "a_pm_2": -9.107133020026678, "a_pm_3": 20.0, "a_pp_1": -6.786234059089483, "a_pp_2": 20.0, "a_pp_3": -9.130106597579529}, "datetime": {"datetime": "2024-07-12 22:40:14", "elapsed": 2501.025783, "delta": 11.354992}}
{"target": -65224.60618547268, "params": {"a_c_1": 16.044974561852392, "a_c_2": 8.865136862051935, "a_mm_0": 16.343854486411978, "a_mm_1": -9.773908585531142, "a_mm_2": 11.851119401891793, "a_mm_3": -5.37629410448028, "a_mp_0": 17.82290224736049, "a_mp_1": -37.21528056173087, "a_mp_2": -14.923719213274826, "a_mp_3": 4.269377018749019, "a_pm_0": -27.784336161258807, "a_pm_1": -16.56121278854053, "a_pm_2": 14.064637918327513, "a_pm_3": -6.8106328388987265, "a_pp_1": -3.9838140903259642, "a_pp_2": -15.596872205734535, "a_pp_3": -26.66979718257015}, "datetime": {"datetime": "2024-07-12 22:40:14", "elapsed": 2543.530094, "delta": 10.098784}}
{"target": -28497.618426672274, "params": {"a_c_1": 20.0, "a_c_2": 10.0, "a_mm_0": -40.0, "a_mm_1": 20.0, "a_mm_2": 20.0, "a_mm_3": -40.0, "a_mp_0": 20.0, "a_mp_1": 20.0, "a_mp_2": 20.0, "a_mp_3": -18.266926558994996, "a_pm_0": 20.0, "a_pm_1": 20.0, "a_pm_2": -14.871870078620503, "a_pm_3": 20.0, "a_pp_1": 6.502763251811241, "a_pp_2": -14.88727108630477, "a_pp_3": 20.0}, "datetime": {"datetime": "2024-07-12 22:40:18", "elapsed": 2526.286812, "delta": 8.99627}}
{"target": -14660.720816098186, "params": {"a_c_1": 20.0, "a_c_2": 10.0, "a_mm_0": 20.0, "a_mm_1": -40.0, "a_mm_2": -38.85213031660334, "a_mm_3": -19.02098523905458, "a_mp_0": 20.0, "a_mp_1": 20.0, "a_mp_2": 20.0, "a_mp_3": 20.0, "a_pm_0": 20.0, "a_pm_1": -40.0, "a_pm_2": -20.434392983455776, "a_pm_3": 20.0, "a_pp_1": 20.0, "a_pp_2": 20.0, "a_pp_3": 20.0}, "datetime": {"datetime": "2024-07-12 22:40:20", "elapsed": 2671.149949, "delta": 13.648033}}
{"target": -34411.61407097693, "params": {"a_c_1": 20.0, "a_c_2": 10.0, "a_mm_0": 20.0, "a_mm_1": 20.0, "a_mm_2": -38.4002454680653, "a_mm_3": 20.0, "a_mp_0": 20.0, "a_mp_1": 0.47753608099069084, "a_mp_2": 20.0, "a_mp_3": 20.0, "a_pm_0": -40.0, "a_pm_1": 20.0, "a_pm_2": 20.0, "a_pm_3": 20.0, "a_pp_1": 20.0, "a_pp_2": -12.45764591627797, "a_pp_3": 20.0}, "datetime": {"datetime": "2024-07-12 22:40:21", "elapsed": 2573.524036, "delta": 11.744345}}
{"target": -102675.33672660579, "params": {"a_c_1": 14.809941541933929, "a_c_2": 7.2791423750219835, "a_mm_0": -31.93250582340535, "a_mm_1": 3.0144652884144207, "a_mm_2": -10.042892688659908, "a_mm_3": -16.352360420175344, "a_mp_0": -26.80661326158139, "a_mp_1": -8.067830352759685, "a_mp_2": -24.115872812799637, "a_mp_3": -11.876866964420842, "a_pm_0": -25.20793898424796, "a_pm_1": -35.04206177341969, "a_pm_2": 2.4584616081957833, "a_pm_3": 8.258688549971836, "a_pp_1": -21.948474713871416, "a_pp_2": 17.131296044551036, "a_pp_3": -18.26752441919726}, "datetime": {"datetime": "2024-07-12 22:40:23", "elapsed": 2552.517841, "delta": 8.987747}}
{"target": -23030.982890567215, "params": {"a_c_1": 20.0, "a_c_2": 10.0, "a_mm_0": 20.0, "a_mm_1": -40.0, "a_mm_2": 20.0, "a_mm_3": 20.0, "a_mp_0": -40.0, "a_mp_1": 20.0, "a_mp_2": 20.0, "a_mp_3": -40.0, "a_pm_0": 20.0, "a_pm_1": 20.0, "a_pm_2": -2.946527869238571, "a_pm_3": 20.0, "a_pp_1": -40.0, "a_pp_2": 20.0, "a_pp_3": 20.0}, "datetime": {"datetime": "2024-07-12 22:40:25", "elapsed": 2512.15266, "delta": 11.126877}}
{"target": -5171.648060053617, "params": {"a_c_1": 0.0, "a_c_2": 10.0, "a_mm_0": -40.0, "a_mm_1": 20.0, "a_mm_2": 20.0, "a_mm_3": 20.0, "a_mp_0": -40.0, "a_mp_1": 20.0, "a_mp_2": 20.0, "a_mp_3": 20.0, "a_pm_0": 20.0, "a_pm_1": -40.0, "a_pm_2": -40.0, "a_pm_3": 20.0, "a_pp_1": 20.0, "a_pp_2": 20.0, "a_pp_3": 20.0}, "datetime": {"datetime": "2024-07-12 22:40:30", "elapsed": 2538.502793, "delta": 12.215981}}
{"target": -333692.06249531993, "params": {"a_c_1": 9.489156634359205, "a_c_2": 1.7421159556321586, "a_mm_0": -21.082813051648138, "a_mm_1": 12.209385124732002, "a_mm_2": 17.599906359677796, "a_mm_3": -25.688671145529405, "a_mp_0": 12.364052184274811, "a_mp_1": -0.4442462070389155, "a_mp_2": -23.503177599752863, "a_mp_3": -37.611303636517285, "a_pm_0": -28.093633410275775, "a_pm_1": 1.5145754807223852, "a_pm_2": -30.513344673406934, "a_pm_3": -17.61768285981193, "a_pp_1": 17.126048031989647, "a_pp_2": 8.464281691371347, "a_pp_3": -22.903754736722316}, "datetime": {"datetime": "2024-07-12 22:40:31", "elapsed": 2560.268173, "delta": 7.750332}}
{"target": -18604.503822179995, "params": {"a_c_1": 20.0, "a_c_2": 10.0, "a_mm_0": -40.0, "a_mm_1": 20.0, "a_mm_2": 20.0, "a_mm_3": 20.0, "a_mp_0": 20.0, "a_mp_1": -40.0, "a_mp_2": -31.67671326201989, "a_mp_3": -17.313284308995474, "a_pm_0": -40.0, "a_pm_1": 20.0, "a_pm_2": 20.0, "a_pm_3": 20.0, "a_pp_1": 20.0, "a_pp_2": -2.174825067959912, "a_pp_3": 20.0}, "datetime": {"datetime": "2024-07-12 22:40:32", "elapsed": 2682.854269, "delta": 11.70432}}
{"target": -15695.288262447555, "params": {"a_c_1": 20.0, "a_c_2": 10.0, "a_mm_0": 20.0, "a_mm_1": -18.99623204946824, "a_mm_2": 20.0, "a_mm_3": -30.10622090429054, "a_mp_0": 20.0, "a_mp_1": 20.0, "a_mp_2": -8.07142847836412, "a_mp_3": 20.0, "a_pm_0": -40.0, "a_pm_1": 20.0, "a_pm_2": -21.440044314156367, "a_pm_3": 20.0, "a_pp_1": -40.0, "a_pp_2": 20.0, "a_pp_3": 20.0}, "datetime": {"datetime": "2024-07-12 22:40:33", "elapsed": 2584.98592, "delta": 11.461884}}
{"target": -58340.20236653375, "params": {"a_c_1": 2.9640390681081286, "a_c_2": 7.1756726588017115, "a_mm_0": -3.080174189331075, "a_mm_1": -16.51376484736303, "a_mm_2": 10.345526408773978, "a_mm_3": 3.1734970459950134, "a_mp_0": -16.35661072313415, "a_mp_1": -36.65597935683744, "a_mp_2": 19.060722653079885, "a_mp_3": 5.869351535814026, "a_pm_0": -28.774884023468204, "a_pm_1": 16.731877475704515, "a_pm_2": 18.723278283350197, "a_pm_3": 14.01985647379113, "a_pp_1": -25.323560561587605, "a_pp_2": -21.51602938447509, "a_pp_3": -21.353317051876235}, "datetime": {"datetime": "2024-07-12 22:40:34", "elapsed": 2521.776221, "delta": 9.623561}}
{"target": -87177.82602603512, "params": {"a_c_1": 7.801246395680437, "a_c_2": 1.272663110568042, "a_mm_0": -29.160782486737574, "a_mm_1": -24.24693688701469, "a_mm_2": -6.40691777930104, "a_mm_3": -3.2444228152254198, "a_mp_0": -2.809937887762949, "a_mp_1": 16.162137659384527, "a_mp_2": -11.332410561649965, "a_mp_3": 13.506807631982568, "a_pm_0": -13.595897188852774, "a_pm_1": -19.60988370815384, "a_pm_2": -8.188984483294046, "a_pm_3": 1.7705462522191553, "a_pp_1": -1.9806397147310548, "a_pp_2": -8.666306807159891, "a_pp_3": -31.607226332620478}, "datetime": {"datetime": "2024-07-12 22:40:39", "elapsed": 2547.511007, "delta": 9.008214}}
{"target": -69865.96322208356, "params": {"a_c_1": 18.017059679893237, "a_c_2": 9.707049610154307, "a_mm_0": -26.19867673795086, "a_mm_1": 15.245226512230829, "a_mm_2": 1.70429555614718, "a_mm_3": -0.27884979073648, "a_mp_0": -7.838099059093878, "a_mp_1": 9.803644294153841, "a_mp_2": 1.683308065674204, "a_mp_3": -10.803957721959382, "a_pm_0": 15.107144466757347, "a_pm_1": 0.4806818542330191, "a_pm_2": -16.00598170846518, "a_pm_3": -3.9777900920931444, "a_pp_1": -8.03156075544435, "a_pp_2": -30.12608124801129, "a_pp_3": -6.685639682717202}, "datetime": {"datetime": "2024-07-12 22:40:40", "elapsed": 2570.128271, "delta": 9.860098}}
{"target": -13850.617784391703, "params": {"a_c_1": 0.0, "a_c_2": 10.0, "a_mm_0": 20.0, "a_mm_1": -40.0, "a_mm_2": -40.0, "a_mm_3": -16.711401543526296, "a_mp_0": -14.946874539151452, "a_mp_1": 20.0, "a_mp_2": 20.0, "a_mp_3": 20.0, "a_pm_0": 20.0, "a_pm_1": 20.0, "a_pm_2": 20.0, "a_pm_3": 10.43755620293504, "a_pp_1": 20.0, "a_pp_2": 20.0, "a_pp_3": 20.0}, "datetime": {"datetime": "2024-07-12 22:40:42", "elapsed": 2693.588862, "delta": 10.734593}}
{"target": -48016.94003249104, "params": {"a_c_1": 20.0, "a_c_2": 10.0, "a_mm_0": 20.0, "a_mm_1": 20.0, "a_mm_2": 20.0, "a_mm_3": 20.0, "a_mp_0": 20.0, "a_mp_1": 20.0, "a_mp_2": 20.0, "a_mp_3": 20.0, "a_pm_0": 20.0, "a_pm_1": 20.0, "a_pm_2": 20.0, "a_pm_3": 20.0, "a_pp_1": -40.0, "a_pp_2": -40.0, "a_pp_3": 20.0}, "datetime": {"datetime": "2024-07-12 22:40:44", "elapsed": 2531.244417, "delta": 9.468196}}
{"target": -3240.8881446459654, "params": {"a_c_1": 20.0, "a_c_2": 10.0, "a_mm_0": -10.809172572508666, "a_mm_1": 20.0, "a_mm_2": -3.4823062193282595, "a_mm_3": 3.6357055235321627, "a_mp_0": 20.0, "a_mp_1": -12.912479201431811, "a_mp_2": -3.529827675625707, "a_mp_3": 20.0, "a_pm_0": -19.448016377696053, "a_pm_1": 20.0, "a_pm_2": 2.704971697181338, "a_pm_3": -6.079672300702784, "a_pp_1": -40.0, "a_pp_2": 4.631346905318197, "a_pp_3": 20.0}, "datetime": {"datetime": "2024-07-12 22:40:44", "elapsed": 2596.498344, "delta": 11.512424}}
{"target": -5063.702836053461, "params": {"a_c_1": 0.0, "a_c_2": 10.0, "a_mm_0": 20.0, "a_mm_1": 20.0, "a_mm_2": 20.0, "a_mm_3": 20.0, "a_mp_0": -40.0, "a_mp_1": 20.0, "a_mp_2": 20.0, "a_mp_3": 20.0, "a_pm_0": 20.0, "a_pm_1": 20.0, "a_pm_2": -40.0, "a_pm_3": 20.0, "a_pp_1": 20.0, "a_pp_2": 20.0, "a_pp_3": 20.0}, "datetime": {"datetime": "2024-07-12 22:40:48", "elapsed": 2557.025806, "delta": 9.514799}}
{"target": -4851.993470362563, "params": {"a_c_1": 20.0, "a_c_2": 10.0, "a_mm_0": -40.0, "a_mm_1": 20.0, "a_mm_2": 4.772617466367684, "a_mm_3": -19.421410126194512, "a_mp_0": 20.0, "a_mp_1": 20.0, "a_mp_2": 4.046841162447235, "a_mp_3": 20.0, "a_pm_0": -1.5014140654201442, "a_pm_1": 20.0, "a_pm_2": -27.605047484372676, "a_pm_3": 20.0, "a_pp_1": -40.0, "a_pp_2": 20.0, "a_pp_3": 20.0}, "datetime": {"datetime": "2024-07-12 22:40:53", "elapsed": 2582.288756, "delta": 12.160485}}
{"target": -33291.94555417082, "params": {"a_c_1": 20.0, "a_c_2": 10.0, "a_mm_0": 20.0, "a_mm_1": 20.0, "a_mm_2": 20.0, "a_mm_3": 20.0, "a_mp_0": 20.0, "a_mp_1": -40.0, "a_mp_2": 2.8200242524474817, "a_mp_3": 20.0, "a_pm_0": -40.0, "a_pm_1": 20.0, "a_pm_2": 20.0, "a_pm_3": 20.0, "a_pp_1": 20.0, "a_pp_2": -21.430152666771185, "a_pp_3": -18.190925457565285}, "datetime": {"datetime": "2024-07-12 22:40:54", "elapsed": 2541.132921, "delta": 9.888504}}
sed": 2704.797309, "delta": 11.208447}}
{"target": -5296.288351550999, "params": {"a_c_1": 0.0, "a_c_2": 10.0, "a_mm_0": -40.0, "a_mm_1": 20.0, "a_mm_2": 20.0, "a_mm_3": 20.0, "a_mp_0": -40.0, "a_mp_1": -23.538305085850148, "a_mp_2": -26.794709618771517, "a_mp_3": 20.0, "a_pm_0": 20.0, "a_pm_1": -40.0, "a_pm_2": 20.0, "a_pm_3": 20.0, "a_pp_1": 20.0, "a_pp_2": 20.0, "a_pp_3": 20.0}, "datetime": {"datetime": "2024-07-12 22:40:56", "elapsed": 2608.408834, "delta": 11.91049}}
