{"target": -94062.34957702631, "params": {"a_c_1": 8.942792069371308, "a_c_2": 5.054290345988224, "a_mm_0": -25.949992635083525, "a_mm_1": -30.437867660936185, "a_mm_2": 7.713221968205076, "a_mm_3": 4.093879883479175, "a_mp_0": -24.48972376849948, "a_mp_1": 8.01017415604339, "a_mp_2": -20.999284694619508, "a_mp_3": 13.872045056608002, "a_pm_0": -30.738166448015324, "a_pm_1": 0.545292892578189, "a_pm_2": 11.832806443540477, "a_pm_3": -29.729995949679328, "a_pp_1": -8.475724577360573, "a_pp_2": -14.55316327378371, "a_pp_3": 5.141296887602586}, "datetime": {"datetime": "2024-07-12 23:31:06", "elapsed": 5574.190601, "delta": 9.715303}}
{"target": -287221.10862382024, "params": {"a_c_1": 5.984726942751665, "a_c_2": 1.23901661843541, "a_mm_0": 11.75588323103755, "a_mm_1": -28.266359930027768, "a_mm_2": 7.378419828699101, "a_mm_3": -38.5085020770498, "a_mp_0": -5.6217085077945725, "a_mp_1": -21.677844569282115, "a_mp_2": 13.058258728958059, "a_mp_3": -8.038794759377499, "a_pm_0": -6.213920274577937, "a_pm_1": 11.347760432057854, "a_pm_2": -33.173728116042476, "a_pm_3": 15.507137356182788, "a_pp_1": -27.749924848194617, "a_pp_2": -22.456442858189035, "a_pp_3": -29.527996150431303}, "datetime": {"datetime": "2024-07-12 23:31:11", "elapsed": 5557.996353, "delta": 8.844695}}
{"target": -65321.32875035846, "params": {"a_c_1": 20.0, "a_c_2": 10.0, "a_mm_0": 20.0, "a_mm_1": 20.0, "a_mm_2": -40.0, "a_mm_3": -40.0, "a_mp_0": 20.0, "a_mp_1": 20.0, "a_mp_2": 20.0, "a_mp_3": 20.0, "a_pm_0": -40.0, "a_pm_1": 20.0, "a_pm_2": -33.219212517164266, "a_pm_3": 15.3844132364608, "a_pp_1": -40.0, "a_pp_2": 20.0, "a_pp_3": 20.0}, "datetime": {"datetime": "2024-07-12 23:31:12", "elapsed": 5722.834293, "delta": 11.815545}}
{"target": -7152.013494968879, "params": {"a_c_1": 0.0, "a_c_2": 10.0, "a_mm_0": -40.0, "a_mm_1": -40.0, "a_mm_2": 20.0, "a_mm_3": 20.0, "a_mp_0": -40.0, "a_mp_1": -29.82312082830845, "a_mp_2": -40.0, "a_mp_3": 20.0, "a_pm_0": 20.0, "a_pm_1": 20.0, "a_pm_2": 20.0, "a_pm_3": 20.0, "a_pp_1": 20.0, "a_pp_2": 20.0, "a_pp_3": 20.0}, "datetime": {"datetime": "2024-07-12 23:31:15", "elapsed": 5627.135615, "delta": 11.207865}}
{"target": -4312.367698800808, "params": {"a_c_1": 20.0, "a_c_2": 10.0, "a_mm_0": -40.0, "a_mm_1": 20.0, "a_mm_2": 20.0, "a_mm_3": 1.0960543221307142, "a_mp_0": -40.0, "a_mp_1": 20.0, "a_mp_2": -5.6761987538875935, "a_mp_3": 20.0, "a_pm_0": -19.53877166884523, "a_pm_1": -16.727637906407054, "a_pm_2": -5.976420945994285, "a_pm_3": 20.0, "a_pp_1": -24.618449189544236, "a_pp_2": 20.0, "a_pp_3": -2.9268423684757394}, "datetime": {"datetime": "2024-07-12 23:31:15", "elapsed": 5604.96425, "delta": 11.774916}}
{"target": -6264.954050492257, "params": {"a_c_1": 0.0, "a_c_2": 10.0, "a_mm_0": 20.0, "a_mm_1": 20.0, "a_mm_2": 20.0, "a_mm_3": 20.0, "a_mp_0": -3.7796785801848567, "a_mp_1": -40.0, "a_mp_2": 20.0, "a_mp_3": 20.0, "a_pm_0": -40.0, "a_pm_1": -40.0, "a_pm_2": -40.0, "a_pm_3": 20.0, "a_pp_1": 20.0, "a_pp_2": 20.0, "a_pp_3": 20.0}, "datetime": {"datetime": "2024-07-12 23:31:18", "elapsed": 5586.326535, "delta": 12.135934}}
{"target": -306742.84021369007, "params": {"a_c_1": 19.92502274350705, "a_c_2": 1.5745533738513706, "a_mm_0": -8.222568414032757, "a_mm_1": -19.235402151514158, "a_mm_2": 16.416165162671426, "a_mm_3": -11.016634870800537, "a_mp_0": 10.601685157408355, "a_mp_1": -26.734317809737647, "a_mp_2": -24.33731546215457, "a_mp_3": -30.208450160042354, "a_pm_0": -9.705883099724744, "a_pm_1": -31.631179112791862, "a_pm_2": -4.169755528241069, "a_pm_3": -25.718713750029647, "a_pp_1": 15.052042274015719, "a_pp_2": -29.87276400299124, "a_pp_3": -36.60221521516255}, "datetime": {"datetime": "2024-07-12 23:31:20", "elapsed": 5731.365303, "delta": 8.53101}}
{"target": -105179.53578558128, "params": {"a_c_1": 11.459674934763944, "a_c_2": 3.317741112401337, "a_mm_0": -29.847613561591007, "a_mm_1": -5.543582433511553, "a_mm_2": 15.563687547084484, "a_mm_3": -7.844412442474621, "a_mp_0": -14.30106869519603, "a_mp_1": -2.997116591202868, "a_mp_2": 13.481096078712874, "a_mp_3": -30.46257110772104, "a_pm_0": 4.903384764984715, "a_pm_1": -37.84922481177065, "a_pm_2": -27.53127135340901, "a_pm_3": -27.968851137609033, "a_pp_1": -25.99169569738128, "a_pp_2": 6.725978958015105, "a_pp_3": 18.203914915833906}, "datetime": {"datetime": "2024-07-12 23:31:21", "elapsed": 5568.079585, "delta": 10.083232}}
{"target": -5869.32684015711, "params": {"a_c_1": 20.0, "a_c_2": 10.0, "a_mm_0": -40.0, "a_mm_1": -9.523920981639776, "a_mm_2": -40.0, "a_mm_3": 20.0, "a_mp_0": 20.0, "a_mp_1": 20.0, "a_mp_2": 20.0, "a_mp_3": 20.0, "a_pm_0": -40.0, "a_pm_1": 20.0, "a_pm_2": -13.502865763200381, "a_pm_3": -7.98398944627267, "a_pp_1": 1.2562841767840764, "a_pp_2": 20.0, "a_pp_3": 20.0}, "datetime": {"datetime": "2024-07-12 23:31:29", "elapsed": 5640.963131, "delta": 13.827516}}
{"target": -5416.942147039868, "params": {"a_c_1": 0.0, "a_c_2": 10.0, "a_mm_0": -40.0, "a_mm_1": 20.0, "a_mm_2": 20.0, "a_mm_3": 20.0, "a_mp_0": 20.0, "a_mp_1": 20.0, "a_mp_2": -39.99999999999999, "a_mp_3": 20.0, "a_pm_0": 20.0, "a_pm_1": 20.0, "a_pm_2": 20.0, "a_pm_3": 20.0, "a_pp_1": 20.0, "a_pp_2": 20.0, "a_pp_3": 20.0}, "datetime": {"datetime": "2024-07-12 23:31:29", "elapsed": 5619.206399, "delta": 14.242149}}
{"target": -181603.95353901785, "params": {"a_c_1": 2.407683905138762, "a_c_2": 3.060212856321698, "a_mm_0": -15.581729507925694, "a_mm_1": -38.34750837061087, "a_mm_2": -15.852475873257962, "a_mm_3": 9.171678485420166, "a_mp_0": -23.430140698082138, "a_mp_1": -31.834281921730913, "a_mp_2": -16.878538663088808, "a_mp_3": 10.432142047492093, "a_pm_0": -25.18978516272552, "a_pm_1": -31.753175814990183, "a_pm_2": 2.628696984078296, "a_pm_3": 11.681446953986821, "a_pp_1": -28.558614320612115, "a_pp_2": -3.4432435093795135, "a_pp_3": 17.230753091837798}, "datetime": {"datetime": "2024-07-12 23:31:30", "elapsed": 5577.614607, "delta": 9.535022}}
{"target": -7992.916012866612, "params": {"a_c_1": 20.0, "a_c_2": 0.0, "a_mm_0": 20.0, "a_mm_1": 20.0, "a_mm_2": 20.0, "a_mm_3": 20.0, "a_mp_0": 20.0, "a_mp_1": -40.0, "a_mp_2": -40.0, "a_mp_3": 20.0, "a_pm_0": 20.0, "a_pm_1": 20.0, "a_pm_2": 20.0, "a_pm_3": 20.0, "a_pp_1": 20.0, "a_pp_2": 20.0, "a_pp_3": 20.0}, "datetime": {"datetime": "2024-07-12 23:31:31", "elapsed": 5742.325591, "delta": 10.960288}}
{"target": -17037.27711485992, "params": {"a_c_1": 20.0, "a_c_2": 10.0, "a_mm_0": 20.0, "a_mm_1": 20.0, "a_mm_2": -23.44628042020157, "a_mm_3": 20.0, "a_mp_0": 20.0, "a_mp_1": 20.0, "a_mp_2": -34.56842461363792, "a_mp_3": 20.0, "a_pm_0": 20.0, "a_pm_1": -40.0, "a_pm_2": 20.0, "a_pm_3": -18.225045453040064, "a_pp_1": 20.0, "a_pp_2": 20.0, "a_pp_3": 20.0}, "datetime": {"datetime": "2024-07-12 23:31:31", "elapsed": 5599.896032, "delta": 13.569497}}
{"target": -155439.71724076336, "params": {"a_c_1": 5.653903935150044, "a_c_2": 4.968979295528282, "a_mm_0": -9.18270067702549, "a_mm_1": -4.615951540295292, "a_mm_2": -36.525202834713866, "a_mm_3": 13.051959767769446, "a_mp_0": 14.757441201286817, "a_mp_1": -11.030314470533426, "a_mp_2": -0.34905584717095905, "a_mp_3": -29.498410154017826, "a_pm_0": -21.371432367527795, "a_pm_1": -10.884592648663581, "a_pm_2": -0.47891559670295436, "a_pm_3": -26.632509855931303, "a_pp_1": -10.125100717599892, "a_pp_2": -5.9006754758016555, "a_pp_3": -10.464266436704634}, "datetime": {"datetime": "2024-07-12 23:31:40", "elapsed": 5629.654346, "delta": 10.447947}}
{"target": -5838.550708140582, "params": {"a_c_1": 0.0, "a_c_2": 10.0, "a_mm_0": -40.0, "a_mm_1": -12.691102970858013, "a_mm_2": -10.332240509477725, "a_mm_3": 20.0, "a_mp_0": 20.0, "a_mp_1": 20.0, "a_mp_2": -13.158194191082965, "a_mp_3": 20.0, "a_pm_0": 20.0, "a_pm_1": 20.0, "a_pm_2": 20.0, "a_pm_3": -19.84477839111041, "a_pp_1": -10.633266451709188, "a_pp_2": 20.0, "a_pp_3": 20.0}, "datetime": {"datetime": "2024-07-12 23:31:41", "elapsed": 5653.564684, "delta": 12.601553}}
{"target": -6856.098875678331, "params": {"a_c_1": 0.0, "a_c_2": 10.0, "a_mm_0": -40.0, "a_mm_1": 20.0, "a_mm_2": 20.0, "a_mm_3": 20.0, "a_mp_0": 20.0, "a_mp_1": 20.0, "a_mp_2": -40.0, "a_mp_3": 20.0, "a_pm_0": 20.0, "a_pm_1": -40.0, "a_pm_2": 20.0, "a_pm_3": 20.0, "a_pp_1": 20.0, "a_pp_2": 20.0, "a_pp_3": 20.0}, "datetime": {"datetime": "2024-07-12 23:31:44", "elapsed": 5612.923433, "delta": 13.027401}}
{"target": -8715.159282329505, "params": {"a_c_1": 0.0, "a_c_2": 0.0, "a_mm_0": -40.0, "a_mm_1": 20.0, "a_mm_2": -40.0, "a_mm_3": 20.0, "a_mp_0": -40.0, "a_mp_1": 20.0, "a_mp_2": 20.0, "a_mp_3": 20.0, "a_pm_0": -40.0, "a_pm_1": 20.0, "a_pm_2": 20.0, "a_pm_3": -21.772113978628372, "a_pp_1": -40.0, "a_pp_2": 20.0, "a_pp_3": 20.0}, "datetime": {"datetime": "2024-07-12 23:31:45", "elapsed": 5756.105484, "delta": 13.779893}}
{"target": -6130.997988819854, "params": {"a_c_1": 0.0, "a_c_2": 10.0, "a_mm_0": 20.0, "a_mm_1": 20.0, "a_mm_2": 20.0, "a_mm_3": 20.0, "a_mp_0": -40.0, "a_mp_1": 20.0, "a_mp_2": -28.736195603717206, "a_mp_3": 20.0, "a_pm_0": -40.0, "a_pm_1": -40.0, "a_pm_2": -24.071085789571114, "a_pm_3": 20.0, "a_pp_1": 20.0, "a_pp_2": 20.0, "a_pp_3": 20.0}, "datetime": {"datetime": "2024-07-12 23:31:45", "elapsed": 5592.812187, "delta": 15.19758}}
{"target": -239984.93187510528, "params": {"a_c_1": 18.578025429799993, "a_c_2": 6.011494882314313, "a_mm_0": -24.62200545802677, "a_mm_1": 18.27899914096966, "a_mm_2": -8.069555725131718, "a_mm_3": -9.830001227858407, "a_mp_0": 10.62630568463549, "a_mp_1": 6.497669304282631, "a_mp_2": -33.89534295709631, "a_mp_3": -16.136643933303358, "a_pm_0": 19.629994641680618, "a_pm_1": -0.6673029094151701, "a_pm_2": -7.317657196773823, "a_pm_3": -34.999331754277826, "a_pp_1": 8.383454262474558, "a_pp_2": -38.62302780277458, "a_pp_3": -8.835738691366696}, "datetime": {"datetime": "2024-07-12 23:31:50", "elapsed": 5639.452295, "delta": 9.797949}}
{"target": -29861.99514337354, "params": {"a_c_1": 20.0, "a_c_2": 10.0, "a_mm_0": -40.0, "a_mm_1": 20.0, "a_mm_2": 20.0, "a_mm_3": 20.0, "a_mp_0": -40.0, "a_mp_1": -6.919411745590572, "a_mp_2": 20.0, "a_mp_3": -21.90649257893617, "a_pm_0": -40.0, "a_pm_1": 20.0, "a_pm_2": -40.0, "a_pm_3": -5.3557784179165075, "a_pp_1": 13.173175534351175, "a_pp_2": 7.155983832390929, "a_pp_3": 20.0}, "datetime": {"datetime": "2024-07-12 23:31:53", "elapsed": 5665.508198, "delta": 11.943514}}
{"target": -123453.02167818877, "params": {"a_c_1": 19.31340800383266, "a_c_2": 6.607130206831436, "a_mm_0": 19.388043459599032, "a_mm_1": 15.358548008301746, "a_mm_2": -0.7671037003477394, "a_mm_3": 9.919432118606686, "a_mp_0": -18.311552763990544, "a_mp_1": 3.9041375001246266, "a_mp_2": -27.299072850450507, "a_mp_3": 12.43227127503036, "a_pm_0": 8.505565222076427, "a_pm_1": -30.717359233566576, "a_pm_2": -20.174043684006897, "a_pm_3": -28.706121494316427, "a_pp_1": -21.88910270165261, "a_pp_2": 4.869807377212837, "a_pp_3": -9.411696891495616}, "datetime": {"datetime": "2024-07-12 23:31:54", "elapsed": 5622.777448, "delta": 9.854015}}
{"target": -314097.8388563627, "params": {"a_c_1": 3.5059319880676942, "a_c_2": 3.515226694150857, "a_mm_0": -35.4593075972665, "a_mm_1": -30.753666973099, "a_mm_2": -17.04549105717739, "a_mm_3": -38.13004803740017, "a_mp_0": -18.60328083608675, "a_mp_1": -4.160692900902468, "a_mp_2": -16.300188975742, "a_mp_3": 5.634346513243074, "a_pm_0": -31.745908816543533, "a_pm_1": -36.042189079195296, "a_pm_2": -16.94098584420623, "a_pm_3": -15.94999493919477, "a_pp_1": 18.99663701601618, "a_pp_2": -33.63370386269888, "a_pp_3": 11.121604984460824}, "datetime": {"datetime": "2024-07-12 23:31:54", "elapsed": 5765.526925, "delta": 9.421441}}
{"target": -96030.31739261505, "params": {"a_c_1": 17.438142255299557, "a_c_2": 5.177393539652268, "a_mm_0": -13.12659681229568, "a_mm_1": -1.6307853368409226, "a_mm_2": 11.101849484110332, "a_mm_3": 5.8742835570217835, "a_mp_0": 1.862639075324303, "a_mp_1": 9.8429856232097, "a_mp_2": -25.387837170510107, "a_mp_3": 8.11501710255326, "a_pm_0": -17.93643108988283, "a_pm_1": -29.99989523253923, "a_pm_2": -27.4025703503142, "a_pm_3": -3.0482151323426834, "a_pp_1": -27.36032721203342, "a_pp_2": 4.392371947858365, "a_pp_3": -1.1198680725008288}, "datetime": {"datetime": "2024-07-12 23:31:55", "elapsed": 5602.736247, "delta": 9.92406}}
{"target": -213349.06528428203, "params": {"a_c_1": 6.669292982984921, "a_c_2": 5.37736834996422, "a_mm_0": -0.7378190406883576, "a_mm_1": -33.440385045012626, "a_mm_2": -36.048893856300566, "a_mm_3": -27.421628812926855, "a_mp_0": -34.13285957871453, "a_mp_1": 0.6592794250221985, "a_mp_2": -25.280552834923554, "a_mp_3": 3.3534512069481153, "a_pm_0": -15.330599323212503, "a_pm_1": 8.717247834601892, "a_pm_2": -26.044531359414087, "a_pm_3": 13.659236439041017, "a_pp_1": -17.828978453496415, "a_pp_2": 7.815907782144087, "a_pp_3": -18.82125743730907}, "datetime": {"datetime": "2024-07-12 23:31:59", "elapsed": 5648.891976, "delta": 9.439681}}
{"target": -266758.77883907955, "params": {"a_c_1": 7.092648306719552, "a_c_2": 7.766324484755347, "a_mm_0": -25.54718524447496, "a_mm_1": -19.702439993271827, "a_mm_2": 18.37376620499049, "a_mm_3": -1.8077449522774458, "a_mp_0": 7.948813469354214, "a_mp_1": -9.934363609763093, "a_mp_2": -23.53975251865584, "a_mp_3": -29.45411884585699, "a_pm_0": -34.82910453160168, "a_pm_1": -2.1865529470827667, "a_pm_2": -17.779329959950825, "a_pm_3": -27.322026194143177, "a_pp_1": -11.349487438613316, "a_pp_2": -35.45697641912271, "a_pp_3": -21.867955866164166}, "datetime": {"datetime": "2024-07-12 23:32:04", "elapsed": 5633.028236, "delta": 10.250788}}
{"target": -32913.488920109005, "params": {"a_c_1": 0.0, "a_c_2": 10.0, "a_mm_0": -40.0, "a_mm_1": -10.82251536770475, "a_mm_2": 20.0, "a_mm_3": 20.0, "a_mp_0": -40.0, "a_mp_1": 20.0, "a_mp_2": -40.0, "a_mp_3": 20.0, "a_pm_0": 20.0, "a_pm_1": 20.0, "a_pm_2": 15.100010161421677, "a_pm_3": -15.56103103947771, "a_pp_1": -25.18361300423657, "a_pp_2": 20.0, "a_pp_3": -8.502274600879154}, "datetime": {"datetime": "2024-07-12 23:32:04", "elapsed": 5676.594971, "delta": 11.086773}}
{"target": -185505.3670785208, "params": {"a_c_1": 0.2886898847177899, "a_c_2": 1.9571212137917926, "a_mm_0": -26.57798918951132, "a_mm_1": -14.194037095367882, "a_mm_2": 5.605988451883135, "a_mm_3": -23.568440173642752, "a_mp_0": -12.722500017901517, "a_mp_1": 0.49495253460320754, "a_mp_2": 15.53353448408508, "a_mp_3": -19.04191739647503, "a_pm_0": -19.96661097180603, "a_pm_1": -25.40106785228764, "a_pm_2": -27.866878519615046, "a_pm_3": 6.240818476916111, "a_pp_1": -38.07645855307917, "a_pp_2": 14.895960288891999, "a_pp_3": -37.63504822680116}, "datetime": {"datetime": "2024-07-12 23:32:06", "elapsed": 5613.056431, "delta": 10.320184}}
{"target": -85481.7507664176, "params": {"a_c_1": 15.69847738426361, "a_c_2": 1.5735729124028397, "a_mm_0": -28.58963179325946, "a_mm_1": -18.502128784008754, "a_mm_2": -12.514702747624177, "a_mm_3": -38.90889090164767, "a_mp_0": -10.981066851611633, "a_mp_1": -39.103346935090435, "a_mp_2": 17.993016971344254, "a_mp_3": 15.192490529117165, "a_pm_0": 9.069264418801055, "a_pm_1": -20.248614049100777, "a_pm_2": -1.552004685942677, "a_pm_3": 18.01078990146444, "a_pp_1": 13.589952274118033, "a_pp_2": -5.039791963059585, "a_pp_3": -2.637464172277653}, "datetime": {"datetime": "2024-07-12 23:32:06", "elapsed": 5776.993654, "delta": 11.466729}}
{"target": -6829.627996525713, "params": {"a_c_1": 20.0, "a_c_2": 10.0, "a_mm_0": -40.0, "a_mm_1": -3.941539203488075, "a_mm_2": 20.0, "a_mm_3": 20.0, "a_mp_0": 20.0, "a_mp_1": 20.0, "a_mp_2": 20.0, "a_mp_3": 20.0, "a_pm_0": 20.0, "a_pm_1": -40.0, "a_pm_2": 20.0, "a_pm_3": -13.59487834675588, "a_pp_1": -40.0, "a_pp_2": 20.0, "a_pp_3": 20.0}, "datetime": {"datetime": "2024-07-12 23:32:11", "elapsed": 5660.693605, "delta": 11.801629}}
{"target": -9451.408859372015, "params": {"a_c_1": 20.0, "a_c_2": 0.0, "a_mm_0": 20.0, "a_mm_1": 20.0, "a_mm_2": -0.0008963985003366271, "a_mm_3": 20.0, "a_mp_0": 20.0, "a_mp_1": -40.0, "a_mp_2": 20.0, "a_mp_3": 20.0, "a_pm_0": 20.0, "a_pm_1": -40.0, "a_pm_2": 20.0, "a_pm_3": 20.0, "a_pp_1": -22.67182099354756, "a_pp_2": 20.0, "a_pp_3": 20.0}, "datetime": {"datetime": "2024-07-12 23:32:15", "elapsed": 5643.894399, "delta": 10.866163}}
{"target": -59201.61845437396, "params": {"a_c_1": 9.397915513304646, "a_c_2": 2.6083566332906516, "a_mm_0": 8.414613490482878, "a_mm_1": -5.527694248044334, "a_mm_2": 6.141114391374202, "a_mm_3": 11.737166400127236, "a_mp_0": -21.459770990952332, "a_mp_1": 19.00745892857085, "a_mp_2": -1.6519009161165172, "a_mp_3": -11.474098196850054, "a_pm_0": 6.913666583839387, "a_pm_1": -9.066745151892619, "a_pm_2": -32.40029653728214, "a_pm_3": 4.8956163220428195, "a_pp_1": 15.342882346108247, "a_pp_2": -7.149968102595864, "a_pp_3": -20.24806952593266}, "datetime": {"datetime": "2024-07-12 23:32:15", "elapsed": 5786.486671, "delta": 9.493017}}
{"target": -25773.62492656345, "params": {"a_c_1": 20.0, "a_c_2": 10.0, "a_mm_0": -40.0, "a_mm_1": 20.0, "a_mm_2": -40.0, "a_mm_3": -10.05611064720239, "a_mp_0": 20.0, "a_mp_1": -40.0, "a_mp_2": 20.0, "a_mp_3": 20.0, "a_pm_0": -40.0, "a_pm_1": 20.0, "a_pm_2": -39.05094256126971, "a_pm_3": 20.0, "a_pp_1": -24.6694223873051, "a_pp_2": 20.0, "a_pp_3": 20.0}, "datetime": {"datetime": "2024-07-12 23:32:18", "elapsed": 5690.444259, "delta": 13.849288}}
{"target": -9336.088753857, "params": {"a_c_1": 0.0, "a_c_2": 10.0, "a_mm_0": 20.0, "a_mm_1": -40.0, "a_mm_2": -12.889206056398892, "a_mm_3": 20.0, "a_mp_0": 20.0, "a_mp_1": 20.0, "a_mp_2": -29.08797583663719, "a_mp_3": -9.097407604088652, "a_pm_0": 6.3317801749267435, "a_pm_1": -12.671055795656361, "a_pm_2": 20.0, "a_pm_3": 20.0, "a_pp_1": 20.0, "a_pp_2": 20.0, "a_pp_3": 20.0}, "datetime": {"datetime": "2024-07-12 23:32:19", "elapsed": 5626.081455, "delta": 13.025024}}
{"target": -10208.825233480951, "params": {"a_c_1": 20.0, "a_c_2": 10.0, "a_mm_0": 20.0, "a_mm_1": -40.0, "a_mm_2": 20.0, "a_mm_3": 20.0, "a_mp_0": -40.0, "a_mp_1": 20.0, "a_mp_2": 20.0, "a_mp_3": 20.0, "a_pm_0": -40.0, "a_pm_1": 20.0, "a_pm_2": 20.0, "a_pm_3": 20.0, "a_pp_1": -40.0, "a_pp_2": -11.920439179615224, "a_pp_3": 20.0}, "datetime": {"datetime": "2024-07-12 23:32:24", "elapsed": 5673.622185, "delta": 12.92858}}
{"target": -216870.42559345486, "params": {"a_c_1": 3.088090963176886, "a_c_2": 6.038729960084247, "a_mm_0": -1.105931722404776, "a_mm_1": -0.9030943191831469, "a_mm_2": -32.39188050760629, "a_mm_3": 10.050943427411397, "a_mp_0": -20.759546106252728, "a_mp_1": -30.700057908784586, "a_mp_2": -18.89427355962018, "a_mp_3": -3.6148044106375607, "a_pm_0": -35.90695199621314, "a_pm_1": -12.063199809562395, "a_pm_2": -18.621143042666535, "a_pm_3": -36.26811906113276, "a_pp_1": -17.316917117417542, "a_pp_2": 10.903755208779458, "a_pp_3": -8.582991044531681}, "datetime": {"datetime": "2024-07-12 23:32:25", "elapsed": 5653.669343, "delta": 9.774944}}
{"target": -181550.26646786323, "params": {"a_c_1": 0.5443031697266076, "a_c_2": 7.326066242827015, "a_mm_0": -7.021344117856458, "a_mm_1": 17.68072158509912, "a_mm_2": -18.46015992980205, "a_mm_3": 15.948066785447999, "a_mp_0": -8.401559759164797, "a_mp_1": 15.735205670879623, "a_mp_2": 10.341865279934389, "a_mp_3": -31.578561339548525, "a_pm_0": 15.238533934165197, "a_pm_1": -21.912240241908755, "a_pm_2": -16.473324593635123, "a_pm_3": 5.48013373180855, "a_pp_1": -17.36140878057625, "a_pp_2": -31.61332353199863, "a_pp_3": -34.184795890944805}, "datetime": {"datetime": "2024-07-12 23:32:28", "elapsed": 5635.104011, "delta": 9.022556}}
{"target": -3096.6428518975717, "params": {"a_c_1": 20.0, "a_c_2": 10.0, "a_mm_0": 20.0, "a_mm_1": -40.0, "a_mm_2": 20.0, "a_mm_3": 20.0, "a_mp_0": -40.0, "a_mp_1": 20.0, "a_mp_2": 20.0, "a_mp_3": 20.0, "a_pm_0": 20.0, "a_pm_1": 20.0, "a_pm_2": 20.0, "a_pm_3": 20.0, "a_pp_1": 20.0, "a_pp_2": -0.8099477711127067, "a_pp_3": 20.0}, "datetime": {"datetime": "2024-07-12 23:32:28", "elapsed": 5799.460046, "delta": 12.973375}}
{"target": -184985.59140441133, "params": {"a_c_1": 9.293244813358816, "a_c_2": 8.257276781399845, "a_mm_0": 18.748362680543956, "a_mm_1": 1.146773698450822, "a_mm_2": -26.243305608163258, "a_mm_3": 13.74285611329514, "a_mp_0": 1.129043198629418, "a_mp_1": -15.288037776720834, "a_mp_2": -32.97195720660662, "a_mp_3": -37.03421713349218, "a_pm_0": -8.369092769037046, "a_pm_1": -12.422771404985468, "a_pm_2": -14.684604107257254, "a_pm_3": 4.258262043372788, "a_pp_1": -1.491971636519807, "a_pp_2": -7.570997658063007, "a_pp_3": -18.03635917494738}, "datetime": {"datetime": "2024-07-12 23:32:28", "elapsed": 5700.524318, "delta": 10.080059}}
{"target": -4079.7922752835166, "params": {"a_c_1": 20.0, "a_c_2": 10.0, "a_mm_0": -40.0, "a_mm_1": 20.0, "a_mm_2": 20.0, "a_mm_3": -5.928995632420493, "a_mp_0": 20.0, "a_mp_1": -31.045708143064257, "a_mp_2": 2.095984734738262, "a_mp_3": 20.0, "a_pm_0": 20.0, "a_pm_1": 20.0, "a_pm_2": 0.047836115966679256, "a_pm_3": 20.0, "a_pp_1": -40.0, "a_pp_2": 20.0, "a_pp_3": 2.067629651398325}, "datetime": {"datetime": "2024-07-12 23:32:38", "elapsed": 5687.592072, "delta": 13.969887}}
{"target": -242023.0416122374, "params": {"a_c_1": 14.716794603016062, "a_c_2": 9.627896536574896, "a_mm_0": 5.271989708684771, "a_mm_1": -36.55073046659662, "a_mm_2": -8.409380340525349, "a_mm_3": 15.020580893714346, "a_mp_0": 11.762360433897207, "a_mp_1": -6.790842189418207, "a_mp_2": -31.24534985635777, "a_mp_3": -0.5003122966501294, "a_pm_0": -30.305928018661564, "a_pm_1": -31.427483816999313, "a_pm_2": 12.547140118683288, "a_pm_3": -34.59199048234064, "a_pp_1": -27.852712229931306, "a_pp_2": -9.769069021008075, "a_pp_3": -26.267631714086228}, "datetime": {"datetime": "2024-07-12 23:32:38", "elapsed": 5809.01832, "delta": 9.558274}}
