{"target": -463000.0445585533, "params": {"a_c_1": 15.510424634837833, "a_c_2": 2.5536930240606956, "a_mm_0": 4.00711837586082, "a_mm_1": -6.0001916861563345, "a_mm_2": -23.410322314307827, "a_mm_3": 3.2388394124984217, "a_mp_0": -22.98720018049191, "a_mp_1": -19.50582080084531, "a_mp_2": -27.854533390900052, "a_mp_3": -6.528339471020573, "a_pm_0": -13.099381570663738, "a_pm_1": -2.0613448099622005, "a_pm_2": -39.36926876233065, "a_pm_3": -15.655944008864275, "a_pp_1": -37.7469146613287, "a_pp_2": -21.696818322139002, "a_pp_3": -34.8240136828526}, "datetime": {"datetime": "2024-07-12 22:04:46", "elapsed": 437.713708, "delta": 8.300821}}
{"target": -183025.26385070724, "params": {"a_c_1": 1.4183680094077444, "a_c_2": 1.5260398704227185, "a_mm_0": -39.00544702594395, "a_mm_1": -33.17221861315559, "a_mm_2": -0.8926434393945755, "a_mm_3": -15.840588869504849, "a_mp_0": -20.73842114996105, "a_mp_1": -6.525280345373652, "a_mp_2": 19.607627785990992, "a_mp_3": 10.069190841081777, "a_pm_0": 1.9773909439750312, "a_pm_1": 15.095515347923474, "a_pm_2": -37.616277599014914, "a_pm_3": -35.77999350306848, "a_pp_1": -11.559622600716722, "a_pp_2": -19.04995522257536, "a_pp_3": 16.235123727706934}, "datetime": {"datetime": "2024-07-12 22:04:47", "elapsed": 537.954563, "delta": 9.635858}}
{"target": -573952.7834354301, "params": {"a_c_1": 10.352344333289484, "a_c_2": 3.8963363312263386, "a_mm_0": 4.78654101720138, "a_mm_1": -17.762634293765068, "a_mm_2": -14.541651743901333, "a_mm_3": -38.89835867320687, "a_mp_0": -9.534311400306638, "a_mp_1": -27.703156995592103, "a_mp_2": 17.98094122539586, "a_mp_3": -34.45142703788929, "a_pm_0": -37.502846073145356, "a_pm_1": -8.973809559634336, "a_pm_2": 19.007450147860773, "a_pm_3": -23.56325781342764, "a_pp_1": -32.01560998715687, "a_pp_2": -34.56768597697886, "a_pp_3": -39.790940847855}, "datetime": {"datetime": "2024-07-12 22:04:49", "elapsed": 376.717141, "delta": 7.90775}}
{"target": -264600.1137877014, "params": {"a_c_1": 7.897046968293351, "a_c_2": 8.826192882660205, "a_mm_0": 17.089237698246073, "a_mm_1": -21.291464122110906, "a_mm_2": -27.679977086561557, "a_mm_3": -38.7656617937111, "a_mp_0": 1.951630097741564, "a_mp_1": -35.64639784245608, "a_mp_2": 19.8359042843545, "a_mp_3": -21.994707468510924, "a_pm_0": 17.76047273045623, "a_pm_1": 3.4229962125795126, "a_pm_2": -15.253871579648354, "a_pm_3": -20.70748166752192, "a_pp_1": 0.25978589569321997, "a_pp_2": 15.833685523921744, "a_pp_3": -23.9763722208053}, "datetime": {"datetime": "2024-07-12 22:04:49", "elapsed": 398.028004, "delta": 7.735339}}
{"target": -173769.35501138674, "params": {"a_c_1": 16.409309831707702, "a_c_2": 6.885414541985635, "a_mm_0": -0.5556372965030718, "a_mm_1": -36.89424890933599, "a_mm_2": 2.326817217334664, "a_mm_3": -19.719153112175707, "a_mp_0": 8.86855176332584, "a_mp_1": -30.63667819647229, "a_mp_2": -19.873976899917665, "a_mp_3": -33.81365718813313, "a_pm_0": -38.898633492048376, "a_pm_1": -20.586022630223766, "a_pm_2": 1.9627701387787724, "a_pm_3": -14.813240279150804, "a_pp_1": -22.123412575563577, "a_pp_2": 16.17515500803156, "a_pp_3": 3.6020314802135616}, "datetime": {"datetime": "2024-07-12 22:04:54", "elapsed": 424.228193, "delta": 10.079722}}
{"target": -213034.91219222956, "params": {"a_c_1": 10.910789600547975, "a_c_2": 9.204465606015443, "a_mm_0": 11.261281120516095, "a_mm_1": -10.524620361238494, "a_mm_2": -19.348896004016265, "a_mm_3": -39.86745760318959, "a_mp_0": -1.3233791135015949, "a_mp_1": -20.678339687813068, "a_mp_2": -16.53988226545359, "a_mp_3": -2.668885225254215, "a_pm_0": -28.92974412584858, "a_pm_1": -6.332098170150829, "a_pm_2": -13.015663341448565, "a_pm_3": -17.407195899801437, "a_pp_1": 10.266428813027126, "a_pp_2": 3.865722909145674, "a_pp_3": -30.511630250950248}, "datetime": {"datetime": "2024-07-12 22:04:55", "elapsed": 447.326786, "delta": 9.613078}}
{"target": -224124.20929228223, "params": {"a_c_1": 9.79129922290337, "a_c_2": 5.396491100933506, "a_mm_0": 13.715621943873245, "a_mm_1": -13.201897250578568, "a_mm_2": 12.622063356221119, "a_mm_3": -24.7850950377023, "a_mp_0": -23.571417750513486, "a_mp_1": -20.29831659474459, "a_mp_2": -7.146143771142789, "a_mp_3": -26.792279558381125, "a_pm_0": 0.2857502648763983, "a_pm_1": -31.432403031819973, "a_pm_2": -34.35398353002164, "a_pm_3": 12.211504772322655, "a_pp_1": -25.78787778658009, "a_pp_2": -16.83975933864427, "a_pp_3": -5.707474436480062}, "datetime": {"datetime": "2024-07-12 22:04:57", "elapsed": 548.44474, "delta": 10.490177}}
{"target": -158051.4913029209, "params": {"a_c_1": 12.902356210563386, "a_c_2": 4.33893850567602, "a_mm_0": -37.684109441668866, "a_mm_1": -36.93304651798234, "a_mm_2": -37.26925321002286, "a_mm_3": -37.22614143682468, "a_mp_0": -21.579455802987056, "a_mp_1": 7.85192414486167, "a_mp_2": 16.630252421974653, "a_mp_3": -15.342609950550806, "a_pm_0": 6.517998115047078, "a_pm_1": 13.240207666163684, "a_pm_2": -24.609707692371586, "a_pm_3": -2.3505114590920755, "a_pp_1": 17.227280163153104, "a_pp_2": -5.453329819980468, "a_pp_3": 3.363773533569052}, "datetime": {"datetime": "2024-07-12 22:04:57", "elapsed": 406.068432, "delta": 8.040428}}
{"target": -156020.69279707453, "params": {"a_c_1": 12.314249133123667, "a_c_2": 3.532369996141904, "a_mm_0": 9.20045235280471, "a_mm_1": -26.698196112087082, "a_mm_2": -7.120001208710221, "a_mm_3": -36.73613004971057, "a_mp_0": -20.625936565986688, "a_mp_1": 14.45218389809714, "a_mp_2": -3.7945123123406574, "a_mp_3": -12.175647647853207, "a_pm_0": 15.869399406596152, "a_pm_1": -19.035591444089853, "a_pm_2": -35.65247680437321, "a_pm_3": -12.685263844296795, "a_pp_1": -4.651684645720344, "a_pp_2": 7.969707788042022, "a_pp_3": -17.8962990262143}, "datetime": {"datetime": "2024-07-12 22:05:01", "elapsed": 388.066604, "delta": 11.349463}}
{"target": -418874.929650879, "params": {"a_c_1": 18.232561685064297, "a_c_2": 0.019239424662348403, "a_mm_0": -25.40905141163629, "a_mm_1": -31.77575838658985, "a_mm_2": -19.517614517404887, "a_mm_3": -31.120650876424165, "a_mp_0": -23.129592250078346, "a_mp_1": -15.972747636474253, "a_mp_2": -11.596842607100111, "a_mp_3": -23.809070870249233, "a_pm_0": -35.921310338385375, "a_pm_1": -7.566462204776464, "a_pm_2": -1.9969218589430255, "a_pm_3": -0.6431639954695854, "a_pp_1": -38.2792748569954, "a_pp_2": -33.648240945069844, "a_pp_3": 0.09581027949630538}, "datetime": {"datetime": "2024-07-12 22:05:04", "elapsed": 455.848858, "delta": 8.522072}}
{"target": -66467.90649646326, "params": {"a_c_1": 19.432512698378787, "a_c_2": 3.029459471766398, "a_mm_0": -28.35852985684443, "a_mm_1": 18.10139767162704, "a_mm_2": -35.23298216239306, "a_mm_3": 7.129547538925131, "a_mp_0": 16.836975458112995, "a_mp_1": 3.0841108046844212, "a_mp_2": -5.5334123858727935, "a_mp_3": -17.862791501055955, "a_pm_0": -22.268494357703176, "a_pm_1": -35.97423691918391, "a_pm_2": -17.26754837807367, "a_pm_3": -9.824594481185123, "a_pp_1": -25.071644978137677, "a_pp_2": 18.176982280604634, "a_pp_3": 19.912796450708605}, "datetime": {"datetime": "2024-07-12 22:05:04", "elapsed": 433.816224, "delta": 9.588031}}
{"target": -143989.68026778015, "params": {"a_c_1": 2.365400981129029, "a_c_2": 4.070932060034091, "a_mm_0": -18.580685194219996, "a_mm_1": 6.83882385659917, "a_mm_2": -31.760238813727828, "a_mm_3": 6.003378495252676, "a_mp_0": -7.097947388916985, "a_mp_1": -1.5787609864563095, "a_mp_2": 15.913977359228177, "a_mp_3": 6.017146118358923, "a_pm_0": -7.800817223118699, "a_pm_1": -23.598668352254567, "a_pm_2": -16.57841701399228, "a_pm_3": -26.06429488060879, "a_pp_1": -24.445686683972006, "a_pp_2": -1.088505806087646, "a_pp_3": -17.18781190768341}, "datetime": {"datetime": "2024-07-12 22:05:07", "elapsed": 415.194392, "delta": 9.12596}}
{"target": -25010.96590476134, "params": {"a_c_1": 10.516039399029399, "a_c_2": 0.7602387944210687, "a_mm_0": 12.447556135881698, "a_mm_1": 17.068137105121522, "a_mm_2": 8.750438250480308, "a_mm_3": -22.971889903187545, "a_mp_0": -8.32919223292243, "a_mp_1": -19.63499655894343, "a_mp_2": -6.719961352739993, "a_mp_3": 18.46420813478015, "a_pm_0": -21.297824936861115, "a_pm_1": 0.12779635537218326, "a_pm_2": -20.44196756146085, "a_pm_3": 6.468635960904777, "a_pp_1": -20.45140200320771, "a_pp_2": 13.389640486842495, "a_pp_3": 5.10246325515601}, "datetime": {"datetime": "2024-07-12 22:05:08", "elapsed": 559.4244, "delta": 10.97966}}
{"target": -94577.59551322192, "params": {"a_c_1": 10.394310672715148, "a_c_2": 8.885658010026411, "a_mm_0": -2.0260015872189996, "a_mm_1": -23.583618768765614, "a_mm_2": 15.89759804478328, "a_mm_3": -5.8164485317197645, "a_mp_0": 10.277052692132806, "a_mp_1": 8.390578903211633, "a_mp_2": 0.2999326000806164, "a_mp_3": -22.064115134674644, "a_pm_0": -0.8122909485203067, "a_pm_1": -33.07720989342257, "a_pm_2": 0.18985106328446477, "a_pm_3": -8.4898352811133, "a_pp_1": -20.623064137243873, "a_pp_2": -13.46146617398767, "a_pp_3": -22.89602879730562}, "datetime": {"datetime": "2024-07-12 22:05:10", "elapsed": 397.263461, "delta": 9.196857}}
{"target": -95953.29972383569, "params": {"a_c_1": 5.789621868702981, "a_c_2": 6.002520561830417, "a_mm_0": 12.967162028300109, "a_mm_1": -4.97741946583195, "a_mm_2": -18.888093506662, "a_mm_3": 10.752200830104798, "a_mp_0": -8.27635327236846, "a_mp_1": -2.8436728121561217, "a_mp_2": 5.416451153418606, "a_mp_3": -22.703216704837462, "a_pm_0": 1.171556064193048, "a_pm_1": -24.008133954584466, "a_pm_2": -0.8524792220313699, "a_pm_3": -24.603474529843922, "a_pp_1": 7.774438870787769, "a_pp_2": -19.160639688704943, "a_pp_3": 17.625524495416386}, "datetime": {"datetime": "2024-07-12 22:05:12", "elapsed": 441.687375, "delta": 7.871151}}
{"target": -402815.6228339328, "params": {"a_c_1": 2.0514008002248874, "a_c_2": 0.6659066128286284, "a_mm_0": -12.898798230785296, "a_mm_1": -18.115511543774865, "a_mm_2": 0.400574969803273, "a_mm_3": -37.581319571058735, "a_mp_0": -26.48129317681782, "a_mp_1": -22.888880770575152, "a_mp_2": -20.483913261963018, "a_mp_3": -39.523963759836626, "a_pm_0": -6.947028238896216, "a_pm_1": -39.21988253446768, "a_pm_2": -21.966193687394185, "a_pm_3": 14.589565762805961, "a_pp_1": -30.50828559171254, "a_pp_2": -1.698283745586032, "a_pp_3": -12.607605192135413}, "datetime": {"datetime": "2024-07-12 22:05:12", "elapsed": 464.247216, "delta": 8.398358}}
{"target": -10082.189788669224, "params": {"a_c_1": 19.433560075363093, "a_c_2": 2.252031513130489, "a_mm_0": 2.5229726813736164, "a_mm_1": -23.777636507716775, "a_mm_2": 12.63019035801652, "a_mm_3": -9.302559626966218, "a_mp_0": 13.27335648156371, "a_mp_1": 13.327892407742738, "a_mp_2": 19.646754967218257, "a_mp_3": 5.853902867425695, "a_pm_0": -2.3089478236621304, "a_pm_1": -10.969765452608105, "a_pm_2": 12.529531352529965, "a_pm_3": -10.714461604411202, "a_pp_1": 16.702363541198075, "a_pp_2": 4.890522527475241, "a_pp_3": -6.224352300296246}, "datetime": {"datetime": "2024-07-12 22:05:16", "elapsed": 424.856965, "delta": 9.662573}}
{"target": -524970.645857483, "params": {"a_c_1": 15.252641908902213, "a_c_2": 4.694790285599257, "a_mm_0": -27.35412985187768, "a_mm_1": -37.511495225410066, "a_mm_2": -20.69027200178533, "a_mm_3": -37.773240130360335, "a_mp_0": 1.6313246824339842, "a_mp_1": 0.22100191617010267, "a_mp_2": -14.171693035301502, "a_mp_3": 6.067338659490382, "a_pm_0": -7.839490315626179, "a_pm_1": -37.608404401872846, "a_pm_2": -31.91241292235926, "a_pm_3": -28.395016059104897, "a_pp_1": -19.860171930121012, "a_pp_2": -36.861223213751394, "a_pp_3": -3.692993169978024}, "datetime": {"datetime": "2024-07-12 22:05:18", "elapsed": 569.257278, "delta": 9.832878}}
{"target": -383443.506715444, "params": {"a_c_1": 9.39823062999142, "a_c_2": 4.260554552920034, "a_mm_0": -10.468754383432984, "a_mm_1": -38.38514536122454, "a_mm_2": -33.4876548819385, "a_mm_3": 11.234423261954802, "a_mp_0": -29.452302602853077, "a_mp_1": -21.359910870825093, "a_mp_2": 1.737835144191152, "a_mp_3": -16.90250869784344, "a_pm_0": -15.7666214088527, "a_pm_1": -37.72250121239989, "a_pm_2": -13.924898297731922, "a_pm_3": -5.756320615915008, "a_pp_1": -13.510027178902035, "a_pp_2": -17.104145375132376, "a_pp_3": -29.622479035349343}, "datetime": {"datetime": "2024-07-12 22:05:18", "elapsed": 405.609584, "delta": 8.346123}}
{"target": -236508.38481940253, "params": {"a_c_1": 18.498721177821626, "a_c_2": 4.406946243042814, "a_mm_0": -27.84096965177706, "a_mm_1": 19.739422238289947, "a_mm_2": 3.4366074139902025, "a_mm_3": -32.21979111824101, "a_mp_0": -8.307608039012472, "a_mp_1": -21.624747220832255, "a_mp_2": 12.91464879175303, "a_mp_3": -30.342731823264508, "a_pm_0": -1.3663839546407885, "a_pm_1": 17.45490092919416, "a_pm_2": 14.529726368344981, "a_pm_3": 14.029494517922878, "a_pp_1": -0.1846683029000573, "a_pp_2": -21.817226314356965, "a_pp_3": -35.5058086583269}, "datetime": {"datetime": "2024-07-12 22:05:21", "elapsed": 472.730221, "delta": 8.483005}}
{"target": -99612.88991705794, "params": {"a_c_1": 3.467622067631404, "a_c_2": 7.143271461921451, "a_mm_0": 11.298452416980531, "a_mm_1": 12.275429752910519, "a_mm_2": -8.798488380055097, "a_mm_3": -7.03833314312368, "a_mp_0": -22.34734578834816, "a_mp_1": 11.397711177035397, "a_mp_2": 5.736930047272473, "a_mp_3": -9.198134770873903, "a_pm_0": -9.821058302025286, "a_pm_1": 15.167574609806486, "a_pm_2": -6.346627451150113, "a_pm_3": -34.36918710121911, "a_pp_1": -33.50954181358827, "a_pp_2": 5.996990877334795, "a_pp_3": -8.450125932813048}, "datetime": {"datetime": "2024-07-12 22:05:21", "elapsed": 451.111481, "delta": 9.424106}}
{"target": -99317.0804666223, "params": {"a_c_1": 5.31385105386545, "a_c_2": 3.291951686548946, "a_mm_0": -30.681615608878435, "a_mm_1": 6.080555602369174, "a_mm_2": 0.061331612516710265, "a_mm_3": 4.599089156540892, "a_mp_0": -11.962229329535866, "a_mp_1": 17.372357722823317, "a_mp_2": -30.362114243988913, "a_mp_3": -20.989345959964517, "a_pm_0": -12.698522660265418, "a_pm_1": -37.49941245035966, "a_pm_2": 3.23343468181978, "a_pm_3": -23.0699706912926, "a_pp_1": -26.107173532304436, "a_pp_2": -2.6599396855950985, "a_pp_3": 11.221697453802335}, "datetime": {"datetime": "2024-07-12 22:05:25", "elapsed": 433.590519, "delta": 8.733554}}
{"target": -160717.59269329294, "params": {"a_c_1": 7.744325515113917, "a_c_2": 0.5082141169182008, "a_mm_0": -23.00943309896703, "a_mm_1": -39.49795829531341, "a_mm_2": -30.210947637674295, "a_mm_3": -36.0849045885427, "a_mp_0": 15.706988852776206, "a_mp_1": -8.316745470708447, "a_mp_2": -26.243095685082096, "a_mp_3": -3.0737376358699464, "a_pm_0": -24.257198929929686, "a_pm_1": -1.0764470924982206, "a_pm_2": -9.105129236282501, "a_pm_3": -16.234143154345997, "a_pp_1": 14.2807442602464, "a_pp_2": 1.1025387428160727, "a_pp_3": 16.807880366480923}, "datetime": {"datetime": "2024-07-12 22:05:28", "elapsed": 415.119831, "delta": 9.510247}}
{"target": -199344.31491157078, "params": {"a_c_1": 3.4371268390089105, "a_c_2": 8.935934929285727, "a_mm_0": 2.4745632372522337, "a_mm_1": -33.73846652627356, "a_mm_2": 18.322008663586665, "a_mm_3": -9.406451992483738, "a_mp_0": -29.691700298386678, "a_mp_1": -11.223745946331256, "a_mp_2": -16.049066961548245, "a_mp_3": -27.16720243273365, "a_pm_0": -2.023781113385269, "a_pm_1": -8.434367970311694, "a_pm_2": -23.552950707739278, "a_pm_3": 8.166335504894427, "a_pp_1": -7.671457093222358, "a_pp_2": -19.63386742435741, "a_pp_3": -30.53120279991802}, "datetime": {"datetime": "2024-07-12 22:05:30", "elapsed": 481.769219, "delta": 9.038998}}
{"target": -239562.55715248044, "params": {"a_c_1": 10.241220550478376, "a_c_2": 6.174610120171561, "a_mm_0": -14.058664314139357, "a_mm_1": 10.862028094246263, "a_mm_2": -12.75645663645092, "a_mm_3": -39.075788812484745, "a_mp_0": 12.384088906825966, "a_mp_1": -0.6279071353540644, "a_mp_2": 9.380182438908257, "a_mp_3": 17.1065415820311, "a_pm_0": -36.94525698898677, "a_pm_1": -25.895688154539126, "a_pm_2": -36.19939339261961, "a_pm_3": -14.700526838052944, "a_pp_1": 11.829748730087118, "a_pp_2": -35.10256103709591, "a_pp_3": -11.61328282684729}, "datetime": {"datetime": "2024-07-12 22:05:30", "elapsed": 581.128113, "delta": 11.870835}}
{"target": -85008.79355629435, "params": {"a_c_1": 11.127225370596525, "a_c_2": 4.329216950118223, "a_mm_0": -38.638097046967424, "a_mm_1": 8.194229793846738, "a_mm_2": -17.107497590885433, "a_mm_3": -12.148379341651466, "a_mp_0": -13.557405439264748, "a_mp_1": -31.977754946252258, "a_mp_2": 17.79301316037982, "a_mp_3": 17.564819177805987, "a_pm_0": -39.41350821018138, "a_pm_1": -36.725991556784074, "a_pm_2": -16.829396732448302, "a_pm_3": 18.90691861251822, "a_pp_1": -11.092140855097654, "a_pp_2": 15.359762167443229, "a_pp_3": -19.498175755912982}, "datetime": {"datetime": "2024-07-12 22:05:32", "elapsed": 461.780621, "delta": 10.66914}}
{"target": -70078.23619519066, "params": {"a_c_1": 0.613911612499356, "a_c_2": 5.224983753257327, "a_mm_0": -13.423331486950804, "a_mm_1": 19.02895169581408, "a_mm_2": -18.45885638083233, "a_mm_3": -33.981187580987736, "a_mp_0": 18.46222654063537, "a_mp_1": -12.36985928015471, "a_mp_2": -11.009112808025357, "a_mp_3": -8.379906676671872, "a_pm_0": -24.779762357945614, "a_pm_1": -1.0675445230234146, "a_pm_2": 3.106585486998952, "a_pm_3": -3.5903869430561883, "a_pp_1": -4.723484991588933, "a_pp_2": -14.722621387646416, "a_pp_3": -0.8995055501793345}, "datetime": {"datetime": "2024-07-12 22:05:33", "elapsed": 441.67497, "delta": 8.084451}}
{"target": -325794.70678179513, "params": {"a_c_1": 5.4578280654155265, "a_c_2": 3.8380729742246933, "a_mm_0": 0.1963634147860276, "a_mm_1": -2.637677635394546, "a_mm_2": -23.69075907585605, "a_mm_3": -34.29606802285139, "a_mp_0": 9.712583566592969, "a_mp_1": -19.653377573383747, "a_mp_2": -39.929622481413126, "a_mp_3": 1.5444334905754928, "a_pm_0": -20.150510385461114, "a_pm_1": 3.910071021004967, "a_pm_2": -32.7923331987293, "a_pm_3": -24.564218655614855, "a_pp_1": 14.75762218883721, "a_pp_2": -3.2468203140062, "a_pp_3": -15.671654108017233}, "datetime": {"datetime": "2024-07-12 22:05:36", "elapsed": 423.411151, "delta": 8.29132}}
{"target": -80990.14762232608, "params": {"a_c_1": 9.989148656933128, "a_c_2": 1.5396339039452744, "a_mm_0": 14.934507840386132, "a_mm_1": -10.30472734571832, "a_mm_2": 14.763848616451646, "a_mm_3": -20.807443721333204, "a_mp_0": -12.384700803059427, "a_mp_1": -8.718068018887998, "a_mp_2": 13.900637882588939, "a_mp_3": -32.38309262032138, "a_pm_0": -16.082529046904636, "a_pm_1": -34.937792925761386, "a_pm_2": 14.860229760758244, "a_pm_3": 8.993352287880583, "a_pp_1": -15.966226675947894, "a_pp_2": 0.13038412192248927, "a_pp_3": -7.417675548386029}, "datetime": {"datetime": "2024-07-12 22:05:39", "elapsed": 490.747476, "delta": 8.978257}}
{"target": -177266.56868485644, "params": {"a_c_1": 9.906654602937051, "a_c_2": 8.288087316655988, "a_mm_0": -0.48289229974967895, "a_mm_1": -21.606813725086646, "a_mm_2": -12.601199729211729, "a_mm_3": -2.553319012738612, "a_mp_0": -15.946915726424848, "a_mp_1": -28.105095394676198, "a_mp_2": -26.514754985786542, "a_mp_3": 4.435588657673804, "a_pm_0": -27.37338056396171, "a_pm_1": -28.870878240022314, "a_pm_2": -22.764921413474873, "a_pm_3": 19.342905870646483, "a_pp_1": 19.486273940533515, "a_pp_2": -11.2107874068259, "a_pp_3": -26.919316548473162}, "datetime": {"datetime": "2024-07-12 22:05:40", "elapsed": 469.982305, "delta": 8.201684}}
{"target": -165144.09199798916, "params": {"a_c_1": 2.5108621961744726, "a_c_2": 7.728856021671177, "a_mm_0": 10.485329407750605, "a_mm_1": -37.402543708830486, "a_mm_2": -10.813555409776313, "a_mm_3": -25.635337351734645, "a_mp_0": 17.148426901595556, "a_mp_1": 16.633557667027766, "a_mp_2": -3.1639598569179483, "a_mp_3": 18.409243839511774, "a_pm_0": -19.30831937702494, "a_pm_1": 13.871043060060906, "a_pm_2": -13.924301595489432, "a_pm_3": -25.851121771149177, "a_pp_1": 16.44967779208396, "a_pp_2": 1.05308305899365, "a_pp_3": -36.10530487965224}, "datetime": {"datetime": "2024-07-12 22:05:40", "elapsed": 591.614238, "delta": 10.486125}}
{"target": -38170.93358923812, "params": {"a_c_1": 1.4207092338379357, "a_c_2": 3.650113111784429, "a_mm_0": -38.74156530639436, "a_mm_1": -5.554014843837528, "a_mm_2": 16.555094217378254, "a_mm_3": 15.910493032776444, "a_mp_0": 2.806866882264046, "a_mp_1": -8.151891868595506, "a_mp_2": 6.76070847921288, "a_mp_3": -25.992656290389064, "a_pm_0": -22.621118121054387, "a_pm_1": -19.4803476619294, "a_pm_2": -13.10245210627546, "a_pm_3": 12.983491521810507, "a_pp_1": 7.854734104212909, "a_pp_2": -9.12149272912864, "a_pp_3": -8.87861736921883}, "datetime": {"datetime": "2024-07-12 22:05:43", "elapsed": 451.385551, "delta": 9.710581}}
{"target": -78773.75017202871, "params": {"a_c_1": 17.139236788103055, "a_c_2": 6.73018138896365, "a_mm_0": -29.246058563341816, "a_mm_1": -23.74967028902557, "a_mm_2": 12.831599326748247, "a_mm_3": 16.19976108153302, "a_mp_0": 2.1392579647993273, "a_mp_1": -8.075807520976554, "a_mp_2": 14.64447978620035, "a_mp_3": -0.3793853049028826, "a_pm_0": 16.37117088126994, "a_pm_1": 2.317663779280366, "a_pm_2": -26.98088315967611, "a_pm_3": 12.582837224959817, "a_pp_1": -7.894362020650199, "a_pp_2": -19.49599530692769, "a_pp_3": -26.039724769500488}, "datetime": {"datetime": "2024-07-12 22:05:45", "elapsed": 432.143256, "delta": 8.732105}}
{"target": -107145.85413805844, "params": {"a_c_1": 12.235686697996517, "a_c_2": 8.521833762914618, "a_mm_0": 19.188717247435136, "a_mm_1": -35.146612692847725, "a_mm_2": -5.926602483290935, "a_mm_3": 14.195298290286622, "a_mp_0": -16.20877231607698, "a_mp_1": -24.7224093861645, "a_mp_2": -32.129098202313564, "a_mp_3": -2.486771683742802, "a_pm_0": -27.33875743204717, "a_pm_1": -17.299799391948596, "a_pm_2": -15.925073216048272, "a_pm_3": -2.5331601781900943, "a_pp_1": 17.31590753678811, "a_pp_2": 19.314341707417825, "a_pp_3": -22.063952982252115}, "datetime": {"datetime": "2024-07-12 22:05:48", "elapsed": 500.30903, "delta": 9.561554}}
