{"target": -23457.347527976075, "params": {"a_c_1": 20.0, "a_c_2": 10.0, "a_mm_0": -40.0, "a_mm_1": 20.0, "a_mm_2": 20.0, "a_mm_3": 20.0, "a_mp_0": 20.0, "a_mp_1": 20.0, "a_mp_2": -40.0, "a_mp_3": -20.140769690328405, "a_pm_0": 20.0, "a_pm_1": 20.0, "a_pm_2": 5.557609623857238, "a_pm_3": 20.0, "a_pp_1": -40.0, "a_pp_2": 20.0, "a_pp_3": 20.0}, "datetime": {"datetime": "2024-07-12 22:54:29", "elapsed": 3356.683851, "delta": 11.225442}}
{"target": -88136.49810245831, "params": {"a_c_1": 0.30855003141924797, "a_c_2": 4.819762177478601, "a_mm_0": -9.411137119529883, "a_mm_1": -18.459139597125407, "a_mm_2": -27.91492134000311, "a_mm_3": 19.95232058948973, "a_mp_0": -0.9358494916009903, "a_mp_1": 13.262022601566315, "a_mp_2": 15.41785413150484, "a_mp_3": -15.837214010774133, "a_pm_0": -21.509304463488167, "a_pm_1": -0.479123646075692, "a_pm_2": 11.835360746731105, "a_pm_3": 1.3783349782539531, "a_pp_1": -35.2878417969772, "a_pp_2": -19.22971407155333, "a_pp_3": 8.470495727123158}, "datetime": {"datetime": "2024-07-12 22:54:30", "elapsed": 3378.737545, "delta": 9.15836}}
{"target": -567.9541000825341, "params": {"a_c_1": 0.0, "a_c_2": 10.0, "a_mm_0": 20.0, "a_mm_1": 20.0, "a_mm_2": 20.0, "a_mm_3": 20.0, "a_mp_0": 20.0, "a_mp_1": 20.0, "a_mp_2": 20.0, "a_mp_3": 20.0, "a_pm_0": -40.0, "a_pm_1": 20.0, "a_pm_2": -19.731308556157092, "a_pm_3": 20.0, "a_pp_1": 20.0, "a_pp_2": 20.0, "a_pp_3": 20.0}, "datetime": {"datetime": "2024-07-12 22:54:36", "elapsed": 3526.622771, "delta": 9.297474}}
{"target": -23866.962354193518, "params": {"a_c_1": 20.0, "a_c_2": 10.0, "a_mm_0": -40.0, "a_mm_1": -40.0, "a_mm_2": 20.0, "a_mm_3": 20.0, "a_mp_0": 20.0, "a_mp_1": 20.0, "a_mp_2": 20.0, "a_mp_3": 20.0, "a_pm_0": 20.0, "a_pm_1": 20.0, "a_pm_2": 20.0, "a_pm_3": -40.0, "a_pp_1": -40.0, "a_pp_2": 20.0, "a_pp_3": 20.0}, "datetime": {"datetime": "2024-07-12 22:54:37", "elapsed": 3428.936628, "delta": 11.673476}}
{"target": -5597.618793085581, "params": {"a_c_1": 0.0, "a_c_2": 10.0, "a_mm_0": 20.0, "a_mm_1": -25.251437986936065, "a_mm_2": -2.238392227282524, "a_mm_3": 2.9204479258745084, "a_mp_0": -40.0, "a_mp_1": 20.0, "a_mp_2": -6.511107375803551, "a_mp_3": 12.092983289051086, "a_pm_0": -14.48221065617345, "a_pm_1": -14.326017046411621, "a_pm_2": -20.544288153411784, "a_pm_3": 8.473014789931042, "a_pp_1": 20.0, "a_pp_2": 20.0, "a_pp_3": -1.9013732725862418}, "datetime": {"datetime": "2024-07-12 22:54:40", "elapsed": 3409.773652, "delta": 12.822581}}
{"target": -7227.133456450941, "params": {"a_c_1": 0.0, "a_c_2": 10.0, "a_mm_0": -40.0, "a_mm_1": 20.0, "a_mm_2": 20.0, "a_mm_3": 20.0, "a_mp_0": -40.0, "a_mp_1": 20.0, "a_mp_2": -40.0, "a_mp_3": 20.0, "a_pm_0": -40.0, "a_pm_1": -40.0, "a_pm_2": 20.0, "a_pm_3": 20.0, "a_pp_1": 17.631271618623167, "a_pp_2": 20.0, "a_pp_3": 20.0}, "datetime": {"datetime": "2024-07-12 22:54:41", "elapsed": 3368.481294, "delta": 11.797443}}
{"target": -277882.947402723, "params": {"a_c_1": 5.902499948694762, "a_c_2": 0.7537154258575351, "a_mm_0": -22.867755716023716, "a_mm_1": -27.88431228209871, "a_mm_2": -1.6540151896934603, "a_mm_3": 4.218678735714974, "a_mp_0": -14.936485415620162, "a_mp_1": 11.764341818660405, "a_mp_2": -16.95827687951499, "a_mp_3": -21.246574687753117, "a_pm_0": -38.011930046668716, "a_pm_1": 9.953727578958748, "a_pm_2": -34.56458695996946, "a_pm_3": -33.28838959130826, "a_pp_1": -12.99823082179784, "a_pp_2": -25.531643016292698, "a_pp_3": -13.85701200005521}, "datetime": {"datetime": "2024-07-12 22:54:43", "elapsed": 3534.510087, "delta": 7.887316}}
{"target": -6088.343483609777, "params": {"a_c_1": 20.0, "a_c_2": 10.0, "a_mm_0": 20.0, "a_mm_1": 20.0, "a_mm_2": 20.0, "a_mm_3": 20.0, "a_mp_0": -40.0, "a_mp_1": 20.0, "a_mp_2": 20.0, "a_mp_3": 20.0, "a_pm_0": -40.0, "a_pm_1": -2.5916674221227733, "a_pm_2": -40.0, "a_pm_3": 20.0, "a_pp_1": 20.0, "a_pp_2": 20.0, "a_pp_3": 20.0}, "datetime": {"datetime": "2024-07-12 22:54:48", "elapsed": 3440.047904, "delta": 11.111276}}
{"target": -5435.911045206873, "params": {"a_c_1": 20.0, "a_c_2": 10.0, "a_mm_0": -40.0, "a_mm_1": 20.0, "a_mm_2": 20.0, "a_mm_3": 20.0, "a_mp_0": 20.0, "a_mp_1": 20.0, "a_mp_2": -40.0, "a_mp_3": 20.0, "a_pm_0": -40.0, "a_pm_1": 20.0, "a_pm_2": 20.0, "a_pm_3": 20.0, "a_pp_1": 20.0, "a_pp_2": 20.0, "a_pp_3": 20.0}, "datetime": {"datetime": "2024-07-12 22:54:53", "elapsed": 3380.050093, "delta": 11.568799}}
{"target": -59783.121322775245, "params": {"a_c_1": 20.0, "a_c_2": 0.0, "a_mm_0": 20.0, "a_mm_1": 20.0, "a_mm_2": 20.0, "a_mm_3": 20.0, "a_mp_0": -40.0, "a_mp_1": -40.0, "a_mp_2": 20.0, "a_mp_3": -4.109318089879113, "a_pm_0": 20.0, "a_pm_1": 20.0, "a_pm_2": 20.0, "a_pm_3": 20.0, "a_pp_1": -40.0, "a_pp_2": -26.058700719339427, "a_pp_3": 20.0}, "datetime": {"datetime": "2024-07-12 22:54:53", "elapsed": 3401.265206, "delta": 9.287336}}
{"target": -6121.180390193904, "params": {"a_c_1": 20.0, "a_c_2": 10.0, "a_mm_0": -40.0, "a_mm_1": 20.0, "a_mm_2": -40.0, "a_mm_3": 20.0, "a_mp_0": 20.0, "a_mp_1": 20.0, "a_mp_2": 20.0, "a_mp_3": 20.0, "a_pm_0": 20.0, "a_pm_1": 20.0, "a_pm_2": 20.0, "a_pm_3": 20.0, "a_pp_1": -40.0, "a_pp_2": 20.0, "a_pp_3": 20.0}, "datetime": {"datetime": "2024-07-12 22:54:53", "elapsed": 3423.040721, "delta": 13.267069}}
{"target": -2882.2499595488357, "params": {"a_c_1": 0.0, "a_c_2": 10.0, "a_mm_0": -40.0, "a_mm_1": -40.0, "a_mm_2": 20.0, "a_mm_3": 20.0, "a_mp_0": -40.0, "a_mp_1": -1.1720945694000848, "a_mp_2": 20.0, "a_mp_3": 20.0, "a_pm_0": 20.0, "a_pm_1": 20.0, "a_pm_2": -23.9704423504427, "a_pm_3": 20.0, "a_pp_1": 20.0, "a_pp_2": 20.0, "a_pp_3": 20.0}, "datetime": {"datetime": "2024-07-12 22:54:54", "elapsed": 3544.783667, "delta": 10.27358}}
{"target": -296504.09166753804, "params": {"a_c_1": 19.644924234568357, "a_c_2": 3.498345498548183, "a_mm_0": 3.217134280719023, "a_mm_1": -12.715231266687322, "a_mm_2": 17.241329781510338, "a_mm_3": -27.95926035379084, "a_mp_0": -13.5280526095871, "a_mp_1": 6.475959753170329, "a_mp_2": -29.374096007117195, "a_mp_3": 11.26856460926453, "a_pm_0": -36.25941858974756, "a_pm_1": -31.347421025535922, "a_pm_2": -36.0991100738602, "a_pm_3": -2.5416985667535528, "a_pp_1": -38.364643064409286, "a_pp_2": -23.758929311990837, "a_pp_3": 0.9698818021072384}, "datetime": {"datetime": "2024-07-12 22:54:56", "elapsed": 3448.61432, "delta": 8.566416}}
{"target": -306428.5545694827, "params": {"a_c_1": 17.37608912643428, "a_c_2": 9.650516448236456, "a_mm_0": 19.573490034910854, "a_mm_1": 18.76449820477407, "a_mm_2": 7.809551164926042, "a_mm_3": -18.150216096676996, "a_mp_0": -3.790848740474779, "a_mp_1": -17.122604231301015, "a_mp_2": 8.491190394486246, "a_mp_3": -19.693407981980524, "a_pm_0": -27.294391800464552, "a_pm_1": -13.838408616922877, "a_pm_2": -7.81918648845717, "a_pm_3": -34.72289605883622, "a_pp_1": -8.978276023505977, "a_pp_2": -6.851760484308926, "a_pp_3": -33.715001825518925}, "datetime": {"datetime": "2024-07-12 22:55:02", "elapsed": 3552.759357, "delta": 7.97569}}
{"target": -116497.95165018676, "params": {"a_c_1": 0.85289532700769, "a_c_2": 4.889629234696702, "a_mm_0": -5.112988535240149, "a_mm_1": 19.243074484438203, "a_mm_2": -39.233493917054425, "a_mm_3": -29.58899663623655, "a_mp_0": -19.94605225044257, "a_mp_1": -18.991475917589106, "a_mp_2": 16.713328217594125, "a_mp_3": 4.691207627487472, "a_pm_0": -28.820773236161646, "a_pm_1": -5.082580868385243, "a_pm_2": 12.55251009621962, "a_pm_3": -20.995164348858943, "a_pp_1": -26.785488691640797, "a_pp_2": -5.751593411575222, "a_pp_3": -0.8419659113055715}, "datetime": {"datetime": "2024-07-12 22:55:02", "elapsed": 3410.902336, "delta": 9.63713}}
{"target": -126745.90022571593, "params": {"a_c_1": 18.377933640470072, "a_c_2": 0.7061567409021619, "a_mm_0": -37.20990188322311, "a_mm_1": 14.797807581203202, "a_mm_2": -32.61433115781484, "a_mm_3": -9.011285393143147, "a_mp_0": 3.4465032824346125, "a_mp_1": 2.9983037446383562, "a_mp_2": -14.090007754251051, "a_mp_3": -32.142592103906736, "a_pm_0": -18.787147909573992, "a_pm_1": -11.560162233009919, "a_pm_2": -3.261666911691755, "a_pm_3": -2.2349793299880503, "a_pp_1": 9.668350907431886, "a_pp_2": -9.986623361190528, "a_pp_3": 1.3600701318195405}, "datetime": {"datetime": "2024-07-12 22:55:03", "elapsed": 3390.180139, "delta": 10.130046}}
{"target": -5835.638219625009, "params": {"a_c_1": 20.0, "a_c_2": 10.0, "a_mm_0": -4.0071903965916045, "a_mm_1": 20.0, "a_mm_2": -15.862267021490332, "a_mm_3": 20.0, "a_mp_0": 20.0, "a_mp_1": 20.0, "a_mp_2": 20.0, "a_mp_3": -14.576076797115498, "a_pm_0": -0.5960771361435122, "a_pm_1": 20.0, "a_pm_2": 20.0, "a_pm_3": 1.4621314215884054, "a_pp_1": -40.0, "a_pp_2": -5.227851242544434, "a_pp_3": 20.0}, "datetime": {"datetime": "2024-07-12 22:55:06", "elapsed": 3435.957068, "delta": 12.916347}}
{"target": -23284.92426757352, "params": {"a_c_1": 0.0, "a_c_2": 0.0, "a_mm_0": -40.0, "a_mm_1": 20.0, "a_mm_2": -30.81114584021366, "a_mm_3": 20.0, "a_mp_0": 20.0, "a_mp_1": -23.9647381677901, "a_mp_2": 20.0, "a_mp_3": 20.0, "a_pm_0": -40.0, "a_pm_1": 20.0, "a_pm_2": 20.0, "a_pm_3": 20.0, "a_pp_1": -14.076784715659361, "a_pp_2": -2.143659439902459, "a_pp_3": 20.0}, "datetime": {"datetime": "2024-07-12 22:55:08", "elapsed": 3460.253738, "delta": 11.639418}}
{"target": -272005.2860354444, "params": {"a_c_1": 18.86797211185883, "a_c_2": 6.463850128525409, "a_mm_0": -31.836096206318665, "a_mm_1": -18.606386999856472, "a_mm_2": -33.473393201959794, "a_mm_3": -6.996344367363804, "a_mp_0": -32.44027391647128, "a_mp_1": -24.73950655901764, "a_mp_2": -13.889564035230485, "a_mp_3": 17.932719804135104, "a_pm_0": -33.22524979874494, "a_pm_1": 13.511014996371735, "a_pm_2": -31.55191813883736, "a_pm_3": -2.6645042695489636, "a_pp_1": 9.739210655391773, "a_pp_2": -14.093653359477095, "a_pp_3": -23.750837893644746}, "datetime": {"datetime": "2024-07-12 22:55:11", "elapsed": 3398.52173, "delta": 8.341591}}
{"target": -10307.303404695327, "params": {"a_c_1": 0.0, "a_c_2": 10.0, "a_mm_0": -40.0, "a_mm_1": 20.0, "a_mm_2": 20.0, "a_mm_3": 20.0, "a_mp_0": -40.0, "a_mp_1": 20.0, "a_mp_2": 20.0, "a_mp_3": 20.0, "a_pm_0": -25.014773505181985, "a_pm_1": -30.1414454264615, "a_pm_2": 20.0, "a_pm_3": 20.0, "a_pp_1": -40.0, "a_pp_2": 20.0, "a_pp_3": 20.0}, "datetime": {"datetime": "2024-07-12 22:55:12", "elapsed": 3420.293597, "delta": 9.391261}}
{"target": -5759.921002424032, "params": {"a_c_1": 20.0, "a_c_2": 10.0, "a_mm_0": 6.345310347500943, "a_mm_1": -19.718957368581137, "a_mm_2": 8.361866225270166, "a_mm_3": 20.0, "a_mp_0": 20.0, "a_mp_1": -22.86852169589751, "a_mp_2": -4.776184547464314, "a_mp_3": -3.5840849870528055, "a_pm_0": 20.0, "a_pm_1": -13.83766822586379, "a_pm_2": 20.0, "a_pm_3": -8.616169053050909, "a_pp_1": -40.0, "a_pp_2": 20.0, "a_pp_3": 20.0}, "datetime": {"datetime": "2024-07-12 22:55:14", "elapsed": 3564.911758, "delta": 12.152401}}
{"target": -35366.31223340403, "params": {"a_c_1": 20.0, "a_c_2": 10.0, "a_mm_0": -40.0, "a_mm_1": -40.0, "a_mm_2": 20.0, "a_mm_3": 20.0, "a_mp_0": 20.0, "a_mp_1": -40.0, "a_mp_2": 20.0, "a_mp_3": -35.77626104324751, "a_pm_0": -40.0, "a_pm_1": 20.0, "a_pm_2": 20.0, "a_pm_3": 20.0, "a_pp_1": 20.0, "a_pp_2": -2.3915685628019854, "a_pp_3": 20.0}, "datetime": {"datetime": "2024-07-12 22:55:18", "elapsed": 3447.837275, "delta": 11.880207}}
{"target": -26446.507681962128, "params": {"a_c_1": 20.0, "a_c_2": 0.0, "a_mm_0": -40.0, "a_mm_1": 20.0, "a_mm_2": -40.0, "a_mm_3": 20.0, "a_mp_0": 20.0, "a_mp_1": 20.0, "a_mp_2": -17.174520896419388, "a_mp_3": 20.0, "a_pm_0": -40.0, "a_pm_1": -32.45765231759166, "a_pm_2": 1.6523953483834546, "a_pm_3": 20.0, "a_pp_1": 20.0, "a_pp_2": 20.0, "a_pp_3": 20.0}, "datetime": {"datetime": "2024-07-12 22:55:19", "elapsed": 3471.641746, "delta": 11.388008}}
{"target": -20258.357327836195, "params": {"a_c_1": 20.0, "a_c_2": 10.0, "a_mm_0": -40.0, "a_mm_1": -40.0, "a_mm_2": 20.0, "a_mm_3": 20.0, "a_mp_0": -40.0, "a_mp_1": 20.0, "a_mp_2": 20.0, "a_mp_3": -40.0, "a_pm_0": 20.0, "a_pm_1": 20.0, "a_pm_2": 20.0, "a_pm_3": 20.0, "a_pp_1": 20.0, "a_pp_2": 20.0, "a_pp_3": 20.0}, "datetime": {"datetime": "2024-07-12 22:55:22", "elapsed": 3430.200367, "delta": 9.90677}}
{"target": -4442.46767045163, "params": {"a_c_1": 0.0, "a_c_2": 10.0, "a_mm_0": 20.0, "a_mm_1": -40.0, "a_mm_2": -1.4152807993698346, "a_mm_3": 20.0, "a_mp_0": 20.0, "a_mp_1": 20.0, "a_mp_2": 20.0, "a_mp_3": 2.61230657666694, "a_pm_0": -40.0, "a_pm_1": 4.872092241259264, "a_pm_2": -27.490460169538547, "a_pm_3": -11.3962474486672, "a_pp_1": 20.0, "a_pp_2": 20.0, "a_pp_3": 20.0}, "datetime": {"datetime": "2024-07-12 22:55:25", "elapsed": 3412.292738, "delta": 13.771008}}
{"target": -2000.7965381290269, "params": {"a_c_1": 0.0, "a_c_2": 10.0, "a_mm_0": -40.0, "a_mm_1": 20.0, "a_mm_2": 20.0, "a_mm_3": 20.0, "a_mp_0": 20.0, "a_mp_1": 20.0, "a_mp_2": 20.0, "a_mp_3": 20.0, "a_pm_0": -40.0, "a_pm_1": 20.0, "a_pm_2": -21.112403913595273, "a_pm_3": 20.0, "a_pp_1": -40.0, "a_pp_2": 20.0, "a_pp_3": 20.0}, "datetime": {"datetime": "2024-07-12 22:55:28", "elapsed": 3578.982773, "delta": 14.071015}}
{"target": -10416.153337183037, "params": {"a_c_1": 20.0, "a_c_2": 10.0, "a_mm_0": -40.0, "a_mm_1": -40.0, "a_mm_2": 20.0, "a_mm_3": 20.0, "a_mp_0": 20.0, "a_mp_1": 20.0, "a_mp_2": 20.0, "a_mp_3": 20.0, "a_pm_0": -40.0, "a_pm_1": -40.0, "a_pm_2": 2.617361476347706, "a_pm_3": 20.0, "a_pp_1": -22.241274635699675, "a_pp_2": 20.0, "a_pp_3": 20.0}, "datetime": {"datetime": "2024-07-12 22:55:30", "elapsed": 3459.93427, "delta": 12.096995}}
{"target": -3139.50509427853, "params": {"a_c_1": 0.0, "a_c_2": 10.0, "a_mm_0": -40.0, "a_mm_1": -40.0, "a_mm_2": -32.49236392353146, "a_mm_3": 20.0, "a_mp_0": 20.0, "a_mp_1": 20.0, "a_mp_2": 20.0, "a_mp_3": 20.0, "a_pm_0": 20.0, "a_pm_1": 20.0, "a_pm_2": 20.0, "a_pm_3": 20.0, "a_pp_1": 20.0, "a_pp_2": 20.0, "a_pp_3": 20.0}, "datetime": {"datetime": "2024-07-12 22:55:33", "elapsed": 3485.087515, "delta": 13.445769}}
{"target": -51965.58346566316, "params": {"a_c_1": 20.0, "a_c_2": 10.0, "a_mm_0": 20.0, "a_mm_1": 20.0, "a_mm_2": -40.0, "a_mm_3": 20.0, "a_mp_0": 20.0, "a_mp_1": -40.0, "a_mp_2": 20.0, "a_mp_3": 20.0, "a_pm_0": 20.0, "a_pm_1": 20.0, "a_pm_2": 20.0, "a_pm_3": -30.893390176628262, "a_pp_1": -40.0, "a_pp_2": 20.0, "a_pp_3": 20.0}, "datetime": {"datetime": "2024-07-12 22:55:34", "elapsed": 3443.04137, "delta": 12.841003}}
{"target": -48507.653563360596, "params": {"a_c_1": 20.0, "a_c_2": 10.0, "a_mm_0": -40.0, "a_mm_1": 20.0, "a_mm_2": 20.0, "a_mm_3": -28.385704732617974, "a_mp_0": -40.0, "a_mp_1": -40.0, "a_mp_2": 20.0, "a_mp_3": 20.0, "a_pm_0": 20.0, "a_pm_1": 20.0, "a_pm_2": -40.0, "a_pm_3": 20.0, "a_pp_1": -0.4832777358104982, "a_pp_2": 20.0, "a_pp_3": 20.0}, "datetime": {"datetime": "2024-07-12 22:55:37", "elapsed": 3424.391735, "delta": 12.098997}}
{"target": -14746.572988915666, "params": {"a_c_1": 20.0, "a_c_2": 10.0, "a_mm_0": -40.0, "a_mm_1": -40.0, "a_mm_2": 20.0, "a_mm_3": 20.0, "a_mp_0": -40.0, "a_mp_1": 20.0, "a_mp_2": 20.0, "a_mp_3": 20.0, "a_pm_0": 20.0, "a_pm_1": 20.0, "a_pm_2": 20.0, "a_pm_3": 20.0, "a_pp_1": -40.0, "a_pp_2": 20.0, "a_pp_3": -2.1958863894369336}, "datetime": {"datetime": "2024-07-12 22:55:40", "elapsed": 3469.606841, "delta": 9.672571}}
{"target": -6136.475701102298, "params": {"a_c_1": 0.0, "a_c_2": 10.0, "a_mm_0": -40.0, "a_mm_1": 20.0, "a_mm_2": -18.759833788034175, "a_mm_3": 20.0, "a_mp_0": -40.0, "a_mp_1": -4.789286395827811, "a_mp_2": 20.0, "a_mp_3": -8.94084901684532, "a_pm_0": 20.0, "a_pm_1": -3.82583521634774, "a_pm_2": -12.074751552645795, "a_pm_3": 4.376401596355094, "a_pp_1": 20.0, "a_pp_2": 20.0, "a_pp_3": 20.0}, "datetime": {"datetime": "2024-07-12 22:55:40", "elapsed": 3591.169457, "delta": 12.186684}}
{"target": -137414.0964840511, "params": {"a_c_1": 8.808667301757072, "a_c_2": 6.301802611681071, "a_mm_0": 8.50291499438, "a_mm_1": 8.305578929450391, "a_mm_2": -32.459312421698584, "a_mm_3": -10.972669335004941, "a_mp_0": -24.20584315776983, "a_mp_1": 8.382854509090656, "a_mp_2": 17.44228810060776, "a_mp_3": -27.56269554864101, "a_pm_0": -32.209237803641436, "a_pm_1": 19.479465973042608, "a_pm_2": 7.906666059219567, "a_pm_3": -23.200439970634257, "a_pp_1": -24.465286701453056, "a_pp_2": -8.493388135521823, "a_pp_3": -2.930281056657101}, "datetime": {"datetime": "2024-07-12 22:55:41", "elapsed": 3493.150812, "delta": 8.063297}}
{"target": -1886.5784094933772, "params": {"a_c_1": 0.0, "a_c_2": 10.0, "a_mm_0": 20.0, "a_mm_1": 20.0, "a_mm_2": 20.0, "a_mm_3": 20.0, "a_mp_0": -40.0, "a_mp_1": -40.0, "a_mp_2": 20.0, "a_mp_3": 20.0, "a_pm_0": -40.0, "a_pm_1": 20.0, "a_pm_2": 20.0, "a_pm_3": 20.0, "a_pp_1": 20.0, "a_pp_2": 20.0, "a_pp_3": 20.0}, "datetime": {"datetime": "2024-07-12 22:55:44", "elapsed": 3452.642337, "delta": 9.600967}}
{"target": -1373.9181827268958, "params": {"a_c_1": 20.0, "a_c_2": 10.0, "a_mm_0": 20.0, "a_mm_1": 20.0, "a_mm_2": 20.0, "a_mm_3": 20.0, "a_mp_0": -40.0, "a_mp_1": 20.0, "a_mp_2": 20.0, "a_mp_3": 20.0, "a_pm_0": -40.0, "a_pm_1": -40.0, "a_pm_2": 20.0, "a_pm_3": 20.0, "a_pp_1": 20.0, "a_pp_2": 20.0, "a_pp_3": 20.0}, "datetime": {"datetime": "2024-07-12 22:55:45", "elapsed": 3432.810034, "delta": 8.418299}}
{"target": -199173.87862488165, "params": {"a_c_1": 19.88498596280913, "a_c_2": 3.0348352329761044, "a_mm_0": 19.92484619563981, "a_mm_1": 11.022551476260055, "a_mm_2": 18.99785511557264, "a_mm_3": -38.68620484022067, "a_mp_0": -11.650578136434959, "a_mp_1": -37.225777311228434, "a_mp_2": 1.3017412927124283, "a_mp_3": 5.637075501119419, "a_pm_0": -23.482523400930752, "a_pm_1": 4.010760225625056, "a_pm_2": 13.274075444634, "a_pm_3": 14.466430617940794, "a_pp_1": -35.122444311041804, "a_pp_2": -8.401845108981657, "a_pp_3": -29.757809576626027}, "datetime": {"datetime": "2024-07-12 22:55:50", "elapsed": 3502.507644, "delta": 9.356832}}
{"target": -6617.423939513863, "params": {"a_c_1": 0.0, "a_c_2": 10.0, "a_mm_0": 20.0, "a_mm_1": -40.0, "a_mm_2": 20.0, "a_mm_3": 20.0, "a_mp_0": 20.0, "a_mp_1": -40.0, "a_mp_2": -40.0, "a_mp_3": 20.0, "a_pm_0": 20.0, "a_pm_1": 20.0, "a_pm_2": 20.0, "a_pm_3": 20.0, "a_pp_1": 20.0, "a_pp_2": 20.0, "a_pp_3": 20.0}, "datetime": {"datetime": "2024-07-12 22:55:50", "elapsed": 3601.523014, "delta": 10.353557}}
{"target": -5665.131743582079, "params": {"a_c_1": 0.0, "a_c_2": 10.0, "a_mm_0": 20.0, "a_mm_1": 20.0, "a_mm_2": 20.0, "a_mm_3": 20.0, "a_mp_0": -40.0, "a_mp_1": -40.0, "a_mp_2": 20.0, "a_mp_3": 20.0, "a_pm_0": 20.0, "a_pm_1": -40.0, "a_pm_2": -40.0, "a_pm_3": 20.0, "a_pp_1": 20.0, "a_pp_2": 20.0, "a_pp_3": 20.0}, "datetime": {"datetime": "2024-07-12 22:55:52", "elapsed": 3481.642091, "delta": 12.03525}}
{"target": -288791.9741643539, "params": {"a_c_1": 11.900723182396346, "a_c_2": 0.5455531580741313, "a_mm_0": -3.959983352303169, "a_mm_1": -7.053056255264096, "a_mm_2": -5.818669021993593, "a_mm_3": -6.415992427809968, "a_mp_0": 8.245403064899875, "a_mp_1": 11.333142359945484, "a_mp_2": 19.421582778401046, "a_mp_3": -39.144120335888346, "a_pm_0": 17.011655425915777, "a_pm_1": -19.28909051926257, "a_pm_2": -33.009553560831655, "a_pm_3": -20.63911282474863, "a_pp_1": -11.636737972534867, "a_pp_2": 4.136264488681206, "a_pp_3": -37.80222712546892}, "datetime": {"datetime": "2024-07-12 22:55:53", "elapsed": 3461.500158, "delta": 8.857821}}
{"target": -453177.20655981643, "params": {"a_c_1": 13.210471666618398, "a_c_2": 4.4677082606473455, "a_mm_0": -35.381256568335296, "a_mm_1": 9.322059260281208, "a_mm_2": -34.779152968879416, "a_mm_3": -4.296880326867658, "a_mp_0": -34.57867854548067, "a_mp_1": -1.8392690288638747, "a_mp_2": -19.37326035815152, "a_mp_3": -36.21542652241134, "a_pm_0": 11.75434446550205, "a_pm_1": -18.18645356179753, "a_pm_2": -32.895686877832084, "a_pm_3": -17.725132961264087, "a_pp_1": 16.419849369785517, "a_pp_2": -33.24492044874009, "a_pp_3": 13.568361320978731}, "datetime": {"datetime": "2024-07-12 22:55:53", "elapsed": 3440.867669, "delta": 8.057635}}
{"target": -10759.392178826472, "params": {"a_c_1": 20.0, "a_c_2": 10.0, "a_mm_0": -3.5768711566600104, "a_mm_1": 20.0, "a_mm_2": 20.0, "a_mm_3": 20.0, "a_mp_0": -5.434037576888615, "a_mp_1": -13.087324055653317, "a_mp_2": -11.333742605833008, "a_mp_3": -11.75218630860841, "a_pm_0": 20.0, "a_pm_1": -32.719457210822355, "a_pm_2": 20.0, "a_pm_3": 20.0, "a_pp_1": -9.630251805138567, "a_pp_2": 5.968015259422062, "a_pp_3": -10.090404253831707}, "datetime": {"datetime": "2024-07-12 22:55:59", "elapsed": 3511.528897, "delta": 9.021253}}
{"target": -988.2622942825595, "params": {"a_c_1": 0.0, "a_c_2": 10.0, "a_mm_0": 20.0, "a_mm_1": 20.0, "a_mm_2": 20.0, "a_mm_3": 20.0, "a_mp_0": 20.0, "a_mp_1": 20.0, "a_mp_2": 20.0, "a_mp_3": 20.0, "a_pm_0": 20.0, "a_pm_1": 20.0, "a_pm_2": -7.037679426214961, "a_pm_3": 20.0, "a_pp_1": 20.0, "a_pp_2": -10.326582299416161, "a_pp_3": 20.0}, "datetime": {"datetime": "2024-07-12 22:56:00", "elapsed": 3610.945892, "delta": 9.422878}}
{"target": -94379.38425072552, "params": {"a_c_1": 15.635083345660219, "a_c_2": 6.28344045911534, "a_mm_0": 16.206738612541912, "a_mm_1": -4.16031900140073, "a_mm_2": 18.134828928872743, "a_mm_3": -7.301120408043964, "a_mp_0": -14.581148819832247, "a_mp_1": -5.9781562194209314, "a_mp_2": -22.389241734033618, "a_mp_3": -3.983349954470306, "a_pm_0": 12.192715772409954, "a_pm_1": -10.446882899863262, "a_pm_2": 16.74974149255987, "a_pm_3": -19.933114211429487, "a_pp_1": -9.80277287593833, "a_pp_2": 5.706073402360978, "a_pp_3": -28.560643237186717}, "datetime": {"datetime": "2024-07-12 22:56:02", "elapsed": 3449.867486, "delta": 8.999817}}
{"target": -15343.811901787316, "params": {"a_c_1": 20.0, "a_c_2": 10.0, "a_mm_0": 20.0, "a_mm_1": -40.0, "a_mm_2": 20.0, "a_mm_3": -0.36868314630374077, "a_mp_0": 20.0, "a_mp_1": 20.0, "a_mp_2": -40.0, "a_mp_3": -8.498161086087759, "a_pm_0": -40.0, "a_pm_1": 20.0, "a_pm_2": 20.0, "a_pm_3": 20.0, "a_pp_1": -40.0, "a_pp_2": 20.0, "a_pp_3": 20.0}, "datetime": {"datetime": "2024-07-12 22:56:05", "elapsed": 3473.219044, "delta": 11.718886}}
