{"target": -27487.26282240732, "params": {"a_c_1": 14.782869010723266, "a_c_2": 9.821515075865513, "a_mm_0": -26.62928933608636, "a_mm_1": 10.093687294612224, "a_mm_2": -25.1233492541006, "a_mm_3": 3.0627430223433123, "a_mp_0": -37.51129917799204, "a_mp_1": -25.270295295290136, "a_mp_2": -11.893754449166739, "a_mp_3": -4.048785055596731, "a_pm_0": -7.161996166646439, "a_pm_1": -4.104433738518878, "a_pm_2": -1.471646474780158, "a_pm_3": 9.300050698829182, "a_pp_1": -19.783635206748436, "a_pp_2": 17.01735570525195, "a_pp_3": 6.262329405476898}, "datetime": {"datetime": "2024-07-12 23:00:59", "elapsed": 3746.340139, "delta": 10.354909}}
{"target": -9196.980954722732, "params": {"a_c_1": 0.0, "a_c_2": 10.0, "a_mm_0": 20.0, "a_mm_1": -40.0, "a_mm_2": 20.0, "a_mm_3": 20.0, "a_mp_0": -40.0, "a_mp_1": 20.0, "a_mp_2": -16.80612703111986, "a_mp_3": 20.0, "a_pm_0": 20.0, "a_pm_1": 20.0, "a_pm_2": -21.45531205441409, "a_pm_3": -19.768232057649648, "a_pp_1": 20.0, "a_pp_2": 20.0, "a_pp_3": 20.0}, "datetime": {"datetime": "2024-07-12 23:00:59", "elapsed": 3910.022309, "delta": 13.702218}}
{"target": -5582.583632325013, "params": {"a_c_1": 0.0, "a_c_2": 10.0, "a_mm_0": 20.0, "a_mm_1": -40.0, "a_mm_2": 20.0, "a_mm_3": 20.0, "a_mp_0": 20.0, "a_mp_1": 20.0, "a_mp_2": 20.0, "a_mp_3": 20.0, "a_pm_0": 20.0, "a_pm_1": -40.0, "a_pm_2": -40.0, "a_pm_3": 20.0, "a_pp_1": 20.0, "a_pp_2": 20.0, "a_pp_3": 20.0}, "datetime": {"datetime": "2024-07-12 23:01:04", "elapsed": 3793.804111, "delta": 12.727285}}
{"target": -198132.2326050947, "params": {"a_c_1": 13.175056900080733, "a_c_2": 1.9614127573965845, "a_mm_0": -23.685236767258477, "a_mm_1": 17.090973187201236, "a_mm_2": -10.401584621393646, "a_mm_3": -36.30663335140104, "a_mp_0": -32.50068770181978, "a_mp_1": -5.769082097969985, "a_mp_2": -15.43244282406864, "a_mp_3": -5.874051701167936, "a_pm_0": 1.8962374396592736, "a_pm_1": 14.663686252103147, "a_pm_2": -18.05073023806345, "a_pm_3": 3.6871049629952637, "a_pp_1": -31.04562362410684, "a_pp_2": -22.019070677616387, "a_pp_3": -23.35624768230568}, "datetime": {"datetime": "2024-07-12 23:01:04", "elapsed": 3772.905243, "delta": 9.014637}}
{"target": -1755.7377523435703, "params": {"a_c_1": 20.0, "a_c_2": 0.0, "a_mm_0": -40.0, "a_mm_1": 20.0, "a_mm_2": 20.0, "a_mm_3": 20.0, "a_mp_0": 20.0, "a_mp_1": 20.0, "a_mp_2": 20.0, "a_mp_3": 20.0, "a_pm_0": 20.0, "a_pm_1": 20.0, "a_pm_2": 20.0, "a_pm_3": 20.0, "a_pp_1": -40.0, "a_pp_2": 20.0, "a_pp_3": 20.0}, "datetime": {"datetime": "2024-07-12 23:01:09", "elapsed": 3821.336696, "delta": 10.33507}}
{"target": -14863.660272084338, "params": {"a_c_1": 9.926383738384473, "a_c_2": 5.774786602067316, "a_mm_0": -20.46457854066016, "a_mm_1": -24.935632198565614, "a_mm_2": 3.3463529599726485, "a_mm_3": -5.786016205540719, "a_mp_0": -27.8780178593967, "a_mp_1": -9.537682010726439, "a_mp_2": 7.9861976727101975, "a_mp_3": -23.962680956730146, "a_pm_0": -38.11427447458402, "a_pm_1": -6.022505077470292, "a_pm_2": 14.953478763038191, "a_pm_3": 11.643714463487967, "a_pp_1": -1.765222720559855, "a_pp_2": 11.183450470792863, "a_pp_3": 12.568779833825765}, "datetime": {"datetime": "2024-07-12 23:01:11", "elapsed": 3758.065132, "delta": 11.724993}}
{"target": -11520.06673166469, "params": {"a_c_1": 0.0, "a_c_2": 10.0, "a_mm_0": -12.004194880977975, "a_mm_1": -12.90959102740943, "a_mm_2": -6.908699337882299, "a_mm_3": 20.0, "a_mp_0": -20.55980180762569, "a_mp_1": -40.0, "a_mp_2": -8.807724960681012, "a_mp_3": 20.0, "a_pm_0": 20.0, "a_pm_1": 20.0, "a_pm_2": 20.0, "a_pm_3": -12.31870373795343, "a_pp_1": 20.0, "a_pp_2": 20.0, "a_pp_3": 2.942487767419425}, "datetime": {"datetime": "2024-07-12 23:01:12", "elapsed": 3923.580219, "delta": 13.55791}}
{"target": -33706.97865322031, "params": {"a_c_1": 20.0, "a_c_2": 10.0, "a_mm_0": 20.0, "a_mm_1": -40.0, "a_mm_2": 20.0, "a_mm_3": 20.0, "a_mp_0": -40.0, "a_mp_1": -40.0, "a_mp_2": -34.7459441607675, "a_mp_3": 20.0, "a_pm_0": 20.0, "a_pm_1": -31.383315069459403, "a_pm_2": 20.0, "a_pm_3": 20.0, "a_pp_1": 20.0, "a_pp_2": 20.0, "a_pp_3": 20.0}, "datetime": {"datetime": "2024-07-12 23:01:14", "elapsed": 3782.767, "delta": 9.861757}}
{"target": -14359.026276830393, "params": {"a_c_1": 20.0, "a_c_2": 10.0, "a_mm_0": 20.0, "a_mm_1": -40.0, "a_mm_2": 20.0, "a_mm_3": 20.0, "a_mp_0": -40.0, "a_mp_1": 20.0, "a_mp_2": 20.0, "a_mp_3": 20.0, "a_pm_0": -40.0, "a_pm_1": -40.0, "a_pm_2": 20.0, "a_pm_3": 20.0, "a_pp_1": -40.0, "a_pp_2": 20.0, "a_pp_3": 20.0}, "datetime": {"datetime": "2024-07-12 23:01:14", "elapsed": 3804.107371, "delta": 10.30326}}
{"target": -8684.512283333306, "params": {"a_c_1": 20.0, "a_c_2": 10.0, "a_mm_0": -5.720800797256918, "a_mm_1": 20.0, "a_mm_2": -4.203350568732188, "a_mm_3": 20.0, "a_mp_0": 20.0, "a_mp_1": 3.6712826733897312, "a_mp_2": -24.980815854980605, "a_mp_3": 20.0, "a_pm_0": -14.900807325322045, "a_pm_1": -18.0018227352397, "a_pm_2": 20.0, "a_pm_3": -6.04545852614908, "a_pp_1": 6.488083855397026, "a_pp_2": -3.789756441138236, "a_pp_3": -0.5228333320054064}, "datetime": {"datetime": "2024-07-12 23:01:21", "elapsed": 3833.360948, "delta": 12.024252}}
{"target": -27630.112525866698, "params": {"a_c_1": 20.0, "a_c_2": 10.0, "a_mm_0": 20.0, "a_mm_1": -40.0, "a_mm_2": 20.0, "a_mm_3": 20.0, "a_mp_0": 20.0, "a_mp_1": 20.0, "a_mp_2": 20.0, "a_mp_3": -37.689737344932034, "a_pm_0": 20.0, "a_pm_1": -40.0, "a_pm_2": 20.0, "a_pm_3": 20.0, "a_pp_1": 20.0, "a_pp_2": 20.0, "a_pp_3": 20.0}, "datetime": {"datetime": "2024-07-12 23:01:22", "elapsed": 3768.963085, "delta": 10.897953}}
{"target": -67847.97894049688, "params": {"a_c_1": 7.1583886495846505, "a_c_2": 2.435756807569401, "a_mm_0": 0.4538196644128121, "a_mm_1": 14.485473960627367, "a_mm_2": -20.781358505944237, "a_mm_3": -4.701936550436528, "a_mp_0": -1.5625429866657612, "a_mp_1": -6.617982210560214, "a_mp_2": 7.826879252119255, "a_mp_3": 18.524463235874663, "a_pm_0": 7.200978394473246, "a_pm_1": 2.5271239860945656, "a_pm_2": 12.739257451376218, "a_pm_3": 8.184912908218216, "a_pp_1": -29.91778475186875, "a_pp_2": 1.3940745370675245, "a_pp_3": -29.473923816020015}, "datetime": {"datetime": "2024-07-12 23:01:23", "elapsed": 3791.62062, "delta": 8.85362}}
{"target": -7065.672040356345, "params": {"a_c_1": 20.0, "a_c_2": 10.0, "a_mm_0": -40.0, "a_mm_1": -40.0, "a_mm_2": 20.0, "a_mm_3": 20.0, "a_mp_0": -40.0, "a_mp_1": 20.0, "a_mp_2": -40.0, "a_mp_3": 20.0, "a_pm_0": -40.0, "a_pm_1": 20.0, "a_pm_2": 20.0, "a_pm_3": 20.0, "a_pp_1": 20.0, "a_pp_2": 20.0, "a_pp_3": 20.0}, "datetime": {"datetime": "2024-07-12 23:01:24", "elapsed": 3935.084751, "delta": 11.504532}}
{"target": -18663.782852534016, "params": {"a_c_1": 20.0, "a_c_2": 10.0, "a_mm_0": -40.0, "a_mm_1": 20.0, "a_mm_2": 20.0, "a_mm_3": 20.0, "a_mp_0": -12.69092175872005, "a_mp_1": 20.0, "a_mp_2": -32.21976853143726, "a_mp_3": -23.002990342335323, "a_pm_0": 20.0, "a_pm_1": 20.0, "a_pm_2": -5.071486347535459, "a_pm_3": 20.0, "a_pp_1": -40.0, "a_pp_2": 20.0, "a_pp_3": 20.0}, "datetime": {"datetime": "2024-07-12 23:01:26", "elapsed": 3815.277862, "delta": 11.170491}}
{"target": -1243.7593791731758, "params": {"a_c_1": 0.0, "a_c_2": 10.0, "a_mm_0": 20.0, "a_mm_1": 20.0, "a_mm_2": 20.0, "a_mm_3": 20.0, "a_mp_0": 20.0, "a_mp_1": 20.0, "a_mp_2": 20.0, "a_mp_3": 20.0, "a_pm_0": 20.0, "a_pm_1": -40.0, "a_pm_2": 20.0, "a_pm_3": 20.0, "a_pp_1": 20.0, "a_pp_2": 20.0, "a_pp_3": 20.0}, "datetime": {"datetime": "2024-07-12 23:01:31", "elapsed": 3778.825652, "delta": 9.862567}}
{"target": -5112.02606046641, "params": {"a_c_1": 0.0, "a_c_2": 0.0, "a_mm_0": -40.0, "a_mm_1": 20.0, "a_mm_2": 20.0, "a_mm_3": -7.5889393250796635, "a_mp_0": 20.0, "a_mp_1": -40.0, "a_mp_2": -14.45878934843966, "a_mp_3": 20.0, "a_pm_0": 20.0, "a_pm_1": 20.0, "a_pm_2": -14.071497803055795, "a_pm_3": 20.0, "a_pp_1": 20.0, "a_pp_2": 20.0, "a_pp_3": 20.0}, "datetime": {"datetime": "2024-07-12 23:01:32", "elapsed": 3844.199939, "delta": 10.838991}}
{"target": -11694.906983765597, "params": {"a_c_1": 20.0, "a_c_2": 10.0, "a_mm_0": 20.0, "a_mm_1": -40.0, "a_mm_2": 20.0, "a_mm_3": 20.0, "a_mp_0": 20.0, "a_mp_1": 20.0, "a_mp_2": 20.0, "a_mp_3": 20.0, "a_pm_0": -40.0, "a_pm_1": -40.0, "a_pm_2": 20.0, "a_pm_3": 20.0, "a_pp_1": -40.0, "a_pp_2": 20.0, "a_pp_3": 20.0}, "datetime": {"datetime": "2024-07-12 23:01:34", "elapsed": 3802.833763, "delta": 11.213143}}
{"target": -5772.757488673548, "params": {"a_c_1": 0.0, "a_c_2": 10.0, "a_mm_0": -40.0, "a_mm_1": 20.0, "a_mm_2": -2.3252084252784972, "a_mm_3": -8.755481497998131, "a_mp_0": -40.0, "a_mp_1": -40.0, "a_mp_2": -40.0, "a_mp_3": 20.0, "a_pm_0": 20.0, "a_pm_1": 20.0, "a_pm_2": 20.0, "a_pm_3": 20.0, "a_pp_1": 20.0, "a_pp_2": 20.0, "a_pp_3": 20.0}, "datetime": {"datetime": "2024-07-12 23:01:36", "elapsed": 3947.42951, "delta": 12.344759}}
{"target": -6195.936996515385, "params": {"a_c_1": 0.0, "a_c_2": 10.0, "a_mm_0": 20.0, "a_mm_1": 20.0, "a_mm_2": 20.0, "a_mm_3": 20.0, "a_mp_0": 20.0, "a_mp_1": -40.0, "a_mp_2": 20.0, "a_mp_3": 20.0, "a_pm_0": -40.0, "a_pm_1": 20.0, "a_pm_2": -40.0, "a_pm_3": 20.0, "a_pp_1": 20.0, "a_pp_2": 20.0, "a_pp_3": 20.0}, "datetime": {"datetime": "2024-07-12 23:01:38", "elapsed": 3827.52014, "delta": 12.242278}}
{"target": -135083.6039290395, "params": {"a_c_1": 15.25702797697254, "a_c_2": 6.275690498566011, "a_mm_0": -10.241837044065687, "a_mm_1": 0.7796448020460574, "a_mm_2": -5.014564958352487, "a_mm_3": -16.844922324071636, "a_mp_0": -20.27808147505562, "a_mp_1": 9.24242931534421, "a_mp_2": -31.716592393323662, "a_mp_3": -6.8076180444793835, "a_pm_0": -16.405768339333438, "a_pm_1": -14.169158650152589, "a_pm_2": -15.10923111397878, "a_pm_3": 16.274131194341585, "a_pp_1": 15.935928750098896, "a_pp_2": 17.924739472593075, "a_pp_3": -33.719100202146954}, "datetime": {"datetime": "2024-07-12 23:01:41", "elapsed": 3853.579651, "delta": 9.379712}}
{"target": -349456.79511714843, "params": {"a_c_1": 4.6459233031867235, "a_c_2": 4.905010514018304, "a_mm_0": -32.634631266019056, "a_mm_1": 14.32482707501417, "a_mm_2": -5.1178257141828, "a_mm_3": -36.23385930976654, "a_mp_0": -13.065443316788048, "a_mp_1": 18.163729949353268, "a_mp_2": -37.35185679461927, "a_mp_3": -35.40508303508113, "a_pm_0": -39.32980126216007, "a_pm_1": 7.34877309402097, "a_pm_2": -5.670979027193809, "a_pm_3": -37.47326850154308, "a_pp_1": -12.976570503721724, "a_pp_2": -10.120576485110753, "a_pp_3": 9.020025109815457}, "datetime": {"datetime": "2024-07-12 23:01:42", "elapsed": 3810.370747, "delta": 7.536984}}
{"target": -13131.948597490176, "params": {"a_c_1": 0.0, "a_c_2": 10.0, "a_mm_0": -40.0, "a_mm_1": -40.0, "a_mm_2": 20.0, "a_mm_3": -17.55704251697184, "a_mp_0": 20.0, "a_mp_1": -40.0, "a_mp_2": 20.0, "a_mp_3": 20.0, "a_pm_0": -40.0, "a_pm_1": 6.875065400471043, "a_pm_2": 20.0, "a_pm_3": 20.0, "a_pp_1": 20.0, "a_pp_2": 20.0, "a_pp_3": 20.0}, "datetime": {"datetime": "2024-07-12 23:01:46", "elapsed": 3793.197517, "delta": 14.371865}}
{"target": -16985.47044283141, "params": {"a_c_1": 20.0, "a_c_2": 10.0, "a_mm_0": 6.864791689242885, "a_mm_1": -40.0, "a_mm_2": 20.0, "a_mm_3": 20.0, "a_mp_0": -13.99879777960345, "a_mp_1": -13.306928090565858, "a_mp_2": -17.35425407615095, "a_mp_3": 20.0, "a_pm_0": -40.0, "a_pm_1": 20.0, "a_pm_2": 20.0, "a_pm_3": 1.0509464930654915, "a_pp_1": -4.310781728473804, "a_pp_2": 2.09072958300812, "a_pp_3": -10.974946331510756}, "datetime": {"datetime": "2024-07-12 23:01:47", "elapsed": 3958.169628, "delta": 10.740118}}
{"target": -66960.54321896464, "params": {"a_c_1": 20.0, "a_c_2": 10.0, "a_mm_0": -40.0, "a_mm_1": 20.0, "a_mm_2": -40.0, "a_mm_3": 20.0, "a_mp_0": 20.0, "a_mp_1": 20.0, "a_mp_2": 20.0, "a_mp_3": 20.0, "a_pm_0": 20.0, "a_pm_1": 20.0, "a_pm_2": 20.0, "a_pm_3": -40.0, "a_pp_1": 20.0, "a_pp_2": -14.389927537518437, "a_pp_3": 20.0}, "datetime": {"datetime": "2024-07-12 23:01:50", "elapsed": 3839.558486, "delta": 12.038346}}
{"target": -17601.800229986533, "params": {"a_c_1": 20.0, "a_c_2": 10.0, "a_mm_0": 20.0, "a_mm_1": 3.3114387681309903, "a_mm_2": 20.0, "a_mm_3": 20.0, "a_mp_0": 20.0, "a_mp_1": 20.0, "a_mp_2": 20.0, "a_mp_3": -10.591374844790636, "a_pm_0": 20.0, "a_pm_1": 20.0, "a_pm_2": 20.0, "a_pm_3": -26.577253864376928, "a_pp_1": -40.0, "a_pp_2": -17.570665535990567, "a_pp_3": 20.0}, "datetime": {"datetime": "2024-07-12 23:01:53", "elapsed": 3864.857905, "delta": 11.278254}}
{"target": -14636.171653360005, "params": {"a_c_1": 20.0, "a_c_2": 0.0, "a_mm_0": -40.0, "a_mm_1": 20.0, "a_mm_2": 20.0, "a_mm_3": 20.0, "a_mp_0": 20.0, "a_mp_1": -40.0, "a_mp_2": 20.0, "a_mp_3": 20.0, "a_pm_0": 20.0, "a_pm_1": -40.0, "a_pm_2": 1.390390647865082, "a_pm_3": 20.0, "a_pp_1": 20.0, "a_pp_2": 20.0, "a_pp_3": 20.0}, "datetime": {"datetime": "2024-07-12 23:01:53", "elapsed": 3821.701581, "delta": 11.330834}}
{"target": -726.0117958997965, "params": {"a_c_1": 20.0, "a_c_2": 10.0, "a_mm_0": -40.0, "a_mm_1": 20.0, "a_mm_2": 20.0, "a_mm_3": 20.0, "a_mp_0": 20.0, "a_mp_1": 20.0, "a_mp_2": 20.0, "a_mp_3": 20.0, "a_pm_0": 20.0, "a_pm_1": 20.0, "a_pm_2": 20.0, "a_pm_3": 20.0, "a_pp_1": -40.0, "a_pp_2": 20.0, "a_pp_3": 20.0}, "datetime": {"datetime": "2024-07-12 23:01:56", "elapsed": 3803.797619, "delta": 10.600102}}
{"target": -26740.139300808212, "params": {"a_c_1": 0.0, "a_c_2": 10.0, "a_mm_0": -40.0, "a_mm_1": 20.0, "a_mm_2": -40.0, "a_mm_3": 20.0, "a_mp_0": 20.0, "a_mp_1": 20.0, "a_mp_2": 20.0, "a_mp_3": -20.499932175575694, "a_pm_0": 20.0, "a_pm_1": 20.0, "a_pm_2": 20.0, "a_pm_3": -18.626413398184997, "a_pp_1": 20.0, "a_pp_2": -0.71739317905656, "a_pp_3": 20.0}, "datetime": {"datetime": "2024-07-12 23:01:59", "elapsed": 3970.195769, "delta": 12.026141}}
{"target": -1535.3994538042234, "params": {"a_c_1": 20.0, "a_c_2": 0.0, "a_mm_0": -40.0, "a_mm_1": 20.0, "a_mm_2": 20.0, "a_mm_3": 20.0, "a_mp_0": -40.0, "a_mp_1": 20.0, "a_mp_2": 20.0, "a_mp_3": 20.0, "a_pm_0": 20.0, "a_pm_1": 20.0, "a_pm_2": 20.0, "a_pm_3": 20.0, "a_pp_1": 20.0, "a_pp_2": 20.0, "a_pp_3": 20.0}, "datetime": {"datetime": "2024-07-12 23:02:00", "elapsed": 3872.636864, "delta": 7.778959}}
{"target": -2063.8638094576904, "params": {"a_c_1": 0.0, "a_c_2": 10.0, "a_mm_0": -40.0, "a_mm_1": 20.0, "a_mm_2": -14.740930470357709, "a_mm_3": 20.0, "a_mp_0": -40.0, "a_mp_1": 20.0, "a_mp_2": 20.0, "a_mp_3": 20.0, "a_pm_0": 20.0, "a_pm_1": 20.0, "a_pm_2": 20.0, "a_pm_3": 20.0, "a_pp_1": -40.0, "a_pp_2": 20.0, "a_pp_3": 20.0}, "datetime": {"datetime": "2024-07-12 23:02:02", "elapsed": 3851.3345, "delta": 11.776014}}
{"target": -349019.2140599797, "params": {"a_c_1": 13.6018653414996, "a_c_2": 4.33737153234263, "a_mm_0": 14.939185467882503, "a_mm_1": -36.6324202678691, "a_mm_2": -35.89088493957704, "a_mm_3": -19.917646905666135, "a_mp_0": -2.9358867934734434, "a_mp_1": 19.997339162086753, "a_mp_2": -34.33676442179382, "a_mp_3": -20.97076062801844, "a_pm_0": -16.543419415657144, "a_pm_1": -28.97957737610013, "a_pm_2": -19.22618385539095, "a_pm_3": 14.325854962537115, "a_pp_1": -7.2415525633131494, "a_pp_2": -17.436214842884898, "a_pp_3": -20.209835113568218}, "datetime": {"datetime": "2024-07-12 23:02:06", "elapsed": 3813.443601, "delta": 9.645982}}
{"target": -13083.234422207703, "params": {"a_c_1": 20.0, "a_c_2": 10.0, "a_mm_0": 20.0, "a_mm_1": 20.0, "a_mm_2": -16.868456814647825, "a_mm_3": 20.0, "a_mp_0": 20.0, "a_mp_1": 20.0, "a_mp_2": 20.0, "a_mp_3": 20.0, "a_pm_0": -40.0, "a_pm_1": -40.0, "a_pm_2": 20.0, "a_pm_3": 20.0, "a_pp_1": -40.0, "a_pp_2": 20.0, "a_pp_3": 20.0}, "datetime": {"datetime": "2024-07-12 23:02:07", "elapsed": 3835.719003, "delta": 14.017422}}
{"target": -101607.81093788419, "params": {"a_c_1": 12.874731875724141, "a_c_2": 7.4295295849829435, "a_mm_0": -6.083596797798201, "a_mm_1": 18.690536623846633, "a_mm_2": -20.758419762756834, "a_mm_3": -22.130469542660975, "a_mp_0": 7.608538998436714, "a_mp_1": 10.596589723152434, "a_mp_2": -19.38660777048156, "a_mp_3": -0.23823183901347278, "a_pm_0": -25.73267239648798, "a_pm_1": 0.04315527193694635, "a_pm_2": -4.7425686086828165, "a_pm_3": -27.616840592014785, "a_pp_1": -10.67878360745371, "a_pp_2": -8.892259211201345, "a_pp_3": -2.1303039465702724}, "datetime": {"datetime": "2024-07-12 23:02:09", "elapsed": 3881.316205, "delta": 8.679341}}
{"target": -38769.63238751089, "params": {"a_c_1": 0.0, "a_c_2": 10.0, "a_mm_0": 20.0, "a_mm_1": 20.0, "a_mm_2": -40.0, "a_mm_3": 20.0, "a_mp_0": -40.0, "a_mp_1": 20.0, "a_mp_2": -40.0, "a_mp_3": 20.0, "a_pm_0": -40.0, "a_pm_1": 20.0, "a_pm_2": 20.0, "a_pm_3": 20.0, "a_pp_1": 20.0, "a_pp_2": 20.0, "a_pp_3": 20.0}, "datetime": {"datetime": "2024-07-12 23:02:13", "elapsed": 3984.069487, "delta": 13.873718}}
{"target": -5017.9321884509, "params": {"a_c_1": 0.0, "a_c_2": 10.0, "a_mm_0": -40.0, "a_mm_1": 20.0, "a_mm_2": -32.99972448724119, "a_mm_3": 20.0, "a_mp_0": 20.0, "a_mp_1": -40.0, "a_mp_2": 20.0, "a_mp_3": 20.0, "a_pm_0": -40.0, "a_pm_1": 20.0, "a_pm_2": 20.0, "a_pm_3": 20.0, "a_pp_1": -40.0, "a_pp_2": 20.0, "a_pp_3": 20.0}, "datetime": {"datetime": "2024-07-12 23:02:15", "elapsed": 3864.52608, "delta": 13.19158}}
{"target": -70.4487237176155, "params": {"a_c_1": 0.0, "a_c_2": 10.0, "a_mm_0": 20.0, "a_mm_1": 20.0, "a_mm_2": 20.0, "a_mm_3": 20.0, "a_mp_0": 20.0, "a_mp_1": 20.0, "a_mp_2": 20.0, "a_mp_3": 20.0, "a_pm_0": 20.0, "a_pm_1": 20.0, "a_pm_2": 1.0141655344622376, "a_pm_3": 20.0, "a_pp_1": 20.0, "a_pp_2": 20.0, "a_pp_3": 20.0}, "datetime": {"datetime": "2024-07-12 23:02:16", "elapsed": 3844.163541, "delta": 8.444538}}
{"target": -12371.268428516407, "params": {"a_c_1": 20.0, "a_c_2": 10.0, "a_mm_0": 20.0, "a_mm_1": -40.0, "a_mm_2": 20.0, "a_mm_3": 20.0, "a_mp_0": -40.0, "a_mp_1": 20.0, "a_mp_2": 20.0, "a_mp_3": 20.0, "a_pm_0": 20.0, "a_pm_1": -40.0, "a_pm_2": 20.0, "a_pm_3": 20.0, "a_pp_1": 20.0, "a_pp_2": 20.0, "a_pp_3": 20.0}, "datetime": {"datetime": "2024-07-12 23:02:17", "elapsed": 3889.474115, "delta": 8.15791}}
{"target": -4963.766367641347, "params": {"a_c_1": 0.0, "a_c_2": 10.0, "a_mm_0": 20.0, "a_mm_1": -40.0, "a_mm_2": 20.0, "a_mm_3": 20.0, "a_mp_0": 20.0, "a_mp_1": 20.0, "a_mp_2": 20.0, "a_mp_3": 20.0, "a_pm_0": 20.0, "a_pm_1": 20.0, "a_pm_2": -40.0, "a_pm_3": 20.0, "a_pp_1": 20.0, "a_pp_2": 20.0, "a_pp_3": 20.0}, "datetime": {"datetime": "2024-07-12 23:02:17", "elapsed": 3824.899322, "delta": 11.455721}}
{"target": -624.2030940815474, "params": {"a_c_1": 20.0, "a_c_2": 10.0, "a_mm_0": 20.0, "a_mm_1": 20.0, "a_mm_2": 20.0, "a_mm_3": 20.0, "a_mp_0": 20.0, "a_mp_1": 20.0, "a_mp_2": 20.0, "a_mp_3": 20.0, "a_pm_0": 20.0, "a_pm_1": 20.0, "a_pm_2": 20.0, "a_pm_3": 20.0, "a_pp_1": -40.0, "a_pp_2": 20.0, "a_pp_3": 20.0}, "datetime": {"datetime": "2024-07-12 23:02:25", "elapsed": 3853.535105, "delta": 9.371564}}
{"target": -17747.744968415882, "params": {"a_c_1": 0.0, "a_c_2": 10.0, "a_mm_0": 20.0, "a_mm_1": 20.0, "a_mm_2": -40.0, "a_mm_3": 20.0, "a_mp_0": -40.0, "a_mp_1": 20.0, "a_mp_2": -34.72352240058398, "a_mp_3": 20.0, "a_pm_0": 20.0, "a_pm_1": -40.0, "a_pm_2": 20.0, "a_pm_3": 20.0, "a_pp_1": 20.0, "a_pp_2": 20.0, "a_pp_3": 20.0}, "datetime": {"datetime": "2024-07-12 23:02:27", "elapsed": 3997.642033, "delta": 13.572546}}
{"target": -31312.632026684976, "params": {"a_c_1": 20.0, "a_c_2": 10.0, "a_mm_0": -40.0, "a_mm_1": 20.0, "a_mm_2": 20.0, "a_mm_3": 20.0, "a_mp_0": 20.0, "a_mp_1": 20.0, "a_mp_2": 20.0, "a_mp_3": 20.0, "a_pm_0": 20.0, "a_pm_1": 20.0, "a_pm_2": 20.0, "a_pm_3": 20.0, "a_pp_1": 20.0, "a_pp_2": -40.0, "a_pp_3": 20.0}, "datetime": {"datetime": "2024-07-12 23:02:27", "elapsed": 3834.949272, "delta": 10.04995}}
{"target": -13678.825796361569, "params": {"a_c_1": 0.0, "a_c_2": 10.0, "a_mm_0": 20.0, "a_mm_1": -4.08454552204894, "a_mm_2": 20.0, "a_mm_3": -13.117059448521264, "a_mp_0": 20.0, "a_mp_1": 20.0, "a_mp_2": 20.0, "a_mp_3": -7.085499259033794, "a_pm_0": 20.0, "a_pm_1": -35.6392767085677, "a_pm_2": -20.97533703317129, "a_pm_3": 20.0, "a_pp_1": -40.0, "a_pp_2": 20.0, "a_pp_3": 20.0}, "datetime": {"datetime": "2024-07-12 23:02:29", "elapsed": 3900.749654, "delta": 11.275539}}
{"target": -2138.2165727212923, "params": {"a_c_1": 0.0, "a_c_2": 10.0, "a_mm_0": -40.0, "a_mm_1": 20.0, "a_mm_2": -18.23873114221491, "a_mm_3": 20.0, "a_mp_0": 20.0, "a_mp_1": -40.0, "a_mp_2": 20.0, "a_mp_3": 20.0, "a_pm_0": 20.0, "a_pm_1": 20.0, "a_pm_2": -16.88602390084832, "a_pm_3": 20.0, "a_pp_1": 20.0, "a_pp_2": 20.0, "a_pp_3": 20.0}, "datetime": {"datetime": "2024-07-12 23:02:33", "elapsed": 3882.787204, "delta": 18.261124}}
{"target": -1383.5825522959196, "params": {"a_c_1": 20.0, "a_c_2": 0.0, "a_mm_0": 20.0, "a_mm_1": 20.0, "a_mm_2": 20.0, "a_mm_3": 20.0, "a_mp_0": 20.0, "a_mp_1": 20.0, "a_mp_2": 20.0, "a_mp_3": 20.0, "a_pm_0": 20.0, "a_pm_1": 20.0, "a_pm_2": 20.0, "a_pm_3": 20.0, "a_pp_1": -40.0, "a_pp_2": 20.0, "a_pp_3": 20.0}, "datetime": {"datetime": "2024-07-12 23:02:35", "elapsed": 4005.848786, "delta": 8.206753}}
{"target": -32168.863319406857, "params": {"a_c_1": 6.508378011898146, "a_c_2": 9.70107759785249, "a_mm_0": 8.519652042071819, "a_mm_1": 19.078285100578142, "a_mm_2": 0.685416960248638, "a_mm_3": 12.49792327117882, "a_mp_0": -2.4917859996876572, "a_mp_1": 0.06792125865742094, "a_mp_2": 9.82396853456283, "a_mp_3": -7.50808848887565, "a_pm_0": 14.333165889841432, "a_pm_1": 2.4679751551281015, "a_pm_2": 5.118348954608948, "a_pm_3": 14.032792672450718, "a_pp_1": -37.73486469191848, "a_pp_2": 2.503566955720032, "a_pp_3": -25.468299803230877}, "datetime": {"datetime": "2024-07-12 23:02:35", "elapsed": 3863.349852, "delta": 9.814747}}
{"target": -5665.857568445911, "params": {"a_c_1": 20.0, "a_c_2": 10.0, "a_mm_0": 20.0, "a_mm_1": -40.0, "a_mm_2": -40.0, "a_mm_3": 20.0, "a_mp_0": 20.0, "a_mp_1": 20.0, "a_mp_2": 20.0, "a_mp_3": 20.0, "a_pm_0": 20.0, "a_pm_1": -40.0, "a_pm_2": 20.0, "a_pm_3": 20.0, "a_pp_1": 20.0, "a_pp_2": 20.0, "a_pp_3": 20.0}, "datetime": {"datetime": "2024-07-12 23:02:38", "elapsed": 3845.560391, "delta": 10.611119}}
